[2023-04-30 09:03:58,613] {taskinstance.py:1159} INFO - Dependencies all met for <TaskInstance: dag_etl.dim_branch manual__2023-04-30T09:03:00.358280+00:00 [queued]>
[2023-04-30 09:03:58,893] {taskinstance.py:1159} INFO - Dependencies all met for <TaskInstance: dag_etl.dim_branch manual__2023-04-30T09:03:00.358280+00:00 [queued]>
[2023-04-30 09:03:58,903] {taskinstance.py:1356} INFO - 
--------------------------------------------------------------------------------
[2023-04-30 09:03:58,909] {taskinstance.py:1357} INFO - Starting attempt 1 of 6
[2023-04-30 09:03:58,910] {taskinstance.py:1358} INFO - 
--------------------------------------------------------------------------------
[2023-04-30 09:03:59,522] {taskinstance.py:1377} INFO - Executing <Task(_PythonDecoratedOperator): dim_branch> on 2023-04-30 09:03:00.358280+00:00
[2023-04-30 09:03:59,626] {standard_task_runner.py:52} INFO - Started process 894 to run task
[2023-04-30 09:03:59,730] {standard_task_runner.py:79} INFO - Running: ['***', 'tasks', 'run', 'dag_etl', 'dim_branch', 'manual__2023-04-30T09:03:00.358280+00:00', '--job-id', '211', '--raw', '--subdir', 'DAGS_FOLDER/dag_etl_taskflow.py', '--cfg-path', '/tmp/tmp_rklcpxc', '--error-file', '/tmp/tmpmomkenlx']
[2023-04-30 09:03:59,749] {standard_task_runner.py:80} INFO - Job 211: Subtask dim_branch
[2023-04-30 09:04:02,320] {task_command.py:370} INFO - Running <TaskInstance: dag_etl.dim_branch manual__2023-04-30T09:03:00.358280+00:00 [running]> on host 295d97741f96
[2023-04-30 09:04:06,745] {taskinstance.py:1571} INFO - Exporting the following env vars:
AIRFLOW_CTX_DAG_OWNER=Victor
AIRFLOW_CTX_DAG_ID=dag_etl
AIRFLOW_CTX_TASK_ID=dim_branch
AIRFLOW_CTX_EXECUTION_DATE=2023-04-30T09:03:00.358280+00:00
AIRFLOW_CTX_TRY_NUMBER=1
AIRFLOW_CTX_DAG_RUN_ID=manual__2023-04-30T09:03:00.358280+00:00
[2023-04-30 09:04:07,565] {base.py:68} INFO - Using connection ID 'postgres_conn' for task execution.
[2023-04-30 09:04:08,389] {python.py:173} INFO - Done. Returned value was: None
[2023-04-30 09:04:09,091] {taskinstance.py:1400} INFO - Marking task as SUCCESS. dag_id=dag_etl, task_id=dim_branch, execution_date=20230430T090300, start_date=20230430T090358, end_date=20230430T090409
[2023-04-30 09:04:09,280] {local_task_job.py:156} INFO - Task exited with return code 0
[2023-04-30 09:04:10,081] {local_task_job.py:273} INFO - 1 downstream tasks scheduled from follow-on schedule check
