[2023-04-30 09:05:50,904] {taskinstance.py:1159} INFO - Dependencies all met for <TaskInstance: dag_etl.dim_date manual__2023-04-30T09:05:15.056494+00:00 [queued]>
[2023-04-30 09:05:51,022] {taskinstance.py:1159} INFO - Dependencies all met for <TaskInstance: dag_etl.dim_date manual__2023-04-30T09:05:15.056494+00:00 [queued]>
[2023-04-30 09:05:51,024] {taskinstance.py:1356} INFO - 
--------------------------------------------------------------------------------
[2023-04-30 09:05:51,025] {taskinstance.py:1357} INFO - Starting attempt 1 of 6
[2023-04-30 09:05:51,026] {taskinstance.py:1358} INFO - 
--------------------------------------------------------------------------------
[2023-04-30 09:05:51,359] {taskinstance.py:1377} INFO - Executing <Task(_PythonDecoratedOperator): dim_date> on 2023-04-30 09:05:15.056494+00:00
[2023-04-30 09:05:51,392] {standard_task_runner.py:52} INFO - Started process 1055 to run task
[2023-04-30 09:05:51,417] {standard_task_runner.py:79} INFO - Running: ['***', 'tasks', 'run', 'dag_etl', 'dim_date', 'manual__2023-04-30T09:05:15.056494+00:00', '--job-id', '219', '--raw', '--subdir', 'DAGS_FOLDER/dag_etl_taskflow.py', '--cfg-path', '/tmp/tmp3_y7c06w', '--error-file', '/tmp/tmpdah21073']
[2023-04-30 09:05:51,425] {standard_task_runner.py:80} INFO - Job 219: Subtask dim_date
[2023-04-30 09:05:52,470] {task_command.py:370} INFO - Running <TaskInstance: dag_etl.dim_date manual__2023-04-30T09:05:15.056494+00:00 [running]> on host 295d97741f96
[2023-04-30 09:05:54,132] {taskinstance.py:1571} INFO - Exporting the following env vars:
AIRFLOW_CTX_DAG_OWNER=Victor
AIRFLOW_CTX_DAG_ID=dag_etl
AIRFLOW_CTX_TASK_ID=dim_date
AIRFLOW_CTX_EXECUTION_DATE=2023-04-30T09:05:15.056494+00:00
AIRFLOW_CTX_TRY_NUMBER=1
AIRFLOW_CTX_DAG_RUN_ID=manual__2023-04-30T09:05:15.056494+00:00
[2023-04-30 09:06:01,836] {base.py:68} INFO - Using connection ID 'postgres_conn' for task execution.
[2023-04-30 09:06:35,876] {python.py:173} INFO - Done. Returned value was: None
[2023-04-30 09:06:37,957] {taskinstance.py:1400} INFO - Marking task as SUCCESS. dag_id=dag_etl, task_id=dim_date, execution_date=20230430T090515, start_date=20230430T090550, end_date=20230430T090637
[2023-04-30 09:06:38,365] {local_task_job.py:156} INFO - Task exited with return code 0
[2023-04-30 09:06:39,861] {local_task_job.py:273} INFO - 0 downstream tasks scheduled from follow-on schedule check
