[2023-04-30 09:04:28,932] {taskinstance.py:1159} INFO - Dependencies all met for <TaskInstance: dag_etl.fact_stage manual__2023-04-30T09:03:00.358280+00:00 [queued]>
[2023-04-30 09:04:28,987] {taskinstance.py:1159} INFO - Dependencies all met for <TaskInstance: dag_etl.fact_stage manual__2023-04-30T09:03:00.358280+00:00 [queued]>
[2023-04-30 09:04:28,988] {taskinstance.py:1356} INFO - 
--------------------------------------------------------------------------------
[2023-04-30 09:04:28,989] {taskinstance.py:1357} INFO - Starting attempt 1 of 6
[2023-04-30 09:04:28,989] {taskinstance.py:1358} INFO - 
--------------------------------------------------------------------------------
[2023-04-30 09:04:29,077] {taskinstance.py:1377} INFO - Executing <Task(_PythonDecoratedOperator): fact_stage> on 2023-04-30 09:03:00.358280+00:00
[2023-04-30 09:04:29,085] {standard_task_runner.py:52} INFO - Started process 927 to run task
[2023-04-30 09:04:29,093] {standard_task_runner.py:79} INFO - Running: ['***', 'tasks', 'run', 'dag_etl', 'fact_stage', 'manual__2023-04-30T09:03:00.358280+00:00', '--job-id', '214', '--raw', '--subdir', 'DAGS_FOLDER/dag_etl_taskflow.py', '--cfg-path', '/tmp/tmpiblv61rs', '--error-file', '/tmp/tmpw4e9aef5']
[2023-04-30 09:04:29,095] {standard_task_runner.py:80} INFO - Job 214: Subtask fact_stage
[2023-04-30 09:04:29,449] {task_command.py:370} INFO - Running <TaskInstance: dag_etl.fact_stage manual__2023-04-30T09:03:00.358280+00:00 [running]> on host 295d97741f96
[2023-04-30 09:04:30,132] {taskinstance.py:1571} INFO - Exporting the following env vars:
AIRFLOW_CTX_DAG_OWNER=Victor
AIRFLOW_CTX_DAG_ID=dag_etl
AIRFLOW_CTX_TASK_ID=fact_stage
AIRFLOW_CTX_EXECUTION_DATE=2023-04-30T09:03:00.358280+00:00
AIRFLOW_CTX_TRY_NUMBER=1
AIRFLOW_CTX_DAG_RUN_ID=manual__2023-04-30T09:03:00.358280+00:00
[2023-04-30 09:04:30,219] {base.py:68} INFO - Using connection ID 'postgres_conn' for task execution.
[2023-04-30 09:04:30,525] {base.py:68} INFO - Using connection ID 'postgres_conn' for task execution.
[2023-04-30 09:04:31,516] {python.py:173} INFO - Done. Returned value was: None
[2023-04-30 09:04:32,203] {taskinstance.py:1400} INFO - Marking task as SUCCESS. dag_id=dag_etl, task_id=fact_stage, execution_date=20230430T090300, start_date=20230430T090428, end_date=20230430T090432
[2023-04-30 09:04:32,309] {local_task_job.py:156} INFO - Task exited with return code 0
[2023-04-30 09:04:33,070] {local_task_job.py:273} INFO - 0 downstream tasks scheduled from follow-on schedule check
