[2023-05-02 11:42:57,910] {taskinstance.py:1159} INFO - Dependencies all met for <TaskInstance: dag_etl.dim_branch manual__2023-05-02T11:41:45.968792+00:00 [queued]>
[2023-05-02 11:42:58,194] {taskinstance.py:1159} INFO - Dependencies all met for <TaskInstance: dag_etl.dim_branch manual__2023-05-02T11:41:45.968792+00:00 [queued]>
[2023-05-02 11:42:58,199] {taskinstance.py:1356} INFO - 
--------------------------------------------------------------------------------
[2023-05-02 11:42:58,202] {taskinstance.py:1357} INFO - Starting attempt 1 of 6
[2023-05-02 11:42:58,207] {taskinstance.py:1358} INFO - 
--------------------------------------------------------------------------------
[2023-05-02 11:42:58,397] {taskinstance.py:1377} INFO - Executing <Task(_PythonDecoratedOperator): dim_branch> on 2023-05-02 11:41:45.968792+00:00
[2023-05-02 11:42:58,427] {standard_task_runner.py:52} INFO - Started process 744 to run task
[2023-05-02 11:42:58,508] {standard_task_runner.py:79} INFO - Running: ['***', 'tasks', 'run', 'dag_etl', 'dim_branch', 'manual__2023-05-02T11:41:45.968792+00:00', '--job-id', '495', '--raw', '--subdir', 'DAGS_FOLDER/dag_etl_taskflow.py', '--cfg-path', '/tmp/tmp783ay4ul', '--error-file', '/tmp/tmpj3ik_5ga']
[2023-05-02 11:42:58,540] {standard_task_runner.py:80} INFO - Job 495: Subtask dim_branch
[2023-05-02 11:42:59,786] {task_command.py:370} INFO - Running <TaskInstance: dag_etl.dim_branch manual__2023-05-02T11:41:45.968792+00:00 [running]> on host 295d97741f96
[2023-05-02 11:43:02,782] {taskinstance.py:1571} INFO - Exporting the following env vars:
AIRFLOW_CTX_DAG_OWNER=Victor
AIRFLOW_CTX_DAG_ID=dag_etl
AIRFLOW_CTX_TASK_ID=dim_branch
AIRFLOW_CTX_EXECUTION_DATE=2023-05-02T11:41:45.968792+00:00
AIRFLOW_CTX_TRY_NUMBER=1
AIRFLOW_CTX_DAG_RUN_ID=manual__2023-05-02T11:41:45.968792+00:00
[2023-05-02 11:43:03,674] {base.py:68} INFO - Using connection ID 'postgres_conn' for task execution.
[2023-05-02 11:43:04,470] {python.py:173} INFO - Done. Returned value was: None
[2023-05-02 11:43:05,198] {taskinstance.py:1400} INFO - Marking task as SUCCESS. dag_id=dag_etl, task_id=dim_branch, execution_date=20230502T114145, start_date=20230502T114257, end_date=20230502T114305
[2023-05-02 11:43:05,560] {local_task_job.py:156} INFO - Task exited with return code 0
[2023-05-02 11:43:06,998] {local_task_job.py:273} INFO - 0 downstream tasks scheduled from follow-on schedule check
