[2023-05-02 10:40:30,458] {taskinstance.py:1159} INFO - Dependencies all met for <TaskInstance: dag_etl.dim_branch manual__2023-05-02T10:39:49.817893+00:00 [queued]>
[2023-05-02 10:40:30,660] {taskinstance.py:1159} INFO - Dependencies all met for <TaskInstance: dag_etl.dim_branch manual__2023-05-02T10:39:49.817893+00:00 [queued]>
[2023-05-02 10:40:30,662] {taskinstance.py:1356} INFO - 
--------------------------------------------------------------------------------
[2023-05-02 10:40:30,664] {taskinstance.py:1357} INFO - Starting attempt 1 of 6
[2023-05-02 10:40:30,666] {taskinstance.py:1358} INFO - 
--------------------------------------------------------------------------------
[2023-05-02 10:40:31,096] {taskinstance.py:1377} INFO - Executing <Task(_PythonDecoratedOperator): dim_branch> on 2023-05-02 10:39:49.817893+00:00
[2023-05-02 10:40:31,108] {standard_task_runner.py:52} INFO - Started process 1327 to run task
[2023-05-02 10:40:31,183] {standard_task_runner.py:79} INFO - Running: ['***', 'tasks', 'run', 'dag_etl', 'dim_branch', 'manual__2023-05-02T10:39:49.817893+00:00', '--job-id', '458', '--raw', '--subdir', 'DAGS_FOLDER/dag_etl_taskflow.py', '--cfg-path', '/tmp/tmpc36fank1', '--error-file', '/tmp/tmpcimjvyd0']
[2023-05-02 10:40:31,194] {standard_task_runner.py:80} INFO - Job 458: Subtask dim_branch
[2023-05-02 10:40:32,958] {task_command.py:370} INFO - Running <TaskInstance: dag_etl.dim_branch manual__2023-05-02T10:39:49.817893+00:00 [running]> on host 295d97741f96
[2023-05-02 10:40:37,741] {taskinstance.py:1571} INFO - Exporting the following env vars:
AIRFLOW_CTX_DAG_OWNER=Victor
AIRFLOW_CTX_DAG_ID=dag_etl
AIRFLOW_CTX_TASK_ID=dim_branch
AIRFLOW_CTX_EXECUTION_DATE=2023-05-02T10:39:49.817893+00:00
AIRFLOW_CTX_TRY_NUMBER=1
AIRFLOW_CTX_DAG_RUN_ID=manual__2023-05-02T10:39:49.817893+00:00
[2023-05-02 10:40:38,418] {base.py:68} INFO - Using connection ID 'postgres_conn' for task execution.
[2023-05-02 10:40:39,471] {python.py:173} INFO - Done. Returned value was: None
[2023-05-02 10:40:40,688] {taskinstance.py:1400} INFO - Marking task as SUCCESS. dag_id=dag_etl, task_id=dim_branch, execution_date=20230502T103949, start_date=20230502T104030, end_date=20230502T104040
[2023-05-02 10:40:41,065] {local_task_job.py:156} INFO - Task exited with return code 0
[2023-05-02 10:40:42,316] {local_task_job.py:273} INFO - 0 downstream tasks scheduled from follow-on schedule check
