[2023-04-30 08:20:23,931] {taskinstance.py:1159} INFO - Dependencies all met for <TaskInstance: dag_etl.dim_time manual__2023-04-30T08:19:33.159044+00:00 [queued]>
[2023-04-30 08:20:24,061] {taskinstance.py:1159} INFO - Dependencies all met for <TaskInstance: dag_etl.dim_time manual__2023-04-30T08:19:33.159044+00:00 [queued]>
[2023-04-30 08:20:24,064] {taskinstance.py:1356} INFO - 
--------------------------------------------------------------------------------
[2023-04-30 08:20:24,066] {taskinstance.py:1357} INFO - Starting attempt 1 of 6
[2023-04-30 08:20:24,069] {taskinstance.py:1358} INFO - 
--------------------------------------------------------------------------------
[2023-04-30 08:20:24,342] {taskinstance.py:1377} INFO - Executing <Task(_PythonDecoratedOperator): dim_time> on 2023-04-30 08:19:33.159044+00:00
[2023-04-30 08:20:24,367] {standard_task_runner.py:52} INFO - Started process 941 to run task
[2023-04-30 08:20:24,415] {standard_task_runner.py:79} INFO - Running: ['***', 'tasks', 'run', 'dag_etl', 'dim_time', 'manual__2023-04-30T08:19:33.159044+00:00', '--job-id', '157', '--raw', '--subdir', 'DAGS_FOLDER/dag_etl_taskflow.py', '--cfg-path', '/tmp/tmpib6_ecf3', '--error-file', '/tmp/tmp3od1pa2u']
[2023-04-30 08:20:24,421] {standard_task_runner.py:80} INFO - Job 157: Subtask dim_time
[2023-04-30 08:20:25,256] {task_command.py:370} INFO - Running <TaskInstance: dag_etl.dim_time manual__2023-04-30T08:19:33.159044+00:00 [running]> on host 295d97741f96
[2023-04-30 08:20:27,760] {taskinstance.py:1571} INFO - Exporting the following env vars:
AIRFLOW_CTX_DAG_OWNER=Victor
AIRFLOW_CTX_DAG_ID=dag_etl
AIRFLOW_CTX_TASK_ID=dim_time
AIRFLOW_CTX_EXECUTION_DATE=2023-04-30T08:19:33.159044+00:00
AIRFLOW_CTX_TRY_NUMBER=1
AIRFLOW_CTX_DAG_RUN_ID=manual__2023-04-30T08:19:33.159044+00:00
[2023-04-30 08:20:29,228] {base.py:68} INFO - Using connection ID 'postgres_conn' for task execution.
[2023-04-30 08:20:30,912] {python.py:173} INFO - Done. Returned value was: None
[2023-04-30 08:20:32,531] {taskinstance.py:1400} INFO - Marking task as SUCCESS. dag_id=dag_etl, task_id=dim_time, execution_date=20230430T081933, start_date=20230430T082023, end_date=20230430T082032
[2023-04-30 08:20:32,803] {local_task_job.py:156} INFO - Task exited with return code 0
[2023-04-30 08:20:36,717] {local_task_job.py:273} INFO - 0 downstream tasks scheduled from follow-on schedule check
