[2023-05-02 13:52:10,018] {taskinstance.py:1159} INFO - Dependencies all met for <TaskInstance: dag_etl.dim_time manual__2023-05-02T13:51:38.744363+00:00 [queued]>
[2023-05-02 13:52:10,095] {taskinstance.py:1159} INFO - Dependencies all met for <TaskInstance: dag_etl.dim_time manual__2023-05-02T13:51:38.744363+00:00 [queued]>
[2023-05-02 13:52:10,096] {taskinstance.py:1356} INFO - 
--------------------------------------------------------------------------------
[2023-05-02 13:52:10,097] {taskinstance.py:1357} INFO - Starting attempt 1 of 6
[2023-05-02 13:52:10,098] {taskinstance.py:1358} INFO - 
--------------------------------------------------------------------------------
[2023-05-02 13:52:10,253] {taskinstance.py:1377} INFO - Executing <Task(_PythonDecoratedOperator): dim_time> on 2023-05-02 13:51:38.744363+00:00
[2023-05-02 13:52:10,270] {standard_task_runner.py:52} INFO - Started process 1236 to run task
[2023-05-02 13:52:10,285] {standard_task_runner.py:79} INFO - Running: ['***', 'tasks', 'run', 'dag_etl', 'dim_time', 'manual__2023-05-02T13:51:38.744363+00:00', '--job-id', '582', '--raw', '--subdir', 'DAGS_FOLDER/dag_etl_taskflow.py', '--cfg-path', '/tmp/tmppa70ay6q', '--error-file', '/tmp/tmp8j27arnz']
[2023-05-02 13:52:10,290] {standard_task_runner.py:80} INFO - Job 582: Subtask dim_time
[2023-05-02 13:52:10,753] {task_command.py:370} INFO - Running <TaskInstance: dag_etl.dim_time manual__2023-05-02T13:51:38.744363+00:00 [running]> on host 295d97741f96
[2023-05-02 13:52:11,907] {taskinstance.py:1571} INFO - Exporting the following env vars:
AIRFLOW_CTX_DAG_OWNER=Victor
AIRFLOW_CTX_DAG_ID=dag_etl
AIRFLOW_CTX_TASK_ID=dim_time
AIRFLOW_CTX_EXECUTION_DATE=2023-05-02T13:51:38.744363+00:00
AIRFLOW_CTX_TRY_NUMBER=1
AIRFLOW_CTX_DAG_RUN_ID=manual__2023-05-02T13:51:38.744363+00:00
[2023-05-02 13:52:12,365] {base.py:68} INFO - Using connection ID 'postgres_conn' for task execution.
[2023-05-02 13:52:12,884] {python.py:173} INFO - Done. Returned value was: None
[2023-05-02 13:52:13,066] {taskinstance.py:1400} INFO - Marking task as SUCCESS. dag_id=dag_etl, task_id=dim_time, execution_date=20230502T135138, start_date=20230502T135210, end_date=20230502T135213
[2023-05-02 13:52:13,291] {local_task_job.py:156} INFO - Task exited with return code 0
[2023-05-02 13:52:13,834] {local_task_job.py:273} INFO - 0 downstream tasks scheduled from follow-on schedule check
