[2023-04-30 07:03:01,208] {taskinstance.py:1159} INFO - Dependencies all met for <TaskInstance: dag_etl.rename_extracted_file scheduled__2023-04-27T00:00:00+00:00 [queued]>
[2023-04-30 07:03:01,450] {taskinstance.py:1159} INFO - Dependencies all met for <TaskInstance: dag_etl.rename_extracted_file scheduled__2023-04-27T00:00:00+00:00 [queued]>
[2023-04-30 07:03:01,452] {taskinstance.py:1356} INFO - 
--------------------------------------------------------------------------------
[2023-04-30 07:03:01,455] {taskinstance.py:1357} INFO - Starting attempt 1 of 6
[2023-04-30 07:03:01,462] {taskinstance.py:1358} INFO - 
--------------------------------------------------------------------------------
[2023-04-30 07:03:02,065] {taskinstance.py:1377} INFO - Executing <Task(_PythonDecoratedOperator): rename_extracted_file> on 2023-04-27 00:00:00+00:00
[2023-04-30 07:03:02,156] {standard_task_runner.py:52} INFO - Started process 921 to run task
[2023-04-30 07:03:02,241] {standard_task_runner.py:79} INFO - Running: ['***', 'tasks', 'run', 'dag_etl', 'rename_extracted_file', 'scheduled__2023-04-27T00:00:00+00:00', '--job-id', '57', '--raw', '--subdir', 'DAGS_FOLDER/dag_etl_taskflow.py', '--cfg-path', '/tmp/tmp2dzl7yrc', '--error-file', '/tmp/tmp2kjruh9d']
[2023-04-30 07:03:02,282] {standard_task_runner.py:80} INFO - Job 57: Subtask rename_extracted_file
[2023-04-30 07:03:04,032] {task_command.py:370} INFO - Running <TaskInstance: dag_etl.rename_extracted_file scheduled__2023-04-27T00:00:00+00:00 [running]> on host 295d97741f96
[2023-04-30 07:03:07,876] {taskinstance.py:1571} INFO - Exporting the following env vars:
AIRFLOW_CTX_DAG_OWNER=Victor
AIRFLOW_CTX_DAG_ID=dag_etl
AIRFLOW_CTX_TASK_ID=rename_extracted_file
AIRFLOW_CTX_EXECUTION_DATE=2023-04-27T00:00:00+00:00
AIRFLOW_CTX_TRY_NUMBER=1
AIRFLOW_CTX_DAG_RUN_ID=scheduled__2023-04-27T00:00:00+00:00
[2023-04-30 07:03:07,902] {python.py:173} INFO - Done. Returned value was: /opt/***/data
[2023-04-30 07:03:09,901] {taskinstance.py:1400} INFO - Marking task as SUCCESS. dag_id=dag_etl, task_id=rename_extracted_file, execution_date=20230427T000000, start_date=20230430T070301, end_date=20230430T070309
[2023-04-30 07:03:10,650] {local_task_job.py:156} INFO - Task exited with return code 0
[2023-04-30 07:03:13,702] {local_task_job.py:273} INFO - 0 downstream tasks scheduled from follow-on schedule check
[2023-04-30 11:59:56,830] {taskinstance.py:1159} INFO - Dependencies all met for <TaskInstance: dag_etl.rename_extracted_file scheduled__2023-04-27T00:00:00+00:00 [queued]>
[2023-04-30 11:59:57,662] {taskinstance.py:1159} INFO - Dependencies all met for <TaskInstance: dag_etl.rename_extracted_file scheduled__2023-04-27T00:00:00+00:00 [queued]>
[2023-04-30 11:59:57,684] {taskinstance.py:1356} INFO - 
--------------------------------------------------------------------------------
[2023-04-30 11:59:57,688] {taskinstance.py:1357} INFO - Starting attempt 1 of 6
[2023-04-30 11:59:57,716] {taskinstance.py:1358} INFO - 
--------------------------------------------------------------------------------
[2023-04-30 11:59:58,388] {taskinstance.py:1377} INFO - Executing <Task(_PythonDecoratedOperator): rename_extracted_file> on 2023-04-27 00:00:00+00:00
[2023-04-30 11:59:58,518] {standard_task_runner.py:52} INFO - Started process 625 to run task
[2023-04-30 11:59:58,564] {standard_task_runner.py:79} INFO - Running: ['***', 'tasks', 'run', 'dag_etl', 'rename_extracted_file', 'scheduled__2023-04-27T00:00:00+00:00', '--job-id', '253', '--raw', '--subdir', 'DAGS_FOLDER/dag_etl_taskflow.py', '--cfg-path', '/tmp/tmpw37mrmrz', '--error-file', '/tmp/tmpz46pf_5z']
[2023-04-30 11:59:58,589] {standard_task_runner.py:80} INFO - Job 253: Subtask rename_extracted_file
[2023-04-30 12:00:00,264] {task_command.py:370} INFO - Running <TaskInstance: dag_etl.rename_extracted_file scheduled__2023-04-27T00:00:00+00:00 [running]> on host 295d97741f96
[2023-04-30 12:00:05,006] {taskinstance.py:1571} INFO - Exporting the following env vars:
AIRFLOW_CTX_DAG_OWNER=Victor
AIRFLOW_CTX_DAG_ID=dag_etl
AIRFLOW_CTX_TASK_ID=rename_extracted_file
AIRFLOW_CTX_EXECUTION_DATE=2023-04-27T00:00:00+00:00
AIRFLOW_CTX_TRY_NUMBER=1
AIRFLOW_CTX_DAG_RUN_ID=scheduled__2023-04-27T00:00:00+00:00
[2023-04-30 12:00:05,027] {python.py:173} INFO - Done. Returned value was: /opt/***/data
[2023-04-30 12:00:06,700] {taskinstance.py:1400} INFO - Marking task as SUCCESS. dag_id=dag_etl, task_id=rename_extracted_file, execution_date=20230427T000000, start_date=20230430T115956, end_date=20230430T120006
[2023-04-30 12:00:07,285] {local_task_job.py:156} INFO - Task exited with return code 0
[2023-04-30 12:00:11,959] {local_task_job.py:273} INFO - 7 downstream tasks scheduled from follow-on schedule check
[2023-04-30 15:50:22,908] {taskinstance.py:1159} INFO - Dependencies all met for <TaskInstance: dag_etl.rename_extracted_file scheduled__2023-04-27T00:00:00+00:00 [queued]>
[2023-04-30 15:50:23,324] {taskinstance.py:1159} INFO - Dependencies all met for <TaskInstance: dag_etl.rename_extracted_file scheduled__2023-04-27T00:00:00+00:00 [queued]>
[2023-04-30 15:50:23,342] {taskinstance.py:1356} INFO - 
--------------------------------------------------------------------------------
[2023-04-30 15:50:23,346] {taskinstance.py:1357} INFO - Starting attempt 1 of 6
[2023-04-30 15:50:23,360] {taskinstance.py:1358} INFO - 
--------------------------------------------------------------------------------
[2023-04-30 15:50:24,507] {taskinstance.py:1377} INFO - Executing <Task(_PythonDecoratedOperator): rename_extracted_file> on 2023-04-27 00:00:00+00:00
[2023-04-30 15:50:24,608] {standard_task_runner.py:52} INFO - Started process 1104 to run task
[2023-04-30 15:50:24,745] {standard_task_runner.py:79} INFO - Running: ['***', 'tasks', 'run', 'dag_etl', 'rename_extracted_file', 'scheduled__2023-04-27T00:00:00+00:00', '--job-id', '322', '--raw', '--subdir', 'DAGS_FOLDER/dag_etl_taskflow.py', '--cfg-path', '/tmp/tmp7sxd3a86', '--error-file', '/tmp/tmpmxayuf1t']
[2023-04-30 15:50:24,789] {standard_task_runner.py:80} INFO - Job 322: Subtask rename_extracted_file
[2023-04-30 15:50:26,933] {task_command.py:370} INFO - Running <TaskInstance: dag_etl.rename_extracted_file scheduled__2023-04-27T00:00:00+00:00 [running]> on host 295d97741f96
[2023-04-30 15:50:33,191] {taskinstance.py:1571} INFO - Exporting the following env vars:
AIRFLOW_CTX_DAG_OWNER=Victor
AIRFLOW_CTX_DAG_ID=dag_etl
AIRFLOW_CTX_TASK_ID=rename_extracted_file
AIRFLOW_CTX_EXECUTION_DATE=2023-04-27T00:00:00+00:00
AIRFLOW_CTX_TRY_NUMBER=1
AIRFLOW_CTX_DAG_RUN_ID=scheduled__2023-04-27T00:00:00+00:00
[2023-04-30 15:50:33,225] {python.py:173} INFO - Done. Returned value was: /opt/***/data
[2023-04-30 15:50:36,870] {taskinstance.py:1400} INFO - Marking task as SUCCESS. dag_id=dag_etl, task_id=rename_extracted_file, execution_date=20230427T000000, start_date=20230430T155022, end_date=20230430T155036
[2023-04-30 15:50:37,641] {local_task_job.py:156} INFO - Task exited with return code 0
[2023-04-30 15:50:40,141] {local_task_job.py:273} INFO - 7 downstream tasks scheduled from follow-on schedule check
[2023-05-04 05:12:34,651] {taskinstance.py:1153} INFO - Dependencies not met for <TaskInstance: dag_etl.rename_extracted_file scheduled__2023-04-27T00:00:00+00:00 [success]>, dependency 'Task Instance State' FAILED: Task is in the 'success' state.
[2023-05-04 05:12:34,687] {local_task_job.py:101} INFO - Task is not able to be run
