[2023-04-30 07:03:35,599] {taskinstance.py:1159} INFO - Dependencies all met for <TaskInstance: dag_etl.dim_city scheduled__2023-04-28T00:00:00+00:00 [queued]>
[2023-04-30 07:03:36,064] {taskinstance.py:1159} INFO - Dependencies all met for <TaskInstance: dag_etl.dim_city scheduled__2023-04-28T00:00:00+00:00 [queued]>
[2023-04-30 07:03:36,069] {taskinstance.py:1356} INFO - 
--------------------------------------------------------------------------------
[2023-04-30 07:03:36,074] {taskinstance.py:1357} INFO - Starting attempt 1 of 6
[2023-04-30 07:03:36,080] {taskinstance.py:1358} INFO - 
--------------------------------------------------------------------------------
[2023-04-30 07:03:36,646] {taskinstance.py:1377} INFO - Executing <Task(_PythonDecoratedOperator): dim_city> on 2023-04-28 00:00:00+00:00
[2023-04-30 07:03:36,674] {standard_task_runner.py:52} INFO - Started process 997 to run task
[2023-04-30 07:03:36,784] {standard_task_runner.py:79} INFO - Running: ['***', 'tasks', 'run', 'dag_etl', 'dim_city', 'scheduled__2023-04-28T00:00:00+00:00', '--job-id', '70', '--raw', '--subdir', 'DAGS_FOLDER/dag_etl_taskflow.py', '--cfg-path', '/tmp/tmp29et9m4m', '--error-file', '/tmp/tmpsow3oltg']
[2023-04-30 07:03:36,809] {standard_task_runner.py:80} INFO - Job 70: Subtask dim_city
[2023-04-30 07:03:39,521] {task_command.py:370} INFO - Running <TaskInstance: dag_etl.dim_city scheduled__2023-04-28T00:00:00+00:00 [running]> on host 295d97741f96
[2023-04-30 07:03:47,558] {taskinstance.py:1571} INFO - Exporting the following env vars:
AIRFLOW_CTX_DAG_OWNER=Victor
AIRFLOW_CTX_DAG_ID=dag_etl
AIRFLOW_CTX_TASK_ID=dim_city
AIRFLOW_CTX_EXECUTION_DATE=2023-04-28T00:00:00+00:00
AIRFLOW_CTX_TRY_NUMBER=1
AIRFLOW_CTX_DAG_RUN_ID=scheduled__2023-04-28T00:00:00+00:00
[2023-04-30 07:03:51,184] {base.py:68} INFO - Using connection ID 'postgres_conn' for task execution.
[2023-04-30 07:03:53,286] {python.py:173} INFO - Done. Returned value was: None
[2023-04-30 07:03:55,802] {taskinstance.py:1400} INFO - Marking task as SUCCESS. dag_id=dag_etl, task_id=dim_city, execution_date=20230428T000000, start_date=20230430T070335, end_date=20230430T070355
[2023-04-30 07:03:56,467] {local_task_job.py:156} INFO - Task exited with return code 0
[2023-04-30 07:03:58,598] {local_task_job.py:273} INFO - 0 downstream tasks scheduled from follow-on schedule check
[2023-05-02 10:33:37,568] {taskinstance.py:1159} INFO - Dependencies all met for <TaskInstance: dag_etl.dim_city scheduled__2023-04-28T00:00:00+00:00 [queued]>
[2023-05-02 10:33:38,513] {taskinstance.py:1159} INFO - Dependencies all met for <TaskInstance: dag_etl.dim_city scheduled__2023-04-28T00:00:00+00:00 [queued]>
[2023-05-02 10:33:38,563] {taskinstance.py:1356} INFO - 
--------------------------------------------------------------------------------
[2023-05-02 10:33:38,582] {taskinstance.py:1357} INFO - Starting attempt 1 of 6
[2023-05-02 10:33:38,606] {taskinstance.py:1358} INFO - 
--------------------------------------------------------------------------------
[2023-05-02 10:33:40,174] {taskinstance.py:1377} INFO - Executing <Task(_PythonDecoratedOperator): dim_city> on 2023-04-28 00:00:00+00:00
[2023-05-02 10:33:40,361] {standard_task_runner.py:52} INFO - Started process 583 to run task
[2023-05-02 10:33:40,661] {standard_task_runner.py:79} INFO - Running: ['***', 'tasks', 'run', 'dag_etl', 'dim_city', 'scheduled__2023-04-28T00:00:00+00:00', '--job-id', '401', '--raw', '--subdir', 'DAGS_FOLDER/dag_etl_taskflow.py', '--cfg-path', '/tmp/tmp45oltuz5', '--error-file', '/tmp/tmpxjp7pi40']
[2023-05-02 10:33:40,732] {standard_task_runner.py:80} INFO - Job 401: Subtask dim_city
[2023-05-02 10:33:46,600] {task_command.py:370} INFO - Running <TaskInstance: dag_etl.dim_city scheduled__2023-04-28T00:00:00+00:00 [running]> on host 295d97741f96
[2023-05-02 10:33:59,665] {taskinstance.py:1571} INFO - Exporting the following env vars:
AIRFLOW_CTX_DAG_OWNER=Victor
AIRFLOW_CTX_DAG_ID=dag_etl
AIRFLOW_CTX_TASK_ID=dim_city
AIRFLOW_CTX_EXECUTION_DATE=2023-04-28T00:00:00+00:00
AIRFLOW_CTX_TRY_NUMBER=1
AIRFLOW_CTX_DAG_RUN_ID=scheduled__2023-04-28T00:00:00+00:00
[2023-05-02 10:34:03,795] {base.py:68} INFO - Using connection ID 'postgres_conn' for task execution.
[2023-05-02 10:34:06,986] {python.py:173} INFO - Done. Returned value was: None
[2023-05-02 10:34:07,879] {taskinstance.py:1400} INFO - Marking task as SUCCESS. dag_id=dag_etl, task_id=dim_city, execution_date=20230428T000000, start_date=20230502T103337, end_date=20230502T103407
[2023-05-02 10:34:11,152] {local_task_job.py:156} INFO - Task exited with return code 0
[2023-05-02 10:34:14,989] {local_task_job.py:273} INFO - 0 downstream tasks scheduled from follow-on schedule check
