[2023-04-30 09:03:05,282] {taskinstance.py:1159} INFO - Dependencies all met for <TaskInstance: dag_etl.sensor_s3_obj manual__2023-04-30T09:03:00.358280+00:00 [queued]>
[2023-04-30 09:03:05,333] {taskinstance.py:1159} INFO - Dependencies all met for <TaskInstance: dag_etl.sensor_s3_obj manual__2023-04-30T09:03:00.358280+00:00 [queued]>
[2023-04-30 09:03:05,335] {taskinstance.py:1356} INFO - 
--------------------------------------------------------------------------------
[2023-04-30 09:03:05,336] {taskinstance.py:1357} INFO - Starting attempt 1 of 6
[2023-04-30 09:03:05,336] {taskinstance.py:1358} INFO - 
--------------------------------------------------------------------------------
[2023-04-30 09:03:05,426] {taskinstance.py:1377} INFO - Executing <Task(S3KeySensor): sensor_s3_obj> on 2023-04-30 09:03:00.358280+00:00
[2023-04-30 09:03:05,435] {standard_task_runner.py:52} INFO - Started process 776 to run task
[2023-04-30 09:03:05,443] {standard_task_runner.py:79} INFO - Running: ['***', 'tasks', 'run', 'dag_etl', 'sensor_s3_obj', 'manual__2023-04-30T09:03:00.358280+00:00', '--job-id', '200', '--raw', '--subdir', 'DAGS_FOLDER/dag_etl_taskflow.py', '--cfg-path', '/tmp/tmpxjlxvsd2', '--error-file', '/tmp/tmpbdji4yxh']
[2023-04-30 09:03:05,446] {standard_task_runner.py:80} INFO - Job 200: Subtask sensor_s3_obj
[2023-04-30 09:03:05,843] {task_command.py:370} INFO - Running <TaskInstance: dag_etl.sensor_s3_obj manual__2023-04-30T09:03:00.358280+00:00 [running]> on host 295d97741f96
[2023-04-30 09:03:06,502] {taskinstance.py:1571} INFO - Exporting the following env vars:
AIRFLOW_CTX_DAG_OWNER=Victor
AIRFLOW_CTX_DAG_ID=dag_etl
AIRFLOW_CTX_TASK_ID=sensor_s3_obj
AIRFLOW_CTX_EXECUTION_DATE=2023-04-30T09:03:00.358280+00:00
AIRFLOW_CTX_TRY_NUMBER=1
AIRFLOW_CTX_DAG_RUN_ID=manual__2023-04-30T09:03:00.358280+00:00
[2023-04-30 09:03:06,505] {s3.py:104} INFO - Poking for key : s3://raw/supermarket_sales.csv
[2023-04-30 09:03:06,603] {base.py:68} INFO - Using connection ID 'minio_conn' for task execution.
[2023-04-30 09:03:06,609] {base_aws.py:206} INFO - Credentials retrieved from login
[2023-04-30 09:03:11,984] {s3.py:104} INFO - Poking for key : s3://raw/supermarket_sales.csv
[2023-04-30 09:03:17,004] {s3.py:104} INFO - Poking for key : s3://raw/supermarket_sales.csv
[2023-04-30 09:03:17,029] {base.py:301} INFO - Success criteria met. Exiting.
[2023-04-30 09:03:17,351] {taskinstance.py:1400} INFO - Marking task as SUCCESS. dag_id=dag_etl, task_id=sensor_s3_obj, execution_date=20230430T090300, start_date=20230430T090305, end_date=20230430T090317
[2023-04-30 09:03:17,471] {local_task_job.py:156} INFO - Task exited with return code 0
[2023-04-30 09:03:18,335] {local_task_job.py:273} INFO - 0 downstream tasks scheduled from follow-on schedule check
