[2023-05-04 05:08:24,695] {taskinstance.py:1159} INFO - Dependencies all met for <TaskInstance: dag_etl.dim_city scheduled__2023-05-03T00:00:00+00:00 [queued]>
[2023-05-04 05:08:25,298] {taskinstance.py:1159} INFO - Dependencies all met for <TaskInstance: dag_etl.dim_city scheduled__2023-05-03T00:00:00+00:00 [queued]>
[2023-05-04 05:08:25,309] {taskinstance.py:1356} INFO - 
--------------------------------------------------------------------------------
[2023-05-04 05:08:25,324] {taskinstance.py:1357} INFO - Starting attempt 1 of 6
[2023-05-04 05:08:25,336] {taskinstance.py:1358} INFO - 
--------------------------------------------------------------------------------
[2023-05-04 05:08:26,250] {taskinstance.py:1377} INFO - Executing <Task(_PythonDecoratedOperator): dim_city> on 2023-05-03 00:00:00+00:00
[2023-05-04 05:08:26,364] {standard_task_runner.py:52} INFO - Started process 484 to run task
[2023-05-04 05:08:26,488] {standard_task_runner.py:79} INFO - Running: ['***', 'tasks', 'run', 'dag_etl', 'dim_city', 'scheduled__2023-05-03T00:00:00+00:00', '--job-id', '915', '--raw', '--subdir', 'DAGS_FOLDER/dag_etl_taskflow.py', '--cfg-path', '/tmp/tmprx70ka2n', '--error-file', '/tmp/tmp1kn8zead']
[2023-05-04 05:08:26,518] {standard_task_runner.py:80} INFO - Job 915: Subtask dim_city
[2023-05-04 05:08:30,652] {task_command.py:370} INFO - Running <TaskInstance: dag_etl.dim_city scheduled__2023-05-03T00:00:00+00:00 [running]> on host 295d97741f96
[2023-05-04 05:08:37,559] {taskinstance.py:1571} INFO - Exporting the following env vars:
AIRFLOW_CTX_DAG_OWNER=Victor
AIRFLOW_CTX_DAG_ID=dag_etl
AIRFLOW_CTX_TASK_ID=dim_city
AIRFLOW_CTX_EXECUTION_DATE=2023-05-03T00:00:00+00:00
AIRFLOW_CTX_TRY_NUMBER=1
AIRFLOW_CTX_DAG_RUN_ID=scheduled__2023-05-03T00:00:00+00:00
[2023-05-04 05:08:40,100] {base.py:68} INFO - Using connection ID 'postgres_conn' for task execution.
[2023-05-04 05:08:41,282] {python.py:173} INFO - Done. Returned value was: None
[2023-05-04 05:08:41,773] {taskinstance.py:1400} INFO - Marking task as SUCCESS. dag_id=dag_etl, task_id=dim_city, execution_date=20230503T000000, start_date=20230504T050824, end_date=20230504T050841
[2023-05-04 05:08:42,147] {local_task_job.py:156} INFO - Task exited with return code 0
[2023-05-04 05:08:43,154] {local_task_job.py:273} INFO - 0 downstream tasks scheduled from follow-on schedule check
[2023-05-04 05:12:54,505] {taskinstance.py:1159} INFO - Dependencies all met for <TaskInstance: dag_etl.dim_city scheduled__2023-05-03T00:00:00+00:00 [queued]>
[2023-05-04 05:12:55,359] {taskinstance.py:1159} INFO - Dependencies all met for <TaskInstance: dag_etl.dim_city scheduled__2023-05-03T00:00:00+00:00 [queued]>
[2023-05-04 05:12:55,361] {taskinstance.py:1356} INFO - 
--------------------------------------------------------------------------------
[2023-05-04 05:12:55,362] {taskinstance.py:1357} INFO - Starting attempt 1 of 6
[2023-05-04 05:12:55,363] {taskinstance.py:1358} INFO - 
--------------------------------------------------------------------------------
[2023-05-04 05:12:57,078] {taskinstance.py:1377} INFO - Executing <Task(_PythonDecoratedOperator): dim_city> on 2023-05-03 00:00:00+00:00
[2023-05-04 05:12:57,253] {standard_task_runner.py:52} INFO - Started process 980 to run task
[2023-05-04 05:12:57,398] {standard_task_runner.py:79} INFO - Running: ['***', 'tasks', 'run', 'dag_etl', 'dim_city', 'scheduled__2023-05-03T00:00:00+00:00', '--job-id', '948', '--raw', '--subdir', 'DAGS_FOLDER/dag_etl_taskflow.py', '--cfg-path', '/tmp/tmpu5jpdel7', '--error-file', '/tmp/tmpefoerhdf']
[2023-05-04 05:12:57,418] {standard_task_runner.py:80} INFO - Job 948: Subtask dim_city
[2023-05-04 05:12:59,748] {task_command.py:370} INFO - Running <TaskInstance: dag_etl.dim_city scheduled__2023-05-03T00:00:00+00:00 [running]> on host 295d97741f96
[2023-05-04 05:13:04,005] {taskinstance.py:1571} INFO - Exporting the following env vars:
AIRFLOW_CTX_DAG_OWNER=Victor
AIRFLOW_CTX_DAG_ID=dag_etl
AIRFLOW_CTX_TASK_ID=dim_city
AIRFLOW_CTX_EXECUTION_DATE=2023-05-03T00:00:00+00:00
AIRFLOW_CTX_TRY_NUMBER=1
AIRFLOW_CTX_DAG_RUN_ID=scheduled__2023-05-03T00:00:00+00:00
[2023-05-04 05:13:05,990] {base.py:68} INFO - Using connection ID 'postgres_conn' for task execution.
[2023-05-04 05:13:08,219] {python.py:173} INFO - Done. Returned value was: None
[2023-05-04 05:13:18,691] {taskinstance.py:1889} ERROR - Task failed with exception
Traceback (most recent call last):
  File "/home/airflow/.local/lib/python3.7/site-packages/sqlalchemy/engine/base.py", line 1706, in _execute_context
    cursor, statement, parameters, context
  File "/home/airflow/.local/lib/python3.7/site-packages/sqlalchemy/engine/default.py", line 716, in do_execute
    cursor.execute(statement, parameters)
psycopg2.errors.InFailedSqlTransaction: current transaction is aborted, commands ignored until end of transaction block


The above exception was the direct cause of the following exception:

Traceback (most recent call last):
  File "/home/airflow/.local/lib/python3.7/site-packages/airflow/models/taskinstance.py", line 1453, in _run_raw_task
    self.refresh_from_db(lock_for_update=True, session=session)
  File "/home/airflow/.local/lib/python3.7/site-packages/airflow/utils/session.py", line 68, in wrapper
    return func(*args, **kwargs)
  File "/home/airflow/.local/lib/python3.7/site-packages/airflow/models/taskinstance.py", line 869, in refresh_from_db
    for attempt in run_with_db_retries(logger=self.log):
  File "/home/airflow/.local/lib/python3.7/site-packages/tenacity/__init__.py", line 382, in __iter__
    do = self.iter(retry_state=retry_state)
  File "/home/airflow/.local/lib/python3.7/site-packages/tenacity/__init__.py", line 360, in iter
    raise retry_exc.reraise()
  File "/home/airflow/.local/lib/python3.7/site-packages/tenacity/__init__.py", line 193, in reraise
    raise self.last_attempt.result()
  File "/usr/local/lib/python3.7/concurrent/futures/_base.py", line 428, in result
    return self.__get_result()
  File "/usr/local/lib/python3.7/concurrent/futures/_base.py", line 384, in __get_result
    raise self._exception
  File "/home/airflow/.local/lib/python3.7/site-packages/airflow/models/taskinstance.py", line 871, in refresh_from_db
    ti: Optional[TaskInstance] = qry.with_for_update().first()
  File "/home/airflow/.local/lib/python3.7/site-packages/sqlalchemy/orm/query.py", line 2734, in first
    return self.limit(1)._iter().first()
  File "/home/airflow/.local/lib/python3.7/site-packages/sqlalchemy/orm/query.py", line 2821, in _iter
    execution_options={"_sa_orm_load_options": self.load_options},
  File "/home/airflow/.local/lib/python3.7/site-packages/sqlalchemy/orm/session.py", line 1670, in execute
    result = conn._execute_20(statement, params or {}, execution_options)
  File "/home/airflow/.local/lib/python3.7/site-packages/sqlalchemy/engine/base.py", line 1520, in _execute_20
    return meth(self, args_10style, kwargs_10style, execution_options)
  File "/home/airflow/.local/lib/python3.7/site-packages/sqlalchemy/sql/elements.py", line 314, in _execute_on_connection
    self, multiparams, params, execution_options
  File "/home/airflow/.local/lib/python3.7/site-packages/sqlalchemy/engine/base.py", line 1399, in _execute_clauseelement
    cache_hit=cache_hit,
  File "/home/airflow/.local/lib/python3.7/site-packages/sqlalchemy/engine/base.py", line 1749, in _execute_context
    e, statement, parameters, cursor, context
  File "/home/airflow/.local/lib/python3.7/site-packages/sqlalchemy/engine/base.py", line 1930, in _handle_dbapi_exception
    sqlalchemy_exception, with_traceback=exc_info[2], from_=e
  File "/home/airflow/.local/lib/python3.7/site-packages/sqlalchemy/util/compat.py", line 211, in raise_
    raise exception
  File "/home/airflow/.local/lib/python3.7/site-packages/sqlalchemy/engine/base.py", line 1706, in _execute_context
    cursor, statement, parameters, context
  File "/home/airflow/.local/lib/python3.7/site-packages/sqlalchemy/engine/default.py", line 716, in do_execute
    cursor.execute(statement, parameters)
sqlalchemy.exc.InternalError: (psycopg2.errors.InFailedSqlTransaction) current transaction is aborted, commands ignored until end of transaction block

[SQL: SELECT task_instance.try_number AS task_instance_try_number, task_instance.task_id AS task_instance_task_id, task_instance.dag_id AS task_instance_dag_id, task_instance.run_id AS task_instance_run_id, task_instance.map_index AS task_instance_map_index, task_instance.start_date AS task_instance_start_date, task_instance.end_date AS task_instance_end_date, task_instance.duration AS task_instance_duration, task_instance.state AS task_instance_state, task_instance.max_tries AS task_instance_max_tries, task_instance.hostname AS task_instance_hostname, task_instance.unixname AS task_instance_unixname, task_instance.job_id AS task_instance_job_id, task_instance.pool AS task_instance_pool, task_instance.pool_slots AS task_instance_pool_slots, task_instance.queue AS task_instance_queue, task_instance.priority_weight AS task_instance_priority_weight, task_instance.operator AS task_instance_operator, task_instance.queued_dttm AS task_instance_queued_dttm, task_instance.queued_by_job_id AS task_instance_queued_by_job_id, task_instance.pid AS task_instance_pid, task_instance.executor_config AS task_instance_executor_config, task_instance.external_executor_id AS task_instance_external_executor_id, task_instance.trigger_id AS task_instance_trigger_id, task_instance.trigger_timeout AS task_instance_trigger_timeout, task_instance.next_method AS task_instance_next_method, task_instance.next_kwargs AS task_instance_next_kwargs, dag_run_1.state AS dag_run_1_state, dag_run_1.id AS dag_run_1_id, dag_run_1.dag_id AS dag_run_1_dag_id, dag_run_1.queued_at AS dag_run_1_queued_at, dag_run_1.execution_date AS dag_run_1_execution_date, dag_run_1.start_date AS dag_run_1_start_date, dag_run_1.end_date AS dag_run_1_end_date, dag_run_1.run_id AS dag_run_1_run_id, dag_run_1.creating_job_id AS dag_run_1_creating_job_id, dag_run_1.external_trigger AS dag_run_1_external_trigger, dag_run_1.run_type AS dag_run_1_run_type, dag_run_1.conf AS dag_run_1_conf, dag_run_1.data_interval_start AS dag_run_1_data_interval_start, dag_run_1.data_interval_end AS dag_run_1_data_interval_end, dag_run_1.last_scheduling_decision AS dag_run_1_last_scheduling_decision, dag_run_1.dag_hash AS dag_run_1_dag_hash, dag_run_1.log_template_id AS dag_run_1_log_template_id 
FROM task_instance JOIN dag_run AS dag_run_1 ON dag_run_1.dag_id = task_instance.dag_id AND dag_run_1.run_id = task_instance.run_id 
WHERE task_instance.dag_id = %(dag_id_1)s AND task_instance.task_id = %(task_id_1)s AND task_instance.run_id = %(run_id_1)s AND task_instance.map_index = %(map_index_1)s 
 LIMIT %(param_1)s FOR UPDATE]
[parameters: {'dag_id_1': 'dag_etl', 'task_id_1': 'dim_city', 'run_id_1': 'scheduled__2023-05-03T00:00:00+00:00', 'map_index_1': -1, 'param_1': 1}]
(Background on this error at: http://sqlalche.me/e/14/2j85)
[2023-05-04 05:13:19,834] {standard_task_runner.py:97} ERROR - Failed to execute job 948 for task dim_city ((psycopg2.errors.InFailedSqlTransaction) current transaction is aborted, commands ignored until end of transaction block

[SQL: SELECT task_instance.try_number AS task_instance_try_number, task_instance.task_id AS task_instance_task_id, task_instance.dag_id AS task_instance_dag_id, task_instance.run_id AS task_instance_run_id, task_instance.map_index AS task_instance_map_index, task_instance.start_date AS task_instance_start_date, task_instance.end_date AS task_instance_end_date, task_instance.duration AS task_instance_duration, task_instance.state AS task_instance_state, task_instance.max_tries AS task_instance_max_tries, task_instance.hostname AS task_instance_hostname, task_instance.unixname AS task_instance_unixname, task_instance.job_id AS task_instance_job_id, task_instance.pool AS task_instance_pool, task_instance.pool_slots AS task_instance_pool_slots, task_instance.queue AS task_instance_queue, task_instance.priority_weight AS task_instance_priority_weight, task_instance.operator AS task_instance_operator, task_instance.queued_dttm AS task_instance_queued_dttm, task_instance.queued_by_job_id AS task_instance_queued_by_job_id, task_instance.pid AS task_instance_pid, task_instance.executor_config AS task_instance_executor_config, task_instance.external_executor_id AS task_instance_external_executor_id, task_instance.trigger_id AS task_instance_trigger_id, task_instance.trigger_timeout AS task_instance_trigger_timeout, task_instance.next_method AS task_instance_next_method, task_instance.next_kwargs AS task_instance_next_kwargs, dag_run_1.state AS dag_run_1_state, dag_run_1.id AS dag_run_1_id, dag_run_1.dag_id AS dag_run_1_dag_id, dag_run_1.queued_at AS dag_run_1_queued_at, dag_run_1.execution_date AS dag_run_1_execution_date, dag_run_1.start_date AS dag_run_1_start_date, dag_run_1.end_date AS dag_run_1_end_date, dag_run_1.run_id AS dag_run_1_run_id, dag_run_1.creating_job_id AS dag_run_1_creating_job_id, dag_run_1.external_trigger AS dag_run_1_external_trigger, dag_run_1.run_type AS dag_run_1_run_type, dag_run_1.conf AS dag_run_1_conf, dag_run_1.data_interval_start AS dag_run_1_data_interval_start, dag_run_1.data_interval_end AS dag_run_1_data_interval_end, dag_run_1.last_scheduling_decision AS dag_run_1_last_scheduling_decision, dag_run_1.dag_hash AS dag_run_1_dag_hash, dag_run_1.log_template_id AS dag_run_1_log_template_id 
FROM task_instance JOIN dag_run AS dag_run_1 ON dag_run_1.dag_id = task_instance.dag_id AND dag_run_1.run_id = task_instance.run_id 
WHERE task_instance.dag_id = %(dag_id_1)s AND task_instance.task_id = %(task_id_1)s AND task_instance.run_id = %(run_id_1)s AND task_instance.map_index = %(map_index_1)s 
 LIMIT %(param_1)s]
[parameters: {'dag_id_1': 'dag_etl', 'task_id_1': 'dim_city', 'run_id_1': 'scheduled__2023-05-03T00:00:00+00:00', 'map_index_1': -1, 'param_1': 1}]
(Background on this error at: http://sqlalche.me/e/14/2j85); 980)
[2023-05-04 05:13:21,655] {local_task_job.py:156} INFO - Task exited with return code 1
[2023-05-04 05:13:24,481] {local_task_job.py:273} INFO - 0 downstream tasks scheduled from follow-on schedule check
