[2023-05-02 13:52:29,445] {taskinstance.py:1159} INFO - Dependencies all met for <TaskInstance: dag_etl.dim_product_line manual__2023-05-02T13:51:38.744363+00:00 [queued]>
[2023-05-02 13:52:29,577] {taskinstance.py:1159} INFO - Dependencies all met for <TaskInstance: dag_etl.dim_product_line manual__2023-05-02T13:51:38.744363+00:00 [queued]>
[2023-05-02 13:52:29,581] {taskinstance.py:1356} INFO - 
--------------------------------------------------------------------------------
[2023-05-02 13:52:29,582] {taskinstance.py:1357} INFO - Starting attempt 1 of 6
[2023-05-02 13:52:29,583] {taskinstance.py:1358} INFO - 
--------------------------------------------------------------------------------
[2023-05-02 13:52:29,926] {taskinstance.py:1377} INFO - Executing <Task(_PythonDecoratedOperator): dim_product_line> on 2023-05-02 13:51:38.744363+00:00
[2023-05-02 13:52:29,965] {standard_task_runner.py:52} INFO - Started process 1279 to run task
[2023-05-02 13:52:29,995] {standard_task_runner.py:79} INFO - Running: ['***', 'tasks', 'run', 'dag_etl', 'dim_product_line', 'manual__2023-05-02T13:51:38.744363+00:00', '--job-id', '589', '--raw', '--subdir', 'DAGS_FOLDER/dag_etl_taskflow.py', '--cfg-path', '/tmp/tmpwmtd4gcq', '--error-file', '/tmp/tmpr70ztfya']
[2023-05-02 13:52:30,002] {standard_task_runner.py:80} INFO - Job 589: Subtask dim_product_line
[2023-05-02 13:52:30,915] {task_command.py:370} INFO - Running <TaskInstance: dag_etl.dim_product_line manual__2023-05-02T13:51:38.744363+00:00 [running]> on host 295d97741f96
[2023-05-02 13:52:34,290] {taskinstance.py:1571} INFO - Exporting the following env vars:
AIRFLOW_CTX_DAG_OWNER=Victor
AIRFLOW_CTX_DAG_ID=dag_etl
AIRFLOW_CTX_TASK_ID=dim_product_line
AIRFLOW_CTX_EXECUTION_DATE=2023-05-02T13:51:38.744363+00:00
AIRFLOW_CTX_TRY_NUMBER=1
AIRFLOW_CTX_DAG_RUN_ID=manual__2023-05-02T13:51:38.744363+00:00
[2023-05-02 13:52:35,779] {base.py:68} INFO - Using connection ID 'postgres_conn' for task execution.
[2023-05-02 13:52:36,507] {python.py:173} INFO - Done. Returned value was: None
[2023-05-02 13:52:38,485] {taskinstance.py:1400} INFO - Marking task as SUCCESS. dag_id=dag_etl, task_id=dim_product_line, execution_date=20230502T135138, start_date=20230502T135229, end_date=20230502T135238
[2023-05-02 13:52:39,164] {local_task_job.py:156} INFO - Task exited with return code 0
[2023-05-02 13:52:41,788] {local_task_job.py:273} INFO - 0 downstream tasks scheduled from follow-on schedule check
