[2023-05-02 17:07:52,372] {taskinstance.py:1159} INFO - Dependencies all met for <TaskInstance: dag_etl.dim_gender manual__2023-05-02T17:07:23.457042+00:00 [queued]>
[2023-05-02 17:07:52,518] {taskinstance.py:1159} INFO - Dependencies all met for <TaskInstance: dag_etl.dim_gender manual__2023-05-02T17:07:23.457042+00:00 [queued]>
[2023-05-02 17:07:52,520] {taskinstance.py:1356} INFO - 
--------------------------------------------------------------------------------
[2023-05-02 17:07:52,521] {taskinstance.py:1357} INFO - Starting attempt 1 of 6
[2023-05-02 17:07:52,522] {taskinstance.py:1358} INFO - 
--------------------------------------------------------------------------------
[2023-05-02 17:07:52,848] {taskinstance.py:1377} INFO - Executing <Task(_PythonDecoratedOperator): dim_gender> on 2023-05-02 17:07:23.457042+00:00
[2023-05-02 17:07:52,934] {standard_task_runner.py:52} INFO - Started process 1998 to run task
[2023-05-02 17:07:52,951] {standard_task_runner.py:79} INFO - Running: ['***', 'tasks', 'run', 'dag_etl', 'dim_gender', 'manual__2023-05-02T17:07:23.457042+00:00', '--job-id', '826', '--raw', '--subdir', 'DAGS_FOLDER/dag_etl_taskflow.py', '--cfg-path', '/tmp/tmpwhvo57dh', '--error-file', '/tmp/tmp4urk5zuo']
[2023-05-02 17:07:52,965] {standard_task_runner.py:80} INFO - Job 826: Subtask dim_gender
[2023-05-02 17:07:54,809] {task_command.py:370} INFO - Running <TaskInstance: dag_etl.dim_gender manual__2023-05-02T17:07:23.457042+00:00 [running]> on host 295d97741f96
[2023-05-02 17:08:01,256] {taskinstance.py:1571} INFO - Exporting the following env vars:
AIRFLOW_CTX_DAG_OWNER=Victor
AIRFLOW_CTX_DAG_ID=dag_etl
AIRFLOW_CTX_TASK_ID=dim_gender
AIRFLOW_CTX_EXECUTION_DATE=2023-05-02T17:07:23.457042+00:00
AIRFLOW_CTX_TRY_NUMBER=1
AIRFLOW_CTX_DAG_RUN_ID=manual__2023-05-02T17:07:23.457042+00:00
[2023-05-02 17:08:02,217] {base.py:68} INFO - Using connection ID 'postgres_conn' for task execution.
[2023-05-02 17:08:03,208] {python.py:173} INFO - Done. Returned value was: None
[2023-05-02 17:08:04,034] {taskinstance.py:1400} INFO - Marking task as SUCCESS. dag_id=dag_etl, task_id=dim_gender, execution_date=20230502T170723, start_date=20230502T170752, end_date=20230502T170804
[2023-05-02 17:08:04,388] {local_task_job.py:156} INFO - Task exited with return code 0
[2023-05-02 17:08:06,018] {local_task_job.py:273} INFO - 0 downstream tasks scheduled from follow-on schedule check
