[2023-05-02 16:47:21,629] {taskinstance.py:1159} INFO - Dependencies all met for <TaskInstance: dag_etl.rename_extracted_file manual__2023-05-02T16:46:59.032836+00:00 [queued]>
[2023-05-02 16:47:21,683] {taskinstance.py:1159} INFO - Dependencies all met for <TaskInstance: dag_etl.rename_extracted_file manual__2023-05-02T16:46:59.032836+00:00 [queued]>
[2023-05-02 16:47:21,684] {taskinstance.py:1356} INFO - 
--------------------------------------------------------------------------------
[2023-05-02 16:47:21,685] {taskinstance.py:1357} INFO - Starting attempt 1 of 6
[2023-05-02 16:47:21,687] {taskinstance.py:1358} INFO - 
--------------------------------------------------------------------------------
[2023-05-02 16:47:21,776] {taskinstance.py:1377} INFO - Executing <Task(_PythonDecoratedOperator): rename_extracted_file> on 2023-05-02 16:46:59.032836+00:00
[2023-05-02 16:47:21,784] {standard_task_runner.py:52} INFO - Started process 369 to run task
[2023-05-02 16:47:21,792] {standard_task_runner.py:79} INFO - Running: ['***', 'tasks', 'run', 'dag_etl', 'rename_extracted_file', 'manual__2023-05-02T16:46:59.032836+00:00', '--job-id', '784', '--raw', '--subdir', 'DAGS_FOLDER/dag_etl_taskflow.py', '--cfg-path', '/tmp/tmprtdyh_9h', '--error-file', '/tmp/tmp3qcnf77b']
[2023-05-02 16:47:21,795] {standard_task_runner.py:80} INFO - Job 784: Subtask rename_extracted_file
[2023-05-02 16:47:22,157] {task_command.py:370} INFO - Running <TaskInstance: dag_etl.rename_extracted_file manual__2023-05-02T16:46:59.032836+00:00 [running]> on host 295d97741f96
[2023-05-02 16:47:22,834] {taskinstance.py:1571} INFO - Exporting the following env vars:
AIRFLOW_CTX_DAG_OWNER=Victor
AIRFLOW_CTX_DAG_ID=dag_etl
AIRFLOW_CTX_TASK_ID=rename_extracted_file
AIRFLOW_CTX_EXECUTION_DATE=2023-05-02T16:46:59.032836+00:00
AIRFLOW_CTX_TRY_NUMBER=1
AIRFLOW_CTX_DAG_RUN_ID=manual__2023-05-02T16:46:59.032836+00:00
[2023-05-02 16:47:22,841] {python.py:173} INFO - Done. Returned value was: /opt/***/data
[2023-05-02 16:47:23,098] {taskinstance.py:1400} INFO - Marking task as SUCCESS. dag_id=dag_etl, task_id=rename_extracted_file, execution_date=20230502T164659, start_date=20230502T164721, end_date=20230502T164723
[2023-05-02 16:47:23,177] {local_task_job.py:156} INFO - Task exited with return code 0
[2023-05-02 16:47:23,648] {local_task_job.py:273} INFO - 7 downstream tasks scheduled from follow-on schedule check
