[2023-05-02 15:14:05,827] {taskinstance.py:1159} INFO - Dependencies all met for <TaskInstance: dag_etl_date.rename_extracted_file manual__2023-05-02T15:13:48.299245+00:00 [queued]>
[2023-05-02 15:14:05,881] {taskinstance.py:1159} INFO - Dependencies all met for <TaskInstance: dag_etl_date.rename_extracted_file manual__2023-05-02T15:13:48.299245+00:00 [queued]>
[2023-05-02 15:14:05,882] {taskinstance.py:1356} INFO - 
--------------------------------------------------------------------------------
[2023-05-02 15:14:05,883] {taskinstance.py:1357} INFO - Starting attempt 1 of 6
[2023-05-02 15:14:05,884] {taskinstance.py:1358} INFO - 
--------------------------------------------------------------------------------
[2023-05-02 15:14:05,976] {taskinstance.py:1377} INFO - Executing <Task(_PythonDecoratedOperator): rename_extracted_file> on 2023-05-02 15:13:48.299245+00:00
[2023-05-02 15:14:05,986] {standard_task_runner.py:52} INFO - Started process 1636 to run task
[2023-05-02 15:14:05,995] {standard_task_runner.py:79} INFO - Running: ['***', 'tasks', 'run', 'dag_etl_date', 'rename_extracted_file', 'manual__2023-05-02T15:13:48.299245+00:00', '--job-id', '687', '--raw', '--subdir', 'DAGS_FOLDER/dag_etl_taskflow_date.py', '--cfg-path', '/tmp/tmph82fvacn', '--error-file', '/tmp/tmpd1fiy5yu']
[2023-05-02 15:14:05,998] {standard_task_runner.py:80} INFO - Job 687: Subtask rename_extracted_file
[2023-05-02 15:14:06,398] {task_command.py:370} INFO - Running <TaskInstance: dag_etl_date.rename_extracted_file manual__2023-05-02T15:13:48.299245+00:00 [running]> on host 295d97741f96
[2023-05-02 15:14:07,214] {taskinstance.py:1571} INFO - Exporting the following env vars:
AIRFLOW_CTX_DAG_OWNER=Victor
AIRFLOW_CTX_DAG_ID=dag_etl_date
AIRFLOW_CTX_TASK_ID=rename_extracted_file
AIRFLOW_CTX_EXECUTION_DATE=2023-05-02T15:13:48.299245+00:00
AIRFLOW_CTX_TRY_NUMBER=1
AIRFLOW_CTX_DAG_RUN_ID=manual__2023-05-02T15:13:48.299245+00:00
[2023-05-02 15:14:07,221] {python.py:173} INFO - Done. Returned value was: /opt/***/data
[2023-05-02 15:14:07,475] {taskinstance.py:1400} INFO - Marking task as SUCCESS. dag_id=dag_etl_date, task_id=rename_extracted_file, execution_date=20230502T151348, start_date=20230502T151405, end_date=20230502T151407
[2023-05-02 15:14:07,583] {local_task_job.py:156} INFO - Task exited with return code 0
[2023-05-02 15:14:08,023] {local_task_job.py:273} INFO - 0 downstream tasks scheduled from follow-on schedule check
