[2023-05-05 07:30:31,662] {taskinstance.py:1159} INFO - Dependencies all met for <TaskInstance: dag_etl.update_fact_table manual__2023-05-05T07:29:23.640537+00:00 [queued]>
[2023-05-05 07:30:31,723] {taskinstance.py:1159} INFO - Dependencies all met for <TaskInstance: dag_etl.update_fact_table manual__2023-05-05T07:29:23.640537+00:00 [queued]>
[2023-05-05 07:30:31,725] {taskinstance.py:1356} INFO - 
--------------------------------------------------------------------------------
[2023-05-05 07:30:31,726] {taskinstance.py:1357} INFO - Starting attempt 1 of 6
[2023-05-05 07:30:31,727] {taskinstance.py:1358} INFO - 
--------------------------------------------------------------------------------
[2023-05-05 07:30:31,817] {taskinstance.py:1377} INFO - Executing <Task(PostgresOperator): update_fact_table> on 2023-05-05 07:29:23.640537+00:00
[2023-05-05 07:30:31,827] {standard_task_runner.py:52} INFO - Started process 1145 to run task
[2023-05-05 07:30:31,836] {standard_task_runner.py:79} INFO - Running: ['***', 'tasks', 'run', 'dag_etl', 'update_fact_table', 'manual__2023-05-05T07:29:23.640537+00:00', '--job-id', '1070', '--raw', '--subdir', 'DAGS_FOLDER/dag_etl_taskflow.py', '--cfg-path', '/tmp/tmpff30_20v', '--error-file', '/tmp/tmp_3rzu6c0']
[2023-05-05 07:30:31,839] {standard_task_runner.py:80} INFO - Job 1070: Subtask update_fact_table
[2023-05-05 07:30:32,234] {task_command.py:370} INFO - Running <TaskInstance: dag_etl.update_fact_table manual__2023-05-05T07:29:23.640537+00:00 [running]> on host 295d97741f96
[2023-05-05 07:30:32,902] {taskinstance.py:1571} INFO - Exporting the following env vars:
AIRFLOW_CTX_DAG_OWNER=Victor
AIRFLOW_CTX_DAG_ID=dag_etl
AIRFLOW_CTX_TASK_ID=update_fact_table
AIRFLOW_CTX_EXECUTION_DATE=2023-05-05T07:29:23.640537+00:00
AIRFLOW_CTX_TRY_NUMBER=1
AIRFLOW_CTX_DAG_RUN_ID=manual__2023-05-05T07:29:23.640537+00:00
[2023-05-05 07:30:32,998] {base.py:68} INFO - Using connection ID 'postgres_conn' for task execution.
[2023-05-05 07:30:33,054] {dbapi.py:213} INFO - Running statement: 
            SET search_path TO dds;
            
            --// Обновляем таблицу с фактом свежей таблицей с фактами из stage //--
            INSERT INTO fact_sales (invoice_id, branch, city, customer_type, gender,
                                    product_line, unit_price, quantity, "tax_5%", total, date,
                                    time, payment, cogs, gross_margin_percentage, gross_income, rating)
            (SELECT 
                    distinct invoice_id, branch, city, customer_type, gender, 
                    product_line, unit_price, quantity, "tax_5%", total, date::date,
                    time, payment, cogs, gross_margin_percentage, gross_income, rating 
            FROM nds.fact_sales WHERE invoice_id NOT IN (SELECT distinct invoice_id FROM fact_sales));
            , parameters: None
[2023-05-05 07:30:33,109] {dbapi.py:221} INFO - Rows affected: 0
[2023-05-05 07:30:33,233] {taskinstance.py:1400} INFO - Marking task as SUCCESS. dag_id=dag_etl, task_id=update_fact_table, execution_date=20230505T072923, start_date=20230505T073031, end_date=20230505T073033
[2023-05-05 07:30:33,339] {local_task_job.py:156} INFO - Task exited with return code 0
[2023-05-05 07:30:33,708] {local_task_job.py:273} INFO - 0 downstream tasks scheduled from follow-on schedule check
