[2023-05-02 15:04:40,834] {taskinstance.py:1159} INFO - Dependencies all met for <TaskInstance: dag_etl_date.rename_extracted_file manual__2023-05-02T15:03:08.976412+00:00 [queued]>
[2023-05-02 15:04:42,166] {taskinstance.py:1159} INFO - Dependencies all met for <TaskInstance: dag_etl_date.rename_extracted_file manual__2023-05-02T15:03:08.976412+00:00 [queued]>
[2023-05-02 15:04:42,254] {taskinstance.py:1356} INFO - 
--------------------------------------------------------------------------------
[2023-05-02 15:04:42,255] {taskinstance.py:1357} INFO - Starting attempt 1 of 6
[2023-05-02 15:04:42,256] {taskinstance.py:1358} INFO - 
--------------------------------------------------------------------------------
[2023-05-02 15:04:44,083] {taskinstance.py:1377} INFO - Executing <Task(_PythonDecoratedOperator): rename_extracted_file> on 2023-05-02 15:03:08.976412+00:00
[2023-05-02 15:04:44,305] {standard_task_runner.py:52} INFO - Started process 647 to run task
[2023-05-02 15:04:44,562] {standard_task_runner.py:79} INFO - Running: ['***', 'tasks', 'run', 'dag_etl_date', 'rename_extracted_file', 'manual__2023-05-02T15:03:08.976412+00:00', '--job-id', '638', '--raw', '--subdir', 'DAGS_FOLDER/dag_etl_taskflow_date.py', '--cfg-path', '/tmp/tmpu7r8hdn1', '--error-file', '/tmp/tmprok_02g7']
[2023-05-02 15:04:44,626] {standard_task_runner.py:80} INFO - Job 638: Subtask rename_extracted_file
[2023-05-02 15:04:48,162] {task_command.py:370} INFO - Running <TaskInstance: dag_etl_date.rename_extracted_file manual__2023-05-02T15:03:08.976412+00:00 [running]> on host 295d97741f96
[2023-05-02 15:04:54,290] {taskinstance.py:1571} INFO - Exporting the following env vars:
AIRFLOW_CTX_DAG_OWNER=Victor
AIRFLOW_CTX_DAG_ID=dag_etl_date
AIRFLOW_CTX_TASK_ID=rename_extracted_file
AIRFLOW_CTX_EXECUTION_DATE=2023-05-02T15:03:08.976412+00:00
AIRFLOW_CTX_TRY_NUMBER=1
AIRFLOW_CTX_DAG_RUN_ID=manual__2023-05-02T15:03:08.976412+00:00
[2023-05-02 15:04:54,300] {python.py:173} INFO - Done. Returned value was: /opt/***/data
[2023-05-02 15:04:55,136] {taskinstance.py:1400} INFO - Marking task as SUCCESS. dag_id=dag_etl_date, task_id=rename_extracted_file, execution_date=20230502T150308, start_date=20230502T150440, end_date=20230502T150455
[2023-05-02 15:04:56,109] {local_task_job.py:156} INFO - Task exited with return code 0
[2023-05-02 15:05:02,824] {local_task_job.py:273} INFO - 0 downstream tasks scheduled from follow-on schedule check
