[2023-04-30 08:18:08,516] {taskinstance.py:1159} INFO - Dependencies all met for <TaskInstance: dag_etl.dim_product_line manual__2023-04-30T08:17:21.945533+00:00 [queued]>
[2023-04-30 08:18:08,733] {taskinstance.py:1159} INFO - Dependencies all met for <TaskInstance: dag_etl.dim_product_line manual__2023-04-30T08:17:21.945533+00:00 [queued]>
[2023-04-30 08:18:08,735] {taskinstance.py:1356} INFO - 
--------------------------------------------------------------------------------
[2023-04-30 08:18:08,736] {taskinstance.py:1357} INFO - Starting attempt 1 of 6
[2023-04-30 08:18:08,737] {taskinstance.py:1358} INFO - 
--------------------------------------------------------------------------------
[2023-04-30 08:18:09,028] {taskinstance.py:1377} INFO - Executing <Task(_PythonDecoratedOperator): dim_product_line> on 2023-04-30 08:17:21.945533+00:00
[2023-04-30 08:18:09,067] {standard_task_runner.py:52} INFO - Started process 726 to run task
[2023-04-30 08:18:09,094] {standard_task_runner.py:79} INFO - Running: ['***', 'tasks', 'run', 'dag_etl', 'dim_product_line', 'manual__2023-04-30T08:17:21.945533+00:00', '--job-id', '145', '--raw', '--subdir', 'DAGS_FOLDER/dag_etl_taskflow.py', '--cfg-path', '/tmp/tmpyvxq46ff', '--error-file', '/tmp/tmpcoow27w1']
[2023-04-30 08:18:09,129] {standard_task_runner.py:80} INFO - Job 145: Subtask dim_product_line
[2023-04-30 08:18:10,846] {task_command.py:370} INFO - Running <TaskInstance: dag_etl.dim_product_line manual__2023-04-30T08:17:21.945533+00:00 [running]> on host 295d97741f96
[2023-04-30 08:18:15,494] {taskinstance.py:1571} INFO - Exporting the following env vars:
AIRFLOW_CTX_DAG_OWNER=Victor
AIRFLOW_CTX_DAG_ID=dag_etl
AIRFLOW_CTX_TASK_ID=dim_product_line
AIRFLOW_CTX_EXECUTION_DATE=2023-04-30T08:17:21.945533+00:00
AIRFLOW_CTX_TRY_NUMBER=1
AIRFLOW_CTX_DAG_RUN_ID=manual__2023-04-30T08:17:21.945533+00:00
[2023-04-30 08:18:16,621] {base.py:68} INFO - Using connection ID 'postgres_conn' for task execution.
[2023-04-30 08:18:17,458] {python.py:173} INFO - Done. Returned value was: None
[2023-04-30 08:18:18,309] {taskinstance.py:1400} INFO - Marking task as SUCCESS. dag_id=dag_etl, task_id=dim_product_line, execution_date=20230430T081721, start_date=20230430T081808, end_date=20230430T081818
[2023-04-30 08:18:18,767] {local_task_job.py:156} INFO - Task exited with return code 0
[2023-04-30 08:18:19,930] {local_task_job.py:273} INFO - 0 downstream tasks scheduled from follow-on schedule check
