[2023-05-02 11:46:43,977] {taskinstance.py:1159} INFO - Dependencies all met for <TaskInstance: dag_etl.dim_time manual__2023-05-02T11:46:25.173746+00:00 [queued]>
[2023-05-02 11:46:44,100] {taskinstance.py:1159} INFO - Dependencies all met for <TaskInstance: dag_etl.dim_time manual__2023-05-02T11:46:25.173746+00:00 [queued]>
[2023-05-02 11:46:44,101] {taskinstance.py:1356} INFO - 
--------------------------------------------------------------------------------
[2023-05-02 11:46:44,102] {taskinstance.py:1357} INFO - Starting attempt 1 of 6
[2023-05-02 11:46:44,103] {taskinstance.py:1358} INFO - 
--------------------------------------------------------------------------------
[2023-05-02 11:46:44,281] {taskinstance.py:1377} INFO - Executing <Task(_PythonDecoratedOperator): dim_time> on 2023-05-02 11:46:25.173746+00:00
[2023-05-02 11:46:44,293] {standard_task_runner.py:52} INFO - Started process 1068 to run task
[2023-05-02 11:46:44,309] {standard_task_runner.py:79} INFO - Running: ['***', 'tasks', 'run', 'dag_etl', 'dim_time', 'manual__2023-05-02T11:46:25.173746+00:00', '--job-id', '507', '--raw', '--subdir', 'DAGS_FOLDER/dag_etl_taskflow.py', '--cfg-path', '/tmp/tmp_dd_exfg', '--error-file', '/tmp/tmp0li74t2e']
[2023-05-02 11:46:44,312] {standard_task_runner.py:80} INFO - Job 507: Subtask dim_time
[2023-05-02 11:46:44,792] {task_command.py:370} INFO - Running <TaskInstance: dag_etl.dim_time manual__2023-05-02T11:46:25.173746+00:00 [running]> on host 295d97741f96
[2023-05-02 11:46:45,857] {taskinstance.py:1571} INFO - Exporting the following env vars:
AIRFLOW_CTX_DAG_OWNER=Victor
AIRFLOW_CTX_DAG_ID=dag_etl
AIRFLOW_CTX_TASK_ID=dim_time
AIRFLOW_CTX_EXECUTION_DATE=2023-05-02T11:46:25.173746+00:00
AIRFLOW_CTX_TRY_NUMBER=1
AIRFLOW_CTX_DAG_RUN_ID=manual__2023-05-02T11:46:25.173746+00:00
[2023-05-02 11:46:46,361] {base.py:68} INFO - Using connection ID 'postgres_conn' for task execution.
[2023-05-02 11:46:47,159] {python.py:173} INFO - Done. Returned value was: None
[2023-05-02 11:46:47,559] {taskinstance.py:1400} INFO - Marking task as SUCCESS. dag_id=dag_etl, task_id=dim_time, execution_date=20230502T114625, start_date=20230502T114643, end_date=20230502T114647
[2023-05-02 11:46:47,754] {local_task_job.py:156} INFO - Task exited with return code 0
[2023-05-02 11:46:48,562] {local_task_job.py:273} INFO - 0 downstream tasks scheduled from follow-on schedule check
