[2023-05-04 05:14:56,596] {taskinstance.py:1159} INFO - Dependencies all met for <TaskInstance: dag_etl.dim_payment manual__2023-05-04T05:14:23.870311+00:00 [queued]>
[2023-05-04 05:14:56,781] {taskinstance.py:1159} INFO - Dependencies all met for <TaskInstance: dag_etl.dim_payment manual__2023-05-04T05:14:23.870311+00:00 [queued]>
[2023-05-04 05:14:56,782] {taskinstance.py:1356} INFO - 
--------------------------------------------------------------------------------
[2023-05-04 05:14:56,801] {taskinstance.py:1357} INFO - Starting attempt 1 of 6
[2023-05-04 05:14:56,802] {taskinstance.py:1358} INFO - 
--------------------------------------------------------------------------------
[2023-05-04 05:14:57,009] {taskinstance.py:1377} INFO - Executing <Task(_PythonDecoratedOperator): dim_payment> on 2023-05-04 05:14:23.870311+00:00
[2023-05-04 05:14:57,061] {standard_task_runner.py:52} INFO - Started process 1162 to run task
[2023-05-04 05:14:57,124] {standard_task_runner.py:79} INFO - Running: ['***', 'tasks', 'run', 'dag_etl', 'dim_payment', 'manual__2023-05-04T05:14:23.870311+00:00', '--job-id', '961', '--raw', '--subdir', 'DAGS_FOLDER/dag_etl_taskflow.py', '--cfg-path', '/tmp/tmp2vwc2wfw', '--error-file', '/tmp/tmp0zz3na21']
[2023-05-04 05:14:57,150] {standard_task_runner.py:80} INFO - Job 961: Subtask dim_payment
[2023-05-04 05:14:58,634] {task_command.py:370} INFO - Running <TaskInstance: dag_etl.dim_payment manual__2023-05-04T05:14:23.870311+00:00 [running]> on host 295d97741f96
[2023-05-04 05:15:05,317] {taskinstance.py:1571} INFO - Exporting the following env vars:
AIRFLOW_CTX_DAG_OWNER=Victor
AIRFLOW_CTX_DAG_ID=dag_etl
AIRFLOW_CTX_TASK_ID=dim_payment
AIRFLOW_CTX_EXECUTION_DATE=2023-05-04T05:14:23.870311+00:00
AIRFLOW_CTX_TRY_NUMBER=1
AIRFLOW_CTX_DAG_RUN_ID=manual__2023-05-04T05:14:23.870311+00:00
[2023-05-04 05:15:06,370] {base.py:68} INFO - Using connection ID 'postgres_conn' for task execution.
[2023-05-04 05:15:07,529] {python.py:173} INFO - Done. Returned value was: None
[2023-05-04 05:15:08,952] {taskinstance.py:1400} INFO - Marking task as SUCCESS. dag_id=dag_etl, task_id=dim_payment, execution_date=20230504T051423, start_date=20230504T051456, end_date=20230504T051508
[2023-05-04 05:15:09,184] {local_task_job.py:156} INFO - Task exited with return code 0
[2023-05-04 05:15:10,393] {local_task_job.py:273} INFO - 1 downstream tasks scheduled from follow-on schedule check
