[2023-05-03 18:36:01,359] {taskinstance.py:1159} INFO - Dependencies all met for <TaskInstance: dag_etl.update_fact_table manual__2023-05-03T18:34:59.697678+00:00 [queued]>
[2023-05-03 18:36:01,425] {taskinstance.py:1159} INFO - Dependencies all met for <TaskInstance: dag_etl.update_fact_table manual__2023-05-03T18:34:59.697678+00:00 [queued]>
[2023-05-03 18:36:01,427] {taskinstance.py:1356} INFO - 
--------------------------------------------------------------------------------
[2023-05-03 18:36:01,428] {taskinstance.py:1357} INFO - Starting attempt 1 of 6
[2023-05-03 18:36:01,428] {taskinstance.py:1358} INFO - 
--------------------------------------------------------------------------------
[2023-05-03 18:36:01,546] {taskinstance.py:1377} INFO - Executing <Task(PostgresOperator): update_fact_table> on 2023-05-03 18:34:59.697678+00:00
[2023-05-03 18:36:01,561] {standard_task_runner.py:52} INFO - Started process 585 to run task
[2023-05-03 18:36:01,583] {standard_task_runner.py:79} INFO - Running: ['***', 'tasks', 'run', 'dag_etl', 'update_fact_table', 'manual__2023-05-03T18:34:59.697678+00:00', '--job-id', '865', '--raw', '--subdir', 'DAGS_FOLDER/dag_etl_taskflow.py', '--cfg-path', '/tmp/tmp7ty73um0', '--error-file', '/tmp/tmpx1rs99k5']
[2023-05-03 18:36:01,586] {standard_task_runner.py:80} INFO - Job 865: Subtask update_fact_table
[2023-05-03 18:36:02,003] {task_command.py:370} INFO - Running <TaskInstance: dag_etl.update_fact_table manual__2023-05-03T18:34:59.697678+00:00 [running]> on host 295d97741f96
[2023-05-03 18:36:02,778] {taskinstance.py:1571} INFO - Exporting the following env vars:
AIRFLOW_CTX_DAG_OWNER=Victor
AIRFLOW_CTX_DAG_ID=dag_etl
AIRFLOW_CTX_TASK_ID=update_fact_table
AIRFLOW_CTX_EXECUTION_DATE=2023-05-03T18:34:59.697678+00:00
AIRFLOW_CTX_TRY_NUMBER=1
AIRFLOW_CTX_DAG_RUN_ID=manual__2023-05-03T18:34:59.697678+00:00
[2023-05-03 18:36:02,875] {base.py:68} INFO - Using connection ID 'postgres_conn' for task execution.
[2023-05-03 18:36:02,924] {dbapi.py:213} INFO - Running statement: 
            SET search_path TO dds;
            
            --// Обновляем таблицу с фактом свежей таблицей с фактами из stage //--
            INSERT INTO fact_sales (invoice_id, branch, city, customer_type, gender,
                                    product_line, unit_price, quantity, "tax_5%", total, date,
                                    time, payment, cogs, gross_margin_percentage, gross_income, rating)
            (SELECT 
                    invoice_id, branch, city, customer_type, gender, 
                    product_line, unit_price, quantity, "tax_5%", total, date::date,
                    time, payment, cogs, gross_margin_percentage, gross_income, rating 
            FROM nds.fact_sales WHERE invoice_id NOT IN (SELECT invoice_id FROM fact_sales));
            , parameters: None
[2023-05-03 18:36:02,969] {dbapi.py:221} INFO - Rows affected: 0
[2023-05-03 18:36:03,105] {taskinstance.py:1400} INFO - Marking task as SUCCESS. dag_id=dag_etl, task_id=update_fact_table, execution_date=20230503T183459, start_date=20230503T183601, end_date=20230503T183603
[2023-05-03 18:36:03,215] {local_task_job.py:156} INFO - Task exited with return code 0
[2023-05-03 18:36:03,573] {local_task_job.py:273} INFO - 1 downstream tasks scheduled from follow-on schedule check
