[2023-04-30 17:53:48,390] {taskinstance.py:1159} INFO - Dependencies all met for <TaskInstance: dag_etl.dim_customer_type manual__2023-04-30T17:52:03.144971+00:00 [queued]>
[2023-04-30 17:53:48,648] {taskinstance.py:1159} INFO - Dependencies all met for <TaskInstance: dag_etl.dim_customer_type manual__2023-04-30T17:52:03.144971+00:00 [queued]>
[2023-04-30 17:53:48,664] {taskinstance.py:1356} INFO - 
--------------------------------------------------------------------------------
[2023-04-30 17:53:48,670] {taskinstance.py:1357} INFO - Starting attempt 1 of 6
[2023-04-30 17:53:48,679] {taskinstance.py:1358} INFO - 
--------------------------------------------------------------------------------
[2023-04-30 17:53:48,976] {taskinstance.py:1377} INFO - Executing <Task(_PythonDecoratedOperator): dim_customer_type> on 2023-04-30 17:52:03.144971+00:00
[2023-04-30 17:53:49,025] {standard_task_runner.py:52} INFO - Started process 748 to run task
[2023-04-30 17:53:49,071] {standard_task_runner.py:79} INFO - Running: ['***', 'tasks', 'run', 'dag_etl', 'dim_customer_type', 'manual__2023-04-30T17:52:03.144971+00:00', '--job-id', '335', '--raw', '--subdir', 'DAGS_FOLDER/dag_etl_taskflow.py', '--cfg-path', '/tmp/tmpjp48mzpp', '--error-file', '/tmp/tmpb_n4tr_l']
[2023-04-30 17:53:49,086] {standard_task_runner.py:80} INFO - Job 335: Subtask dim_customer_type
[2023-04-30 17:53:50,523] {task_command.py:370} INFO - Running <TaskInstance: dag_etl.dim_customer_type manual__2023-04-30T17:52:03.144971+00:00 [running]> on host 295d97741f96
[2023-04-30 17:53:56,618] {taskinstance.py:1571} INFO - Exporting the following env vars:
AIRFLOW_CTX_DAG_OWNER=Victor
AIRFLOW_CTX_DAG_ID=dag_etl
AIRFLOW_CTX_TASK_ID=dim_customer_type
AIRFLOW_CTX_EXECUTION_DATE=2023-04-30T17:52:03.144971+00:00
AIRFLOW_CTX_TRY_NUMBER=1
AIRFLOW_CTX_DAG_RUN_ID=manual__2023-04-30T17:52:03.144971+00:00
[2023-04-30 17:53:58,516] {base.py:68} INFO - Using connection ID 'postgres_conn' for task execution.
[2023-04-30 17:54:00,359] {python.py:173} INFO - Done. Returned value was: None
[2023-04-30 17:54:06,856] {taskinstance.py:1400} INFO - Marking task as SUCCESS. dag_id=dag_etl, task_id=dim_customer_type, execution_date=20230430T175203, start_date=20230430T175348, end_date=20230430T175406
[2023-04-30 17:54:07,634] {local_task_job.py:156} INFO - Task exited with return code 0
[2023-04-30 17:54:12,084] {local_task_job.py:273} INFO - 0 downstream tasks scheduled from follow-on schedule check
