[2023-05-02 10:34:56,159] {taskinstance.py:1159} INFO - Dependencies all met for <TaskInstance: dag_etl.dim_payment scheduled__2023-04-30T00:00:00+00:00 [queued]>
[2023-05-02 10:34:56,351] {taskinstance.py:1159} INFO - Dependencies all met for <TaskInstance: dag_etl.dim_payment scheduled__2023-04-30T00:00:00+00:00 [queued]>
[2023-05-02 10:34:56,358] {taskinstance.py:1356} INFO - 
--------------------------------------------------------------------------------
[2023-05-02 10:34:56,367] {taskinstance.py:1357} INFO - Starting attempt 1 of 6
[2023-05-02 10:34:56,370] {taskinstance.py:1358} INFO - 
--------------------------------------------------------------------------------
[2023-05-02 10:34:56,874] {taskinstance.py:1377} INFO - Executing <Task(_PythonDecoratedOperator): dim_payment> on 2023-04-30 00:00:00+00:00
[2023-05-02 10:34:56,959] {standard_task_runner.py:52} INFO - Started process 715 to run task
[2023-05-02 10:34:57,033] {standard_task_runner.py:79} INFO - Running: ['***', 'tasks', 'run', 'dag_etl', 'dim_payment', 'scheduled__2023-04-30T00:00:00+00:00', '--job-id', '410', '--raw', '--subdir', 'DAGS_FOLDER/dag_etl_taskflow.py', '--cfg-path', '/tmp/tmpnrfvzrze', '--error-file', '/tmp/tmp2_5j8v7t']
[2023-05-02 10:34:57,054] {standard_task_runner.py:80} INFO - Job 410: Subtask dim_payment
[2023-05-02 10:34:59,346] {task_command.py:370} INFO - Running <TaskInstance: dag_etl.dim_payment scheduled__2023-04-30T00:00:00+00:00 [running]> on host 295d97741f96
[2023-05-02 10:35:03,879] {taskinstance.py:1571} INFO - Exporting the following env vars:
AIRFLOW_CTX_DAG_OWNER=Victor
AIRFLOW_CTX_DAG_ID=dag_etl
AIRFLOW_CTX_TASK_ID=dim_payment
AIRFLOW_CTX_EXECUTION_DATE=2023-04-30T00:00:00+00:00
AIRFLOW_CTX_TRY_NUMBER=1
AIRFLOW_CTX_DAG_RUN_ID=scheduled__2023-04-30T00:00:00+00:00
[2023-05-02 10:35:04,953] {base.py:68} INFO - Using connection ID 'postgres_conn' for task execution.
[2023-05-02 10:35:06,678] {python.py:173} INFO - Done. Returned value was: None
[2023-05-02 10:35:07,890] {taskinstance.py:1400} INFO - Marking task as SUCCESS. dag_id=dag_etl, task_id=dim_payment, execution_date=20230430T000000, start_date=20230502T103456, end_date=20230502T103507
[2023-05-02 10:35:08,265] {local_task_job.py:156} INFO - Task exited with return code 0
[2023-05-02 10:35:09,883] {local_task_job.py:273} INFO - 0 downstream tasks scheduled from follow-on schedule check
