[2023-05-02 15:12:16,761] {taskinstance.py:1159} INFO - Dependencies all met for <TaskInstance: dag_etl_date.fact_nds manual__2023-05-02T15:11:22.892155+00:00 [queued]>
[2023-05-02 15:12:16,817] {taskinstance.py:1159} INFO - Dependencies all met for <TaskInstance: dag_etl_date.fact_nds manual__2023-05-02T15:11:22.892155+00:00 [queued]>
[2023-05-02 15:12:16,818] {taskinstance.py:1356} INFO - 
--------------------------------------------------------------------------------
[2023-05-02 15:12:16,819] {taskinstance.py:1357} INFO - Starting attempt 1 of 6
[2023-05-02 15:12:16,820] {taskinstance.py:1358} INFO - 
--------------------------------------------------------------------------------
[2023-05-02 15:12:16,909] {taskinstance.py:1377} INFO - Executing <Task(_PythonDecoratedOperator): fact_nds> on 2023-05-02 15:11:22.892155+00:00
[2023-05-02 15:12:16,918] {standard_task_runner.py:52} INFO - Started process 1458 to run task
[2023-05-02 15:12:16,926] {standard_task_runner.py:79} INFO - Running: ['***', 'tasks', 'run', 'dag_etl_date', 'fact_nds', 'manual__2023-05-02T15:11:22.892155+00:00', '--job-id', '681', '--raw', '--subdir', 'DAGS_FOLDER/dag_etl_taskflow_date.py', '--cfg-path', '/tmp/tmp9b5cx8fj', '--error-file', '/tmp/tmpdegtaz20']
[2023-05-02 15:12:16,928] {standard_task_runner.py:80} INFO - Job 681: Subtask fact_nds
[2023-05-02 15:12:17,300] {task_command.py:370} INFO - Running <TaskInstance: dag_etl_date.fact_nds manual__2023-05-02T15:11:22.892155+00:00 [running]> on host 295d97741f96
[2023-05-02 15:12:18,101] {taskinstance.py:1571} INFO - Exporting the following env vars:
AIRFLOW_CTX_DAG_OWNER=Victor
AIRFLOW_CTX_DAG_ID=dag_etl_date
AIRFLOW_CTX_TASK_ID=fact_nds
AIRFLOW_CTX_EXECUTION_DATE=2023-05-02T15:11:22.892155+00:00
AIRFLOW_CTX_TRY_NUMBER=1
AIRFLOW_CTX_DAG_RUN_ID=manual__2023-05-02T15:11:22.892155+00:00
[2023-05-02 15:12:18,196] {base.py:68} INFO - Using connection ID 'postgres_conn' for task execution.
[2023-05-02 15:12:18,506] {base.py:68} INFO - Using connection ID 'postgres_conn' for task execution.
[2023-05-02 15:12:19,461] {python.py:173} INFO - Done. Returned value was: None
[2023-05-02 15:12:19,652] {taskinstance.py:1400} INFO - Marking task as SUCCESS. dag_id=dag_etl_date, task_id=fact_nds, execution_date=20230502T151122, start_date=20230502T151216, end_date=20230502T151219
[2023-05-02 15:12:19,741] {local_task_job.py:156} INFO - Task exited with return code 0
[2023-05-02 15:12:20,080] {local_task_job.py:273} INFO - 1 downstream tasks scheduled from follow-on schedule check
