[2023-04-30 07:10:33,874] {taskinstance.py:1159} INFO - Dependencies all met for <TaskInstance: dag_etl.dim_customer_type manual__2023-04-30T07:09:50.351284+00:00 [queued]>
[2023-04-30 07:10:34,116] {taskinstance.py:1159} INFO - Dependencies all met for <TaskInstance: dag_etl.dim_customer_type manual__2023-04-30T07:09:50.351284+00:00 [queued]>
[2023-04-30 07:10:34,120] {taskinstance.py:1356} INFO - 
--------------------------------------------------------------------------------
[2023-04-30 07:10:34,124] {taskinstance.py:1357} INFO - Starting attempt 1 of 6
[2023-04-30 07:10:34,133] {taskinstance.py:1358} INFO - 
--------------------------------------------------------------------------------
[2023-04-30 07:10:34,583] {taskinstance.py:1377} INFO - Executing <Task(_PythonDecoratedOperator): dim_customer_type> on 2023-04-30 07:09:50.351284+00:00
[2023-04-30 07:10:34,622] {standard_task_runner.py:52} INFO - Started process 1612 to run task
[2023-04-30 07:10:34,702] {standard_task_runner.py:79} INFO - Running: ['***', 'tasks', 'run', 'dag_etl', 'dim_customer_type', 'manual__2023-04-30T07:09:50.351284+00:00', '--job-id', '100', '--raw', '--subdir', 'DAGS_FOLDER/dag_etl_taskflow.py', '--cfg-path', '/tmp/tmppfq67roo', '--error-file', '/tmp/tmp_ynxdl9n']
[2023-04-30 07:10:34,709] {standard_task_runner.py:80} INFO - Job 100: Subtask dim_customer_type
[2023-04-30 07:10:36,453] {task_command.py:370} INFO - Running <TaskInstance: dag_etl.dim_customer_type manual__2023-04-30T07:09:50.351284+00:00 [running]> on host 295d97741f96
[2023-04-30 07:10:40,935] {taskinstance.py:1571} INFO - Exporting the following env vars:
AIRFLOW_CTX_DAG_OWNER=Victor
AIRFLOW_CTX_DAG_ID=dag_etl
AIRFLOW_CTX_TASK_ID=dim_customer_type
AIRFLOW_CTX_EXECUTION_DATE=2023-04-30T07:09:50.351284+00:00
AIRFLOW_CTX_TRY_NUMBER=1
AIRFLOW_CTX_DAG_RUN_ID=manual__2023-04-30T07:09:50.351284+00:00
[2023-04-30 07:10:43,043] {base.py:68} INFO - Using connection ID 'postgres_conn' for task execution.
[2023-04-30 07:10:44,438] {python.py:173} INFO - Done. Returned value was: None
[2023-04-30 07:10:47,669] {taskinstance.py:1400} INFO - Marking task as SUCCESS. dag_id=dag_etl, task_id=dim_customer_type, execution_date=20230430T070950, start_date=20230430T071033, end_date=20230430T071047
[2023-04-30 07:10:48,009] {local_task_job.py:156} INFO - Task exited with return code 0
[2023-04-30 07:10:49,539] {local_task_job.py:273} INFO - 0 downstream tasks scheduled from follow-on schedule check
