[2023-05-02 17:07:49,707] {taskinstance.py:1159} INFO - Dependencies all met for <TaskInstance: dag_etl.dim_customer_type manual__2023-05-02T17:07:23.457042+00:00 [queued]>
[2023-05-02 17:07:49,911] {taskinstance.py:1159} INFO - Dependencies all met for <TaskInstance: dag_etl.dim_customer_type manual__2023-05-02T17:07:23.457042+00:00 [queued]>
[2023-05-02 17:07:49,913] {taskinstance.py:1356} INFO - 
--------------------------------------------------------------------------------
[2023-05-02 17:07:49,915] {taskinstance.py:1357} INFO - Starting attempt 1 of 6
[2023-05-02 17:07:49,917] {taskinstance.py:1358} INFO - 
--------------------------------------------------------------------------------
[2023-05-02 17:07:50,272] {taskinstance.py:1377} INFO - Executing <Task(_PythonDecoratedOperator): dim_customer_type> on 2023-05-02 17:07:23.457042+00:00
[2023-05-02 17:07:50,308] {standard_task_runner.py:52} INFO - Started process 1987 to run task
[2023-05-02 17:07:50,348] {standard_task_runner.py:79} INFO - Running: ['***', 'tasks', 'run', 'dag_etl', 'dim_customer_type', 'manual__2023-05-02T17:07:23.457042+00:00', '--job-id', '823', '--raw', '--subdir', 'DAGS_FOLDER/dag_etl_taskflow.py', '--cfg-path', '/tmp/tmpbaxof32o', '--error-file', '/tmp/tmp63tt3qdi']
[2023-05-02 17:07:50,371] {standard_task_runner.py:80} INFO - Job 823: Subtask dim_customer_type
[2023-05-02 17:07:51,607] {task_command.py:370} INFO - Running <TaskInstance: dag_etl.dim_customer_type manual__2023-05-02T17:07:23.457042+00:00 [running]> on host 295d97741f96
[2023-05-02 17:07:55,803] {taskinstance.py:1571} INFO - Exporting the following env vars:
AIRFLOW_CTX_DAG_OWNER=Victor
AIRFLOW_CTX_DAG_ID=dag_etl
AIRFLOW_CTX_TASK_ID=dim_customer_type
AIRFLOW_CTX_EXECUTION_DATE=2023-05-02T17:07:23.457042+00:00
AIRFLOW_CTX_TRY_NUMBER=1
AIRFLOW_CTX_DAG_RUN_ID=manual__2023-05-02T17:07:23.457042+00:00
[2023-05-02 17:07:56,589] {base.py:68} INFO - Using connection ID 'postgres_conn' for task execution.
[2023-05-02 17:07:57,615] {python.py:173} INFO - Done. Returned value was: None
[2023-05-02 17:07:58,763] {taskinstance.py:1400} INFO - Marking task as SUCCESS. dag_id=dag_etl, task_id=dim_customer_type, execution_date=20230502T170723, start_date=20230502T170749, end_date=20230502T170758
[2023-05-02 17:07:59,413] {local_task_job.py:156} INFO - Task exited with return code 0
[2023-05-02 17:08:01,643] {local_task_job.py:273} INFO - 0 downstream tasks scheduled from follow-on schedule check
