[2023-04-30 09:03:33,265] {taskinstance.py:1159} INFO - Dependencies all met for <TaskInstance: dag_etl.rename_extracted_file manual__2023-04-30T09:03:00.358280+00:00 [queued]>
[2023-04-30 09:03:33,361] {taskinstance.py:1159} INFO - Dependencies all met for <TaskInstance: dag_etl.rename_extracted_file manual__2023-04-30T09:03:00.358280+00:00 [queued]>
[2023-04-30 09:03:33,364] {taskinstance.py:1356} INFO - 
--------------------------------------------------------------------------------
[2023-04-30 09:03:33,366] {taskinstance.py:1357} INFO - Starting attempt 1 of 6
[2023-04-30 09:03:33,370] {taskinstance.py:1358} INFO - 
--------------------------------------------------------------------------------
[2023-04-30 09:03:33,530] {taskinstance.py:1377} INFO - Executing <Task(_PythonDecoratedOperator): rename_extracted_file> on 2023-04-30 09:03:00.358280+00:00
[2023-04-30 09:03:33,553] {standard_task_runner.py:52} INFO - Started process 838 to run task
[2023-04-30 09:03:33,570] {standard_task_runner.py:79} INFO - Running: ['***', 'tasks', 'run', 'dag_etl', 'rename_extracted_file', 'manual__2023-04-30T09:03:00.358280+00:00', '--job-id', '204', '--raw', '--subdir', 'DAGS_FOLDER/dag_etl_taskflow.py', '--cfg-path', '/tmp/tmp3_upaeed', '--error-file', '/tmp/tmpong7ti6k']
[2023-04-30 09:03:33,582] {standard_task_runner.py:80} INFO - Job 204: Subtask rename_extracted_file
[2023-04-30 09:03:34,230] {task_command.py:370} INFO - Running <TaskInstance: dag_etl.rename_extracted_file manual__2023-04-30T09:03:00.358280+00:00 [running]> on host 295d97741f96
[2023-04-30 09:03:36,016] {taskinstance.py:1571} INFO - Exporting the following env vars:
AIRFLOW_CTX_DAG_OWNER=Victor
AIRFLOW_CTX_DAG_ID=dag_etl
AIRFLOW_CTX_TASK_ID=rename_extracted_file
AIRFLOW_CTX_EXECUTION_DATE=2023-04-30T09:03:00.358280+00:00
AIRFLOW_CTX_TRY_NUMBER=1
AIRFLOW_CTX_DAG_RUN_ID=manual__2023-04-30T09:03:00.358280+00:00
[2023-04-30 09:03:36,023] {python.py:173} INFO - Done. Returned value was: /opt/***/data
[2023-04-30 09:03:36,515] {taskinstance.py:1400} INFO - Marking task as SUCCESS. dag_id=dag_etl, task_id=rename_extracted_file, execution_date=20230430T090300, start_date=20230430T090333, end_date=20230430T090336
[2023-04-30 09:03:36,690] {local_task_job.py:156} INFO - Task exited with return code 0
[2023-04-30 09:03:37,391] {local_task_job.py:273} INFO - 7 downstream tasks scheduled from follow-on schedule check
