[2023-05-02 11:47:06,012] {taskinstance.py:1159} INFO - Dependencies all met for <TaskInstance: dag_etl.dim_branch manual__2023-05-02T11:46:25.173746+00:00 [queued]>
[2023-05-02 11:47:06,144] {taskinstance.py:1159} INFO - Dependencies all met for <TaskInstance: dag_etl.dim_branch manual__2023-05-02T11:46:25.173746+00:00 [queued]>
[2023-05-02 11:47:06,145] {taskinstance.py:1356} INFO - 
--------------------------------------------------------------------------------
[2023-05-02 11:47:06,146] {taskinstance.py:1357} INFO - Starting attempt 1 of 6
[2023-05-02 11:47:06,147] {taskinstance.py:1358} INFO - 
--------------------------------------------------------------------------------
[2023-05-02 11:47:06,359] {taskinstance.py:1377} INFO - Executing <Task(_PythonDecoratedOperator): dim_branch> on 2023-05-02 11:46:25.173746+00:00
[2023-05-02 11:47:06,390] {standard_task_runner.py:52} INFO - Started process 1128 to run task
[2023-05-02 11:47:06,410] {standard_task_runner.py:79} INFO - Running: ['***', 'tasks', 'run', 'dag_etl', 'dim_branch', 'manual__2023-05-02T11:46:25.173746+00:00', '--job-id', '515', '--raw', '--subdir', 'DAGS_FOLDER/dag_etl_taskflow.py', '--cfg-path', '/tmp/tmp4njvu_xf', '--error-file', '/tmp/tmp8dey191d']
[2023-05-02 11:47:06,420] {standard_task_runner.py:80} INFO - Job 515: Subtask dim_branch
[2023-05-02 11:47:07,340] {task_command.py:370} INFO - Running <TaskInstance: dag_etl.dim_branch manual__2023-05-02T11:46:25.173746+00:00 [running]> on host 295d97741f96
[2023-05-02 11:47:09,830] {taskinstance.py:1571} INFO - Exporting the following env vars:
AIRFLOW_CTX_DAG_OWNER=Victor
AIRFLOW_CTX_DAG_ID=dag_etl
AIRFLOW_CTX_TASK_ID=dim_branch
AIRFLOW_CTX_EXECUTION_DATE=2023-05-02T11:46:25.173746+00:00
AIRFLOW_CTX_TRY_NUMBER=1
AIRFLOW_CTX_DAG_RUN_ID=manual__2023-05-02T11:46:25.173746+00:00
[2023-05-02 11:47:10,272] {base.py:68} INFO - Using connection ID 'postgres_conn' for task execution.
[2023-05-02 11:47:10,899] {python.py:173} INFO - Done. Returned value was: None
[2023-05-02 11:47:11,981] {taskinstance.py:1400} INFO - Marking task as SUCCESS. dag_id=dag_etl, task_id=dim_branch, execution_date=20230502T114625, start_date=20230502T114706, end_date=20230502T114711
[2023-05-02 11:47:12,516] {local_task_job.py:156} INFO - Task exited with return code 0
[2023-05-02 11:47:13,707] {local_task_job.py:273} INFO - 1 downstream tasks scheduled from follow-on schedule check
