[2023-05-02 15:14:18,214] {taskinstance.py:1159} INFO - Dependencies all met for <TaskInstance: dag_etl_date.dim_payment manual__2023-05-02T15:13:48.299245+00:00 [queued]>
[2023-05-02 15:14:18,314] {taskinstance.py:1159} INFO - Dependencies all met for <TaskInstance: dag_etl_date.dim_payment manual__2023-05-02T15:13:48.299245+00:00 [queued]>
[2023-05-02 15:14:18,316] {taskinstance.py:1356} INFO - 
--------------------------------------------------------------------------------
[2023-05-02 15:14:18,317] {taskinstance.py:1357} INFO - Starting attempt 1 of 6
[2023-05-02 15:14:18,319] {taskinstance.py:1358} INFO - 
--------------------------------------------------------------------------------
[2023-05-02 15:14:18,604] {taskinstance.py:1377} INFO - Executing <Task(_PythonDecoratedOperator): dim_payment> on 2023-05-02 15:13:48.299245+00:00
[2023-05-02 15:14:18,624] {standard_task_runner.py:52} INFO - Started process 1681 to run task
[2023-05-02 15:14:18,661] {standard_task_runner.py:79} INFO - Running: ['***', 'tasks', 'run', 'dag_etl_date', 'dim_payment', 'manual__2023-05-02T15:13:48.299245+00:00', '--job-id', '688', '--raw', '--subdir', 'DAGS_FOLDER/dag_etl_taskflow_date.py', '--cfg-path', '/tmp/tmp8ala8kts', '--error-file', '/tmp/tmp5p73s6o9']
[2023-05-02 15:14:18,664] {standard_task_runner.py:80} INFO - Job 688: Subtask dim_payment
[2023-05-02 15:14:19,471] {task_command.py:370} INFO - Running <TaskInstance: dag_etl_date.dim_payment manual__2023-05-02T15:13:48.299245+00:00 [running]> on host 295d97741f96
[2023-05-02 15:14:25,895] {taskinstance.py:1571} INFO - Exporting the following env vars:
AIRFLOW_CTX_DAG_OWNER=Victor
AIRFLOW_CTX_DAG_ID=dag_etl_date
AIRFLOW_CTX_TASK_ID=dim_payment
AIRFLOW_CTX_EXECUTION_DATE=2023-05-02T15:13:48.299245+00:00
AIRFLOW_CTX_TRY_NUMBER=1
AIRFLOW_CTX_DAG_RUN_ID=manual__2023-05-02T15:13:48.299245+00:00
[2023-05-02 15:14:27,512] {base.py:68} INFO - Using connection ID 'postgres_conn' for task execution.
[2023-05-02 15:14:29,049] {python.py:173} INFO - Done. Returned value was: None
[2023-05-02 15:14:29,563] {taskinstance.py:1400} INFO - Marking task as SUCCESS. dag_id=dag_etl_date, task_id=dim_payment, execution_date=20230502T151348, start_date=20230502T151418, end_date=20230502T151429
[2023-05-02 15:14:29,781] {local_task_job.py:156} INFO - Task exited with return code 0
[2023-05-02 15:14:31,250] {local_task_job.py:273} INFO - 1 downstream tasks scheduled from follow-on schedule check
