[2023-05-02 15:35:31,698] {taskinstance.py:1159} INFO - Dependencies all met for <TaskInstance: dag_etl_date.dim_branch manual__2023-05-02T15:34:57.018665+00:00 [queued]>
[2023-05-02 15:35:31,822] {taskinstance.py:1159} INFO - Dependencies all met for <TaskInstance: dag_etl_date.dim_branch manual__2023-05-02T15:34:57.018665+00:00 [queued]>
[2023-05-02 15:35:31,824] {taskinstance.py:1356} INFO - 
--------------------------------------------------------------------------------
[2023-05-02 15:35:31,825] {taskinstance.py:1357} INFO - Starting attempt 1 of 6
[2023-05-02 15:35:31,833] {taskinstance.py:1358} INFO - 
--------------------------------------------------------------------------------
[2023-05-02 15:35:32,039] {taskinstance.py:1377} INFO - Executing <Task(_PythonDecoratedOperator): dim_branch> on 2023-05-02 15:34:57.018665+00:00
[2023-05-02 15:35:32,064] {standard_task_runner.py:52} INFO - Started process 928 to run task
[2023-05-02 15:35:32,094] {standard_task_runner.py:79} INFO - Running: ['***', 'tasks', 'run', 'dag_etl_date', 'dim_branch', 'manual__2023-05-02T15:34:57.018665+00:00', '--job-id', '741', '--raw', '--subdir', 'DAGS_FOLDER/dag_etl_taskflow_date.py', '--cfg-path', '/tmp/tmpsa6_qc5x', '--error-file', '/tmp/tmpp9w7_ulr']
[2023-05-02 15:35:32,100] {standard_task_runner.py:80} INFO - Job 741: Subtask dim_branch
[2023-05-02 15:35:33,625] {task_command.py:370} INFO - Running <TaskInstance: dag_etl_date.dim_branch manual__2023-05-02T15:34:57.018665+00:00 [running]> on host 295d97741f96
[2023-05-02 15:35:36,040] {taskinstance.py:1571} INFO - Exporting the following env vars:
AIRFLOW_CTX_DAG_OWNER=Victor
AIRFLOW_CTX_DAG_ID=dag_etl_date
AIRFLOW_CTX_TASK_ID=dim_branch
AIRFLOW_CTX_EXECUTION_DATE=2023-05-02T15:34:57.018665+00:00
AIRFLOW_CTX_TRY_NUMBER=1
AIRFLOW_CTX_DAG_RUN_ID=manual__2023-05-02T15:34:57.018665+00:00
[2023-05-02 15:35:37,215] {base.py:68} INFO - Using connection ID 'postgres_conn' for task execution.
[2023-05-02 15:35:38,086] {python.py:173} INFO - Done. Returned value was: None
[2023-05-02 15:35:39,251] {taskinstance.py:1400} INFO - Marking task as SUCCESS. dag_id=dag_etl_date, task_id=dim_branch, execution_date=20230502T153457, start_date=20230502T153531, end_date=20230502T153539
[2023-05-02 15:35:39,458] {local_task_job.py:156} INFO - Task exited with return code 0
[2023-05-02 15:35:40,246] {local_task_job.py:273} INFO - 0 downstream tasks scheduled from follow-on schedule check
