[2023-05-02 16:27:59,987] {taskinstance.py:1159} INFO - Dependencies all met for <TaskInstance: dag_etl.extract_from_s3 manual__2023-05-02T16:27:47.576051+00:00 [queued]>
[2023-05-02 16:28:00,085] {taskinstance.py:1159} INFO - Dependencies all met for <TaskInstance: dag_etl.extract_from_s3 manual__2023-05-02T16:27:47.576051+00:00 [queued]>
[2023-05-02 16:28:00,088] {taskinstance.py:1356} INFO - 
--------------------------------------------------------------------------------
[2023-05-02 16:28:00,090] {taskinstance.py:1357} INFO - Starting attempt 1 of 6
[2023-05-02 16:28:00,092] {taskinstance.py:1358} INFO - 
--------------------------------------------------------------------------------
[2023-05-02 16:28:00,249] {taskinstance.py:1377} INFO - Executing <Task(_PythonDecoratedOperator): extract_from_s3> on 2023-05-02 16:27:47.576051+00:00
[2023-05-02 16:28:00,265] {standard_task_runner.py:52} INFO - Started process 353 to run task
[2023-05-02 16:28:00,297] {standard_task_runner.py:79} INFO - Running: ['***', 'tasks', 'run', 'dag_etl', 'extract_from_s3', 'manual__2023-05-02T16:27:47.576051+00:00', '--job-id', '751', '--raw', '--subdir', 'DAGS_FOLDER/dag_etl_taskflow.py', '--cfg-path', '/tmp/tmpyxfh6j3n', '--error-file', '/tmp/tmp266v326_']
[2023-05-02 16:28:00,301] {standard_task_runner.py:80} INFO - Job 751: Subtask extract_from_s3
[2023-05-02 16:28:00,953] {task_command.py:370} INFO - Running <TaskInstance: dag_etl.extract_from_s3 manual__2023-05-02T16:27:47.576051+00:00 [running]> on host 295d97741f96
[2023-05-02 16:28:01,840] {taskinstance.py:1571} INFO - Exporting the following env vars:
AIRFLOW_CTX_DAG_OWNER=Victor
AIRFLOW_CTX_DAG_ID=dag_etl
AIRFLOW_CTX_TASK_ID=extract_from_s3
AIRFLOW_CTX_EXECUTION_DATE=2023-05-02T16:27:47.576051+00:00
AIRFLOW_CTX_TRY_NUMBER=1
AIRFLOW_CTX_DAG_RUN_ID=manual__2023-05-02T16:27:47.576051+00:00
[2023-05-02 16:28:01,845] {s3.py:861} INFO - Downloading source S3 file from Bucket raw with path supermarket_sales.csv
[2023-05-02 16:28:01,957] {base.py:68} INFO - Using connection ID 'minio_conn' for task execution.
[2023-05-02 16:28:01,966] {base_aws.py:206} INFO - Credentials retrieved from login
[2023-05-02 16:28:02,984] {python.py:173} INFO - Done. Returned value was: /opt/***/data/***_tmp_b5dtzol1
[2023-05-02 16:28:03,363] {taskinstance.py:1400} INFO - Marking task as SUCCESS. dag_id=dag_etl, task_id=extract_from_s3, execution_date=20230502T162747, start_date=20230502T162759, end_date=20230502T162803
[2023-05-02 16:28:03,514] {local_task_job.py:156} INFO - Task exited with return code 0
[2023-05-02 16:28:03,993] {local_task_job.py:273} INFO - 1 downstream tasks scheduled from follow-on schedule check
