[2023-04-30 17:59:35,714] {taskinstance.py:1159} INFO - Dependencies all met for <TaskInstance: dag_etl.delete_s3_obj scheduled__2023-04-27T00:00:00+00:00 [queued]>
[2023-04-30 17:59:36,543] {taskinstance.py:1159} INFO - Dependencies all met for <TaskInstance: dag_etl.delete_s3_obj scheduled__2023-04-27T00:00:00+00:00 [queued]>
[2023-04-30 17:59:36,548] {taskinstance.py:1356} INFO - 
--------------------------------------------------------------------------------
[2023-04-30 17:59:36,558] {taskinstance.py:1357} INFO - Starting attempt 3 of 6
[2023-04-30 17:59:36,564] {taskinstance.py:1358} INFO - 
--------------------------------------------------------------------------------
[2023-04-30 17:59:37,917] {taskinstance.py:1377} INFO - Executing <Task(S3DeleteObjectsOperator): delete_s3_obj> on 2023-04-27 00:00:00+00:00
[2023-04-30 17:59:38,081] {standard_task_runner.py:52} INFO - Started process 1189 to run task
[2023-04-30 17:59:38,122] {standard_task_runner.py:79} INFO - Running: ['***', 'tasks', 'run', 'dag_etl', 'delete_s3_obj', 'scheduled__2023-04-27T00:00:00+00:00', '--job-id', '345', '--raw', '--subdir', 'DAGS_FOLDER/dag_etl_taskflow.py', '--cfg-path', '/tmp/tmpspn1sj50', '--error-file', '/tmp/tmp37zk7z7u']
[2023-04-30 17:59:38,141] {standard_task_runner.py:80} INFO - Job 345: Subtask delete_s3_obj
[2023-04-30 17:59:40,208] {task_command.py:370} INFO - Running <TaskInstance: dag_etl.delete_s3_obj scheduled__2023-04-27T00:00:00+00:00 [running]> on host 295d97741f96
[2023-04-30 17:59:44,987] {taskinstance.py:1571} INFO - Exporting the following env vars:
AIRFLOW_CTX_DAG_OWNER=Victor
AIRFLOW_CTX_DAG_ID=dag_etl
AIRFLOW_CTX_TASK_ID=delete_s3_obj
AIRFLOW_CTX_EXECUTION_DATE=2023-04-27T00:00:00+00:00
AIRFLOW_CTX_TRY_NUMBER=3
AIRFLOW_CTX_DAG_RUN_ID=scheduled__2023-04-27T00:00:00+00:00
[2023-04-30 17:59:45,461] {base.py:68} INFO - Using connection ID 'minio_conn' for task execution.
[2023-04-30 17:59:45,524] {base_aws.py:206} INFO - Credentials retrieved from login
[2023-04-30 17:59:49,464] {s3.py:841} INFO - Deleted: ['supermarket_sales.csv']
[2023-04-30 17:59:50,663] {taskinstance.py:1400} INFO - Marking task as SUCCESS. dag_id=dag_etl, task_id=delete_s3_obj, execution_date=20230427T000000, start_date=20230430T175935, end_date=20230430T175950
[2023-04-30 17:59:57,472] {local_task_job.py:156} INFO - Task exited with return code 0
[2023-04-30 18:00:01,484] {local_task_job.py:273} INFO - 0 downstream tasks scheduled from follow-on schedule check
