[2023-04-30 12:01:59,477] {taskinstance.py:1159} INFO - Dependencies all met for <TaskInstance: dag_etl.delete_s3_obj scheduled__2023-04-27T00:00:00+00:00 [queued]>
[2023-04-30 12:02:00,365] {taskinstance.py:1159} INFO - Dependencies all met for <TaskInstance: dag_etl.delete_s3_obj scheduled__2023-04-27T00:00:00+00:00 [queued]>
[2023-04-30 12:02:00,371] {taskinstance.py:1356} INFO - 
--------------------------------------------------------------------------------
[2023-04-30 12:02:00,376] {taskinstance.py:1357} INFO - Starting attempt 1 of 6
[2023-04-30 12:02:00,381] {taskinstance.py:1358} INFO - 
--------------------------------------------------------------------------------
[2023-04-30 12:02:01,331] {taskinstance.py:1377} INFO - Executing <Task(S3DeleteObjectsOperator): delete_s3_obj> on 2023-04-27 00:00:00+00:00
[2023-04-30 12:02:01,482] {standard_task_runner.py:52} INFO - Started process 865 to run task
[2023-04-30 12:02:01,551] {standard_task_runner.py:79} INFO - Running: ['***', 'tasks', 'run', 'dag_etl', 'delete_s3_obj', 'scheduled__2023-04-27T00:00:00+00:00', '--job-id', '275', '--raw', '--subdir', 'DAGS_FOLDER/dag_etl_taskflow.py', '--cfg-path', '/tmp/tmp1y3yi96a', '--error-file', '/tmp/tmpzb4adtf3']
[2023-04-30 12:02:01,571] {standard_task_runner.py:80} INFO - Job 275: Subtask delete_s3_obj
[2023-04-30 12:02:04,292] {task_command.py:370} INFO - Running <TaskInstance: dag_etl.delete_s3_obj scheduled__2023-04-27T00:00:00+00:00 [running]> on host 295d97741f96
[2023-04-30 12:02:12,347] {taskinstance.py:1571} INFO - Exporting the following env vars:
AIRFLOW_CTX_DAG_OWNER=Victor
AIRFLOW_CTX_DAG_ID=dag_etl
AIRFLOW_CTX_TASK_ID=delete_s3_obj
AIRFLOW_CTX_EXECUTION_DATE=2023-04-27T00:00:00+00:00
AIRFLOW_CTX_TRY_NUMBER=1
AIRFLOW_CTX_DAG_RUN_ID=scheduled__2023-04-27T00:00:00+00:00
[2023-04-30 12:02:12,934] {base.py:68} INFO - Using connection ID 'minio_conn' for task execution.
[2023-04-30 12:02:13,038] {base_aws.py:206} INFO - Credentials retrieved from login
[2023-04-30 12:02:20,752] {s3.py:841} INFO - Deleted: ['supermarket_sales.csv']
[2023-04-30 12:02:22,741] {taskinstance.py:1400} INFO - Marking task as SUCCESS. dag_id=dag_etl, task_id=delete_s3_obj, execution_date=20230427T000000, start_date=20230430T120159, end_date=20230430T120222
[2023-04-30 12:02:23,238] {local_task_job.py:156} INFO - Task exited with return code 0
[2023-04-30 12:02:23,724] {local_task_job.py:273} INFO - 0 downstream tasks scheduled from follow-on schedule check
