[2023-04-30 15:44:35,062] {taskinstance.py:1159} INFO - Dependencies all met for <TaskInstance: dag_etl.extract_from_s3 manual__2023-04-30T15:43:25.508231+00:00 [queued]>
[2023-04-30 15:44:35,283] {taskinstance.py:1159} INFO - Dependencies all met for <TaskInstance: dag_etl.extract_from_s3 manual__2023-04-30T15:43:25.508231+00:00 [queued]>
[2023-04-30 15:44:35,286] {taskinstance.py:1356} INFO - 
--------------------------------------------------------------------------------
[2023-04-30 15:44:35,287] {taskinstance.py:1357} INFO - Starting attempt 1 of 6
[2023-04-30 15:44:35,289] {taskinstance.py:1358} INFO - 
--------------------------------------------------------------------------------
[2023-04-30 15:44:35,569] {taskinstance.py:1377} INFO - Executing <Task(_PythonDecoratedOperator): extract_from_s3> on 2023-04-30 15:43:25.508231+00:00
[2023-04-30 15:44:35,589] {standard_task_runner.py:52} INFO - Started process 666 to run task
[2023-04-30 15:44:35,629] {standard_task_runner.py:79} INFO - Running: ['***', 'tasks', 'run', 'dag_etl', 'extract_from_s3', 'manual__2023-04-30T15:43:25.508231+00:00', '--job-id', '305', '--raw', '--subdir', 'DAGS_FOLDER/dag_etl_taskflow.py', '--cfg-path', '/tmp/tmpae8hhllh', '--error-file', '/tmp/tmppgjk2c1m']
[2023-04-30 15:44:35,654] {standard_task_runner.py:80} INFO - Job 305: Subtask extract_from_s3
[2023-04-30 15:44:36,698] {task_command.py:370} INFO - Running <TaskInstance: dag_etl.extract_from_s3 manual__2023-04-30T15:43:25.508231+00:00 [running]> on host 295d97741f96
[2023-04-30 15:44:38,333] {taskinstance.py:1571} INFO - Exporting the following env vars:
AIRFLOW_CTX_DAG_OWNER=Victor
AIRFLOW_CTX_DAG_ID=dag_etl
AIRFLOW_CTX_TASK_ID=extract_from_s3
AIRFLOW_CTX_EXECUTION_DATE=2023-04-30T15:43:25.508231+00:00
AIRFLOW_CTX_TRY_NUMBER=1
AIRFLOW_CTX_DAG_RUN_ID=manual__2023-04-30T15:43:25.508231+00:00
[2023-04-30 15:44:38,357] {s3.py:861} INFO - Downloading source S3 file from Bucket raw with path supermarket_sales.csv
[2023-04-30 15:44:38,680] {base.py:68} INFO - Using connection ID 'minio_conn' for task execution.
[2023-04-30 15:44:38,687] {base_aws.py:206} INFO - Credentials retrieved from login
[2023-04-30 15:44:42,067] {python.py:173} INFO - Done. Returned value was: /opt/***/data/***_tmp_7fjj_wfr
[2023-04-30 15:44:43,926] {taskinstance.py:1400} INFO - Marking task as SUCCESS. dag_id=dag_etl, task_id=extract_from_s3, execution_date=20230430T154325, start_date=20230430T154435, end_date=20230430T154443
[2023-04-30 15:44:44,451] {local_task_job.py:156} INFO - Task exited with return code 0
[2023-04-30 15:44:46,773] {local_task_job.py:273} INFO - 0 downstream tasks scheduled from follow-on schedule check
