[2023-04-30 09:06:16,176] {taskinstance.py:1159} INFO - Dependencies all met for <TaskInstance: dag_etl.dim_product_line manual__2023-04-30T09:05:15.056494+00:00 [queued]>
[2023-04-30 09:06:16,467] {taskinstance.py:1159} INFO - Dependencies all met for <TaskInstance: dag_etl.dim_product_line manual__2023-04-30T09:05:15.056494+00:00 [queued]>
[2023-04-30 09:06:16,472] {taskinstance.py:1356} INFO - 
--------------------------------------------------------------------------------
[2023-04-30 09:06:16,479] {taskinstance.py:1357} INFO - Starting attempt 1 of 6
[2023-04-30 09:06:16,494] {taskinstance.py:1358} INFO - 
--------------------------------------------------------------------------------
[2023-04-30 09:06:16,980] {taskinstance.py:1377} INFO - Executing <Task(_PythonDecoratedOperator): dim_product_line> on 2023-04-30 09:05:15.056494+00:00
[2023-04-30 09:06:17,012] {standard_task_runner.py:52} INFO - Started process 1105 to run task
[2023-04-30 09:06:17,048] {standard_task_runner.py:79} INFO - Running: ['***', 'tasks', 'run', 'dag_etl', 'dim_product_line', 'manual__2023-04-30T09:05:15.056494+00:00', '--job-id', '222', '--raw', '--subdir', 'DAGS_FOLDER/dag_etl_taskflow.py', '--cfg-path', '/tmp/tmpovg_8y1u', '--error-file', '/tmp/tmp0xlnx7_z']
[2023-04-30 09:06:17,056] {standard_task_runner.py:80} INFO - Job 222: Subtask dim_product_line
[2023-04-30 09:06:19,092] {task_command.py:370} INFO - Running <TaskInstance: dag_etl.dim_product_line manual__2023-04-30T09:05:15.056494+00:00 [running]> on host 295d97741f96
[2023-04-30 09:06:20,844] {taskinstance.py:1571} INFO - Exporting the following env vars:
AIRFLOW_CTX_DAG_OWNER=Victor
AIRFLOW_CTX_DAG_ID=dag_etl
AIRFLOW_CTX_TASK_ID=dim_product_line
AIRFLOW_CTX_EXECUTION_DATE=2023-04-30T09:05:15.056494+00:00
AIRFLOW_CTX_TRY_NUMBER=1
AIRFLOW_CTX_DAG_RUN_ID=manual__2023-04-30T09:05:15.056494+00:00
[2023-04-30 09:06:21,652] {base.py:68} INFO - Using connection ID 'postgres_conn' for task execution.
[2023-04-30 09:06:22,744] {python.py:173} INFO - Done. Returned value was: None
[2023-04-30 09:06:23,346] {taskinstance.py:1400} INFO - Marking task as SUCCESS. dag_id=dag_etl, task_id=dim_product_line, execution_date=20230430T090515, start_date=20230430T090616, end_date=20230430T090623
[2023-04-30 09:06:23,692] {local_task_job.py:156} INFO - Task exited with return code 0
[2023-04-30 09:06:25,366] {local_task_job.py:273} INFO - 0 downstream tasks scheduled from follow-on schedule check
