[2023-04-30 08:17:49,346] {taskinstance.py:1159} INFO - Dependencies all met for <TaskInstance: dag_etl.rename_extracted_file manual__2023-04-30T08:17:21.945533+00:00 [queued]>
[2023-04-30 08:17:49,403] {taskinstance.py:1159} INFO - Dependencies all met for <TaskInstance: dag_etl.rename_extracted_file manual__2023-04-30T08:17:21.945533+00:00 [queued]>
[2023-04-30 08:17:49,405] {taskinstance.py:1356} INFO - 
--------------------------------------------------------------------------------
[2023-04-30 08:17:49,406] {taskinstance.py:1357} INFO - Starting attempt 1 of 6
[2023-04-30 08:17:49,406] {taskinstance.py:1358} INFO - 
--------------------------------------------------------------------------------
[2023-04-30 08:17:49,500] {taskinstance.py:1377} INFO - Executing <Task(_PythonDecoratedOperator): rename_extracted_file> on 2023-04-30 08:17:21.945533+00:00
[2023-04-30 08:17:49,512] {standard_task_runner.py:52} INFO - Started process 671 to run task
[2023-04-30 08:17:49,545] {standard_task_runner.py:79} INFO - Running: ['***', 'tasks', 'run', 'dag_etl', 'rename_extracted_file', 'manual__2023-04-30T08:17:21.945533+00:00', '--job-id', '139', '--raw', '--subdir', 'DAGS_FOLDER/dag_etl_taskflow.py', '--cfg-path', '/tmp/tmp4h6dtsie', '--error-file', '/tmp/tmpovescexm']
[2023-04-30 08:17:49,550] {standard_task_runner.py:80} INFO - Job 139: Subtask rename_extracted_file
[2023-04-30 08:17:49,931] {task_command.py:370} INFO - Running <TaskInstance: dag_etl.rename_extracted_file manual__2023-04-30T08:17:21.945533+00:00 [running]> on host 295d97741f96
[2023-04-30 08:17:50,613] {taskinstance.py:1571} INFO - Exporting the following env vars:
AIRFLOW_CTX_DAG_OWNER=Victor
AIRFLOW_CTX_DAG_ID=dag_etl
AIRFLOW_CTX_TASK_ID=rename_extracted_file
AIRFLOW_CTX_EXECUTION_DATE=2023-04-30T08:17:21.945533+00:00
AIRFLOW_CTX_TRY_NUMBER=1
AIRFLOW_CTX_DAG_RUN_ID=manual__2023-04-30T08:17:21.945533+00:00
[2023-04-30 08:17:50,620] {python.py:173} INFO - Done. Returned value was: /opt/***/data
[2023-04-30 08:17:50,868] {taskinstance.py:1400} INFO - Marking task as SUCCESS. dag_id=dag_etl, task_id=rename_extracted_file, execution_date=20230430T081721, start_date=20230430T081749, end_date=20230430T081750
[2023-04-30 08:17:50,973] {local_task_job.py:156} INFO - Task exited with return code 0
[2023-04-30 08:17:51,552] {local_task_job.py:273} INFO - 9 downstream tasks scheduled from follow-on schedule check
