[2023-05-02 15:14:19,762] {taskinstance.py:1159} INFO - Dependencies all met for <TaskInstance: dag_etl_date.dim_branch manual__2023-05-02T15:13:48.299245+00:00 [queued]>
[2023-05-02 15:14:19,882] {taskinstance.py:1159} INFO - Dependencies all met for <TaskInstance: dag_etl_date.dim_branch manual__2023-05-02T15:13:48.299245+00:00 [queued]>
[2023-05-02 15:14:19,885] {taskinstance.py:1356} INFO - 
--------------------------------------------------------------------------------
[2023-05-02 15:14:19,887] {taskinstance.py:1357} INFO - Starting attempt 1 of 6
[2023-05-02 15:14:19,888] {taskinstance.py:1358} INFO - 
--------------------------------------------------------------------------------
[2023-05-02 15:14:20,083] {taskinstance.py:1377} INFO - Executing <Task(_PythonDecoratedOperator): dim_branch> on 2023-05-02 15:13:48.299245+00:00
[2023-05-02 15:14:20,116] {standard_task_runner.py:52} INFO - Started process 1687 to run task
[2023-05-02 15:14:20,161] {standard_task_runner.py:79} INFO - Running: ['***', 'tasks', 'run', 'dag_etl_date', 'dim_branch', 'manual__2023-05-02T15:13:48.299245+00:00', '--job-id', '694', '--raw', '--subdir', 'DAGS_FOLDER/dag_etl_taskflow_date.py', '--cfg-path', '/tmp/tmpkz6zjd7u', '--error-file', '/tmp/tmpi5h15937']
[2023-05-02 15:14:20,170] {standard_task_runner.py:80} INFO - Job 694: Subtask dim_branch
[2023-05-02 15:14:21,612] {task_command.py:370} INFO - Running <TaskInstance: dag_etl_date.dim_branch manual__2023-05-02T15:13:48.299245+00:00 [running]> on host 295d97741f96
[2023-05-02 15:14:25,922] {taskinstance.py:1571} INFO - Exporting the following env vars:
AIRFLOW_CTX_DAG_OWNER=Victor
AIRFLOW_CTX_DAG_ID=dag_etl_date
AIRFLOW_CTX_TASK_ID=dim_branch
AIRFLOW_CTX_EXECUTION_DATE=2023-05-02T15:13:48.299245+00:00
AIRFLOW_CTX_TRY_NUMBER=1
AIRFLOW_CTX_DAG_RUN_ID=manual__2023-05-02T15:13:48.299245+00:00
[2023-05-02 15:14:27,519] {base.py:68} INFO - Using connection ID 'postgres_conn' for task execution.
[2023-05-02 15:14:29,039] {python.py:173} INFO - Done. Returned value was: None
[2023-05-02 15:14:29,410] {taskinstance.py:1400} INFO - Marking task as SUCCESS. dag_id=dag_etl_date, task_id=dim_branch, execution_date=20230502T151348, start_date=20230502T151419, end_date=20230502T151429
[2023-05-02 15:14:29,701] {local_task_job.py:156} INFO - Task exited with return code 0
[2023-05-02 15:14:31,628] {local_task_job.py:273} INFO - 0 downstream tasks scheduled from follow-on schedule check
