[2023-04-30 07:02:03,623] {taskinstance.py:1159} INFO - Dependencies all met for <TaskInstance: dag_etl.sensor_s3_obj manual__2023-04-30T07:01:56.678142+00:00 [queued]>
[2023-04-30 07:02:03,743] {taskinstance.py:1159} INFO - Dependencies all met for <TaskInstance: dag_etl.sensor_s3_obj manual__2023-04-30T07:01:56.678142+00:00 [queued]>
[2023-04-30 07:02:03,744] {taskinstance.py:1356} INFO - 
--------------------------------------------------------------------------------
[2023-04-30 07:02:03,745] {taskinstance.py:1357} INFO - Starting attempt 1 of 6
[2023-04-30 07:02:03,747] {taskinstance.py:1358} INFO - 
--------------------------------------------------------------------------------
[2023-04-30 07:02:03,923] {taskinstance.py:1377} INFO - Executing <Task(S3KeySensor): sensor_s3_obj> on 2023-04-30 07:01:56.678142+00:00
[2023-04-30 07:02:03,947] {standard_task_runner.py:52} INFO - Started process 770 to run task
[2023-04-30 07:02:03,963] {standard_task_runner.py:79} INFO - Running: ['***', 'tasks', 'run', 'dag_etl', 'sensor_s3_obj', 'manual__2023-04-30T07:01:56.678142+00:00', '--job-id', '44', '--raw', '--subdir', 'DAGS_FOLDER/dag_etl_taskflow.py', '--cfg-path', '/tmp/tmpf7_dfmg2', '--error-file', '/tmp/tmp08a7f2cr']
[2023-04-30 07:02:03,971] {standard_task_runner.py:80} INFO - Job 44: Subtask sensor_s3_obj
[2023-04-30 07:02:04,783] {task_command.py:370} INFO - Running <TaskInstance: dag_etl.sensor_s3_obj manual__2023-04-30T07:01:56.678142+00:00 [running]> on host 295d97741f96
[2023-04-30 07:02:05,695] {taskinstance.py:1571} INFO - Exporting the following env vars:
AIRFLOW_CTX_DAG_OWNER=Victor
AIRFLOW_CTX_DAG_ID=dag_etl
AIRFLOW_CTX_TASK_ID=sensor_s3_obj
AIRFLOW_CTX_EXECUTION_DATE=2023-04-30T07:01:56.678142+00:00
AIRFLOW_CTX_TRY_NUMBER=1
AIRFLOW_CTX_DAG_RUN_ID=manual__2023-04-30T07:01:56.678142+00:00
[2023-04-30 07:02:05,709] {s3.py:104} INFO - Poking for key : s3://raw/supermarket_sales.csv
[2023-04-30 07:02:05,840] {base.py:68} INFO - Using connection ID 'minio_conn' for task execution.
[2023-04-30 07:02:05,846] {base_aws.py:206} INFO - Credentials retrieved from login
[2023-04-30 07:02:11,840] {s3.py:104} INFO - Poking for key : s3://raw/supermarket_sales.csv
[2023-04-30 07:02:16,861] {s3.py:104} INFO - Poking for key : s3://raw/supermarket_sales.csv
[2023-04-30 07:02:21,886] {s3.py:104} INFO - Poking for key : s3://raw/supermarket_sales.csv
[2023-04-30 07:02:21,908] {base.py:301} INFO - Success criteria met. Exiting.
[2023-04-30 07:02:22,044] {taskinstance.py:1400} INFO - Marking task as SUCCESS. dag_id=dag_etl, task_id=sensor_s3_obj, execution_date=20230430T070156, start_date=20230430T070203, end_date=20230430T070222
[2023-04-30 07:02:22,124] {local_task_job.py:156} INFO - Task exited with return code 0
[2023-04-30 07:02:22,784] {local_task_job.py:273} INFO - 0 downstream tasks scheduled from follow-on schedule check
