[2023-05-02 10:38:12,116] {taskinstance.py:1159} INFO - Dependencies all met for <TaskInstance: dag_etl.dim_date scheduled__2023-05-01T00:00:00+00:00 [queued]>
[2023-05-02 10:38:12,754] {taskinstance.py:1159} INFO - Dependencies all met for <TaskInstance: dag_etl.dim_date scheduled__2023-05-01T00:00:00+00:00 [queued]>
[2023-05-02 10:38:12,775] {taskinstance.py:1356} INFO - 
--------------------------------------------------------------------------------
[2023-05-02 10:38:12,782] {taskinstance.py:1357} INFO - Starting attempt 1 of 6
[2023-05-02 10:38:12,793] {taskinstance.py:1358} INFO - 
--------------------------------------------------------------------------------
[2023-05-02 10:38:13,954] {taskinstance.py:1377} INFO - Executing <Task(_PythonDecoratedOperator): dim_date> on 2023-05-01 00:00:00+00:00
[2023-05-02 10:38:14,087] {standard_task_runner.py:52} INFO - Started process 1072 to run task
[2023-05-02 10:38:14,359] {standard_task_runner.py:79} INFO - Running: ['***', 'tasks', 'run', 'dag_etl', 'dim_date', 'scheduled__2023-05-01T00:00:00+00:00', '--job-id', '432', '--raw', '--subdir', 'DAGS_FOLDER/dag_etl_taskflow.py', '--cfg-path', '/tmp/tmpvwmr0rbi', '--error-file', '/tmp/tmp9i3fhq15']
[2023-05-02 10:38:14,406] {standard_task_runner.py:80} INFO - Job 432: Subtask dim_date
[2023-05-02 10:38:16,800] {task_command.py:370} INFO - Running <TaskInstance: dag_etl.dim_date scheduled__2023-05-01T00:00:00+00:00 [running]> on host 295d97741f96
[2023-05-02 10:38:21,452] {taskinstance.py:1571} INFO - Exporting the following env vars:
AIRFLOW_CTX_DAG_OWNER=Victor
AIRFLOW_CTX_DAG_ID=dag_etl
AIRFLOW_CTX_TASK_ID=dim_date
AIRFLOW_CTX_EXECUTION_DATE=2023-05-01T00:00:00+00:00
AIRFLOW_CTX_TRY_NUMBER=1
AIRFLOW_CTX_DAG_RUN_ID=scheduled__2023-05-01T00:00:00+00:00
[2023-05-02 10:39:15,665] {base.py:68} INFO - Using connection ID 'postgres_conn' for task execution.
[2023-05-02 10:39:18,022] {local_task_job.py:221} WARNING - State of this instance has been externally set to success. Terminating instance.
[2023-05-02 10:39:18,115] {process_utils.py:129} INFO - Sending Signals.SIGTERM to group 1072. PIDs of all processes in the group: [1072]
[2023-05-02 10:39:18,125] {process_utils.py:80} INFO - Sending the signal Signals.SIGTERM to group 1072
[2023-05-02 10:39:18,138] {taskinstance.py:1541} ERROR - Received SIGTERM. Terminating subprocesses.
[2023-05-02 10:39:19,872] {process_utils.py:75} INFO - Process psutil.Process(pid=1072, status='terminated', exitcode=0, started='10:38:14') (1072) terminated with exit code 0
