[2023-05-02 10:38:16,865] {taskinstance.py:1159} INFO - Dependencies all met for <TaskInstance: dag_etl.dim_date scheduled__2023-04-30T00:00:00+00:00 [queued]>
[2023-05-02 10:38:17,523] {taskinstance.py:1159} INFO - Dependencies all met for <TaskInstance: dag_etl.dim_date scheduled__2023-04-30T00:00:00+00:00 [queued]>
[2023-05-02 10:38:17,525] {taskinstance.py:1356} INFO - 
--------------------------------------------------------------------------------
[2023-05-02 10:38:17,529] {taskinstance.py:1357} INFO - Starting attempt 1 of 6
[2023-05-02 10:38:17,539] {taskinstance.py:1358} INFO - 
--------------------------------------------------------------------------------
[2023-05-02 10:38:19,082] {taskinstance.py:1377} INFO - Executing <Task(_PythonDecoratedOperator): dim_date> on 2023-04-30 00:00:00+00:00
[2023-05-02 10:38:19,154] {standard_task_runner.py:52} INFO - Started process 1078 to run task
[2023-05-02 10:38:19,251] {standard_task_runner.py:79} INFO - Running: ['***', 'tasks', 'run', 'dag_etl', 'dim_date', 'scheduled__2023-04-30T00:00:00+00:00', '--job-id', '433', '--raw', '--subdir', 'DAGS_FOLDER/dag_etl_taskflow.py', '--cfg-path', '/tmp/tmpnax9ihj3', '--error-file', '/tmp/tmpm5hp795h']
[2023-05-02 10:38:19,272] {standard_task_runner.py:80} INFO - Job 433: Subtask dim_date
[2023-05-02 10:38:21,782] {task_command.py:370} INFO - Running <TaskInstance: dag_etl.dim_date scheduled__2023-04-30T00:00:00+00:00 [running]> on host 295d97741f96
[2023-05-02 10:38:27,523] {taskinstance.py:1571} INFO - Exporting the following env vars:
AIRFLOW_CTX_DAG_OWNER=Victor
AIRFLOW_CTX_DAG_ID=dag_etl
AIRFLOW_CTX_TASK_ID=dim_date
AIRFLOW_CTX_EXECUTION_DATE=2023-04-30T00:00:00+00:00
AIRFLOW_CTX_TRY_NUMBER=1
AIRFLOW_CTX_DAG_RUN_ID=scheduled__2023-04-30T00:00:00+00:00
[2023-05-02 10:39:05,756] {local_task_job.py:221} WARNING - State of this instance has been externally set to success. Terminating instance.
[2023-05-02 10:39:06,023] {process_utils.py:129} INFO - Sending Signals.SIGTERM to group 1078. PIDs of all processes in the group: [1078]
[2023-05-02 10:39:06,073] {process_utils.py:80} INFO - Sending the signal Signals.SIGTERM to group 1078
[2023-05-02 10:39:06,105] {taskinstance.py:1541} ERROR - Received SIGTERM. Terminating subprocesses.
[2023-05-02 10:39:07,582] {process_utils.py:75} INFO - Process psutil.Process(pid=1078, status='terminated', exitcode=0, started='10:38:19') (1078) terminated with exit code 0
