[2023-04-30 07:04:34,480] {taskinstance.py:1159} INFO - Dependencies all met for <TaskInstance: dag_etl.dim_product_line scheduled__2023-04-27T00:00:00+00:00 [queued]>
[2023-04-30 07:04:35,056] {taskinstance.py:1159} INFO - Dependencies all met for <TaskInstance: dag_etl.dim_product_line scheduled__2023-04-27T00:00:00+00:00 [queued]>
[2023-04-30 07:04:35,068] {taskinstance.py:1356} INFO - 
--------------------------------------------------------------------------------
[2023-04-30 07:04:35,076] {taskinstance.py:1357} INFO - Starting attempt 1 of 6
[2023-04-30 07:04:35,094] {taskinstance.py:1358} INFO - 
--------------------------------------------------------------------------------
[2023-04-30 07:04:35,806] {taskinstance.py:1377} INFO - Executing <Task(_PythonDecoratedOperator): dim_product_line> on 2023-04-27 00:00:00+00:00
[2023-04-30 07:04:35,884] {standard_task_runner.py:52} INFO - Started process 1120 to run task
[2023-04-30 07:04:36,090] {standard_task_runner.py:79} INFO - Running: ['***', 'tasks', 'run', 'dag_etl', 'dim_product_line', 'scheduled__2023-04-27T00:00:00+00:00', '--job-id', '78', '--raw', '--subdir', 'DAGS_FOLDER/dag_etl_taskflow.py', '--cfg-path', '/tmp/tmpu5vbb36s', '--error-file', '/tmp/tmpiv43xt1m']
[2023-04-30 07:04:36,116] {standard_task_runner.py:80} INFO - Job 78: Subtask dim_product_line
[2023-04-30 07:04:37,889] {task_command.py:370} INFO - Running <TaskInstance: dag_etl.dim_product_line scheduled__2023-04-27T00:00:00+00:00 [running]> on host 295d97741f96
[2023-04-30 07:04:44,387] {taskinstance.py:1571} INFO - Exporting the following env vars:
AIRFLOW_CTX_DAG_OWNER=Victor
AIRFLOW_CTX_DAG_ID=dag_etl
AIRFLOW_CTX_TASK_ID=dim_product_line
AIRFLOW_CTX_EXECUTION_DATE=2023-04-27T00:00:00+00:00
AIRFLOW_CTX_TRY_NUMBER=1
AIRFLOW_CTX_DAG_RUN_ID=scheduled__2023-04-27T00:00:00+00:00
[2023-04-30 07:04:47,485] {base.py:68} INFO - Using connection ID 'postgres_conn' for task execution.
[2023-04-30 07:04:49,313] {python.py:173} INFO - Done. Returned value was: None
[2023-04-30 07:04:49,735] {taskinstance.py:1400} INFO - Marking task as SUCCESS. dag_id=dag_etl, task_id=dim_product_line, execution_date=20230427T000000, start_date=20230430T070434, end_date=20230430T070449
[2023-04-30 07:04:50,300] {local_task_job.py:156} INFO - Task exited with return code 0
[2023-04-30 07:04:53,287] {local_task_job.py:273} INFO - 0 downstream tasks scheduled from follow-on schedule check
[2023-04-30 12:00:43,329] {taskinstance.py:1159} INFO - Dependencies all met for <TaskInstance: dag_etl.dim_product_line scheduled__2023-04-27T00:00:00+00:00 [queued]>
[2023-04-30 12:00:44,175] {taskinstance.py:1159} INFO - Dependencies all met for <TaskInstance: dag_etl.dim_product_line scheduled__2023-04-27T00:00:00+00:00 [queued]>
[2023-04-30 12:00:44,184] {taskinstance.py:1356} INFO - 
--------------------------------------------------------------------------------
[2023-04-30 12:00:44,202] {taskinstance.py:1357} INFO - Starting attempt 1 of 6
[2023-04-30 12:00:44,217] {taskinstance.py:1358} INFO - 
--------------------------------------------------------------------------------
[2023-04-30 12:00:45,652] {taskinstance.py:1377} INFO - Executing <Task(_PythonDecoratedOperator): dim_product_line> on 2023-04-27 00:00:00+00:00
[2023-04-30 12:00:45,984] {standard_task_runner.py:52} INFO - Started process 721 to run task
[2023-04-30 12:00:46,439] {standard_task_runner.py:79} INFO - Running: ['***', 'tasks', 'run', 'dag_etl', 'dim_product_line', 'scheduled__2023-04-27T00:00:00+00:00', '--job-id', '265', '--raw', '--subdir', 'DAGS_FOLDER/dag_etl_taskflow.py', '--cfg-path', '/tmp/tmp4u30_0kr', '--error-file', '/tmp/tmp7pzvubcy']
[2023-04-30 12:00:46,487] {standard_task_runner.py:80} INFO - Job 265: Subtask dim_product_line
[2023-04-30 12:00:52,335] {task_command.py:370} INFO - Running <TaskInstance: dag_etl.dim_product_line scheduled__2023-04-27T00:00:00+00:00 [running]> on host 295d97741f96
[2023-04-30 12:01:02,002] {taskinstance.py:1571} INFO - Exporting the following env vars:
AIRFLOW_CTX_DAG_OWNER=Victor
AIRFLOW_CTX_DAG_ID=dag_etl
AIRFLOW_CTX_TASK_ID=dim_product_line
AIRFLOW_CTX_EXECUTION_DATE=2023-04-27T00:00:00+00:00
AIRFLOW_CTX_TRY_NUMBER=1
AIRFLOW_CTX_DAG_RUN_ID=scheduled__2023-04-27T00:00:00+00:00
[2023-04-30 12:01:04,162] {base.py:68} INFO - Using connection ID 'postgres_conn' for task execution.
[2023-04-30 12:01:06,108] {python.py:173} INFO - Done. Returned value was: None
[2023-04-30 12:01:07,031] {taskinstance.py:1400} INFO - Marking task as SUCCESS. dag_id=dag_etl, task_id=dim_product_line, execution_date=20230427T000000, start_date=20230430T120043, end_date=20230430T120107
[2023-04-30 12:01:07,483] {local_task_job.py:156} INFO - Task exited with return code 0
[2023-04-30 12:01:12,440] {local_task_job.py:273} INFO - 0 downstream tasks scheduled from follow-on schedule check
