[2023-05-02 15:07:12,291] {taskinstance.py:1159} INFO - Dependencies all met for <TaskInstance: dag_etl_date.sensor_s3_obj manual__2023-05-02T15:07:07.640901+00:00 [queued]>
[2023-05-02 15:07:12,339] {taskinstance.py:1159} INFO - Dependencies all met for <TaskInstance: dag_etl_date.sensor_s3_obj manual__2023-05-02T15:07:07.640901+00:00 [queued]>
[2023-05-02 15:07:12,341] {taskinstance.py:1356} INFO - 
--------------------------------------------------------------------------------
[2023-05-02 15:07:12,341] {taskinstance.py:1357} INFO - Starting attempt 1 of 6
[2023-05-02 15:07:12,342] {taskinstance.py:1358} INFO - 
--------------------------------------------------------------------------------
[2023-05-02 15:07:12,427] {taskinstance.py:1377} INFO - Executing <Task(S3KeySensor): sensor_s3_obj> on 2023-05-02 15:07:07.640901+00:00
[2023-05-02 15:07:12,436] {standard_task_runner.py:52} INFO - Started process 943 to run task
[2023-05-02 15:07:12,443] {standard_task_runner.py:79} INFO - Running: ['***', 'tasks', 'run', 'dag_etl_date', 'sensor_s3_obj', 'manual__2023-05-02T15:07:07.640901+00:00', '--job-id', '657', '--raw', '--subdir', 'DAGS_FOLDER/dag_etl_taskflow_date.py', '--cfg-path', '/tmp/tmplnr_mta_', '--error-file', '/tmp/tmp18gbxpbz']
[2023-05-02 15:07:12,446] {standard_task_runner.py:80} INFO - Job 657: Subtask sensor_s3_obj
[2023-05-02 15:07:12,812] {task_command.py:370} INFO - Running <TaskInstance: dag_etl_date.sensor_s3_obj manual__2023-05-02T15:07:07.640901+00:00 [running]> on host 295d97741f96
[2023-05-02 15:07:13,420] {taskinstance.py:1571} INFO - Exporting the following env vars:
AIRFLOW_CTX_DAG_OWNER=Victor
AIRFLOW_CTX_DAG_ID=dag_etl_date
AIRFLOW_CTX_TASK_ID=sensor_s3_obj
AIRFLOW_CTX_EXECUTION_DATE=2023-05-02T15:07:07.640901+00:00
AIRFLOW_CTX_TRY_NUMBER=1
AIRFLOW_CTX_DAG_RUN_ID=manual__2023-05-02T15:07:07.640901+00:00
[2023-05-02 15:07:13,424] {s3.py:104} INFO - Poking for key : s3://raw/supermarket_sales.csv
[2023-05-02 15:07:13,506] {base.py:68} INFO - Using connection ID 'minio_conn' for task execution.
[2023-05-02 15:07:13,515] {base_aws.py:206} INFO - Credentials retrieved from login
[2023-05-02 15:07:18,887] {s3.py:104} INFO - Poking for key : s3://raw/supermarket_sales.csv
[2023-05-02 15:07:23,907] {s3.py:104} INFO - Poking for key : s3://raw/supermarket_sales.csv
[2023-05-02 15:07:28,927] {s3.py:104} INFO - Poking for key : s3://raw/supermarket_sales.csv
[2023-05-02 15:07:33,947] {s3.py:104} INFO - Poking for key : s3://raw/supermarket_sales.csv
[2023-05-02 15:07:38,964] {s3.py:104} INFO - Poking for key : s3://raw/supermarket_sales.csv
[2023-05-02 15:07:43,987] {s3.py:104} INFO - Poking for key : s3://raw/supermarket_sales.csv
[2023-05-02 15:07:44,041] {taskinstance.py:1889} ERROR - Task failed with exception
Traceback (most recent call last):
  File "/home/airflow/.local/lib/python3.7/site-packages/airflow/sensors/base.py", line 288, in execute
    raise AirflowSensorTimeout(f"Snap. Time is OUT. DAG id: {log_dag_id}")
airflow.exceptions.AirflowSensorTimeout: Snap. Time is OUT. DAG id: dag_etl_date
[2023-05-02 15:07:44,197] {taskinstance.py:1400} INFO - Immediate failure requested. Marking task as FAILED. dag_id=dag_etl_date, task_id=sensor_s3_obj, execution_date=20230502T150707, start_date=20230502T150712, end_date=20230502T150744
[2023-05-02 15:07:44,343] {standard_task_runner.py:97} ERROR - Failed to execute job 657 for task sensor_s3_obj (Snap. Time is OUT. DAG id: dag_etl_date; 943)
[2023-05-02 15:07:44,372] {local_task_job.py:221} WARNING - State of this instance has been externally set to failed. Terminating instance.
[2023-05-02 15:07:44,418] {process_utils.py:129} INFO - Sending Signals.SIGTERM to group 943. PIDs of all processes in the group: [943]
[2023-05-02 15:07:44,422] {process_utils.py:80} INFO - Sending the signal Signals.SIGTERM to group 943
[2023-05-02 15:07:44,428] {process_utils.py:75} INFO - Process psutil.Process(pid=943, status='terminated', exitcode=1, started='15:07:12') (943) terminated with exit code 1
