[2023-05-04 04:56:13,260] {taskinstance.py:1159} INFO - Dependencies all met for <TaskInstance: dag_etl.delete_s3_obj manual__2023-05-04T04:55:27.686156+00:00 [queued]>
[2023-05-04 04:56:13,374] {taskinstance.py:1159} INFO - Dependencies all met for <TaskInstance: dag_etl.delete_s3_obj manual__2023-05-04T04:55:27.686156+00:00 [queued]>
[2023-05-04 04:56:13,379] {taskinstance.py:1356} INFO - 
--------------------------------------------------------------------------------
[2023-05-04 04:56:13,381] {taskinstance.py:1357} INFO - Starting attempt 1 of 6
[2023-05-04 04:56:13,385] {taskinstance.py:1358} INFO - 
--------------------------------------------------------------------------------
[2023-05-04 04:56:13,522] {taskinstance.py:1377} INFO - Executing <Task(S3DeleteObjectsOperator): delete_s3_obj> on 2023-05-04 04:55:27.686156+00:00
[2023-05-04 04:56:13,551] {standard_task_runner.py:52} INFO - Started process 577 to run task
[2023-05-04 04:56:13,579] {standard_task_runner.py:79} INFO - Running: ['***', 'tasks', 'run', 'dag_etl', 'delete_s3_obj', 'manual__2023-05-04T04:55:27.686156+00:00', '--job-id', '895', '--raw', '--subdir', 'DAGS_FOLDER/dag_etl_taskflow.py', '--cfg-path', '/tmp/tmpssd1olbi', '--error-file', '/tmp/tmp6miei_zg']
[2023-05-04 04:56:13,582] {standard_task_runner.py:80} INFO - Job 895: Subtask delete_s3_obj
[2023-05-04 04:56:14,609] {task_command.py:370} INFO - Running <TaskInstance: dag_etl.delete_s3_obj manual__2023-05-04T04:55:27.686156+00:00 [running]> on host 295d97741f96
[2023-05-04 04:56:16,622] {taskinstance.py:1571} INFO - Exporting the following env vars:
AIRFLOW_CTX_DAG_OWNER=Victor
AIRFLOW_CTX_DAG_ID=dag_etl
AIRFLOW_CTX_TASK_ID=delete_s3_obj
AIRFLOW_CTX_EXECUTION_DATE=2023-05-04T04:55:27.686156+00:00
AIRFLOW_CTX_TRY_NUMBER=1
AIRFLOW_CTX_DAG_RUN_ID=manual__2023-05-04T04:55:27.686156+00:00
[2023-05-04 04:56:16,943] {base.py:68} INFO - Using connection ID 'minio_conn' for task execution.
[2023-05-04 04:56:16,949] {base_aws.py:206} INFO - Credentials retrieved from login
[2023-05-04 04:56:18,247] {s3.py:841} INFO - Deleted: ['supermarket_sales.csv']
[2023-05-04 04:56:19,405] {taskinstance.py:1400} INFO - Marking task as SUCCESS. dag_id=dag_etl, task_id=delete_s3_obj, execution_date=20230504T045527, start_date=20230504T045613, end_date=20230504T045619
[2023-05-04 04:56:19,629] {local_task_job.py:221} WARNING - State of this instance has been externally set to success. Terminating instance.
[2023-05-04 04:56:19,689] {process_utils.py:129} INFO - Sending Signals.SIGTERM to group 577. PIDs of all processes in the group: [577]
[2023-05-04 04:56:19,695] {process_utils.py:80} INFO - Sending the signal Signals.SIGTERM to group 577
[2023-05-04 04:56:19,706] {process_utils.py:75} INFO - Process psutil.Process(pid=577, status='terminated', exitcode=0, started='04:56:13') (577) terminated with exit code 0
