[2023-05-02 11:46:34,859] {taskinstance.py:1159} INFO - Dependencies all met for <TaskInstance: dag_etl.extract_from_s3 manual__2023-05-02T11:46:25.173746+00:00 [queued]>
[2023-05-02 11:46:34,923] {taskinstance.py:1159} INFO - Dependencies all met for <TaskInstance: dag_etl.extract_from_s3 manual__2023-05-02T11:46:25.173746+00:00 [queued]>
[2023-05-02 11:46:34,925] {taskinstance.py:1356} INFO - 
--------------------------------------------------------------------------------
[2023-05-02 11:46:34,925] {taskinstance.py:1357} INFO - Starting attempt 1 of 6
[2023-05-02 11:46:34,926] {taskinstance.py:1358} INFO - 
--------------------------------------------------------------------------------
[2023-05-02 11:46:35,017] {taskinstance.py:1377} INFO - Executing <Task(_PythonDecoratedOperator): extract_from_s3> on 2023-05-02 11:46:25.173746+00:00
[2023-05-02 11:46:35,029] {standard_task_runner.py:52} INFO - Started process 1037 to run task
[2023-05-02 11:46:35,059] {standard_task_runner.py:79} INFO - Running: ['***', 'tasks', 'run', 'dag_etl', 'extract_from_s3', 'manual__2023-05-02T11:46:25.173746+00:00', '--job-id', '506', '--raw', '--subdir', 'DAGS_FOLDER/dag_etl_taskflow.py', '--cfg-path', '/tmp/tmpjx6nyx13', '--error-file', '/tmp/tmp9oqmbg7s']
[2023-05-02 11:46:35,064] {standard_task_runner.py:80} INFO - Job 506: Subtask extract_from_s3
[2023-05-02 11:46:35,641] {task_command.py:370} INFO - Running <TaskInstance: dag_etl.extract_from_s3 manual__2023-05-02T11:46:25.173746+00:00 [running]> on host 295d97741f96
[2023-05-02 11:46:36,394] {taskinstance.py:1571} INFO - Exporting the following env vars:
AIRFLOW_CTX_DAG_OWNER=Victor
AIRFLOW_CTX_DAG_ID=dag_etl
AIRFLOW_CTX_TASK_ID=extract_from_s3
AIRFLOW_CTX_EXECUTION_DATE=2023-05-02T11:46:25.173746+00:00
AIRFLOW_CTX_TRY_NUMBER=1
AIRFLOW_CTX_DAG_RUN_ID=manual__2023-05-02T11:46:25.173746+00:00
[2023-05-02 11:46:36,399] {s3.py:861} INFO - Downloading source S3 file from Bucket raw with path supermarket_sales.csv
[2023-05-02 11:46:36,514] {base.py:68} INFO - Using connection ID 'minio_conn' for task execution.
[2023-05-02 11:46:36,520] {base_aws.py:206} INFO - Credentials retrieved from login
[2023-05-02 11:46:37,367] {python.py:173} INFO - Done. Returned value was: /opt/***/data/***_tmp_6qkn9ajf
[2023-05-02 11:46:37,684] {taskinstance.py:1400} INFO - Marking task as SUCCESS. dag_id=dag_etl, task_id=extract_from_s3, execution_date=20230502T114625, start_date=20230502T114634, end_date=20230502T114637
[2023-05-02 11:46:37,790] {local_task_job.py:156} INFO - Task exited with return code 0
[2023-05-02 11:46:38,246] {local_task_job.py:273} INFO - 1 downstream tasks scheduled from follow-on schedule check
