[2023-04-30 15:44:57,180] {taskinstance.py:1159} INFO - Dependencies all met for <TaskInstance: dag_etl.dim_time manual__2023-04-30T15:43:25.508231+00:00 [queued]>
[2023-04-30 15:44:57,312] {taskinstance.py:1159} INFO - Dependencies all met for <TaskInstance: dag_etl.dim_time manual__2023-04-30T15:43:25.508231+00:00 [queued]>
[2023-04-30 15:44:57,314] {taskinstance.py:1356} INFO - 
--------------------------------------------------------------------------------
[2023-04-30 15:44:57,315] {taskinstance.py:1357} INFO - Starting attempt 1 of 6
[2023-04-30 15:44:57,317] {taskinstance.py:1358} INFO - 
--------------------------------------------------------------------------------
[2023-04-30 15:44:57,629] {taskinstance.py:1377} INFO - Executing <Task(_PythonDecoratedOperator): dim_time> on 2023-04-30 15:43:25.508231+00:00
[2023-04-30 15:44:57,664] {standard_task_runner.py:52} INFO - Started process 701 to run task
[2023-04-30 15:44:57,683] {standard_task_runner.py:79} INFO - Running: ['***', 'tasks', 'run', 'dag_etl', 'dim_time', 'manual__2023-04-30T15:43:25.508231+00:00', '--job-id', '307', '--raw', '--subdir', 'DAGS_FOLDER/dag_etl_taskflow.py', '--cfg-path', '/tmp/tmpdv60gm2s', '--error-file', '/tmp/tmp47c0mh51']
[2023-04-30 15:44:57,710] {standard_task_runner.py:80} INFO - Job 307: Subtask dim_time
[2023-04-30 15:44:59,115] {task_command.py:370} INFO - Running <TaskInstance: dag_etl.dim_time manual__2023-04-30T15:43:25.508231+00:00 [running]> on host 295d97741f96
[2023-04-30 15:45:04,052] {taskinstance.py:1571} INFO - Exporting the following env vars:
AIRFLOW_CTX_DAG_OWNER=Victor
AIRFLOW_CTX_DAG_ID=dag_etl
AIRFLOW_CTX_TASK_ID=dim_time
AIRFLOW_CTX_EXECUTION_DATE=2023-04-30T15:43:25.508231+00:00
AIRFLOW_CTX_TRY_NUMBER=1
AIRFLOW_CTX_DAG_RUN_ID=manual__2023-04-30T15:43:25.508231+00:00
[2023-04-30 15:45:05,815] {base.py:68} INFO - Using connection ID 'postgres_conn' for task execution.
[2023-04-30 15:45:08,290] {python.py:173} INFO - Done. Returned value was: None
[2023-04-30 15:45:09,787] {taskinstance.py:1400} INFO - Marking task as SUCCESS. dag_id=dag_etl, task_id=dim_time, execution_date=20230430T154325, start_date=20230430T154457, end_date=20230430T154509
[2023-04-30 15:45:10,438] {local_task_job.py:156} INFO - Task exited with return code 0
[2023-04-30 15:45:10,908] {local_task_job.py:273} INFO - 0 downstream tasks scheduled from follow-on schedule check
