[2023-05-02 10:31:33,162] {taskinstance.py:1159} INFO - Dependencies all met for <TaskInstance: dag_etl.dim_date scheduled__2023-04-27T00:00:00+00:00 [queued]>
[2023-05-02 10:31:33,621] {taskinstance.py:1159} INFO - Dependencies all met for <TaskInstance: dag_etl.dim_date scheduled__2023-04-27T00:00:00+00:00 [queued]>
[2023-05-02 10:31:33,632] {taskinstance.py:1356} INFO - 
--------------------------------------------------------------------------------
[2023-05-02 10:31:33,636] {taskinstance.py:1357} INFO - Starting attempt 6 of 6
[2023-05-02 10:31:33,643] {taskinstance.py:1358} INFO - 
--------------------------------------------------------------------------------
[2023-05-02 10:31:34,210] {taskinstance.py:1377} INFO - Executing <Task(_PythonDecoratedOperator): dim_date> on 2023-04-27 00:00:00+00:00
[2023-05-02 10:31:34,283] {standard_task_runner.py:52} INFO - Started process 330 to run task
[2023-05-02 10:31:34,340] {standard_task_runner.py:79} INFO - Running: ['***', 'tasks', 'run', 'dag_etl', 'dim_date', 'scheduled__2023-04-27T00:00:00+00:00', '--job-id', '378', '--raw', '--subdir', 'DAGS_FOLDER/dag_etl_taskflow.py', '--cfg-path', '/tmp/tmp5ayghco_', '--error-file', '/tmp/tmpktzbp8wf']
[2023-05-02 10:31:34,366] {standard_task_runner.py:80} INFO - Job 378: Subtask dim_date
[2023-05-02 10:31:36,172] {task_command.py:370} INFO - Running <TaskInstance: dag_etl.dim_date scheduled__2023-04-27T00:00:00+00:00 [running]> on host 295d97741f96
[2023-05-02 10:31:47,259] {taskinstance.py:1571} INFO - Exporting the following env vars:
AIRFLOW_CTX_DAG_OWNER=Victor
AIRFLOW_CTX_DAG_ID=dag_etl
AIRFLOW_CTX_TASK_ID=dim_date
AIRFLOW_CTX_EXECUTION_DATE=2023-04-27T00:00:00+00:00
AIRFLOW_CTX_TRY_NUMBER=6
AIRFLOW_CTX_DAG_RUN_ID=scheduled__2023-04-27T00:00:00+00:00
[2023-05-02 10:32:30,480] {base.py:68} INFO - Using connection ID 'postgres_conn' for task execution.
[2023-05-02 10:34:30,186] {python.py:173} INFO - Done. Returned value was: None
[2023-05-02 10:34:30,893] {taskinstance.py:1400} INFO - Marking task as SUCCESS. dag_id=dag_etl, task_id=dim_date, execution_date=20230427T000000, start_date=20230502T103133, end_date=20230502T103430
[2023-05-02 10:34:32,150] {local_task_job.py:156} INFO - Task exited with return code 0
[2023-05-02 10:34:33,872] {local_task_job.py:273} INFO - 0 downstream tasks scheduled from follow-on schedule check
