[2023-04-30 07:03:45,029] {taskinstance.py:1159} INFO - Dependencies all met for <TaskInstance: dag_etl.dim_date scheduled__2023-04-27T00:00:00+00:00 [queued]>
[2023-04-30 07:03:45,834] {taskinstance.py:1159} INFO - Dependencies all met for <TaskInstance: dag_etl.dim_date scheduled__2023-04-27T00:00:00+00:00 [queued]>
[2023-04-30 07:03:45,862] {taskinstance.py:1356} INFO - 
--------------------------------------------------------------------------------
[2023-04-30 07:03:45,869] {taskinstance.py:1357} INFO - Starting attempt 1 of 6
[2023-04-30 07:03:45,937] {taskinstance.py:1358} INFO - 
--------------------------------------------------------------------------------
[2023-04-30 07:03:47,632] {taskinstance.py:1377} INFO - Executing <Task(_PythonDecoratedOperator): dim_date> on 2023-04-27 00:00:00+00:00
[2023-04-30 07:03:47,753] {standard_task_runner.py:52} INFO - Started process 1020 to run task
[2023-04-30 07:03:47,937] {standard_task_runner.py:79} INFO - Running: ['***', 'tasks', 'run', 'dag_etl', 'dim_date', 'scheduled__2023-04-27T00:00:00+00:00', '--job-id', '74', '--raw', '--subdir', 'DAGS_FOLDER/dag_etl_taskflow.py', '--cfg-path', '/tmp/tmp96fvfbj_', '--error-file', '/tmp/tmpqvgabtg2']
[2023-04-30 07:03:47,980] {standard_task_runner.py:80} INFO - Job 74: Subtask dim_date
[2023-04-30 07:03:53,442] {task_command.py:370} INFO - Running <TaskInstance: dag_etl.dim_date scheduled__2023-04-27T00:00:00+00:00 [running]> on host 295d97741f96
[2023-04-30 07:03:59,504] {taskinstance.py:1571} INFO - Exporting the following env vars:
AIRFLOW_CTX_DAG_OWNER=Victor
AIRFLOW_CTX_DAG_ID=dag_etl
AIRFLOW_CTX_TASK_ID=dim_date
AIRFLOW_CTX_EXECUTION_DATE=2023-04-27T00:00:00+00:00
AIRFLOW_CTX_TRY_NUMBER=1
AIRFLOW_CTX_DAG_RUN_ID=scheduled__2023-04-27T00:00:00+00:00
[2023-04-30 07:04:44,431] {base.py:68} INFO - Using connection ID 'postgres_conn' for task execution.
[2023-04-30 07:05:37,033] {python.py:173} INFO - Done. Returned value was: None
[2023-04-30 07:05:37,567] {taskinstance.py:1400} INFO - Marking task as SUCCESS. dag_id=dag_etl, task_id=dim_date, execution_date=20230427T000000, start_date=20230430T070345, end_date=20230430T070537
[2023-04-30 07:05:37,816] {local_task_job.py:156} INFO - Task exited with return code 0
[2023-04-30 07:05:38,756] {local_task_job.py:273} INFO - 0 downstream tasks scheduled from follow-on schedule check
[2023-04-30 11:59:53,658] {taskinstance.py:1159} INFO - Dependencies all met for <TaskInstance: dag_etl.dim_date scheduled__2023-04-27T00:00:00+00:00 [queued]>
[2023-04-30 11:59:53,869] {taskinstance.py:1159} INFO - Dependencies all met for <TaskInstance: dag_etl.dim_date scheduled__2023-04-27T00:00:00+00:00 [queued]>
[2023-04-30 11:59:53,873] {taskinstance.py:1356} INFO - 
--------------------------------------------------------------------------------
[2023-04-30 11:59:53,876] {taskinstance.py:1357} INFO - Starting attempt 1 of 6
[2023-04-30 11:59:53,884] {taskinstance.py:1358} INFO - 
--------------------------------------------------------------------------------
[2023-04-30 11:59:55,369] {taskinstance.py:1377} INFO - Executing <Task(_PythonDecoratedOperator): dim_date> on 2023-04-27 00:00:00+00:00
[2023-04-30 11:59:55,495] {standard_task_runner.py:52} INFO - Started process 623 to run task
[2023-04-30 11:59:55,587] {standard_task_runner.py:79} INFO - Running: ['***', 'tasks', 'run', 'dag_etl', 'dim_date', 'scheduled__2023-04-27T00:00:00+00:00', '--job-id', '252', '--raw', '--subdir', 'DAGS_FOLDER/dag_etl_taskflow.py', '--cfg-path', '/tmp/tmpxdj6iivd', '--error-file', '/tmp/tmp5gueu2h3']
[2023-04-30 11:59:55,601] {standard_task_runner.py:80} INFO - Job 252: Subtask dim_date
[2023-04-30 11:59:57,875] {task_command.py:370} INFO - Running <TaskInstance: dag_etl.dim_date scheduled__2023-04-27T00:00:00+00:00 [running]> on host 295d97741f96
[2023-04-30 12:00:02,077] {taskinstance.py:1571} INFO - Exporting the following env vars:
AIRFLOW_CTX_DAG_OWNER=Victor
AIRFLOW_CTX_DAG_ID=dag_etl
AIRFLOW_CTX_TASK_ID=dim_date
AIRFLOW_CTX_EXECUTION_DATE=2023-04-27T00:00:00+00:00
AIRFLOW_CTX_TRY_NUMBER=1
AIRFLOW_CTX_DAG_RUN_ID=scheduled__2023-04-27T00:00:00+00:00
[2023-04-30 12:00:52,412] {base.py:68} INFO - Using connection ID 'postgres_conn' for task execution.
[2023-04-30 12:00:54,380] {taskinstance.py:1889} ERROR - Task failed with exception
Traceback (most recent call last):
  File "/home/airflow/.local/lib/python3.7/site-packages/sqlalchemy/engine/base.py", line 1706, in _execute_context
    cursor, statement, parameters, context
  File "/home/airflow/.local/lib/python3.7/site-packages/sqlalchemy/engine/default.py", line 716, in do_execute
    cursor.execute(statement, parameters)
psycopg2.errors.DependentObjectsStillExist: cannot drop table nds.dim_date because other objects depend on it
DETAIL:  view dns_sales depends on table nds.dim_date
HINT:  Use DROP ... CASCADE to drop the dependent objects too.


The above exception was the direct cause of the following exception:

Traceback (most recent call last):
  File "/home/airflow/.local/lib/python3.7/site-packages/airflow/decorators/base.py", line 179, in execute
    return_value = super().execute(context)
  File "/home/airflow/.local/lib/python3.7/site-packages/airflow/operators/python.py", line 171, in execute
    return_value = self.execute_callable()
  File "/home/airflow/.local/lib/python3.7/site-packages/airflow/operators/python.py", line 189, in execute_callable
    return self.python_callable(*self.op_args, **self.op_kwargs)
  File "/opt/airflow/dags/dag_etl_taskflow.py", line 265, in dim_date
    'week_start': sqlalchemy.types.Date()})
  File "/home/airflow/.local/lib/python3.7/site-packages/pandas/core/generic.py", line 2882, in to_sql
    method=method,
  File "/home/airflow/.local/lib/python3.7/site-packages/pandas/io/sql.py", line 728, in to_sql
    **engine_kwargs,
  File "/home/airflow/.local/lib/python3.7/site-packages/pandas/io/sql.py", line 1758, in to_sql
    dtype=dtype,
  File "/home/airflow/.local/lib/python3.7/site-packages/pandas/io/sql.py", line 1650, in prep_table
    table.create()
  File "/home/airflow/.local/lib/python3.7/site-packages/pandas/io/sql.py", line 860, in create
    self.pd_sql.drop_table(self.name, self.schema)
  File "/home/airflow/.local/lib/python3.7/site-packages/pandas/io/sql.py", line 1810, in drop_table
    self.get_table(table_name, schema).drop()
  File "/home/airflow/.local/lib/python3.7/site-packages/sqlalchemy/sql/schema.py", line 960, in drop
    bind._run_ddl_visitor(ddl.SchemaDropper, self, checkfirst=checkfirst)
  File "/home/airflow/.local/lib/python3.7/site-packages/sqlalchemy/engine/base.py", line 3008, in _run_ddl_visitor
    conn._run_ddl_visitor(visitorcallable, element, **kwargs)
  File "/home/airflow/.local/lib/python3.7/site-packages/sqlalchemy/engine/base.py", line 2016, in _run_ddl_visitor
    visitorcallable(self.dialect, self, **kwargs).traverse_single(element)
  File "/home/airflow/.local/lib/python3.7/site-packages/sqlalchemy/sql/visitors.py", line 483, in traverse_single
    return meth(obj, **kw)
  File "/home/airflow/.local/lib/python3.7/site-packages/sqlalchemy/sql/ddl.py", line 1097, in visit_table
    self.connection.execute(DropTable(table))
  File "/home/airflow/.local/lib/python3.7/site-packages/sqlalchemy/engine/base.py", line 1200, in execute
    return meth(self, multiparams, params, _EMPTY_EXECUTION_OPTS)
  File "/home/airflow/.local/lib/python3.7/site-packages/sqlalchemy/sql/ddl.py", line 78, in _execute_on_connection
    self, multiparams, params, execution_options
  File "/home/airflow/.local/lib/python3.7/site-packages/sqlalchemy/engine/base.py", line 1296, in _execute_ddl
    compiled,
  File "/home/airflow/.local/lib/python3.7/site-packages/sqlalchemy/engine/base.py", line 1749, in _execute_context
    e, statement, parameters, cursor, context
  File "/home/airflow/.local/lib/python3.7/site-packages/sqlalchemy/engine/base.py", line 1930, in _handle_dbapi_exception
    sqlalchemy_exception, with_traceback=exc_info[2], from_=e
  File "/home/airflow/.local/lib/python3.7/site-packages/sqlalchemy/util/compat.py", line 211, in raise_
    raise exception
  File "/home/airflow/.local/lib/python3.7/site-packages/sqlalchemy/engine/base.py", line 1706, in _execute_context
    cursor, statement, parameters, context
  File "/home/airflow/.local/lib/python3.7/site-packages/sqlalchemy/engine/default.py", line 716, in do_execute
    cursor.execute(statement, parameters)
sqlalchemy.exc.InternalError: (psycopg2.errors.DependentObjectsStillExist) cannot drop table nds.dim_date because other objects depend on it
DETAIL:  view dns_sales depends on table nds.dim_date
HINT:  Use DROP ... CASCADE to drop the dependent objects too.

[SQL: 
DROP TABLE nds.dim_date]
(Background on this error at: http://sqlalche.me/e/14/2j85)
[2023-04-30 12:00:55,735] {taskinstance.py:1400} INFO - Marking task as UP_FOR_RETRY. dag_id=dag_etl, task_id=dim_date, execution_date=20230427T000000, start_date=20230430T115953, end_date=20230430T120055
[2023-04-30 12:00:56,844] {standard_task_runner.py:97} ERROR - Failed to execute job 252 for task dim_date ((psycopg2.errors.DependentObjectsStillExist) cannot drop table nds.dim_date because other objects depend on it
DETAIL:  view dns_sales depends on table nds.dim_date
HINT:  Use DROP ... CASCADE to drop the dependent objects too.

[SQL: 
DROP TABLE nds.dim_date]
(Background on this error at: http://sqlalche.me/e/14/2j85); 623)
[2023-04-30 12:00:57,593] {local_task_job.py:156} INFO - Task exited with return code 1
[2023-04-30 12:00:59,616] {local_task_job.py:273} INFO - 0 downstream tasks scheduled from follow-on schedule check
[2023-04-30 15:50:07,882] {taskinstance.py:1159} INFO - Dependencies all met for <TaskInstance: dag_etl.dim_date scheduled__2023-04-27T00:00:00+00:00 [queued]>
[2023-04-30 15:50:08,328] {taskinstance.py:1159} INFO - Dependencies all met for <TaskInstance: dag_etl.dim_date scheduled__2023-04-27T00:00:00+00:00 [queued]>
[2023-04-30 15:50:08,339] {taskinstance.py:1356} INFO - 
--------------------------------------------------------------------------------
[2023-04-30 15:50:08,342] {taskinstance.py:1357} INFO - Starting attempt 1 of 6
[2023-04-30 15:50:08,354] {taskinstance.py:1358} INFO - 
--------------------------------------------------------------------------------
[2023-04-30 15:50:09,196] {taskinstance.py:1377} INFO - Executing <Task(_PythonDecoratedOperator): dim_date> on 2023-04-27 00:00:00+00:00
[2023-04-30 15:50:09,388] {standard_task_runner.py:52} INFO - Started process 1088 to run task
[2023-04-30 15:50:09,463] {standard_task_runner.py:79} INFO - Running: ['***', 'tasks', 'run', 'dag_etl', 'dim_date', 'scheduled__2023-04-27T00:00:00+00:00', '--job-id', '319', '--raw', '--subdir', 'DAGS_FOLDER/dag_etl_taskflow.py', '--cfg-path', '/tmp/tmpzk8kxuh5', '--error-file', '/tmp/tmpblmgg2ok']
[2023-04-30 15:50:09,480] {standard_task_runner.py:80} INFO - Job 319: Subtask dim_date
[2023-04-30 15:50:14,609] {task_command.py:370} INFO - Running <TaskInstance: dag_etl.dim_date scheduled__2023-04-27T00:00:00+00:00 [running]> on host 295d97741f96
[2023-04-30 15:50:21,141] {taskinstance.py:1571} INFO - Exporting the following env vars:
AIRFLOW_CTX_DAG_OWNER=Victor
AIRFLOW_CTX_DAG_ID=dag_etl
AIRFLOW_CTX_TASK_ID=dim_date
AIRFLOW_CTX_EXECUTION_DATE=2023-04-27T00:00:00+00:00
AIRFLOW_CTX_TRY_NUMBER=1
AIRFLOW_CTX_DAG_RUN_ID=scheduled__2023-04-27T00:00:00+00:00
