[2023-04-30 09:03:56,901] {taskinstance.py:1159} INFO - Dependencies all met for <TaskInstance: dag_etl.dim_product_line manual__2023-04-30T09:03:00.358280+00:00 [queued]>
[2023-04-30 09:03:57,054] {taskinstance.py:1159} INFO - Dependencies all met for <TaskInstance: dag_etl.dim_product_line manual__2023-04-30T09:03:00.358280+00:00 [queued]>
[2023-04-30 09:03:57,066] {taskinstance.py:1356} INFO - 
--------------------------------------------------------------------------------
[2023-04-30 09:03:57,070] {taskinstance.py:1357} INFO - Starting attempt 1 of 6
[2023-04-30 09:03:57,071] {taskinstance.py:1358} INFO - 
--------------------------------------------------------------------------------
[2023-04-30 09:03:57,370] {taskinstance.py:1377} INFO - Executing <Task(_PythonDecoratedOperator): dim_product_line> on 2023-04-30 09:03:00.358280+00:00
[2023-04-30 09:03:57,425] {standard_task_runner.py:52} INFO - Started process 890 to run task
[2023-04-30 09:03:57,462] {standard_task_runner.py:79} INFO - Running: ['***', 'tasks', 'run', 'dag_etl', 'dim_product_line', 'manual__2023-04-30T09:03:00.358280+00:00', '--job-id', '210', '--raw', '--subdir', 'DAGS_FOLDER/dag_etl_taskflow.py', '--cfg-path', '/tmp/tmp7zh2r0ga', '--error-file', '/tmp/tmpez03wjqq']
[2023-04-30 09:03:57,479] {standard_task_runner.py:80} INFO - Job 210: Subtask dim_product_line
[2023-04-30 09:03:59,033] {task_command.py:370} INFO - Running <TaskInstance: dag_etl.dim_product_line manual__2023-04-30T09:03:00.358280+00:00 [running]> on host 295d97741f96
[2023-04-30 09:04:03,960] {taskinstance.py:1571} INFO - Exporting the following env vars:
AIRFLOW_CTX_DAG_OWNER=Victor
AIRFLOW_CTX_DAG_ID=dag_etl
AIRFLOW_CTX_TASK_ID=dim_product_line
AIRFLOW_CTX_EXECUTION_DATE=2023-04-30T09:03:00.358280+00:00
AIRFLOW_CTX_TRY_NUMBER=1
AIRFLOW_CTX_DAG_RUN_ID=manual__2023-04-30T09:03:00.358280+00:00
[2023-04-30 09:04:05,080] {base.py:68} INFO - Using connection ID 'postgres_conn' for task execution.
[2023-04-30 09:04:05,866] {python.py:173} INFO - Done. Returned value was: None
[2023-04-30 09:04:07,701] {taskinstance.py:1400} INFO - Marking task as SUCCESS. dag_id=dag_etl, task_id=dim_product_line, execution_date=20230430T090300, start_date=20230430T090356, end_date=20230430T090407
[2023-04-30 09:04:08,177] {local_task_job.py:156} INFO - Task exited with return code 0
[2023-04-30 09:04:09,072] {local_task_job.py:273} INFO - 0 downstream tasks scheduled from follow-on schedule check
