[2023-05-02 10:33:53,181] {taskinstance.py:1159} INFO - Dependencies all met for <TaskInstance: dag_etl.rename_extracted_file scheduled__2023-04-30T00:00:00+00:00 [queued]>
[2023-05-02 10:33:54,721] {taskinstance.py:1159} INFO - Dependencies all met for <TaskInstance: dag_etl.rename_extracted_file scheduled__2023-04-30T00:00:00+00:00 [queued]>
[2023-05-02 10:33:54,749] {taskinstance.py:1356} INFO - 
--------------------------------------------------------------------------------
[2023-05-02 10:33:54,777] {taskinstance.py:1357} INFO - Starting attempt 1 of 6
[2023-05-02 10:33:54,795] {taskinstance.py:1358} INFO - 
--------------------------------------------------------------------------------
[2023-05-02 10:33:57,338] {taskinstance.py:1377} INFO - Executing <Task(_PythonDecoratedOperator): rename_extracted_file> on 2023-04-30 00:00:00+00:00
[2023-05-02 10:33:57,538] {standard_task_runner.py:52} INFO - Started process 603 to run task
[2023-05-02 10:33:57,777] {standard_task_runner.py:79} INFO - Running: ['***', 'tasks', 'run', 'dag_etl', 'rename_extracted_file', 'scheduled__2023-04-30T00:00:00+00:00', '--job-id', '403', '--raw', '--subdir', 'DAGS_FOLDER/dag_etl_taskflow.py', '--cfg-path', '/tmp/tmpq6nvcm0d', '--error-file', '/tmp/tmpdkb5cjd8']
[2023-05-02 10:33:57,804] {standard_task_runner.py:80} INFO - Job 403: Subtask rename_extracted_file
[2023-05-02 10:34:01,812] {task_command.py:370} INFO - Running <TaskInstance: dag_etl.rename_extracted_file scheduled__2023-04-30T00:00:00+00:00 [running]> on host 295d97741f96
[2023-05-02 10:34:14,417] {taskinstance.py:1571} INFO - Exporting the following env vars:
AIRFLOW_CTX_DAG_OWNER=Victor
AIRFLOW_CTX_DAG_ID=dag_etl
AIRFLOW_CTX_TASK_ID=rename_extracted_file
AIRFLOW_CTX_EXECUTION_DATE=2023-04-30T00:00:00+00:00
AIRFLOW_CTX_TRY_NUMBER=1
AIRFLOW_CTX_DAG_RUN_ID=scheduled__2023-04-30T00:00:00+00:00
[2023-05-02 10:34:14,474] {python.py:173} INFO - Done. Returned value was: /opt/***/data
[2023-05-02 10:34:15,142] {taskinstance.py:1400} INFO - Marking task as SUCCESS. dag_id=dag_etl, task_id=rename_extracted_file, execution_date=20230430T000000, start_date=20230502T103353, end_date=20230502T103415
[2023-05-02 10:34:15,562] {local_task_job.py:156} INFO - Task exited with return code 0
[2023-05-02 10:34:17,377] {local_task_job.py:273} INFO - 7 downstream tasks scheduled from follow-on schedule check
[2023-05-02 10:38:32,820] {taskinstance.py:1159} INFO - Dependencies all met for <TaskInstance: dag_etl.rename_extracted_file scheduled__2023-04-30T00:00:00+00:00 [queued]>
[2023-05-02 10:38:34,018] {taskinstance.py:1159} INFO - Dependencies all met for <TaskInstance: dag_etl.rename_extracted_file scheduled__2023-04-30T00:00:00+00:00 [queued]>
[2023-05-02 10:38:34,059] {taskinstance.py:1356} INFO - 
--------------------------------------------------------------------------------
[2023-05-02 10:38:34,097] {taskinstance.py:1357} INFO - Starting attempt 1 of 6
[2023-05-02 10:38:34,105] {taskinstance.py:1358} INFO - 
--------------------------------------------------------------------------------
[2023-05-02 10:38:35,051] {taskinstance.py:1377} INFO - Executing <Task(_PythonDecoratedOperator): rename_extracted_file> on 2023-04-30 00:00:00+00:00
[2023-05-02 10:38:35,117] {standard_task_runner.py:52} INFO - Started process 1097 to run task
[2023-05-02 10:38:35,293] {standard_task_runner.py:79} INFO - Running: ['***', 'tasks', 'run', 'dag_etl', 'rename_extracted_file', 'scheduled__2023-04-30T00:00:00+00:00', '--job-id', '441', '--raw', '--subdir', 'DAGS_FOLDER/dag_etl_taskflow.py', '--cfg-path', '/tmp/tmptqbrea80', '--error-file', '/tmp/tmp4l0txxsg']
[2023-05-02 10:38:35,332] {standard_task_runner.py:80} INFO - Job 441: Subtask rename_extracted_file
[2023-05-02 10:38:39,090] {task_command.py:370} INFO - Running <TaskInstance: dag_etl.rename_extracted_file scheduled__2023-04-30T00:00:00+00:00 [running]> on host 295d97741f96
[2023-05-02 10:38:44,402] {taskinstance.py:1571} INFO - Exporting the following env vars:
AIRFLOW_CTX_DAG_OWNER=Victor
AIRFLOW_CTX_DAG_ID=dag_etl
AIRFLOW_CTX_TASK_ID=rename_extracted_file
AIRFLOW_CTX_EXECUTION_DATE=2023-04-30T00:00:00+00:00
AIRFLOW_CTX_TRY_NUMBER=1
AIRFLOW_CTX_DAG_RUN_ID=scheduled__2023-04-30T00:00:00+00:00
[2023-05-02 10:38:44,438] {python.py:173} INFO - Done. Returned value was: /opt/***/data
[2023-05-02 10:38:46,534] {taskinstance.py:1400} INFO - Marking task as SUCCESS. dag_id=dag_etl, task_id=rename_extracted_file, execution_date=20230430T000000, start_date=20230502T103832, end_date=20230502T103846
[2023-05-02 10:38:46,923] {local_task_job.py:156} INFO - Task exited with return code 0
[2023-05-02 10:38:49,347] {local_task_job.py:273} INFO - 7 downstream tasks scheduled from follow-on schedule check
