[2023-05-02 16:30:43,805] {taskinstance.py:1159} INFO - Dependencies all met for <TaskInstance: dag_etl.dim_customer_type manual__2023-05-02T16:29:52.493494+00:00 [queued]>
[2023-05-02 16:30:43,958] {taskinstance.py:1159} INFO - Dependencies all met for <TaskInstance: dag_etl.dim_customer_type manual__2023-05-02T16:29:52.493494+00:00 [queued]>
[2023-05-02 16:30:43,964] {taskinstance.py:1356} INFO - 
--------------------------------------------------------------------------------
[2023-05-02 16:30:43,965] {taskinstance.py:1357} INFO - Starting attempt 1 of 6
[2023-05-02 16:30:43,966] {taskinstance.py:1358} INFO - 
--------------------------------------------------------------------------------
[2023-05-02 16:30:44,258] {taskinstance.py:1377} INFO - Executing <Task(_PythonDecoratedOperator): dim_customer_type> on 2023-05-02 16:29:52.493494+00:00
[2023-05-02 16:30:44,274] {standard_task_runner.py:52} INFO - Started process 657 to run task
[2023-05-02 16:30:44,344] {standard_task_runner.py:79} INFO - Running: ['***', 'tasks', 'run', 'dag_etl', 'dim_customer_type', 'manual__2023-05-02T16:29:52.493494+00:00', '--job-id', '774', '--raw', '--subdir', 'DAGS_FOLDER/dag_etl_taskflow.py', '--cfg-path', '/tmp/tmpdrqyz9vl', '--error-file', '/tmp/tmpjjllrop0']
[2023-05-02 16:30:44,373] {standard_task_runner.py:80} INFO - Job 774: Subtask dim_customer_type
[2023-05-02 16:30:45,656] {task_command.py:370} INFO - Running <TaskInstance: dag_etl.dim_customer_type manual__2023-05-02T16:29:52.493494+00:00 [running]> on host 295d97741f96
[2023-05-02 16:30:47,859] {taskinstance.py:1571} INFO - Exporting the following env vars:
AIRFLOW_CTX_DAG_OWNER=Victor
AIRFLOW_CTX_DAG_ID=dag_etl
AIRFLOW_CTX_TASK_ID=dim_customer_type
AIRFLOW_CTX_EXECUTION_DATE=2023-05-02T16:29:52.493494+00:00
AIRFLOW_CTX_TRY_NUMBER=1
AIRFLOW_CTX_DAG_RUN_ID=manual__2023-05-02T16:29:52.493494+00:00
[2023-05-02 16:30:48,540] {base.py:68} INFO - Using connection ID 'postgres_conn' for task execution.
[2023-05-02 16:30:49,048] {python.py:173} INFO - Done. Returned value was: None
[2023-05-02 16:30:50,003] {taskinstance.py:1400} INFO - Marking task as SUCCESS. dag_id=dag_etl, task_id=dim_customer_type, execution_date=20230502T162952, start_date=20230502T163043, end_date=20230502T163050
[2023-05-02 16:30:50,609] {local_task_job.py:156} INFO - Task exited with return code 0
[2023-05-02 16:30:51,675] {local_task_job.py:273} INFO - 1 downstream tasks scheduled from follow-on schedule check
