[2023-05-02 15:04:26,041] {taskinstance.py:1159} INFO - Dependencies all met for <TaskInstance: dag_etl_date.rename_extracted_file scheduled__2023-04-28T00:00:00+00:00 [queued]>
[2023-05-02 15:04:26,289] {taskinstance.py:1159} INFO - Dependencies all met for <TaskInstance: dag_etl_date.rename_extracted_file scheduled__2023-04-28T00:00:00+00:00 [queued]>
[2023-05-02 15:04:26,294] {taskinstance.py:1356} INFO - 
--------------------------------------------------------------------------------
[2023-05-02 15:04:26,308] {taskinstance.py:1357} INFO - Starting attempt 1 of 6
[2023-05-02 15:04:26,315] {taskinstance.py:1358} INFO - 
--------------------------------------------------------------------------------
[2023-05-02 15:04:26,845] {taskinstance.py:1377} INFO - Executing <Task(_PythonDecoratedOperator): rename_extracted_file> on 2023-04-28 00:00:00+00:00
[2023-05-02 15:04:26,898] {standard_task_runner.py:52} INFO - Started process 586 to run task
[2023-05-02 15:04:26,952] {standard_task_runner.py:79} INFO - Running: ['***', 'tasks', 'run', 'dag_etl_date', 'rename_extracted_file', 'scheduled__2023-04-28T00:00:00+00:00', '--job-id', '634', '--raw', '--subdir', 'DAGS_FOLDER/dag_etl_taskflow_date.py', '--cfg-path', '/tmp/tmpylbelrz0', '--error-file', '/tmp/tmpewvp6861']
[2023-05-02 15:04:26,954] {standard_task_runner.py:80} INFO - Job 634: Subtask rename_extracted_file
[2023-05-02 15:04:28,215] {task_command.py:370} INFO - Running <TaskInstance: dag_etl_date.rename_extracted_file scheduled__2023-04-28T00:00:00+00:00 [running]> on host 295d97741f96
[2023-05-02 15:04:30,237] {taskinstance.py:1571} INFO - Exporting the following env vars:
AIRFLOW_CTX_DAG_OWNER=Victor
AIRFLOW_CTX_DAG_ID=dag_etl_date
AIRFLOW_CTX_TASK_ID=rename_extracted_file
AIRFLOW_CTX_EXECUTION_DATE=2023-04-28T00:00:00+00:00
AIRFLOW_CTX_TRY_NUMBER=1
AIRFLOW_CTX_DAG_RUN_ID=scheduled__2023-04-28T00:00:00+00:00
[2023-05-02 15:04:30,244] {python.py:173} INFO - Done. Returned value was: /opt/***/data
[2023-05-02 15:04:31,490] {taskinstance.py:1400} INFO - Marking task as SUCCESS. dag_id=dag_etl_date, task_id=rename_extracted_file, execution_date=20230428T000000, start_date=20230502T150426, end_date=20230502T150431
[2023-05-02 15:04:31,921] {local_task_job.py:156} INFO - Task exited with return code 0
[2023-05-02 15:04:33,497] {local_task_job.py:273} INFO - 7 downstream tasks scheduled from follow-on schedule check
