[2023-04-30 17:59:58,169] {taskinstance.py:1159} INFO - Dependencies all met for <TaskInstance: dag_etl.dim_date manual__2023-04-30T15:48:08.925128+00:00 [queued]>
[2023-04-30 17:59:59,072] {taskinstance.py:1159} INFO - Dependencies all met for <TaskInstance: dag_etl.dim_date manual__2023-04-30T15:48:08.925128+00:00 [queued]>
[2023-04-30 17:59:59,082] {taskinstance.py:1356} INFO - 
--------------------------------------------------------------------------------
[2023-04-30 17:59:59,085] {taskinstance.py:1357} INFO - Starting attempt 4 of 6
[2023-04-30 17:59:59,089] {taskinstance.py:1358} INFO - 
--------------------------------------------------------------------------------
[2023-04-30 18:00:00,196] {taskinstance.py:1377} INFO - Executing <Task(_PythonDecoratedOperator): dim_date> on 2023-04-30 15:48:08.925128+00:00
[2023-04-30 18:00:00,287] {standard_task_runner.py:52} INFO - Started process 1219 to run task
[2023-04-30 18:00:00,424] {standard_task_runner.py:79} INFO - Running: ['***', 'tasks', 'run', 'dag_etl', 'dim_date', 'manual__2023-04-30T15:48:08.925128+00:00', '--job-id', '346', '--raw', '--subdir', 'DAGS_FOLDER/dag_etl_taskflow.py', '--cfg-path', '/tmp/tmpo4q9n7_f', '--error-file', '/tmp/tmpyojfap37']
[2023-04-30 18:00:00,446] {standard_task_runner.py:80} INFO - Job 346: Subtask dim_date
[2023-04-30 18:00:03,396] {task_command.py:370} INFO - Running <TaskInstance: dag_etl.dim_date manual__2023-04-30T15:48:08.925128+00:00 [running]> on host 295d97741f96
[2023-04-30 18:00:07,612] {taskinstance.py:1571} INFO - Exporting the following env vars:
AIRFLOW_CTX_DAG_OWNER=Victor
AIRFLOW_CTX_DAG_ID=dag_etl
AIRFLOW_CTX_TASK_ID=dim_date
AIRFLOW_CTX_EXECUTION_DATE=2023-04-30T15:48:08.925128+00:00
AIRFLOW_CTX_TRY_NUMBER=4
AIRFLOW_CTX_DAG_RUN_ID=manual__2023-04-30T15:48:08.925128+00:00
[2023-04-30 18:00:36,845] {base.py:68} INFO - Using connection ID 'postgres_conn' for task execution.
[2023-04-30 18:01:31,630] {python.py:173} INFO - Done. Returned value was: None
[2023-04-30 18:01:32,590] {taskinstance.py:1400} INFO - Marking task as SUCCESS. dag_id=dag_etl, task_id=dim_date, execution_date=20230430T154808, start_date=20230430T175958, end_date=20230430T180132
[2023-04-30 18:01:33,040] {local_task_job.py:156} INFO - Task exited with return code 0
[2023-04-30 18:01:33,649] {local_task_job.py:273} INFO - 0 downstream tasks scheduled from follow-on schedule check
