[2023-04-30 08:20:59,444] {taskinstance.py:1159} INFO - Dependencies all met for <TaskInstance: dag_etl.update_dim_tables manual__2023-04-30T08:19:33.159044+00:00 [queued]>
[2023-04-30 08:20:59,500] {taskinstance.py:1159} INFO - Dependencies all met for <TaskInstance: dag_etl.update_dim_tables manual__2023-04-30T08:19:33.159044+00:00 [queued]>
[2023-04-30 08:20:59,501] {taskinstance.py:1356} INFO - 
--------------------------------------------------------------------------------
[2023-04-30 08:20:59,502] {taskinstance.py:1357} INFO - Starting attempt 1 of 6
[2023-04-30 08:20:59,503] {taskinstance.py:1358} INFO - 
--------------------------------------------------------------------------------
[2023-04-30 08:20:59,594] {taskinstance.py:1377} INFO - Executing <Task(PostgresOperator): update_dim_tables> on 2023-04-30 08:19:33.159044+00:00
[2023-04-30 08:20:59,603] {standard_task_runner.py:52} INFO - Started process 984 to run task
[2023-04-30 08:20:59,610] {standard_task_runner.py:79} INFO - Running: ['***', 'tasks', 'run', 'dag_etl', 'update_dim_tables', 'manual__2023-04-30T08:19:33.159044+00:00', '--job-id', '163', '--raw', '--subdir', 'DAGS_FOLDER/dag_etl_taskflow.py', '--cfg-path', '/tmp/tmplpyba1gz', '--error-file', '/tmp/tmpk5bmf1jt']
[2023-04-30 08:20:59,613] {standard_task_runner.py:80} INFO - Job 163: Subtask update_dim_tables
[2023-04-30 08:20:59,944] {task_command.py:370} INFO - Running <TaskInstance: dag_etl.update_dim_tables manual__2023-04-30T08:19:33.159044+00:00 [running]> on host 295d97741f96
[2023-04-30 08:21:00,496] {taskinstance.py:1571} INFO - Exporting the following env vars:
AIRFLOW_CTX_DAG_OWNER=Victor
AIRFLOW_CTX_DAG_ID=dag_etl
AIRFLOW_CTX_TASK_ID=update_dim_tables
AIRFLOW_CTX_EXECUTION_DATE=2023-04-30T08:19:33.159044+00:00
AIRFLOW_CTX_TRY_NUMBER=1
AIRFLOW_CTX_DAG_RUN_ID=manual__2023-04-30T08:19:33.159044+00:00
[2023-04-30 08:21:00,579] {base.py:68} INFO - Using connection ID 'postgres_conn' for task execution.
[2023-04-30 08:21:00,622] {dbapi.py:213} INFO - Running statement: 
            SET search_path TO nds;    
            INSERT INTO dim_branch (branch)
            (SELECT branch FROM stage.dim_branch WHERE branch NOT IN (SELECT branch FROM dim_branch));
            INSERT INTO dim_city (city)
            (SELECT city FROM stage.dim_city WHERE city NOT IN (SELECT city FROM dim_city));
            INSERT INTO dim_customer_type (customer_type)
            (SELECT customer_type FROM stage.dim_customer_type WHERE customer_type NOT IN (SELECT customer_type FROM dim_customer_type));
            INSERT INTO dim_gender (gender)
            (SELECT gender FROM stage.dim_gender WHERE gender NOT IN (SELECT gender FROM dim_gender));
            INSERT INTO dim_product_line (product_line)
            (SELECT product_line FROM stage.dim_product_line WHERE product_line NOT IN (SELECT product_line FROM dim_product_line));
            INSERT INTO dim_payment (payment)
            (SELECT payment FROM stage.dim_payment WHERE payment NOT IN (SELECT payment FROM dim_payment));
            
            ALTER TABLE dim_date DROP CONSTRAINT IF EXISTS dim_date_pkey;
            INSERT INTO dim_date (date, week_of_year, week_start, day_of_week, month_number, month_name, quarter, year, season)
            SELECT date::date, week_of_year, week_start::date, day_of_week, month_number, month_name, quarter, year, season FROM stage.dim_date;            
            ALTER TABLE dim_date ADD PRIMARY KEY (date);
            
            ALTER TABLE dim_time DROP CONSTRAINT IF EXISTS dim_time_pkey;
            INSERT INTO dim_time (time, day_part)
            SELECT time::time, day_part FROM stage.dim_time;
            ALTER TABLE dim_time ADD PRIMARY KEY (time);                 
            , parameters: None
[2023-04-30 08:21:01,277] {taskinstance.py:1400} INFO - Marking task as SUCCESS. dag_id=dag_etl, task_id=update_dim_tables, execution_date=20230430T081933, start_date=20230430T082059, end_date=20230430T082101
[2023-04-30 08:21:01,354] {local_task_job.py:156} INFO - Task exited with return code 0
[2023-04-30 08:21:01,692] {local_task_job.py:273} INFO - 1 downstream tasks scheduled from follow-on schedule check
