[2023-04-30 08:18:09,439] {taskinstance.py:1159} INFO - Dependencies all met for <TaskInstance: dag_etl.dim_branch manual__2023-04-30T08:17:21.945533+00:00 [queued]>
[2023-04-30 08:18:09,712] {taskinstance.py:1159} INFO - Dependencies all met for <TaskInstance: dag_etl.dim_branch manual__2023-04-30T08:17:21.945533+00:00 [queued]>
[2023-04-30 08:18:09,727] {taskinstance.py:1356} INFO - 
--------------------------------------------------------------------------------
[2023-04-30 08:18:09,729] {taskinstance.py:1357} INFO - Starting attempt 1 of 6
[2023-04-30 08:18:09,732] {taskinstance.py:1358} INFO - 
--------------------------------------------------------------------------------
[2023-04-30 08:18:10,317] {taskinstance.py:1377} INFO - Executing <Task(_PythonDecoratedOperator): dim_branch> on 2023-04-30 08:17:21.945533+00:00
[2023-04-30 08:18:10,389] {standard_task_runner.py:52} INFO - Started process 728 to run task
[2023-04-30 08:18:10,446] {standard_task_runner.py:79} INFO - Running: ['***', 'tasks', 'run', 'dag_etl', 'dim_branch', 'manual__2023-04-30T08:17:21.945533+00:00', '--job-id', '146', '--raw', '--subdir', 'DAGS_FOLDER/dag_etl_taskflow.py', '--cfg-path', '/tmp/tmp74zsmd7x', '--error-file', '/tmp/tmpiwhol0lc']
[2023-04-30 08:18:10,461] {standard_task_runner.py:80} INFO - Job 146: Subtask dim_branch
[2023-04-30 08:18:12,461] {task_command.py:370} INFO - Running <TaskInstance: dag_etl.dim_branch manual__2023-04-30T08:17:21.945533+00:00 [running]> on host 295d97741f96
[2023-04-30 08:18:16,999] {taskinstance.py:1571} INFO - Exporting the following env vars:
AIRFLOW_CTX_DAG_OWNER=Victor
AIRFLOW_CTX_DAG_ID=dag_etl
AIRFLOW_CTX_TASK_ID=dim_branch
AIRFLOW_CTX_EXECUTION_DATE=2023-04-30T08:17:21.945533+00:00
AIRFLOW_CTX_TRY_NUMBER=1
AIRFLOW_CTX_DAG_RUN_ID=manual__2023-04-30T08:17:21.945533+00:00
[2023-04-30 08:18:18,203] {base.py:68} INFO - Using connection ID 'postgres_conn' for task execution.
[2023-04-30 08:18:18,993] {python.py:173} INFO - Done. Returned value was: None
[2023-04-30 08:18:19,987] {taskinstance.py:1400} INFO - Marking task as SUCCESS. dag_id=dag_etl, task_id=dim_branch, execution_date=20230430T081721, start_date=20230430T081809, end_date=20230430T081819
[2023-04-30 08:18:20,230] {local_task_job.py:156} INFO - Task exited with return code 0
[2023-04-30 08:18:20,689] {local_task_job.py:273} INFO - 0 downstream tasks scheduled from follow-on schedule check
