[2023-05-05 07:30:01,854] {taskinstance.py:1159} INFO - Dependencies all met for <TaskInstance: dag_etl.delete_s3_obj manual__2023-05-05T07:29:23.640537+00:00 [queued]>
[2023-05-05 07:30:01,923] {taskinstance.py:1159} INFO - Dependencies all met for <TaskInstance: dag_etl.delete_s3_obj manual__2023-05-05T07:29:23.640537+00:00 [queued]>
[2023-05-05 07:30:01,928] {taskinstance.py:1356} INFO - 
--------------------------------------------------------------------------------
[2023-05-05 07:30:01,931] {taskinstance.py:1357} INFO - Starting attempt 1 of 6
[2023-05-05 07:30:01,932] {taskinstance.py:1358} INFO - 
--------------------------------------------------------------------------------
[2023-05-05 07:30:02,117] {taskinstance.py:1377} INFO - Executing <Task(S3DeleteObjectsOperator): delete_s3_obj> on 2023-05-05 07:29:23.640537+00:00
[2023-05-05 07:30:02,128] {standard_task_runner.py:52} INFO - Started process 1102 to run task
[2023-05-05 07:30:02,162] {standard_task_runner.py:79} INFO - Running: ['***', 'tasks', 'run', 'dag_etl', 'delete_s3_obj', 'manual__2023-05-05T07:29:23.640537+00:00', '--job-id', '1065', '--raw', '--subdir', 'DAGS_FOLDER/dag_etl_taskflow.py', '--cfg-path', '/tmp/tmpq12eeesg', '--error-file', '/tmp/tmp4vt4adv_']
[2023-05-05 07:30:02,166] {standard_task_runner.py:80} INFO - Job 1065: Subtask delete_s3_obj
[2023-05-05 07:30:03,089] {task_command.py:370} INFO - Running <TaskInstance: dag_etl.delete_s3_obj manual__2023-05-05T07:29:23.640537+00:00 [running]> on host 295d97741f96
[2023-05-05 07:30:04,700] {taskinstance.py:1571} INFO - Exporting the following env vars:
AIRFLOW_CTX_DAG_OWNER=Victor
AIRFLOW_CTX_DAG_ID=dag_etl
AIRFLOW_CTX_TASK_ID=delete_s3_obj
AIRFLOW_CTX_EXECUTION_DATE=2023-05-05T07:29:23.640537+00:00
AIRFLOW_CTX_TRY_NUMBER=1
AIRFLOW_CTX_DAG_RUN_ID=manual__2023-05-05T07:29:23.640537+00:00
[2023-05-05 07:30:05,087] {base.py:68} INFO - Using connection ID 'minio_conn' for task execution.
[2023-05-05 07:30:05,148] {base_aws.py:206} INFO - Credentials retrieved from login
[2023-05-05 07:30:07,087] {s3.py:841} INFO - Deleted: ['supermarket_sales.csv']
[2023-05-05 07:30:08,793] {taskinstance.py:1400} INFO - Marking task as SUCCESS. dag_id=dag_etl, task_id=delete_s3_obj, execution_date=20230505T072923, start_date=20230505T073001, end_date=20230505T073008
[2023-05-05 07:30:10,637] {local_task_job.py:156} INFO - Task exited with return code 0
[2023-05-05 07:30:11,573] {local_task_job.py:273} INFO - 0 downstream tasks scheduled from follow-on schedule check
