[2023-05-02 10:43:55,130] {taskinstance.py:1159} INFO - Dependencies all met for <TaskInstance: dag_etl.dim_payment manual__2023-05-02T10:43:11.140829+00:00 [queued]>
[2023-05-02 10:43:55,392] {taskinstance.py:1159} INFO - Dependencies all met for <TaskInstance: dag_etl.dim_payment manual__2023-05-02T10:43:11.140829+00:00 [queued]>
[2023-05-02 10:43:55,396] {taskinstance.py:1356} INFO - 
--------------------------------------------------------------------------------
[2023-05-02 10:43:55,401] {taskinstance.py:1357} INFO - Starting attempt 1 of 6
[2023-05-02 10:43:55,403] {taskinstance.py:1358} INFO - 
--------------------------------------------------------------------------------
[2023-05-02 10:43:55,703] {taskinstance.py:1377} INFO - Executing <Task(_PythonDecoratedOperator): dim_payment> on 2023-05-02 10:43:11.140829+00:00
[2023-05-02 10:43:55,744] {standard_task_runner.py:52} INFO - Started process 1662 to run task
[2023-05-02 10:43:55,768] {standard_task_runner.py:79} INFO - Running: ['***', 'tasks', 'run', 'dag_etl', 'dim_payment', 'manual__2023-05-02T10:43:11.140829+00:00', '--job-id', '479', '--raw', '--subdir', 'DAGS_FOLDER/dag_etl_taskflow.py', '--cfg-path', '/tmp/tmpa7dn8kim', '--error-file', '/tmp/tmpduap0af_']
[2023-05-02 10:43:55,783] {standard_task_runner.py:80} INFO - Job 479: Subtask dim_payment
[2023-05-02 10:43:56,979] {task_command.py:370} INFO - Running <TaskInstance: dag_etl.dim_payment manual__2023-05-02T10:43:11.140829+00:00 [running]> on host 295d97741f96
[2023-05-02 10:44:00,132] {taskinstance.py:1571} INFO - Exporting the following env vars:
AIRFLOW_CTX_DAG_OWNER=Victor
AIRFLOW_CTX_DAG_ID=dag_etl
AIRFLOW_CTX_TASK_ID=dim_payment
AIRFLOW_CTX_EXECUTION_DATE=2023-05-02T10:43:11.140829+00:00
AIRFLOW_CTX_TRY_NUMBER=1
AIRFLOW_CTX_DAG_RUN_ID=manual__2023-05-02T10:43:11.140829+00:00
[2023-05-02 10:44:01,176] {base.py:68} INFO - Using connection ID 'postgres_conn' for task execution.
[2023-05-02 10:44:01,994] {python.py:173} INFO - Done. Returned value was: None
[2023-05-02 10:44:03,241] {taskinstance.py:1400} INFO - Marking task as SUCCESS. dag_id=dag_etl, task_id=dim_payment, execution_date=20230502T104311, start_date=20230502T104355, end_date=20230502T104403
[2023-05-02 10:44:03,518] {local_task_job.py:156} INFO - Task exited with return code 0
[2023-05-02 10:44:05,135] {local_task_job.py:273} INFO - 0 downstream tasks scheduled from follow-on schedule check
