[2023-05-02 11:55:31,930] {taskinstance.py:1159} INFO - Dependencies all met for <TaskInstance: dag_etl.sensor_s3_obj manual__2023-05-02T11:55:27.901699+00:00 [queued]>
[2023-05-02 11:55:31,986] {taskinstance.py:1159} INFO - Dependencies all met for <TaskInstance: dag_etl.sensor_s3_obj manual__2023-05-02T11:55:27.901699+00:00 [queued]>
[2023-05-02 11:55:31,987] {taskinstance.py:1356} INFO - 
--------------------------------------------------------------------------------
[2023-05-02 11:55:31,989] {taskinstance.py:1357} INFO - Starting attempt 1 of 6
[2023-05-02 11:55:31,990] {taskinstance.py:1358} INFO - 
--------------------------------------------------------------------------------
[2023-05-02 11:55:32,086] {taskinstance.py:1377} INFO - Executing <Task(S3KeySensor): sensor_s3_obj> on 2023-05-02 11:55:27.901699+00:00
[2023-05-02 11:55:32,096] {standard_task_runner.py:52} INFO - Started process 1744 to run task
[2023-05-02 11:55:32,105] {standard_task_runner.py:79} INFO - Running: ['***', 'tasks', 'run', 'dag_etl', 'sensor_s3_obj', 'manual__2023-05-02T11:55:27.901699+00:00', '--job-id', '522', '--raw', '--subdir', 'DAGS_FOLDER/dag_etl_taskflow.py', '--cfg-path', '/tmp/tmpggjl9d2o', '--error-file', '/tmp/tmpiyuij1ht']
[2023-05-02 11:55:32,108] {standard_task_runner.py:80} INFO - Job 522: Subtask sensor_s3_obj
[2023-05-02 11:55:32,496] {task_command.py:370} INFO - Running <TaskInstance: dag_etl.sensor_s3_obj manual__2023-05-02T11:55:27.901699+00:00 [running]> on host 295d97741f96
[2023-05-02 11:55:33,130] {taskinstance.py:1571} INFO - Exporting the following env vars:
AIRFLOW_CTX_DAG_OWNER=Victor
AIRFLOW_CTX_DAG_ID=dag_etl
AIRFLOW_CTX_TASK_ID=sensor_s3_obj
AIRFLOW_CTX_EXECUTION_DATE=2023-05-02T11:55:27.901699+00:00
AIRFLOW_CTX_TRY_NUMBER=1
AIRFLOW_CTX_DAG_RUN_ID=manual__2023-05-02T11:55:27.901699+00:00
[2023-05-02 11:55:33,134] {s3.py:104} INFO - Poking for key : s3://raw/supermarket_sales.csv
[2023-05-02 11:55:33,215] {base.py:68} INFO - Using connection ID 'minio_conn' for task execution.
[2023-05-02 11:55:33,221] {base_aws.py:206} INFO - Credentials retrieved from login
[2023-05-02 11:55:38,623] {s3.py:104} INFO - Poking for key : s3://raw/supermarket_sales.csv
[2023-05-02 11:55:43,688] {s3.py:104} INFO - Poking for key : s3://raw/supermarket_sales.csv
[2023-05-02 11:55:48,716] {s3.py:104} INFO - Poking for key : s3://raw/supermarket_sales.csv
[2023-05-02 11:55:48,739] {base.py:301} INFO - Success criteria met. Exiting.
[2023-05-02 11:55:49,088] {taskinstance.py:1400} INFO - Marking task as SUCCESS. dag_id=dag_etl, task_id=sensor_s3_obj, execution_date=20230502T115527, start_date=20230502T115531, end_date=20230502T115549
[2023-05-02 11:55:49,200] {local_task_job.py:156} INFO - Task exited with return code 0
[2023-05-02 11:55:49,632] {local_task_job.py:273} INFO - 2 downstream tasks scheduled from follow-on schedule check
