[2023-05-05 07:30:25,085] {taskinstance.py:1159} INFO - Dependencies all met for <TaskInstance: dag_etl.fact_nds manual__2023-05-05T07:29:23.640537+00:00 [queued]>
[2023-05-05 07:30:25,149] {taskinstance.py:1159} INFO - Dependencies all met for <TaskInstance: dag_etl.fact_nds manual__2023-05-05T07:29:23.640537+00:00 [queued]>
[2023-05-05 07:30:25,150] {taskinstance.py:1356} INFO - 
--------------------------------------------------------------------------------
[2023-05-05 07:30:25,151] {taskinstance.py:1357} INFO - Starting attempt 1 of 6
[2023-05-05 07:30:25,152] {taskinstance.py:1358} INFO - 
--------------------------------------------------------------------------------
[2023-05-05 07:30:25,244] {taskinstance.py:1377} INFO - Executing <Task(_PythonDecoratedOperator): fact_nds> on 2023-05-05 07:29:23.640537+00:00
[2023-05-05 07:30:25,255] {standard_task_runner.py:52} INFO - Started process 1140 to run task
[2023-05-05 07:30:25,263] {standard_task_runner.py:79} INFO - Running: ['***', 'tasks', 'run', 'dag_etl', 'fact_nds', 'manual__2023-05-05T07:29:23.640537+00:00', '--job-id', '1069', '--raw', '--subdir', 'DAGS_FOLDER/dag_etl_taskflow.py', '--cfg-path', '/tmp/tmprxhmw6fg', '--error-file', '/tmp/tmptwz3iwqe']
[2023-05-05 07:30:25,266] {standard_task_runner.py:80} INFO - Job 1069: Subtask fact_nds
[2023-05-05 07:30:25,629] {task_command.py:370} INFO - Running <TaskInstance: dag_etl.fact_nds manual__2023-05-05T07:29:23.640537+00:00 [running]> on host 295d97741f96
[2023-05-05 07:30:26,315] {taskinstance.py:1571} INFO - Exporting the following env vars:
AIRFLOW_CTX_DAG_OWNER=Victor
AIRFLOW_CTX_DAG_ID=dag_etl
AIRFLOW_CTX_TASK_ID=fact_nds
AIRFLOW_CTX_EXECUTION_DATE=2023-05-05T07:29:23.640537+00:00
AIRFLOW_CTX_TRY_NUMBER=1
AIRFLOW_CTX_DAG_RUN_ID=manual__2023-05-05T07:29:23.640537+00:00
[2023-05-05 07:30:26,401] {base.py:68} INFO - Using connection ID 'postgres_conn' for task execution.
[2023-05-05 07:30:26,702] {base.py:68} INFO - Using connection ID 'postgres_conn' for task execution.
[2023-05-05 07:30:27,808] {python.py:173} INFO - Done. Returned value was: None
[2023-05-05 07:30:27,929] {taskinstance.py:1400} INFO - Marking task as SUCCESS. dag_id=dag_etl, task_id=fact_nds, execution_date=20230505T072923, start_date=20230505T073025, end_date=20230505T073027
[2023-05-05 07:30:28,030] {local_task_job.py:156} INFO - Task exited with return code 0
[2023-05-05 07:30:28,500] {local_task_job.py:273} INFO - 0 downstream tasks scheduled from follow-on schedule check
