[2023-04-30 12:01:54,715] {taskinstance.py:1159} INFO - Dependencies all met for <TaskInstance: dag_etl.dim_customer_type scheduled__2023-04-29T00:00:00+00:00 [queued]>
[2023-04-30 12:01:55,467] {taskinstance.py:1159} INFO - Dependencies all met for <TaskInstance: dag_etl.dim_customer_type scheduled__2023-04-29T00:00:00+00:00 [queued]>
[2023-04-30 12:01:55,487] {taskinstance.py:1356} INFO - 
--------------------------------------------------------------------------------
[2023-04-30 12:01:55,495] {taskinstance.py:1357} INFO - Starting attempt 1 of 6
[2023-04-30 12:01:55,502] {taskinstance.py:1358} INFO - 
--------------------------------------------------------------------------------
[2023-04-30 12:01:57,211] {taskinstance.py:1377} INFO - Executing <Task(_PythonDecoratedOperator): dim_customer_type> on 2023-04-29 00:00:00+00:00
[2023-04-30 12:01:57,281] {standard_task_runner.py:52} INFO - Started process 858 to run task
[2023-04-30 12:01:57,364] {standard_task_runner.py:79} INFO - Running: ['***', 'tasks', 'run', 'dag_etl', 'dim_customer_type', 'scheduled__2023-04-29T00:00:00+00:00', '--job-id', '270', '--raw', '--subdir', 'DAGS_FOLDER/dag_etl_taskflow.py', '--cfg-path', '/tmp/tmpbzwbpdap', '--error-file', '/tmp/tmpl196twx2']
[2023-04-30 12:01:57,384] {standard_task_runner.py:80} INFO - Job 270: Subtask dim_customer_type
[2023-04-30 12:01:59,367] {task_command.py:370} INFO - Running <TaskInstance: dag_etl.dim_customer_type scheduled__2023-04-29T00:00:00+00:00 [running]> on host 295d97741f96
[2023-04-30 12:02:04,936] {taskinstance.py:1571} INFO - Exporting the following env vars:
AIRFLOW_CTX_DAG_OWNER=Victor
AIRFLOW_CTX_DAG_ID=dag_etl
AIRFLOW_CTX_TASK_ID=dim_customer_type
AIRFLOW_CTX_EXECUTION_DATE=2023-04-29T00:00:00+00:00
AIRFLOW_CTX_TRY_NUMBER=1
AIRFLOW_CTX_DAG_RUN_ID=scheduled__2023-04-29T00:00:00+00:00
[2023-04-30 12:02:06,910] {base.py:68} INFO - Using connection ID 'postgres_conn' for task execution.
[2023-04-30 12:02:10,646] {python.py:173} INFO - Done. Returned value was: None
[2023-04-30 12:02:12,033] {taskinstance.py:1400} INFO - Marking task as SUCCESS. dag_id=dag_etl, task_id=dim_customer_type, execution_date=20230429T000000, start_date=20230430T120154, end_date=20230430T120212
[2023-04-30 12:02:13,478] {local_task_job.py:156} INFO - Task exited with return code 0
[2023-04-30 12:02:18,373] {local_task_job.py:273} INFO - 0 downstream tasks scheduled from follow-on schedule check
