[2023-04-30 17:59:59,090] {taskinstance.py:1159} INFO - Dependencies all met for <TaskInstance: dag_etl.dim_customer_type scheduled__2023-04-27T00:00:00+00:00 [queued]>
[2023-04-30 17:59:59,590] {taskinstance.py:1159} INFO - Dependencies all met for <TaskInstance: dag_etl.dim_customer_type scheduled__2023-04-27T00:00:00+00:00 [queued]>
[2023-04-30 17:59:59,595] {taskinstance.py:1356} INFO - 
--------------------------------------------------------------------------------
[2023-04-30 17:59:59,599] {taskinstance.py:1357} INFO - Starting attempt 3 of 6
[2023-04-30 17:59:59,603] {taskinstance.py:1358} INFO - 
--------------------------------------------------------------------------------
[2023-04-30 18:00:00,697] {taskinstance.py:1377} INFO - Executing <Task(_PythonDecoratedOperator): dim_customer_type> on 2023-04-27 00:00:00+00:00
[2023-04-30 18:00:00,812] {standard_task_runner.py:52} INFO - Started process 1221 to run task
[2023-04-30 18:00:00,932] {standard_task_runner.py:79} INFO - Running: ['***', 'tasks', 'run', 'dag_etl', 'dim_customer_type', 'scheduled__2023-04-27T00:00:00+00:00', '--job-id', '347', '--raw', '--subdir', 'DAGS_FOLDER/dag_etl_taskflow.py', '--cfg-path', '/tmp/tmplnsbkh9d', '--error-file', '/tmp/tmpx3h266cp']
[2023-04-30 18:00:00,952] {standard_task_runner.py:80} INFO - Job 347: Subtask dim_customer_type
[2023-04-30 18:00:03,988] {task_command.py:370} INFO - Running <TaskInstance: dag_etl.dim_customer_type scheduled__2023-04-27T00:00:00+00:00 [running]> on host 295d97741f96
[2023-04-30 18:00:08,458] {taskinstance.py:1571} INFO - Exporting the following env vars:
AIRFLOW_CTX_DAG_OWNER=Victor
AIRFLOW_CTX_DAG_ID=dag_etl
AIRFLOW_CTX_TASK_ID=dim_customer_type
AIRFLOW_CTX_EXECUTION_DATE=2023-04-27T00:00:00+00:00
AIRFLOW_CTX_TRY_NUMBER=3
AIRFLOW_CTX_DAG_RUN_ID=scheduled__2023-04-27T00:00:00+00:00
[2023-04-30 18:00:09,631] {base.py:68} INFO - Using connection ID 'postgres_conn' for task execution.
[2023-04-30 18:00:11,070] {python.py:173} INFO - Done. Returned value was: None
[2023-04-30 18:00:11,625] {taskinstance.py:1400} INFO - Marking task as SUCCESS. dag_id=dag_etl, task_id=dim_customer_type, execution_date=20230427T000000, start_date=20230430T175959, end_date=20230430T180011
[2023-04-30 18:00:12,139] {local_task_job.py:156} INFO - Task exited with return code 0
[2023-04-30 18:00:14,558] {local_task_job.py:273} INFO - 0 downstream tasks scheduled from follow-on schedule check
