[2023-04-30 07:04:23,399] {taskinstance.py:1159} INFO - Dependencies all met for <TaskInstance: dag_etl.dim_customer_type scheduled__2023-04-27T00:00:00+00:00 [queued]>
[2023-04-30 07:04:24,331] {taskinstance.py:1159} INFO - Dependencies all met for <TaskInstance: dag_etl.dim_customer_type scheduled__2023-04-27T00:00:00+00:00 [queued]>
[2023-04-30 07:04:24,362] {taskinstance.py:1356} INFO - 
--------------------------------------------------------------------------------
[2023-04-30 07:04:24,371] {taskinstance.py:1357} INFO - Starting attempt 1 of 6
[2023-04-30 07:04:24,388] {taskinstance.py:1358} INFO - 
--------------------------------------------------------------------------------
[2023-04-30 07:04:25,513] {taskinstance.py:1377} INFO - Executing <Task(_PythonDecoratedOperator): dim_customer_type> on 2023-04-27 00:00:00+00:00
[2023-04-30 07:04:25,604] {standard_task_runner.py:52} INFO - Started process 1096 to run task
[2023-04-30 07:04:25,698] {standard_task_runner.py:79} INFO - Running: ['***', 'tasks', 'run', 'dag_etl', 'dim_customer_type', 'scheduled__2023-04-27T00:00:00+00:00', '--job-id', '76', '--raw', '--subdir', 'DAGS_FOLDER/dag_etl_taskflow.py', '--cfg-path', '/tmp/tmpehh52vdr', '--error-file', '/tmp/tmp_nrwd02w']
[2023-04-30 07:04:25,750] {standard_task_runner.py:80} INFO - Job 76: Subtask dim_customer_type
[2023-04-30 07:04:28,159] {task_command.py:370} INFO - Running <TaskInstance: dag_etl.dim_customer_type scheduled__2023-04-27T00:00:00+00:00 [running]> on host 295d97741f96
[2023-04-30 07:04:32,754] {taskinstance.py:1571} INFO - Exporting the following env vars:
AIRFLOW_CTX_DAG_OWNER=Victor
AIRFLOW_CTX_DAG_ID=dag_etl
AIRFLOW_CTX_TASK_ID=dim_customer_type
AIRFLOW_CTX_EXECUTION_DATE=2023-04-27T00:00:00+00:00
AIRFLOW_CTX_TRY_NUMBER=1
AIRFLOW_CTX_DAG_RUN_ID=scheduled__2023-04-27T00:00:00+00:00
[2023-04-30 07:04:34,461] {base.py:68} INFO - Using connection ID 'postgres_conn' for task execution.
[2023-04-30 07:04:35,681] {python.py:173} INFO - Done. Returned value was: None
[2023-04-30 07:04:36,354] {taskinstance.py:1400} INFO - Marking task as SUCCESS. dag_id=dag_etl, task_id=dim_customer_type, execution_date=20230427T000000, start_date=20230430T070423, end_date=20230430T070436
[2023-04-30 07:04:37,045] {local_task_job.py:156} INFO - Task exited with return code 0
[2023-04-30 07:04:39,597] {local_task_job.py:273} INFO - 0 downstream tasks scheduled from follow-on schedule check
