[2023-05-05 05:32:01,593] {taskinstance.py:1159} INFO - Dependencies all met for <TaskInstance: dag_etl.clear_data_directory scheduled__2023-05-04T00:00:00+00:00 [queued]>
[2023-05-05 05:32:01,657] {taskinstance.py:1159} INFO - Dependencies all met for <TaskInstance: dag_etl.clear_data_directory scheduled__2023-05-04T00:00:00+00:00 [queued]>
[2023-05-05 05:32:01,659] {taskinstance.py:1356} INFO - 
--------------------------------------------------------------------------------
[2023-05-05 05:32:01,660] {taskinstance.py:1357} INFO - Starting attempt 1 of 6
[2023-05-05 05:32:01,661] {taskinstance.py:1358} INFO - 
--------------------------------------------------------------------------------
[2023-05-05 05:32:01,760] {taskinstance.py:1377} INFO - Executing <Task(BashOperator): clear_data_directory> on 2023-05-04 00:00:00+00:00
[2023-05-05 05:32:01,771] {standard_task_runner.py:52} INFO - Started process 524 to run task
[2023-05-05 05:32:01,783] {standard_task_runner.py:79} INFO - Running: ['***', 'tasks', 'run', 'dag_etl', 'clear_data_directory', 'scheduled__2023-05-04T00:00:00+00:00', '--job-id', '1024', '--raw', '--subdir', 'DAGS_FOLDER/dag_etl_taskflow.py', '--cfg-path', '/tmp/tmpvl8eod78', '--error-file', '/tmp/tmpccctoyz0']
[2023-05-05 05:32:01,786] {standard_task_runner.py:80} INFO - Job 1024: Subtask clear_data_directory
[2023-05-05 05:32:02,153] {task_command.py:370} INFO - Running <TaskInstance: dag_etl.clear_data_directory scheduled__2023-05-04T00:00:00+00:00 [running]> on host 295d97741f96
[2023-05-05 05:32:02,727] {taskinstance.py:1571} INFO - Exporting the following env vars:
AIRFLOW_CTX_DAG_OWNER=Victor
AIRFLOW_CTX_DAG_ID=dag_etl
AIRFLOW_CTX_TASK_ID=clear_data_directory
AIRFLOW_CTX_EXECUTION_DATE=2023-05-04T00:00:00+00:00
AIRFLOW_CTX_TRY_NUMBER=1
AIRFLOW_CTX_DAG_RUN_ID=scheduled__2023-05-04T00:00:00+00:00
[2023-05-05 05:32:02,732] {subprocess.py:62} INFO - Tmp dir root location: 
 /tmp
[2023-05-05 05:32:02,733] {subprocess.py:74} INFO - Running command: ['bash', '-c', 'rm -rf ${pwd}data/* | echo "приехали"']
[2023-05-05 05:32:02,752] {subprocess.py:85} INFO - Output:
[2023-05-05 05:32:02,801] {subprocess.py:92} INFO - приехали
[2023-05-05 05:32:02,839] {subprocess.py:96} INFO - Command exited with return code 0
[2023-05-05 05:32:03,096] {taskinstance.py:1400} INFO - Marking task as SUCCESS. dag_id=dag_etl, task_id=clear_data_directory, execution_date=20230504T000000, start_date=20230505T053201, end_date=20230505T053203
[2023-05-05 05:32:03,173] {local_task_job.py:156} INFO - Task exited with return code 0
[2023-05-05 05:32:03,441] {local_task_job.py:273} INFO - 0 downstream tasks scheduled from follow-on schedule check
