[2023-05-02 17:01:15,391] {taskinstance.py:1159} INFO - Dependencies all met for <TaskInstance: dag_etl.sensor_s3_obj manual__2023-05-02T17:01:11.067259+00:00 [queued]>
[2023-05-02 17:01:15,439] {taskinstance.py:1159} INFO - Dependencies all met for <TaskInstance: dag_etl.sensor_s3_obj manual__2023-05-02T17:01:11.067259+00:00 [queued]>
[2023-05-02 17:01:15,440] {taskinstance.py:1356} INFO - 
--------------------------------------------------------------------------------
[2023-05-02 17:01:15,441] {taskinstance.py:1357} INFO - Starting attempt 1 of 6
[2023-05-02 17:01:15,442] {taskinstance.py:1358} INFO - 
--------------------------------------------------------------------------------
[2023-05-02 17:01:15,533] {taskinstance.py:1377} INFO - Executing <Task(S3KeySensor): sensor_s3_obj> on 2023-05-02 17:01:11.067259+00:00
[2023-05-02 17:01:15,544] {standard_task_runner.py:52} INFO - Started process 1416 to run task
[2023-05-02 17:01:15,554] {standard_task_runner.py:79} INFO - Running: ['***', 'tasks', 'run', 'dag_etl', 'sensor_s3_obj', 'manual__2023-05-02T17:01:11.067259+00:00', '--job-id', '803', '--raw', '--subdir', 'DAGS_FOLDER/dag_etl_taskflow.py', '--cfg-path', '/tmp/tmpkmaq_tqc', '--error-file', '/tmp/tmp50ubb9n2']
[2023-05-02 17:01:15,557] {standard_task_runner.py:80} INFO - Job 803: Subtask sensor_s3_obj
[2023-05-02 17:01:15,942] {task_command.py:370} INFO - Running <TaskInstance: dag_etl.sensor_s3_obj manual__2023-05-02T17:01:11.067259+00:00 [running]> on host 295d97741f96
[2023-05-02 17:01:16,551] {taskinstance.py:1571} INFO - Exporting the following env vars:
AIRFLOW_CTX_DAG_OWNER=Victor
AIRFLOW_CTX_DAG_ID=dag_etl
AIRFLOW_CTX_TASK_ID=sensor_s3_obj
AIRFLOW_CTX_EXECUTION_DATE=2023-05-02T17:01:11.067259+00:00
AIRFLOW_CTX_TRY_NUMBER=1
AIRFLOW_CTX_DAG_RUN_ID=manual__2023-05-02T17:01:11.067259+00:00
[2023-05-02 17:01:16,555] {s3.py:104} INFO - Poking for key : s3://raw/supermarket_sales.csv
[2023-05-02 17:01:16,640] {base.py:68} INFO - Using connection ID 'minio_conn' for task execution.
[2023-05-02 17:01:16,645] {base_aws.py:206} INFO - Credentials retrieved from login
[2023-05-02 17:01:22,029] {s3.py:104} INFO - Poking for key : s3://raw/supermarket_sales.csv
[2023-05-02 17:01:27,057] {s3.py:104} INFO - Poking for key : s3://raw/supermarket_sales.csv
[2023-05-02 17:01:32,087] {s3.py:104} INFO - Poking for key : s3://raw/supermarket_sales.csv
[2023-05-02 17:01:37,144] {s3.py:104} INFO - Poking for key : s3://raw/supermarket_sales.csv
[2023-05-02 17:01:42,168] {s3.py:104} INFO - Poking for key : s3://raw/supermarket_sales.csv
[2023-05-02 17:01:42,507] {base.py:301} INFO - Success criteria met. Exiting.
[2023-05-02 17:01:42,631] {taskinstance.py:1400} INFO - Marking task as SUCCESS. dag_id=dag_etl, task_id=sensor_s3_obj, execution_date=20230502T170111, start_date=20230502T170115, end_date=20230502T170142
[2023-05-02 17:01:42,770] {local_task_job.py:156} INFO - Task exited with return code 0
[2023-05-02 17:01:43,160] {local_task_job.py:273} INFO - 2 downstream tasks scheduled from follow-on schedule check
