[2023-05-02 17:10:10,820] {taskinstance.py:1159} INFO - Dependencies all met for <TaskInstance: dag_etl.dim_product_line manual__2023-05-02T17:09:34.429844+00:00 [queued]>
[2023-05-02 17:10:11,054] {taskinstance.py:1159} INFO - Dependencies all met for <TaskInstance: dag_etl.dim_product_line manual__2023-05-02T17:09:34.429844+00:00 [queued]>
[2023-05-02 17:10:11,060] {taskinstance.py:1356} INFO - 
--------------------------------------------------------------------------------
[2023-05-02 17:10:11,072] {taskinstance.py:1357} INFO - Starting attempt 1 of 6
[2023-05-02 17:10:11,074] {taskinstance.py:1358} INFO - 
--------------------------------------------------------------------------------
[2023-05-02 17:10:11,443] {taskinstance.py:1377} INFO - Executing <Task(_PythonDecoratedOperator): dim_product_line> on 2023-05-02 17:09:34.429844+00:00
[2023-05-02 17:10:11,514] {standard_task_runner.py:52} INFO - Started process 2234 to run task
[2023-05-02 17:10:11,571] {standard_task_runner.py:79} INFO - Running: ['***', 'tasks', 'run', 'dag_etl', 'dim_product_line', 'manual__2023-05-02T17:09:34.429844+00:00', '--job-id', '844', '--raw', '--subdir', 'DAGS_FOLDER/dag_etl_taskflow.py', '--cfg-path', '/tmp/tmpwgfvah8o', '--error-file', '/tmp/tmppzlx6u00']
[2023-05-02 17:10:11,584] {standard_task_runner.py:80} INFO - Job 844: Subtask dim_product_line
[2023-05-02 17:10:13,150] {task_command.py:370} INFO - Running <TaskInstance: dag_etl.dim_product_line manual__2023-05-02T17:09:34.429844+00:00 [running]> on host 295d97741f96
[2023-05-02 17:10:16,550] {taskinstance.py:1571} INFO - Exporting the following env vars:
AIRFLOW_CTX_DAG_OWNER=Victor
AIRFLOW_CTX_DAG_ID=dag_etl
AIRFLOW_CTX_TASK_ID=dim_product_line
AIRFLOW_CTX_EXECUTION_DATE=2023-05-02T17:09:34.429844+00:00
AIRFLOW_CTX_TRY_NUMBER=1
AIRFLOW_CTX_DAG_RUN_ID=manual__2023-05-02T17:09:34.429844+00:00
[2023-05-02 17:10:17,383] {base.py:68} INFO - Using connection ID 'postgres_conn' for task execution.
[2023-05-02 17:10:18,046] {python.py:173} INFO - Done. Returned value was: None
[2023-05-02 17:10:18,942] {taskinstance.py:1400} INFO - Marking task as SUCCESS. dag_id=dag_etl, task_id=dim_product_line, execution_date=20230502T170934, start_date=20230502T171010, end_date=20230502T171018
[2023-05-02 17:10:19,089] {local_task_job.py:156} INFO - Task exited with return code 0
[2023-05-02 17:10:19,726] {local_task_job.py:273} INFO - 0 downstream tasks scheduled from follow-on schedule check
