[2023-05-05 05:31:46,602] {taskinstance.py:1159} INFO - Dependencies all met for <TaskInstance: dag_etl.fact_nds scheduled__2023-05-04T00:00:00+00:00 [queued]>
[2023-05-05 05:31:46,671] {taskinstance.py:1159} INFO - Dependencies all met for <TaskInstance: dag_etl.fact_nds scheduled__2023-05-04T00:00:00+00:00 [queued]>
[2023-05-05 05:31:46,673] {taskinstance.py:1356} INFO - 
--------------------------------------------------------------------------------
[2023-05-05 05:31:46,674] {taskinstance.py:1357} INFO - Starting attempt 1 of 6
[2023-05-05 05:31:46,675] {taskinstance.py:1358} INFO - 
--------------------------------------------------------------------------------
[2023-05-05 05:31:46,769] {taskinstance.py:1377} INFO - Executing <Task(_PythonDecoratedOperator): fact_nds> on 2023-05-04 00:00:00+00:00
[2023-05-05 05:31:46,779] {standard_task_runner.py:52} INFO - Started process 498 to run task
[2023-05-05 05:31:46,787] {standard_task_runner.py:79} INFO - Running: ['***', 'tasks', 'run', 'dag_etl', 'fact_nds', 'scheduled__2023-05-04T00:00:00+00:00', '--job-id', '1022', '--raw', '--subdir', 'DAGS_FOLDER/dag_etl_taskflow.py', '--cfg-path', '/tmp/tmplf_enl8_', '--error-file', '/tmp/tmpxu12u6nh']
[2023-05-05 05:31:46,791] {standard_task_runner.py:80} INFO - Job 1022: Subtask fact_nds
[2023-05-05 05:31:47,190] {task_command.py:370} INFO - Running <TaskInstance: dag_etl.fact_nds scheduled__2023-05-04T00:00:00+00:00 [running]> on host 295d97741f96
[2023-05-05 05:31:47,912] {taskinstance.py:1571} INFO - Exporting the following env vars:
AIRFLOW_CTX_DAG_OWNER=Victor
AIRFLOW_CTX_DAG_ID=dag_etl
AIRFLOW_CTX_TASK_ID=fact_nds
AIRFLOW_CTX_EXECUTION_DATE=2023-05-04T00:00:00+00:00
AIRFLOW_CTX_TRY_NUMBER=1
AIRFLOW_CTX_DAG_RUN_ID=scheduled__2023-05-04T00:00:00+00:00
[2023-05-05 05:31:48,005] {base.py:68} INFO - Using connection ID 'postgres_conn' for task execution.
[2023-05-05 05:31:48,309] {base.py:68} INFO - Using connection ID 'postgres_conn' for task execution.
[2023-05-05 05:31:49,161] {python.py:173} INFO - Done. Returned value was: None
[2023-05-05 05:31:49,298] {taskinstance.py:1400} INFO - Marking task as SUCCESS. dag_id=dag_etl, task_id=fact_nds, execution_date=20230504T000000, start_date=20230505T053146, end_date=20230505T053149
[2023-05-05 05:31:49,396] {local_task_job.py:156} INFO - Task exited with return code 0
[2023-05-05 05:31:49,742] {local_task_job.py:273} INFO - 1 downstream tasks scheduled from follow-on schedule check
