[2023-05-02 15:31:21,614] {taskinstance.py:1159} INFO - Dependencies all met for <TaskInstance: dag_etl_date.dim_branch manual__2023-05-02T15:30:45.232220+00:00 [queued]>
[2023-05-02 15:31:21,721] {taskinstance.py:1159} INFO - Dependencies all met for <TaskInstance: dag_etl_date.dim_branch manual__2023-05-02T15:30:45.232220+00:00 [queued]>
[2023-05-02 15:31:21,723] {taskinstance.py:1356} INFO - 
--------------------------------------------------------------------------------
[2023-05-02 15:31:21,724] {taskinstance.py:1357} INFO - Starting attempt 1 of 6
[2023-05-02 15:31:21,725] {taskinstance.py:1358} INFO - 
--------------------------------------------------------------------------------
[2023-05-02 15:31:21,836] {taskinstance.py:1377} INFO - Executing <Task(_PythonDecoratedOperator): dim_branch> on 2023-05-02 15:30:45.232220+00:00
[2023-05-02 15:31:21,857] {standard_task_runner.py:52} INFO - Started process 442 to run task
[2023-05-02 15:31:21,883] {standard_task_runner.py:79} INFO - Running: ['***', 'tasks', 'run', 'dag_etl_date', 'dim_branch', 'manual__2023-05-02T15:30:45.232220+00:00', '--job-id', '711', '--raw', '--subdir', 'DAGS_FOLDER/dag_etl_taskflow_date.py', '--cfg-path', '/tmp/tmp0nwy5d_d', '--error-file', '/tmp/tmpy7oq1z57']
[2023-05-02 15:31:21,886] {standard_task_runner.py:80} INFO - Job 711: Subtask dim_branch
[2023-05-02 15:31:23,032] {task_command.py:370} INFO - Running <TaskInstance: dag_etl_date.dim_branch manual__2023-05-02T15:30:45.232220+00:00 [running]> on host 295d97741f96
[2023-05-02 15:31:25,158] {taskinstance.py:1571} INFO - Exporting the following env vars:
AIRFLOW_CTX_DAG_OWNER=Victor
AIRFLOW_CTX_DAG_ID=dag_etl_date
AIRFLOW_CTX_TASK_ID=dim_branch
AIRFLOW_CTX_EXECUTION_DATE=2023-05-02T15:30:45.232220+00:00
AIRFLOW_CTX_TRY_NUMBER=1
AIRFLOW_CTX_DAG_RUN_ID=manual__2023-05-02T15:30:45.232220+00:00
[2023-05-02 15:31:26,173] {base.py:68} INFO - Using connection ID 'postgres_conn' for task execution.
[2023-05-02 15:31:26,923] {python.py:173} INFO - Done. Returned value was: None
[2023-05-02 15:31:27,504] {taskinstance.py:1400} INFO - Marking task as SUCCESS. dag_id=dag_etl_date, task_id=dim_branch, execution_date=20230502T153045, start_date=20230502T153121, end_date=20230502T153127
[2023-05-02 15:31:28,215] {local_task_job.py:156} INFO - Task exited with return code 0
[2023-05-02 15:31:29,617] {local_task_job.py:273} INFO - 0 downstream tasks scheduled from follow-on schedule check
