[2023-05-04 05:15:28,735] {taskinstance.py:1159} INFO - Dependencies all met for <TaskInstance: dag_etl.update_fact_table manual__2023-05-04T05:14:23.870311+00:00 [queued]>
[2023-05-04 05:15:28,797] {taskinstance.py:1159} INFO - Dependencies all met for <TaskInstance: dag_etl.update_fact_table manual__2023-05-04T05:14:23.870311+00:00 [queued]>
[2023-05-04 05:15:28,798] {taskinstance.py:1356} INFO - 
--------------------------------------------------------------------------------
[2023-05-04 05:15:28,799] {taskinstance.py:1357} INFO - Starting attempt 1 of 6
[2023-05-04 05:15:28,800] {taskinstance.py:1358} INFO - 
--------------------------------------------------------------------------------
[2023-05-04 05:15:28,892] {taskinstance.py:1377} INFO - Executing <Task(PostgresOperator): update_fact_table> on 2023-05-04 05:14:23.870311+00:00
[2023-05-04 05:15:28,902] {standard_task_runner.py:52} INFO - Started process 1227 to run task
[2023-05-04 05:15:28,910] {standard_task_runner.py:79} INFO - Running: ['***', 'tasks', 'run', 'dag_etl', 'update_fact_table', 'manual__2023-05-04T05:14:23.870311+00:00', '--job-id', '969', '--raw', '--subdir', 'DAGS_FOLDER/dag_etl_taskflow.py', '--cfg-path', '/tmp/tmp0xd4jzxl', '--error-file', '/tmp/tmp6e7ud0d2']
[2023-05-04 05:15:28,913] {standard_task_runner.py:80} INFO - Job 969: Subtask update_fact_table
[2023-05-04 05:15:29,339] {task_command.py:370} INFO - Running <TaskInstance: dag_etl.update_fact_table manual__2023-05-04T05:14:23.870311+00:00 [running]> on host 295d97741f96
[2023-05-04 05:15:29,941] {taskinstance.py:1571} INFO - Exporting the following env vars:
AIRFLOW_CTX_DAG_OWNER=Victor
AIRFLOW_CTX_DAG_ID=dag_etl
AIRFLOW_CTX_TASK_ID=update_fact_table
AIRFLOW_CTX_EXECUTION_DATE=2023-05-04T05:14:23.870311+00:00
AIRFLOW_CTX_TRY_NUMBER=1
AIRFLOW_CTX_DAG_RUN_ID=manual__2023-05-04T05:14:23.870311+00:00
[2023-05-04 05:15:30,027] {base.py:68} INFO - Using connection ID 'postgres_conn' for task execution.
[2023-05-04 05:15:30,083] {dbapi.py:213} INFO - Running statement: 
            SET search_path TO dds;
            
            --// Обновляем таблицу с фактом свежей таблицей с фактами из stage //--
            INSERT INTO fact_sales (invoice_id, branch, city, customer_type, gender,
                                    product_line, unit_price, quantity, "tax_5%", total, date,
                                    time, payment, cogs, gross_margin_percentage, gross_income, rating)
            (SELECT 
                    invoice_id, branch, city, customer_type, gender, 
                    product_line, unit_price, quantity, "tax_5%", total, date::date,
                    time, payment, cogs, gross_margin_percentage, gross_income, rating 
            FROM nds.fact_sales WHERE invoice_id NOT IN (SELECT invoice_id FROM fact_sales));
            , parameters: None
[2023-05-04 05:15:30,125] {dbapi.py:221} INFO - Rows affected: 0
[2023-05-04 05:15:30,317] {taskinstance.py:1400} INFO - Marking task as SUCCESS. dag_id=dag_etl, task_id=update_fact_table, execution_date=20230504T051423, start_date=20230504T051528, end_date=20230504T051530
[2023-05-04 05:15:30,420] {local_task_job.py:156} INFO - Task exited with return code 0
[2023-05-04 05:15:30,840] {local_task_job.py:273} INFO - 0 downstream tasks scheduled from follow-on schedule check
