[2023-05-05 07:26:06,779] {taskinstance.py:1159} INFO - Dependencies all met for <TaskInstance: dag_etl.clear_data_directory manual__2023-05-05T07:24:48.889079+00:00 [queued]>
[2023-05-05 07:26:06,856] {taskinstance.py:1159} INFO - Dependencies all met for <TaskInstance: dag_etl.clear_data_directory manual__2023-05-05T07:24:48.889079+00:00 [queued]>
[2023-05-05 07:26:06,860] {taskinstance.py:1356} INFO - 
--------------------------------------------------------------------------------
[2023-05-05 07:26:06,863] {taskinstance.py:1357} INFO - Starting attempt 1 of 6
[2023-05-05 07:26:06,864] {taskinstance.py:1358} INFO - 
--------------------------------------------------------------------------------
[2023-05-05 07:26:07,066] {taskinstance.py:1377} INFO - Executing <Task(BashOperator): clear_data_directory> on 2023-05-05 07:24:48.889079+00:00
[2023-05-05 07:26:07,094] {standard_task_runner.py:52} INFO - Started process 780 to run task
[2023-05-05 07:26:07,112] {standard_task_runner.py:79} INFO - Running: ['***', 'tasks', 'run', 'dag_etl', 'clear_data_directory', 'manual__2023-05-05T07:24:48.889079+00:00', '--job-id', '1056', '--raw', '--subdir', 'DAGS_FOLDER/dag_etl_taskflow.py', '--cfg-path', '/tmp/tmpxc3iytl6', '--error-file', '/tmp/tmpuz89lbns']
[2023-05-05 07:26:07,115] {standard_task_runner.py:80} INFO - Job 1056: Subtask clear_data_directory
[2023-05-05 07:26:07,893] {task_command.py:370} INFO - Running <TaskInstance: dag_etl.clear_data_directory manual__2023-05-05T07:24:48.889079+00:00 [running]> on host 295d97741f96
[2023-05-05 07:26:08,555] {taskinstance.py:1571} INFO - Exporting the following env vars:
AIRFLOW_CTX_DAG_OWNER=Victor
AIRFLOW_CTX_DAG_ID=dag_etl
AIRFLOW_CTX_TASK_ID=clear_data_directory
AIRFLOW_CTX_EXECUTION_DATE=2023-05-05T07:24:48.889079+00:00
AIRFLOW_CTX_TRY_NUMBER=1
AIRFLOW_CTX_DAG_RUN_ID=manual__2023-05-05T07:24:48.889079+00:00
[2023-05-05 07:26:08,560] {subprocess.py:62} INFO - Tmp dir root location: 
 /tmp
[2023-05-05 07:26:08,563] {subprocess.py:74} INFO - Running command: ['bash', '-c', 'rm -rf ${pwd}data/* | echo "приехали"']
[2023-05-05 07:26:08,581] {subprocess.py:85} INFO - Output:
[2023-05-05 07:26:08,629] {subprocess.py:92} INFO - приехали
[2023-05-05 07:26:08,663] {subprocess.py:96} INFO - Command exited with return code 0
[2023-05-05 07:26:08,935] {taskinstance.py:1400} INFO - Marking task as SUCCESS. dag_id=dag_etl, task_id=clear_data_directory, execution_date=20230505T072448, start_date=20230505T072606, end_date=20230505T072608
[2023-05-05 07:26:09,034] {local_task_job.py:156} INFO - Task exited with return code 0
[2023-05-05 07:26:09,365] {local_task_job.py:273} INFO - 0 downstream tasks scheduled from follow-on schedule check
