[2023-05-02 15:11:54,396] {taskinstance.py:1159} INFO - Dependencies all met for <TaskInstance: dag_etl_date.dim_gender manual__2023-05-02T15:11:22.892155+00:00 [queued]>
[2023-05-02 15:11:54,488] {taskinstance.py:1159} INFO - Dependencies all met for <TaskInstance: dag_etl_date.dim_gender manual__2023-05-02T15:11:22.892155+00:00 [queued]>
[2023-05-02 15:11:54,490] {taskinstance.py:1356} INFO - 
--------------------------------------------------------------------------------
[2023-05-02 15:11:54,491] {taskinstance.py:1357} INFO - Starting attempt 1 of 6
[2023-05-02 15:11:54,492] {taskinstance.py:1358} INFO - 
--------------------------------------------------------------------------------
[2023-05-02 15:11:54,710] {taskinstance.py:1377} INFO - Executing <Task(_PythonDecoratedOperator): dim_gender> on 2023-05-02 15:11:22.892155+00:00
[2023-05-02 15:11:54,727] {standard_task_runner.py:52} INFO - Started process 1413 to run task
[2023-05-02 15:11:54,750] {standard_task_runner.py:79} INFO - Running: ['***', 'tasks', 'run', 'dag_etl_date', 'dim_gender', 'manual__2023-05-02T15:11:22.892155+00:00', '--job-id', '677', '--raw', '--subdir', 'DAGS_FOLDER/dag_etl_taskflow_date.py', '--cfg-path', '/tmp/tmpjmxp007_', '--error-file', '/tmp/tmpd4yns8ks']
[2023-05-02 15:11:54,756] {standard_task_runner.py:80} INFO - Job 677: Subtask dim_gender
[2023-05-02 15:11:55,658] {task_command.py:370} INFO - Running <TaskInstance: dag_etl_date.dim_gender manual__2023-05-02T15:11:22.892155+00:00 [running]> on host 295d97741f96
[2023-05-02 15:11:59,142] {taskinstance.py:1571} INFO - Exporting the following env vars:
AIRFLOW_CTX_DAG_OWNER=Victor
AIRFLOW_CTX_DAG_ID=dag_etl_date
AIRFLOW_CTX_TASK_ID=dim_gender
AIRFLOW_CTX_EXECUTION_DATE=2023-05-02T15:11:22.892155+00:00
AIRFLOW_CTX_TRY_NUMBER=1
AIRFLOW_CTX_DAG_RUN_ID=manual__2023-05-02T15:11:22.892155+00:00
[2023-05-02 15:12:00,688] {base.py:68} INFO - Using connection ID 'postgres_conn' for task execution.
[2023-05-02 15:12:01,224] {python.py:173} INFO - Done. Returned value was: None
[2023-05-02 15:12:03,166] {taskinstance.py:1400} INFO - Marking task as SUCCESS. dag_id=dag_etl_date, task_id=dim_gender, execution_date=20230502T151122, start_date=20230502T151154, end_date=20230502T151203
[2023-05-02 15:12:03,434] {local_task_job.py:156} INFO - Task exited with return code 0
[2023-05-02 15:12:05,398] {local_task_job.py:273} INFO - 0 downstream tasks scheduled from follow-on schedule check
