[2023-04-30 09:01:56,638] {taskinstance.py:1159} INFO - Dependencies all met for <TaskInstance: dag_etl.rename_extracted_file manual__2023-04-30T09:01:32.484117+00:00 [queued]>
[2023-04-30 09:01:56,734] {taskinstance.py:1159} INFO - Dependencies all met for <TaskInstance: dag_etl.rename_extracted_file manual__2023-04-30T09:01:32.484117+00:00 [queued]>
[2023-04-30 09:01:56,745] {taskinstance.py:1356} INFO - 
--------------------------------------------------------------------------------
[2023-04-30 09:01:56,746] {taskinstance.py:1357} INFO - Starting attempt 1 of 6
[2023-04-30 09:01:56,746] {taskinstance.py:1358} INFO - 
--------------------------------------------------------------------------------
[2023-04-30 09:01:56,907] {taskinstance.py:1377} INFO - Executing <Task(_PythonDecoratedOperator): rename_extracted_file> on 2023-04-30 09:01:32.484117+00:00
[2023-04-30 09:01:56,919] {standard_task_runner.py:52} INFO - Started process 650 to run task
[2023-04-30 09:01:56,930] {standard_task_runner.py:79} INFO - Running: ['***', 'tasks', 'run', 'dag_etl', 'rename_extracted_file', 'manual__2023-04-30T09:01:32.484117+00:00', '--job-id', '187', '--raw', '--subdir', 'DAGS_FOLDER/dag_etl_taskflow.py', '--cfg-path', '/tmp/tmpq0es434j', '--error-file', '/tmp/tmp43e2ylcm']
[2023-04-30 09:01:56,940] {standard_task_runner.py:80} INFO - Job 187: Subtask rename_extracted_file
[2023-04-30 09:01:57,676] {task_command.py:370} INFO - Running <TaskInstance: dag_etl.rename_extracted_file manual__2023-04-30T09:01:32.484117+00:00 [running]> on host 295d97741f96
[2023-04-30 09:01:58,876] {taskinstance.py:1571} INFO - Exporting the following env vars:
AIRFLOW_CTX_DAG_OWNER=Victor
AIRFLOW_CTX_DAG_ID=dag_etl
AIRFLOW_CTX_TASK_ID=rename_extracted_file
AIRFLOW_CTX_EXECUTION_DATE=2023-04-30T09:01:32.484117+00:00
AIRFLOW_CTX_TRY_NUMBER=1
AIRFLOW_CTX_DAG_RUN_ID=manual__2023-04-30T09:01:32.484117+00:00
[2023-04-30 09:01:58,895] {python.py:173} INFO - Done. Returned value was: /opt/***/data
[2023-04-30 09:01:59,346] {taskinstance.py:1400} INFO - Marking task as SUCCESS. dag_id=dag_etl, task_id=rename_extracted_file, execution_date=20230430T090132, start_date=20230430T090156, end_date=20230430T090159
[2023-04-30 09:01:59,483] {local_task_job.py:156} INFO - Task exited with return code 0
[2023-04-30 09:02:00,032] {local_task_job.py:273} INFO - 7 downstream tasks scheduled from follow-on schedule check
