[2023-05-04 05:13:01,815] {taskinstance.py:1159} INFO - Dependencies all met for <TaskInstance: dag_etl.dim_product_line scheduled__2023-05-03T00:00:00+00:00 [queued]>
[2023-05-04 05:13:02,463] {taskinstance.py:1159} INFO - Dependencies all met for <TaskInstance: dag_etl.dim_product_line scheduled__2023-05-03T00:00:00+00:00 [queued]>
[2023-05-04 05:13:02,468] {taskinstance.py:1356} INFO - 
--------------------------------------------------------------------------------
[2023-05-04 05:13:02,471] {taskinstance.py:1357} INFO - Starting attempt 1 of 6
[2023-05-04 05:13:02,474] {taskinstance.py:1358} INFO - 
--------------------------------------------------------------------------------
[2023-05-04 05:13:03,356] {taskinstance.py:1377} INFO - Executing <Task(_PythonDecoratedOperator): dim_product_line> on 2023-05-03 00:00:00+00:00
[2023-05-04 05:13:03,418] {standard_task_runner.py:52} INFO - Started process 992 to run task
[2023-05-04 05:13:03,533] {standard_task_runner.py:79} INFO - Running: ['***', 'tasks', 'run', 'dag_etl', 'dim_product_line', 'scheduled__2023-05-03T00:00:00+00:00', '--job-id', '951', '--raw', '--subdir', 'DAGS_FOLDER/dag_etl_taskflow.py', '--cfg-path', '/tmp/tmp_j5r3zac', '--error-file', '/tmp/tmpst8poeqm']
[2023-05-04 05:13:03,551] {standard_task_runner.py:80} INFO - Job 951: Subtask dim_product_line
[2023-05-04 05:13:06,561] {task_command.py:370} INFO - Running <TaskInstance: dag_etl.dim_product_line scheduled__2023-05-03T00:00:00+00:00 [running]> on host 295d97741f96
[2023-05-04 05:13:16,111] {taskinstance.py:1571} INFO - Exporting the following env vars:
AIRFLOW_CTX_DAG_OWNER=Victor
AIRFLOW_CTX_DAG_ID=dag_etl
AIRFLOW_CTX_TASK_ID=dim_product_line
AIRFLOW_CTX_EXECUTION_DATE=2023-05-03T00:00:00+00:00
AIRFLOW_CTX_TRY_NUMBER=1
AIRFLOW_CTX_DAG_RUN_ID=scheduled__2023-05-03T00:00:00+00:00
[2023-05-04 05:13:18,692] {base.py:68} INFO - Using connection ID 'postgres_conn' for task execution.
[2023-05-04 05:13:21,479] {python.py:173} INFO - Done. Returned value was: None
[2023-05-04 05:13:22,743] {taskinstance.py:1400} INFO - Marking task as SUCCESS. dag_id=dag_etl, task_id=dim_product_line, execution_date=20230503T000000, start_date=20230504T051301, end_date=20230504T051322
[2023-05-04 05:13:23,009] {local_task_job.py:221} WARNING - State of this instance has been externally set to success. Terminating instance.
[2023-05-04 05:13:23,064] {process_utils.py:129} INFO - Sending Signals.SIGTERM to group 992. PIDs of all processes in the group: [992]
[2023-05-04 05:13:23,080] {process_utils.py:80} INFO - Sending the signal Signals.SIGTERM to group 992
[2023-05-04 05:13:23,117] {taskinstance.py:1541} ERROR - Received SIGTERM. Terminating subprocesses.
[2023-05-04 05:13:23,217] {standard_task_runner.py:97} ERROR - Failed to execute job 951 for task dim_product_line (Task received SIGTERM signal; 992)
[2023-05-04 05:13:23,698] {process_utils.py:75} INFO - Process psutil.Process(pid=992, status='terminated', exitcode=1, started='05:13:02') (992) terminated with exit code 1
