[2023-04-30 06:59:23,921] {taskinstance.py:1159} INFO - Dependencies all met for <TaskInstance: dag_etl.dim_gender manual__2023-04-30T06:58:37.493446+00:00 [queued]>
[2023-04-30 06:59:24,056] {taskinstance.py:1159} INFO - Dependencies all met for <TaskInstance: dag_etl.dim_gender manual__2023-04-30T06:58:37.493446+00:00 [queued]>
[2023-04-30 06:59:24,062] {taskinstance.py:1356} INFO - 
--------------------------------------------------------------------------------
[2023-04-30 06:59:24,070] {taskinstance.py:1357} INFO - Starting attempt 1 of 6
[2023-04-30 06:59:24,074] {taskinstance.py:1358} INFO - 
--------------------------------------------------------------------------------
[2023-04-30 06:59:24,526] {taskinstance.py:1377} INFO - Executing <Task(_PythonDecoratedOperator): dim_gender> on 2023-04-30 06:58:37.493446+00:00
[2023-04-30 06:59:24,614] {standard_task_runner.py:52} INFO - Started process 561 to run task
[2023-04-30 06:59:24,683] {standard_task_runner.py:79} INFO - Running: ['***', 'tasks', 'run', 'dag_etl', 'dim_gender', 'manual__2023-04-30T06:58:37.493446+00:00', '--job-id', '37', '--raw', '--subdir', 'DAGS_FOLDER/dag_etl_taskflow.py', '--cfg-path', '/tmp/tmp6m030vsi', '--error-file', '/tmp/tmplfl73l8y']
[2023-04-30 06:59:24,698] {standard_task_runner.py:80} INFO - Job 37: Subtask dim_gender
[2023-04-30 06:59:26,553] {task_command.py:370} INFO - Running <TaskInstance: dag_etl.dim_gender manual__2023-04-30T06:58:37.493446+00:00 [running]> on host 295d97741f96
[2023-04-30 06:59:30,916] {taskinstance.py:1571} INFO - Exporting the following env vars:
AIRFLOW_CTX_DAG_OWNER=Victor
AIRFLOW_CTX_DAG_ID=dag_etl
AIRFLOW_CTX_TASK_ID=dim_gender
AIRFLOW_CTX_EXECUTION_DATE=2023-04-30T06:58:37.493446+00:00
AIRFLOW_CTX_TRY_NUMBER=1
AIRFLOW_CTX_DAG_RUN_ID=manual__2023-04-30T06:58:37.493446+00:00
[2023-04-30 06:59:32,485] {base.py:68} INFO - Using connection ID 'postgres_conn' for task execution.
[2023-04-30 06:59:33,175] {python.py:173} INFO - Done. Returned value was: None
[2023-04-30 06:59:35,458] {taskinstance.py:1400} INFO - Marking task as SUCCESS. dag_id=dag_etl, task_id=dim_gender, execution_date=20230430T065837, start_date=20230430T065923, end_date=20230430T065935
[2023-04-30 06:59:35,708] {local_task_job.py:156} INFO - Task exited with return code 0
[2023-04-30 06:59:36,707] {local_task_job.py:273} INFO - 0 downstream tasks scheduled from follow-on schedule check
