[2023-08-17 16:26:46,662] {taskinstance.py:1179} INFO - Dependencies all met for <TaskInstance: dag_etl.sensor_s3_obj scheduled__2023-05-14T00:00:00+00:00 [queued]>
[2023-08-17 16:26:46,911] {taskinstance.py:1179} INFO - Dependencies all met for <TaskInstance: dag_etl.sensor_s3_obj scheduled__2023-05-14T00:00:00+00:00 [queued]>
[2023-08-17 16:26:46,916] {taskinstance.py:1376} INFO - 
--------------------------------------------------------------------------------
[2023-08-17 16:26:46,916] {taskinstance.py:1377} INFO - Starting attempt 1 of 6
[2023-08-17 16:26:46,917] {taskinstance.py:1378} INFO - 
--------------------------------------------------------------------------------
[2023-08-17 16:26:47,343] {taskinstance.py:1397} INFO - Executing <Task(S3KeySensor): sensor_s3_obj> on 2023-05-14 00:00:00+00:00
[2023-08-17 16:26:47,725] {standard_task_runner.py:79} INFO - Running: ['***', 'tasks', 'run', 'dag_etl', 'sensor_s3_obj', 'scheduled__2023-05-14T00:00:00+00:00', '--job-id', '14', '--raw', '--subdir', 'DAGS_FOLDER/dag_etl_taskflow.py', '--cfg-path', '/tmp/tmpovhdq8i0', '--error-file', '/tmp/tmppr8g_52t']
[2023-08-17 16:26:47,736] {standard_task_runner.py:80} INFO - Job 14: Subtask sensor_s3_obj
[2023-08-17 16:26:47,736] {standard_task_runner.py:52} INFO - Started process 1305 to run task
[2023-08-17 16:26:49,452] {task_command.py:371} INFO - Running <TaskInstance: dag_etl.sensor_s3_obj scheduled__2023-05-14T00:00:00+00:00 [running]> on host 1ea22a5e1d7f
[2023-08-17 16:26:50,341] {taskinstance.py:1591} INFO - Exporting the following env vars:
AIRFLOW_CTX_DAG_OWNER=Victor
AIRFLOW_CTX_DAG_ID=dag_etl
AIRFLOW_CTX_TASK_ID=sensor_s3_obj
AIRFLOW_CTX_EXECUTION_DATE=2023-05-14T00:00:00+00:00
AIRFLOW_CTX_TRY_NUMBER=1
AIRFLOW_CTX_DAG_RUN_ID=scheduled__2023-05-14T00:00:00+00:00
[2023-08-17 16:26:50,371] {s3.py:104} INFO - Poking for key : s3://raw/raw
[2023-08-17 16:26:50,446] {base.py:68} INFO - Using connection ID 'minio_conn' for task execution.
[2023-08-17 16:26:50,458] {base_aws.py:210} INFO - Credentials retrieved from extra_config
[2023-08-17 16:26:58,709] {s3.py:104} INFO - Poking for key : s3://raw/raw
[2023-08-17 16:27:03,725] {s3.py:104} INFO - Poking for key : s3://raw/raw
[2023-08-17 16:27:08,744] {s3.py:104} INFO - Poking for key : s3://raw/raw
[2023-08-17 16:27:13,760] {s3.py:104} INFO - Poking for key : s3://raw/raw
[2023-08-17 16:27:18,806] {s3.py:104} INFO - Poking for key : s3://raw/raw
[2023-08-17 16:27:23,834] {s3.py:104} INFO - Poking for key : s3://raw/raw
[2023-08-17 16:27:23,870] {taskinstance.py:1909} ERROR - Task failed with exception
Traceback (most recent call last):
  File "/home/airflow/.local/lib/python3.7/site-packages/airflow/sensors/base.py", line 288, in execute
    raise AirflowSensorTimeout(f"Snap. Time is OUT. DAG id: {log_dag_id}")
airflow.exceptions.AirflowSensorTimeout: Snap. Time is OUT. DAG id: dag_etl
[2023-08-17 16:27:23,958] {taskinstance.py:1420} INFO - Immediate failure requested. Marking task as FAILED. dag_id=dag_etl, task_id=sensor_s3_obj, execution_date=20230514T000000, start_date=20230817T162646, end_date=20230817T162723
[2023-08-17 16:27:24,006] {standard_task_runner.py:97} ERROR - Failed to execute job 14 for task sensor_s3_obj (Snap. Time is OUT. DAG id: dag_etl; 1305)
[2023-08-17 16:27:24,006] {local_task_job.py:221} WARNING - State of this instance has been externally set to failed. Terminating instance.
[2023-08-17 16:27:24,045] {process_utils.py:129} INFO - Sending Signals.SIGTERM to group 1305. PIDs of all processes in the group: [1305]
[2023-08-17 16:27:24,050] {process_utils.py:80} INFO - Sending the signal Signals.SIGTERM to group 1305
[2023-08-17 16:27:24,104] {process_utils.py:75} INFO - Process psutil.Process(pid=1305, status='terminated', exitcode=1, started='16:26:47') (1305) terminated with exit code 1
