[2023-05-02 17:01:47,743] {taskinstance.py:1159} INFO - Dependencies all met for <TaskInstance: dag_etl.create_dds_tables_if_not_exists manual__2023-05-02T17:01:11.067259+00:00 [queued]>
[2023-05-02 17:01:47,813] {taskinstance.py:1159} INFO - Dependencies all met for <TaskInstance: dag_etl.create_dds_tables_if_not_exists manual__2023-05-02T17:01:11.067259+00:00 [queued]>
[2023-05-02 17:01:47,814] {taskinstance.py:1356} INFO - 
--------------------------------------------------------------------------------
[2023-05-02 17:01:47,816] {taskinstance.py:1357} INFO - Starting attempt 1 of 6
[2023-05-02 17:01:47,817] {taskinstance.py:1358} INFO - 
--------------------------------------------------------------------------------
[2023-05-02 17:01:47,906] {taskinstance.py:1377} INFO - Executing <Task(PostgresOperator): create_dds_tables_if_not_exists> on 2023-05-02 17:01:11.067259+00:00
[2023-05-02 17:01:47,924] {standard_task_runner.py:52} INFO - Started process 1464 to run task
[2023-05-02 17:01:47,944] {standard_task_runner.py:79} INFO - Running: ['***', 'tasks', 'run', 'dag_etl', 'create_dds_tables_if_not_exists', 'manual__2023-05-02T17:01:11.067259+00:00', '--job-id', '804', '--raw', '--subdir', 'DAGS_FOLDER/dag_etl_taskflow.py', '--cfg-path', '/tmp/tmpzng5x2h1', '--error-file', '/tmp/tmpgd0yq8b9']
[2023-05-02 17:01:47,947] {standard_task_runner.py:80} INFO - Job 804: Subtask create_dds_tables_if_not_exists
[2023-05-02 17:01:48,325] {task_command.py:370} INFO - Running <TaskInstance: dag_etl.create_dds_tables_if_not_exists manual__2023-05-02T17:01:11.067259+00:00 [running]> on host 295d97741f96
[2023-05-02 17:01:48,931] {taskinstance.py:1571} INFO - Exporting the following env vars:
AIRFLOW_CTX_DAG_OWNER=Victor
AIRFLOW_CTX_DAG_ID=dag_etl
AIRFLOW_CTX_TASK_ID=create_dds_tables_if_not_exists
AIRFLOW_CTX_EXECUTION_DATE=2023-05-02T17:01:11.067259+00:00
AIRFLOW_CTX_TRY_NUMBER=1
AIRFLOW_CTX_DAG_RUN_ID=manual__2023-05-02T17:01:11.067259+00:00
[2023-05-02 17:01:49,024] {base.py:68} INFO - Using connection ID 'postgres_conn' for task execution.
[2023-05-02 17:01:49,071] {dbapi.py:213} INFO - Running statement: 
            CREATE SCHEMA IF NOT EXISTS dds;
            CREATE SCHEMA IF NOT EXISTS nds;
    
            SET search_path TO dds;        
            
            --// создаем таблицу с ветками //--
            CREATE TABLE IF NOT EXISTS dim_branch(
            id SERIAL PRIMARY KEY,
            branch VARCHAR(100) NOT NULL);
            
            --// создаем таблицу с городами //--
            CREATE TABLE IF NOT EXISTS dim_city(
                id SERIAL PRIMARY KEY,
                city VARCHAR(100) NOT NULL);
            
            --// создаем таблицу с типами клиентов //--
            CREATE TABLE IF NOT EXISTS dim_customer_type(
                id SERIAL PRIMARY KEY,
                customer_type VARCHAR(200) NOT NULL);
            
            --// создаем таблицу с гендерами //--
            CREATE TABLE IF NOT EXISTS dim_gender(
                id SERIAL PRIMARY KEY,
                gender VARCHAR(200) NOT NULL);
            
            --// создаем таблицу с продуктовыми линейками //--
            CREATE TABLE IF NOT EXISTS dim_product_line(
                id SERIAL PRIMARY KEY,
                product_line VARCHAR(200) NOT NULL);
            
            --// создаем таблицу с видами оплат //--
            CREATE TABLE IF NOT EXISTS dim_payment(
                id SERIAL PRIMARY KEY,
                payment VARCHAR(100) NOT NULL);
            
            --// создаем таблицу с датами //--
            CREATE TABLE IF NOT EXISTS dim_date AS
            WITH cte1 AS (
                SELECT dd::date AS dt -- создаем серию из дат с интервалом в 1 день
                FROM generate_series('2019-01-01'::timestamp,'2030-01-01'::timestamp,'1 day'::interval) dd)
            SELECT
                dt AS date,
                date_part('week', dt)::int AS week_of_year,
                date_trunc('week', dt)::date AS week_start,
                date_part('isodow', dt)::int AS day_of_week,
                date_part('month', dt)::int AS month_number,
                to_char(dt::timestamp, 'Month') AS month_name,
                extract(quarter from dt) AS quarter,
                date_part('isoyear', dt)::int AS year
            FROM cte1;
            ALTER TABLE dim_date DROP CONSTRAINT IF EXISTS dim_date_pkey CASCADE;
            ALTER TABLE dim_date ADD CONSTRAINT dim_date_pkey PRIMARY KEY (date);
            
            
            --//  создаем таблицу с временем  //--
            CREATE TABLE IF NOT EXISTS dim_time AS
            WITH cte1 AS (
                SELECT tt::time AS t -- создаем серию из дат с интервалом в 1 день
                FROM generate_series(current_date, current_date + '1 day - 1 second'::interval,'1 minute') tt),
            cte2 AS (SELECT
                t AS time
            FROM cte1 ORDER BY t)
            SELECT time,
                   case
                       when (time >= '00:00:00'::time AND time < '06:00:00'::time) then 'ningt'
                       when (time >= '06:00:00'::time AND time < '11:00:00'::time) then 'morning'
                       when (time >= '11:00:00'::time AND time < '17:00:00'::time) then 'noon'
                       when (time >= '17:00:00'::time AND time < '22:00:00'::time) then 'evening'
                       when (time >= '22:00:00'::time AND time < '24:00:00'::time) then 'ningt'
                   end AS date_part
            from cte2;
            ALTER TABLE dim_time DROP CONSTRAINT IF EXISTS dim_time_pkey CASCADE;
            ALTER TABLE dim_time ADD CONSTRAINT dim_time_pkey PRIMARY KEY (time);
            
           
            --// создаем таблицу с фактами //--       
            CREATE TABLE IF NOT EXISTS fact_sales(
                invoice_id VARCHAR(15) PRIMARY KEY,
                branch INT NOT NULL REFERENCES dim_branch(id),
                city INT NOT NULL REFERENCES dim_city(id),
                customer_type INT NOT NULL REFERENCES dim_customer_type(id),
                gender INT NOT NULL REFERENCES dim_gender(id),
                product_line INT NOT NULL REFERENCES dim_product_line(id),
                unit_price DOUBLE PRECISION,
                quantity DOUBLE PRECISION,
                "tax_5%" DOUBLE PRECISION,
                total DOUBLE PRECISION,
                date DATE NOT NULL,
                time TIME NOT NULL,
                payment INT NOT NULL REFERENCES dim_payment(id),
                cogs DOUBLE PRECISION,
                gross_margin_percentage DOUBLE PRECISION,
                gross_income DOUBLE PRECISION,
                rating DOUBLE PRECISION);
                ALTER TABLE fact_sales ADD CONSTRAINT fact_sales_date_fkey FOREIGN KEY (date) REFERENCES dim_date(date);
                ALTER TABLE fact_sales ADD CONSTRAINT fact_sales_time_fkey FOREIGN KEY (time) REFERENCES dim_time(time);   
        , parameters: None
[2023-05-02 17:01:49,349] {postgres.py:94} INFO - NOTICE:  constraint "dim_date_pkey" of relation "dim_date" does not exist, skipping

[2023-05-02 17:01:49,351] {postgres.py:94} INFO - NOTICE:  constraint "dim_time_pkey" of relation "dim_time" does not exist, skipping

[2023-05-02 17:01:49,475] {taskinstance.py:1400} INFO - Marking task as SUCCESS. dag_id=dag_etl, task_id=create_dds_tables_if_not_exists, execution_date=20230502T170111, start_date=20230502T170147, end_date=20230502T170149
[2023-05-02 17:01:49,561] {local_task_job.py:156} INFO - Task exited with return code 0
[2023-05-02 17:01:49,828] {local_task_job.py:273} INFO - 0 downstream tasks scheduled from follow-on schedule check
