[2023-05-03 18:44:27,645] {taskinstance.py:1159} INFO - Dependencies all met for <TaskInstance: dag_etl.dim_payment manual__2023-05-03T18:43:51.079238+00:00 [queued]>
[2023-05-03 18:44:27,878] {taskinstance.py:1159} INFO - Dependencies all met for <TaskInstance: dag_etl.dim_payment manual__2023-05-03T18:43:51.079238+00:00 [queued]>
[2023-05-03 18:44:27,894] {taskinstance.py:1356} INFO - 
--------------------------------------------------------------------------------
[2023-05-03 18:44:27,896] {taskinstance.py:1357} INFO - Starting attempt 1 of 6
[2023-05-03 18:44:27,897] {taskinstance.py:1358} INFO - 
--------------------------------------------------------------------------------
[2023-05-03 18:44:28,275] {taskinstance.py:1377} INFO - Executing <Task(_PythonDecoratedOperator): dim_payment> on 2023-05-03 18:43:51.079238+00:00
[2023-05-03 18:44:28,341] {standard_task_runner.py:52} INFO - Started process 1230 to run task
[2023-05-03 18:44:28,393] {standard_task_runner.py:79} INFO - Running: ['***', 'tasks', 'run', 'dag_etl', 'dim_payment', 'manual__2023-05-03T18:43:51.079238+00:00', '--job-id', '876', '--raw', '--subdir', 'DAGS_FOLDER/dag_etl_taskflow.py', '--cfg-path', '/tmp/tmptda748w7', '--error-file', '/tmp/tmp29p8opk8']
[2023-05-03 18:44:28,399] {standard_task_runner.py:80} INFO - Job 876: Subtask dim_payment
[2023-05-03 18:44:30,430] {task_command.py:370} INFO - Running <TaskInstance: dag_etl.dim_payment manual__2023-05-03T18:43:51.079238+00:00 [running]> on host 295d97741f96
[2023-05-03 18:44:37,296] {taskinstance.py:1571} INFO - Exporting the following env vars:
AIRFLOW_CTX_DAG_OWNER=Victor
AIRFLOW_CTX_DAG_ID=dag_etl
AIRFLOW_CTX_TASK_ID=dim_payment
AIRFLOW_CTX_EXECUTION_DATE=2023-05-03T18:43:51.079238+00:00
AIRFLOW_CTX_TRY_NUMBER=1
AIRFLOW_CTX_DAG_RUN_ID=manual__2023-05-03T18:43:51.079238+00:00
[2023-05-03 18:44:38,623] {base.py:68} INFO - Using connection ID 'postgres_conn' for task execution.
[2023-05-03 18:44:39,819] {python.py:173} INFO - Done. Returned value was: None
[2023-05-03 18:44:40,510] {taskinstance.py:1400} INFO - Marking task as SUCCESS. dag_id=dag_etl, task_id=dim_payment, execution_date=20230503T184351, start_date=20230503T184427, end_date=20230503T184440
[2023-05-03 18:44:40,827] {local_task_job.py:156} INFO - Task exited with return code 0
[2023-05-03 18:44:42,257] {local_task_job.py:273} INFO - 1 downstream tasks scheduled from follow-on schedule check
