[2023-05-04 05:08:11,875] {taskinstance.py:1159} INFO - Dependencies all met for <TaskInstance: dag_etl.dim_payment manual__2023-05-03T18:42:51.223967+00:00 [queued]>
[2023-05-04 05:08:12,820] {taskinstance.py:1159} INFO - Dependencies all met for <TaskInstance: dag_etl.dim_payment manual__2023-05-03T18:42:51.223967+00:00 [queued]>
[2023-05-04 05:08:12,848] {taskinstance.py:1356} INFO - 
--------------------------------------------------------------------------------
[2023-05-04 05:08:12,855] {taskinstance.py:1357} INFO - Starting attempt 1 of 6
[2023-05-04 05:08:12,870] {taskinstance.py:1358} INFO - 
--------------------------------------------------------------------------------
[2023-05-04 05:08:13,512] {taskinstance.py:1377} INFO - Executing <Task(_PythonDecoratedOperator): dim_payment> on 2023-05-03 18:42:51.223967+00:00
[2023-05-04 05:08:13,598] {standard_task_runner.py:52} INFO - Started process 460 to run task
[2023-05-04 05:08:13,759] {standard_task_runner.py:79} INFO - Running: ['***', 'tasks', 'run', 'dag_etl', 'dim_payment', 'manual__2023-05-03T18:42:51.223967+00:00', '--job-id', '912', '--raw', '--subdir', 'DAGS_FOLDER/dag_etl_taskflow.py', '--cfg-path', '/tmp/tmphkb4nxyl', '--error-file', '/tmp/tmp94glu69j']
[2023-05-04 05:08:13,805] {standard_task_runner.py:80} INFO - Job 912: Subtask dim_payment
[2023-05-04 05:08:15,841] {task_command.py:370} INFO - Running <TaskInstance: dag_etl.dim_payment manual__2023-05-03T18:42:51.223967+00:00 [running]> on host 295d97741f96
[2023-05-04 05:08:23,386] {taskinstance.py:1571} INFO - Exporting the following env vars:
AIRFLOW_CTX_DAG_OWNER=Victor
AIRFLOW_CTX_DAG_ID=dag_etl
AIRFLOW_CTX_TASK_ID=dim_payment
AIRFLOW_CTX_EXECUTION_DATE=2023-05-03T18:42:51.223967+00:00
AIRFLOW_CTX_TRY_NUMBER=1
AIRFLOW_CTX_DAG_RUN_ID=manual__2023-05-03T18:42:51.223967+00:00
[2023-05-04 05:08:25,317] {base.py:68} INFO - Using connection ID 'postgres_conn' for task execution.
[2023-05-04 05:08:27,445] {python.py:173} INFO - Done. Returned value was: None
[2023-05-04 05:08:32,221] {taskinstance.py:1400} INFO - Marking task as SUCCESS. dag_id=dag_etl, task_id=dim_payment, execution_date=20230503T184251, start_date=20230504T050811, end_date=20230504T050832
[2023-05-04 05:08:33,865] {local_task_job.py:156} INFO - Task exited with return code 0
[2023-05-04 05:08:35,545] {local_task_job.py:273} INFO - 0 downstream tasks scheduled from follow-on schedule check
