[2023-05-02 13:44:09,548] {taskinstance.py:1159} INFO - Dependencies all met for <TaskInstance: dag_etl.extract_from_s3 manual__2023-05-02T13:43:58.584891+00:00 [queued]>
[2023-05-02 13:44:09,609] {taskinstance.py:1159} INFO - Dependencies all met for <TaskInstance: dag_etl.extract_from_s3 manual__2023-05-02T13:43:58.584891+00:00 [queued]>
[2023-05-02 13:44:09,610] {taskinstance.py:1356} INFO - 
--------------------------------------------------------------------------------
[2023-05-02 13:44:09,611] {taskinstance.py:1357} INFO - Starting attempt 1 of 6
[2023-05-02 13:44:09,611] {taskinstance.py:1358} INFO - 
--------------------------------------------------------------------------------
[2023-05-02 13:44:09,696] {taskinstance.py:1377} INFO - Executing <Task(_PythonDecoratedOperator): extract_from_s3> on 2023-05-02 13:43:58.584891+00:00
[2023-05-02 13:44:09,709] {standard_task_runner.py:52} INFO - Started process 503 to run task
[2023-05-02 13:44:09,721] {standard_task_runner.py:79} INFO - Running: ['***', 'tasks', 'run', 'dag_etl', 'extract_from_s3', 'manual__2023-05-02T13:43:58.584891+00:00', '--job-id', '547', '--raw', '--subdir', 'DAGS_FOLDER/dag_etl_taskflow.py', '--cfg-path', '/tmp/tmpezjhkbyt', '--error-file', '/tmp/tmpzk5sv19z']
[2023-05-02 13:44:09,726] {standard_task_runner.py:80} INFO - Job 547: Subtask extract_from_s3
[2023-05-02 13:44:10,122] {task_command.py:370} INFO - Running <TaskInstance: dag_etl.extract_from_s3 manual__2023-05-02T13:43:58.584891+00:00 [running]> on host 295d97741f96
[2023-05-02 13:44:10,730] {taskinstance.py:1571} INFO - Exporting the following env vars:
AIRFLOW_CTX_DAG_OWNER=Victor
AIRFLOW_CTX_DAG_ID=dag_etl
AIRFLOW_CTX_TASK_ID=extract_from_s3
AIRFLOW_CTX_EXECUTION_DATE=2023-05-02T13:43:58.584891+00:00
AIRFLOW_CTX_TRY_NUMBER=1
AIRFLOW_CTX_DAG_RUN_ID=manual__2023-05-02T13:43:58.584891+00:00
[2023-05-02 13:44:10,736] {s3.py:861} INFO - Downloading source S3 file from Bucket raw with path supermarket_sales.csv
[2023-05-02 13:44:10,828] {base.py:68} INFO - Using connection ID 'minio_conn' for task execution.
[2023-05-02 13:44:10,834] {base_aws.py:206} INFO - Credentials retrieved from login
[2023-05-02 13:44:11,961] {python.py:173} INFO - Done. Returned value was: /opt/***/data/***_tmp_mft9bty8
[2023-05-02 13:44:12,449] {taskinstance.py:1400} INFO - Marking task as SUCCESS. dag_id=dag_etl, task_id=extract_from_s3, execution_date=20230502T134358, start_date=20230502T134409, end_date=20230502T134412
[2023-05-02 13:44:12,641] {local_task_job.py:156} INFO - Task exited with return code 0
[2023-05-02 13:44:13,791] {local_task_job.py:273} INFO - 1 downstream tasks scheduled from follow-on schedule check
