[2023-05-02 17:10:07,893] {taskinstance.py:1159} INFO - Dependencies all met for <TaskInstance: dag_etl.dim_payment manual__2023-05-02T17:09:34.429844+00:00 [queued]>
[2023-05-02 17:10:08,148] {taskinstance.py:1159} INFO - Dependencies all met for <TaskInstance: dag_etl.dim_payment manual__2023-05-02T17:09:34.429844+00:00 [queued]>
[2023-05-02 17:10:08,155] {taskinstance.py:1356} INFO - 
--------------------------------------------------------------------------------
[2023-05-02 17:10:08,167] {taskinstance.py:1357} INFO - Starting attempt 1 of 6
[2023-05-02 17:10:08,171] {taskinstance.py:1358} INFO - 
--------------------------------------------------------------------------------
[2023-05-02 17:10:08,455] {taskinstance.py:1377} INFO - Executing <Task(_PythonDecoratedOperator): dim_payment> on 2023-05-02 17:09:34.429844+00:00
[2023-05-02 17:10:08,491] {standard_task_runner.py:52} INFO - Started process 2226 to run task
[2023-05-02 17:10:08,530] {standard_task_runner.py:79} INFO - Running: ['***', 'tasks', 'run', 'dag_etl', 'dim_payment', 'manual__2023-05-02T17:09:34.429844+00:00', '--job-id', '840', '--raw', '--subdir', 'DAGS_FOLDER/dag_etl_taskflow.py', '--cfg-path', '/tmp/tmpq8ecqo2s', '--error-file', '/tmp/tmpkuw3k2a3']
[2023-05-02 17:10:08,540] {standard_task_runner.py:80} INFO - Job 840: Subtask dim_payment
[2023-05-02 17:10:09,398] {task_command.py:370} INFO - Running <TaskInstance: dag_etl.dim_payment manual__2023-05-02T17:09:34.429844+00:00 [running]> on host 295d97741f96
[2023-05-02 17:10:12,184] {taskinstance.py:1571} INFO - Exporting the following env vars:
AIRFLOW_CTX_DAG_OWNER=Victor
AIRFLOW_CTX_DAG_ID=dag_etl
AIRFLOW_CTX_TASK_ID=dim_payment
AIRFLOW_CTX_EXECUTION_DATE=2023-05-02T17:09:34.429844+00:00
AIRFLOW_CTX_TRY_NUMBER=1
AIRFLOW_CTX_DAG_RUN_ID=manual__2023-05-02T17:09:34.429844+00:00
[2023-05-02 17:10:13,034] {base.py:68} INFO - Using connection ID 'postgres_conn' for task execution.
[2023-05-02 17:10:13,992] {python.py:173} INFO - Done. Returned value was: None
[2023-05-02 17:10:16,467] {taskinstance.py:1400} INFO - Marking task as SUCCESS. dag_id=dag_etl, task_id=dim_payment, execution_date=20230502T170934, start_date=20230502T171007, end_date=20230502T171016
[2023-05-02 17:10:16,763] {local_task_job.py:156} INFO - Task exited with return code 0
[2023-05-02 17:10:17,866] {local_task_job.py:273} INFO - 0 downstream tasks scheduled from follow-on schedule check
