[2023-05-04 05:14:43,082] {taskinstance.py:1159} INFO - Dependencies all met for <TaskInstance: dag_etl.rename_extracted_file manual__2023-05-04T05:14:23.870311+00:00 [queued]>
[2023-05-04 05:14:43,137] {taskinstance.py:1159} INFO - Dependencies all met for <TaskInstance: dag_etl.rename_extracted_file manual__2023-05-04T05:14:23.870311+00:00 [queued]>
[2023-05-04 05:14:43,138] {taskinstance.py:1356} INFO - 
--------------------------------------------------------------------------------
[2023-05-04 05:14:43,139] {taskinstance.py:1357} INFO - Starting attempt 1 of 6
[2023-05-04 05:14:43,140] {taskinstance.py:1358} INFO - 
--------------------------------------------------------------------------------
[2023-05-04 05:14:43,237] {taskinstance.py:1377} INFO - Executing <Task(_PythonDecoratedOperator): rename_extracted_file> on 2023-05-04 05:14:23.870311+00:00
[2023-05-04 05:14:43,250] {standard_task_runner.py:52} INFO - Started process 1121 to run task
[2023-05-04 05:14:43,262] {standard_task_runner.py:79} INFO - Running: ['***', 'tasks', 'run', 'dag_etl', 'rename_extracted_file', 'manual__2023-05-04T05:14:23.870311+00:00', '--job-id', '959', '--raw', '--subdir', 'DAGS_FOLDER/dag_etl_taskflow.py', '--cfg-path', '/tmp/tmpv6a_2p17', '--error-file', '/tmp/tmp2sd7r27o']
[2023-05-04 05:14:43,266] {standard_task_runner.py:80} INFO - Job 959: Subtask rename_extracted_file
[2023-05-04 05:14:43,697] {task_command.py:370} INFO - Running <TaskInstance: dag_etl.rename_extracted_file manual__2023-05-04T05:14:23.870311+00:00 [running]> on host 295d97741f96
[2023-05-04 05:14:44,409] {taskinstance.py:1571} INFO - Exporting the following env vars:
AIRFLOW_CTX_DAG_OWNER=Victor
AIRFLOW_CTX_DAG_ID=dag_etl
AIRFLOW_CTX_TASK_ID=rename_extracted_file
AIRFLOW_CTX_EXECUTION_DATE=2023-05-04T05:14:23.870311+00:00
AIRFLOW_CTX_TRY_NUMBER=1
AIRFLOW_CTX_DAG_RUN_ID=manual__2023-05-04T05:14:23.870311+00:00
[2023-05-04 05:14:44,415] {python.py:173} INFO - Done. Returned value was: /opt/***/data
[2023-05-04 05:14:44,663] {taskinstance.py:1400} INFO - Marking task as SUCCESS. dag_id=dag_etl, task_id=rename_extracted_file, execution_date=20230504T051423, start_date=20230504T051443, end_date=20230504T051444
[2023-05-04 05:14:44,765] {local_task_job.py:156} INFO - Task exited with return code 0
[2023-05-04 05:14:45,127] {local_task_job.py:273} INFO - 7 downstream tasks scheduled from follow-on schedule check
