[2023-08-17 17:37:50,532] {taskinstance.py:1179} INFO - Dependencies all met for <TaskInstance: dag_etl.rename_extracted_file manual__2023-08-17T17:37:47.265781+00:00 [queued]>
[2023-08-17 17:37:50,543] {taskinstance.py:1179} INFO - Dependencies all met for <TaskInstance: dag_etl.rename_extracted_file manual__2023-08-17T17:37:47.265781+00:00 [queued]>
[2023-08-17 17:37:50,543] {taskinstance.py:1376} INFO - 
--------------------------------------------------------------------------------
[2023-08-17 17:37:50,544] {taskinstance.py:1377} INFO - Starting attempt 1 of 6
[2023-08-17 17:37:50,544] {taskinstance.py:1378} INFO - 
--------------------------------------------------------------------------------
[2023-08-17 17:37:50,558] {taskinstance.py:1397} INFO - Executing <Task(_PythonDecoratedOperator): rename_extracted_file> on 2023-08-17 17:37:47.265781+00:00
[2023-08-17 17:37:50,563] {standard_task_runner.py:52} INFO - Started process 312 to run task
[2023-08-17 17:37:50,573] {standard_task_runner.py:79} INFO - Running: ['***', 'tasks', 'run', 'dag_etl', 'rename_extracted_file', 'manual__2023-08-17T17:37:47.265781+00:00', '--job-id', '54', '--raw', '--subdir', 'DAGS_FOLDER/dag_etl_taskflow.py', '--cfg-path', '/tmp/tmpt8_fid0j', '--error-file', '/tmp/tmp0vovv2hh']
[2023-08-17 17:37:50,575] {standard_task_runner.py:80} INFO - Job 54: Subtask rename_extracted_file
[2023-08-17 17:37:50,661] {task_command.py:371} INFO - Running <TaskInstance: dag_etl.rename_extracted_file manual__2023-08-17T17:37:47.265781+00:00 [running]> on host 1ea22a5e1d7f
[2023-08-17 17:37:50,737] {taskinstance.py:1591} INFO - Exporting the following env vars:
AIRFLOW_CTX_DAG_OWNER=Victor
AIRFLOW_CTX_DAG_ID=dag_etl
AIRFLOW_CTX_TASK_ID=rename_extracted_file
AIRFLOW_CTX_EXECUTION_DATE=2023-08-17T17:37:47.265781+00:00
AIRFLOW_CTX_TRY_NUMBER=1
AIRFLOW_CTX_DAG_RUN_ID=manual__2023-08-17T17:37:47.265781+00:00
[2023-08-17 17:37:50,738] {python.py:173} INFO - Done. Returned value was: /home/***
[2023-08-17 17:37:50,764] {taskinstance.py:1420} INFO - Marking task as SUCCESS. dag_id=dag_etl, task_id=rename_extracted_file, execution_date=20230817T173747, start_date=20230817T173750, end_date=20230817T173750
[2023-08-17 17:37:50,784] {local_task_job.py:156} INFO - Task exited with return code 0
[2023-08-17 17:37:50,825] {local_task_job.py:273} INFO - 7 downstream tasks scheduled from follow-on schedule check
