[2023-05-02 15:32:41,228] {taskinstance.py:1159} INFO - Dependencies all met for <TaskInstance: dag_etl_date.dim_customer_type manual__2023-05-02T15:32:12.652181+00:00 [queued]>
[2023-05-02 15:32:41,372] {taskinstance.py:1159} INFO - Dependencies all met for <TaskInstance: dag_etl_date.dim_customer_type manual__2023-05-02T15:32:12.652181+00:00 [queued]>
[2023-05-02 15:32:41,373] {taskinstance.py:1356} INFO - 
--------------------------------------------------------------------------------
[2023-05-02 15:32:41,374] {taskinstance.py:1357} INFO - Starting attempt 1 of 6
[2023-05-02 15:32:41,375] {taskinstance.py:1358} INFO - 
--------------------------------------------------------------------------------
[2023-05-02 15:32:41,637] {taskinstance.py:1377} INFO - Executing <Task(_PythonDecoratedOperator): dim_customer_type> on 2023-05-02 15:32:12.652181+00:00
[2023-05-02 15:32:41,663] {standard_task_runner.py:52} INFO - Started process 614 to run task
[2023-05-02 15:32:41,695] {standard_task_runner.py:79} INFO - Running: ['***', 'tasks', 'run', 'dag_etl_date', 'dim_customer_type', 'manual__2023-05-02T15:32:12.652181+00:00', '--job-id', '725', '--raw', '--subdir', 'DAGS_FOLDER/dag_etl_taskflow_date.py', '--cfg-path', '/tmp/tmp4tqzb0c1', '--error-file', '/tmp/tmp98ha95m5']
[2023-05-02 15:32:41,713] {standard_task_runner.py:80} INFO - Job 725: Subtask dim_customer_type
[2023-05-02 15:32:42,505] {task_command.py:370} INFO - Running <TaskInstance: dag_etl_date.dim_customer_type manual__2023-05-02T15:32:12.652181+00:00 [running]> on host 295d97741f96
[2023-05-02 15:32:45,680] {taskinstance.py:1571} INFO - Exporting the following env vars:
AIRFLOW_CTX_DAG_OWNER=Victor
AIRFLOW_CTX_DAG_ID=dag_etl_date
AIRFLOW_CTX_TASK_ID=dim_customer_type
AIRFLOW_CTX_EXECUTION_DATE=2023-05-02T15:32:12.652181+00:00
AIRFLOW_CTX_TRY_NUMBER=1
AIRFLOW_CTX_DAG_RUN_ID=manual__2023-05-02T15:32:12.652181+00:00
[2023-05-02 15:32:47,154] {base.py:68} INFO - Using connection ID 'postgres_conn' for task execution.
[2023-05-02 15:32:48,925] {python.py:173} INFO - Done. Returned value was: None
[2023-05-02 15:32:49,661] {taskinstance.py:1400} INFO - Marking task as SUCCESS. dag_id=dag_etl_date, task_id=dim_customer_type, execution_date=20230502T153212, start_date=20230502T153241, end_date=20230502T153249
[2023-05-02 15:32:49,951] {local_task_job.py:156} INFO - Task exited with return code 0
[2023-05-02 15:32:51,016] {local_task_job.py:273} INFO - 0 downstream tasks scheduled from follow-on schedule check
