[2023-04-30 17:52:44,165] {taskinstance.py:1159} INFO - Dependencies all met for <TaskInstance: dag_etl.extract_from_s3 manual__2023-04-30T17:52:03.144971+00:00 [queued]>
[2023-04-30 17:52:44,278] {taskinstance.py:1159} INFO - Dependencies all met for <TaskInstance: dag_etl.extract_from_s3 manual__2023-04-30T17:52:03.144971+00:00 [queued]>
[2023-04-30 17:52:44,280] {taskinstance.py:1356} INFO - 
--------------------------------------------------------------------------------
[2023-04-30 17:52:44,282] {taskinstance.py:1357} INFO - Starting attempt 1 of 6
[2023-04-30 17:52:44,283] {taskinstance.py:1358} INFO - 
--------------------------------------------------------------------------------
[2023-04-30 17:52:44,441] {taskinstance.py:1377} INFO - Executing <Task(_PythonDecoratedOperator): extract_from_s3> on 2023-04-30 17:52:03.144971+00:00
[2023-04-30 17:52:44,467] {standard_task_runner.py:52} INFO - Started process 651 to run task
[2023-04-30 17:52:44,485] {standard_task_runner.py:79} INFO - Running: ['***', 'tasks', 'run', 'dag_etl', 'extract_from_s3', 'manual__2023-04-30T17:52:03.144971+00:00', '--job-id', '329', '--raw', '--subdir', 'DAGS_FOLDER/dag_etl_taskflow.py', '--cfg-path', '/tmp/tmp7_odt5ho', '--error-file', '/tmp/tmprl45ufk5']
[2023-04-30 17:52:44,489] {standard_task_runner.py:80} INFO - Job 329: Subtask extract_from_s3
[2023-04-30 17:52:45,288] {task_command.py:370} INFO - Running <TaskInstance: dag_etl.extract_from_s3 manual__2023-04-30T17:52:03.144971+00:00 [running]> on host 295d97741f96
[2023-04-30 17:52:46,769] {taskinstance.py:1571} INFO - Exporting the following env vars:
AIRFLOW_CTX_DAG_OWNER=Victor
AIRFLOW_CTX_DAG_ID=dag_etl
AIRFLOW_CTX_TASK_ID=extract_from_s3
AIRFLOW_CTX_EXECUTION_DATE=2023-04-30T17:52:03.144971+00:00
AIRFLOW_CTX_TRY_NUMBER=1
AIRFLOW_CTX_DAG_RUN_ID=manual__2023-04-30T17:52:03.144971+00:00
[2023-04-30 17:52:46,792] {s3.py:861} INFO - Downloading source S3 file from Bucket raw with path supermarket_sales.csv
[2023-04-30 17:52:47,155] {base.py:68} INFO - Using connection ID 'minio_conn' for task execution.
[2023-04-30 17:52:47,181] {base_aws.py:206} INFO - Credentials retrieved from login
[2023-04-30 17:52:48,900] {python.py:173} INFO - Done. Returned value was: /opt/***/data/***_tmp_jyjnaw__
[2023-04-30 17:52:49,422] {taskinstance.py:1400} INFO - Marking task as SUCCESS. dag_id=dag_etl, task_id=extract_from_s3, execution_date=20230430T175203, start_date=20230430T175244, end_date=20230430T175249
[2023-04-30 17:52:50,620] {local_task_job.py:156} INFO - Task exited with return code 0
[2023-04-30 17:52:53,853] {local_task_job.py:273} INFO - 0 downstream tasks scheduled from follow-on schedule check
