[2023-04-30 07:03:26,999] {taskinstance.py:1159} INFO - Dependencies all met for <TaskInstance: dag_etl.delete_s3_obj manual__2023-04-30T07:01:56.678142+00:00 [queued]>
[2023-04-30 07:03:27,647] {taskinstance.py:1159} INFO - Dependencies all met for <TaskInstance: dag_etl.delete_s3_obj manual__2023-04-30T07:01:56.678142+00:00 [queued]>
[2023-04-30 07:03:27,649] {taskinstance.py:1356} INFO - 
--------------------------------------------------------------------------------
[2023-04-30 07:03:27,652] {taskinstance.py:1357} INFO - Starting attempt 1 of 6
[2023-04-30 07:03:27,655] {taskinstance.py:1358} INFO - 
--------------------------------------------------------------------------------
[2023-04-30 07:03:28,392] {taskinstance.py:1377} INFO - Executing <Task(S3DeleteObjectsOperator): delete_s3_obj> on 2023-04-30 07:01:56.678142+00:00
[2023-04-30 07:03:28,533] {standard_task_runner.py:52} INFO - Started process 973 to run task
[2023-04-30 07:03:28,624] {standard_task_runner.py:79} INFO - Running: ['***', 'tasks', 'run', 'dag_etl', 'delete_s3_obj', 'manual__2023-04-30T07:01:56.678142+00:00', '--job-id', '61', '--raw', '--subdir', 'DAGS_FOLDER/dag_etl_taskflow.py', '--cfg-path', '/tmp/tmpv0wmhd3k', '--error-file', '/tmp/tmp_igr38u4']
[2023-04-30 07:03:28,658] {standard_task_runner.py:80} INFO - Job 61: Subtask delete_s3_obj
[2023-04-30 07:03:30,175] {task_command.py:370} INFO - Running <TaskInstance: dag_etl.delete_s3_obj manual__2023-04-30T07:01:56.678142+00:00 [running]> on host 295d97741f96
[2023-04-30 07:03:33,598] {taskinstance.py:1571} INFO - Exporting the following env vars:
AIRFLOW_CTX_DAG_OWNER=Victor
AIRFLOW_CTX_DAG_ID=dag_etl
AIRFLOW_CTX_TASK_ID=delete_s3_obj
AIRFLOW_CTX_EXECUTION_DATE=2023-04-30T07:01:56.678142+00:00
AIRFLOW_CTX_TRY_NUMBER=1
AIRFLOW_CTX_DAG_RUN_ID=manual__2023-04-30T07:01:56.678142+00:00
[2023-04-30 07:03:33,916] {base.py:68} INFO - Using connection ID 'minio_conn' for task execution.
[2023-04-30 07:03:33,946] {base_aws.py:206} INFO - Credentials retrieved from login
[2023-04-30 07:03:37,473] {s3.py:841} INFO - Deleted: ['supermarket_sales.csv']
[2023-04-30 07:03:42,160] {taskinstance.py:1400} INFO - Marking task as SUCCESS. dag_id=dag_etl, task_id=delete_s3_obj, execution_date=20230430T070156, start_date=20230430T070327, end_date=20230430T070342
[2023-04-30 07:03:43,352] {local_task_job.py:156} INFO - Task exited with return code 0
[2023-04-30 07:03:50,360] {local_task_job.py:273} INFO - 0 downstream tasks scheduled from follow-on schedule check
