[2023-04-30 06:59:27,446] {taskinstance.py:1159} INFO - Dependencies all met for <TaskInstance: dag_etl.dim_product_line manual__2023-04-30T06:58:37.493446+00:00 [queued]>
[2023-04-30 06:59:27,799] {taskinstance.py:1159} INFO - Dependencies all met for <TaskInstance: dag_etl.dim_product_line manual__2023-04-30T06:58:37.493446+00:00 [queued]>
[2023-04-30 06:59:27,800] {taskinstance.py:1356} INFO - 
--------------------------------------------------------------------------------
[2023-04-30 06:59:27,804] {taskinstance.py:1357} INFO - Starting attempt 1 of 6
[2023-04-30 06:59:27,805] {taskinstance.py:1358} INFO - 
--------------------------------------------------------------------------------
[2023-04-30 06:59:28,243] {taskinstance.py:1377} INFO - Executing <Task(_PythonDecoratedOperator): dim_product_line> on 2023-04-30 06:58:37.493446+00:00
[2023-04-30 06:59:28,301] {standard_task_runner.py:52} INFO - Started process 567 to run task
[2023-04-30 06:59:28,364] {standard_task_runner.py:79} INFO - Running: ['***', 'tasks', 'run', 'dag_etl', 'dim_product_line', 'manual__2023-04-30T06:58:37.493446+00:00', '--job-id', '40', '--raw', '--subdir', 'DAGS_FOLDER/dag_etl_taskflow.py', '--cfg-path', '/tmp/tmp7j0ad1cp', '--error-file', '/tmp/tmpec3oy33e']
[2023-04-30 06:59:28,419] {standard_task_runner.py:80} INFO - Job 40: Subtask dim_product_line
[2023-04-30 06:59:31,001] {task_command.py:370} INFO - Running <TaskInstance: dag_etl.dim_product_line manual__2023-04-30T06:58:37.493446+00:00 [running]> on host 295d97741f96
[2023-04-30 06:59:35,245] {taskinstance.py:1571} INFO - Exporting the following env vars:
AIRFLOW_CTX_DAG_OWNER=Victor
AIRFLOW_CTX_DAG_ID=dag_etl
AIRFLOW_CTX_TASK_ID=dim_product_line
AIRFLOW_CTX_EXECUTION_DATE=2023-04-30T06:58:37.493446+00:00
AIRFLOW_CTX_TRY_NUMBER=1
AIRFLOW_CTX_DAG_RUN_ID=manual__2023-04-30T06:58:37.493446+00:00
[2023-04-30 06:59:35,995] {base.py:68} INFO - Using connection ID 'postgres_conn' for task execution.
[2023-04-30 06:59:36,342] {python.py:173} INFO - Done. Returned value was: None
[2023-04-30 06:59:37,018] {taskinstance.py:1400} INFO - Marking task as SUCCESS. dag_id=dag_etl, task_id=dim_product_line, execution_date=20230430T065837, start_date=20230430T065927, end_date=20230430T065937
[2023-04-30 06:59:37,212] {local_task_job.py:156} INFO - Task exited with return code 0
[2023-04-30 06:59:38,921] {local_task_job.py:273} INFO - 0 downstream tasks scheduled from follow-on schedule check
