[2023-05-02 16:28:58,087] {taskinstance.py:1159} INFO - Dependencies all met for <TaskInstance: dag_etl.fact_nds manual__2023-05-02T16:27:47.576051+00:00 [queued]>
[2023-05-02 16:28:58,347] {taskinstance.py:1159} INFO - Dependencies all met for <TaskInstance: dag_etl.fact_nds manual__2023-05-02T16:27:47.576051+00:00 [queued]>
[2023-05-02 16:28:58,350] {taskinstance.py:1356} INFO - 
--------------------------------------------------------------------------------
[2023-05-02 16:28:58,364] {taskinstance.py:1357} INFO - Starting attempt 1 of 6
[2023-05-02 16:28:58,368] {taskinstance.py:1358} INFO - 
--------------------------------------------------------------------------------
[2023-05-02 16:28:58,557] {taskinstance.py:1377} INFO - Executing <Task(_PythonDecoratedOperator): fact_nds> on 2023-05-02 16:27:47.576051+00:00
[2023-05-02 16:28:58,575] {standard_task_runner.py:52} INFO - Started process 467 to run task
[2023-05-02 16:28:58,597] {standard_task_runner.py:79} INFO - Running: ['***', 'tasks', 'run', 'dag_etl', 'fact_nds', 'manual__2023-05-02T16:27:47.576051+00:00', '--job-id', '761', '--raw', '--subdir', 'DAGS_FOLDER/dag_etl_taskflow.py', '--cfg-path', '/tmp/tmpaubib0kb', '--error-file', '/tmp/tmpufhpkntt']
[2023-05-02 16:28:58,603] {standard_task_runner.py:80} INFO - Job 761: Subtask fact_nds
[2023-05-02 16:28:59,446] {task_command.py:370} INFO - Running <TaskInstance: dag_etl.fact_nds manual__2023-05-02T16:27:47.576051+00:00 [running]> on host 295d97741f96
[2023-05-02 16:29:00,477] {taskinstance.py:1571} INFO - Exporting the following env vars:
AIRFLOW_CTX_DAG_OWNER=Victor
AIRFLOW_CTX_DAG_ID=dag_etl
AIRFLOW_CTX_TASK_ID=fact_nds
AIRFLOW_CTX_EXECUTION_DATE=2023-05-02T16:27:47.576051+00:00
AIRFLOW_CTX_TRY_NUMBER=1
AIRFLOW_CTX_DAG_RUN_ID=manual__2023-05-02T16:27:47.576051+00:00
[2023-05-02 16:29:00,558] {base.py:68} INFO - Using connection ID 'postgres_conn' for task execution.
[2023-05-02 16:29:00,854] {base.py:68} INFO - Using connection ID 'postgres_conn' for task execution.
[2023-05-02 16:29:01,722] {python.py:173} INFO - Done. Returned value was: None
[2023-05-02 16:29:01,833] {taskinstance.py:1400} INFO - Marking task as SUCCESS. dag_id=dag_etl, task_id=fact_nds, execution_date=20230502T162747, start_date=20230502T162858, end_date=20230502T162901
[2023-05-02 16:29:01,938] {local_task_job.py:156} INFO - Task exited with return code 0
[2023-05-02 16:29:02,251] {local_task_job.py:273} INFO - 1 downstream tasks scheduled from follow-on schedule check
