[2023-05-02 13:47:18,940] {taskinstance.py:1159} INFO - Dependencies all met for <TaskInstance: dag_etl.extract_from_s3 manual__2023-05-02T13:47:08.064702+00:00 [queued]>
[2023-05-02 13:47:19,128] {taskinstance.py:1159} INFO - Dependencies all met for <TaskInstance: dag_etl.extract_from_s3 manual__2023-05-02T13:47:08.064702+00:00 [queued]>
[2023-05-02 13:47:19,129] {taskinstance.py:1356} INFO - 
--------------------------------------------------------------------------------
[2023-05-02 13:47:19,131] {taskinstance.py:1357} INFO - Starting attempt 1 of 6
[2023-05-02 13:47:19,136] {taskinstance.py:1358} INFO - 
--------------------------------------------------------------------------------
[2023-05-02 13:47:19,449] {taskinstance.py:1377} INFO - Executing <Task(_PythonDecoratedOperator): extract_from_s3> on 2023-05-02 13:47:08.064702+00:00
[2023-05-02 13:47:19,476] {standard_task_runner.py:52} INFO - Started process 802 to run task
[2023-05-02 13:47:19,495] {standard_task_runner.py:79} INFO - Running: ['***', 'tasks', 'run', 'dag_etl', 'extract_from_s3', 'manual__2023-05-02T13:47:08.064702+00:00', '--job-id', '564', '--raw', '--subdir', 'DAGS_FOLDER/dag_etl_taskflow.py', '--cfg-path', '/tmp/tmp47o874jr', '--error-file', '/tmp/tmpn9t84b8q']
[2023-05-02 13:47:19,502] {standard_task_runner.py:80} INFO - Job 564: Subtask extract_from_s3
[2023-05-02 13:47:20,293] {task_command.py:370} INFO - Running <TaskInstance: dag_etl.extract_from_s3 manual__2023-05-02T13:47:08.064702+00:00 [running]> on host 295d97741f96
[2023-05-02 13:47:21,639] {taskinstance.py:1571} INFO - Exporting the following env vars:
AIRFLOW_CTX_DAG_OWNER=Victor
AIRFLOW_CTX_DAG_ID=dag_etl
AIRFLOW_CTX_TASK_ID=extract_from_s3
AIRFLOW_CTX_EXECUTION_DATE=2023-05-02T13:47:08.064702+00:00
AIRFLOW_CTX_TRY_NUMBER=1
AIRFLOW_CTX_DAG_RUN_ID=manual__2023-05-02T13:47:08.064702+00:00
[2023-05-02 13:47:21,645] {s3.py:861} INFO - Downloading source S3 file from Bucket raw with path supermarket_sales.csv
[2023-05-02 13:47:21,858] {base.py:68} INFO - Using connection ID 'minio_conn' for task execution.
[2023-05-02 13:47:21,876] {base_aws.py:206} INFO - Credentials retrieved from login
[2023-05-02 13:47:22,790] {python.py:173} INFO - Done. Returned value was: /opt/***/data/***_tmp_9fzb44c6
[2023-05-02 13:47:23,197] {taskinstance.py:1400} INFO - Marking task as SUCCESS. dag_id=dag_etl, task_id=extract_from_s3, execution_date=20230502T134708, start_date=20230502T134718, end_date=20230502T134723
[2023-05-02 13:47:23,356] {local_task_job.py:156} INFO - Task exited with return code 0
[2023-05-02 13:47:23,994] {local_task_job.py:273} INFO - 1 downstream tasks scheduled from follow-on schedule check
