[2023-05-05 05:31:05,873] {taskinstance.py:1159} INFO - Dependencies all met for <TaskInstance: dag_etl.dim_customer_type scheduled__2023-05-04T00:00:00+00:00 [queued]>
[2023-05-05 05:31:06,253] {taskinstance.py:1159} INFO - Dependencies all met for <TaskInstance: dag_etl.dim_customer_type scheduled__2023-05-04T00:00:00+00:00 [queued]>
[2023-05-05 05:31:06,263] {taskinstance.py:1356} INFO - 
--------------------------------------------------------------------------------
[2023-05-05 05:31:06,265] {taskinstance.py:1357} INFO - Starting attempt 1 of 6
[2023-05-05 05:31:06,273] {taskinstance.py:1358} INFO - 
--------------------------------------------------------------------------------
[2023-05-05 05:31:06,747] {taskinstance.py:1377} INFO - Executing <Task(_PythonDecoratedOperator): dim_customer_type> on 2023-05-04 00:00:00+00:00
[2023-05-05 05:31:06,782] {standard_task_runner.py:52} INFO - Started process 433 to run task
[2023-05-05 05:31:06,805] {standard_task_runner.py:79} INFO - Running: ['***', 'tasks', 'run', 'dag_etl', 'dim_customer_type', 'scheduled__2023-05-04T00:00:00+00:00', '--job-id', '1014', '--raw', '--subdir', 'DAGS_FOLDER/dag_etl_taskflow.py', '--cfg-path', '/tmp/tmpgcz9tvzt', '--error-file', '/tmp/tmpkuhkjc_n']
[2023-05-05 05:31:06,815] {standard_task_runner.py:80} INFO - Job 1014: Subtask dim_customer_type
[2023-05-05 05:31:07,607] {task_command.py:370} INFO - Running <TaskInstance: dag_etl.dim_customer_type scheduled__2023-05-04T00:00:00+00:00 [running]> on host 295d97741f96
[2023-05-05 05:31:10,141] {taskinstance.py:1571} INFO - Exporting the following env vars:
AIRFLOW_CTX_DAG_OWNER=Victor
AIRFLOW_CTX_DAG_ID=dag_etl
AIRFLOW_CTX_TASK_ID=dim_customer_type
AIRFLOW_CTX_EXECUTION_DATE=2023-05-04T00:00:00+00:00
AIRFLOW_CTX_TRY_NUMBER=1
AIRFLOW_CTX_DAG_RUN_ID=scheduled__2023-05-04T00:00:00+00:00
[2023-05-05 05:31:13,569] {base.py:68} INFO - Using connection ID 'postgres_conn' for task execution.
[2023-05-05 05:31:14,487] {python.py:173} INFO - Done. Returned value was: None
[2023-05-05 05:31:15,107] {taskinstance.py:1400} INFO - Marking task as SUCCESS. dag_id=dag_etl, task_id=dim_customer_type, execution_date=20230504T000000, start_date=20230505T053105, end_date=20230505T053115
[2023-05-05 05:31:15,696] {local_task_job.py:156} INFO - Task exited with return code 0
[2023-05-05 05:31:20,342] {local_task_job.py:273} INFO - 0 downstream tasks scheduled from follow-on schedule check
