[2023-04-30 12:00:37,993] {taskinstance.py:1159} INFO - Dependencies all met for <TaskInstance: dag_etl.dim_customer_type manual__2023-04-30T11:58:50.689561+00:00 [queued]>
[2023-04-30 12:00:38,656] {taskinstance.py:1159} INFO - Dependencies all met for <TaskInstance: dag_etl.dim_customer_type manual__2023-04-30T11:58:50.689561+00:00 [queued]>
[2023-04-30 12:00:38,695] {taskinstance.py:1356} INFO - 
--------------------------------------------------------------------------------
[2023-04-30 12:00:38,697] {taskinstance.py:1357} INFO - Starting attempt 1 of 6
[2023-04-30 12:00:38,698] {taskinstance.py:1358} INFO - 
--------------------------------------------------------------------------------
[2023-04-30 12:00:39,616] {taskinstance.py:1377} INFO - Executing <Task(_PythonDecoratedOperator): dim_customer_type> on 2023-04-30 11:58:50.689561+00:00
[2023-04-30 12:00:39,773] {standard_task_runner.py:52} INFO - Started process 714 to run task
[2023-04-30 12:00:39,909] {standard_task_runner.py:79} INFO - Running: ['***', 'tasks', 'run', 'dag_etl', 'dim_customer_type', 'manual__2023-04-30T11:58:50.689561+00:00', '--job-id', '259', '--raw', '--subdir', 'DAGS_FOLDER/dag_etl_taskflow.py', '--cfg-path', '/tmp/tmp4_j3ocmq', '--error-file', '/tmp/tmpnulpk01h']
[2023-04-30 12:00:39,985] {standard_task_runner.py:80} INFO - Job 259: Subtask dim_customer_type
[2023-04-30 12:00:42,183] {task_command.py:370} INFO - Running <TaskInstance: dag_etl.dim_customer_type manual__2023-04-30T11:58:50.689561+00:00 [running]> on host 295d97741f96
[2023-04-30 12:01:06,919] {taskinstance.py:1571} INFO - Exporting the following env vars:
AIRFLOW_CTX_DAG_OWNER=Victor
AIRFLOW_CTX_DAG_ID=dag_etl
AIRFLOW_CTX_TASK_ID=dim_customer_type
AIRFLOW_CTX_EXECUTION_DATE=2023-04-30T11:58:50.689561+00:00
AIRFLOW_CTX_TRY_NUMBER=1
AIRFLOW_CTX_DAG_RUN_ID=manual__2023-04-30T11:58:50.689561+00:00
[2023-04-30 12:01:10,415] {base.py:68} INFO - Using connection ID 'postgres_conn' for task execution.
[2023-04-30 12:01:12,708] {python.py:173} INFO - Done. Returned value was: None
[2023-04-30 12:01:17,089] {taskinstance.py:1400} INFO - Marking task as SUCCESS. dag_id=dag_etl, task_id=dim_customer_type, execution_date=20230430T115850, start_date=20230430T120038, end_date=20230430T120117
[2023-04-30 12:01:18,336] {local_task_job.py:156} INFO - Task exited with return code 0
[2023-04-30 12:01:22,614] {local_task_job.py:273} INFO - 0 downstream tasks scheduled from follow-on schedule check
