[2023-05-02 10:32:37,704] {taskinstance.py:1159} INFO - Dependencies all met for <TaskInstance: dag_etl.extract_from_s3 scheduled__2023-05-01T00:00:00+00:00 [queued]>
[2023-05-02 10:32:37,857] {taskinstance.py:1159} INFO - Dependencies all met for <TaskInstance: dag_etl.extract_from_s3 scheduled__2023-05-01T00:00:00+00:00 [queued]>
[2023-05-02 10:32:37,861] {taskinstance.py:1356} INFO - 
--------------------------------------------------------------------------------
[2023-05-02 10:32:37,867] {taskinstance.py:1357} INFO - Starting attempt 1 of 6
[2023-05-02 10:32:37,870] {taskinstance.py:1358} INFO - 
--------------------------------------------------------------------------------
[2023-05-02 10:32:38,217] {taskinstance.py:1377} INFO - Executing <Task(_PythonDecoratedOperator): extract_from_s3> on 2023-05-01 00:00:00+00:00
[2023-05-02 10:32:38,385] {standard_task_runner.py:52} INFO - Started process 463 to run task
[2023-05-02 10:32:38,545] {standard_task_runner.py:79} INFO - Running: ['***', 'tasks', 'run', 'dag_etl', 'extract_from_s3', 'scheduled__2023-05-01T00:00:00+00:00', '--job-id', '394', '--raw', '--subdir', 'DAGS_FOLDER/dag_etl_taskflow.py', '--cfg-path', '/tmp/tmp946dcl44', '--error-file', '/tmp/tmp0w4t35ll']
[2023-05-02 10:32:38,620] {standard_task_runner.py:80} INFO - Job 394: Subtask extract_from_s3
[2023-05-02 10:32:43,148] {task_command.py:370} INFO - Running <TaskInstance: dag_etl.extract_from_s3 scheduled__2023-05-01T00:00:00+00:00 [running]> on host 295d97741f96
[2023-05-02 10:32:50,509] {taskinstance.py:1571} INFO - Exporting the following env vars:
AIRFLOW_CTX_DAG_OWNER=Victor
AIRFLOW_CTX_DAG_ID=dag_etl
AIRFLOW_CTX_TASK_ID=extract_from_s3
AIRFLOW_CTX_EXECUTION_DATE=2023-05-01T00:00:00+00:00
AIRFLOW_CTX_TRY_NUMBER=1
AIRFLOW_CTX_DAG_RUN_ID=scheduled__2023-05-01T00:00:00+00:00
[2023-05-02 10:32:50,517] {s3.py:861} INFO - Downloading source S3 file from Bucket raw with path supermarket_sales.csv
[2023-05-02 10:32:51,294] {base.py:68} INFO - Using connection ID 'minio_conn' for task execution.
[2023-05-02 10:32:51,312] {base_aws.py:206} INFO - Credentials retrieved from login
[2023-05-02 10:32:59,759] {python.py:173} INFO - Done. Returned value was: /opt/***/data/***_tmp_fiwrubsf
[2023-05-02 10:33:04,044] {taskinstance.py:1400} INFO - Marking task as SUCCESS. dag_id=dag_etl, task_id=extract_from_s3, execution_date=20230501T000000, start_date=20230502T103237, end_date=20230502T103304
[2023-05-02 10:33:06,752] {local_task_job.py:221} WARNING - State of this instance has been externally set to success. Terminating instance.
[2023-05-02 10:33:07,260] {process_utils.py:129} INFO - Sending Signals.SIGTERM to group 463. PIDs of all processes in the group: [463]
[2023-05-02 10:33:07,315] {process_utils.py:80} INFO - Sending the signal Signals.SIGTERM to group 463
[2023-05-02 10:33:07,328] {process_utils.py:75} INFO - Process psutil.Process(pid=463, status='terminated', exitcode=0, started='10:32:38') (463) terminated with exit code 0
[2023-05-02 10:37:29,479] {taskinstance.py:1159} INFO - Dependencies all met for <TaskInstance: dag_etl.extract_from_s3 scheduled__2023-05-01T00:00:00+00:00 [queued]>
[2023-05-02 10:37:30,097] {taskinstance.py:1159} INFO - Dependencies all met for <TaskInstance: dag_etl.extract_from_s3 scheduled__2023-05-01T00:00:00+00:00 [queued]>
[2023-05-02 10:37:30,109] {taskinstance.py:1356} INFO - 
--------------------------------------------------------------------------------
[2023-05-02 10:37:30,110] {taskinstance.py:1357} INFO - Starting attempt 1 of 6
[2023-05-02 10:37:30,115] {taskinstance.py:1358} INFO - 
--------------------------------------------------------------------------------
[2023-05-02 10:37:30,809] {taskinstance.py:1377} INFO - Executing <Task(_PythonDecoratedOperator): extract_from_s3> on 2023-05-01 00:00:00+00:00
[2023-05-02 10:37:30,930] {standard_task_runner.py:52} INFO - Started process 951 to run task
[2023-05-02 10:37:31,077] {standard_task_runner.py:79} INFO - Running: ['***', 'tasks', 'run', 'dag_etl', 'extract_from_s3', 'scheduled__2023-05-01T00:00:00+00:00', '--job-id', '421', '--raw', '--subdir', 'DAGS_FOLDER/dag_etl_taskflow.py', '--cfg-path', '/tmp/tmp3t6tt_am', '--error-file', '/tmp/tmp0nxygc52']
[2023-05-02 10:37:31,122] {standard_task_runner.py:80} INFO - Job 421: Subtask extract_from_s3
[2023-05-02 10:37:33,510] {task_command.py:370} INFO - Running <TaskInstance: dag_etl.extract_from_s3 scheduled__2023-05-01T00:00:00+00:00 [running]> on host 295d97741f96
[2023-05-02 10:37:38,676] {taskinstance.py:1571} INFO - Exporting the following env vars:
AIRFLOW_CTX_DAG_OWNER=Victor
AIRFLOW_CTX_DAG_ID=dag_etl
AIRFLOW_CTX_TASK_ID=extract_from_s3
AIRFLOW_CTX_EXECUTION_DATE=2023-05-01T00:00:00+00:00
AIRFLOW_CTX_TRY_NUMBER=1
AIRFLOW_CTX_DAG_RUN_ID=scheduled__2023-05-01T00:00:00+00:00
[2023-05-02 10:37:38,688] {s3.py:861} INFO - Downloading source S3 file from Bucket raw with path supermarket_sales.csv
[2023-05-02 10:37:39,147] {base.py:68} INFO - Using connection ID 'minio_conn' for task execution.
[2023-05-02 10:37:39,155] {base_aws.py:206} INFO - Credentials retrieved from login
[2023-05-02 10:37:45,776] {python.py:173} INFO - Done. Returned value was: /opt/***/data/***_tmp_pnn7uul1
[2023-05-02 10:37:48,608] {taskinstance.py:1400} INFO - Marking task as SUCCESS. dag_id=dag_etl, task_id=extract_from_s3, execution_date=20230501T000000, start_date=20230502T103729, end_date=20230502T103748
[2023-05-02 10:37:49,967] {local_task_job.py:156} INFO - Task exited with return code 0
[2023-05-02 10:37:53,406] {local_task_job.py:273} INFO - 1 downstream tasks scheduled from follow-on schedule check
