[2023-05-02 17:10:44,524] {taskinstance.py:1159} INFO - Dependencies all met for <TaskInstance: dag_etl.clear_data_directory manual__2023-05-02T17:09:34.429844+00:00 [queued]>
[2023-05-02 17:10:44,595] {taskinstance.py:1159} INFO - Dependencies all met for <TaskInstance: dag_etl.clear_data_directory manual__2023-05-02T17:09:34.429844+00:00 [queued]>
[2023-05-02 17:10:44,596] {taskinstance.py:1356} INFO - 
--------------------------------------------------------------------------------
[2023-05-02 17:10:44,597] {taskinstance.py:1357} INFO - Starting attempt 1 of 6
[2023-05-02 17:10:44,598] {taskinstance.py:1358} INFO - 
--------------------------------------------------------------------------------
[2023-05-02 17:10:44,704] {taskinstance.py:1377} INFO - Executing <Task(BashOperator): clear_data_directory> on 2023-05-02 17:09:34.429844+00:00
[2023-05-02 17:10:44,713] {standard_task_runner.py:52} INFO - Started process 2283 to run task
[2023-05-02 17:10:44,721] {standard_task_runner.py:79} INFO - Running: ['***', 'tasks', 'run', 'dag_etl', 'clear_data_directory', 'manual__2023-05-02T17:09:34.429844+00:00', '--job-id', '848', '--raw', '--subdir', 'DAGS_FOLDER/dag_etl_taskflow.py', '--cfg-path', '/tmp/tmpl8c7algc', '--error-file', '/tmp/tmpvj8x9jmb']
[2023-05-02 17:10:44,724] {standard_task_runner.py:80} INFO - Job 848: Subtask clear_data_directory
[2023-05-02 17:10:45,138] {task_command.py:370} INFO - Running <TaskInstance: dag_etl.clear_data_directory manual__2023-05-02T17:09:34.429844+00:00 [running]> on host 295d97741f96
[2023-05-02 17:10:45,998] {taskinstance.py:1571} INFO - Exporting the following env vars:
AIRFLOW_CTX_DAG_OWNER=Victor
AIRFLOW_CTX_DAG_ID=dag_etl
AIRFLOW_CTX_TASK_ID=clear_data_directory
AIRFLOW_CTX_EXECUTION_DATE=2023-05-02T17:09:34.429844+00:00
AIRFLOW_CTX_TRY_NUMBER=1
AIRFLOW_CTX_DAG_RUN_ID=manual__2023-05-02T17:09:34.429844+00:00
[2023-05-02 17:10:46,008] {subprocess.py:62} INFO - Tmp dir root location: 
 /tmp
[2023-05-02 17:10:46,011] {subprocess.py:74} INFO - Running command: ['bash', '-c', 'rm -rf ${pwd}data/* | echo "приехали"']
[2023-05-02 17:10:46,035] {subprocess.py:85} INFO - Output:
[2023-05-02 17:10:46,088] {subprocess.py:92} INFO - приехали
[2023-05-02 17:10:46,130] {subprocess.py:96} INFO - Command exited with return code 0
[2023-05-02 17:10:46,426] {taskinstance.py:1400} INFO - Marking task as SUCCESS. dag_id=dag_etl, task_id=clear_data_directory, execution_date=20230502T170934, start_date=20230502T171044, end_date=20230502T171046
[2023-05-02 17:10:46,692] {local_task_job.py:156} INFO - Task exited with return code 0
[2023-05-02 17:10:47,059] {local_task_job.py:273} INFO - 0 downstream tasks scheduled from follow-on schedule check
