[2023-04-30 07:37:00,928] {taskinstance.py:1159} INFO - Dependencies all met for <TaskInstance: dag_etl.delete_s3_obj manual__2023-04-30T07:36:08.295748+00:00 [queued]>
[2023-04-30 07:37:01,115] {taskinstance.py:1159} INFO - Dependencies all met for <TaskInstance: dag_etl.delete_s3_obj manual__2023-04-30T07:36:08.295748+00:00 [queued]>
[2023-04-30 07:37:01,117] {taskinstance.py:1356} INFO - 
--------------------------------------------------------------------------------
[2023-04-30 07:37:01,119] {taskinstance.py:1357} INFO - Starting attempt 1 of 6
[2023-04-30 07:37:01,121] {taskinstance.py:1358} INFO - 
--------------------------------------------------------------------------------
[2023-04-30 07:37:01,375] {taskinstance.py:1377} INFO - Executing <Task(S3DeleteObjectsOperator): delete_s3_obj> on 2023-04-30 07:36:08.295748+00:00
[2023-04-30 07:37:01,404] {standard_task_runner.py:52} INFO - Started process 483 to run task
[2023-04-30 07:37:01,466] {standard_task_runner.py:79} INFO - Running: ['***', 'tasks', 'run', 'dag_etl', 'delete_s3_obj', 'manual__2023-04-30T07:36:08.295748+00:00', '--job-id', '116', '--raw', '--subdir', 'DAGS_FOLDER/dag_etl_taskflow.py', '--cfg-path', '/tmp/tmp_eyb5bus', '--error-file', '/tmp/tmp9oay217p']
[2023-04-30 07:37:01,500] {standard_task_runner.py:80} INFO - Job 116: Subtask delete_s3_obj
[2023-04-30 07:37:03,808] {task_command.py:370} INFO - Running <TaskInstance: dag_etl.delete_s3_obj manual__2023-04-30T07:36:08.295748+00:00 [running]> on host 295d97741f96
[2023-04-30 07:37:06,679] {taskinstance.py:1571} INFO - Exporting the following env vars:
AIRFLOW_CTX_DAG_OWNER=Victor
AIRFLOW_CTX_DAG_ID=dag_etl
AIRFLOW_CTX_TASK_ID=delete_s3_obj
AIRFLOW_CTX_EXECUTION_DATE=2023-04-30T07:36:08.295748+00:00
AIRFLOW_CTX_TRY_NUMBER=1
AIRFLOW_CTX_DAG_RUN_ID=manual__2023-04-30T07:36:08.295748+00:00
[2023-04-30 07:37:07,138] {base.py:68} INFO - Using connection ID 'minio_conn' for task execution.
[2023-04-30 07:37:07,143] {base_aws.py:206} INFO - Credentials retrieved from login
[2023-04-30 07:37:10,853] {s3.py:841} INFO - Deleted: ['supermarket_sales.csv']
[2023-04-30 07:37:11,575] {taskinstance.py:1400} INFO - Marking task as SUCCESS. dag_id=dag_etl, task_id=delete_s3_obj, execution_date=20230430T073608, start_date=20230430T073700, end_date=20230430T073711
[2023-04-30 07:37:13,203] {local_task_job.py:221} WARNING - State of this instance has been externally set to success. Terminating instance.
[2023-04-30 07:37:13,217] {process_utils.py:129} INFO - Sending Signals.SIGTERM to group 483. PIDs of all processes in the group: [483]
[2023-04-30 07:37:13,219] {process_utils.py:80} INFO - Sending the signal Signals.SIGTERM to group 483
[2023-04-30 07:37:13,229] {process_utils.py:75} INFO - Process psutil.Process(pid=483, status='terminated', exitcode=0, started='07:37:00') (483) terminated with exit code 0
