[2023-08-17 17:41:25,569] {taskinstance.py:1179} INFO - Dependencies all met for <TaskInstance: dag_etl.dim_product_line manual__2023-08-17T17:41:19.800552+00:00 [queued]>
[2023-08-17 17:41:25,611] {taskinstance.py:1179} INFO - Dependencies all met for <TaskInstance: dag_etl.dim_product_line manual__2023-08-17T17:41:19.800552+00:00 [queued]>
[2023-08-17 17:41:25,611] {taskinstance.py:1376} INFO - 
--------------------------------------------------------------------------------
[2023-08-17 17:41:25,611] {taskinstance.py:1377} INFO - Starting attempt 1 of 6
[2023-08-17 17:41:25,612] {taskinstance.py:1378} INFO - 
--------------------------------------------------------------------------------
[2023-08-17 17:41:25,633] {taskinstance.py:1397} INFO - Executing <Task(_PythonDecoratedOperator): dim_product_line> on 2023-08-17 17:41:19.800552+00:00
[2023-08-17 17:41:25,639] {standard_task_runner.py:52} INFO - Started process 550 to run task
[2023-08-17 17:41:25,648] {standard_task_runner.py:79} INFO - Running: ['***', 'tasks', 'run', 'dag_etl', 'dim_product_line', 'manual__2023-08-17T17:41:19.800552+00:00', '--job-id', '72', '--raw', '--subdir', 'DAGS_FOLDER/dag_etl_taskflow.py', '--cfg-path', '/tmp/tmpdmhz_ix_', '--error-file', '/tmp/tmpbysrf9nh']
[2023-08-17 17:41:25,653] {standard_task_runner.py:80} INFO - Job 72: Subtask dim_product_line
[2023-08-17 17:41:25,790] {task_command.py:371} INFO - Running <TaskInstance: dag_etl.dim_product_line manual__2023-08-17T17:41:19.800552+00:00 [running]> on host 1ea22a5e1d7f
[2023-08-17 17:41:26,018] {taskinstance.py:1591} INFO - Exporting the following env vars:
AIRFLOW_CTX_DAG_OWNER=Victor
AIRFLOW_CTX_DAG_ID=dag_etl
AIRFLOW_CTX_TASK_ID=dim_product_line
AIRFLOW_CTX_EXECUTION_DATE=2023-08-17T17:41:19.800552+00:00
AIRFLOW_CTX_TRY_NUMBER=1
AIRFLOW_CTX_DAG_RUN_ID=manual__2023-08-17T17:41:19.800552+00:00
[2023-08-17 17:41:26,125] {base.py:68} INFO - Using connection ID '***_conn' for task execution.
[2023-08-17 17:41:26,259] {python.py:173} INFO - Done. Returned value was: None
[2023-08-17 17:41:26,307] {taskinstance.py:1420} INFO - Marking task as SUCCESS. dag_id=dag_etl, task_id=dim_product_line, execution_date=20230817T174119, start_date=20230817T174125, end_date=20230817T174126
[2023-08-17 17:41:26,356] {local_task_job.py:156} INFO - Task exited with return code 0
[2023-08-17 17:41:26,455] {local_task_job.py:273} INFO - 0 downstream tasks scheduled from follow-on schedule check
