[2023-08-17 17:41:20,640] {taskinstance.py:1179} INFO - Dependencies all met for <TaskInstance: dag_etl.sensor_s3_obj manual__2023-08-17T17:41:19.800552+00:00 [queued]>
[2023-08-17 17:41:20,646] {taskinstance.py:1179} INFO - Dependencies all met for <TaskInstance: dag_etl.sensor_s3_obj manual__2023-08-17T17:41:19.800552+00:00 [queued]>
[2023-08-17 17:41:20,646] {taskinstance.py:1376} INFO - 
--------------------------------------------------------------------------------
[2023-08-17 17:41:20,647] {taskinstance.py:1377} INFO - Starting attempt 1 of 6
[2023-08-17 17:41:20,647] {taskinstance.py:1378} INFO - 
--------------------------------------------------------------------------------
[2023-08-17 17:41:20,656] {taskinstance.py:1397} INFO - Executing <Task(S3KeySensor): sensor_s3_obj> on 2023-08-17 17:41:19.800552+00:00
[2023-08-17 17:41:20,660] {standard_task_runner.py:52} INFO - Started process 522 to run task
[2023-08-17 17:41:20,663] {standard_task_runner.py:79} INFO - Running: ['***', 'tasks', 'run', 'dag_etl', 'sensor_s3_obj', 'manual__2023-08-17T17:41:19.800552+00:00', '--job-id', '66', '--raw', '--subdir', 'DAGS_FOLDER/dag_etl_taskflow.py', '--cfg-path', '/tmp/tmp27kebrfo', '--error-file', '/tmp/tmp_hy67fub']
[2023-08-17 17:41:20,665] {standard_task_runner.py:80} INFO - Job 66: Subtask sensor_s3_obj
[2023-08-17 17:41:20,728] {task_command.py:371} INFO - Running <TaskInstance: dag_etl.sensor_s3_obj manual__2023-08-17T17:41:19.800552+00:00 [running]> on host 1ea22a5e1d7f
[2023-08-17 17:41:20,791] {taskinstance.py:1591} INFO - Exporting the following env vars:
AIRFLOW_CTX_DAG_OWNER=Victor
AIRFLOW_CTX_DAG_ID=dag_etl
AIRFLOW_CTX_TASK_ID=sensor_s3_obj
AIRFLOW_CTX_EXECUTION_DATE=2023-08-17T17:41:19.800552+00:00
AIRFLOW_CTX_TRY_NUMBER=1
AIRFLOW_CTX_DAG_RUN_ID=manual__2023-08-17T17:41:19.800552+00:00
[2023-08-17 17:41:20,792] {s3.py:104} INFO - Poking for key : s3://raw/raw.csv
[2023-08-17 17:41:20,802] {base.py:68} INFO - Using connection ID 'minio_conn' for task execution.
[2023-08-17 17:41:20,803] {base_aws.py:210} INFO - Credentials retrieved from extra_config
[2023-08-17 17:41:20,999] {base.py:301} INFO - Success criteria met. Exiting.
[2023-08-17 17:41:21,013] {taskinstance.py:1420} INFO - Marking task as SUCCESS. dag_id=dag_etl, task_id=sensor_s3_obj, execution_date=20230817T174119, start_date=20230817T174120, end_date=20230817T174121
[2023-08-17 17:41:21,045] {local_task_job.py:156} INFO - Task exited with return code 0
[2023-08-17 17:41:21,099] {local_task_job.py:273} INFO - 2 downstream tasks scheduled from follow-on schedule check
