[2023-05-02 15:08:21,481] {taskinstance.py:1159} INFO - Dependencies all met for <TaskInstance: dag_etl_date.rename_extracted_file manual__2023-05-02T15:08:01.844950+00:00 [queued]>
[2023-05-02 15:08:21,536] {taskinstance.py:1159} INFO - Dependencies all met for <TaskInstance: dag_etl_date.rename_extracted_file manual__2023-05-02T15:08:01.844950+00:00 [queued]>
[2023-05-02 15:08:21,537] {taskinstance.py:1356} INFO - 
--------------------------------------------------------------------------------
[2023-05-02 15:08:21,538] {taskinstance.py:1357} INFO - Starting attempt 1 of 6
[2023-05-02 15:08:21,539] {taskinstance.py:1358} INFO - 
--------------------------------------------------------------------------------
[2023-05-02 15:08:21,632] {taskinstance.py:1377} INFO - Executing <Task(_PythonDecoratedOperator): rename_extracted_file> on 2023-05-02 15:08:01.844950+00:00
[2023-05-02 15:08:21,644] {standard_task_runner.py:52} INFO - Started process 1055 to run task
[2023-05-02 15:08:21,653] {standard_task_runner.py:79} INFO - Running: ['***', 'tasks', 'run', 'dag_etl_date', 'rename_extracted_file', 'manual__2023-05-02T15:08:01.844950+00:00', '--job-id', '661', '--raw', '--subdir', 'DAGS_FOLDER/dag_etl_taskflow_date.py', '--cfg-path', '/tmp/tmpdkstn_tt', '--error-file', '/tmp/tmpiq1p3g44']
[2023-05-02 15:08:21,656] {standard_task_runner.py:80} INFO - Job 661: Subtask rename_extracted_file
[2023-05-02 15:08:22,043] {task_command.py:370} INFO - Running <TaskInstance: dag_etl_date.rename_extracted_file manual__2023-05-02T15:08:01.844950+00:00 [running]> on host 295d97741f96
[2023-05-02 15:08:22,816] {taskinstance.py:1571} INFO - Exporting the following env vars:
AIRFLOW_CTX_DAG_OWNER=Victor
AIRFLOW_CTX_DAG_ID=dag_etl_date
AIRFLOW_CTX_TASK_ID=rename_extracted_file
AIRFLOW_CTX_EXECUTION_DATE=2023-05-02T15:08:01.844950+00:00
AIRFLOW_CTX_TRY_NUMBER=1
AIRFLOW_CTX_DAG_RUN_ID=manual__2023-05-02T15:08:01.844950+00:00
[2023-05-02 15:08:22,821] {python.py:173} INFO - Done. Returned value was: /opt/***/data
[2023-05-02 15:08:23,059] {taskinstance.py:1400} INFO - Marking task as SUCCESS. dag_id=dag_etl_date, task_id=rename_extracted_file, execution_date=20230502T150801, start_date=20230502T150821, end_date=20230502T150823
[2023-05-02 15:08:23,173] {local_task_job.py:156} INFO - Task exited with return code 0
[2023-05-02 15:08:23,796] {local_task_job.py:273} INFO - 0 downstream tasks scheduled from follow-on schedule check
