[2023-08-17 17:37:52,474] {taskinstance.py:1179} INFO - Dependencies all met for <TaskInstance: dag_etl.dim_gender manual__2023-08-17T17:37:47.265781+00:00 [queued]>
[2023-08-17 17:37:52,512] {taskinstance.py:1179} INFO - Dependencies all met for <TaskInstance: dag_etl.dim_gender manual__2023-08-17T17:37:47.265781+00:00 [queued]>
[2023-08-17 17:37:52,516] {taskinstance.py:1376} INFO - 
--------------------------------------------------------------------------------
[2023-08-17 17:37:52,524] {taskinstance.py:1377} INFO - Starting attempt 1 of 6
[2023-08-17 17:37:52,524] {taskinstance.py:1378} INFO - 
--------------------------------------------------------------------------------
[2023-08-17 17:37:52,559] {taskinstance.py:1397} INFO - Executing <Task(_PythonDecoratedOperator): dim_gender> on 2023-08-17 17:37:47.265781+00:00
[2023-08-17 17:37:52,567] {standard_task_runner.py:52} INFO - Started process 330 to run task
[2023-08-17 17:37:52,578] {standard_task_runner.py:79} INFO - Running: ['***', 'tasks', 'run', 'dag_etl', 'dim_gender', 'manual__2023-08-17T17:37:47.265781+00:00', '--job-id', '58', '--raw', '--subdir', 'DAGS_FOLDER/dag_etl_taskflow.py', '--cfg-path', '/tmp/tmp5yi_wuys', '--error-file', '/tmp/tmp5zotec3z']
[2023-08-17 17:37:52,590] {standard_task_runner.py:80} INFO - Job 58: Subtask dim_gender
[2023-08-17 17:37:52,742] {task_command.py:371} INFO - Running <TaskInstance: dag_etl.dim_gender manual__2023-08-17T17:37:47.265781+00:00 [running]> on host 1ea22a5e1d7f
[2023-08-17 17:37:52,961] {taskinstance.py:1591} INFO - Exporting the following env vars:
AIRFLOW_CTX_DAG_OWNER=Victor
AIRFLOW_CTX_DAG_ID=dag_etl
AIRFLOW_CTX_TASK_ID=dim_gender
AIRFLOW_CTX_EXECUTION_DATE=2023-08-17T17:37:47.265781+00:00
AIRFLOW_CTX_TRY_NUMBER=1
AIRFLOW_CTX_DAG_RUN_ID=manual__2023-08-17T17:37:47.265781+00:00
[2023-08-17 17:37:52,996] {base.py:68} INFO - Using connection ID '***_conn' for task execution.
[2023-08-17 17:37:53,106] {python.py:173} INFO - Done. Returned value was: None
[2023-08-17 17:37:53,138] {taskinstance.py:1420} INFO - Marking task as SUCCESS. dag_id=dag_etl, task_id=dim_gender, execution_date=20230817T173747, start_date=20230817T173752, end_date=20230817T173753
[2023-08-17 17:37:53,196] {local_task_job.py:156} INFO - Task exited with return code 0
[2023-08-17 17:37:53,276] {local_task_job.py:273} INFO - 0 downstream tasks scheduled from follow-on schedule check
