[2023-05-02 13:55:37,508] {taskinstance.py:1159} INFO - Dependencies all met for <TaskInstance: dag_etl.dim_time manual__2023-05-02T13:55:16.904018+00:00 [queued]>
[2023-05-02 13:55:37,603] {taskinstance.py:1159} INFO - Dependencies all met for <TaskInstance: dag_etl.dim_time manual__2023-05-02T13:55:16.904018+00:00 [queued]>
[2023-05-02 13:55:37,608] {taskinstance.py:1356} INFO - 
--------------------------------------------------------------------------------
[2023-05-02 13:55:37,616] {taskinstance.py:1357} INFO - Starting attempt 1 of 6
[2023-05-02 13:55:37,617] {taskinstance.py:1358} INFO - 
--------------------------------------------------------------------------------
[2023-05-02 13:55:37,845] {taskinstance.py:1377} INFO - Executing <Task(_PythonDecoratedOperator): dim_time> on 2023-05-02 13:55:16.904018+00:00
[2023-05-02 13:55:37,861] {standard_task_runner.py:52} INFO - Started process 1551 to run task
[2023-05-02 13:55:37,894] {standard_task_runner.py:79} INFO - Running: ['***', 'tasks', 'run', 'dag_etl', 'dim_time', 'manual__2023-05-02T13:55:16.904018+00:00', '--job-id', '600', '--raw', '--subdir', 'DAGS_FOLDER/dag_etl_taskflow.py', '--cfg-path', '/tmp/tmpf7txv_4y', '--error-file', '/tmp/tmpasf3hz41']
[2023-05-02 13:55:37,897] {standard_task_runner.py:80} INFO - Job 600: Subtask dim_time
[2023-05-02 13:55:38,614] {task_command.py:370} INFO - Running <TaskInstance: dag_etl.dim_time manual__2023-05-02T13:55:16.904018+00:00 [running]> on host 295d97741f96
[2023-05-02 13:55:39,977] {taskinstance.py:1571} INFO - Exporting the following env vars:
AIRFLOW_CTX_DAG_OWNER=Victor
AIRFLOW_CTX_DAG_ID=dag_etl
AIRFLOW_CTX_TASK_ID=dim_time
AIRFLOW_CTX_EXECUTION_DATE=2023-05-02T13:55:16.904018+00:00
AIRFLOW_CTX_TRY_NUMBER=1
AIRFLOW_CTX_DAG_RUN_ID=manual__2023-05-02T13:55:16.904018+00:00
[2023-05-02 13:55:40,338] {base.py:68} INFO - Using connection ID 'postgres_conn' for task execution.
[2023-05-02 13:55:41,127] {python.py:173} INFO - Done. Returned value was: None
[2023-05-02 13:55:41,266] {taskinstance.py:1400} INFO - Marking task as SUCCESS. dag_id=dag_etl, task_id=dim_time, execution_date=20230502T135516, start_date=20230502T135537, end_date=20230502T135541
[2023-05-02 13:55:41,390] {local_task_job.py:156} INFO - Task exited with return code 0
[2023-05-02 13:55:41,955] {local_task_job.py:273} INFO - 0 downstream tasks scheduled from follow-on schedule check
