[2023-05-02 10:36:46,488] {taskinstance.py:1159} INFO - Dependencies all met for <TaskInstance: dag_etl.sensor_s3_obj manual__2023-05-02T10:36:33.344023+00:00 [queued]>
[2023-05-02 10:36:46,594] {taskinstance.py:1159} INFO - Dependencies all met for <TaskInstance: dag_etl.sensor_s3_obj manual__2023-05-02T10:36:33.344023+00:00 [queued]>
[2023-05-02 10:36:46,596] {taskinstance.py:1356} INFO - 
--------------------------------------------------------------------------------
[2023-05-02 10:36:46,596] {taskinstance.py:1357} INFO - Starting attempt 1 of 6
[2023-05-02 10:36:46,597] {taskinstance.py:1358} INFO - 
--------------------------------------------------------------------------------
[2023-05-02 10:36:46,784] {taskinstance.py:1377} INFO - Executing <Task(S3KeySensor): sensor_s3_obj> on 2023-05-02 10:36:33.344023+00:00
[2023-05-02 10:36:46,813] {standard_task_runner.py:52} INFO - Started process 859 to run task
[2023-05-02 10:36:46,840] {standard_task_runner.py:79} INFO - Running: ['***', 'tasks', 'run', 'dag_etl', 'sensor_s3_obj', 'manual__2023-05-02T10:36:33.344023+00:00', '--job-id', '417', '--raw', '--subdir', 'DAGS_FOLDER/dag_etl_taskflow.py', '--cfg-path', '/tmp/tmp9jciny6k', '--error-file', '/tmp/tmpp1h9m97r']
[2023-05-02 10:36:46,869] {standard_task_runner.py:80} INFO - Job 417: Subtask sensor_s3_obj
[2023-05-02 10:36:47,449] {task_command.py:370} INFO - Running <TaskInstance: dag_etl.sensor_s3_obj manual__2023-05-02T10:36:33.344023+00:00 [running]> on host 295d97741f96
[2023-05-02 10:36:48,369] {taskinstance.py:1571} INFO - Exporting the following env vars:
AIRFLOW_CTX_DAG_OWNER=Victor
AIRFLOW_CTX_DAG_ID=dag_etl
AIRFLOW_CTX_TASK_ID=sensor_s3_obj
AIRFLOW_CTX_EXECUTION_DATE=2023-05-02T10:36:33.344023+00:00
AIRFLOW_CTX_TRY_NUMBER=1
AIRFLOW_CTX_DAG_RUN_ID=manual__2023-05-02T10:36:33.344023+00:00
[2023-05-02 10:36:48,375] {s3.py:104} INFO - Poking for key : s3://raw/supermarket_sales.csv
[2023-05-02 10:36:48,471] {base.py:68} INFO - Using connection ID 'minio_conn' for task execution.
[2023-05-02 10:36:48,482] {base_aws.py:206} INFO - Credentials retrieved from login
[2023-05-02 10:36:54,149] {s3.py:104} INFO - Poking for key : s3://raw/supermarket_sales.csv
[2023-05-02 10:36:59,170] {s3.py:104} INFO - Poking for key : s3://raw/supermarket_sales.csv
[2023-05-02 10:37:04,189] {s3.py:104} INFO - Poking for key : s3://raw/supermarket_sales.csv
[2023-05-02 10:37:09,211] {s3.py:104} INFO - Poking for key : s3://raw/supermarket_sales.csv
[2023-05-02 10:37:09,287] {base.py:301} INFO - Success criteria met. Exiting.
[2023-05-02 10:37:09,744] {taskinstance.py:1400} INFO - Marking task as SUCCESS. dag_id=dag_etl, task_id=sensor_s3_obj, execution_date=20230502T103633, start_date=20230502T103646, end_date=20230502T103709
[2023-05-02 10:37:11,894] {local_task_job.py:156} INFO - Task exited with return code 0
[2023-05-02 10:37:12,862] {local_task_job.py:273} INFO - 2 downstream tasks scheduled from follow-on schedule check
