[2023-05-05 07:25:29,425] {taskinstance.py:1159} INFO - Dependencies all met for <TaskInstance: dag_etl.dim_gender manual__2023-05-05T07:24:48.889079+00:00 [queued]>
[2023-05-05 07:25:29,604] {taskinstance.py:1159} INFO - Dependencies all met for <TaskInstance: dag_etl.dim_gender manual__2023-05-05T07:24:48.889079+00:00 [queued]>
[2023-05-05 07:25:29,608] {taskinstance.py:1356} INFO - 
--------------------------------------------------------------------------------
[2023-05-05 07:25:29,609] {taskinstance.py:1357} INFO - Starting attempt 1 of 6
[2023-05-05 07:25:29,610] {taskinstance.py:1358} INFO - 
--------------------------------------------------------------------------------
[2023-05-05 07:25:30,103] {taskinstance.py:1377} INFO - Executing <Task(_PythonDecoratedOperator): dim_gender> on 2023-05-05 07:24:48.889079+00:00
[2023-05-05 07:25:30,153] {standard_task_runner.py:52} INFO - Started process 717 to run task
[2023-05-05 07:25:30,282] {standard_task_runner.py:79} INFO - Running: ['***', 'tasks', 'run', 'dag_etl', 'dim_gender', 'manual__2023-05-05T07:24:48.889079+00:00', '--job-id', '1050', '--raw', '--subdir', 'DAGS_FOLDER/dag_etl_taskflow.py', '--cfg-path', '/tmp/tmpvkb7lzkm', '--error-file', '/tmp/tmpyo4hmmve']
[2023-05-05 07:25:30,288] {standard_task_runner.py:80} INFO - Job 1050: Subtask dim_gender
[2023-05-05 07:25:32,517] {task_command.py:370} INFO - Running <TaskInstance: dag_etl.dim_gender manual__2023-05-05T07:24:48.889079+00:00 [running]> on host 295d97741f96
[2023-05-05 07:25:35,941] {taskinstance.py:1571} INFO - Exporting the following env vars:
AIRFLOW_CTX_DAG_OWNER=Victor
AIRFLOW_CTX_DAG_ID=dag_etl
AIRFLOW_CTX_TASK_ID=dim_gender
AIRFLOW_CTX_EXECUTION_DATE=2023-05-05T07:24:48.889079+00:00
AIRFLOW_CTX_TRY_NUMBER=1
AIRFLOW_CTX_DAG_RUN_ID=manual__2023-05-05T07:24:48.889079+00:00
[2023-05-05 07:25:36,638] {base.py:68} INFO - Using connection ID 'postgres_conn' for task execution.
[2023-05-05 07:25:37,753] {python.py:173} INFO - Done. Returned value was: None
[2023-05-05 07:25:38,352] {taskinstance.py:1400} INFO - Marking task as SUCCESS. dag_id=dag_etl, task_id=dim_gender, execution_date=20230505T072448, start_date=20230505T072529, end_date=20230505T072538
[2023-05-05 07:25:38,696] {local_task_job.py:156} INFO - Task exited with return code 0
[2023-05-05 07:25:39,594] {local_task_job.py:273} INFO - 0 downstream tasks scheduled from follow-on schedule check
