[2023-04-30 12:04:13,927] {taskinstance.py:1159} INFO - Dependencies all met for <TaskInstance: dag_etl.dim_date manual__2023-04-30T12:03:10.806501+00:00 [queued]>
[2023-04-30 12:04:14,002] {taskinstance.py:1159} INFO - Dependencies all met for <TaskInstance: dag_etl.dim_date manual__2023-04-30T12:03:10.806501+00:00 [queued]>
[2023-04-30 12:04:14,003] {taskinstance.py:1356} INFO - 
--------------------------------------------------------------------------------
[2023-04-30 12:04:14,004] {taskinstance.py:1357} INFO - Starting attempt 1 of 6
[2023-04-30 12:04:14,007] {taskinstance.py:1358} INFO - 
--------------------------------------------------------------------------------
[2023-04-30 12:04:14,142] {taskinstance.py:1377} INFO - Executing <Task(_PythonDecoratedOperator): dim_date> on 2023-04-30 12:03:10.806501+00:00
[2023-04-30 12:04:14,155] {standard_task_runner.py:52} INFO - Started process 1066 to run task
[2023-04-30 12:04:14,181] {standard_task_runner.py:79} INFO - Running: ['***', 'tasks', 'run', 'dag_etl', 'dim_date', 'manual__2023-04-30T12:03:10.806501+00:00', '--job-id', '285', '--raw', '--subdir', 'DAGS_FOLDER/dag_etl_taskflow.py', '--cfg-path', '/tmp/tmpxymo9its', '--error-file', '/tmp/tmpe586e2lr']
[2023-04-30 12:04:14,194] {standard_task_runner.py:80} INFO - Job 285: Subtask dim_date
[2023-04-30 12:04:14,841] {task_command.py:370} INFO - Running <TaskInstance: dag_etl.dim_date manual__2023-04-30T12:03:10.806501+00:00 [running]> on host 295d97741f96
[2023-04-30 12:04:16,083] {taskinstance.py:1571} INFO - Exporting the following env vars:
AIRFLOW_CTX_DAG_OWNER=Victor
AIRFLOW_CTX_DAG_ID=dag_etl
AIRFLOW_CTX_TASK_ID=dim_date
AIRFLOW_CTX_EXECUTION_DATE=2023-04-30T12:03:10.806501+00:00
AIRFLOW_CTX_TRY_NUMBER=1
AIRFLOW_CTX_DAG_RUN_ID=manual__2023-04-30T12:03:10.806501+00:00
[2023-04-30 12:04:31,347] {base.py:68} INFO - Using connection ID 'postgres_conn' for task execution.
[2023-04-30 12:05:02,136] {python.py:173} INFO - Done. Returned value was: None
[2023-04-30 12:05:02,524] {taskinstance.py:1400} INFO - Marking task as SUCCESS. dag_id=dag_etl, task_id=dim_date, execution_date=20230430T120310, start_date=20230430T120413, end_date=20230430T120502
[2023-04-30 12:05:02,793] {local_task_job.py:156} INFO - Task exited with return code 0
[2023-04-30 12:05:03,583] {local_task_job.py:273} INFO - 0 downstream tasks scheduled from follow-on schedule check
