[2023-04-30 07:36:57,946] {taskinstance.py:1159} INFO - Dependencies all met for <TaskInstance: dag_etl.dim_date manual__2023-04-30T07:36:08.295748+00:00 [queued]>
[2023-04-30 07:36:58,127] {taskinstance.py:1159} INFO - Dependencies all met for <TaskInstance: dag_etl.dim_date manual__2023-04-30T07:36:08.295748+00:00 [queued]>
[2023-04-30 07:36:58,130] {taskinstance.py:1356} INFO - 
--------------------------------------------------------------------------------
[2023-04-30 07:36:58,161] {taskinstance.py:1357} INFO - Starting attempt 1 of 6
[2023-04-30 07:36:58,170] {taskinstance.py:1358} INFO - 
--------------------------------------------------------------------------------
[2023-04-30 07:36:58,714] {taskinstance.py:1377} INFO - Executing <Task(_PythonDecoratedOperator): dim_date> on 2023-04-30 07:36:08.295748+00:00
[2023-04-30 07:36:58,791] {standard_task_runner.py:52} INFO - Started process 479 to run task
[2023-04-30 07:36:58,929] {standard_task_runner.py:79} INFO - Running: ['***', 'tasks', 'run', 'dag_etl', 'dim_date', 'manual__2023-04-30T07:36:08.295748+00:00', '--job-id', '114', '--raw', '--subdir', 'DAGS_FOLDER/dag_etl_taskflow.py', '--cfg-path', '/tmp/tmp5bco1u88', '--error-file', '/tmp/tmp29hkh7re']
[2023-04-30 07:36:58,953] {standard_task_runner.py:80} INFO - Job 114: Subtask dim_date
[2023-04-30 07:37:01,606] {task_command.py:370} INFO - Running <TaskInstance: dag_etl.dim_date manual__2023-04-30T07:36:08.295748+00:00 [running]> on host 295d97741f96
[2023-04-30 07:37:06,527] {taskinstance.py:1571} INFO - Exporting the following env vars:
AIRFLOW_CTX_DAG_OWNER=Victor
AIRFLOW_CTX_DAG_ID=dag_etl
AIRFLOW_CTX_TASK_ID=dim_date
AIRFLOW_CTX_EXECUTION_DATE=2023-04-30T07:36:08.295748+00:00
AIRFLOW_CTX_TRY_NUMBER=1
AIRFLOW_CTX_DAG_RUN_ID=manual__2023-04-30T07:36:08.295748+00:00
[2023-04-30 07:37:21,571] {base.py:68} INFO - Using connection ID 'postgres_conn' for task execution.
[2023-04-30 07:37:34,033] {python.py:173} INFO - Done. Returned value was: None
[2023-04-30 07:37:34,344] {taskinstance.py:1400} INFO - Marking task as SUCCESS. dag_id=dag_etl, task_id=dim_date, execution_date=20230430T073608, start_date=20230430T073657, end_date=20230430T073734
[2023-04-30 07:37:34,625] {local_task_job.py:156} INFO - Task exited with return code 0
[2023-04-30 07:37:35,436] {local_task_job.py:273} INFO - 0 downstream tasks scheduled from follow-on schedule check
