[2023-05-04 20:03:25,920] {taskinstance.py:1159} INFO - Dependencies all met for <TaskInstance: dag_etl.dim_product_line manual__2023-05-04T20:02:47.981671+00:00 [queued]>
[2023-05-04 20:03:26,052] {taskinstance.py:1159} INFO - Dependencies all met for <TaskInstance: dag_etl.dim_product_line manual__2023-05-04T20:02:47.981671+00:00 [queued]>
[2023-05-04 20:03:26,056] {taskinstance.py:1356} INFO - 
--------------------------------------------------------------------------------
[2023-05-04 20:03:26,057] {taskinstance.py:1357} INFO - Starting attempt 1 of 6
[2023-05-04 20:03:26,058] {taskinstance.py:1358} INFO - 
--------------------------------------------------------------------------------
[2023-05-04 20:03:26,185] {taskinstance.py:1377} INFO - Executing <Task(_PythonDecoratedOperator): dim_product_line> on 2023-05-04 20:02:47.981671+00:00
[2023-05-04 20:03:26,205] {standard_task_runner.py:52} INFO - Started process 626 to run task
[2023-05-04 20:03:26,224] {standard_task_runner.py:79} INFO - Running: ['***', 'tasks', 'run', 'dag_etl', 'dim_product_line', 'manual__2023-05-04T20:02:47.981671+00:00', '--job-id', '980', '--raw', '--subdir', 'DAGS_FOLDER/dag_etl_taskflow.py', '--cfg-path', '/tmp/tmpkc68emby', '--error-file', '/tmp/tmpo7ie707a']
[2023-05-04 20:03:26,235] {standard_task_runner.py:80} INFO - Job 980: Subtask dim_product_line
[2023-05-04 20:03:26,844] {task_command.py:370} INFO - Running <TaskInstance: dag_etl.dim_product_line manual__2023-05-04T20:02:47.981671+00:00 [running]> on host 295d97741f96
[2023-05-04 20:03:29,398] {taskinstance.py:1571} INFO - Exporting the following env vars:
AIRFLOW_CTX_DAG_OWNER=Victor
AIRFLOW_CTX_DAG_ID=dag_etl
AIRFLOW_CTX_TASK_ID=dim_product_line
AIRFLOW_CTX_EXECUTION_DATE=2023-05-04T20:02:47.981671+00:00
AIRFLOW_CTX_TRY_NUMBER=1
AIRFLOW_CTX_DAG_RUN_ID=manual__2023-05-04T20:02:47.981671+00:00
[2023-05-04 20:03:30,072] {base.py:68} INFO - Using connection ID 'postgres_conn' for task execution.
[2023-05-04 20:03:30,616] {python.py:173} INFO - Done. Returned value was: None
[2023-05-04 20:03:31,278] {taskinstance.py:1400} INFO - Marking task as SUCCESS. dag_id=dag_etl, task_id=dim_product_line, execution_date=20230504T200247, start_date=20230504T200325, end_date=20230504T200331
[2023-05-04 20:03:32,172] {local_task_job.py:156} INFO - Task exited with return code 0
[2023-05-04 20:03:33,096] {local_task_job.py:273} INFO - 0 downstream tasks scheduled from follow-on schedule check
