[2023-05-02 13:44:41,557] {taskinstance.py:1159} INFO - Dependencies all met for <TaskInstance: dag_etl.dim_customer_type manual__2023-05-02T13:43:58.584891+00:00 [queued]>
[2023-05-02 13:44:41,755] {taskinstance.py:1159} INFO - Dependencies all met for <TaskInstance: dag_etl.dim_customer_type manual__2023-05-02T13:43:58.584891+00:00 [queued]>
[2023-05-02 13:44:41,757] {taskinstance.py:1356} INFO - 
--------------------------------------------------------------------------------
[2023-05-02 13:44:41,757] {taskinstance.py:1357} INFO - Starting attempt 1 of 6
[2023-05-02 13:44:41,758] {taskinstance.py:1358} INFO - 
--------------------------------------------------------------------------------
[2023-05-02 13:44:42,150] {taskinstance.py:1377} INFO - Executing <Task(_PythonDecoratedOperator): dim_customer_type> on 2023-05-02 13:43:58.584891+00:00
[2023-05-02 13:44:42,190] {standard_task_runner.py:52} INFO - Started process 586 to run task
[2023-05-02 13:44:42,220] {standard_task_runner.py:79} INFO - Running: ['***', 'tasks', 'run', 'dag_etl', 'dim_customer_type', 'manual__2023-05-02T13:43:58.584891+00:00', '--job-id', '553', '--raw', '--subdir', 'DAGS_FOLDER/dag_etl_taskflow.py', '--cfg-path', '/tmp/tmp_5usame1', '--error-file', '/tmp/tmpotivfetq']
[2023-05-02 13:44:42,265] {standard_task_runner.py:80} INFO - Job 553: Subtask dim_customer_type
[2023-05-02 13:44:43,682] {task_command.py:370} INFO - Running <TaskInstance: dag_etl.dim_customer_type manual__2023-05-02T13:43:58.584891+00:00 [running]> on host 295d97741f96
[2023-05-02 13:44:48,446] {taskinstance.py:1571} INFO - Exporting the following env vars:
AIRFLOW_CTX_DAG_OWNER=Victor
AIRFLOW_CTX_DAG_ID=dag_etl
AIRFLOW_CTX_TASK_ID=dim_customer_type
AIRFLOW_CTX_EXECUTION_DATE=2023-05-02T13:43:58.584891+00:00
AIRFLOW_CTX_TRY_NUMBER=1
AIRFLOW_CTX_DAG_RUN_ID=manual__2023-05-02T13:43:58.584891+00:00
[2023-05-02 13:44:49,243] {base.py:68} INFO - Using connection ID 'postgres_conn' for task execution.
[2023-05-02 13:44:50,228] {python.py:173} INFO - Done. Returned value was: None
[2023-05-02 13:44:50,771] {taskinstance.py:1400} INFO - Marking task as SUCCESS. dag_id=dag_etl, task_id=dim_customer_type, execution_date=20230502T134358, start_date=20230502T134441, end_date=20230502T134450
[2023-05-02 13:44:51,117] {local_task_job.py:156} INFO - Task exited with return code 0
[2023-05-02 13:44:53,227] {local_task_job.py:273} INFO - 0 downstream tasks scheduled from follow-on schedule check
