[2023-04-30 08:20:22,552] {taskinstance.py:1159} INFO - Dependencies all met for <TaskInstance: dag_etl.delete_s3_obj manual__2023-04-30T08:19:33.159044+00:00 [queued]>
[2023-04-30 08:20:22,800] {taskinstance.py:1159} INFO - Dependencies all met for <TaskInstance: dag_etl.delete_s3_obj manual__2023-04-30T08:19:33.159044+00:00 [queued]>
[2023-04-30 08:20:22,806] {taskinstance.py:1356} INFO - 
--------------------------------------------------------------------------------
[2023-04-30 08:20:22,809] {taskinstance.py:1357} INFO - Starting attempt 1 of 6
[2023-04-30 08:20:22,813] {taskinstance.py:1358} INFO - 
--------------------------------------------------------------------------------
[2023-04-30 08:20:23,109] {taskinstance.py:1377} INFO - Executing <Task(S3DeleteObjectsOperator): delete_s3_obj> on 2023-04-30 08:19:33.159044+00:00
[2023-04-30 08:20:23,137] {standard_task_runner.py:52} INFO - Started process 937 to run task
[2023-04-30 08:20:23,191] {standard_task_runner.py:79} INFO - Running: ['***', 'tasks', 'run', 'dag_etl', 'delete_s3_obj', 'manual__2023-04-30T08:19:33.159044+00:00', '--job-id', '155', '--raw', '--subdir', 'DAGS_FOLDER/dag_etl_taskflow.py', '--cfg-path', '/tmp/tmpyxvjsiau', '--error-file', '/tmp/tmpnignuoig']
[2023-04-30 08:20:23,212] {standard_task_runner.py:80} INFO - Job 155: Subtask delete_s3_obj
[2023-04-30 08:20:23,999] {task_command.py:370} INFO - Running <TaskInstance: dag_etl.delete_s3_obj manual__2023-04-30T08:19:33.159044+00:00 [running]> on host 295d97741f96
[2023-04-30 08:20:25,872] {taskinstance.py:1571} INFO - Exporting the following env vars:
AIRFLOW_CTX_DAG_OWNER=Victor
AIRFLOW_CTX_DAG_ID=dag_etl
AIRFLOW_CTX_TASK_ID=delete_s3_obj
AIRFLOW_CTX_EXECUTION_DATE=2023-04-30T08:19:33.159044+00:00
AIRFLOW_CTX_TRY_NUMBER=1
AIRFLOW_CTX_DAG_RUN_ID=manual__2023-04-30T08:19:33.159044+00:00
[2023-04-30 08:20:26,117] {base.py:68} INFO - Using connection ID 'minio_conn' for task execution.
[2023-04-30 08:20:26,127] {base_aws.py:206} INFO - Credentials retrieved from login
[2023-04-30 08:20:27,909] {s3.py:841} INFO - Deleted: ['supermarket_sales.csv']
[2023-04-30 08:20:28,792] {taskinstance.py:1400} INFO - Marking task as SUCCESS. dag_id=dag_etl, task_id=delete_s3_obj, execution_date=20230430T081933, start_date=20230430T082022, end_date=20230430T082028
[2023-04-30 08:20:29,153] {local_task_job.py:156} INFO - Task exited with return code 0
[2023-04-30 08:20:31,615] {local_task_job.py:273} INFO - 0 downstream tasks scheduled from follow-on schedule check
