[2023-05-02 15:35:09,101] {taskinstance.py:1159} INFO - Dependencies all met for <TaskInstance: dag_etl_date.extract_from_s3 manual__2023-05-02T15:34:57.018665+00:00 [queued]>
[2023-05-02 15:35:09,227] {taskinstance.py:1159} INFO - Dependencies all met for <TaskInstance: dag_etl_date.extract_from_s3 manual__2023-05-02T15:34:57.018665+00:00 [queued]>
[2023-05-02 15:35:09,228] {taskinstance.py:1356} INFO - 
--------------------------------------------------------------------------------
[2023-05-02 15:35:09,229] {taskinstance.py:1357} INFO - Starting attempt 1 of 6
[2023-05-02 15:35:09,230] {taskinstance.py:1358} INFO - 
--------------------------------------------------------------------------------
[2023-05-02 15:35:09,362] {taskinstance.py:1377} INFO - Executing <Task(_PythonDecoratedOperator): extract_from_s3> on 2023-05-02 15:34:57.018665+00:00
[2023-05-02 15:35:09,372] {standard_task_runner.py:52} INFO - Started process 858 to run task
[2023-05-02 15:35:09,395] {standard_task_runner.py:79} INFO - Running: ['***', 'tasks', 'run', 'dag_etl_date', 'extract_from_s3', 'manual__2023-05-02T15:34:57.018665+00:00', '--job-id', '734', '--raw', '--subdir', 'DAGS_FOLDER/dag_etl_taskflow_date.py', '--cfg-path', '/tmp/tmpbgdw6bta', '--error-file', '/tmp/tmpigtkn9o7']
[2023-05-02 15:35:09,406] {standard_task_runner.py:80} INFO - Job 734: Subtask extract_from_s3
[2023-05-02 15:35:10,133] {task_command.py:370} INFO - Running <TaskInstance: dag_etl_date.extract_from_s3 manual__2023-05-02T15:34:57.018665+00:00 [running]> on host 295d97741f96
[2023-05-02 15:35:11,341] {taskinstance.py:1571} INFO - Exporting the following env vars:
AIRFLOW_CTX_DAG_OWNER=Victor
AIRFLOW_CTX_DAG_ID=dag_etl_date
AIRFLOW_CTX_TASK_ID=extract_from_s3
AIRFLOW_CTX_EXECUTION_DATE=2023-05-02T15:34:57.018665+00:00
AIRFLOW_CTX_TRY_NUMBER=1
AIRFLOW_CTX_DAG_RUN_ID=manual__2023-05-02T15:34:57.018665+00:00
[2023-05-02 15:35:11,354] {s3.py:861} INFO - Downloading source S3 file from Bucket raw with path supermarket_sales.csv
[2023-05-02 15:35:11,478] {base.py:68} INFO - Using connection ID 'minio_conn' for task execution.
[2023-05-02 15:35:11,489] {base_aws.py:206} INFO - Credentials retrieved from login
[2023-05-02 15:35:12,182] {python.py:173} INFO - Done. Returned value was: /opt/***/data/***_tmp_x27k9h4p
[2023-05-02 15:35:12,422] {taskinstance.py:1400} INFO - Marking task as SUCCESS. dag_id=dag_etl_date, task_id=extract_from_s3, execution_date=20230502T153457, start_date=20230502T153509, end_date=20230502T153512
[2023-05-02 15:35:12,554] {local_task_job.py:156} INFO - Task exited with return code 0
[2023-05-02 15:35:12,910] {local_task_job.py:273} INFO - 1 downstream tasks scheduled from follow-on schedule check
