[2023-05-02 13:55:55,385] {taskinstance.py:1159} INFO - Dependencies all met for <TaskInstance: dag_etl.dim_payment manual__2023-05-02T13:55:16.904018+00:00 [queued]>
[2023-05-02 13:55:55,511] {taskinstance.py:1159} INFO - Dependencies all met for <TaskInstance: dag_etl.dim_payment manual__2023-05-02T13:55:16.904018+00:00 [queued]>
[2023-05-02 13:55:55,528] {taskinstance.py:1356} INFO - 
--------------------------------------------------------------------------------
[2023-05-02 13:55:55,530] {taskinstance.py:1357} INFO - Starting attempt 1 of 6
[2023-05-02 13:55:55,532] {taskinstance.py:1358} INFO - 
--------------------------------------------------------------------------------
[2023-05-02 13:55:55,812] {taskinstance.py:1377} INFO - Executing <Task(_PythonDecoratedOperator): dim_payment> on 2023-05-02 13:55:16.904018+00:00
[2023-05-02 13:55:55,842] {standard_task_runner.py:52} INFO - Started process 1596 to run task
[2023-05-02 13:55:55,911] {standard_task_runner.py:79} INFO - Running: ['***', 'tasks', 'run', 'dag_etl', 'dim_payment', 'manual__2023-05-02T13:55:16.904018+00:00', '--job-id', '603', '--raw', '--subdir', 'DAGS_FOLDER/dag_etl_taskflow.py', '--cfg-path', '/tmp/tmpw2l24mg_', '--error-file', '/tmp/tmpa49s2avh']
[2023-05-02 13:55:55,921] {standard_task_runner.py:80} INFO - Job 603: Subtask dim_payment
[2023-05-02 13:55:57,273] {task_command.py:370} INFO - Running <TaskInstance: dag_etl.dim_payment manual__2023-05-02T13:55:16.904018+00:00 [running]> on host 295d97741f96
[2023-05-02 13:56:01,009] {taskinstance.py:1571} INFO - Exporting the following env vars:
AIRFLOW_CTX_DAG_OWNER=Victor
AIRFLOW_CTX_DAG_ID=dag_etl
AIRFLOW_CTX_TASK_ID=dim_payment
AIRFLOW_CTX_EXECUTION_DATE=2023-05-02T13:55:16.904018+00:00
AIRFLOW_CTX_TRY_NUMBER=1
AIRFLOW_CTX_DAG_RUN_ID=manual__2023-05-02T13:55:16.904018+00:00
[2023-05-02 13:56:02,122] {base.py:68} INFO - Using connection ID 'postgres_conn' for task execution.
[2023-05-02 13:56:02,862] {python.py:173} INFO - Done. Returned value was: None
[2023-05-02 13:56:04,221] {taskinstance.py:1400} INFO - Marking task as SUCCESS. dag_id=dag_etl, task_id=dim_payment, execution_date=20230502T135516, start_date=20230502T135555, end_date=20230502T135604
[2023-05-02 13:56:04,447] {local_task_job.py:156} INFO - Task exited with return code 0
[2023-05-02 13:56:05,578] {local_task_job.py:273} INFO - 0 downstream tasks scheduled from follow-on schedule check
