[2023-04-30 08:21:14,065] {taskinstance.py:1159} INFO - Dependencies all met for <TaskInstance: dag_etl.update_fact_table manual__2023-04-30T08:19:33.159044+00:00 [queued]>
[2023-04-30 08:21:14,131] {taskinstance.py:1159} INFO - Dependencies all met for <TaskInstance: dag_etl.update_fact_table manual__2023-04-30T08:19:33.159044+00:00 [queued]>
[2023-04-30 08:21:14,132] {taskinstance.py:1356} INFO - 
--------------------------------------------------------------------------------
[2023-04-30 08:21:14,133] {taskinstance.py:1357} INFO - Starting attempt 1 of 6
[2023-04-30 08:21:14,134] {taskinstance.py:1358} INFO - 
--------------------------------------------------------------------------------
[2023-04-30 08:21:14,265] {taskinstance.py:1377} INFO - Executing <Task(PostgresOperator): update_fact_table> on 2023-04-30 08:19:33.159044+00:00
[2023-04-30 08:21:14,274] {standard_task_runner.py:52} INFO - Started process 1014 to run task
[2023-04-30 08:21:14,312] {standard_task_runner.py:79} INFO - Running: ['***', 'tasks', 'run', 'dag_etl', 'update_fact_table', 'manual__2023-04-30T08:19:33.159044+00:00', '--job-id', '165', '--raw', '--subdir', 'DAGS_FOLDER/dag_etl_taskflow.py', '--cfg-path', '/tmp/tmpt_jbhfge', '--error-file', '/tmp/tmpd708mp4c']
[2023-04-30 08:21:14,315] {standard_task_runner.py:80} INFO - Job 165: Subtask update_fact_table
[2023-04-30 08:21:14,991] {task_command.py:370} INFO - Running <TaskInstance: dag_etl.update_fact_table manual__2023-04-30T08:19:33.159044+00:00 [running]> on host 295d97741f96
[2023-04-30 08:21:15,801] {taskinstance.py:1571} INFO - Exporting the following env vars:
AIRFLOW_CTX_DAG_OWNER=Victor
AIRFLOW_CTX_DAG_ID=dag_etl
AIRFLOW_CTX_TASK_ID=update_fact_table
AIRFLOW_CTX_EXECUTION_DATE=2023-04-30T08:19:33.159044+00:00
AIRFLOW_CTX_TRY_NUMBER=1
AIRFLOW_CTX_DAG_RUN_ID=manual__2023-04-30T08:19:33.159044+00:00
[2023-04-30 08:21:15,896] {base.py:68} INFO - Using connection ID 'postgres_conn' for task execution.
[2023-04-30 08:21:15,966] {dbapi.py:213} INFO - Running statement: 
            SET search_path TO nds;
            INSERT INTO fact_sales (invoice_id, branch, city, customer_type, gender,
                                    product_line, unit_price, quantity, "tax_5%", total, date,
                                    time, payment, cogs, gross_margin_percentage, gross_income, rating)
            (SELECT 
                    invoice_id, branch, city, customer_type, gender, 
                    product_line, unit_price, quantity, "tax_5%", total, date::date,
                    time, payment, cogs, gross_margin_percentage, gross_income, rating 
            FROM stage.fact_sales WHERE invoice_id NOT IN (SELECT invoice_id FROM fact_sales));
            , parameters: None
[2023-04-30 08:21:16,376] {dbapi.py:221} INFO - Rows affected: 1000
[2023-04-30 08:21:16,980] {taskinstance.py:1400} INFO - Marking task as SUCCESS. dag_id=dag_etl, task_id=update_fact_table, execution_date=20230430T081933, start_date=20230430T082114, end_date=20230430T082116
[2023-04-30 08:21:17,063] {local_task_job.py:156} INFO - Task exited with return code 0
[2023-04-30 08:21:17,305] {local_task_job.py:273} INFO - 0 downstream tasks scheduled from follow-on schedule check
