[2023-05-02 15:35:30,179] {taskinstance.py:1159} INFO - Dependencies all met for <TaskInstance: dag_etl_date.dim_payment manual__2023-05-02T15:34:57.018665+00:00 [queued]>
[2023-05-02 15:35:30,302] {taskinstance.py:1159} INFO - Dependencies all met for <TaskInstance: dag_etl_date.dim_payment manual__2023-05-02T15:34:57.018665+00:00 [queued]>
[2023-05-02 15:35:30,304] {taskinstance.py:1356} INFO - 
--------------------------------------------------------------------------------
[2023-05-02 15:35:30,305] {taskinstance.py:1357} INFO - Starting attempt 1 of 6
[2023-05-02 15:35:30,306] {taskinstance.py:1358} INFO - 
--------------------------------------------------------------------------------
[2023-05-02 15:35:30,504] {taskinstance.py:1377} INFO - Executing <Task(_PythonDecoratedOperator): dim_payment> on 2023-05-02 15:34:57.018665+00:00
[2023-05-02 15:35:30,552] {standard_task_runner.py:52} INFO - Started process 922 to run task
[2023-05-02 15:35:30,643] {standard_task_runner.py:79} INFO - Running: ['***', 'tasks', 'run', 'dag_etl_date', 'dim_payment', 'manual__2023-05-02T15:34:57.018665+00:00', '--job-id', '737', '--raw', '--subdir', 'DAGS_FOLDER/dag_etl_taskflow_date.py', '--cfg-path', '/tmp/tmp0dx98ra8', '--error-file', '/tmp/tmpkjce79cp']
[2023-05-02 15:35:30,650] {standard_task_runner.py:80} INFO - Job 737: Subtask dim_payment
[2023-05-02 15:35:31,420] {task_command.py:370} INFO - Running <TaskInstance: dag_etl_date.dim_payment manual__2023-05-02T15:34:57.018665+00:00 [running]> on host 295d97741f96
[2023-05-02 15:35:33,562] {taskinstance.py:1571} INFO - Exporting the following env vars:
AIRFLOW_CTX_DAG_OWNER=Victor
AIRFLOW_CTX_DAG_ID=dag_etl_date
AIRFLOW_CTX_TASK_ID=dim_payment
AIRFLOW_CTX_EXECUTION_DATE=2023-05-02T15:34:57.018665+00:00
AIRFLOW_CTX_TRY_NUMBER=1
AIRFLOW_CTX_DAG_RUN_ID=manual__2023-05-02T15:34:57.018665+00:00
[2023-05-02 15:35:33,967] {base.py:68} INFO - Using connection ID 'postgres_conn' for task execution.
[2023-05-02 15:35:34,774] {python.py:173} INFO - Done. Returned value was: None
[2023-05-02 15:35:35,289] {taskinstance.py:1400} INFO - Marking task as SUCCESS. dag_id=dag_etl_date, task_id=dim_payment, execution_date=20230502T153457, start_date=20230502T153530, end_date=20230502T153535
[2023-05-02 15:35:35,617] {local_task_job.py:156} INFO - Task exited with return code 0
[2023-05-02 15:35:37,313] {local_task_job.py:273} INFO - 0 downstream tasks scheduled from follow-on schedule check
