[2023-04-30 12:02:49,561] {taskinstance.py:1159} INFO - Dependencies all met for <TaskInstance: dag_etl.fact_stage scheduled__2023-04-29T00:00:00+00:00 [queued]>
[2023-04-30 12:02:49,649] {taskinstance.py:1159} INFO - Dependencies all met for <TaskInstance: dag_etl.fact_stage scheduled__2023-04-29T00:00:00+00:00 [queued]>
[2023-04-30 12:02:49,658] {taskinstance.py:1356} INFO - 
--------------------------------------------------------------------------------
[2023-04-30 12:02:49,659] {taskinstance.py:1357} INFO - Starting attempt 1 of 6
[2023-04-30 12:02:49,660] {taskinstance.py:1358} INFO - 
--------------------------------------------------------------------------------
[2023-04-30 12:02:49,870] {taskinstance.py:1377} INFO - Executing <Task(_PythonDecoratedOperator): fact_stage> on 2023-04-29 00:00:00+00:00
[2023-04-30 12:02:49,897] {standard_task_runner.py:52} INFO - Started process 918 to run task
[2023-04-30 12:02:49,933] {standard_task_runner.py:79} INFO - Running: ['***', 'tasks', 'run', 'dag_etl', 'fact_stage', 'scheduled__2023-04-29T00:00:00+00:00', '--job-id', '278', '--raw', '--subdir', 'DAGS_FOLDER/dag_etl_taskflow.py', '--cfg-path', '/tmp/tmp3fia2gzu', '--error-file', '/tmp/tmpd60hw86s']
[2023-04-30 12:02:49,947] {standard_task_runner.py:80} INFO - Job 278: Subtask fact_stage
[2023-04-30 12:02:50,356] {task_command.py:370} INFO - Running <TaskInstance: dag_etl.fact_stage scheduled__2023-04-29T00:00:00+00:00 [running]> on host 295d97741f96
[2023-04-30 12:02:51,107] {taskinstance.py:1571} INFO - Exporting the following env vars:
AIRFLOW_CTX_DAG_OWNER=Victor
AIRFLOW_CTX_DAG_ID=dag_etl
AIRFLOW_CTX_TASK_ID=fact_stage
AIRFLOW_CTX_EXECUTION_DATE=2023-04-29T00:00:00+00:00
AIRFLOW_CTX_TRY_NUMBER=1
AIRFLOW_CTX_DAG_RUN_ID=scheduled__2023-04-29T00:00:00+00:00
[2023-04-30 12:02:51,196] {base.py:68} INFO - Using connection ID 'postgres_conn' for task execution.
[2023-04-30 12:02:51,588] {base.py:68} INFO - Using connection ID 'postgres_conn' for task execution.
[2023-04-30 12:02:53,213] {python.py:173} INFO - Done. Returned value was: None
[2023-04-30 12:02:53,411] {taskinstance.py:1400} INFO - Marking task as SUCCESS. dag_id=dag_etl, task_id=fact_stage, execution_date=20230429T000000, start_date=20230430T120249, end_date=20230430T120253
[2023-04-30 12:02:53,524] {local_task_job.py:156} INFO - Task exited with return code 0
[2023-04-30 12:02:53,953] {local_task_job.py:273} INFO - 1 downstream tasks scheduled from follow-on schedule check
