[2023-05-04 20:02:52,961] {taskinstance.py:1159} INFO - Dependencies all met for <TaskInstance: dag_etl.sensor_s3_obj manual__2023-05-04T20:02:47.981671+00:00 [queued]>
[2023-05-04 20:02:53,015] {taskinstance.py:1159} INFO - Dependencies all met for <TaskInstance: dag_etl.sensor_s3_obj manual__2023-05-04T20:02:47.981671+00:00 [queued]>
[2023-05-04 20:02:53,016] {taskinstance.py:1356} INFO - 
--------------------------------------------------------------------------------
[2023-05-04 20:02:53,017] {taskinstance.py:1357} INFO - Starting attempt 1 of 6
[2023-05-04 20:02:53,018] {taskinstance.py:1358} INFO - 
--------------------------------------------------------------------------------
[2023-05-04 20:02:53,103] {taskinstance.py:1377} INFO - Executing <Task(S3KeySensor): sensor_s3_obj> on 2023-05-04 20:02:47.981671+00:00
[2023-05-04 20:02:53,115] {standard_task_runner.py:52} INFO - Started process 544 to run task
[2023-05-04 20:02:53,125] {standard_task_runner.py:79} INFO - Running: ['***', 'tasks', 'run', 'dag_etl', 'sensor_s3_obj', 'manual__2023-05-04T20:02:47.981671+00:00', '--job-id', '973', '--raw', '--subdir', 'DAGS_FOLDER/dag_etl_taskflow.py', '--cfg-path', '/tmp/tmpdbroimh7', '--error-file', '/tmp/tmpn3t5qyf6']
[2023-05-04 20:02:53,128] {standard_task_runner.py:80} INFO - Job 973: Subtask sensor_s3_obj
[2023-05-04 20:02:53,578] {task_command.py:370} INFO - Running <TaskInstance: dag_etl.sensor_s3_obj manual__2023-05-04T20:02:47.981671+00:00 [running]> on host 295d97741f96
[2023-05-04 20:02:54,225] {taskinstance.py:1571} INFO - Exporting the following env vars:
AIRFLOW_CTX_DAG_OWNER=Victor
AIRFLOW_CTX_DAG_ID=dag_etl
AIRFLOW_CTX_TASK_ID=sensor_s3_obj
AIRFLOW_CTX_EXECUTION_DATE=2023-05-04T20:02:47.981671+00:00
AIRFLOW_CTX_TRY_NUMBER=1
AIRFLOW_CTX_DAG_RUN_ID=manual__2023-05-04T20:02:47.981671+00:00
[2023-05-04 20:02:54,229] {s3.py:104} INFO - Poking for key : s3://raw/supermarket_sales.csv
[2023-05-04 20:02:54,311] {base.py:68} INFO - Using connection ID 'minio_conn' for task execution.
[2023-05-04 20:02:54,316] {base_aws.py:206} INFO - Credentials retrieved from login
[2023-05-04 20:02:54,689] {base.py:301} INFO - Success criteria met. Exiting.
[2023-05-04 20:02:54,859] {taskinstance.py:1400} INFO - Marking task as SUCCESS. dag_id=dag_etl, task_id=sensor_s3_obj, execution_date=20230504T200247, start_date=20230504T200252, end_date=20230504T200254
[2023-05-04 20:02:55,160] {local_task_job.py:156} INFO - Task exited with return code 0
[2023-05-04 20:02:55,574] {local_task_job.py:273} INFO - 2 downstream tasks scheduled from follow-on schedule check
