[2023-05-02 13:52:02,328] {taskinstance.py:1159} INFO - Dependencies all met for <TaskInstance: dag_etl.extract_from_s3 manual__2023-05-02T13:51:38.744363+00:00 [queued]>
[2023-05-02 13:52:02,462] {taskinstance.py:1159} INFO - Dependencies all met for <TaskInstance: dag_etl.extract_from_s3 manual__2023-05-02T13:51:38.744363+00:00 [queued]>
[2023-05-02 13:52:02,466] {taskinstance.py:1356} INFO - 
--------------------------------------------------------------------------------
[2023-05-02 13:52:02,468] {taskinstance.py:1357} INFO - Starting attempt 1 of 6
[2023-05-02 13:52:02,470] {taskinstance.py:1358} INFO - 
--------------------------------------------------------------------------------
[2023-05-02 13:52:02,598] {taskinstance.py:1377} INFO - Executing <Task(_PythonDecoratedOperator): extract_from_s3> on 2023-05-02 13:51:38.744363+00:00
[2023-05-02 13:52:02,626] {standard_task_runner.py:52} INFO - Started process 1205 to run task
[2023-05-02 13:52:02,671] {standard_task_runner.py:79} INFO - Running: ['***', 'tasks', 'run', 'dag_etl', 'extract_from_s3', 'manual__2023-05-02T13:51:38.744363+00:00', '--job-id', '581', '--raw', '--subdir', 'DAGS_FOLDER/dag_etl_taskflow.py', '--cfg-path', '/tmp/tmpdy4pp2dj', '--error-file', '/tmp/tmpw6i7x5r3']
[2023-05-02 13:52:02,687] {standard_task_runner.py:80} INFO - Job 581: Subtask extract_from_s3
[2023-05-02 13:52:03,305] {task_command.py:370} INFO - Running <TaskInstance: dag_etl.extract_from_s3 manual__2023-05-02T13:51:38.744363+00:00 [running]> on host 295d97741f96
[2023-05-02 13:52:04,168] {taskinstance.py:1571} INFO - Exporting the following env vars:
AIRFLOW_CTX_DAG_OWNER=Victor
AIRFLOW_CTX_DAG_ID=dag_etl
AIRFLOW_CTX_TASK_ID=extract_from_s3
AIRFLOW_CTX_EXECUTION_DATE=2023-05-02T13:51:38.744363+00:00
AIRFLOW_CTX_TRY_NUMBER=1
AIRFLOW_CTX_DAG_RUN_ID=manual__2023-05-02T13:51:38.744363+00:00
[2023-05-02 13:52:04,173] {s3.py:861} INFO - Downloading source S3 file from Bucket raw with path supermarket_sales.csv
[2023-05-02 13:52:04,272] {base.py:68} INFO - Using connection ID 'minio_conn' for task execution.
[2023-05-02 13:52:04,283] {base_aws.py:206} INFO - Credentials retrieved from login
[2023-05-02 13:52:05,030] {python.py:173} INFO - Done. Returned value was: /opt/***/data/***_tmp_vz6s5fj5
[2023-05-02 13:52:05,329] {taskinstance.py:1400} INFO - Marking task as SUCCESS. dag_id=dag_etl, task_id=extract_from_s3, execution_date=20230502T135138, start_date=20230502T135202, end_date=20230502T135205
[2023-05-02 13:52:05,479] {local_task_job.py:156} INFO - Task exited with return code 0
[2023-05-02 13:52:06,313] {local_task_job.py:273} INFO - 0 downstream tasks scheduled from follow-on schedule check
