[2023-04-30 09:06:20,748] {taskinstance.py:1159} INFO - Dependencies all met for <TaskInstance: dag_etl.dim_branch manual__2023-04-30T09:05:15.056494+00:00 [queued]>
[2023-04-30 09:06:20,916] {taskinstance.py:1159} INFO - Dependencies all met for <TaskInstance: dag_etl.dim_branch manual__2023-04-30T09:05:15.056494+00:00 [queued]>
[2023-04-30 09:06:20,918] {taskinstance.py:1356} INFO - 
--------------------------------------------------------------------------------
[2023-04-30 09:06:20,920] {taskinstance.py:1357} INFO - Starting attempt 1 of 6
[2023-04-30 09:06:20,922] {taskinstance.py:1358} INFO - 
--------------------------------------------------------------------------------
[2023-04-30 09:06:21,177] {taskinstance.py:1377} INFO - Executing <Task(_PythonDecoratedOperator): dim_branch> on 2023-04-30 09:05:15.056494+00:00
[2023-04-30 09:06:21,227] {standard_task_runner.py:52} INFO - Started process 1113 to run task
[2023-04-30 09:06:21,339] {standard_task_runner.py:79} INFO - Running: ['***', 'tasks', 'run', 'dag_etl', 'dim_branch', 'manual__2023-04-30T09:05:15.056494+00:00', '--job-id', '225', '--raw', '--subdir', 'DAGS_FOLDER/dag_etl_taskflow.py', '--cfg-path', '/tmp/tmp6rxmej9m', '--error-file', '/tmp/tmppo97oydp']
[2023-04-30 09:06:21,366] {standard_task_runner.py:80} INFO - Job 225: Subtask dim_branch
[2023-04-30 09:06:22,888] {task_command.py:370} INFO - Running <TaskInstance: dag_etl.dim_branch manual__2023-04-30T09:05:15.056494+00:00 [running]> on host 295d97741f96
[2023-04-30 09:06:26,857] {taskinstance.py:1571} INFO - Exporting the following env vars:
AIRFLOW_CTX_DAG_OWNER=Victor
AIRFLOW_CTX_DAG_ID=dag_etl
AIRFLOW_CTX_TASK_ID=dim_branch
AIRFLOW_CTX_EXECUTION_DATE=2023-04-30T09:05:15.056494+00:00
AIRFLOW_CTX_TRY_NUMBER=1
AIRFLOW_CTX_DAG_RUN_ID=manual__2023-04-30T09:05:15.056494+00:00
[2023-04-30 09:06:27,562] {base.py:68} INFO - Using connection ID 'postgres_conn' for task execution.
[2023-04-30 09:06:28,952] {python.py:173} INFO - Done. Returned value was: None
[2023-04-30 09:06:29,524] {taskinstance.py:1400} INFO - Marking task as SUCCESS. dag_id=dag_etl, task_id=dim_branch, execution_date=20230430T090515, start_date=20230430T090620, end_date=20230430T090629
[2023-04-30 09:06:29,929] {local_task_job.py:156} INFO - Task exited with return code 0
[2023-04-30 09:06:31,366] {local_task_job.py:273} INFO - 0 downstream tasks scheduled from follow-on schedule check
