[2023-05-04 20:05:41,438] {taskinstance.py:1159} INFO - Dependencies all met for <TaskInstance: dag_etl.fact_nds manual__2023-05-04T20:04:31.370742+00:00 [queued]>
[2023-05-04 20:05:41,511] {taskinstance.py:1159} INFO - Dependencies all met for <TaskInstance: dag_etl.fact_nds manual__2023-05-04T20:04:31.370742+00:00 [queued]>
[2023-05-04 20:05:41,512] {taskinstance.py:1356} INFO - 
--------------------------------------------------------------------------------
[2023-05-04 20:05:41,513] {taskinstance.py:1357} INFO - Starting attempt 1 of 6
[2023-05-04 20:05:41,515] {taskinstance.py:1358} INFO - 
--------------------------------------------------------------------------------
[2023-05-04 20:05:41,621] {taskinstance.py:1377} INFO - Executing <Task(_PythonDecoratedOperator): fact_nds> on 2023-05-04 20:04:31.370742+00:00
[2023-05-04 20:05:41,637] {standard_task_runner.py:52} INFO - Started process 869 to run task
[2023-05-04 20:05:41,655] {standard_task_runner.py:79} INFO - Running: ['***', 'tasks', 'run', 'dag_etl', 'fact_nds', 'manual__2023-05-04T20:04:31.370742+00:00', '--job-id', '1000', '--raw', '--subdir', 'DAGS_FOLDER/dag_etl_taskflow.py', '--cfg-path', '/tmp/tmpf3oys2v6', '--error-file', '/tmp/tmpf0237bwi']
[2023-05-04 20:05:41,658] {standard_task_runner.py:80} INFO - Job 1000: Subtask fact_nds
[2023-05-04 20:05:42,063] {task_command.py:370} INFO - Running <TaskInstance: dag_etl.fact_nds manual__2023-05-04T20:04:31.370742+00:00 [running]> on host 295d97741f96
[2023-05-04 20:05:42,877] {taskinstance.py:1571} INFO - Exporting the following env vars:
AIRFLOW_CTX_DAG_OWNER=Victor
AIRFLOW_CTX_DAG_ID=dag_etl
AIRFLOW_CTX_TASK_ID=fact_nds
AIRFLOW_CTX_EXECUTION_DATE=2023-05-04T20:04:31.370742+00:00
AIRFLOW_CTX_TRY_NUMBER=1
AIRFLOW_CTX_DAG_RUN_ID=manual__2023-05-04T20:04:31.370742+00:00
[2023-05-04 20:05:42,989] {base.py:68} INFO - Using connection ID 'postgres_conn' for task execution.
[2023-05-04 20:05:43,319] {base.py:68} INFO - Using connection ID 'postgres_conn' for task execution.
[2023-05-04 20:05:44,546] {python.py:173} INFO - Done. Returned value was: None
[2023-05-04 20:05:44,692] {taskinstance.py:1400} INFO - Marking task as SUCCESS. dag_id=dag_etl, task_id=fact_nds, execution_date=20230504T200431, start_date=20230504T200541, end_date=20230504T200544
[2023-05-04 20:05:44,820] {local_task_job.py:156} INFO - Task exited with return code 0
[2023-05-04 20:05:45,177] {local_task_job.py:273} INFO - 1 downstream tasks scheduled from follow-on schedule check
