[2023-05-02 13:47:46,439] {taskinstance.py:1159} INFO - Dependencies all met for <TaskInstance: dag_etl.dim_gender manual__2023-05-02T13:47:08.064702+00:00 [queued]>
[2023-05-02 13:47:46,641] {taskinstance.py:1159} INFO - Dependencies all met for <TaskInstance: dag_etl.dim_gender manual__2023-05-02T13:47:08.064702+00:00 [queued]>
[2023-05-02 13:47:46,642] {taskinstance.py:1356} INFO - 
--------------------------------------------------------------------------------
[2023-05-02 13:47:46,643] {taskinstance.py:1357} INFO - Starting attempt 1 of 6
[2023-05-02 13:47:46,645] {taskinstance.py:1358} INFO - 
--------------------------------------------------------------------------------
[2023-05-02 13:47:46,893] {taskinstance.py:1377} INFO - Executing <Task(_PythonDecoratedOperator): dim_gender> on 2023-05-02 13:47:08.064702+00:00
[2023-05-02 13:47:46,922] {standard_task_runner.py:52} INFO - Started process 871 to run task
[2023-05-02 13:47:46,960] {standard_task_runner.py:79} INFO - Running: ['***', 'tasks', 'run', 'dag_etl', 'dim_gender', 'manual__2023-05-02T13:47:08.064702+00:00', '--job-id', '568', '--raw', '--subdir', 'DAGS_FOLDER/dag_etl_taskflow.py', '--cfg-path', '/tmp/tmprjo_7i4g', '--error-file', '/tmp/tmpf0n1mjwe']
[2023-05-02 13:47:46,970] {standard_task_runner.py:80} INFO - Job 568: Subtask dim_gender
[2023-05-02 13:47:48,017] {task_command.py:370} INFO - Running <TaskInstance: dag_etl.dim_gender manual__2023-05-02T13:47:08.064702+00:00 [running]> on host 295d97741f96
[2023-05-02 13:47:49,805] {taskinstance.py:1571} INFO - Exporting the following env vars:
AIRFLOW_CTX_DAG_OWNER=Victor
AIRFLOW_CTX_DAG_ID=dag_etl
AIRFLOW_CTX_TASK_ID=dim_gender
AIRFLOW_CTX_EXECUTION_DATE=2023-05-02T13:47:08.064702+00:00
AIRFLOW_CTX_TRY_NUMBER=1
AIRFLOW_CTX_DAG_RUN_ID=manual__2023-05-02T13:47:08.064702+00:00
[2023-05-02 13:47:50,387] {base.py:68} INFO - Using connection ID 'postgres_conn' for task execution.
[2023-05-02 13:47:51,542] {python.py:173} INFO - Done. Returned value was: None
[2023-05-02 13:47:52,540] {taskinstance.py:1400} INFO - Marking task as SUCCESS. dag_id=dag_etl, task_id=dim_gender, execution_date=20230502T134708, start_date=20230502T134746, end_date=20230502T134752
[2023-05-02 13:47:53,292] {local_task_job.py:156} INFO - Task exited with return code 0
[2023-05-02 13:47:55,211] {local_task_job.py:273} INFO - 0 downstream tasks scheduled from follow-on schedule check
