[2023-05-02 11:42:27,754] {taskinstance.py:1159} INFO - Dependencies all met for <TaskInstance: dag_etl.extract_from_s3 manual__2023-05-02T11:41:45.968792+00:00 [queued]>
[2023-05-02 11:42:27,815] {taskinstance.py:1159} INFO - Dependencies all met for <TaskInstance: dag_etl.extract_from_s3 manual__2023-05-02T11:41:45.968792+00:00 [queued]>
[2023-05-02 11:42:27,817] {taskinstance.py:1356} INFO - 
--------------------------------------------------------------------------------
[2023-05-02 11:42:27,817] {taskinstance.py:1357} INFO - Starting attempt 1 of 6
[2023-05-02 11:42:27,818] {taskinstance.py:1358} INFO - 
--------------------------------------------------------------------------------
[2023-05-02 11:42:27,927] {taskinstance.py:1377} INFO - Executing <Task(_PythonDecoratedOperator): extract_from_s3> on 2023-05-02 11:41:45.968792+00:00
[2023-05-02 11:42:27,948] {standard_task_runner.py:52} INFO - Started process 667 to run task
[2023-05-02 11:42:27,972] {standard_task_runner.py:79} INFO - Running: ['***', 'tasks', 'run', 'dag_etl', 'extract_from_s3', 'manual__2023-05-02T11:41:45.968792+00:00', '--job-id', '488', '--raw', '--subdir', 'DAGS_FOLDER/dag_etl_taskflow.py', '--cfg-path', '/tmp/tmp08u08dmf', '--error-file', '/tmp/tmpe7pnnmz7']
[2023-05-02 11:42:27,980] {standard_task_runner.py:80} INFO - Job 488: Subtask extract_from_s3
[2023-05-02 11:42:28,452] {task_command.py:370} INFO - Running <TaskInstance: dag_etl.extract_from_s3 manual__2023-05-02T11:41:45.968792+00:00 [running]> on host 295d97741f96
[2023-05-02 11:42:29,188] {taskinstance.py:1571} INFO - Exporting the following env vars:
AIRFLOW_CTX_DAG_OWNER=Victor
AIRFLOW_CTX_DAG_ID=dag_etl
AIRFLOW_CTX_TASK_ID=extract_from_s3
AIRFLOW_CTX_EXECUTION_DATE=2023-05-02T11:41:45.968792+00:00
AIRFLOW_CTX_TRY_NUMBER=1
AIRFLOW_CTX_DAG_RUN_ID=manual__2023-05-02T11:41:45.968792+00:00
[2023-05-02 11:42:29,201] {s3.py:861} INFO - Downloading source S3 file from Bucket raw with path supermarket_sales.csv
[2023-05-02 11:42:29,357] {base.py:68} INFO - Using connection ID 'minio_conn' for task execution.
[2023-05-02 11:42:29,362] {base_aws.py:206} INFO - Credentials retrieved from login
[2023-05-02 11:42:30,110] {python.py:173} INFO - Done. Returned value was: /opt/***/data/***_tmp_55kflc_s
[2023-05-02 11:42:30,736] {taskinstance.py:1400} INFO - Marking task as SUCCESS. dag_id=dag_etl, task_id=extract_from_s3, execution_date=20230502T114145, start_date=20230502T114227, end_date=20230502T114230
[2023-05-02 11:42:31,193] {local_task_job.py:156} INFO - Task exited with return code 0
[2023-05-02 11:42:32,299] {local_task_job.py:273} INFO - 0 downstream tasks scheduled from follow-on schedule check
