[2023-05-04 04:56:13,679] {taskinstance.py:1159} INFO - Dependencies all met for <TaskInstance: dag_etl.dim_customer_type manual__2023-05-04T04:55:27.686156+00:00 [queued]>
[2023-05-04 04:56:13,766] {taskinstance.py:1159} INFO - Dependencies all met for <TaskInstance: dag_etl.dim_customer_type manual__2023-05-04T04:55:27.686156+00:00 [queued]>
[2023-05-04 04:56:13,768] {taskinstance.py:1356} INFO - 
--------------------------------------------------------------------------------
[2023-05-04 04:56:13,770] {taskinstance.py:1357} INFO - Starting attempt 1 of 6
[2023-05-04 04:56:13,771] {taskinstance.py:1358} INFO - 
--------------------------------------------------------------------------------
[2023-05-04 04:56:14,002] {taskinstance.py:1377} INFO - Executing <Task(_PythonDecoratedOperator): dim_customer_type> on 2023-05-04 04:55:27.686156+00:00
[2023-05-04 04:56:14,036] {standard_task_runner.py:52} INFO - Started process 579 to run task
[2023-05-04 04:56:14,089] {standard_task_runner.py:79} INFO - Running: ['***', 'tasks', 'run', 'dag_etl', 'dim_customer_type', 'manual__2023-05-04T04:55:27.686156+00:00', '--job-id', '894', '--raw', '--subdir', 'DAGS_FOLDER/dag_etl_taskflow.py', '--cfg-path', '/tmp/tmpkicz3m_n', '--error-file', '/tmp/tmpooyrqesa']
[2023-05-04 04:56:14,097] {standard_task_runner.py:80} INFO - Job 894: Subtask dim_customer_type
[2023-05-04 04:56:15,664] {task_command.py:370} INFO - Running <TaskInstance: dag_etl.dim_customer_type manual__2023-05-04T04:55:27.686156+00:00 [running]> on host 295d97741f96
[2023-05-04 04:56:17,533] {taskinstance.py:1571} INFO - Exporting the following env vars:
AIRFLOW_CTX_DAG_OWNER=Victor
AIRFLOW_CTX_DAG_ID=dag_etl
AIRFLOW_CTX_TASK_ID=dim_customer_type
AIRFLOW_CTX_EXECUTION_DATE=2023-05-04T04:55:27.686156+00:00
AIRFLOW_CTX_TRY_NUMBER=1
AIRFLOW_CTX_DAG_RUN_ID=manual__2023-05-04T04:55:27.686156+00:00
[2023-05-04 04:56:18,307] {base.py:68} INFO - Using connection ID 'postgres_conn' for task execution.
[2023-05-04 04:56:18,871] {python.py:173} INFO - Done. Returned value was: None
[2023-05-04 04:56:20,028] {taskinstance.py:1400} INFO - Marking task as SUCCESS. dag_id=dag_etl, task_id=dim_customer_type, execution_date=20230504T045527, start_date=20230504T045613, end_date=20230504T045620
[2023-05-04 04:56:20,361] {local_task_job.py:156} INFO - Task exited with return code 0
[2023-05-04 04:56:21,678] {local_task_job.py:273} INFO - 0 downstream tasks scheduled from follow-on schedule check
