[2023-04-30 12:00:56,121] {taskinstance.py:1159} INFO - Dependencies all met for <TaskInstance: dag_etl.dim_product_line manual__2023-04-30T11:58:50.689561+00:00 [queued]>
[2023-04-30 12:00:57,268] {taskinstance.py:1159} INFO - Dependencies all met for <TaskInstance: dag_etl.dim_product_line manual__2023-04-30T11:58:50.689561+00:00 [queued]>
[2023-04-30 12:00:57,293] {taskinstance.py:1356} INFO - 
--------------------------------------------------------------------------------
[2023-04-30 12:00:57,326] {taskinstance.py:1357} INFO - Starting attempt 1 of 6
[2023-04-30 12:00:57,343] {taskinstance.py:1358} INFO - 
--------------------------------------------------------------------------------
[2023-04-30 12:00:59,332] {taskinstance.py:1377} INFO - Executing <Task(_PythonDecoratedOperator): dim_product_line> on 2023-04-30 11:58:50.689561+00:00
[2023-04-30 12:00:59,548] {standard_task_runner.py:52} INFO - Started process 743 to run task
[2023-04-30 12:00:59,710] {standard_task_runner.py:79} INFO - Running: ['***', 'tasks', 'run', 'dag_etl', 'dim_product_line', 'manual__2023-04-30T11:58:50.689561+00:00', '--job-id', '264', '--raw', '--subdir', 'DAGS_FOLDER/dag_etl_taskflow.py', '--cfg-path', '/tmp/tmpuf75v_kh', '--error-file', '/tmp/tmpzz6plcf1']
[2023-04-30 12:00:59,783] {standard_task_runner.py:80} INFO - Job 264: Subtask dim_product_line
[2023-04-30 12:01:03,903] {task_command.py:370} INFO - Running <TaskInstance: dag_etl.dim_product_line manual__2023-04-30T11:58:50.689561+00:00 [running]> on host 295d97741f96
[2023-04-30 12:01:14,004] {taskinstance.py:1571} INFO - Exporting the following env vars:
AIRFLOW_CTX_DAG_OWNER=Victor
AIRFLOW_CTX_DAG_ID=dag_etl
AIRFLOW_CTX_TASK_ID=dim_product_line
AIRFLOW_CTX_EXECUTION_DATE=2023-04-30T11:58:50.689561+00:00
AIRFLOW_CTX_TRY_NUMBER=1
AIRFLOW_CTX_DAG_RUN_ID=manual__2023-04-30T11:58:50.689561+00:00
[2023-04-30 12:01:17,566] {base.py:68} INFO - Using connection ID 'postgres_conn' for task execution.
[2023-04-30 12:01:19,893] {python.py:173} INFO - Done. Returned value was: None
[2023-04-30 12:01:22,617] {taskinstance.py:1400} INFO - Marking task as SUCCESS. dag_id=dag_etl, task_id=dim_product_line, execution_date=20230430T115850, start_date=20230430T120056, end_date=20230430T120122
[2023-04-30 12:01:23,425] {local_task_job.py:156} INFO - Task exited with return code 0
[2023-04-30 12:01:25,342] {local_task_job.py:273} INFO - 1 downstream tasks scheduled from follow-on schedule check
