[2023-05-04 20:03:09,801] {taskinstance.py:1159} INFO - Dependencies all met for <TaskInstance: dag_etl.rename_extracted_file manual__2023-05-04T20:02:47.981671+00:00 [queued]>
[2023-05-04 20:03:09,863] {taskinstance.py:1159} INFO - Dependencies all met for <TaskInstance: dag_etl.rename_extracted_file manual__2023-05-04T20:02:47.981671+00:00 [queued]>
[2023-05-04 20:03:09,864] {taskinstance.py:1356} INFO - 
--------------------------------------------------------------------------------
[2023-05-04 20:03:09,865] {taskinstance.py:1357} INFO - Starting attempt 1 of 6
[2023-05-04 20:03:09,866] {taskinstance.py:1358} INFO - 
--------------------------------------------------------------------------------
[2023-05-04 20:03:09,952] {taskinstance.py:1377} INFO - Executing <Task(_PythonDecoratedOperator): rename_extracted_file> on 2023-05-04 20:02:47.981671+00:00
[2023-05-04 20:03:09,961] {standard_task_runner.py:52} INFO - Started process 581 to run task
[2023-05-04 20:03:09,971] {standard_task_runner.py:79} INFO - Running: ['***', 'tasks', 'run', 'dag_etl', 'rename_extracted_file', 'manual__2023-05-04T20:02:47.981671+00:00', '--job-id', '976', '--raw', '--subdir', 'DAGS_FOLDER/dag_etl_taskflow.py', '--cfg-path', '/tmp/tmpnohxwntc', '--error-file', '/tmp/tmpttpl2b3w']
[2023-05-04 20:03:09,973] {standard_task_runner.py:80} INFO - Job 976: Subtask rename_extracted_file
[2023-05-04 20:03:10,363] {task_command.py:370} INFO - Running <TaskInstance: dag_etl.rename_extracted_file manual__2023-05-04T20:02:47.981671+00:00 [running]> on host 295d97741f96
[2023-05-04 20:03:11,068] {taskinstance.py:1571} INFO - Exporting the following env vars:
AIRFLOW_CTX_DAG_OWNER=Victor
AIRFLOW_CTX_DAG_ID=dag_etl
AIRFLOW_CTX_TASK_ID=rename_extracted_file
AIRFLOW_CTX_EXECUTION_DATE=2023-05-04T20:02:47.981671+00:00
AIRFLOW_CTX_TRY_NUMBER=1
AIRFLOW_CTX_DAG_RUN_ID=manual__2023-05-04T20:02:47.981671+00:00
[2023-05-04 20:03:11,073] {python.py:173} INFO - Done. Returned value was: /opt/***/data
[2023-05-04 20:03:11,300] {taskinstance.py:1400} INFO - Marking task as SUCCESS. dag_id=dag_etl, task_id=rename_extracted_file, execution_date=20230504T200247, start_date=20230504T200309, end_date=20230504T200311
[2023-05-04 20:03:11,393] {local_task_job.py:156} INFO - Task exited with return code 0
[2023-05-04 20:03:11,734] {local_task_job.py:273} INFO - 7 downstream tasks scheduled from follow-on schedule check
