[2023-05-04 05:15:34,386] {taskinstance.py:1159} INFO - Dependencies all met for <TaskInstance: dag_etl.clear_data_directory manual__2023-05-04T05:14:23.870311+00:00 [queued]>
[2023-05-04 05:15:34,443] {taskinstance.py:1159} INFO - Dependencies all met for <TaskInstance: dag_etl.clear_data_directory manual__2023-05-04T05:14:23.870311+00:00 [queued]>
[2023-05-04 05:15:34,445] {taskinstance.py:1356} INFO - 
--------------------------------------------------------------------------------
[2023-05-04 05:15:34,445] {taskinstance.py:1357} INFO - Starting attempt 1 of 6
[2023-05-04 05:15:34,446] {taskinstance.py:1358} INFO - 
--------------------------------------------------------------------------------
[2023-05-04 05:15:34,530] {taskinstance.py:1377} INFO - Executing <Task(BashOperator): clear_data_directory> on 2023-05-04 05:14:23.870311+00:00
[2023-05-04 05:15:34,540] {standard_task_runner.py:52} INFO - Started process 1232 to run task
[2023-05-04 05:15:34,553] {standard_task_runner.py:79} INFO - Running: ['***', 'tasks', 'run', 'dag_etl', 'clear_data_directory', 'manual__2023-05-04T05:14:23.870311+00:00', '--job-id', '970', '--raw', '--subdir', 'DAGS_FOLDER/dag_etl_taskflow.py', '--cfg-path', '/tmp/tmpx48xxz0m', '--error-file', '/tmp/tmpkrk5ez64']
[2023-05-04 05:15:34,556] {standard_task_runner.py:80} INFO - Job 970: Subtask clear_data_directory
[2023-05-04 05:15:34,919] {task_command.py:370} INFO - Running <TaskInstance: dag_etl.clear_data_directory manual__2023-05-04T05:14:23.870311+00:00 [running]> on host 295d97741f96
[2023-05-04 05:15:35,541] {taskinstance.py:1571} INFO - Exporting the following env vars:
AIRFLOW_CTX_DAG_OWNER=Victor
AIRFLOW_CTX_DAG_ID=dag_etl
AIRFLOW_CTX_TASK_ID=clear_data_directory
AIRFLOW_CTX_EXECUTION_DATE=2023-05-04T05:14:23.870311+00:00
AIRFLOW_CTX_TRY_NUMBER=1
AIRFLOW_CTX_DAG_RUN_ID=manual__2023-05-04T05:14:23.870311+00:00
[2023-05-04 05:15:35,546] {subprocess.py:62} INFO - Tmp dir root location: 
 /tmp
[2023-05-04 05:15:35,549] {subprocess.py:74} INFO - Running command: ['bash', '-c', 'rm -rf ${pwd}data/* | echo "приехали"']
[2023-05-04 05:15:35,572] {subprocess.py:85} INFO - Output:
[2023-05-04 05:15:35,615] {subprocess.py:92} INFO - приехали
[2023-05-04 05:15:35,646] {subprocess.py:96} INFO - Command exited with return code 0
[2023-05-04 05:15:35,894] {taskinstance.py:1400} INFO - Marking task as SUCCESS. dag_id=dag_etl, task_id=clear_data_directory, execution_date=20230504T051423, start_date=20230504T051534, end_date=20230504T051535
[2023-05-04 05:15:36,010] {local_task_job.py:156} INFO - Task exited with return code 0
[2023-05-04 05:15:36,269] {local_task_job.py:273} INFO - 0 downstream tasks scheduled from follow-on schedule check
