[2023-04-30 08:21:05,716] {taskinstance.py:1159} INFO - Dependencies all met for <TaskInstance: dag_etl.fact_stage manual__2023-04-30T08:19:33.159044+00:00 [queued]>
[2023-04-30 08:21:05,776] {taskinstance.py:1159} INFO - Dependencies all met for <TaskInstance: dag_etl.fact_stage manual__2023-04-30T08:19:33.159044+00:00 [queued]>
[2023-04-30 08:21:05,778] {taskinstance.py:1356} INFO - 
--------------------------------------------------------------------------------
[2023-04-30 08:21:05,778] {taskinstance.py:1357} INFO - Starting attempt 1 of 6
[2023-04-30 08:21:05,779] {taskinstance.py:1358} INFO - 
--------------------------------------------------------------------------------
[2023-04-30 08:21:05,868] {taskinstance.py:1377} INFO - Executing <Task(_PythonDecoratedOperator): fact_stage> on 2023-04-30 08:19:33.159044+00:00
[2023-04-30 08:21:05,878] {standard_task_runner.py:52} INFO - Started process 1004 to run task
[2023-04-30 08:21:05,887] {standard_task_runner.py:79} INFO - Running: ['***', 'tasks', 'run', 'dag_etl', 'fact_stage', 'manual__2023-04-30T08:19:33.159044+00:00', '--job-id', '164', '--raw', '--subdir', 'DAGS_FOLDER/dag_etl_taskflow.py', '--cfg-path', '/tmp/tmpb1rjykhw', '--error-file', '/tmp/tmpvls90xn3']
[2023-04-30 08:21:05,890] {standard_task_runner.py:80} INFO - Job 164: Subtask fact_stage
[2023-04-30 08:21:06,245] {task_command.py:370} INFO - Running <TaskInstance: dag_etl.fact_stage manual__2023-04-30T08:19:33.159044+00:00 [running]> on host 295d97741f96
[2023-04-30 08:21:07,046] {taskinstance.py:1571} INFO - Exporting the following env vars:
AIRFLOW_CTX_DAG_OWNER=Victor
AIRFLOW_CTX_DAG_ID=dag_etl
AIRFLOW_CTX_TASK_ID=fact_stage
AIRFLOW_CTX_EXECUTION_DATE=2023-04-30T08:19:33.159044+00:00
AIRFLOW_CTX_TRY_NUMBER=1
AIRFLOW_CTX_DAG_RUN_ID=manual__2023-04-30T08:19:33.159044+00:00
[2023-04-30 08:21:07,141] {base.py:68} INFO - Using connection ID 'postgres_conn' for task execution.
[2023-04-30 08:21:07,471] {base.py:68} INFO - Using connection ID 'postgres_conn' for task execution.
[2023-04-30 08:21:08,862] {python.py:173} INFO - Done. Returned value was: None
[2023-04-30 08:21:09,059] {taskinstance.py:1400} INFO - Marking task as SUCCESS. dag_id=dag_etl, task_id=fact_stage, execution_date=20230430T081933, start_date=20230430T082105, end_date=20230430T082109
[2023-04-30 08:21:09,193] {local_task_job.py:156} INFO - Task exited with return code 0
[2023-04-30 08:21:09,528] {local_task_job.py:273} INFO - 1 downstream tasks scheduled from follow-on schedule check
