[2023-08-17 17:37:52,196] {taskinstance.py:1179} INFO - Dependencies all met for <TaskInstance: dag_etl.dim_customer_type manual__2023-08-17T17:37:47.265781+00:00 [queued]>
[2023-08-17 17:37:52,218] {taskinstance.py:1179} INFO - Dependencies all met for <TaskInstance: dag_etl.dim_customer_type manual__2023-08-17T17:37:47.265781+00:00 [queued]>
[2023-08-17 17:37:52,221] {taskinstance.py:1376} INFO - 
--------------------------------------------------------------------------------
[2023-08-17 17:37:52,221] {taskinstance.py:1377} INFO - Starting attempt 1 of 6
[2023-08-17 17:37:52,222] {taskinstance.py:1378} INFO - 
--------------------------------------------------------------------------------
[2023-08-17 17:37:52,237] {taskinstance.py:1397} INFO - Executing <Task(_PythonDecoratedOperator): dim_customer_type> on 2023-08-17 17:37:47.265781+00:00
[2023-08-17 17:37:52,246] {standard_task_runner.py:52} INFO - Started process 328 to run task
[2023-08-17 17:37:52,258] {standard_task_runner.py:79} INFO - Running: ['***', 'tasks', 'run', 'dag_etl', 'dim_customer_type', 'manual__2023-08-17T17:37:47.265781+00:00', '--job-id', '56', '--raw', '--subdir', 'DAGS_FOLDER/dag_etl_taskflow.py', '--cfg-path', '/tmp/tmpqu96x6k5', '--error-file', '/tmp/tmposak1bta']
[2023-08-17 17:37:52,263] {standard_task_runner.py:80} INFO - Job 56: Subtask dim_customer_type
[2023-08-17 17:37:52,484] {task_command.py:371} INFO - Running <TaskInstance: dag_etl.dim_customer_type manual__2023-08-17T17:37:47.265781+00:00 [running]> on host 1ea22a5e1d7f
[2023-08-17 17:37:52,702] {taskinstance.py:1591} INFO - Exporting the following env vars:
AIRFLOW_CTX_DAG_OWNER=Victor
AIRFLOW_CTX_DAG_ID=dag_etl
AIRFLOW_CTX_TASK_ID=dim_customer_type
AIRFLOW_CTX_EXECUTION_DATE=2023-08-17T17:37:47.265781+00:00
AIRFLOW_CTX_TRY_NUMBER=1
AIRFLOW_CTX_DAG_RUN_ID=manual__2023-08-17T17:37:47.265781+00:00
[2023-08-17 17:37:52,751] {base.py:68} INFO - Using connection ID '***_conn' for task execution.
[2023-08-17 17:37:52,881] {python.py:173} INFO - Done. Returned value was: None
[2023-08-17 17:37:52,909] {taskinstance.py:1420} INFO - Marking task as SUCCESS. dag_id=dag_etl, task_id=dim_customer_type, execution_date=20230817T173747, start_date=20230817T173752, end_date=20230817T173752
[2023-08-17 17:37:52,954] {local_task_job.py:156} INFO - Task exited with return code 0
[2023-08-17 17:37:53,030] {local_task_job.py:273} INFO - 0 downstream tasks scheduled from follow-on schedule check
