[2023-05-04 04:55:46,079] {taskinstance.py:1159} INFO - Dependencies all met for <TaskInstance: dag_etl.extract_from_s3 manual__2023-05-04T04:55:27.686156+00:00 [queued]>
[2023-05-04 04:55:46,272] {taskinstance.py:1159} INFO - Dependencies all met for <TaskInstance: dag_etl.extract_from_s3 manual__2023-05-04T04:55:27.686156+00:00 [queued]>
[2023-05-04 04:55:46,280] {taskinstance.py:1356} INFO - 
--------------------------------------------------------------------------------
[2023-05-04 04:55:46,282] {taskinstance.py:1357} INFO - Starting attempt 1 of 6
[2023-05-04 04:55:46,285] {taskinstance.py:1358} INFO - 
--------------------------------------------------------------------------------
[2023-05-04 04:55:46,666] {taskinstance.py:1377} INFO - Executing <Task(_PythonDecoratedOperator): extract_from_s3> on 2023-05-04 04:55:27.686156+00:00
[2023-05-04 04:55:46,713] {standard_task_runner.py:52} INFO - Started process 516 to run task
[2023-05-04 04:55:46,748] {standard_task_runner.py:79} INFO - Running: ['***', 'tasks', 'run', 'dag_etl', 'extract_from_s3', 'manual__2023-05-04T04:55:27.686156+00:00', '--job-id', '887', '--raw', '--subdir', 'DAGS_FOLDER/dag_etl_taskflow.py', '--cfg-path', '/tmp/tmp8zyvtzod', '--error-file', '/tmp/tmpd6noby52']
[2023-05-04 04:55:46,767] {standard_task_runner.py:80} INFO - Job 887: Subtask extract_from_s3
[2023-05-04 04:55:47,779] {task_command.py:370} INFO - Running <TaskInstance: dag_etl.extract_from_s3 manual__2023-05-04T04:55:27.686156+00:00 [running]> on host 295d97741f96
[2023-05-04 04:55:49,401] {taskinstance.py:1571} INFO - Exporting the following env vars:
AIRFLOW_CTX_DAG_OWNER=Victor
AIRFLOW_CTX_DAG_ID=dag_etl
AIRFLOW_CTX_TASK_ID=extract_from_s3
AIRFLOW_CTX_EXECUTION_DATE=2023-05-04T04:55:27.686156+00:00
AIRFLOW_CTX_TRY_NUMBER=1
AIRFLOW_CTX_DAG_RUN_ID=manual__2023-05-04T04:55:27.686156+00:00
[2023-05-04 04:55:49,414] {s3.py:861} INFO - Downloading source S3 file from Bucket raw with path supermarket_sales.csv
[2023-05-04 04:55:49,556] {base.py:68} INFO - Using connection ID 'minio_conn' for task execution.
[2023-05-04 04:55:49,561] {base_aws.py:206} INFO - Credentials retrieved from login
[2023-05-04 04:55:50,739] {python.py:173} INFO - Done. Returned value was: /opt/***/data/***_tmp_8him4hif
[2023-05-04 04:55:51,113] {taskinstance.py:1400} INFO - Marking task as SUCCESS. dag_id=dag_etl, task_id=extract_from_s3, execution_date=20230504T045527, start_date=20230504T045546, end_date=20230504T045551
[2023-05-04 04:55:51,235] {local_task_job.py:156} INFO - Task exited with return code 0
[2023-05-04 04:55:51,663] {local_task_job.py:273} INFO - 1 downstream tasks scheduled from follow-on schedule check
