[2023-05-03 18:35:34,990] {taskinstance.py:1159} INFO - Dependencies all met for <TaskInstance: dag_etl.dim_city manual__2023-05-03T18:34:59.697678+00:00 [queued]>
[2023-05-03 18:35:35,274] {taskinstance.py:1159} INFO - Dependencies all met for <TaskInstance: dag_etl.dim_city manual__2023-05-03T18:34:59.697678+00:00 [queued]>
[2023-05-03 18:35:35,275] {taskinstance.py:1356} INFO - 
--------------------------------------------------------------------------------
[2023-05-03 18:35:35,277] {taskinstance.py:1357} INFO - Starting attempt 1 of 6
[2023-05-03 18:35:35,278] {taskinstance.py:1358} INFO - 
--------------------------------------------------------------------------------
[2023-05-03 18:35:35,521] {taskinstance.py:1377} INFO - Executing <Task(_PythonDecoratedOperator): dim_city> on 2023-05-03 18:34:59.697678+00:00
[2023-05-03 18:35:35,546] {standard_task_runner.py:52} INFO - Started process 535 to run task
[2023-05-03 18:35:35,585] {standard_task_runner.py:79} INFO - Running: ['***', 'tasks', 'run', 'dag_etl', 'dim_city', 'manual__2023-05-03T18:34:59.697678+00:00', '--job-id', '859', '--raw', '--subdir', 'DAGS_FOLDER/dag_etl_taskflow.py', '--cfg-path', '/tmp/tmp2q7inm6b', '--error-file', '/tmp/tmpys6qkzdl']
[2023-05-03 18:35:35,604] {standard_task_runner.py:80} INFO - Job 859: Subtask dim_city
[2023-05-03 18:35:37,695] {task_command.py:370} INFO - Running <TaskInstance: dag_etl.dim_city manual__2023-05-03T18:34:59.697678+00:00 [running]> on host 295d97741f96
[2023-05-03 18:35:42,856] {taskinstance.py:1571} INFO - Exporting the following env vars:
AIRFLOW_CTX_DAG_OWNER=Victor
AIRFLOW_CTX_DAG_ID=dag_etl
AIRFLOW_CTX_TASK_ID=dim_city
AIRFLOW_CTX_EXECUTION_DATE=2023-05-03T18:34:59.697678+00:00
AIRFLOW_CTX_TRY_NUMBER=1
AIRFLOW_CTX_DAG_RUN_ID=manual__2023-05-03T18:34:59.697678+00:00
[2023-05-03 18:35:43,722] {base.py:68} INFO - Using connection ID 'postgres_conn' for task execution.
[2023-05-03 18:35:44,440] {python.py:173} INFO - Done. Returned value was: None
[2023-05-03 18:35:44,954] {taskinstance.py:1400} INFO - Marking task as SUCCESS. dag_id=dag_etl, task_id=dim_city, execution_date=20230503T183459, start_date=20230503T183534, end_date=20230503T183544
[2023-05-03 18:35:45,197] {local_task_job.py:156} INFO - Task exited with return code 0
[2023-05-03 18:35:45,730] {local_task_job.py:273} INFO - 0 downstream tasks scheduled from follow-on schedule check
