[2023-05-05 05:33:59,191] {taskinstance.py:1159} INFO - Dependencies all met for <TaskInstance: dag_etl.fact_nds manual__2023-05-05T05:32:51.253337+00:00 [queued]>
[2023-05-05 05:33:59,305] {taskinstance.py:1159} INFO - Dependencies all met for <TaskInstance: dag_etl.fact_nds manual__2023-05-05T05:32:51.253337+00:00 [queued]>
[2023-05-05 05:33:59,308] {taskinstance.py:1356} INFO - 
--------------------------------------------------------------------------------
[2023-05-05 05:33:59,309] {taskinstance.py:1357} INFO - Starting attempt 1 of 6
[2023-05-05 05:33:59,310] {taskinstance.py:1358} INFO - 
--------------------------------------------------------------------------------
[2023-05-05 05:33:59,405] {taskinstance.py:1377} INFO - Executing <Task(_PythonDecoratedOperator): fact_nds> on 2023-05-05 05:32:51.253337+00:00
[2023-05-05 05:33:59,418] {standard_task_runner.py:52} INFO - Started process 715 to run task
[2023-05-05 05:33:59,440] {standard_task_runner.py:79} INFO - Running: ['***', 'tasks', 'run', 'dag_etl', 'fact_nds', 'manual__2023-05-05T05:32:51.253337+00:00', '--job-id', '1037', '--raw', '--subdir', 'DAGS_FOLDER/dag_etl_taskflow.py', '--cfg-path', '/tmp/tmpltg3ntac', '--error-file', '/tmp/tmpfl_sgaqt']
[2023-05-05 05:33:59,443] {standard_task_runner.py:80} INFO - Job 1037: Subtask fact_nds
[2023-05-05 05:33:59,835] {task_command.py:370} INFO - Running <TaskInstance: dag_etl.fact_nds manual__2023-05-05T05:32:51.253337+00:00 [running]> on host 295d97741f96
[2023-05-05 05:34:00,543] {taskinstance.py:1571} INFO - Exporting the following env vars:
AIRFLOW_CTX_DAG_OWNER=Victor
AIRFLOW_CTX_DAG_ID=dag_etl
AIRFLOW_CTX_TASK_ID=fact_nds
AIRFLOW_CTX_EXECUTION_DATE=2023-05-05T05:32:51.253337+00:00
AIRFLOW_CTX_TRY_NUMBER=1
AIRFLOW_CTX_DAG_RUN_ID=manual__2023-05-05T05:32:51.253337+00:00
[2023-05-05 05:34:00,646] {base.py:68} INFO - Using connection ID 'postgres_conn' for task execution.
[2023-05-05 05:34:01,096] {base.py:68} INFO - Using connection ID 'postgres_conn' for task execution.
[2023-05-05 05:34:02,387] {python.py:173} INFO - Done. Returned value was: None
[2023-05-05 05:34:02,517] {taskinstance.py:1400} INFO - Marking task as SUCCESS. dag_id=dag_etl, task_id=fact_nds, execution_date=20230505T053251, start_date=20230505T053359, end_date=20230505T053402
[2023-05-05 05:34:02,613] {local_task_job.py:156} INFO - Task exited with return code 0
[2023-05-05 05:34:02,981] {local_task_job.py:273} INFO - 1 downstream tasks scheduled from follow-on schedule check
