[2023-05-02 17:02:07,788] {taskinstance.py:1159} INFO - Dependencies all met for <TaskInstance: dag_etl.dim_gender manual__2023-05-02T17:01:11.067259+00:00 [queued]>
[2023-05-02 17:02:07,907] {taskinstance.py:1159} INFO - Dependencies all met for <TaskInstance: dag_etl.dim_gender manual__2023-05-02T17:01:11.067259+00:00 [queued]>
[2023-05-02 17:02:07,917] {taskinstance.py:1356} INFO - 
--------------------------------------------------------------------------------
[2023-05-02 17:02:07,921] {taskinstance.py:1357} INFO - Starting attempt 1 of 6
[2023-05-02 17:02:07,925] {taskinstance.py:1358} INFO - 
--------------------------------------------------------------------------------
[2023-05-02 17:02:08,230] {taskinstance.py:1377} INFO - Executing <Task(_PythonDecoratedOperator): dim_gender> on 2023-05-02 17:01:11.067259+00:00
[2023-05-02 17:02:08,311] {standard_task_runner.py:52} INFO - Started process 1524 to run task
[2023-05-02 17:02:08,330] {standard_task_runner.py:79} INFO - Running: ['***', 'tasks', 'run', 'dag_etl', 'dim_gender', 'manual__2023-05-02T17:01:11.067259+00:00', '--job-id', '813', '--raw', '--subdir', 'DAGS_FOLDER/dag_etl_taskflow.py', '--cfg-path', '/tmp/tmpcuq4ad3r', '--error-file', '/tmp/tmp_h69tvif']
[2023-05-02 17:02:08,340] {standard_task_runner.py:80} INFO - Job 813: Subtask dim_gender
[2023-05-02 17:02:10,646] {task_command.py:370} INFO - Running <TaskInstance: dag_etl.dim_gender manual__2023-05-02T17:01:11.067259+00:00 [running]> on host 295d97741f96
[2023-05-02 17:02:15,267] {taskinstance.py:1571} INFO - Exporting the following env vars:
AIRFLOW_CTX_DAG_OWNER=Victor
AIRFLOW_CTX_DAG_ID=dag_etl
AIRFLOW_CTX_TASK_ID=dim_gender
AIRFLOW_CTX_EXECUTION_DATE=2023-05-02T17:01:11.067259+00:00
AIRFLOW_CTX_TRY_NUMBER=1
AIRFLOW_CTX_DAG_RUN_ID=manual__2023-05-02T17:01:11.067259+00:00
[2023-05-02 17:02:16,511] {base.py:68} INFO - Using connection ID 'postgres_conn' for task execution.
[2023-05-02 17:02:17,202] {python.py:173} INFO - Done. Returned value was: None
[2023-05-02 17:02:17,890] {taskinstance.py:1400} INFO - Marking task as SUCCESS. dag_id=dag_etl, task_id=dim_gender, execution_date=20230502T170111, start_date=20230502T170207, end_date=20230502T170217
[2023-05-02 17:02:18,272] {local_task_job.py:156} INFO - Task exited with return code 0
[2023-05-02 17:02:19,775] {local_task_job.py:273} INFO - 0 downstream tasks scheduled from follow-on schedule check
