[2023-04-30 17:53:46,901] {taskinstance.py:1159} INFO - Dependencies all met for <TaskInstance: dag_etl.dim_gender manual__2023-04-30T17:52:03.144971+00:00 [queued]>
[2023-04-30 17:53:47,543] {taskinstance.py:1159} INFO - Dependencies all met for <TaskInstance: dag_etl.dim_gender manual__2023-04-30T17:52:03.144971+00:00 [queued]>
[2023-04-30 17:53:47,551] {taskinstance.py:1356} INFO - 
--------------------------------------------------------------------------------
[2023-04-30 17:53:47,556] {taskinstance.py:1357} INFO - Starting attempt 1 of 6
[2023-04-30 17:53:47,559] {taskinstance.py:1358} INFO - 
--------------------------------------------------------------------------------
[2023-04-30 17:53:48,148] {taskinstance.py:1377} INFO - Executing <Task(_PythonDecoratedOperator): dim_gender> on 2023-04-30 17:52:03.144971+00:00
[2023-04-30 17:53:48,178] {standard_task_runner.py:52} INFO - Started process 746 to run task
[2023-04-30 17:53:48,216] {standard_task_runner.py:79} INFO - Running: ['***', 'tasks', 'run', 'dag_etl', 'dim_gender', 'manual__2023-04-30T17:52:03.144971+00:00', '--job-id', '334', '--raw', '--subdir', 'DAGS_FOLDER/dag_etl_taskflow.py', '--cfg-path', '/tmp/tmpqpremv3i', '--error-file', '/tmp/tmpv7lmwpu7']
[2023-04-30 17:53:48,235] {standard_task_runner.py:80} INFO - Job 334: Subtask dim_gender
[2023-04-30 17:53:49,320] {task_command.py:370} INFO - Running <TaskInstance: dag_etl.dim_gender manual__2023-04-30T17:52:03.144971+00:00 [running]> on host 295d97741f96
[2023-04-30 17:54:07,456] {taskinstance.py:1571} INFO - Exporting the following env vars:
AIRFLOW_CTX_DAG_OWNER=Victor
AIRFLOW_CTX_DAG_ID=dag_etl
AIRFLOW_CTX_TASK_ID=dim_gender
AIRFLOW_CTX_EXECUTION_DATE=2023-04-30T17:52:03.144971+00:00
AIRFLOW_CTX_TRY_NUMBER=1
AIRFLOW_CTX_DAG_RUN_ID=manual__2023-04-30T17:52:03.144971+00:00
[2023-04-30 17:54:09,294] {base.py:68} INFO - Using connection ID 'postgres_conn' for task execution.
[2023-04-30 17:54:11,663] {python.py:173} INFO - Done. Returned value was: None
[2023-04-30 17:54:16,662] {taskinstance.py:1400} INFO - Marking task as SUCCESS. dag_id=dag_etl, task_id=dim_gender, execution_date=20230430T175203, start_date=20230430T175346, end_date=20230430T175416
[2023-04-30 17:54:17,637] {local_task_job.py:156} INFO - Task exited with return code 0
[2023-04-30 17:54:20,953] {local_task_job.py:273} INFO - 1 downstream tasks scheduled from follow-on schedule check
