[2023-08-17 17:41:29,846] {taskinstance.py:1179} INFO - Dependencies all met for <TaskInstance: dag_etl.update_fact_table manual__2023-08-17T17:41:19.800552+00:00 [queued]>
[2023-08-17 17:41:29,853] {taskinstance.py:1179} INFO - Dependencies all met for <TaskInstance: dag_etl.update_fact_table manual__2023-08-17T17:41:19.800552+00:00 [queued]>
[2023-08-17 17:41:29,853] {taskinstance.py:1376} INFO - 
--------------------------------------------------------------------------------
[2023-08-17 17:41:29,853] {taskinstance.py:1377} INFO - Starting attempt 1 of 6
[2023-08-17 17:41:29,853] {taskinstance.py:1378} INFO - 
--------------------------------------------------------------------------------
[2023-08-17 17:41:29,862] {taskinstance.py:1397} INFO - Executing <Task(PostgresOperator): update_fact_table> on 2023-08-17 17:41:19.800552+00:00
[2023-08-17 17:41:29,866] {standard_task_runner.py:52} INFO - Started process 563 to run task
[2023-08-17 17:41:29,870] {standard_task_runner.py:79} INFO - Running: ['***', 'tasks', 'run', 'dag_etl', 'update_fact_table', 'manual__2023-08-17T17:41:19.800552+00:00', '--job-id', '79', '--raw', '--subdir', 'DAGS_FOLDER/dag_etl_taskflow.py', '--cfg-path', '/tmp/tmpydt2gqx3', '--error-file', '/tmp/tmpz6tdtg2s']
[2023-08-17 17:41:29,871] {standard_task_runner.py:80} INFO - Job 79: Subtask update_fact_table
[2023-08-17 17:41:29,929] {task_command.py:371} INFO - Running <TaskInstance: dag_etl.update_fact_table manual__2023-08-17T17:41:19.800552+00:00 [running]> on host 1ea22a5e1d7f
[2023-08-17 17:41:29,992] {taskinstance.py:1591} INFO - Exporting the following env vars:
AIRFLOW_CTX_DAG_OWNER=Victor
AIRFLOW_CTX_DAG_ID=dag_etl
AIRFLOW_CTX_TASK_ID=update_fact_table
AIRFLOW_CTX_EXECUTION_DATE=2023-08-17T17:41:19.800552+00:00
AIRFLOW_CTX_TRY_NUMBER=1
AIRFLOW_CTX_DAG_RUN_ID=manual__2023-08-17T17:41:19.800552+00:00
[2023-08-17 17:41:30,002] {base.py:68} INFO - Using connection ID '***_conn' for task execution.
[2023-08-17 17:41:30,014] {dbapi.py:231} INFO - Running statement: 
            SET search_path TO dds;
            
            --// Обновляем таблицу с фактом свежей таблицей с фактами из stage //--
            INSERT INTO fact_sales (invoice_id, branch, city, customer_type, gender,
                                    product_line, unit_price, quantity, "tax_5%", total, date,
                                    time, payment, cogs, gross_margin_percentage, gross_income, rating)
            (SELECT 
                    distinct invoice_id, branch, city, customer_type, gender, 
                    product_line, unit_price, quantity, "tax_5%", total, date::date,
                    time, payment, cogs, gross_margin_percentage, gross_income, rating 
            FROM nds.fact_sales WHERE invoice_id NOT IN (SELECT distinct invoice_id FROM fact_sales));
            , parameters: None
[2023-08-17 17:41:30,018] {dbapi.py:239} INFO - Rows affected: 0
[2023-08-17 17:41:30,033] {taskinstance.py:1420} INFO - Marking task as SUCCESS. dag_id=dag_etl, task_id=update_fact_table, execution_date=20230817T174119, start_date=20230817T174129, end_date=20230817T174130
[2023-08-17 17:41:30,083] {local_task_job.py:156} INFO - Task exited with return code 0
[2023-08-17 17:41:30,125] {local_task_job.py:273} INFO - 1 downstream tasks scheduled from follow-on schedule check
