[2023-04-30 09:00:15,856] {taskinstance.py:1159} INFO - Dependencies all met for <TaskInstance: dag_etl.dim_date manual__2023-04-30T08:59:26.372167+00:00 [queued]>
[2023-04-30 09:00:16,123] {taskinstance.py:1159} INFO - Dependencies all met for <TaskInstance: dag_etl.dim_date manual__2023-04-30T08:59:26.372167+00:00 [queued]>
[2023-04-30 09:00:16,134] {taskinstance.py:1356} INFO - 
--------------------------------------------------------------------------------
[2023-04-30 09:00:16,151] {taskinstance.py:1357} INFO - Starting attempt 1 of 6
[2023-04-30 09:00:16,174] {taskinstance.py:1358} INFO - 
--------------------------------------------------------------------------------
[2023-04-30 09:00:16,548] {taskinstance.py:1377} INFO - Executing <Task(_PythonDecoratedOperator): dim_date> on 2023-04-30 08:59:26.372167+00:00
[2023-04-30 09:00:16,611] {standard_task_runner.py:52} INFO - Started process 487 to run task
[2023-04-30 09:00:16,625] {standard_task_runner.py:79} INFO - Running: ['***', 'tasks', 'run', 'dag_etl', 'dim_date', 'manual__2023-04-30T08:59:26.372167+00:00', '--job-id', '172', '--raw', '--subdir', 'DAGS_FOLDER/dag_etl_taskflow.py', '--cfg-path', '/tmp/tmp9a2swi0g', '--error-file', '/tmp/tmpknr2uajd']
[2023-04-30 09:00:16,639] {standard_task_runner.py:80} INFO - Job 172: Subtask dim_date
[2023-04-30 09:00:17,961] {task_command.py:370} INFO - Running <TaskInstance: dag_etl.dim_date manual__2023-04-30T08:59:26.372167+00:00 [running]> on host 295d97741f96
[2023-04-30 09:00:20,569] {taskinstance.py:1571} INFO - Exporting the following env vars:
AIRFLOW_CTX_DAG_OWNER=Victor
AIRFLOW_CTX_DAG_ID=dag_etl
AIRFLOW_CTX_TASK_ID=dim_date
AIRFLOW_CTX_EXECUTION_DATE=2023-04-30T08:59:26.372167+00:00
AIRFLOW_CTX_TRY_NUMBER=1
AIRFLOW_CTX_DAG_RUN_ID=manual__2023-04-30T08:59:26.372167+00:00
[2023-04-30 09:00:39,874] {base.py:68} INFO - Using connection ID 'postgres_conn' for task execution.
[2023-04-30 09:00:52,186] {python.py:173} INFO - Done. Returned value was: None
[2023-04-30 09:00:52,299] {taskinstance.py:1400} INFO - Marking task as SUCCESS. dag_id=dag_etl, task_id=dim_date, execution_date=20230430T085926, start_date=20230430T090015, end_date=20230430T090052
[2023-04-30 09:00:52,435] {local_task_job.py:156} INFO - Task exited with return code 0
[2023-04-30 09:00:53,195] {local_task_job.py:273} INFO - 0 downstream tasks scheduled from follow-on schedule check
