[2023-05-02 13:52:28,812] {taskinstance.py:1159} INFO - Dependencies all met for <TaskInstance: dag_etl.dim_branch manual__2023-05-02T13:51:38.744363+00:00 [queued]>
[2023-05-02 13:52:28,964] {taskinstance.py:1159} INFO - Dependencies all met for <TaskInstance: dag_etl.dim_branch manual__2023-05-02T13:51:38.744363+00:00 [queued]>
[2023-05-02 13:52:28,967] {taskinstance.py:1356} INFO - 
--------------------------------------------------------------------------------
[2023-05-02 13:52:28,969] {taskinstance.py:1357} INFO - Starting attempt 1 of 6
[2023-05-02 13:52:28,972] {taskinstance.py:1358} INFO - 
--------------------------------------------------------------------------------
[2023-05-02 13:52:29,197] {taskinstance.py:1377} INFO - Executing <Task(_PythonDecoratedOperator): dim_branch> on 2023-05-02 13:51:38.744363+00:00
[2023-05-02 13:52:29,227] {standard_task_runner.py:52} INFO - Started process 1277 to run task
[2023-05-02 13:52:29,245] {standard_task_runner.py:79} INFO - Running: ['***', 'tasks', 'run', 'dag_etl', 'dim_branch', 'manual__2023-05-02T13:51:38.744363+00:00', '--job-id', '587', '--raw', '--subdir', 'DAGS_FOLDER/dag_etl_taskflow.py', '--cfg-path', '/tmp/tmpcatye9l0', '--error-file', '/tmp/tmp6p391ovv']
[2023-05-02 13:52:29,257] {standard_task_runner.py:80} INFO - Job 587: Subtask dim_branch
[2023-05-02 13:52:30,093] {task_command.py:370} INFO - Running <TaskInstance: dag_etl.dim_branch manual__2023-05-02T13:51:38.744363+00:00 [running]> on host 295d97741f96
[2023-05-02 13:52:32,116] {taskinstance.py:1571} INFO - Exporting the following env vars:
AIRFLOW_CTX_DAG_OWNER=Victor
AIRFLOW_CTX_DAG_ID=dag_etl
AIRFLOW_CTX_TASK_ID=dim_branch
AIRFLOW_CTX_EXECUTION_DATE=2023-05-02T13:51:38.744363+00:00
AIRFLOW_CTX_TRY_NUMBER=1
AIRFLOW_CTX_DAG_RUN_ID=manual__2023-05-02T13:51:38.744363+00:00
[2023-05-02 13:52:33,103] {base.py:68} INFO - Using connection ID 'postgres_conn' for task execution.
[2023-05-02 13:52:33,863] {python.py:173} INFO - Done. Returned value was: None
[2023-05-02 13:52:34,843] {taskinstance.py:1400} INFO - Marking task as SUCCESS. dag_id=dag_etl, task_id=dim_branch, execution_date=20230502T135138, start_date=20230502T135228, end_date=20230502T135234
[2023-05-02 13:52:35,974] {local_task_job.py:156} INFO - Task exited with return code 0
[2023-05-02 13:52:38,492] {local_task_job.py:273} INFO - 0 downstream tasks scheduled from follow-on schedule check
