[2023-05-03 18:35:32,942] {taskinstance.py:1159} INFO - Dependencies all met for <TaskInstance: dag_etl.dim_gender manual__2023-05-03T18:34:59.697678+00:00 [queued]>
[2023-05-03 18:35:33,146] {taskinstance.py:1159} INFO - Dependencies all met for <TaskInstance: dag_etl.dim_gender manual__2023-05-03T18:34:59.697678+00:00 [queued]>
[2023-05-03 18:35:33,148] {taskinstance.py:1356} INFO - 
--------------------------------------------------------------------------------
[2023-05-03 18:35:33,149] {taskinstance.py:1357} INFO - Starting attempt 1 of 6
[2023-05-03 18:35:33,150] {taskinstance.py:1358} INFO - 
--------------------------------------------------------------------------------
[2023-05-03 18:35:33,539] {taskinstance.py:1377} INFO - Executing <Task(_PythonDecoratedOperator): dim_gender> on 2023-05-03 18:34:59.697678+00:00
[2023-05-03 18:35:33,570] {standard_task_runner.py:52} INFO - Started process 529 to run task
[2023-05-03 18:35:33,631] {standard_task_runner.py:79} INFO - Running: ['***', 'tasks', 'run', 'dag_etl', 'dim_gender', 'manual__2023-05-03T18:34:59.697678+00:00', '--job-id', '857', '--raw', '--subdir', 'DAGS_FOLDER/dag_etl_taskflow.py', '--cfg-path', '/tmp/tmpphvnbgkx', '--error-file', '/tmp/tmp6cv3_4z6']
[2023-05-03 18:35:33,674] {standard_task_runner.py:80} INFO - Job 857: Subtask dim_gender
[2023-05-03 18:35:35,027] {task_command.py:370} INFO - Running <TaskInstance: dag_etl.dim_gender manual__2023-05-03T18:34:59.697678+00:00 [running]> on host 295d97741f96
[2023-05-03 18:35:37,598] {taskinstance.py:1571} INFO - Exporting the following env vars:
AIRFLOW_CTX_DAG_OWNER=Victor
AIRFLOW_CTX_DAG_ID=dag_etl
AIRFLOW_CTX_TASK_ID=dim_gender
AIRFLOW_CTX_EXECUTION_DATE=2023-05-03T18:34:59.697678+00:00
AIRFLOW_CTX_TRY_NUMBER=1
AIRFLOW_CTX_DAG_RUN_ID=manual__2023-05-03T18:34:59.697678+00:00
[2023-05-03 18:35:38,511] {base.py:68} INFO - Using connection ID 'postgres_conn' for task execution.
[2023-05-03 18:35:39,980] {python.py:173} INFO - Done. Returned value was: None
[2023-05-03 18:35:41,081] {taskinstance.py:1400} INFO - Marking task as SUCCESS. dag_id=dag_etl, task_id=dim_gender, execution_date=20230503T183459, start_date=20230503T183532, end_date=20230503T183541
[2023-05-03 18:35:41,519] {local_task_job.py:156} INFO - Task exited with return code 0
[2023-05-03 18:35:43,378] {local_task_job.py:273} INFO - 0 downstream tasks scheduled from follow-on schedule check
