[2023-05-05 07:30:03,442] {taskinstance.py:1159} INFO - Dependencies all met for <TaskInstance: dag_etl.dim_gender manual__2023-05-05T07:29:23.640537+00:00 [queued]>
[2023-05-05 07:30:03,669] {taskinstance.py:1159} INFO - Dependencies all met for <TaskInstance: dag_etl.dim_gender manual__2023-05-05T07:29:23.640537+00:00 [queued]>
[2023-05-05 07:30:03,671] {taskinstance.py:1356} INFO - 
--------------------------------------------------------------------------------
[2023-05-05 07:30:03,673] {taskinstance.py:1357} INFO - Starting attempt 1 of 6
[2023-05-05 07:30:03,674] {taskinstance.py:1358} INFO - 
--------------------------------------------------------------------------------
[2023-05-05 07:30:03,902] {taskinstance.py:1377} INFO - Executing <Task(_PythonDecoratedOperator): dim_gender> on 2023-05-05 07:29:23.640537+00:00
[2023-05-05 07:30:03,942] {standard_task_runner.py:52} INFO - Started process 1108 to run task
[2023-05-05 07:30:03,973] {standard_task_runner.py:79} INFO - Running: ['***', 'tasks', 'run', 'dag_etl', 'dim_gender', 'manual__2023-05-05T07:29:23.640537+00:00', '--job-id', '1067', '--raw', '--subdir', 'DAGS_FOLDER/dag_etl_taskflow.py', '--cfg-path', '/tmp/tmpkvpdeo16', '--error-file', '/tmp/tmp14rm4b4n']
[2023-05-05 07:30:03,976] {standard_task_runner.py:80} INFO - Job 1067: Subtask dim_gender
[2023-05-05 07:30:05,285] {task_command.py:370} INFO - Running <TaskInstance: dag_etl.dim_gender manual__2023-05-05T07:29:23.640537+00:00 [running]> on host 295d97741f96
[2023-05-05 07:30:09,834] {taskinstance.py:1571} INFO - Exporting the following env vars:
AIRFLOW_CTX_DAG_OWNER=Victor
AIRFLOW_CTX_DAG_ID=dag_etl
AIRFLOW_CTX_TASK_ID=dim_gender
AIRFLOW_CTX_EXECUTION_DATE=2023-05-05T07:29:23.640537+00:00
AIRFLOW_CTX_TRY_NUMBER=1
AIRFLOW_CTX_DAG_RUN_ID=manual__2023-05-05T07:29:23.640537+00:00
[2023-05-05 07:30:10,548] {base.py:68} INFO - Using connection ID 'postgres_conn' for task execution.
[2023-05-05 07:30:11,349] {python.py:173} INFO - Done. Returned value was: None
[2023-05-05 07:30:13,127] {taskinstance.py:1400} INFO - Marking task as SUCCESS. dag_id=dag_etl, task_id=dim_gender, execution_date=20230505T072923, start_date=20230505T073003, end_date=20230505T073013
[2023-05-05 07:30:13,329] {local_task_job.py:156} INFO - Task exited with return code 0
[2023-05-05 07:30:14,172] {local_task_job.py:273} INFO - 0 downstream tasks scheduled from follow-on schedule check
