[2023-05-02 17:07:54,234] {taskinstance.py:1159} INFO - Dependencies all met for <TaskInstance: dag_etl.delete_s3_obj manual__2023-05-02T17:07:23.457042+00:00 [queued]>
[2023-05-02 17:07:54,670] {taskinstance.py:1159} INFO - Dependencies all met for <TaskInstance: dag_etl.delete_s3_obj manual__2023-05-02T17:07:23.457042+00:00 [queued]>
[2023-05-02 17:07:54,674] {taskinstance.py:1356} INFO - 
--------------------------------------------------------------------------------
[2023-05-02 17:07:54,676] {taskinstance.py:1357} INFO - Starting attempt 1 of 6
[2023-05-02 17:07:54,682] {taskinstance.py:1358} INFO - 
--------------------------------------------------------------------------------
[2023-05-02 17:07:55,190] {taskinstance.py:1377} INFO - Executing <Task(S3DeleteObjectsOperator): delete_s3_obj> on 2023-05-02 17:07:23.457042+00:00
[2023-05-02 17:07:55,275] {standard_task_runner.py:52} INFO - Started process 2002 to run task
[2023-05-02 17:07:55,314] {standard_task_runner.py:79} INFO - Running: ['***', 'tasks', 'run', 'dag_etl', 'delete_s3_obj', 'manual__2023-05-02T17:07:23.457042+00:00', '--job-id', '827', '--raw', '--subdir', 'DAGS_FOLDER/dag_etl_taskflow.py', '--cfg-path', '/tmp/tmpfoslpqlj', '--error-file', '/tmp/tmp4k1_105j']
[2023-05-02 17:07:55,347] {standard_task_runner.py:80} INFO - Job 827: Subtask delete_s3_obj
[2023-05-02 17:07:58,130] {task_command.py:370} INFO - Running <TaskInstance: dag_etl.delete_s3_obj manual__2023-05-02T17:07:23.457042+00:00 [running]> on host 295d97741f96
[2023-05-02 17:08:01,736] {taskinstance.py:1571} INFO - Exporting the following env vars:
AIRFLOW_CTX_DAG_OWNER=Victor
AIRFLOW_CTX_DAG_ID=dag_etl
AIRFLOW_CTX_TASK_ID=delete_s3_obj
AIRFLOW_CTX_EXECUTION_DATE=2023-05-02T17:07:23.457042+00:00
AIRFLOW_CTX_TRY_NUMBER=1
AIRFLOW_CTX_DAG_RUN_ID=manual__2023-05-02T17:07:23.457042+00:00
[2023-05-02 17:08:02,147] {base.py:68} INFO - Using connection ID 'minio_conn' for task execution.
[2023-05-02 17:08:02,161] {base_aws.py:206} INFO - Credentials retrieved from login
[2023-05-02 17:08:03,634] {s3.py:841} INFO - Deleted: ['supermarket_sales.csv']
[2023-05-02 17:08:04,310] {taskinstance.py:1400} INFO - Marking task as SUCCESS. dag_id=dag_etl, task_id=delete_s3_obj, execution_date=20230502T170723, start_date=20230502T170754, end_date=20230502T170804
[2023-05-02 17:08:05,398] {local_task_job.py:156} INFO - Task exited with return code 0
[2023-05-02 17:08:06,146] {local_task_job.py:273} INFO - 0 downstream tasks scheduled from follow-on schedule check
