[2023-05-04 04:56:48,446] {taskinstance.py:1159} INFO - Dependencies all met for <TaskInstance: dag_etl.clear_data_directory manual__2023-05-04T04:55:27.686156+00:00 [queued]>
[2023-05-04 04:56:48,516] {taskinstance.py:1159} INFO - Dependencies all met for <TaskInstance: dag_etl.clear_data_directory manual__2023-05-04T04:55:27.686156+00:00 [queued]>
[2023-05-04 04:56:48,517] {taskinstance.py:1356} INFO - 
--------------------------------------------------------------------------------
[2023-05-04 04:56:48,518] {taskinstance.py:1357} INFO - Starting attempt 1 of 6
[2023-05-04 04:56:48,519] {taskinstance.py:1358} INFO - 
--------------------------------------------------------------------------------
[2023-05-04 04:56:48,610] {taskinstance.py:1377} INFO - Executing <Task(BashOperator): clear_data_directory> on 2023-05-04 04:55:27.686156+00:00
[2023-05-04 04:56:48,627] {standard_task_runner.py:52} INFO - Started process 640 to run task
[2023-05-04 04:56:48,646] {standard_task_runner.py:79} INFO - Running: ['***', 'tasks', 'run', 'dag_etl', 'clear_data_directory', 'manual__2023-05-04T04:55:27.686156+00:00', '--job-id', '899', '--raw', '--subdir', 'DAGS_FOLDER/dag_etl_taskflow.py', '--cfg-path', '/tmp/tmpsl9n_we3', '--error-file', '/tmp/tmpjen29z1f']
[2023-05-04 04:56:48,649] {standard_task_runner.py:80} INFO - Job 899: Subtask clear_data_directory
[2023-05-04 04:56:49,221] {task_command.py:370} INFO - Running <TaskInstance: dag_etl.clear_data_directory manual__2023-05-04T04:55:27.686156+00:00 [running]> on host 295d97741f96
[2023-05-04 04:56:49,865] {taskinstance.py:1571} INFO - Exporting the following env vars:
AIRFLOW_CTX_DAG_OWNER=Victor
AIRFLOW_CTX_DAG_ID=dag_etl
AIRFLOW_CTX_TASK_ID=clear_data_directory
AIRFLOW_CTX_EXECUTION_DATE=2023-05-04T04:55:27.686156+00:00
AIRFLOW_CTX_TRY_NUMBER=1
AIRFLOW_CTX_DAG_RUN_ID=manual__2023-05-04T04:55:27.686156+00:00
[2023-05-04 04:56:49,873] {subprocess.py:62} INFO - Tmp dir root location: 
 /tmp
[2023-05-04 04:56:49,876] {subprocess.py:74} INFO - Running command: ['bash', '-c', 'rm -rf ${pwd}data/* | echo "приехали"']
[2023-05-04 04:56:49,898] {subprocess.py:85} INFO - Output:
[2023-05-04 04:56:49,952] {subprocess.py:92} INFO - приехали
[2023-05-04 04:56:49,991] {subprocess.py:96} INFO - Command exited with return code 0
[2023-05-04 04:56:50,282] {taskinstance.py:1400} INFO - Marking task as SUCCESS. dag_id=dag_etl, task_id=clear_data_directory, execution_date=20230504T045527, start_date=20230504T045648, end_date=20230504T045650
[2023-05-04 04:56:50,399] {local_task_job.py:156} INFO - Task exited with return code 0
[2023-05-04 04:56:50,654] {local_task_job.py:273} INFO - 0 downstream tasks scheduled from follow-on schedule check
