[2023-05-04 05:12:57,788] {taskinstance.py:1159} INFO - Dependencies all met for <TaskInstance: dag_etl.dim_payment scheduled__2023-05-03T00:00:00+00:00 [queued]>
[2023-05-04 05:12:58,702] {taskinstance.py:1159} INFO - Dependencies all met for <TaskInstance: dag_etl.dim_payment scheduled__2023-05-03T00:00:00+00:00 [queued]>
[2023-05-04 05:12:58,709] {taskinstance.py:1356} INFO - 
--------------------------------------------------------------------------------
[2023-05-04 05:12:58,724] {taskinstance.py:1357} INFO - Starting attempt 1 of 6
[2023-05-04 05:12:58,726] {taskinstance.py:1358} INFO - 
--------------------------------------------------------------------------------
[2023-05-04 05:12:59,742] {taskinstance.py:1377} INFO - Executing <Task(_PythonDecoratedOperator): dim_payment> on 2023-05-03 00:00:00+00:00
[2023-05-04 05:12:59,844] {standard_task_runner.py:52} INFO - Started process 983 to run task
[2023-05-04 05:12:59,928] {standard_task_runner.py:79} INFO - Running: ['***', 'tasks', 'run', 'dag_etl', 'dim_payment', 'scheduled__2023-05-03T00:00:00+00:00', '--job-id', '949', '--raw', '--subdir', 'DAGS_FOLDER/dag_etl_taskflow.py', '--cfg-path', '/tmp/tmps5ugnxrz', '--error-file', '/tmp/tmp3fciox_v']
[2023-05-04 05:13:00,013] {standard_task_runner.py:80} INFO - Job 949: Subtask dim_payment
[2023-05-04 05:13:01,382] {task_command.py:370} INFO - Running <TaskInstance: dag_etl.dim_payment scheduled__2023-05-03T00:00:00+00:00 [running]> on host 295d97741f96
[2023-05-04 05:13:06,533] {taskinstance.py:1571} INFO - Exporting the following env vars:
AIRFLOW_CTX_DAG_OWNER=Victor
AIRFLOW_CTX_DAG_ID=dag_etl
AIRFLOW_CTX_TASK_ID=dim_payment
AIRFLOW_CTX_EXECUTION_DATE=2023-05-03T00:00:00+00:00
AIRFLOW_CTX_TRY_NUMBER=1
AIRFLOW_CTX_DAG_RUN_ID=scheduled__2023-05-03T00:00:00+00:00
[2023-05-04 05:13:09,280] {base.py:68} INFO - Using connection ID 'postgres_conn' for task execution.
[2023-05-04 05:13:11,760] {python.py:173} INFO - Done. Returned value was: None
[2023-05-04 05:13:18,907] {taskinstance.py:1400} INFO - Marking task as SUCCESS. dag_id=dag_etl, task_id=dim_payment, execution_date=20230503T000000, start_date=20230504T051257, end_date=20230504T051318
[2023-05-04 05:13:20,145] {local_task_job.py:156} INFO - Task exited with return code 0
[2023-05-04 05:13:22,744] {local_task_job.py:273} INFO - 0 downstream tasks scheduled from follow-on schedule check
