[2023-05-02 17:07:51,693] {taskinstance.py:1159} INFO - Dependencies all met for <TaskInstance: dag_etl.dim_payment manual__2023-05-02T17:07:23.457042+00:00 [queued]>
[2023-05-02 17:07:51,868] {taskinstance.py:1159} INFO - Dependencies all met for <TaskInstance: dag_etl.dim_payment manual__2023-05-02T17:07:23.457042+00:00 [queued]>
[2023-05-02 17:07:51,871] {taskinstance.py:1356} INFO - 
--------------------------------------------------------------------------------
[2023-05-02 17:07:51,872] {taskinstance.py:1357} INFO - Starting attempt 1 of 6
[2023-05-02 17:07:51,874] {taskinstance.py:1358} INFO - 
--------------------------------------------------------------------------------
[2023-05-02 17:07:52,134] {taskinstance.py:1377} INFO - Executing <Task(_PythonDecoratedOperator): dim_payment> on 2023-05-02 17:07:23.457042+00:00
[2023-05-02 17:07:52,156] {standard_task_runner.py:52} INFO - Started process 1995 to run task
[2023-05-02 17:07:52,182] {standard_task_runner.py:79} INFO - Running: ['***', 'tasks', 'run', 'dag_etl', 'dim_payment', 'manual__2023-05-02T17:07:23.457042+00:00', '--job-id', '825', '--raw', '--subdir', 'DAGS_FOLDER/dag_etl_taskflow.py', '--cfg-path', '/tmp/tmpmv8greo_', '--error-file', '/tmp/tmpjfp2i70t']
[2023-05-02 17:07:52,198] {standard_task_runner.py:80} INFO - Job 825: Subtask dim_payment
[2023-05-02 17:07:53,676] {task_command.py:370} INFO - Running <TaskInstance: dag_etl.dim_payment manual__2023-05-02T17:07:23.457042+00:00 [running]> on host 295d97741f96
[2023-05-02 17:07:57,468] {taskinstance.py:1571} INFO - Exporting the following env vars:
AIRFLOW_CTX_DAG_OWNER=Victor
AIRFLOW_CTX_DAG_ID=dag_etl
AIRFLOW_CTX_TASK_ID=dim_payment
AIRFLOW_CTX_EXECUTION_DATE=2023-05-02T17:07:23.457042+00:00
AIRFLOW_CTX_TRY_NUMBER=1
AIRFLOW_CTX_DAG_RUN_ID=manual__2023-05-02T17:07:23.457042+00:00
[2023-05-02 17:07:58,236] {base.py:68} INFO - Using connection ID 'postgres_conn' for task execution.
[2023-05-02 17:07:59,542] {python.py:173} INFO - Done. Returned value was: None
[2023-05-02 17:08:00,371] {taskinstance.py:1400} INFO - Marking task as SUCCESS. dag_id=dag_etl, task_id=dim_payment, execution_date=20230502T170723, start_date=20230502T170751, end_date=20230502T170800
[2023-05-02 17:08:00,865] {local_task_job.py:156} INFO - Task exited with return code 0
[2023-05-02 17:08:03,217] {local_task_job.py:273} INFO - 0 downstream tasks scheduled from follow-on schedule check
