[2023-05-02 10:41:10,112] {taskinstance.py:1159} INFO - Dependencies all met for <TaskInstance: dag_etl.clear_data_directory manual__2023-05-02T10:39:49.817893+00:00 [queued]>
[2023-05-02 10:41:10,235] {taskinstance.py:1159} INFO - Dependencies all met for <TaskInstance: dag_etl.clear_data_directory manual__2023-05-02T10:39:49.817893+00:00 [queued]>
[2023-05-02 10:41:10,241] {taskinstance.py:1356} INFO - 
--------------------------------------------------------------------------------
[2023-05-02 10:41:10,242] {taskinstance.py:1357} INFO - Starting attempt 1 of 6
[2023-05-02 10:41:10,243] {taskinstance.py:1358} INFO - 
--------------------------------------------------------------------------------
[2023-05-02 10:41:10,359] {taskinstance.py:1377} INFO - Executing <Task(BashOperator): clear_data_directory> on 2023-05-02 10:39:49.817893+00:00
[2023-05-02 10:41:10,369] {standard_task_runner.py:52} INFO - Started process 1392 to run task
[2023-05-02 10:41:10,378] {standard_task_runner.py:79} INFO - Running: ['***', 'tasks', 'run', 'dag_etl', 'clear_data_directory', 'manual__2023-05-02T10:39:49.817893+00:00', '--job-id', '466', '--raw', '--subdir', 'DAGS_FOLDER/dag_etl_taskflow.py', '--cfg-path', '/tmp/tmprcrxcj7e', '--error-file', '/tmp/tmp6yhrmrem']
[2023-05-02 10:41:10,381] {standard_task_runner.py:80} INFO - Job 466: Subtask clear_data_directory
[2023-05-02 10:41:10,765] {task_command.py:370} INFO - Running <TaskInstance: dag_etl.clear_data_directory manual__2023-05-02T10:39:49.817893+00:00 [running]> on host 295d97741f96
[2023-05-02 10:41:11,474] {taskinstance.py:1571} INFO - Exporting the following env vars:
AIRFLOW_CTX_DAG_OWNER=Victor
AIRFLOW_CTX_DAG_ID=dag_etl
AIRFLOW_CTX_TASK_ID=clear_data_directory
AIRFLOW_CTX_EXECUTION_DATE=2023-05-02T10:39:49.817893+00:00
AIRFLOW_CTX_TRY_NUMBER=1
AIRFLOW_CTX_DAG_RUN_ID=manual__2023-05-02T10:39:49.817893+00:00
[2023-05-02 10:41:11,481] {subprocess.py:62} INFO - Tmp dir root location: 
 /tmp
[2023-05-02 10:41:11,491] {subprocess.py:74} INFO - Running command: ['bash', '-c', 'rm -rf ${pwd}data/* | ❯ echo "приехали"']
[2023-05-02 10:41:11,530] {subprocess.py:85} INFO - Output:
[2023-05-02 10:41:11,584] {subprocess.py:92} INFO - bash: line 1: ❯: command not found
[2023-05-02 10:41:11,615] {subprocess.py:96} INFO - Command exited with return code 127
[2023-05-02 10:41:11,735] {taskinstance.py:1889} ERROR - Task failed with exception
Traceback (most recent call last):
  File "/home/airflow/.local/lib/python3.7/site-packages/airflow/operators/bash.py", line 195, in execute
    f'Bash command failed. The command returned a non-zero exit code {result.exit_code}.'
airflow.exceptions.AirflowException: Bash command failed. The command returned a non-zero exit code 127.
[2023-05-02 10:41:11,753] {taskinstance.py:1400} INFO - Marking task as UP_FOR_RETRY. dag_id=dag_etl, task_id=clear_data_directory, execution_date=20230502T103949, start_date=20230502T104110, end_date=20230502T104111
[2023-05-02 10:41:11,835] {standard_task_runner.py:97} ERROR - Failed to execute job 466 for task clear_data_directory (Bash command failed. The command returned a non-zero exit code 127.; 1392)
[2023-05-02 10:41:11,887] {local_task_job.py:156} INFO - Task exited with return code 1
[2023-05-02 10:41:12,153] {local_task_job.py:273} INFO - 0 downstream tasks scheduled from follow-on schedule check
