[2023-05-03 18:44:55,598] {taskinstance.py:1159} INFO - Dependencies all met for <TaskInstance: dag_etl.fact_nds manual__2023-05-03T18:43:51.079238+00:00 [queued]>
[2023-05-03 18:44:55,660] {taskinstance.py:1159} INFO - Dependencies all met for <TaskInstance: dag_etl.fact_nds manual__2023-05-03T18:43:51.079238+00:00 [queued]>
[2023-05-03 18:44:55,661] {taskinstance.py:1356} INFO - 
--------------------------------------------------------------------------------
[2023-05-03 18:44:55,662] {taskinstance.py:1357} INFO - Starting attempt 1 of 6
[2023-05-03 18:44:55,663] {taskinstance.py:1358} INFO - 
--------------------------------------------------------------------------------
[2023-05-03 18:44:55,757] {taskinstance.py:1377} INFO - Executing <Task(_PythonDecoratedOperator): fact_nds> on 2023-05-03 18:43:51.079238+00:00
[2023-05-03 18:44:55,767] {standard_task_runner.py:52} INFO - Started process 1271 to run task
[2023-05-03 18:44:55,776] {standard_task_runner.py:79} INFO - Running: ['***', 'tasks', 'run', 'dag_etl', 'fact_nds', 'manual__2023-05-03T18:43:51.079238+00:00', '--job-id', '880', '--raw', '--subdir', 'DAGS_FOLDER/dag_etl_taskflow.py', '--cfg-path', '/tmp/tmp2wgpbq13', '--error-file', '/tmp/tmpl0phw53m']
[2023-05-03 18:44:55,780] {standard_task_runner.py:80} INFO - Job 880: Subtask fact_nds
[2023-05-03 18:44:56,180] {task_command.py:370} INFO - Running <TaskInstance: dag_etl.fact_nds manual__2023-05-03T18:43:51.079238+00:00 [running]> on host 295d97741f96
[2023-05-03 18:44:56,933] {taskinstance.py:1571} INFO - Exporting the following env vars:
AIRFLOW_CTX_DAG_OWNER=Victor
AIRFLOW_CTX_DAG_ID=dag_etl
AIRFLOW_CTX_TASK_ID=fact_nds
AIRFLOW_CTX_EXECUTION_DATE=2023-05-03T18:43:51.079238+00:00
AIRFLOW_CTX_TRY_NUMBER=1
AIRFLOW_CTX_DAG_RUN_ID=manual__2023-05-03T18:43:51.079238+00:00
[2023-05-03 18:44:57,020] {base.py:68} INFO - Using connection ID 'postgres_conn' for task execution.
[2023-05-03 18:44:57,338] {base.py:68} INFO - Using connection ID 'postgres_conn' for task execution.
[2023-05-03 18:44:58,484] {python.py:173} INFO - Done. Returned value was: None
[2023-05-03 18:44:58,639] {taskinstance.py:1400} INFO - Marking task as SUCCESS. dag_id=dag_etl, task_id=fact_nds, execution_date=20230503T184351, start_date=20230503T184455, end_date=20230503T184458
[2023-05-03 18:44:58,750] {local_task_job.py:156} INFO - Task exited with return code 0
[2023-05-03 18:44:59,276] {local_task_job.py:273} INFO - 0 downstream tasks scheduled from follow-on schedule check
