[2023-04-30 17:53:06,254] {taskinstance.py:1159} INFO - Dependencies all met for <TaskInstance: dag_etl.dim_time manual__2023-04-30T17:52:03.144971+00:00 [queued]>
[2023-04-30 17:53:06,358] {taskinstance.py:1159} INFO - Dependencies all met for <TaskInstance: dag_etl.dim_time manual__2023-04-30T17:52:03.144971+00:00 [queued]>
[2023-04-30 17:53:06,360] {taskinstance.py:1356} INFO - 
--------------------------------------------------------------------------------
[2023-04-30 17:53:06,367] {taskinstance.py:1357} INFO - Starting attempt 1 of 6
[2023-04-30 17:53:06,368] {taskinstance.py:1358} INFO - 
--------------------------------------------------------------------------------
[2023-04-30 17:53:06,637] {taskinstance.py:1377} INFO - Executing <Task(_PythonDecoratedOperator): dim_time> on 2023-04-30 17:52:03.144971+00:00
[2023-04-30 17:53:06,663] {standard_task_runner.py:52} INFO - Started process 688 to run task
[2023-04-30 17:53:06,707] {standard_task_runner.py:79} INFO - Running: ['***', 'tasks', 'run', 'dag_etl', 'dim_time', 'manual__2023-04-30T17:52:03.144971+00:00', '--job-id', '332', '--raw', '--subdir', 'DAGS_FOLDER/dag_etl_taskflow.py', '--cfg-path', '/tmp/tmpor933vkx', '--error-file', '/tmp/tmprhl88c2c']
[2023-04-30 17:53:06,724] {standard_task_runner.py:80} INFO - Job 332: Subtask dim_time
[2023-04-30 17:53:08,064] {task_command.py:370} INFO - Running <TaskInstance: dag_etl.dim_time manual__2023-04-30T17:52:03.144971+00:00 [running]> on host 295d97741f96
[2023-04-30 17:53:10,915] {taskinstance.py:1571} INFO - Exporting the following env vars:
AIRFLOW_CTX_DAG_OWNER=Victor
AIRFLOW_CTX_DAG_ID=dag_etl
AIRFLOW_CTX_TASK_ID=dim_time
AIRFLOW_CTX_EXECUTION_DATE=2023-04-30T17:52:03.144971+00:00
AIRFLOW_CTX_TRY_NUMBER=1
AIRFLOW_CTX_DAG_RUN_ID=manual__2023-04-30T17:52:03.144971+00:00
[2023-04-30 17:53:12,754] {base.py:68} INFO - Using connection ID 'postgres_conn' for task execution.
[2023-04-30 17:53:14,765] {python.py:173} INFO - Done. Returned value was: None
[2023-04-30 17:53:16,096] {taskinstance.py:1400} INFO - Marking task as SUCCESS. dag_id=dag_etl, task_id=dim_time, execution_date=20230430T175203, start_date=20230430T175306, end_date=20230430T175316
[2023-04-30 17:53:16,494] {local_task_job.py:156} INFO - Task exited with return code 0
[2023-04-30 17:53:18,183] {local_task_job.py:273} INFO - 0 downstream tasks scheduled from follow-on schedule check
