[2023-04-30 17:53:06,930] {taskinstance.py:1159} INFO - Dependencies all met for <TaskInstance: dag_etl.rename_extracted_file manual__2023-04-30T17:52:03.144971+00:00 [queued]>
[2023-04-30 17:53:07,107] {taskinstance.py:1159} INFO - Dependencies all met for <TaskInstance: dag_etl.rename_extracted_file manual__2023-04-30T17:52:03.144971+00:00 [queued]>
[2023-04-30 17:53:07,109] {taskinstance.py:1356} INFO - 
--------------------------------------------------------------------------------
[2023-04-30 17:53:07,110] {taskinstance.py:1357} INFO - Starting attempt 1 of 6
[2023-04-30 17:53:07,115] {taskinstance.py:1358} INFO - 
--------------------------------------------------------------------------------
[2023-04-30 17:53:07,389] {taskinstance.py:1377} INFO - Executing <Task(_PythonDecoratedOperator): rename_extracted_file> on 2023-04-30 17:52:03.144971+00:00
[2023-04-30 17:53:07,414] {standard_task_runner.py:52} INFO - Started process 690 to run task
[2023-04-30 17:53:07,446] {standard_task_runner.py:79} INFO - Running: ['***', 'tasks', 'run', 'dag_etl', 'rename_extracted_file', 'manual__2023-04-30T17:52:03.144971+00:00', '--job-id', '333', '--raw', '--subdir', 'DAGS_FOLDER/dag_etl_taskflow.py', '--cfg-path', '/tmp/tmpvb1t_a5_', '--error-file', '/tmp/tmpdn0v3tvl']
[2023-04-30 17:53:07,466] {standard_task_runner.py:80} INFO - Job 333: Subtask rename_extracted_file
[2023-04-30 17:53:09,206] {task_command.py:370} INFO - Running <TaskInstance: dag_etl.rename_extracted_file manual__2023-04-30T17:52:03.144971+00:00 [running]> on host 295d97741f96
[2023-04-30 17:53:12,699] {taskinstance.py:1571} INFO - Exporting the following env vars:
AIRFLOW_CTX_DAG_OWNER=Victor
AIRFLOW_CTX_DAG_ID=dag_etl
AIRFLOW_CTX_TASK_ID=rename_extracted_file
AIRFLOW_CTX_EXECUTION_DATE=2023-04-30T17:52:03.144971+00:00
AIRFLOW_CTX_TRY_NUMBER=1
AIRFLOW_CTX_DAG_RUN_ID=manual__2023-04-30T17:52:03.144971+00:00
[2023-04-30 17:53:12,731] {python.py:173} INFO - Done. Returned value was: /opt/***/data
[2023-04-30 17:53:14,179] {taskinstance.py:1400} INFO - Marking task as SUCCESS. dag_id=dag_etl, task_id=rename_extracted_file, execution_date=20230430T175203, start_date=20230430T175306, end_date=20230430T175314
[2023-04-30 17:53:14,464] {local_task_job.py:156} INFO - Task exited with return code 0
[2023-04-30 17:53:16,061] {local_task_job.py:273} INFO - 7 downstream tasks scheduled from follow-on schedule check
