[2023-05-02 15:11:34,167] {taskinstance.py:1159} INFO - Dependencies all met for <TaskInstance: dag_etl_date.extract_from_s3 manual__2023-05-02T15:11:22.892155+00:00 [queued]>
[2023-05-02 15:11:34,237] {taskinstance.py:1159} INFO - Dependencies all met for <TaskInstance: dag_etl_date.extract_from_s3 manual__2023-05-02T15:11:22.892155+00:00 [queued]>
[2023-05-02 15:11:34,239] {taskinstance.py:1356} INFO - 
--------------------------------------------------------------------------------
[2023-05-02 15:11:34,240] {taskinstance.py:1357} INFO - Starting attempt 1 of 6
[2023-05-02 15:11:34,240] {taskinstance.py:1358} INFO - 
--------------------------------------------------------------------------------
[2023-05-02 15:11:34,346] {taskinstance.py:1377} INFO - Executing <Task(_PythonDecoratedOperator): extract_from_s3> on 2023-05-02 15:11:22.892155+00:00
[2023-05-02 15:11:34,356] {standard_task_runner.py:52} INFO - Started process 1353 to run task
[2023-05-02 15:11:34,368] {standard_task_runner.py:79} INFO - Running: ['***', 'tasks', 'run', 'dag_etl_date', 'extract_from_s3', 'manual__2023-05-02T15:11:22.892155+00:00', '--job-id', '670', '--raw', '--subdir', 'DAGS_FOLDER/dag_etl_taskflow_date.py', '--cfg-path', '/tmp/tmprainzkbx', '--error-file', '/tmp/tmpgf_j9_fe']
[2023-05-02 15:11:34,371] {standard_task_runner.py:80} INFO - Job 670: Subtask extract_from_s3
[2023-05-02 15:11:34,833] {task_command.py:370} INFO - Running <TaskInstance: dag_etl_date.extract_from_s3 manual__2023-05-02T15:11:22.892155+00:00 [running]> on host 295d97741f96
[2023-05-02 15:11:35,512] {taskinstance.py:1571} INFO - Exporting the following env vars:
AIRFLOW_CTX_DAG_OWNER=Victor
AIRFLOW_CTX_DAG_ID=dag_etl_date
AIRFLOW_CTX_TASK_ID=extract_from_s3
AIRFLOW_CTX_EXECUTION_DATE=2023-05-02T15:11:22.892155+00:00
AIRFLOW_CTX_TRY_NUMBER=1
AIRFLOW_CTX_DAG_RUN_ID=manual__2023-05-02T15:11:22.892155+00:00
[2023-05-02 15:11:35,519] {s3.py:861} INFO - Downloading source S3 file from Bucket raw with path supermarket_sales.csv
[2023-05-02 15:11:35,611] {base.py:68} INFO - Using connection ID 'minio_conn' for task execution.
[2023-05-02 15:11:35,623] {base_aws.py:206} INFO - Credentials retrieved from login
[2023-05-02 15:11:36,862] {python.py:173} INFO - Done. Returned value was: /opt/***/data/***_tmp_5gv9l20p
[2023-05-02 15:11:37,171] {taskinstance.py:1400} INFO - Marking task as SUCCESS. dag_id=dag_etl_date, task_id=extract_from_s3, execution_date=20230502T151122, start_date=20230502T151134, end_date=20230502T151137
[2023-05-02 15:11:37,335] {local_task_job.py:156} INFO - Task exited with return code 0
[2023-05-02 15:11:37,750] {local_task_job.py:273} INFO - 1 downstream tasks scheduled from follow-on schedule check
