[2023-05-02 11:47:03,284] {taskinstance.py:1159} INFO - Dependencies all met for <TaskInstance: dag_etl.dim_city manual__2023-05-02T11:46:25.173746+00:00 [queued]>
[2023-05-02 11:47:03,488] {taskinstance.py:1159} INFO - Dependencies all met for <TaskInstance: dag_etl.dim_city manual__2023-05-02T11:46:25.173746+00:00 [queued]>
[2023-05-02 11:47:03,517] {taskinstance.py:1356} INFO - 
--------------------------------------------------------------------------------
[2023-05-02 11:47:03,518] {taskinstance.py:1357} INFO - Starting attempt 1 of 6
[2023-05-02 11:47:03,519] {taskinstance.py:1358} INFO - 
--------------------------------------------------------------------------------
[2023-05-02 11:47:03,776] {taskinstance.py:1377} INFO - Executing <Task(_PythonDecoratedOperator): dim_city> on 2023-05-02 11:46:25.173746+00:00
[2023-05-02 11:47:03,799] {standard_task_runner.py:52} INFO - Started process 1112 to run task
[2023-05-02 11:47:03,819] {standard_task_runner.py:79} INFO - Running: ['***', 'tasks', 'run', 'dag_etl', 'dim_city', 'manual__2023-05-02T11:46:25.173746+00:00', '--job-id', '511', '--raw', '--subdir', 'DAGS_FOLDER/dag_etl_taskflow.py', '--cfg-path', '/tmp/tmpl_yrp3ud', '--error-file', '/tmp/tmpqika1g72']
[2023-05-02 11:47:03,829] {standard_task_runner.py:80} INFO - Job 511: Subtask dim_city
[2023-05-02 11:47:04,515] {task_command.py:370} INFO - Running <TaskInstance: dag_etl.dim_city manual__2023-05-02T11:46:25.173746+00:00 [running]> on host 295d97741f96
[2023-05-02 11:47:06,632] {taskinstance.py:1571} INFO - Exporting the following env vars:
AIRFLOW_CTX_DAG_OWNER=Victor
AIRFLOW_CTX_DAG_ID=dag_etl
AIRFLOW_CTX_TASK_ID=dim_city
AIRFLOW_CTX_EXECUTION_DATE=2023-05-02T11:46:25.173746+00:00
AIRFLOW_CTX_TRY_NUMBER=1
AIRFLOW_CTX_DAG_RUN_ID=manual__2023-05-02T11:46:25.173746+00:00
[2023-05-02 11:47:07,227] {base.py:68} INFO - Using connection ID 'postgres_conn' for task execution.
[2023-05-02 11:47:07,887] {python.py:173} INFO - Done. Returned value was: None
[2023-05-02 11:47:08,385] {taskinstance.py:1400} INFO - Marking task as SUCCESS. dag_id=dag_etl, task_id=dim_city, execution_date=20230502T114625, start_date=20230502T114703, end_date=20230502T114708
[2023-05-02 11:47:08,690] {local_task_job.py:156} INFO - Task exited with return code 0
[2023-05-02 11:47:09,884] {local_task_job.py:273} INFO - 0 downstream tasks scheduled from follow-on schedule check
