[2023-05-05 05:33:35,664] {taskinstance.py:1159} INFO - Dependencies all met for <TaskInstance: dag_etl.dim_payment manual__2023-05-05T05:32:51.253337+00:00 [queued]>
[2023-05-05 05:33:35,768] {taskinstance.py:1159} INFO - Dependencies all met for <TaskInstance: dag_etl.dim_payment manual__2023-05-05T05:32:51.253337+00:00 [queued]>
[2023-05-05 05:33:35,769] {taskinstance.py:1356} INFO - 
--------------------------------------------------------------------------------
[2023-05-05 05:33:35,770] {taskinstance.py:1357} INFO - Starting attempt 1 of 6
[2023-05-05 05:33:35,771] {taskinstance.py:1358} INFO - 
--------------------------------------------------------------------------------
[2023-05-05 05:33:35,974] {taskinstance.py:1377} INFO - Executing <Task(_PythonDecoratedOperator): dim_payment> on 2023-05-05 05:32:51.253337+00:00
[2023-05-05 05:33:36,000] {standard_task_runner.py:52} INFO - Started process 684 to run task
[2023-05-05 05:33:36,062] {standard_task_runner.py:79} INFO - Running: ['***', 'tasks', 'run', 'dag_etl', 'dim_payment', 'manual__2023-05-05T05:32:51.253337+00:00', '--job-id', '1032', '--raw', '--subdir', 'DAGS_FOLDER/dag_etl_taskflow.py', '--cfg-path', '/tmp/tmpf0e51pce', '--error-file', '/tmp/tmpsy87aipo']
[2023-05-05 05:33:36,082] {standard_task_runner.py:80} INFO - Job 1032: Subtask dim_payment
[2023-05-05 05:33:37,804] {task_command.py:370} INFO - Running <TaskInstance: dag_etl.dim_payment manual__2023-05-05T05:32:51.253337+00:00 [running]> on host 295d97741f96
[2023-05-05 05:33:41,552] {taskinstance.py:1571} INFO - Exporting the following env vars:
AIRFLOW_CTX_DAG_OWNER=Victor
AIRFLOW_CTX_DAG_ID=dag_etl
AIRFLOW_CTX_TASK_ID=dim_payment
AIRFLOW_CTX_EXECUTION_DATE=2023-05-05T05:32:51.253337+00:00
AIRFLOW_CTX_TRY_NUMBER=1
AIRFLOW_CTX_DAG_RUN_ID=manual__2023-05-05T05:32:51.253337+00:00
[2023-05-05 05:33:42,490] {base.py:68} INFO - Using connection ID 'postgres_conn' for task execution.
[2023-05-05 05:33:43,666] {python.py:173} INFO - Done. Returned value was: None
[2023-05-05 05:33:44,576] {taskinstance.py:1400} INFO - Marking task as SUCCESS. dag_id=dag_etl, task_id=dim_payment, execution_date=20230505T053251, start_date=20230505T053335, end_date=20230505T053344
[2023-05-05 05:33:44,888] {local_task_job.py:156} INFO - Task exited with return code 0
[2023-05-05 05:33:46,494] {local_task_job.py:273} INFO - 0 downstream tasks scheduled from follow-on schedule check
