[2023-08-17 17:37:52,705] {taskinstance.py:1179} INFO - Dependencies all met for <TaskInstance: dag_etl.dim_branch manual__2023-08-17T17:37:47.265781+00:00 [queued]>
[2023-08-17 17:37:52,717] {taskinstance.py:1179} INFO - Dependencies all met for <TaskInstance: dag_etl.dim_branch manual__2023-08-17T17:37:47.265781+00:00 [queued]>
[2023-08-17 17:37:52,718] {taskinstance.py:1376} INFO - 
--------------------------------------------------------------------------------
[2023-08-17 17:37:52,718] {taskinstance.py:1377} INFO - Starting attempt 1 of 6
[2023-08-17 17:37:52,719] {taskinstance.py:1378} INFO - 
--------------------------------------------------------------------------------
[2023-08-17 17:37:52,738] {taskinstance.py:1397} INFO - Executing <Task(_PythonDecoratedOperator): dim_branch> on 2023-08-17 17:37:47.265781+00:00
[2023-08-17 17:37:52,764] {standard_task_runner.py:52} INFO - Started process 333 to run task
[2023-08-17 17:37:52,814] {standard_task_runner.py:79} INFO - Running: ['***', 'tasks', 'run', 'dag_etl', 'dim_branch', 'manual__2023-08-17T17:37:47.265781+00:00', '--job-id', '61', '--raw', '--subdir', 'DAGS_FOLDER/dag_etl_taskflow.py', '--cfg-path', '/tmp/tmpd4e69x_0', '--error-file', '/tmp/tmpkg1ii0lc']
[2023-08-17 17:37:52,831] {standard_task_runner.py:80} INFO - Job 61: Subtask dim_branch
[2023-08-17 17:37:53,004] {task_command.py:371} INFO - Running <TaskInstance: dag_etl.dim_branch manual__2023-08-17T17:37:47.265781+00:00 [running]> on host 1ea22a5e1d7f
[2023-08-17 17:37:53,175] {taskinstance.py:1591} INFO - Exporting the following env vars:
AIRFLOW_CTX_DAG_OWNER=Victor
AIRFLOW_CTX_DAG_ID=dag_etl
AIRFLOW_CTX_TASK_ID=dim_branch
AIRFLOW_CTX_EXECUTION_DATE=2023-08-17T17:37:47.265781+00:00
AIRFLOW_CTX_TRY_NUMBER=1
AIRFLOW_CTX_DAG_RUN_ID=manual__2023-08-17T17:37:47.265781+00:00
[2023-08-17 17:37:53,209] {base.py:68} INFO - Using connection ID '***_conn' for task execution.
[2023-08-17 17:37:53,325] {python.py:173} INFO - Done. Returned value was: None
[2023-08-17 17:37:53,345] {taskinstance.py:1420} INFO - Marking task as SUCCESS. dag_id=dag_etl, task_id=dim_branch, execution_date=20230817T173747, start_date=20230817T173752, end_date=20230817T173753
[2023-08-17 17:37:53,407] {local_task_job.py:156} INFO - Task exited with return code 0
[2023-08-17 17:37:53,451] {local_task_job.py:273} INFO - 0 downstream tasks scheduled from follow-on schedule check
