[2023-04-30 09:03:22,910] {taskinstance.py:1159} INFO - Dependencies all met for <TaskInstance: dag_etl.extract_from_s3 manual__2023-04-30T09:03:00.358280+00:00 [queued]>
[2023-04-30 09:03:22,974] {taskinstance.py:1159} INFO - Dependencies all met for <TaskInstance: dag_etl.extract_from_s3 manual__2023-04-30T09:03:00.358280+00:00 [queued]>
[2023-04-30 09:03:22,975] {taskinstance.py:1356} INFO - 
--------------------------------------------------------------------------------
[2023-04-30 09:03:22,976] {taskinstance.py:1357} INFO - Starting attempt 1 of 6
[2023-04-30 09:03:22,977] {taskinstance.py:1358} INFO - 
--------------------------------------------------------------------------------
[2023-04-30 09:03:23,072] {taskinstance.py:1377} INFO - Executing <Task(_PythonDecoratedOperator): extract_from_s3> on 2023-04-30 09:03:00.358280+00:00
[2023-04-30 09:03:23,081] {standard_task_runner.py:52} INFO - Started process 800 to run task
[2023-04-30 09:03:23,102] {standard_task_runner.py:79} INFO - Running: ['***', 'tasks', 'run', 'dag_etl', 'extract_from_s3', 'manual__2023-04-30T09:03:00.358280+00:00', '--job-id', '201', '--raw', '--subdir', 'DAGS_FOLDER/dag_etl_taskflow.py', '--cfg-path', '/tmp/tmpuqwiqm1u', '--error-file', '/tmp/tmpz9gg_kl3']
[2023-04-30 09:03:23,105] {standard_task_runner.py:80} INFO - Job 201: Subtask extract_from_s3
[2023-04-30 09:03:23,701] {task_command.py:370} INFO - Running <TaskInstance: dag_etl.extract_from_s3 manual__2023-04-30T09:03:00.358280+00:00 [running]> on host 295d97741f96
[2023-04-30 09:03:24,864] {taskinstance.py:1571} INFO - Exporting the following env vars:
AIRFLOW_CTX_DAG_OWNER=Victor
AIRFLOW_CTX_DAG_ID=dag_etl
AIRFLOW_CTX_TASK_ID=extract_from_s3
AIRFLOW_CTX_EXECUTION_DATE=2023-04-30T09:03:00.358280+00:00
AIRFLOW_CTX_TRY_NUMBER=1
AIRFLOW_CTX_DAG_RUN_ID=manual__2023-04-30T09:03:00.358280+00:00
[2023-04-30 09:03:24,875] {s3.py:861} INFO - Downloading source S3 file from Bucket raw with path supermarket_sales.csv
[2023-04-30 09:03:24,990] {base.py:68} INFO - Using connection ID 'minio_conn' for task execution.
[2023-04-30 09:03:24,998] {base_aws.py:206} INFO - Credentials retrieved from login
[2023-04-30 09:03:25,877] {python.py:173} INFO - Done. Returned value was: /opt/***/data/***_tmp_qt716h_8
[2023-04-30 09:03:26,209] {taskinstance.py:1400} INFO - Marking task as SUCCESS. dag_id=dag_etl, task_id=extract_from_s3, execution_date=20230430T090300, start_date=20230430T090322, end_date=20230430T090326
[2023-04-30 09:03:26,324] {local_task_job.py:156} INFO - Task exited with return code 0
[2023-04-30 09:03:26,810] {local_task_job.py:273} INFO - 1 downstream tasks scheduled from follow-on schedule check
