[2023-05-02 17:07:55,621] {taskinstance.py:1159} INFO - Dependencies all met for <TaskInstance: dag_etl.dim_city manual__2023-05-02T17:07:23.457042+00:00 [queued]>
[2023-05-02 17:07:55,984] {taskinstance.py:1159} INFO - Dependencies all met for <TaskInstance: dag_etl.dim_city manual__2023-05-02T17:07:23.457042+00:00 [queued]>
[2023-05-02 17:07:55,986] {taskinstance.py:1356} INFO - 
--------------------------------------------------------------------------------
[2023-05-02 17:07:55,987] {taskinstance.py:1357} INFO - Starting attempt 1 of 6
[2023-05-02 17:07:55,989] {taskinstance.py:1358} INFO - 
--------------------------------------------------------------------------------
[2023-05-02 17:07:56,750] {taskinstance.py:1377} INFO - Executing <Task(_PythonDecoratedOperator): dim_city> on 2023-05-02 17:07:23.457042+00:00
[2023-05-02 17:07:56,857] {standard_task_runner.py:52} INFO - Started process 2004 to run task
[2023-05-02 17:07:56,922] {standard_task_runner.py:79} INFO - Running: ['***', 'tasks', 'run', 'dag_etl', 'dim_city', 'manual__2023-05-02T17:07:23.457042+00:00', '--job-id', '829', '--raw', '--subdir', 'DAGS_FOLDER/dag_etl_taskflow.py', '--cfg-path', '/tmp/tmpifrjhzya', '--error-file', '/tmp/tmp56izzq5i']
[2023-05-02 17:07:56,958] {standard_task_runner.py:80} INFO - Job 829: Subtask dim_city
[2023-05-02 17:07:59,248] {task_command.py:370} INFO - Running <TaskInstance: dag_etl.dim_city manual__2023-05-02T17:07:23.457042+00:00 [running]> on host 295d97741f96
[2023-05-02 17:08:03,989] {taskinstance.py:1571} INFO - Exporting the following env vars:
AIRFLOW_CTX_DAG_OWNER=Victor
AIRFLOW_CTX_DAG_ID=dag_etl
AIRFLOW_CTX_TASK_ID=dim_city
AIRFLOW_CTX_EXECUTION_DATE=2023-05-02T17:07:23.457042+00:00
AIRFLOW_CTX_TRY_NUMBER=1
AIRFLOW_CTX_DAG_RUN_ID=manual__2023-05-02T17:07:23.457042+00:00
[2023-05-02 17:08:04,825] {base.py:68} INFO - Using connection ID 'postgres_conn' for task execution.
[2023-05-02 17:08:05,596] {python.py:173} INFO - Done. Returned value was: None
[2023-05-02 17:08:06,162] {taskinstance.py:1400} INFO - Marking task as SUCCESS. dag_id=dag_etl, task_id=dim_city, execution_date=20230502T170723, start_date=20230502T170755, end_date=20230502T170806
[2023-05-02 17:08:06,439] {local_task_job.py:156} INFO - Task exited with return code 0
[2023-05-02 17:08:07,021] {local_task_job.py:273} INFO - 1 downstream tasks scheduled from follow-on schedule check
