[2023-08-17 17:41:30,767] {taskinstance.py:1179} INFO - Dependencies all met for <TaskInstance: dag_etl.clear_data_directory manual__2023-08-17T17:41:19.800552+00:00 [queued]>
[2023-08-17 17:41:30,774] {taskinstance.py:1179} INFO - Dependencies all met for <TaskInstance: dag_etl.clear_data_directory manual__2023-08-17T17:41:19.800552+00:00 [queued]>
[2023-08-17 17:41:30,774] {taskinstance.py:1376} INFO - 
--------------------------------------------------------------------------------
[2023-08-17 17:41:30,775] {taskinstance.py:1377} INFO - Starting attempt 1 of 6
[2023-08-17 17:41:30,775] {taskinstance.py:1378} INFO - 
--------------------------------------------------------------------------------
[2023-08-17 17:41:30,785] {taskinstance.py:1397} INFO - Executing <Task(BashOperator): clear_data_directory> on 2023-08-17 17:41:19.800552+00:00
[2023-08-17 17:41:30,789] {standard_task_runner.py:52} INFO - Started process 575 to run task
[2023-08-17 17:41:30,793] {standard_task_runner.py:79} INFO - Running: ['***', 'tasks', 'run', 'dag_etl', 'clear_data_directory', 'manual__2023-08-17T17:41:19.800552+00:00', '--job-id', '80', '--raw', '--subdir', 'DAGS_FOLDER/dag_etl_taskflow.py', '--cfg-path', '/tmp/tmptxqeozhr', '--error-file', '/tmp/tmpyfx7yubz']
[2023-08-17 17:41:30,794] {standard_task_runner.py:80} INFO - Job 80: Subtask clear_data_directory
[2023-08-17 17:41:30,854] {task_command.py:371} INFO - Running <TaskInstance: dag_etl.clear_data_directory manual__2023-08-17T17:41:19.800552+00:00 [running]> on host 1ea22a5e1d7f
[2023-08-17 17:41:30,918] {taskinstance.py:1591} INFO - Exporting the following env vars:
AIRFLOW_CTX_DAG_OWNER=Victor
AIRFLOW_CTX_DAG_ID=dag_etl
AIRFLOW_CTX_TASK_ID=clear_data_directory
AIRFLOW_CTX_EXECUTION_DATE=2023-08-17T17:41:19.800552+00:00
AIRFLOW_CTX_TRY_NUMBER=1
AIRFLOW_CTX_DAG_RUN_ID=manual__2023-08-17T17:41:19.800552+00:00
[2023-08-17 17:41:30,919] {subprocess.py:62} INFO - Tmp dir root location: 
 /tmp
[2023-08-17 17:41:30,920] {subprocess.py:74} INFO - Running command: ['bash', '-c', 'rm -rf ${pwd}data/* | echo "приехали"']
[2023-08-17 17:41:30,930] {subprocess.py:85} INFO - Output:
[2023-08-17 17:41:30,934] {subprocess.py:92} INFO - приехали
[2023-08-17 17:41:30,936] {subprocess.py:96} INFO - Command exited with return code 0
[2023-08-17 17:41:30,966] {taskinstance.py:1420} INFO - Marking task as SUCCESS. dag_id=dag_etl, task_id=clear_data_directory, execution_date=20230817T174119, start_date=20230817T174130, end_date=20230817T174130
[2023-08-17 17:41:31,004] {local_task_job.py:156} INFO - Task exited with return code 0
[2023-08-17 17:41:31,034] {local_task_job.py:273} INFO - 0 downstream tasks scheduled from follow-on schedule check
