[2023-05-02 13:55:37,942] {taskinstance.py:1159} INFO - Dependencies all met for <TaskInstance: dag_etl.rename_extracted_file manual__2023-05-02T13:55:16.904018+00:00 [queued]>
[2023-05-02 13:55:38,025] {taskinstance.py:1159} INFO - Dependencies all met for <TaskInstance: dag_etl.rename_extracted_file manual__2023-05-02T13:55:16.904018+00:00 [queued]>
[2023-05-02 13:55:38,026] {taskinstance.py:1356} INFO - 
--------------------------------------------------------------------------------
[2023-05-02 13:55:38,028] {taskinstance.py:1357} INFO - Starting attempt 1 of 6
[2023-05-02 13:55:38,030] {taskinstance.py:1358} INFO - 
--------------------------------------------------------------------------------
[2023-05-02 13:55:38,254] {taskinstance.py:1377} INFO - Executing <Task(_PythonDecoratedOperator): rename_extracted_file> on 2023-05-02 13:55:16.904018+00:00
[2023-05-02 13:55:38,274] {standard_task_runner.py:79} INFO - Running: ['***', 'tasks', 'run', 'dag_etl', 'rename_extracted_file', 'manual__2023-05-02T13:55:16.904018+00:00', '--job-id', '601', '--raw', '--subdir', 'DAGS_FOLDER/dag_etl_taskflow.py', '--cfg-path', '/tmp/tmptrhowcio', '--error-file', '/tmp/tmp5aly8546']
[2023-05-02 13:55:38,278] {standard_task_runner.py:80} INFO - Job 601: Subtask rename_extracted_file
[2023-05-02 13:55:38,269] {standard_task_runner.py:52} INFO - Started process 1553 to run task
[2023-05-02 13:55:39,043] {task_command.py:370} INFO - Running <TaskInstance: dag_etl.rename_extracted_file manual__2023-05-02T13:55:16.904018+00:00 [running]> on host 295d97741f96
[2023-05-02 13:55:40,302] {taskinstance.py:1571} INFO - Exporting the following env vars:
AIRFLOW_CTX_DAG_OWNER=Victor
AIRFLOW_CTX_DAG_ID=dag_etl
AIRFLOW_CTX_TASK_ID=rename_extracted_file
AIRFLOW_CTX_EXECUTION_DATE=2023-05-02T13:55:16.904018+00:00
AIRFLOW_CTX_TRY_NUMBER=1
AIRFLOW_CTX_DAG_RUN_ID=manual__2023-05-02T13:55:16.904018+00:00
[2023-05-02 13:55:40,313] {python.py:173} INFO - Done. Returned value was: /opt/***/data
[2023-05-02 13:55:40,632] {taskinstance.py:1400} INFO - Marking task as SUCCESS. dag_id=dag_etl, task_id=rename_extracted_file, execution_date=20230502T135516, start_date=20230502T135537, end_date=20230502T135540
[2023-05-02 13:55:40,767] {local_task_job.py:156} INFO - Task exited with return code 0
[2023-05-02 13:55:41,224] {local_task_job.py:273} INFO - 7 downstream tasks scheduled from follow-on schedule check
