[2023-05-04 04:56:34,279] {taskinstance.py:1159} INFO - Dependencies all met for <TaskInstance: dag_etl.fact_nds manual__2023-05-04T04:55:27.686156+00:00 [queued]>
[2023-05-04 04:56:34,334] {taskinstance.py:1159} INFO - Dependencies all met for <TaskInstance: dag_etl.fact_nds manual__2023-05-04T04:55:27.686156+00:00 [queued]>
[2023-05-04 04:56:34,335] {taskinstance.py:1356} INFO - 
--------------------------------------------------------------------------------
[2023-05-04 04:56:34,335] {taskinstance.py:1357} INFO - Starting attempt 1 of 6
[2023-05-04 04:56:34,336] {taskinstance.py:1358} INFO - 
--------------------------------------------------------------------------------
[2023-05-04 04:56:34,424] {taskinstance.py:1377} INFO - Executing <Task(_PythonDecoratedOperator): fact_nds> on 2023-05-04 04:55:27.686156+00:00
[2023-05-04 04:56:34,433] {standard_task_runner.py:52} INFO - Started process 614 to run task
[2023-05-04 04:56:34,441] {standard_task_runner.py:79} INFO - Running: ['***', 'tasks', 'run', 'dag_etl', 'fact_nds', 'manual__2023-05-04T04:55:27.686156+00:00', '--job-id', '897', '--raw', '--subdir', 'DAGS_FOLDER/dag_etl_taskflow.py', '--cfg-path', '/tmp/tmpm793ucoz', '--error-file', '/tmp/tmp4ijtrqci']
[2023-05-04 04:56:34,444] {standard_task_runner.py:80} INFO - Job 897: Subtask fact_nds
[2023-05-04 04:56:34,808] {task_command.py:370} INFO - Running <TaskInstance: dag_etl.fact_nds manual__2023-05-04T04:55:27.686156+00:00 [running]> on host 295d97741f96
[2023-05-04 04:56:35,491] {taskinstance.py:1571} INFO - Exporting the following env vars:
AIRFLOW_CTX_DAG_OWNER=Victor
AIRFLOW_CTX_DAG_ID=dag_etl
AIRFLOW_CTX_TASK_ID=fact_nds
AIRFLOW_CTX_EXECUTION_DATE=2023-05-04T04:55:27.686156+00:00
AIRFLOW_CTX_TRY_NUMBER=1
AIRFLOW_CTX_DAG_RUN_ID=manual__2023-05-04T04:55:27.686156+00:00
[2023-05-04 04:56:35,572] {base.py:68} INFO - Using connection ID 'postgres_conn' for task execution.
[2023-05-04 04:56:35,864] {base.py:68} INFO - Using connection ID 'postgres_conn' for task execution.
[2023-05-04 04:56:36,876] {python.py:173} INFO - Done. Returned value was: None
[2023-05-04 04:56:37,009] {taskinstance.py:1400} INFO - Marking task as SUCCESS. dag_id=dag_etl, task_id=fact_nds, execution_date=20230504T045527, start_date=20230504T045634, end_date=20230504T045637
[2023-05-04 04:56:37,120] {local_task_job.py:156} INFO - Task exited with return code 0
[2023-05-04 04:56:37,469] {local_task_job.py:273} INFO - 1 downstream tasks scheduled from follow-on schedule check
