[2023-05-02 13:51:44,046] {taskinstance.py:1159} INFO - Dependencies all met for <TaskInstance: dag_etl.sensor_s3_obj manual__2023-05-02T13:51:38.744363+00:00 [queued]>
[2023-05-02 13:51:44,104] {taskinstance.py:1159} INFO - Dependencies all met for <TaskInstance: dag_etl.sensor_s3_obj manual__2023-05-02T13:51:38.744363+00:00 [queued]>
[2023-05-02 13:51:44,105] {taskinstance.py:1356} INFO - 
--------------------------------------------------------------------------------
[2023-05-02 13:51:44,106] {taskinstance.py:1357} INFO - Starting attempt 1 of 6
[2023-05-02 13:51:44,108] {taskinstance.py:1358} INFO - 
--------------------------------------------------------------------------------
[2023-05-02 13:51:44,208] {taskinstance.py:1377} INFO - Executing <Task(S3KeySensor): sensor_s3_obj> on 2023-05-02 13:51:38.744363+00:00
[2023-05-02 13:51:44,221] {standard_task_runner.py:52} INFO - Started process 1174 to run task
[2023-05-02 13:51:44,232] {standard_task_runner.py:79} INFO - Running: ['***', 'tasks', 'run', 'dag_etl', 'sensor_s3_obj', 'manual__2023-05-02T13:51:38.744363+00:00', '--job-id', '579', '--raw', '--subdir', 'DAGS_FOLDER/dag_etl_taskflow.py', '--cfg-path', '/tmp/tmp71ijmx6_', '--error-file', '/tmp/tmpm1co2119']
[2023-05-02 13:51:44,238] {standard_task_runner.py:80} INFO - Job 579: Subtask sensor_s3_obj
[2023-05-02 13:51:44,662] {task_command.py:370} INFO - Running <TaskInstance: dag_etl.sensor_s3_obj manual__2023-05-02T13:51:38.744363+00:00 [running]> on host 295d97741f96
[2023-05-02 13:51:45,276] {taskinstance.py:1571} INFO - Exporting the following env vars:
AIRFLOW_CTX_DAG_OWNER=Victor
AIRFLOW_CTX_DAG_ID=dag_etl
AIRFLOW_CTX_TASK_ID=sensor_s3_obj
AIRFLOW_CTX_EXECUTION_DATE=2023-05-02T13:51:38.744363+00:00
AIRFLOW_CTX_TRY_NUMBER=1
AIRFLOW_CTX_DAG_RUN_ID=manual__2023-05-02T13:51:38.744363+00:00
[2023-05-02 13:51:45,279] {s3.py:104} INFO - Poking for key : s3://raw/supermarket_sales.csv
[2023-05-02 13:51:45,356] {base.py:68} INFO - Using connection ID 'minio_conn' for task execution.
[2023-05-02 13:51:45,361] {base_aws.py:206} INFO - Credentials retrieved from login
[2023-05-02 13:51:50,734] {s3.py:104} INFO - Poking for key : s3://raw/supermarket_sales.csv
[2023-05-02 13:51:55,764] {s3.py:104} INFO - Poking for key : s3://raw/supermarket_sales.csv
[2023-05-02 13:51:55,787] {base.py:301} INFO - Success criteria met. Exiting.
[2023-05-02 13:51:56,138] {taskinstance.py:1400} INFO - Marking task as SUCCESS. dag_id=dag_etl, task_id=sensor_s3_obj, execution_date=20230502T135138, start_date=20230502T135144, end_date=20230502T135156
[2023-05-02 13:51:56,253] {local_task_job.py:156} INFO - Task exited with return code 0
[2023-05-02 13:51:56,664] {local_task_job.py:273} INFO - 2 downstream tasks scheduled from follow-on schedule check
