[2023-05-02 11:42:59,406] {taskinstance.py:1159} INFO - Dependencies all met for <TaskInstance: dag_etl.dim_customer_type manual__2023-05-02T11:41:45.968792+00:00 [queued]>
[2023-05-02 11:42:59,575] {taskinstance.py:1159} INFO - Dependencies all met for <TaskInstance: dag_etl.dim_customer_type manual__2023-05-02T11:41:45.968792+00:00 [queued]>
[2023-05-02 11:42:59,576] {taskinstance.py:1356} INFO - 
--------------------------------------------------------------------------------
[2023-05-02 11:42:59,577] {taskinstance.py:1357} INFO - Starting attempt 1 of 6
[2023-05-02 11:42:59,578] {taskinstance.py:1358} INFO - 
--------------------------------------------------------------------------------
[2023-05-02 11:42:59,774] {taskinstance.py:1377} INFO - Executing <Task(_PythonDecoratedOperator): dim_customer_type> on 2023-05-02 11:41:45.968792+00:00
[2023-05-02 11:42:59,802] {standard_task_runner.py:52} INFO - Started process 748 to run task
[2023-05-02 11:42:59,820] {standard_task_runner.py:79} INFO - Running: ['***', 'tasks', 'run', 'dag_etl', 'dim_customer_type', 'manual__2023-05-02T11:41:45.968792+00:00', '--job-id', '497', '--raw', '--subdir', 'DAGS_FOLDER/dag_etl_taskflow.py', '--cfg-path', '/tmp/tmpiyhjowsk', '--error-file', '/tmp/tmp71awqyvp']
[2023-05-02 11:42:59,839] {standard_task_runner.py:80} INFO - Job 497: Subtask dim_customer_type
[2023-05-02 11:43:01,116] {task_command.py:370} INFO - Running <TaskInstance: dag_etl.dim_customer_type manual__2023-05-02T11:41:45.968792+00:00 [running]> on host 295d97741f96
[2023-05-02 11:43:04,449] {taskinstance.py:1571} INFO - Exporting the following env vars:
AIRFLOW_CTX_DAG_OWNER=Victor
AIRFLOW_CTX_DAG_ID=dag_etl
AIRFLOW_CTX_TASK_ID=dim_customer_type
AIRFLOW_CTX_EXECUTION_DATE=2023-05-02T11:41:45.968792+00:00
AIRFLOW_CTX_TRY_NUMBER=1
AIRFLOW_CTX_DAG_RUN_ID=manual__2023-05-02T11:41:45.968792+00:00
[2023-05-02 11:43:05,020] {base.py:68} INFO - Using connection ID 'postgres_conn' for task execution.
[2023-05-02 11:43:05,768] {python.py:173} INFO - Done. Returned value was: None
[2023-05-02 11:43:06,268] {taskinstance.py:1400} INFO - Marking task as SUCCESS. dag_id=dag_etl, task_id=dim_customer_type, execution_date=20230502T114145, start_date=20230502T114259, end_date=20230502T114306
[2023-05-02 11:43:06,486] {local_task_job.py:156} INFO - Task exited with return code 0
[2023-05-02 11:43:07,657] {local_task_job.py:273} INFO - 0 downstream tasks scheduled from follow-on schedule check
