[2023-05-04 04:56:14,100] {taskinstance.py:1159} INFO - Dependencies all met for <TaskInstance: dag_etl.dim_product_line manual__2023-05-04T04:55:27.686156+00:00 [queued]>
[2023-05-04 04:56:14,246] {taskinstance.py:1159} INFO - Dependencies all met for <TaskInstance: dag_etl.dim_product_line manual__2023-05-04T04:55:27.686156+00:00 [queued]>
[2023-05-04 04:56:14,251] {taskinstance.py:1356} INFO - 
--------------------------------------------------------------------------------
[2023-05-04 04:56:14,255] {taskinstance.py:1357} INFO - Starting attempt 1 of 6
[2023-05-04 04:56:14,255] {taskinstance.py:1358} INFO - 
--------------------------------------------------------------------------------
[2023-05-04 04:56:14,479] {taskinstance.py:1377} INFO - Executing <Task(_PythonDecoratedOperator): dim_product_line> on 2023-05-04 04:55:27.686156+00:00
[2023-05-04 04:56:14,504] {standard_task_runner.py:52} INFO - Started process 581 to run task
[2023-05-04 04:56:14,533] {standard_task_runner.py:79} INFO - Running: ['***', 'tasks', 'run', 'dag_etl', 'dim_product_line', 'manual__2023-05-04T04:55:27.686156+00:00', '--job-id', '893', '--raw', '--subdir', 'DAGS_FOLDER/dag_etl_taskflow.py', '--cfg-path', '/tmp/tmp9w79dmb7', '--error-file', '/tmp/tmpnsa22u3q']
[2023-05-04 04:56:14,541] {standard_task_runner.py:80} INFO - Job 893: Subtask dim_product_line
[2023-05-04 04:56:15,957] {task_command.py:370} INFO - Running <TaskInstance: dag_etl.dim_product_line manual__2023-05-04T04:55:27.686156+00:00 [running]> on host 295d97741f96
[2023-05-04 04:56:18,204] {taskinstance.py:1571} INFO - Exporting the following env vars:
AIRFLOW_CTX_DAG_OWNER=Victor
AIRFLOW_CTX_DAG_ID=dag_etl
AIRFLOW_CTX_TASK_ID=dim_product_line
AIRFLOW_CTX_EXECUTION_DATE=2023-05-04T04:55:27.686156+00:00
AIRFLOW_CTX_TRY_NUMBER=1
AIRFLOW_CTX_DAG_RUN_ID=manual__2023-05-04T04:55:27.686156+00:00
[2023-05-04 04:56:18,701] {base.py:68} INFO - Using connection ID 'postgres_conn' for task execution.
[2023-05-04 04:56:19,217] {python.py:173} INFO - Done. Returned value was: None
[2023-05-04 04:56:20,240] {taskinstance.py:1400} INFO - Marking task as SUCCESS. dag_id=dag_etl, task_id=dim_product_line, execution_date=20230504T045527, start_date=20230504T045614, end_date=20230504T045620
[2023-05-04 04:56:20,475] {local_task_job.py:156} INFO - Task exited with return code 0
[2023-05-04 04:56:22,022] {local_task_job.py:273} INFO - 0 downstream tasks scheduled from follow-on schedule check
