[2023-04-30 08:59:55,867] {taskinstance.py:1159} INFO - Dependencies all met for <TaskInstance: dag_etl.rename_extracted_file manual__2023-04-30T08:59:26.372167+00:00 [queued]>
[2023-04-30 08:59:55,926] {taskinstance.py:1159} INFO - Dependencies all met for <TaskInstance: dag_etl.rename_extracted_file manual__2023-04-30T08:59:26.372167+00:00 [queued]>
[2023-04-30 08:59:55,928] {taskinstance.py:1356} INFO - 
--------------------------------------------------------------------------------
[2023-04-30 08:59:55,929] {taskinstance.py:1357} INFO - Starting attempt 1 of 6
[2023-04-30 08:59:55,929] {taskinstance.py:1358} INFO - 
--------------------------------------------------------------------------------
[2023-04-30 08:59:56,025] {taskinstance.py:1377} INFO - Executing <Task(_PythonDecoratedOperator): rename_extracted_file> on 2023-04-30 08:59:26.372167+00:00
[2023-04-30 08:59:56,038] {standard_task_runner.py:52} INFO - Started process 439 to run task
[2023-04-30 08:59:56,046] {standard_task_runner.py:79} INFO - Running: ['***', 'tasks', 'run', 'dag_etl', 'rename_extracted_file', 'manual__2023-04-30T08:59:26.372167+00:00', '--job-id', '171', '--raw', '--subdir', 'DAGS_FOLDER/dag_etl_taskflow.py', '--cfg-path', '/tmp/tmpik0mmv0_', '--error-file', '/tmp/tmpjzjxavvt']
[2023-04-30 08:59:56,049] {standard_task_runner.py:80} INFO - Job 171: Subtask rename_extracted_file
[2023-04-30 08:59:56,435] {task_command.py:370} INFO - Running <TaskInstance: dag_etl.rename_extracted_file manual__2023-04-30T08:59:26.372167+00:00 [running]> on host 295d97741f96
[2023-04-30 08:59:57,371] {taskinstance.py:1571} INFO - Exporting the following env vars:
AIRFLOW_CTX_DAG_OWNER=Victor
AIRFLOW_CTX_DAG_ID=dag_etl
AIRFLOW_CTX_TASK_ID=rename_extracted_file
AIRFLOW_CTX_EXECUTION_DATE=2023-04-30T08:59:26.372167+00:00
AIRFLOW_CTX_TRY_NUMBER=1
AIRFLOW_CTX_DAG_RUN_ID=manual__2023-04-30T08:59:26.372167+00:00
[2023-04-30 08:59:57,388] {python.py:173} INFO - Done. Returned value was: /opt/***/data
[2023-04-30 08:59:57,701] {taskinstance.py:1400} INFO - Marking task as SUCCESS. dag_id=dag_etl, task_id=rename_extracted_file, execution_date=20230430T085926, start_date=20230430T085955, end_date=20230430T085957
[2023-04-30 08:59:57,799] {local_task_job.py:156} INFO - Task exited with return code 0
[2023-04-30 08:59:58,387] {local_task_job.py:273} INFO - 9 downstream tasks scheduled from follow-on schedule check
