[2023-04-30 08:20:21,616] {taskinstance.py:1159} INFO - Dependencies all met for <TaskInstance: dag_etl.dim_city manual__2023-04-30T08:19:33.159044+00:00 [queued]>
[2023-04-30 08:20:21,830] {taskinstance.py:1159} INFO - Dependencies all met for <TaskInstance: dag_etl.dim_city manual__2023-04-30T08:19:33.159044+00:00 [queued]>
[2023-04-30 08:20:21,831] {taskinstance.py:1356} INFO - 
--------------------------------------------------------------------------------
[2023-04-30 08:20:21,832] {taskinstance.py:1357} INFO - Starting attempt 1 of 6
[2023-04-30 08:20:21,833] {taskinstance.py:1358} INFO - 
--------------------------------------------------------------------------------
[2023-04-30 08:20:22,278] {taskinstance.py:1377} INFO - Executing <Task(_PythonDecoratedOperator): dim_city> on 2023-04-30 08:19:33.159044+00:00
[2023-04-30 08:20:22,328] {standard_task_runner.py:52} INFO - Started process 931 to run task
[2023-04-30 08:20:22,411] {standard_task_runner.py:79} INFO - Running: ['***', 'tasks', 'run', 'dag_etl', 'dim_city', 'manual__2023-04-30T08:19:33.159044+00:00', '--job-id', '154', '--raw', '--subdir', 'DAGS_FOLDER/dag_etl_taskflow.py', '--cfg-path', '/tmp/tmpf3sujvwf', '--error-file', '/tmp/tmpji79aku5']
[2023-04-30 08:20:22,418] {standard_task_runner.py:80} INFO - Job 154: Subtask dim_city
[2023-04-30 08:20:23,426] {task_command.py:370} INFO - Running <TaskInstance: dag_etl.dim_city manual__2023-04-30T08:19:33.159044+00:00 [running]> on host 295d97741f96
[2023-04-30 08:20:25,362] {taskinstance.py:1571} INFO - Exporting the following env vars:
AIRFLOW_CTX_DAG_OWNER=Victor
AIRFLOW_CTX_DAG_ID=dag_etl
AIRFLOW_CTX_TASK_ID=dim_city
AIRFLOW_CTX_EXECUTION_DATE=2023-04-30T08:19:33.159044+00:00
AIRFLOW_CTX_TRY_NUMBER=1
AIRFLOW_CTX_DAG_RUN_ID=manual__2023-04-30T08:19:33.159044+00:00
[2023-04-30 08:20:26,115] {base.py:68} INFO - Using connection ID 'postgres_conn' for task execution.
[2023-04-30 08:20:26,972] {python.py:173} INFO - Done. Returned value was: None
[2023-04-30 08:20:28,410] {taskinstance.py:1400} INFO - Marking task as SUCCESS. dag_id=dag_etl, task_id=dim_city, execution_date=20230430T081933, start_date=20230430T082021, end_date=20230430T082028
[2023-04-30 08:20:28,797] {local_task_job.py:156} INFO - Task exited with return code 0
[2023-04-30 08:20:31,025] {local_task_job.py:273} INFO - 0 downstream tasks scheduled from follow-on schedule check
