[2023-05-02 15:31:18,762] {taskinstance.py:1159} INFO - Dependencies all met for <TaskInstance: dag_etl_date.dim_gender manual__2023-05-02T15:30:45.232220+00:00 [queued]>
[2023-05-02 15:31:18,965] {taskinstance.py:1159} INFO - Dependencies all met for <TaskInstance: dag_etl_date.dim_gender manual__2023-05-02T15:30:45.232220+00:00 [queued]>
[2023-05-02 15:31:18,969] {taskinstance.py:1356} INFO - 
--------------------------------------------------------------------------------
[2023-05-02 15:31:18,972] {taskinstance.py:1357} INFO - Starting attempt 1 of 6
[2023-05-02 15:31:18,973] {taskinstance.py:1358} INFO - 
--------------------------------------------------------------------------------
[2023-05-02 15:31:19,155] {taskinstance.py:1377} INFO - Executing <Task(_PythonDecoratedOperator): dim_gender> on 2023-05-02 15:30:45.232220+00:00
[2023-05-02 15:31:19,176] {standard_task_runner.py:52} INFO - Started process 426 to run task
[2023-05-02 15:31:19,199] {standard_task_runner.py:79} INFO - Running: ['***', 'tasks', 'run', 'dag_etl_date', 'dim_gender', 'manual__2023-05-02T15:30:45.232220+00:00', '--job-id', '706', '--raw', '--subdir', 'DAGS_FOLDER/dag_etl_taskflow_date.py', '--cfg-path', '/tmp/tmpg3aznc12', '--error-file', '/tmp/tmp04ntbjbw']
[2023-05-02 15:31:19,208] {standard_task_runner.py:80} INFO - Job 706: Subtask dim_gender
[2023-05-02 15:31:20,370] {task_command.py:370} INFO - Running <TaskInstance: dag_etl_date.dim_gender manual__2023-05-02T15:30:45.232220+00:00 [running]> on host 295d97741f96
[2023-05-02 15:31:24,791] {taskinstance.py:1571} INFO - Exporting the following env vars:
AIRFLOW_CTX_DAG_OWNER=Victor
AIRFLOW_CTX_DAG_ID=dag_etl_date
AIRFLOW_CTX_TASK_ID=dim_gender
AIRFLOW_CTX_EXECUTION_DATE=2023-05-02T15:30:45.232220+00:00
AIRFLOW_CTX_TRY_NUMBER=1
AIRFLOW_CTX_DAG_RUN_ID=manual__2023-05-02T15:30:45.232220+00:00
[2023-05-02 15:31:25,538] {base.py:68} INFO - Using connection ID 'postgres_conn' for task execution.
[2023-05-02 15:31:26,312] {python.py:173} INFO - Done. Returned value was: None
[2023-05-02 15:31:26,796] {taskinstance.py:1400} INFO - Marking task as SUCCESS. dag_id=dag_etl_date, task_id=dim_gender, execution_date=20230502T153045, start_date=20230502T153118, end_date=20230502T153126
[2023-05-02 15:31:27,070] {local_task_job.py:156} INFO - Task exited with return code 0
[2023-05-02 15:31:28,659] {local_task_job.py:273} INFO - 0 downstream tasks scheduled from follow-on schedule check
