[2023-08-17 17:41:21,800] {taskinstance.py:1179} INFO - Dependencies all met for <TaskInstance: dag_etl.extract_from_s3 manual__2023-08-17T17:41:19.800552+00:00 [queued]>
[2023-08-17 17:41:21,809] {taskinstance.py:1179} INFO - Dependencies all met for <TaskInstance: dag_etl.extract_from_s3 manual__2023-08-17T17:41:19.800552+00:00 [queued]>
[2023-08-17 17:41:21,810] {taskinstance.py:1376} INFO - 
--------------------------------------------------------------------------------
[2023-08-17 17:41:21,810] {taskinstance.py:1377} INFO - Starting attempt 1 of 6
[2023-08-17 17:41:21,810] {taskinstance.py:1378} INFO - 
--------------------------------------------------------------------------------
[2023-08-17 17:41:21,820] {taskinstance.py:1397} INFO - Executing <Task(_PythonDecoratedOperator): extract_from_s3> on 2023-08-17 17:41:19.800552+00:00
[2023-08-17 17:41:21,825] {standard_task_runner.py:52} INFO - Started process 528 to run task
[2023-08-17 17:41:21,829] {standard_task_runner.py:79} INFO - Running: ['***', 'tasks', 'run', 'dag_etl', 'extract_from_s3', 'manual__2023-08-17T17:41:19.800552+00:00', '--job-id', '68', '--raw', '--subdir', 'DAGS_FOLDER/dag_etl_taskflow.py', '--cfg-path', '/tmp/tmp3jz_5n6z', '--error-file', '/tmp/tmp5gmla817']
[2023-08-17 17:41:21,831] {standard_task_runner.py:80} INFO - Job 68: Subtask extract_from_s3
[2023-08-17 17:41:21,899] {task_command.py:371} INFO - Running <TaskInstance: dag_etl.extract_from_s3 manual__2023-08-17T17:41:19.800552+00:00 [running]> on host 1ea22a5e1d7f
[2023-08-17 17:41:21,973] {taskinstance.py:1591} INFO - Exporting the following env vars:
AIRFLOW_CTX_DAG_OWNER=Victor
AIRFLOW_CTX_DAG_ID=dag_etl
AIRFLOW_CTX_TASK_ID=extract_from_s3
AIRFLOW_CTX_EXECUTION_DATE=2023-08-17T17:41:19.800552+00:00
AIRFLOW_CTX_TRY_NUMBER=1
AIRFLOW_CTX_DAG_RUN_ID=manual__2023-08-17T17:41:19.800552+00:00
[2023-08-17 17:41:21,975] {s3.py:857} INFO - Downloading source S3 file from Bucket raw with path raw.csv
[2023-08-17 17:41:21,987] {base.py:68} INFO - Using connection ID 'minio_conn' for task execution.
[2023-08-17 17:41:21,989] {base_aws.py:210} INFO - Credentials retrieved from extra_config
[2023-08-17 17:41:22,183] {python.py:173} INFO - Done. Returned value was: /home/***/***_tmp_mv8r287t
[2023-08-17 17:41:22,209] {taskinstance.py:1420} INFO - Marking task as SUCCESS. dag_id=dag_etl, task_id=extract_from_s3, execution_date=20230817T174119, start_date=20230817T174121, end_date=20230817T174122
[2023-08-17 17:41:22,242] {local_task_job.py:156} INFO - Task exited with return code 0
[2023-08-17 17:41:22,288] {local_task_job.py:273} INFO - 1 downstream tasks scheduled from follow-on schedule check
