[2023-08-17 16:32:07,192] {taskinstance.py:1179} INFO - Dependencies all met for <TaskInstance: dag_etl.sensor_s3_obj manual__2023-08-17T16:32:06.110570+00:00 [queued]>
[2023-08-17 16:32:07,199] {taskinstance.py:1179} INFO - Dependencies all met for <TaskInstance: dag_etl.sensor_s3_obj manual__2023-08-17T16:32:06.110570+00:00 [queued]>
[2023-08-17 16:32:07,200] {taskinstance.py:1376} INFO - 
--------------------------------------------------------------------------------
[2023-08-17 16:32:07,200] {taskinstance.py:1377} INFO - Starting attempt 1 of 6
[2023-08-17 16:32:07,200] {taskinstance.py:1378} INFO - 
--------------------------------------------------------------------------------
[2023-08-17 16:32:07,211] {taskinstance.py:1397} INFO - Executing <Task(S3KeySensor): sensor_s3_obj> on 2023-08-17 16:32:06.110570+00:00
[2023-08-17 16:32:07,217] {standard_task_runner.py:52} INFO - Started process 1556 to run task
[2023-08-17 16:32:07,221] {standard_task_runner.py:79} INFO - Running: ['***', 'tasks', 'run', 'dag_etl', 'sensor_s3_obj', 'manual__2023-08-17T16:32:06.110570+00:00', '--job-id', '19', '--raw', '--subdir', 'DAGS_FOLDER/dag_etl_taskflow.py', '--cfg-path', '/tmp/tmpy5z7_y51', '--error-file', '/tmp/tmpm4y55ryk']
[2023-08-17 16:32:07,222] {standard_task_runner.py:80} INFO - Job 19: Subtask sensor_s3_obj
[2023-08-17 16:32:07,289] {task_command.py:371} INFO - Running <TaskInstance: dag_etl.sensor_s3_obj manual__2023-08-17T16:32:06.110570+00:00 [running]> on host 1ea22a5e1d7f
[2023-08-17 16:32:07,356] {taskinstance.py:1591} INFO - Exporting the following env vars:
AIRFLOW_CTX_DAG_OWNER=Victor
AIRFLOW_CTX_DAG_ID=dag_etl
AIRFLOW_CTX_TASK_ID=sensor_s3_obj
AIRFLOW_CTX_EXECUTION_DATE=2023-08-17T16:32:06.110570+00:00
AIRFLOW_CTX_TRY_NUMBER=1
AIRFLOW_CTX_DAG_RUN_ID=manual__2023-08-17T16:32:06.110570+00:00
[2023-08-17 16:32:07,357] {s3.py:104} INFO - Poking for key : s3://raw/raw
[2023-08-17 16:32:07,368] {base.py:68} INFO - Using connection ID 'minio_conn' for task execution.
[2023-08-17 16:32:07,369] {base_aws.py:210} INFO - Credentials retrieved from extra_config
[2023-08-17 16:32:12,661] {s3.py:104} INFO - Poking for key : s3://raw/raw
[2023-08-17 16:32:17,684] {s3.py:104} INFO - Poking for key : s3://raw/raw
[2023-08-17 16:32:22,699] {s3.py:104} INFO - Poking for key : s3://raw/raw
[2023-08-17 16:32:27,712] {s3.py:104} INFO - Poking for key : s3://raw/raw
[2023-08-17 16:32:32,728] {s3.py:104} INFO - Poking for key : s3://raw/raw
[2023-08-17 16:32:37,741] {s3.py:104} INFO - Poking for key : s3://raw/raw
[2023-08-17 16:32:37,753] {taskinstance.py:1909} ERROR - Task failed with exception
Traceback (most recent call last):
  File "/home/airflow/.local/lib/python3.7/site-packages/airflow/sensors/base.py", line 288, in execute
    raise AirflowSensorTimeout(f"Snap. Time is OUT. DAG id: {log_dag_id}")
airflow.exceptions.AirflowSensorTimeout: Snap. Time is OUT. DAG id: dag_etl
[2023-08-17 16:32:37,778] {taskinstance.py:1420} INFO - Immediate failure requested. Marking task as FAILED. dag_id=dag_etl, task_id=sensor_s3_obj, execution_date=20230817T163206, start_date=20230817T163207, end_date=20230817T163237
[2023-08-17 16:32:37,794] {standard_task_runner.py:97} ERROR - Failed to execute job 19 for task sensor_s3_obj (Snap. Time is OUT. DAG id: dag_etl; 1556)
[2023-08-17 16:32:37,847] {local_task_job.py:156} INFO - Task exited with return code 1
[2023-08-17 16:32:37,907] {local_task_job.py:273} INFO - 0 downstream tasks scheduled from follow-on schedule check
