[2023-05-04 04:56:10,795] {taskinstance.py:1159} INFO - Dependencies all met for <TaskInstance: dag_etl.dim_gender manual__2023-05-04T04:55:27.686156+00:00 [queued]>
[2023-05-04 04:56:11,115] {taskinstance.py:1159} INFO - Dependencies all met for <TaskInstance: dag_etl.dim_gender manual__2023-05-04T04:55:27.686156+00:00 [queued]>
[2023-05-04 04:56:11,117] {taskinstance.py:1356} INFO - 
--------------------------------------------------------------------------------
[2023-05-04 04:56:11,118] {taskinstance.py:1357} INFO - Starting attempt 1 of 6
[2023-05-04 04:56:11,120] {taskinstance.py:1358} INFO - 
--------------------------------------------------------------------------------
[2023-05-04 04:56:11,786] {taskinstance.py:1377} INFO - Executing <Task(_PythonDecoratedOperator): dim_gender> on 2023-05-04 04:55:27.686156+00:00
[2023-05-04 04:56:11,871] {standard_task_runner.py:52} INFO - Started process 563 to run task
[2023-05-04 04:56:11,917] {standard_task_runner.py:79} INFO - Running: ['***', 'tasks', 'run', 'dag_etl', 'dim_gender', 'manual__2023-05-04T04:55:27.686156+00:00', '--job-id', '889', '--raw', '--subdir', 'DAGS_FOLDER/dag_etl_taskflow.py', '--cfg-path', '/tmp/tmprznboyp_', '--error-file', '/tmp/tmp4ss_no_f']
[2023-05-04 04:56:11,921] {standard_task_runner.py:80} INFO - Job 889: Subtask dim_gender
[2023-05-04 04:56:12,473] {task_command.py:370} INFO - Running <TaskInstance: dag_etl.dim_gender manual__2023-05-04T04:55:27.686156+00:00 [running]> on host 295d97741f96
[2023-05-04 04:56:16,896] {taskinstance.py:1571} INFO - Exporting the following env vars:
AIRFLOW_CTX_DAG_OWNER=Victor
AIRFLOW_CTX_DAG_ID=dag_etl
AIRFLOW_CTX_TASK_ID=dim_gender
AIRFLOW_CTX_EXECUTION_DATE=2023-05-04T04:55:27.686156+00:00
AIRFLOW_CTX_TRY_NUMBER=1
AIRFLOW_CTX_DAG_RUN_ID=manual__2023-05-04T04:55:27.686156+00:00
[2023-05-04 04:56:17,623] {base.py:68} INFO - Using connection ID 'postgres_conn' for task execution.
[2023-05-04 04:56:18,368] {python.py:173} INFO - Done. Returned value was: None
[2023-05-04 04:56:19,812] {taskinstance.py:1400} INFO - Marking task as SUCCESS. dag_id=dag_etl, task_id=dim_gender, execution_date=20230504T045527, start_date=20230504T045610, end_date=20230504T045619
[2023-05-04 04:56:20,149] {local_task_job.py:156} INFO - Task exited with return code 0
[2023-05-04 04:56:21,057] {local_task_job.py:273} INFO - 0 downstream tasks scheduled from follow-on schedule check
