[2023-05-05 07:29:45,246] {taskinstance.py:1159} INFO - Dependencies all met for <TaskInstance: dag_etl.rename_extracted_file manual__2023-05-05T07:29:23.640537+00:00 [queued]>
[2023-05-05 07:29:45,296] {taskinstance.py:1159} INFO - Dependencies all met for <TaskInstance: dag_etl.rename_extracted_file manual__2023-05-05T07:29:23.640537+00:00 [queued]>
[2023-05-05 07:29:45,297] {taskinstance.py:1356} INFO - 
--------------------------------------------------------------------------------
[2023-05-05 07:29:45,298] {taskinstance.py:1357} INFO - Starting attempt 1 of 6
[2023-05-05 07:29:45,299] {taskinstance.py:1358} INFO - 
--------------------------------------------------------------------------------
[2023-05-05 07:29:45,380] {taskinstance.py:1377} INFO - Executing <Task(_PythonDecoratedOperator): rename_extracted_file> on 2023-05-05 07:29:23.640537+00:00
[2023-05-05 07:29:45,389] {standard_task_runner.py:52} INFO - Started process 1057 to run task
[2023-05-05 07:29:45,396] {standard_task_runner.py:79} INFO - Running: ['***', 'tasks', 'run', 'dag_etl', 'rename_extracted_file', 'manual__2023-05-05T07:29:23.640537+00:00', '--job-id', '1060', '--raw', '--subdir', 'DAGS_FOLDER/dag_etl_taskflow.py', '--cfg-path', '/tmp/tmpkd97k3cg', '--error-file', '/tmp/tmp3gzfibs1']
[2023-05-05 07:29:45,399] {standard_task_runner.py:80} INFO - Job 1060: Subtask rename_extracted_file
[2023-05-05 07:29:45,786] {task_command.py:370} INFO - Running <TaskInstance: dag_etl.rename_extracted_file manual__2023-05-05T07:29:23.640537+00:00 [running]> on host 295d97741f96
[2023-05-05 07:29:46,468] {taskinstance.py:1571} INFO - Exporting the following env vars:
AIRFLOW_CTX_DAG_OWNER=Victor
AIRFLOW_CTX_DAG_ID=dag_etl
AIRFLOW_CTX_TASK_ID=rename_extracted_file
AIRFLOW_CTX_EXECUTION_DATE=2023-05-05T07:29:23.640537+00:00
AIRFLOW_CTX_TRY_NUMBER=1
AIRFLOW_CTX_DAG_RUN_ID=manual__2023-05-05T07:29:23.640537+00:00
[2023-05-05 07:29:46,473] {python.py:173} INFO - Done. Returned value was: /opt/***/data
[2023-05-05 07:29:46,708] {taskinstance.py:1400} INFO - Marking task as SUCCESS. dag_id=dag_etl, task_id=rename_extracted_file, execution_date=20230505T072923, start_date=20230505T072945, end_date=20230505T072946
[2023-05-05 07:29:46,794] {local_task_job.py:156} INFO - Task exited with return code 0
[2023-05-05 07:29:47,570] {local_task_job.py:273} INFO - 0 downstream tasks scheduled from follow-on schedule check
