[2023-05-02 15:04:10,289] {taskinstance.py:1159} INFO - Dependencies all met for <TaskInstance: dag_etl_date.extract_from_s3 manual__2023-05-02T15:03:08.976412+00:00 [queued]>
[2023-05-02 15:04:10,722] {taskinstance.py:1159} INFO - Dependencies all met for <TaskInstance: dag_etl_date.extract_from_s3 manual__2023-05-02T15:03:08.976412+00:00 [queued]>
[2023-05-02 15:04:10,724] {taskinstance.py:1356} INFO - 
--------------------------------------------------------------------------------
[2023-05-02 15:04:10,725] {taskinstance.py:1357} INFO - Starting attempt 1 of 6
[2023-05-02 15:04:10,725] {taskinstance.py:1358} INFO - 
--------------------------------------------------------------------------------
[2023-05-02 15:04:11,111] {taskinstance.py:1377} INFO - Executing <Task(_PythonDecoratedOperator): extract_from_s3> on 2023-05-02 15:03:08.976412+00:00
[2023-05-02 15:04:11,182] {standard_task_runner.py:52} INFO - Started process 531 to run task
[2023-05-02 15:04:11,247] {standard_task_runner.py:79} INFO - Running: ['***', 'tasks', 'run', 'dag_etl_date', 'extract_from_s3', 'manual__2023-05-02T15:03:08.976412+00:00', '--job-id', '631', '--raw', '--subdir', 'DAGS_FOLDER/dag_etl_taskflow_date.py', '--cfg-path', '/tmp/tmp3pafwc8r', '--error-file', '/tmp/tmpb74o9eel']
[2023-05-02 15:04:11,256] {standard_task_runner.py:80} INFO - Job 631: Subtask extract_from_s3
[2023-05-02 15:04:12,362] {task_command.py:370} INFO - Running <TaskInstance: dag_etl_date.extract_from_s3 manual__2023-05-02T15:03:08.976412+00:00 [running]> on host 295d97741f96
[2023-05-02 15:04:14,480] {taskinstance.py:1571} INFO - Exporting the following env vars:
AIRFLOW_CTX_DAG_OWNER=Victor
AIRFLOW_CTX_DAG_ID=dag_etl_date
AIRFLOW_CTX_TASK_ID=extract_from_s3
AIRFLOW_CTX_EXECUTION_DATE=2023-05-02T15:03:08.976412+00:00
AIRFLOW_CTX_TRY_NUMBER=1
AIRFLOW_CTX_DAG_RUN_ID=manual__2023-05-02T15:03:08.976412+00:00
[2023-05-02 15:04:14,489] {s3.py:861} INFO - Downloading source S3 file from Bucket raw with path supermarket_sales.csv
[2023-05-02 15:04:14,630] {base.py:68} INFO - Using connection ID 'minio_conn' for task execution.
[2023-05-02 15:04:14,649] {base_aws.py:206} INFO - Credentials retrieved from login
[2023-05-02 15:04:17,816] {python.py:173} INFO - Done. Returned value was: /opt/***/data/***_tmp_fi22d2h9
[2023-05-02 15:04:19,184] {taskinstance.py:1400} INFO - Marking task as SUCCESS. dag_id=dag_etl_date, task_id=extract_from_s3, execution_date=20230502T150308, start_date=20230502T150410, end_date=20230502T150419
[2023-05-02 15:04:19,491] {local_task_job.py:156} INFO - Task exited with return code 0
[2023-05-02 15:04:22,291] {local_task_job.py:273} INFO - 0 downstream tasks scheduled from follow-on schedule check
