[2023-04-30 08:20:04,599] {taskinstance.py:1159} INFO - Dependencies all met for <TaskInstance: dag_etl.rename_extracted_file manual__2023-04-30T08:19:33.159044+00:00 [queued]>
[2023-04-30 08:20:04,656] {taskinstance.py:1159} INFO - Dependencies all met for <TaskInstance: dag_etl.rename_extracted_file manual__2023-04-30T08:19:33.159044+00:00 [queued]>
[2023-04-30 08:20:04,658] {taskinstance.py:1356} INFO - 
--------------------------------------------------------------------------------
[2023-04-30 08:20:04,659] {taskinstance.py:1357} INFO - Starting attempt 1 of 6
[2023-04-30 08:20:04,660] {taskinstance.py:1358} INFO - 
--------------------------------------------------------------------------------
[2023-04-30 08:20:04,766] {taskinstance.py:1377} INFO - Executing <Task(_PythonDecoratedOperator): rename_extracted_file> on 2023-04-30 08:19:33.159044+00:00
[2023-04-30 08:20:04,776] {standard_task_runner.py:52} INFO - Started process 894 to run task
[2023-04-30 08:20:04,791] {standard_task_runner.py:79} INFO - Running: ['***', 'tasks', 'run', 'dag_etl', 'rename_extracted_file', 'manual__2023-04-30T08:19:33.159044+00:00', '--job-id', '153', '--raw', '--subdir', 'DAGS_FOLDER/dag_etl_taskflow.py', '--cfg-path', '/tmp/tmphtagx3su', '--error-file', '/tmp/tmpqwm8crsm']
[2023-04-30 08:20:04,794] {standard_task_runner.py:80} INFO - Job 153: Subtask rename_extracted_file
[2023-04-30 08:20:05,192] {task_command.py:370} INFO - Running <TaskInstance: dag_etl.rename_extracted_file manual__2023-04-30T08:19:33.159044+00:00 [running]> on host 295d97741f96
[2023-04-30 08:20:06,098] {taskinstance.py:1571} INFO - Exporting the following env vars:
AIRFLOW_CTX_DAG_OWNER=Victor
AIRFLOW_CTX_DAG_ID=dag_etl
AIRFLOW_CTX_TASK_ID=rename_extracted_file
AIRFLOW_CTX_EXECUTION_DATE=2023-04-30T08:19:33.159044+00:00
AIRFLOW_CTX_TRY_NUMBER=1
AIRFLOW_CTX_DAG_RUN_ID=manual__2023-04-30T08:19:33.159044+00:00
[2023-04-30 08:20:06,104] {python.py:173} INFO - Done. Returned value was: /opt/***/data
[2023-04-30 08:20:06,349] {taskinstance.py:1400} INFO - Marking task as SUCCESS. dag_id=dag_etl, task_id=rename_extracted_file, execution_date=20230430T081933, start_date=20230430T082004, end_date=20230430T082006
[2023-04-30 08:20:06,445] {local_task_job.py:156} INFO - Task exited with return code 0
[2023-04-30 08:20:07,378] {local_task_job.py:273} INFO - 0 downstream tasks scheduled from follow-on schedule check
