[2023-05-04 05:10:37,058] {taskinstance.py:1159} INFO - Dependencies all met for <TaskInstance: dag_etl.sensor_s3_obj manual__2023-05-04T05:10:16.045945+00:00 [queued]>
[2023-05-04 05:10:37,247] {taskinstance.py:1159} INFO - Dependencies all met for <TaskInstance: dag_etl.sensor_s3_obj manual__2023-05-04T05:10:16.045945+00:00 [queued]>
[2023-05-04 05:10:37,248] {taskinstance.py:1356} INFO - 
--------------------------------------------------------------------------------
[2023-05-04 05:10:37,250] {taskinstance.py:1357} INFO - Starting attempt 1 of 6
[2023-05-04 05:10:37,251] {taskinstance.py:1358} INFO - 
--------------------------------------------------------------------------------
[2023-05-04 05:10:37,492] {taskinstance.py:1377} INFO - Executing <Task(S3KeySensor): sensor_s3_obj> on 2023-05-04 05:10:16.045945+00:00
[2023-05-04 05:10:37,511] {standard_task_runner.py:52} INFO - Started process 662 to run task
[2023-05-04 05:10:37,559] {standard_task_runner.py:79} INFO - Running: ['***', 'tasks', 'run', 'dag_etl', 'sensor_s3_obj', 'manual__2023-05-04T05:10:16.045945+00:00', '--job-id', '923', '--raw', '--subdir', 'DAGS_FOLDER/dag_etl_taskflow.py', '--cfg-path', '/tmp/tmp5d0nlsze', '--error-file', '/tmp/tmpiqsnx470']
[2023-05-04 05:10:37,562] {standard_task_runner.py:80} INFO - Job 923: Subtask sensor_s3_obj
[2023-05-04 05:10:39,245] {task_command.py:370} INFO - Running <TaskInstance: dag_etl.sensor_s3_obj manual__2023-05-04T05:10:16.045945+00:00 [running]> on host 295d97741f96
[2023-05-04 05:10:40,507] {taskinstance.py:1571} INFO - Exporting the following env vars:
AIRFLOW_CTX_DAG_OWNER=Victor
AIRFLOW_CTX_DAG_ID=dag_etl
AIRFLOW_CTX_TASK_ID=sensor_s3_obj
AIRFLOW_CTX_EXECUTION_DATE=2023-05-04T05:10:16.045945+00:00
AIRFLOW_CTX_TRY_NUMBER=1
AIRFLOW_CTX_DAG_RUN_ID=manual__2023-05-04T05:10:16.045945+00:00
[2023-05-04 05:10:40,511] {s3.py:104} INFO - Poking for key : s3://raw/supermarket_sales.csv
[2023-05-04 05:10:40,704] {base.py:68} INFO - Using connection ID 'minio_conn' for task execution.
[2023-05-04 05:10:40,759] {base_aws.py:206} INFO - Credentials retrieved from login
[2023-05-04 05:10:47,503] {s3.py:104} INFO - Poking for key : s3://raw/supermarket_sales.csv
[2023-05-04 05:10:47,569] {base.py:301} INFO - Success criteria met. Exiting.
[2023-05-04 05:10:49,335] {taskinstance.py:1400} INFO - Marking task as SUCCESS. dag_id=dag_etl, task_id=sensor_s3_obj, execution_date=20230504T051016, start_date=20230504T051037, end_date=20230504T051049
[2023-05-04 05:10:50,222] {local_task_job.py:156} INFO - Task exited with return code 0
[2023-05-04 05:10:52,116] {local_task_job.py:273} INFO - 2 downstream tasks scheduled from follow-on schedule check
