[2023-04-30 07:36:55,556] {taskinstance.py:1159} INFO - Dependencies all met for <TaskInstance: dag_etl.dim_gender manual__2023-04-30T07:36:08.295748+00:00 [queued]>
[2023-04-30 07:36:55,859] {taskinstance.py:1159} INFO - Dependencies all met for <TaskInstance: dag_etl.dim_gender manual__2023-04-30T07:36:08.295748+00:00 [queued]>
[2023-04-30 07:36:55,861] {taskinstance.py:1356} INFO - 
--------------------------------------------------------------------------------
[2023-04-30 07:36:55,864] {taskinstance.py:1357} INFO - Starting attempt 1 of 6
[2023-04-30 07:36:55,866] {taskinstance.py:1358} INFO - 
--------------------------------------------------------------------------------
[2023-04-30 07:36:56,229] {taskinstance.py:1377} INFO - Executing <Task(_PythonDecoratedOperator): dim_gender> on 2023-04-30 07:36:08.295748+00:00
[2023-04-30 07:36:56,353] {standard_task_runner.py:52} INFO - Started process 475 to run task
[2023-04-30 07:36:56,423] {standard_task_runner.py:79} INFO - Running: ['***', 'tasks', 'run', 'dag_etl', 'dim_gender', 'manual__2023-04-30T07:36:08.295748+00:00', '--job-id', '112', '--raw', '--subdir', 'DAGS_FOLDER/dag_etl_taskflow.py', '--cfg-path', '/tmp/tmponvf7up8', '--error-file', '/tmp/tmps7da8mfk']
[2023-04-30 07:36:56,434] {standard_task_runner.py:80} INFO - Job 112: Subtask dim_gender
[2023-04-30 07:36:57,881] {task_command.py:370} INFO - Running <TaskInstance: dag_etl.dim_gender manual__2023-04-30T07:36:08.295748+00:00 [running]> on host 295d97741f96
[2023-04-30 07:37:01,880] {taskinstance.py:1571} INFO - Exporting the following env vars:
AIRFLOW_CTX_DAG_OWNER=Victor
AIRFLOW_CTX_DAG_ID=dag_etl
AIRFLOW_CTX_TASK_ID=dim_gender
AIRFLOW_CTX_EXECUTION_DATE=2023-04-30T07:36:08.295748+00:00
AIRFLOW_CTX_TRY_NUMBER=1
AIRFLOW_CTX_DAG_RUN_ID=manual__2023-04-30T07:36:08.295748+00:00
[2023-04-30 07:37:03,280] {base.py:68} INFO - Using connection ID 'postgres_conn' for task execution.
[2023-04-30 07:37:03,918] {python.py:173} INFO - Done. Returned value was: None
[2023-04-30 07:37:04,859] {taskinstance.py:1400} INFO - Marking task as SUCCESS. dag_id=dag_etl, task_id=dim_gender, execution_date=20230430T073608, start_date=20230430T073655, end_date=20230430T073704
[2023-04-30 07:37:05,238] {local_task_job.py:156} INFO - Task exited with return code 0
[2023-04-30 07:37:07,498] {local_task_job.py:273} INFO - 0 downstream tasks scheduled from follow-on schedule check
