[2023-05-02 16:47:36,869] {taskinstance.py:1159} INFO - Dependencies all met for <TaskInstance: dag_etl.delete_s3_obj manual__2023-05-02T16:46:59.032836+00:00 [queued]>
[2023-05-02 16:47:36,983] {taskinstance.py:1159} INFO - Dependencies all met for <TaskInstance: dag_etl.delete_s3_obj manual__2023-05-02T16:46:59.032836+00:00 [queued]>
[2023-05-02 16:47:36,985] {taskinstance.py:1356} INFO - 
--------------------------------------------------------------------------------
[2023-05-02 16:47:36,986] {taskinstance.py:1357} INFO - Starting attempt 1 of 6
[2023-05-02 16:47:36,988] {taskinstance.py:1358} INFO - 
--------------------------------------------------------------------------------
[2023-05-02 16:47:37,222] {taskinstance.py:1377} INFO - Executing <Task(S3DeleteObjectsOperator): delete_s3_obj> on 2023-05-02 16:46:59.032836+00:00
[2023-05-02 16:47:37,261] {standard_task_runner.py:79} INFO - Running: ['***', 'tasks', 'run', 'dag_etl', 'delete_s3_obj', 'manual__2023-05-02T16:46:59.032836+00:00', '--job-id', '786', '--raw', '--subdir', 'DAGS_FOLDER/dag_etl_taskflow.py', '--cfg-path', '/tmp/tmpsvfbmpz_', '--error-file', '/tmp/tmpduw9_via']
[2023-05-02 16:47:37,250] {standard_task_runner.py:52} INFO - Started process 410 to run task
[2023-05-02 16:47:37,264] {standard_task_runner.py:80} INFO - Job 786: Subtask delete_s3_obj
[2023-05-02 16:47:37,891] {task_command.py:370} INFO - Running <TaskInstance: dag_etl.delete_s3_obj manual__2023-05-02T16:46:59.032836+00:00 [running]> on host 295d97741f96
[2023-05-02 16:47:41,647] {taskinstance.py:1571} INFO - Exporting the following env vars:
AIRFLOW_CTX_DAG_OWNER=Victor
AIRFLOW_CTX_DAG_ID=dag_etl
AIRFLOW_CTX_TASK_ID=delete_s3_obj
AIRFLOW_CTX_EXECUTION_DATE=2023-05-02T16:46:59.032836+00:00
AIRFLOW_CTX_TRY_NUMBER=1
AIRFLOW_CTX_DAG_RUN_ID=manual__2023-05-02T16:46:59.032836+00:00
[2023-05-02 16:47:41,993] {base.py:68} INFO - Using connection ID 'minio_conn' for task execution.
[2023-05-02 16:47:41,999] {base_aws.py:206} INFO - Credentials retrieved from login
[2023-05-02 16:47:43,704] {s3.py:841} INFO - Deleted: ['supermarket_sales.csv']
[2023-05-02 16:47:44,136] {taskinstance.py:1400} INFO - Marking task as SUCCESS. dag_id=dag_etl, task_id=delete_s3_obj, execution_date=20230502T164659, start_date=20230502T164736, end_date=20230502T164744
[2023-05-02 16:47:44,389] {local_task_job.py:156} INFO - Task exited with return code 0
[2023-05-02 16:47:45,713] {local_task_job.py:273} INFO - 0 downstream tasks scheduled from follow-on schedule check
