[2023-05-02 13:47:47,177] {taskinstance.py:1159} INFO - Dependencies all met for <TaskInstance: dag_etl.dim_product_line manual__2023-05-02T13:47:08.064702+00:00 [queued]>
[2023-05-02 13:47:47,362] {taskinstance.py:1159} INFO - Dependencies all met for <TaskInstance: dag_etl.dim_product_line manual__2023-05-02T13:47:08.064702+00:00 [queued]>
[2023-05-02 13:47:47,373] {taskinstance.py:1356} INFO - 
--------------------------------------------------------------------------------
[2023-05-02 13:47:47,374] {taskinstance.py:1357} INFO - Starting attempt 1 of 6
[2023-05-02 13:47:47,378] {taskinstance.py:1358} INFO - 
--------------------------------------------------------------------------------
[2023-05-02 13:47:47,669] {taskinstance.py:1377} INFO - Executing <Task(_PythonDecoratedOperator): dim_product_line> on 2023-05-02 13:47:08.064702+00:00
[2023-05-02 13:47:47,698] {standard_task_runner.py:52} INFO - Started process 873 to run task
[2023-05-02 13:47:47,745] {standard_task_runner.py:79} INFO - Running: ['***', 'tasks', 'run', 'dag_etl', 'dim_product_line', 'manual__2023-05-02T13:47:08.064702+00:00', '--job-id', '570', '--raw', '--subdir', 'DAGS_FOLDER/dag_etl_taskflow.py', '--cfg-path', '/tmp/tmp35ojee8p', '--error-file', '/tmp/tmptux9jrjm']
[2023-05-02 13:47:47,766] {standard_task_runner.py:80} INFO - Job 570: Subtask dim_product_line
[2023-05-02 13:47:49,335] {task_command.py:370} INFO - Running <TaskInstance: dag_etl.dim_product_line manual__2023-05-02T13:47:08.064702+00:00 [running]> on host 295d97741f96
[2023-05-02 13:47:51,551] {taskinstance.py:1571} INFO - Exporting the following env vars:
AIRFLOW_CTX_DAG_OWNER=Victor
AIRFLOW_CTX_DAG_ID=dag_etl
AIRFLOW_CTX_TASK_ID=dim_product_line
AIRFLOW_CTX_EXECUTION_DATE=2023-05-02T13:47:08.064702+00:00
AIRFLOW_CTX_TRY_NUMBER=1
AIRFLOW_CTX_DAG_RUN_ID=manual__2023-05-02T13:47:08.064702+00:00
[2023-05-02 13:47:52,476] {base.py:68} INFO - Using connection ID 'postgres_conn' for task execution.
[2023-05-02 13:47:53,342] {python.py:173} INFO - Done. Returned value was: None
[2023-05-02 13:47:54,181] {taskinstance.py:1400} INFO - Marking task as SUCCESS. dag_id=dag_etl, task_id=dim_product_line, execution_date=20230502T134708, start_date=20230502T134747, end_date=20230502T134754
[2023-05-02 13:47:54,559] {local_task_job.py:156} INFO - Task exited with return code 0
[2023-05-02 13:47:56,856] {local_task_job.py:273} INFO - 0 downstream tasks scheduled from follow-on schedule check
