[2023-05-02 11:43:24,942] {taskinstance.py:1159} INFO - Dependencies all met for <TaskInstance: dag_etl.update_fact_table manual__2023-05-02T11:41:45.968792+00:00 [queued]>
[2023-05-02 11:43:24,998] {taskinstance.py:1159} INFO - Dependencies all met for <TaskInstance: dag_etl.update_fact_table manual__2023-05-02T11:41:45.968792+00:00 [queued]>
[2023-05-02 11:43:25,000] {taskinstance.py:1356} INFO - 
--------------------------------------------------------------------------------
[2023-05-02 11:43:25,000] {taskinstance.py:1357} INFO - Starting attempt 1 of 6
[2023-05-02 11:43:25,001] {taskinstance.py:1358} INFO - 
--------------------------------------------------------------------------------
[2023-05-02 11:43:25,089] {taskinstance.py:1377} INFO - Executing <Task(PostgresOperator): update_fact_table> on 2023-05-02 11:41:45.968792+00:00
[2023-05-02 11:43:25,098] {standard_task_runner.py:52} INFO - Started process 791 to run task
[2023-05-02 11:43:25,106] {standard_task_runner.py:79} INFO - Running: ['***', 'tasks', 'run', 'dag_etl', 'update_fact_table', 'manual__2023-05-02T11:41:45.968792+00:00', '--job-id', '502', '--raw', '--subdir', 'DAGS_FOLDER/dag_etl_taskflow.py', '--cfg-path', '/tmp/tmp_k9u_wwy', '--error-file', '/tmp/tmpbwbboynb']
[2023-05-02 11:43:25,108] {standard_task_runner.py:80} INFO - Job 502: Subtask update_fact_table
[2023-05-02 11:43:25,475] {task_command.py:370} INFO - Running <TaskInstance: dag_etl.update_fact_table manual__2023-05-02T11:41:45.968792+00:00 [running]> on host 295d97741f96
[2023-05-02 11:43:26,046] {taskinstance.py:1571} INFO - Exporting the following env vars:
AIRFLOW_CTX_DAG_OWNER=Victor
AIRFLOW_CTX_DAG_ID=dag_etl
AIRFLOW_CTX_TASK_ID=update_fact_table
AIRFLOW_CTX_EXECUTION_DATE=2023-05-02T11:41:45.968792+00:00
AIRFLOW_CTX_TRY_NUMBER=1
AIRFLOW_CTX_DAG_RUN_ID=manual__2023-05-02T11:41:45.968792+00:00
[2023-05-02 11:43:26,129] {base.py:68} INFO - Using connection ID 'postgres_conn' for task execution.
[2023-05-02 11:43:26,168] {dbapi.py:213} INFO - Running statement: 
            SET search_path TO dds;
            
            --// Обновляем таблицу с фактом свежей таблицей с фактами из stage //--
            INSERT INTO fact_sales (invoice_id, branch, city, customer_type, gender,
                                    product_line, unit_price, quantity, "tax_5%", total, date,
                                    time, payment, cogs, gross_margin_percentage, gross_income, rating)
            (SELECT 
                    invoice_id, branch, city, customer_type, gender, 
                    product_line, unit_price, quantity, "tax_5%", total, date::date,
                    time, payment, cogs, gross_margin_percentage, gross_income, rating 
            FROM nds.fact_sales WHERE invoice_id NOT IN (SELECT invoice_id FROM fact_sales));
            , parameters: None
[2023-05-02 11:43:26,209] {dbapi.py:221} INFO - Rows affected: 0
[2023-05-02 11:43:26,325] {taskinstance.py:1400} INFO - Marking task as SUCCESS. dag_id=dag_etl, task_id=update_fact_table, execution_date=20230502T114145, start_date=20230502T114324, end_date=20230502T114326
[2023-05-02 11:43:26,411] {local_task_job.py:156} INFO - Task exited with return code 0
[2023-05-02 11:43:26,682] {local_task_job.py:273} INFO - 1 downstream tasks scheduled from follow-on schedule check
