[2023-05-02 16:28:31,380] {taskinstance.py:1159} INFO - Dependencies all met for <TaskInstance: dag_etl.dim_branch manual__2023-05-02T16:27:47.576051+00:00 [queued]>
[2023-05-02 16:28:31,458] {taskinstance.py:1159} INFO - Dependencies all met for <TaskInstance: dag_etl.dim_branch manual__2023-05-02T16:27:47.576051+00:00 [queued]>
[2023-05-02 16:28:31,472] {taskinstance.py:1356} INFO - 
--------------------------------------------------------------------------------
[2023-05-02 16:28:31,473] {taskinstance.py:1357} INFO - Starting attempt 1 of 6
[2023-05-02 16:28:31,474] {taskinstance.py:1358} INFO - 
--------------------------------------------------------------------------------
[2023-05-02 16:28:31,758] {taskinstance.py:1377} INFO - Executing <Task(_PythonDecoratedOperator): dim_branch> on 2023-05-02 16:27:47.576051+00:00
[2023-05-02 16:28:31,780] {standard_task_runner.py:52} INFO - Started process 426 to run task
[2023-05-02 16:28:31,825] {standard_task_runner.py:79} INFO - Running: ['***', 'tasks', 'run', 'dag_etl', 'dim_branch', 'manual__2023-05-02T16:27:47.576051+00:00', '--job-id', '755', '--raw', '--subdir', 'DAGS_FOLDER/dag_etl_taskflow.py', '--cfg-path', '/tmp/tmpdkp51rls', '--error-file', '/tmp/tmp815zx1gr']
[2023-05-02 16:28:31,839] {standard_task_runner.py:80} INFO - Job 755: Subtask dim_branch
[2023-05-02 16:28:32,589] {task_command.py:370} INFO - Running <TaskInstance: dag_etl.dim_branch manual__2023-05-02T16:27:47.576051+00:00 [running]> on host 295d97741f96
[2023-05-02 16:28:35,390] {taskinstance.py:1571} INFO - Exporting the following env vars:
AIRFLOW_CTX_DAG_OWNER=Victor
AIRFLOW_CTX_DAG_ID=dag_etl
AIRFLOW_CTX_TASK_ID=dim_branch
AIRFLOW_CTX_EXECUTION_DATE=2023-05-02T16:27:47.576051+00:00
AIRFLOW_CTX_TRY_NUMBER=1
AIRFLOW_CTX_DAG_RUN_ID=manual__2023-05-02T16:27:47.576051+00:00
[2023-05-02 16:28:36,610] {base.py:68} INFO - Using connection ID 'postgres_conn' for task execution.
[2023-05-02 16:28:37,270] {python.py:173} INFO - Done. Returned value was: None
[2023-05-02 16:28:37,875] {taskinstance.py:1400} INFO - Marking task as SUCCESS. dag_id=dag_etl, task_id=dim_branch, execution_date=20230502T162747, start_date=20230502T162831, end_date=20230502T162837
[2023-05-02 16:28:38,217] {local_task_job.py:156} INFO - Task exited with return code 0
[2023-05-02 16:28:39,452] {local_task_job.py:273} INFO - 0 downstream tasks scheduled from follow-on schedule check
