[2023-05-04 20:04:00,827] {taskinstance.py:1159} INFO - Dependencies all met for <TaskInstance: dag_etl.clear_data_directory manual__2023-05-04T20:02:47.981671+00:00 [queued]>
[2023-05-04 20:04:00,885] {taskinstance.py:1159} INFO - Dependencies all met for <TaskInstance: dag_etl.clear_data_directory manual__2023-05-04T20:02:47.981671+00:00 [queued]>
[2023-05-04 20:04:00,887] {taskinstance.py:1356} INFO - 
--------------------------------------------------------------------------------
[2023-05-04 20:04:00,887] {taskinstance.py:1357} INFO - Starting attempt 1 of 6
[2023-05-04 20:04:00,888] {taskinstance.py:1358} INFO - 
--------------------------------------------------------------------------------
[2023-05-04 20:04:00,985] {taskinstance.py:1377} INFO - Executing <Task(BashOperator): clear_data_directory> on 2023-05-04 20:02:47.981671+00:00
[2023-05-04 20:04:00,995] {standard_task_runner.py:52} INFO - Started process 693 to run task
[2023-05-04 20:04:01,010] {standard_task_runner.py:79} INFO - Running: ['***', 'tasks', 'run', 'dag_etl', 'clear_data_directory', 'manual__2023-05-04T20:02:47.981671+00:00', '--job-id', '987', '--raw', '--subdir', 'DAGS_FOLDER/dag_etl_taskflow.py', '--cfg-path', '/tmp/tmp758amlkq', '--error-file', '/tmp/tmpdfpj468a']
[2023-05-04 20:04:01,013] {standard_task_runner.py:80} INFO - Job 987: Subtask clear_data_directory
[2023-05-04 20:04:01,437] {task_command.py:370} INFO - Running <TaskInstance: dag_etl.clear_data_directory manual__2023-05-04T20:02:47.981671+00:00 [running]> on host 295d97741f96
[2023-05-04 20:04:02,044] {taskinstance.py:1571} INFO - Exporting the following env vars:
AIRFLOW_CTX_DAG_OWNER=Victor
AIRFLOW_CTX_DAG_ID=dag_etl
AIRFLOW_CTX_TASK_ID=clear_data_directory
AIRFLOW_CTX_EXECUTION_DATE=2023-05-04T20:02:47.981671+00:00
AIRFLOW_CTX_TRY_NUMBER=1
AIRFLOW_CTX_DAG_RUN_ID=manual__2023-05-04T20:02:47.981671+00:00
[2023-05-04 20:04:02,052] {subprocess.py:62} INFO - Tmp dir root location: 
 /tmp
[2023-05-04 20:04:02,054] {subprocess.py:74} INFO - Running command: ['bash', '-c', 'rm -rf ${pwd}data/* | echo "приехали"']
[2023-05-04 20:04:02,073] {subprocess.py:85} INFO - Output:
[2023-05-04 20:04:02,119] {subprocess.py:92} INFO - приехали
[2023-05-04 20:04:02,149] {subprocess.py:96} INFO - Command exited with return code 0
[2023-05-04 20:04:02,427] {taskinstance.py:1400} INFO - Marking task as SUCCESS. dag_id=dag_etl, task_id=clear_data_directory, execution_date=20230504T200247, start_date=20230504T200400, end_date=20230504T200402
[2023-05-04 20:04:02,508] {local_task_job.py:156} INFO - Task exited with return code 0
[2023-05-04 20:04:02,771] {local_task_job.py:273} INFO - 0 downstream tasks scheduled from follow-on schedule check
