[2023-05-02 10:36:43,691] {taskinstance.py:1159} INFO - Dependencies all met for <TaskInstance: dag_etl.sensor_s3_obj scheduled__2023-04-30T00:00:00+00:00 [queued]>
[2023-05-02 10:36:43,839] {taskinstance.py:1159} INFO - Dependencies all met for <TaskInstance: dag_etl.sensor_s3_obj scheduled__2023-04-30T00:00:00+00:00 [queued]>
[2023-05-02 10:36:43,841] {taskinstance.py:1356} INFO - 
--------------------------------------------------------------------------------
[2023-05-02 10:36:43,842] {taskinstance.py:1357} INFO - Starting attempt 1 of 6
[2023-05-02 10:36:43,859] {taskinstance.py:1358} INFO - 
--------------------------------------------------------------------------------
[2023-05-02 10:36:44,221] {taskinstance.py:1377} INFO - Executing <Task(S3KeySensor): sensor_s3_obj> on 2023-04-30 00:00:00+00:00
[2023-05-02 10:36:44,239] {standard_task_runner.py:52} INFO - Started process 857 to run task
[2023-05-02 10:36:44,255] {standard_task_runner.py:79} INFO - Running: ['***', 'tasks', 'run', 'dag_etl', 'sensor_s3_obj', 'scheduled__2023-04-30T00:00:00+00:00', '--job-id', '416', '--raw', '--subdir', 'DAGS_FOLDER/dag_etl_taskflow.py', '--cfg-path', '/tmp/tmpj49_0mi3', '--error-file', '/tmp/tmpim1iwls7']
[2023-05-02 10:36:44,259] {standard_task_runner.py:80} INFO - Job 416: Subtask sensor_s3_obj
[2023-05-02 10:36:45,064] {task_command.py:370} INFO - Running <TaskInstance: dag_etl.sensor_s3_obj scheduled__2023-04-30T00:00:00+00:00 [running]> on host 295d97741f96
[2023-05-02 10:36:46,672] {taskinstance.py:1571} INFO - Exporting the following env vars:
AIRFLOW_CTX_DAG_OWNER=Victor
AIRFLOW_CTX_DAG_ID=dag_etl
AIRFLOW_CTX_TASK_ID=sensor_s3_obj
AIRFLOW_CTX_EXECUTION_DATE=2023-04-30T00:00:00+00:00
AIRFLOW_CTX_TRY_NUMBER=1
AIRFLOW_CTX_DAG_RUN_ID=scheduled__2023-04-30T00:00:00+00:00
[2023-05-02 10:36:46,680] {s3.py:104} INFO - Poking for key : s3://raw/supermarket_sales.csv
[2023-05-02 10:36:46,832] {base.py:68} INFO - Using connection ID 'minio_conn' for task execution.
[2023-05-02 10:36:46,838] {base_aws.py:206} INFO - Credentials retrieved from login
[2023-05-02 10:36:52,428] {s3.py:104} INFO - Poking for key : s3://raw/supermarket_sales.csv
[2023-05-02 10:36:57,501] {s3.py:104} INFO - Poking for key : s3://raw/supermarket_sales.csv
[2023-05-02 10:37:02,541] {s3.py:104} INFO - Poking for key : s3://raw/supermarket_sales.csv
[2023-05-02 10:37:07,561] {s3.py:104} INFO - Poking for key : s3://raw/supermarket_sales.csv
[2023-05-02 10:37:07,603] {base.py:301} INFO - Success criteria met. Exiting.
[2023-05-02 10:37:08,317] {taskinstance.py:1400} INFO - Marking task as SUCCESS. dag_id=dag_etl, task_id=sensor_s3_obj, execution_date=20230430T000000, start_date=20230502T103643, end_date=20230502T103708
[2023-05-02 10:37:08,508] {local_task_job.py:156} INFO - Task exited with return code 0
[2023-05-02 10:37:10,398] {local_task_job.py:273} INFO - 0 downstream tasks scheduled from follow-on schedule check
