[2023-05-02 13:55:56,822] {taskinstance.py:1159} INFO - Dependencies all met for <TaskInstance: dag_etl.dim_product_line manual__2023-05-02T13:55:16.904018+00:00 [queued]>
[2023-05-02 13:55:57,109] {taskinstance.py:1159} INFO - Dependencies all met for <TaskInstance: dag_etl.dim_product_line manual__2023-05-02T13:55:16.904018+00:00 [queued]>
[2023-05-02 13:55:57,113] {taskinstance.py:1356} INFO - 
--------------------------------------------------------------------------------
[2023-05-02 13:55:57,126] {taskinstance.py:1357} INFO - Starting attempt 1 of 6
[2023-05-02 13:55:57,132] {taskinstance.py:1358} INFO - 
--------------------------------------------------------------------------------
[2023-05-02 13:55:57,732] {taskinstance.py:1377} INFO - Executing <Task(_PythonDecoratedOperator): dim_product_line> on 2023-05-02 13:55:16.904018+00:00
[2023-05-02 13:55:57,810] {standard_task_runner.py:52} INFO - Started process 1600 to run task
[2023-05-02 13:55:57,972] {standard_task_runner.py:79} INFO - Running: ['***', 'tasks', 'run', 'dag_etl', 'dim_product_line', 'manual__2023-05-02T13:55:16.904018+00:00', '--job-id', '606', '--raw', '--subdir', 'DAGS_FOLDER/dag_etl_taskflow.py', '--cfg-path', '/tmp/tmpiz975lej', '--error-file', '/tmp/tmpedcwhle5']
[2023-05-02 13:55:58,005] {standard_task_runner.py:80} INFO - Job 606: Subtask dim_product_line
[2023-05-02 13:55:59,920] {task_command.py:370} INFO - Running <TaskInstance: dag_etl.dim_product_line manual__2023-05-02T13:55:16.904018+00:00 [running]> on host 295d97741f96
[2023-05-02 13:56:04,010] {taskinstance.py:1571} INFO - Exporting the following env vars:
AIRFLOW_CTX_DAG_OWNER=Victor
AIRFLOW_CTX_DAG_ID=dag_etl
AIRFLOW_CTX_TASK_ID=dim_product_line
AIRFLOW_CTX_EXECUTION_DATE=2023-05-02T13:55:16.904018+00:00
AIRFLOW_CTX_TRY_NUMBER=1
AIRFLOW_CTX_DAG_RUN_ID=manual__2023-05-02T13:55:16.904018+00:00
[2023-05-02 13:56:04,612] {base.py:68} INFO - Using connection ID 'postgres_conn' for task execution.
[2023-05-02 13:56:05,481] {python.py:173} INFO - Done. Returned value was: None
[2023-05-02 13:56:06,048] {taskinstance.py:1400} INFO - Marking task as SUCCESS. dag_id=dag_etl, task_id=dim_product_line, execution_date=20230502T135516, start_date=20230502T135556, end_date=20230502T135606
[2023-05-02 13:56:06,343] {local_task_job.py:156} INFO - Task exited with return code 0
[2023-05-02 13:56:07,325] {local_task_job.py:273} INFO - 1 downstream tasks scheduled from follow-on schedule check
