[2023-05-02 16:30:41,965] {taskinstance.py:1159} INFO - Dependencies all met for <TaskInstance: dag_etl.dim_product_line manual__2023-05-02T16:29:52.493494+00:00 [queued]>
[2023-05-02 16:30:42,058] {taskinstance.py:1159} INFO - Dependencies all met for <TaskInstance: dag_etl.dim_product_line manual__2023-05-02T16:29:52.493494+00:00 [queued]>
[2023-05-02 16:30:42,062] {taskinstance.py:1356} INFO - 
--------------------------------------------------------------------------------
[2023-05-02 16:30:42,065] {taskinstance.py:1357} INFO - Starting attempt 1 of 6
[2023-05-02 16:30:42,068] {taskinstance.py:1358} INFO - 
--------------------------------------------------------------------------------
[2023-05-02 16:30:42,370] {taskinstance.py:1377} INFO - Executing <Task(_PythonDecoratedOperator): dim_product_line> on 2023-05-02 16:29:52.493494+00:00
[2023-05-02 16:30:42,415] {standard_task_runner.py:52} INFO - Started process 651 to run task
[2023-05-02 16:30:42,457] {standard_task_runner.py:79} INFO - Running: ['***', 'tasks', 'run', 'dag_etl', 'dim_product_line', 'manual__2023-05-02T16:29:52.493494+00:00', '--job-id', '771', '--raw', '--subdir', 'DAGS_FOLDER/dag_etl_taskflow.py', '--cfg-path', '/tmp/tmpqf9gfilf', '--error-file', '/tmp/tmp6kq77na0']
[2023-05-02 16:30:42,483] {standard_task_runner.py:80} INFO - Job 771: Subtask dim_product_line
[2023-05-02 16:30:43,293] {task_command.py:370} INFO - Running <TaskInstance: dag_etl.dim_product_line manual__2023-05-02T16:29:52.493494+00:00 [running]> on host 295d97741f96
[2023-05-02 16:30:45,550] {taskinstance.py:1571} INFO - Exporting the following env vars:
AIRFLOW_CTX_DAG_OWNER=Victor
AIRFLOW_CTX_DAG_ID=dag_etl
AIRFLOW_CTX_TASK_ID=dim_product_line
AIRFLOW_CTX_EXECUTION_DATE=2023-05-02T16:29:52.493494+00:00
AIRFLOW_CTX_TRY_NUMBER=1
AIRFLOW_CTX_DAG_RUN_ID=manual__2023-05-02T16:29:52.493494+00:00
[2023-05-02 16:30:46,219] {base.py:68} INFO - Using connection ID 'postgres_conn' for task execution.
[2023-05-02 16:30:46,770] {python.py:173} INFO - Done. Returned value was: None
[2023-05-02 16:30:47,190] {taskinstance.py:1400} INFO - Marking task as SUCCESS. dag_id=dag_etl, task_id=dim_product_line, execution_date=20230502T162952, start_date=20230502T163041, end_date=20230502T163047
[2023-05-02 16:30:47,459] {local_task_job.py:156} INFO - Task exited with return code 0
[2023-05-02 16:30:48,523] {local_task_job.py:273} INFO - 0 downstream tasks scheduled from follow-on schedule check
