[2023-04-30 12:04:14,220] {taskinstance.py:1159} INFO - Dependencies all met for <TaskInstance: dag_etl.dim_time manual__2023-04-30T12:03:10.806501+00:00 [queued]>
[2023-04-30 12:04:14,332] {taskinstance.py:1159} INFO - Dependencies all met for <TaskInstance: dag_etl.dim_time manual__2023-04-30T12:03:10.806501+00:00 [queued]>
[2023-04-30 12:04:14,333] {taskinstance.py:1356} INFO - 
--------------------------------------------------------------------------------
[2023-04-30 12:04:14,334] {taskinstance.py:1357} INFO - Starting attempt 1 of 6
[2023-04-30 12:04:14,335] {taskinstance.py:1358} INFO - 
--------------------------------------------------------------------------------
[2023-04-30 12:04:14,462] {taskinstance.py:1377} INFO - Executing <Task(_PythonDecoratedOperator): dim_time> on 2023-04-30 12:03:10.806501+00:00
[2023-04-30 12:04:14,479] {standard_task_runner.py:52} INFO - Started process 1068 to run task
[2023-04-30 12:04:14,515] {standard_task_runner.py:79} INFO - Running: ['***', 'tasks', 'run', 'dag_etl', 'dim_time', 'manual__2023-04-30T12:03:10.806501+00:00', '--job-id', '284', '--raw', '--subdir', 'DAGS_FOLDER/dag_etl_taskflow.py', '--cfg-path', '/tmp/tmp1vckxsx8', '--error-file', '/tmp/tmp_7q0ak8m']
[2023-04-30 12:04:14,543] {standard_task_runner.py:80} INFO - Job 284: Subtask dim_time
[2023-04-30 12:04:15,182] {task_command.py:370} INFO - Running <TaskInstance: dag_etl.dim_time manual__2023-04-30T12:03:10.806501+00:00 [running]> on host 295d97741f96
[2023-04-30 12:04:16,213] {taskinstance.py:1571} INFO - Exporting the following env vars:
AIRFLOW_CTX_DAG_OWNER=Victor
AIRFLOW_CTX_DAG_ID=dag_etl
AIRFLOW_CTX_TASK_ID=dim_time
AIRFLOW_CTX_EXECUTION_DATE=2023-04-30T12:03:10.806501+00:00
AIRFLOW_CTX_TRY_NUMBER=1
AIRFLOW_CTX_DAG_RUN_ID=manual__2023-04-30T12:03:10.806501+00:00
[2023-04-30 12:04:16,613] {base.py:68} INFO - Using connection ID 'postgres_conn' for task execution.
[2023-04-30 12:04:17,469] {python.py:173} INFO - Done. Returned value was: None
[2023-04-30 12:04:17,831] {taskinstance.py:1400} INFO - Marking task as SUCCESS. dag_id=dag_etl, task_id=dim_time, execution_date=20230430T120310, start_date=20230430T120414, end_date=20230430T120417
[2023-04-30 12:04:17,990] {local_task_job.py:156} INFO - Task exited with return code 0
[2023-04-30 12:04:18,607] {local_task_job.py:273} INFO - 0 downstream tasks scheduled from follow-on schedule check
