[2023-04-30 12:04:36,970] {taskinstance.py:1159} INFO - Dependencies all met for <TaskInstance: dag_etl.dim_gender manual__2023-04-30T12:03:10.806501+00:00 [queued]>
[2023-04-30 12:04:37,183] {taskinstance.py:1159} INFO - Dependencies all met for <TaskInstance: dag_etl.dim_gender manual__2023-04-30T12:03:10.806501+00:00 [queued]>
[2023-04-30 12:04:37,186] {taskinstance.py:1356} INFO - 
--------------------------------------------------------------------------------
[2023-04-30 12:04:37,188] {taskinstance.py:1357} INFO - Starting attempt 1 of 6
[2023-04-30 12:04:37,193] {taskinstance.py:1358} INFO - 
--------------------------------------------------------------------------------
[2023-04-30 12:04:37,558] {taskinstance.py:1377} INFO - Executing <Task(_PythonDecoratedOperator): dim_gender> on 2023-04-30 12:03:10.806501+00:00
[2023-04-30 12:04:37,611] {standard_task_runner.py:52} INFO - Started process 1124 to run task
[2023-04-30 12:04:37,639] {standard_task_runner.py:79} INFO - Running: ['***', 'tasks', 'run', 'dag_etl', 'dim_gender', 'manual__2023-04-30T12:03:10.806501+00:00', '--job-id', '292', '--raw', '--subdir', 'DAGS_FOLDER/dag_etl_taskflow.py', '--cfg-path', '/tmp/tmpicpfp91x', '--error-file', '/tmp/tmpfedqknlr']
[2023-04-30 12:04:37,659] {standard_task_runner.py:80} INFO - Job 292: Subtask dim_gender
[2023-04-30 12:04:39,339] {task_command.py:370} INFO - Running <TaskInstance: dag_etl.dim_gender manual__2023-04-30T12:03:10.806501+00:00 [running]> on host 295d97741f96
[2023-04-30 12:04:44,929] {taskinstance.py:1571} INFO - Exporting the following env vars:
AIRFLOW_CTX_DAG_OWNER=Victor
AIRFLOW_CTX_DAG_ID=dag_etl
AIRFLOW_CTX_TASK_ID=dim_gender
AIRFLOW_CTX_EXECUTION_DATE=2023-04-30T12:03:10.806501+00:00
AIRFLOW_CTX_TRY_NUMBER=1
AIRFLOW_CTX_DAG_RUN_ID=manual__2023-04-30T12:03:10.806501+00:00
[2023-04-30 12:04:45,900] {base.py:68} INFO - Using connection ID 'postgres_conn' for task execution.
[2023-04-30 12:04:46,927] {python.py:173} INFO - Done. Returned value was: None
[2023-04-30 12:04:47,584] {taskinstance.py:1400} INFO - Marking task as SUCCESS. dag_id=dag_etl, task_id=dim_gender, execution_date=20230430T120310, start_date=20230430T120436, end_date=20230430T120447
[2023-04-30 12:04:47,993] {local_task_job.py:156} INFO - Task exited with return code 0
[2023-04-30 12:04:49,715] {local_task_job.py:273} INFO - 0 downstream tasks scheduled from follow-on schedule check
