[2023-05-02 17:10:08,678] {taskinstance.py:1159} INFO - Dependencies all met for <TaskInstance: dag_etl.dim_branch manual__2023-05-02T17:09:34.429844+00:00 [queued]>
[2023-05-02 17:10:08,825] {taskinstance.py:1159} INFO - Dependencies all met for <TaskInstance: dag_etl.dim_branch manual__2023-05-02T17:09:34.429844+00:00 [queued]>
[2023-05-02 17:10:08,827] {taskinstance.py:1356} INFO - 
--------------------------------------------------------------------------------
[2023-05-02 17:10:08,828] {taskinstance.py:1357} INFO - Starting attempt 1 of 6
[2023-05-02 17:10:08,828] {taskinstance.py:1358} INFO - 
--------------------------------------------------------------------------------
[2023-05-02 17:10:09,006] {taskinstance.py:1377} INFO - Executing <Task(_PythonDecoratedOperator): dim_branch> on 2023-05-02 17:09:34.429844+00:00
[2023-05-02 17:10:09,026] {standard_task_runner.py:52} INFO - Started process 2228 to run task
[2023-05-02 17:10:09,042] {standard_task_runner.py:79} INFO - Running: ['***', 'tasks', 'run', 'dag_etl', 'dim_branch', 'manual__2023-05-02T17:09:34.429844+00:00', '--job-id', '841', '--raw', '--subdir', 'DAGS_FOLDER/dag_etl_taskflow.py', '--cfg-path', '/tmp/tmpk61wdh_v', '--error-file', '/tmp/tmp7s2180bk']
[2023-05-02 17:10:09,055] {standard_task_runner.py:80} INFO - Job 841: Subtask dim_branch
[2023-05-02 17:10:10,454] {task_command.py:370} INFO - Running <TaskInstance: dag_etl.dim_branch manual__2023-05-02T17:09:34.429844+00:00 [running]> on host 295d97741f96
[2023-05-02 17:10:13,551] {taskinstance.py:1571} INFO - Exporting the following env vars:
AIRFLOW_CTX_DAG_OWNER=Victor
AIRFLOW_CTX_DAG_ID=dag_etl
AIRFLOW_CTX_TASK_ID=dim_branch
AIRFLOW_CTX_EXECUTION_DATE=2023-05-02T17:09:34.429844+00:00
AIRFLOW_CTX_TRY_NUMBER=1
AIRFLOW_CTX_DAG_RUN_ID=manual__2023-05-02T17:09:34.429844+00:00
[2023-05-02 17:10:14,471] {base.py:68} INFO - Using connection ID 'postgres_conn' for task execution.
[2023-05-02 17:10:15,135] {python.py:173} INFO - Done. Returned value was: None
[2023-05-02 17:10:16,698] {taskinstance.py:1400} INFO - Marking task as SUCCESS. dag_id=dag_etl, task_id=dim_branch, execution_date=20230502T170934, start_date=20230502T171008, end_date=20230502T171016
[2023-05-02 17:10:17,133] {local_task_job.py:156} INFO - Task exited with return code 0
[2023-05-02 17:10:18,651] {local_task_job.py:273} INFO - 0 downstream tasks scheduled from follow-on schedule check
