[2023-05-02 13:44:21,516] {taskinstance.py:1159} INFO - Dependencies all met for <TaskInstance: dag_etl.rename_extracted_file manual__2023-05-02T13:43:58.584891+00:00 [queued]>
[2023-05-02 13:44:21,615] {taskinstance.py:1159} INFO - Dependencies all met for <TaskInstance: dag_etl.rename_extracted_file manual__2023-05-02T13:43:58.584891+00:00 [queued]>
[2023-05-02 13:44:21,619] {taskinstance.py:1356} INFO - 
--------------------------------------------------------------------------------
[2023-05-02 13:44:21,621] {taskinstance.py:1357} INFO - Starting attempt 1 of 6
[2023-05-02 13:44:21,624] {taskinstance.py:1358} INFO - 
--------------------------------------------------------------------------------
[2023-05-02 13:44:21,775] {taskinstance.py:1377} INFO - Executing <Task(_PythonDecoratedOperator): rename_extracted_file> on 2023-05-02 13:43:58.584891+00:00
[2023-05-02 13:44:21,788] {standard_task_runner.py:52} INFO - Started process 536 to run task
[2023-05-02 13:44:21,806] {standard_task_runner.py:79} INFO - Running: ['***', 'tasks', 'run', 'dag_etl', 'rename_extracted_file', 'manual__2023-05-02T13:43:58.584891+00:00', '--job-id', '550', '--raw', '--subdir', 'DAGS_FOLDER/dag_etl_taskflow.py', '--cfg-path', '/tmp/tmpc3_wbheq', '--error-file', '/tmp/tmptpzyo7qc']
[2023-05-02 13:44:21,809] {standard_task_runner.py:80} INFO - Job 550: Subtask rename_extracted_file
[2023-05-02 13:44:22,583] {task_command.py:370} INFO - Running <TaskInstance: dag_etl.rename_extracted_file manual__2023-05-02T13:43:58.584891+00:00 [running]> on host 295d97741f96
[2023-05-02 13:44:23,574] {taskinstance.py:1571} INFO - Exporting the following env vars:
AIRFLOW_CTX_DAG_OWNER=Victor
AIRFLOW_CTX_DAG_ID=dag_etl
AIRFLOW_CTX_TASK_ID=rename_extracted_file
AIRFLOW_CTX_EXECUTION_DATE=2023-05-02T13:43:58.584891+00:00
AIRFLOW_CTX_TRY_NUMBER=1
AIRFLOW_CTX_DAG_RUN_ID=manual__2023-05-02T13:43:58.584891+00:00
[2023-05-02 13:44:23,583] {python.py:173} INFO - Done. Returned value was: /opt/***/data
[2023-05-02 13:44:23,851] {taskinstance.py:1400} INFO - Marking task as SUCCESS. dag_id=dag_etl, task_id=rename_extracted_file, execution_date=20230502T134358, start_date=20230502T134421, end_date=20230502T134423
[2023-05-02 13:44:23,967] {local_task_job.py:156} INFO - Task exited with return code 0
[2023-05-02 13:44:24,565] {local_task_job.py:273} INFO - 7 downstream tasks scheduled from follow-on schedule check
