[2023-05-04 05:07:24,098] {taskinstance.py:1159} INFO - Dependencies all met for <TaskInstance: dag_etl.rename_extracted_file scheduled__2023-05-03T00:00:00+00:00 [queued]>
[2023-05-04 05:07:24,661] {taskinstance.py:1159} INFO - Dependencies all met for <TaskInstance: dag_etl.rename_extracted_file scheduled__2023-05-03T00:00:00+00:00 [queued]>
[2023-05-04 05:07:24,666] {taskinstance.py:1356} INFO - 
--------------------------------------------------------------------------------
[2023-05-04 05:07:24,696] {taskinstance.py:1357} INFO - Starting attempt 1 of 6
[2023-05-04 05:07:24,706] {taskinstance.py:1358} INFO - 
--------------------------------------------------------------------------------
[2023-05-04 05:07:25,811] {taskinstance.py:1377} INFO - Executing <Task(_PythonDecoratedOperator): rename_extracted_file> on 2023-05-03 00:00:00+00:00
[2023-05-04 05:07:25,869] {standard_task_runner.py:52} INFO - Started process 376 to run task
[2023-05-04 05:07:25,990] {standard_task_runner.py:79} INFO - Running: ['***', 'tasks', 'run', 'dag_etl', 'rename_extracted_file', 'scheduled__2023-05-03T00:00:00+00:00', '--job-id', '909', '--raw', '--subdir', 'DAGS_FOLDER/dag_etl_taskflow.py', '--cfg-path', '/tmp/tmp773ikzuf', '--error-file', '/tmp/tmp66fbr120']
[2023-05-04 05:07:26,017] {standard_task_runner.py:80} INFO - Job 909: Subtask rename_extracted_file
[2023-05-04 05:07:27,694] {task_command.py:370} INFO - Running <TaskInstance: dag_etl.rename_extracted_file scheduled__2023-05-03T00:00:00+00:00 [running]> on host 295d97741f96
[2023-05-04 05:07:32,011] {taskinstance.py:1571} INFO - Exporting the following env vars:
AIRFLOW_CTX_DAG_OWNER=Victor
AIRFLOW_CTX_DAG_ID=dag_etl
AIRFLOW_CTX_TASK_ID=rename_extracted_file
AIRFLOW_CTX_EXECUTION_DATE=2023-05-03T00:00:00+00:00
AIRFLOW_CTX_TRY_NUMBER=1
AIRFLOW_CTX_DAG_RUN_ID=scheduled__2023-05-03T00:00:00+00:00
[2023-05-04 05:07:32,034] {python.py:173} INFO - Done. Returned value was: /opt/***/data
[2023-05-04 05:07:35,395] {taskinstance.py:1400} INFO - Marking task as SUCCESS. dag_id=dag_etl, task_id=rename_extracted_file, execution_date=20230503T000000, start_date=20230504T050724, end_date=20230504T050735
[2023-05-04 05:07:36,061] {local_task_job.py:156} INFO - Task exited with return code 0
[2023-05-04 05:07:38,926] {local_task_job.py:273} INFO - 7 downstream tasks scheduled from follow-on schedule check
[2023-05-04 05:12:09,018] {taskinstance.py:1159} INFO - Dependencies all met for <TaskInstance: dag_etl.rename_extracted_file scheduled__2023-05-03T00:00:00+00:00 [queued]>
[2023-05-04 05:12:09,486] {taskinstance.py:1159} INFO - Dependencies all met for <TaskInstance: dag_etl.rename_extracted_file scheduled__2023-05-03T00:00:00+00:00 [queued]>
[2023-05-04 05:12:09,504] {taskinstance.py:1356} INFO - 
--------------------------------------------------------------------------------
[2023-05-04 05:12:09,509] {taskinstance.py:1357} INFO - Starting attempt 1 of 6
[2023-05-04 05:12:09,519] {taskinstance.py:1358} INFO - 
--------------------------------------------------------------------------------
[2023-05-04 05:12:10,673] {taskinstance.py:1377} INFO - Executing <Task(_PythonDecoratedOperator): rename_extracted_file> on 2023-05-03 00:00:00+00:00
[2023-05-04 05:12:10,769] {standard_task_runner.py:52} INFO - Started process 867 to run task
[2023-05-04 05:12:10,892] {standard_task_runner.py:79} INFO - Running: ['***', 'tasks', 'run', 'dag_etl', 'rename_extracted_file', 'scheduled__2023-05-03T00:00:00+00:00', '--job-id', '940', '--raw', '--subdir', 'DAGS_FOLDER/dag_etl_taskflow.py', '--cfg-path', '/tmp/tmpvmp7mg3j', '--error-file', '/tmp/tmprmnja1dp']
[2023-05-04 05:12:10,980] {standard_task_runner.py:80} INFO - Job 940: Subtask rename_extracted_file
[2023-05-04 05:12:12,451] {task_command.py:370} INFO - Running <TaskInstance: dag_etl.rename_extracted_file scheduled__2023-05-03T00:00:00+00:00 [running]> on host 295d97741f96
[2023-05-04 05:12:15,915] {taskinstance.py:1571} INFO - Exporting the following env vars:
AIRFLOW_CTX_DAG_OWNER=Victor
AIRFLOW_CTX_DAG_ID=dag_etl
AIRFLOW_CTX_TASK_ID=rename_extracted_file
AIRFLOW_CTX_EXECUTION_DATE=2023-05-03T00:00:00+00:00
AIRFLOW_CTX_TRY_NUMBER=1
AIRFLOW_CTX_DAG_RUN_ID=scheduled__2023-05-03T00:00:00+00:00
[2023-05-04 05:12:15,924] {python.py:173} INFO - Done. Returned value was: /opt/***/data
[2023-05-04 05:12:19,607] {taskinstance.py:1400} INFO - Marking task as SUCCESS. dag_id=dag_etl, task_id=rename_extracted_file, execution_date=20230503T000000, start_date=20230504T051209, end_date=20230504T051219
[2023-05-04 05:12:20,036] {local_task_job.py:156} INFO - Task exited with return code 0
[2023-05-04 05:12:21,267] {local_task_job.py:273} INFO - 7 downstream tasks scheduled from follow-on schedule check
