[2023-04-30 08:15:52,501] {taskinstance.py:1159} INFO - Dependencies all met for <TaskInstance: dag_etl.dim_branch manual__2023-04-30T08:15:12.066946+00:00 [queued]>
[2023-04-30 08:15:52,574] {taskinstance.py:1159} INFO - Dependencies all met for <TaskInstance: dag_etl.dim_branch manual__2023-04-30T08:15:12.066946+00:00 [queued]>
[2023-04-30 08:15:52,575] {taskinstance.py:1356} INFO - 
--------------------------------------------------------------------------------
[2023-04-30 08:15:52,576] {taskinstance.py:1357} INFO - Starting attempt 1 of 6
[2023-04-30 08:15:52,577] {taskinstance.py:1358} INFO - 
--------------------------------------------------------------------------------
[2023-04-30 08:15:52,716] {taskinstance.py:1377} INFO - Executing <Task(_PythonDecoratedOperator): dim_branch> on 2023-04-30 08:15:12.066946+00:00
[2023-04-30 08:15:52,736] {standard_task_runner.py:79} INFO - Running: ['***', 'tasks', 'run', 'dag_etl', 'dim_branch', 'manual__2023-04-30T08:15:12.066946+00:00', '--job-id', '127', '--raw', '--subdir', 'DAGS_FOLDER/dag_etl_taskflow.py', '--cfg-path', '/tmp/tmpjs4ifhi_', '--error-file', '/tmp/tmp_obedy4i']
[2023-04-30 08:15:52,740] {standard_task_runner.py:80} INFO - Job 127: Subtask dim_branch
[2023-04-30 08:15:52,743] {standard_task_runner.py:52} INFO - Started process 508 to run task
[2023-04-30 08:15:53,762] {task_command.py:370} INFO - Running <TaskInstance: dag_etl.dim_branch manual__2023-04-30T08:15:12.066946+00:00 [running]> on host 295d97741f96
[2023-04-30 08:15:56,358] {taskinstance.py:1571} INFO - Exporting the following env vars:
AIRFLOW_CTX_DAG_OWNER=Victor
AIRFLOW_CTX_DAG_ID=dag_etl
AIRFLOW_CTX_TASK_ID=dim_branch
AIRFLOW_CTX_EXECUTION_DATE=2023-04-30T08:15:12.066946+00:00
AIRFLOW_CTX_TRY_NUMBER=1
AIRFLOW_CTX_DAG_RUN_ID=manual__2023-04-30T08:15:12.066946+00:00
[2023-04-30 08:15:56,940] {base.py:68} INFO - Using connection ID 'postgres_conn' for task execution.
[2023-04-30 08:15:57,498] {python.py:173} INFO - Done. Returned value was: None
[2023-04-30 08:15:58,437] {taskinstance.py:1400} INFO - Marking task as SUCCESS. dag_id=dag_etl, task_id=dim_branch, execution_date=20230430T081512, start_date=20230430T081552, end_date=20230430T081558
[2023-04-30 08:15:58,951] {local_task_job.py:156} INFO - Task exited with return code 0
[2023-04-30 08:16:03,973] {local_task_job.py:273} INFO - 0 downstream tasks scheduled from follow-on schedule check
