[2023-05-05 07:29:37,559] {taskinstance.py:1159} INFO - Dependencies all met for <TaskInstance: dag_etl.extract_from_s3 manual__2023-05-05T07:29:23.640537+00:00 [queued]>
[2023-05-05 07:29:37,647] {taskinstance.py:1159} INFO - Dependencies all met for <TaskInstance: dag_etl.extract_from_s3 manual__2023-05-05T07:29:23.640537+00:00 [queued]>
[2023-05-05 07:29:37,649] {taskinstance.py:1356} INFO - 
--------------------------------------------------------------------------------
[2023-05-05 07:29:37,650] {taskinstance.py:1357} INFO - Starting attempt 1 of 6
[2023-05-05 07:29:37,651] {taskinstance.py:1358} INFO - 
--------------------------------------------------------------------------------
[2023-05-05 07:29:37,753] {taskinstance.py:1377} INFO - Executing <Task(_PythonDecoratedOperator): extract_from_s3> on 2023-05-05 07:29:23.640537+00:00
[2023-05-05 07:29:37,770] {standard_task_runner.py:52} INFO - Started process 1040 to run task
[2023-05-05 07:29:37,788] {standard_task_runner.py:79} INFO - Running: ['***', 'tasks', 'run', 'dag_etl', 'extract_from_s3', 'manual__2023-05-05T07:29:23.640537+00:00', '--job-id', '1058', '--raw', '--subdir', 'DAGS_FOLDER/dag_etl_taskflow.py', '--cfg-path', '/tmp/tmpsf7nvor6', '--error-file', '/tmp/tmp5a61u_m9']
[2023-05-05 07:29:37,802] {standard_task_runner.py:80} INFO - Job 1058: Subtask extract_from_s3
[2023-05-05 07:29:38,380] {task_command.py:370} INFO - Running <TaskInstance: dag_etl.extract_from_s3 manual__2023-05-05T07:29:23.640537+00:00 [running]> on host 295d97741f96
[2023-05-05 07:29:39,413] {taskinstance.py:1571} INFO - Exporting the following env vars:
AIRFLOW_CTX_DAG_OWNER=Victor
AIRFLOW_CTX_DAG_ID=dag_etl
AIRFLOW_CTX_TASK_ID=extract_from_s3
AIRFLOW_CTX_EXECUTION_DATE=2023-05-05T07:29:23.640537+00:00
AIRFLOW_CTX_TRY_NUMBER=1
AIRFLOW_CTX_DAG_RUN_ID=manual__2023-05-05T07:29:23.640537+00:00
[2023-05-05 07:29:39,427] {s3.py:861} INFO - Downloading source S3 file from Bucket raw with path supermarket_sales.csv
[2023-05-05 07:29:39,536] {base.py:68} INFO - Using connection ID 'minio_conn' for task execution.
[2023-05-05 07:29:39,543] {base_aws.py:206} INFO - Credentials retrieved from login
[2023-05-05 07:29:40,653] {python.py:173} INFO - Done. Returned value was: /opt/***/data/***_tmp_3l047v6y
[2023-05-05 07:29:40,976] {taskinstance.py:1400} INFO - Marking task as SUCCESS. dag_id=dag_etl, task_id=extract_from_s3, execution_date=20230505T072923, start_date=20230505T072937, end_date=20230505T072940
[2023-05-05 07:29:41,119] {local_task_job.py:156} INFO - Task exited with return code 0
[2023-05-05 07:29:41,565] {local_task_job.py:273} INFO - 1 downstream tasks scheduled from follow-on schedule check
