[2023-05-02 10:40:32,386] {taskinstance.py:1159} INFO - Dependencies all met for <TaskInstance: dag_etl.dim_customer_type manual__2023-05-02T10:39:49.817893+00:00 [queued]>
[2023-05-02 10:40:32,566] {taskinstance.py:1159} INFO - Dependencies all met for <TaskInstance: dag_etl.dim_customer_type manual__2023-05-02T10:39:49.817893+00:00 [queued]>
[2023-05-02 10:40:32,568] {taskinstance.py:1356} INFO - 
--------------------------------------------------------------------------------
[2023-05-02 10:40:32,569] {taskinstance.py:1357} INFO - Starting attempt 1 of 6
[2023-05-02 10:40:32,571] {taskinstance.py:1358} INFO - 
--------------------------------------------------------------------------------
[2023-05-02 10:40:32,858] {taskinstance.py:1377} INFO - Executing <Task(_PythonDecoratedOperator): dim_customer_type> on 2023-05-02 10:39:49.817893+00:00
[2023-05-02 10:40:32,877] {standard_task_runner.py:52} INFO - Started process 1331 to run task
[2023-05-02 10:40:32,908] {standard_task_runner.py:79} INFO - Running: ['***', 'tasks', 'run', 'dag_etl', 'dim_customer_type', 'manual__2023-05-02T10:39:49.817893+00:00', '--job-id', '461', '--raw', '--subdir', 'DAGS_FOLDER/dag_etl_taskflow.py', '--cfg-path', '/tmp/tmpirt3c8bp', '--error-file', '/tmp/tmp4h92fqjz']
[2023-05-02 10:40:32,916] {standard_task_runner.py:80} INFO - Job 461: Subtask dim_customer_type
[2023-05-02 10:40:35,073] {task_command.py:370} INFO - Running <TaskInstance: dag_etl.dim_customer_type manual__2023-05-02T10:39:49.817893+00:00 [running]> on host 295d97741f96
[2023-05-02 10:40:39,223] {taskinstance.py:1571} INFO - Exporting the following env vars:
AIRFLOW_CTX_DAG_OWNER=Victor
AIRFLOW_CTX_DAG_ID=dag_etl
AIRFLOW_CTX_TASK_ID=dim_customer_type
AIRFLOW_CTX_EXECUTION_DATE=2023-05-02T10:39:49.817893+00:00
AIRFLOW_CTX_TRY_NUMBER=1
AIRFLOW_CTX_DAG_RUN_ID=manual__2023-05-02T10:39:49.817893+00:00
[2023-05-02 10:40:40,072] {base.py:68} INFO - Using connection ID 'postgres_conn' for task execution.
[2023-05-02 10:40:40,727] {python.py:173} INFO - Done. Returned value was: None
[2023-05-02 10:40:41,498] {taskinstance.py:1400} INFO - Marking task as SUCCESS. dag_id=dag_etl, task_id=dim_customer_type, execution_date=20230502T103949, start_date=20230502T104032, end_date=20230502T104041
[2023-05-02 10:40:41,754] {local_task_job.py:156} INFO - Task exited with return code 0
[2023-05-02 10:40:42,883] {local_task_job.py:273} INFO - 1 downstream tasks scheduled from follow-on schedule check
