[2023-04-30 07:10:32,874] {taskinstance.py:1159} INFO - Dependencies all met for <TaskInstance: dag_etl.dim_gender manual__2023-04-30T07:09:50.351284+00:00 [queued]>
[2023-04-30 07:10:33,134] {taskinstance.py:1159} INFO - Dependencies all met for <TaskInstance: dag_etl.dim_gender manual__2023-04-30T07:09:50.351284+00:00 [queued]>
[2023-04-30 07:10:33,137] {taskinstance.py:1356} INFO - 
--------------------------------------------------------------------------------
[2023-04-30 07:10:33,157] {taskinstance.py:1357} INFO - Starting attempt 1 of 6
[2023-04-30 07:10:33,161] {taskinstance.py:1358} INFO - 
--------------------------------------------------------------------------------
[2023-04-30 07:10:33,479] {taskinstance.py:1377} INFO - Executing <Task(_PythonDecoratedOperator): dim_gender> on 2023-04-30 07:09:50.351284+00:00
[2023-04-30 07:10:33,557] {standard_task_runner.py:79} INFO - Running: ['***', 'tasks', 'run', 'dag_etl', 'dim_gender', 'manual__2023-04-30T07:09:50.351284+00:00', '--job-id', '99', '--raw', '--subdir', 'DAGS_FOLDER/dag_etl_taskflow.py', '--cfg-path', '/tmp/tmpafvtaz0p', '--error-file', '/tmp/tmpympauitg']
[2023-04-30 07:10:33,569] {standard_task_runner.py:80} INFO - Job 99: Subtask dim_gender
[2023-04-30 07:10:33,555] {standard_task_runner.py:52} INFO - Started process 1607 to run task
[2023-04-30 07:10:34,583] {task_command.py:370} INFO - Running <TaskInstance: dag_etl.dim_gender manual__2023-04-30T07:09:50.351284+00:00 [running]> on host 295d97741f96
[2023-04-30 07:10:38,416] {taskinstance.py:1571} INFO - Exporting the following env vars:
AIRFLOW_CTX_DAG_OWNER=Victor
AIRFLOW_CTX_DAG_ID=dag_etl
AIRFLOW_CTX_TASK_ID=dim_gender
AIRFLOW_CTX_EXECUTION_DATE=2023-04-30T07:09:50.351284+00:00
AIRFLOW_CTX_TRY_NUMBER=1
AIRFLOW_CTX_DAG_RUN_ID=manual__2023-04-30T07:09:50.351284+00:00
[2023-04-30 07:10:40,143] {base.py:68} INFO - Using connection ID 'postgres_conn' for task execution.
[2023-04-30 07:10:42,606] {python.py:173} INFO - Done. Returned value was: None
[2023-04-30 07:10:46,143] {taskinstance.py:1400} INFO - Marking task as SUCCESS. dag_id=dag_etl, task_id=dim_gender, execution_date=20230430T070950, start_date=20230430T071032, end_date=20230430T071046
[2023-04-30 07:10:46,753] {local_task_job.py:156} INFO - Task exited with return code 0
[2023-04-30 07:10:49,009] {local_task_job.py:273} INFO - 0 downstream tasks scheduled from follow-on schedule check
