[2023-04-30 09:05:57,923] {taskinstance.py:1159} INFO - Dependencies all met for <TaskInstance: dag_etl.rename_extracted_file manual__2023-04-30T09:05:15.056494+00:00 [queued]>
[2023-04-30 09:05:58,051] {taskinstance.py:1159} INFO - Dependencies all met for <TaskInstance: dag_etl.rename_extracted_file manual__2023-04-30T09:05:15.056494+00:00 [queued]>
[2023-04-30 09:05:58,063] {taskinstance.py:1356} INFO - 
--------------------------------------------------------------------------------
[2023-04-30 09:05:58,065] {taskinstance.py:1357} INFO - Starting attempt 1 of 6
[2023-04-30 09:05:58,068] {taskinstance.py:1358} INFO - 
--------------------------------------------------------------------------------
[2023-04-30 09:05:58,260] {taskinstance.py:1377} INFO - Executing <Task(_PythonDecoratedOperator): rename_extracted_file> on 2023-04-30 09:05:15.056494+00:00
[2023-04-30 09:05:58,279] {standard_task_runner.py:52} INFO - Started process 1064 to run task
[2023-04-30 09:05:58,305] {standard_task_runner.py:79} INFO - Running: ['***', 'tasks', 'run', 'dag_etl', 'rename_extracted_file', 'manual__2023-04-30T09:05:15.056494+00:00', '--job-id', '221', '--raw', '--subdir', 'DAGS_FOLDER/dag_etl_taskflow.py', '--cfg-path', '/tmp/tmpnjgclcou', '--error-file', '/tmp/tmpdeqck03z']
[2023-04-30 09:05:58,315] {standard_task_runner.py:80} INFO - Job 221: Subtask rename_extracted_file
[2023-04-30 09:05:58,940] {task_command.py:370} INFO - Running <TaskInstance: dag_etl.rename_extracted_file manual__2023-04-30T09:05:15.056494+00:00 [running]> on host 295d97741f96
[2023-04-30 09:06:00,134] {taskinstance.py:1571} INFO - Exporting the following env vars:
AIRFLOW_CTX_DAG_OWNER=Victor
AIRFLOW_CTX_DAG_ID=dag_etl
AIRFLOW_CTX_TASK_ID=rename_extracted_file
AIRFLOW_CTX_EXECUTION_DATE=2023-04-30T09:05:15.056494+00:00
AIRFLOW_CTX_TRY_NUMBER=1
AIRFLOW_CTX_DAG_RUN_ID=manual__2023-04-30T09:05:15.056494+00:00
[2023-04-30 09:06:00,145] {python.py:173} INFO - Done. Returned value was: /opt/***/data
[2023-04-30 09:06:01,037] {taskinstance.py:1400} INFO - Marking task as SUCCESS. dag_id=dag_etl, task_id=rename_extracted_file, execution_date=20230430T090515, start_date=20230430T090557, end_date=20230430T090601
[2023-04-30 09:06:01,222] {local_task_job.py:156} INFO - Task exited with return code 0
[2023-04-30 09:06:01,651] {local_task_job.py:273} INFO - 7 downstream tasks scheduled from follow-on schedule check
