[2023-05-02 10:34:54,792] {taskinstance.py:1159} INFO - Dependencies all met for <TaskInstance: dag_etl.dim_gender scheduled__2023-04-30T00:00:00+00:00 [queued]>
[2023-05-02 10:34:55,092] {taskinstance.py:1159} INFO - Dependencies all met for <TaskInstance: dag_etl.dim_gender scheduled__2023-04-30T00:00:00+00:00 [queued]>
[2023-05-02 10:34:55,106] {taskinstance.py:1356} INFO - 
--------------------------------------------------------------------------------
[2023-05-02 10:34:55,109] {taskinstance.py:1357} INFO - Starting attempt 1 of 6
[2023-05-02 10:34:55,112] {taskinstance.py:1358} INFO - 
--------------------------------------------------------------------------------
[2023-05-02 10:34:55,951] {taskinstance.py:1377} INFO - Executing <Task(_PythonDecoratedOperator): dim_gender> on 2023-04-30 00:00:00+00:00
[2023-05-02 10:34:56,007] {standard_task_runner.py:52} INFO - Started process 713 to run task
[2023-05-02 10:34:56,045] {standard_task_runner.py:79} INFO - Running: ['***', 'tasks', 'run', 'dag_etl', 'dim_gender', 'scheduled__2023-04-30T00:00:00+00:00', '--job-id', '409', '--raw', '--subdir', 'DAGS_FOLDER/dag_etl_taskflow.py', '--cfg-path', '/tmp/tmp838y_vrb', '--error-file', '/tmp/tmpvnsrr23l']
[2023-05-02 10:34:56,052] {standard_task_runner.py:80} INFO - Job 409: Subtask dim_gender
[2023-05-02 10:34:57,690] {task_command.py:370} INFO - Running <TaskInstance: dag_etl.dim_gender scheduled__2023-04-30T00:00:00+00:00 [running]> on host 295d97741f96
[2023-05-02 10:35:02,606] {taskinstance.py:1571} INFO - Exporting the following env vars:
AIRFLOW_CTX_DAG_OWNER=Victor
AIRFLOW_CTX_DAG_ID=dag_etl
AIRFLOW_CTX_TASK_ID=dim_gender
AIRFLOW_CTX_EXECUTION_DATE=2023-04-30T00:00:00+00:00
AIRFLOW_CTX_TRY_NUMBER=1
AIRFLOW_CTX_DAG_RUN_ID=scheduled__2023-04-30T00:00:00+00:00
[2023-05-02 10:35:04,157] {base.py:68} INFO - Using connection ID 'postgres_conn' for task execution.
[2023-05-02 10:35:04,913] {python.py:173} INFO - Done. Returned value was: None
[2023-05-02 10:35:06,102] {taskinstance.py:1400} INFO - Marking task as SUCCESS. dag_id=dag_etl, task_id=dim_gender, execution_date=20230430T000000, start_date=20230502T103454, end_date=20230502T103506
[2023-05-02 10:35:06,947] {local_task_job.py:156} INFO - Task exited with return code 0
[2023-05-02 10:35:07,787] {local_task_job.py:273} INFO - 0 downstream tasks scheduled from follow-on schedule check
[2023-05-02 10:39:26,655] {taskinstance.py:1153} INFO - Dependencies not met for <TaskInstance: dag_etl.dim_gender scheduled__2023-04-30T00:00:00+00:00 [success]>, dependency 'Task Instance State' FAILED: Task is in the 'success' state.
[2023-05-02 10:39:26,906] {local_task_job.py:101} INFO - Task is not able to be run
