[2023-05-02 15:14:18,780] {taskinstance.py:1159} INFO - Dependencies all met for <TaskInstance: dag_etl_date.dim_city manual__2023-05-02T15:13:48.299245+00:00 [queued]>
[2023-05-02 15:14:18,889] {taskinstance.py:1159} INFO - Dependencies all met for <TaskInstance: dag_etl_date.dim_city manual__2023-05-02T15:13:48.299245+00:00 [queued]>
[2023-05-02 15:14:18,899] {taskinstance.py:1356} INFO - 
--------------------------------------------------------------------------------
[2023-05-02 15:14:18,900] {taskinstance.py:1357} INFO - Starting attempt 1 of 6
[2023-05-02 15:14:18,901] {taskinstance.py:1358} INFO - 
--------------------------------------------------------------------------------
[2023-05-02 15:14:19,113] {taskinstance.py:1377} INFO - Executing <Task(_PythonDecoratedOperator): dim_city> on 2023-05-02 15:13:48.299245+00:00
[2023-05-02 15:14:19,123] {standard_task_runner.py:52} INFO - Started process 1683 to run task
[2023-05-02 15:14:19,158] {standard_task_runner.py:79} INFO - Running: ['***', 'tasks', 'run', 'dag_etl_date', 'dim_city', 'manual__2023-05-02T15:13:48.299245+00:00', '--job-id', '690', '--raw', '--subdir', 'DAGS_FOLDER/dag_etl_taskflow_date.py', '--cfg-path', '/tmp/tmpy3fc8l04', '--error-file', '/tmp/tmpfopso0cy']
[2023-05-02 15:14:19,162] {standard_task_runner.py:80} INFO - Job 690: Subtask dim_city
[2023-05-02 15:14:20,206] {task_command.py:370} INFO - Running <TaskInstance: dag_etl_date.dim_city manual__2023-05-02T15:13:48.299245+00:00 [running]> on host 295d97741f96
[2023-05-02 15:14:23,227] {taskinstance.py:1571} INFO - Exporting the following env vars:
AIRFLOW_CTX_DAG_OWNER=Victor
AIRFLOW_CTX_DAG_ID=dag_etl_date
AIRFLOW_CTX_TASK_ID=dim_city
AIRFLOW_CTX_EXECUTION_DATE=2023-05-02T15:13:48.299245+00:00
AIRFLOW_CTX_TRY_NUMBER=1
AIRFLOW_CTX_DAG_RUN_ID=manual__2023-05-02T15:13:48.299245+00:00
[2023-05-02 15:14:23,786] {base.py:68} INFO - Using connection ID 'postgres_conn' for task execution.
[2023-05-02 15:14:24,689] {python.py:173} INFO - Done. Returned value was: None
[2023-05-02 15:14:25,903] {taskinstance.py:1400} INFO - Marking task as SUCCESS. dag_id=dag_etl_date, task_id=dim_city, execution_date=20230502T151348, start_date=20230502T151418, end_date=20230502T151425
[2023-05-02 15:14:26,493] {local_task_job.py:221} WARNING - State of this instance has been externally set to success. Terminating instance.
[2023-05-02 15:14:26,542] {process_utils.py:129} INFO - Sending Signals.SIGTERM to group 1683. PIDs of all processes in the group: [1683]
[2023-05-02 15:14:26,544] {process_utils.py:80} INFO - Sending the signal Signals.SIGTERM to group 1683
[2023-05-02 15:14:26,555] {process_utils.py:75} INFO - Process psutil.Process(pid=1683, status='terminated', exitcode=0, started='15:14:19') (1683) terminated with exit code 0
