[2023-04-30 07:36:36,400] {taskinstance.py:1159} INFO - Dependencies all met for <TaskInstance: dag_etl.rename_extracted_file manual__2023-04-30T07:36:08.295748+00:00 [queued]>
[2023-04-30 07:36:36,492] {taskinstance.py:1159} INFO - Dependencies all met for <TaskInstance: dag_etl.rename_extracted_file manual__2023-04-30T07:36:08.295748+00:00 [queued]>
[2023-04-30 07:36:36,497] {taskinstance.py:1356} INFO - 
--------------------------------------------------------------------------------
[2023-04-30 07:36:36,502] {taskinstance.py:1357} INFO - Starting attempt 1 of 6
[2023-04-30 07:36:36,504] {taskinstance.py:1358} INFO - 
--------------------------------------------------------------------------------
[2023-04-30 07:36:36,714] {taskinstance.py:1377} INFO - Executing <Task(_PythonDecoratedOperator): rename_extracted_file> on 2023-04-30 07:36:08.295748+00:00
[2023-04-30 07:36:36,730] {standard_task_runner.py:52} INFO - Started process 430 to run task
[2023-04-30 07:36:36,759] {standard_task_runner.py:79} INFO - Running: ['***', 'tasks', 'run', 'dag_etl', 'rename_extracted_file', 'manual__2023-04-30T07:36:08.295748+00:00', '--job-id', '109', '--raw', '--subdir', 'DAGS_FOLDER/dag_etl_taskflow.py', '--cfg-path', '/tmp/tmppisc81pk', '--error-file', '/tmp/tmp0kqk3znp']
[2023-04-30 07:36:36,769] {standard_task_runner.py:80} INFO - Job 109: Subtask rename_extracted_file
[2023-04-30 07:36:37,574] {task_command.py:370} INFO - Running <TaskInstance: dag_etl.rename_extracted_file manual__2023-04-30T07:36:08.295748+00:00 [running]> on host 295d97741f96
[2023-04-30 07:36:38,778] {taskinstance.py:1571} INFO - Exporting the following env vars:
AIRFLOW_CTX_DAG_OWNER=Victor
AIRFLOW_CTX_DAG_ID=dag_etl
AIRFLOW_CTX_TASK_ID=rename_extracted_file
AIRFLOW_CTX_EXECUTION_DATE=2023-04-30T07:36:08.295748+00:00
AIRFLOW_CTX_TRY_NUMBER=1
AIRFLOW_CTX_DAG_RUN_ID=manual__2023-04-30T07:36:08.295748+00:00
[2023-04-30 07:36:38,793] {python.py:173} INFO - Done. Returned value was: /opt/***/data
[2023-04-30 07:36:39,372] {taskinstance.py:1400} INFO - Marking task as SUCCESS. dag_id=dag_etl, task_id=rename_extracted_file, execution_date=20230430T073608, start_date=20230430T073636, end_date=20230430T073639
[2023-04-30 07:36:39,477] {local_task_job.py:156} INFO - Task exited with return code 0
[2023-04-30 07:36:39,866] {local_task_job.py:273} INFO - 9 downstream tasks scheduled from follow-on schedule check
