[2023-05-02 15:11:26,772] {taskinstance.py:1159} INFO - Dependencies all met for <TaskInstance: dag_etl_date.sensor_s3_obj manual__2023-05-02T15:11:22.892155+00:00 [queued]>
[2023-05-02 15:11:26,837] {taskinstance.py:1159} INFO - Dependencies all met for <TaskInstance: dag_etl_date.sensor_s3_obj manual__2023-05-02T15:11:22.892155+00:00 [queued]>
[2023-05-02 15:11:26,839] {taskinstance.py:1356} INFO - 
--------------------------------------------------------------------------------
[2023-05-02 15:11:26,840] {taskinstance.py:1357} INFO - Starting attempt 1 of 6
[2023-05-02 15:11:26,840] {taskinstance.py:1358} INFO - 
--------------------------------------------------------------------------------
[2023-05-02 15:11:26,948] {taskinstance.py:1377} INFO - Executing <Task(S3KeySensor): sensor_s3_obj> on 2023-05-02 15:11:22.892155+00:00
[2023-05-02 15:11:26,959] {standard_task_runner.py:52} INFO - Started process 1326 to run task
[2023-05-02 15:11:26,976] {standard_task_runner.py:79} INFO - Running: ['***', 'tasks', 'run', 'dag_etl_date', 'sensor_s3_obj', 'manual__2023-05-02T15:11:22.892155+00:00', '--job-id', '669', '--raw', '--subdir', 'DAGS_FOLDER/dag_etl_taskflow_date.py', '--cfg-path', '/tmp/tmpjtwppeej', '--error-file', '/tmp/tmpe9_062tb']
[2023-05-02 15:11:26,987] {standard_task_runner.py:80} INFO - Job 669: Subtask sensor_s3_obj
[2023-05-02 15:11:27,494] {task_command.py:370} INFO - Running <TaskInstance: dag_etl_date.sensor_s3_obj manual__2023-05-02T15:11:22.892155+00:00 [running]> on host 295d97741f96
[2023-05-02 15:11:28,801] {taskinstance.py:1571} INFO - Exporting the following env vars:
AIRFLOW_CTX_DAG_OWNER=Victor
AIRFLOW_CTX_DAG_ID=dag_etl_date
AIRFLOW_CTX_TASK_ID=sensor_s3_obj
AIRFLOW_CTX_EXECUTION_DATE=2023-05-02T15:11:22.892155+00:00
AIRFLOW_CTX_TRY_NUMBER=1
AIRFLOW_CTX_DAG_RUN_ID=manual__2023-05-02T15:11:22.892155+00:00
[2023-05-02 15:11:28,806] {s3.py:104} INFO - Poking for key : s3://raw/supermarket_sales.csv
[2023-05-02 15:11:28,893] {base.py:68} INFO - Using connection ID 'minio_conn' for task execution.
[2023-05-02 15:11:28,906] {base_aws.py:206} INFO - Credentials retrieved from login
[2023-05-02 15:11:29,393] {base.py:301} INFO - Success criteria met. Exiting.
[2023-05-02 15:11:29,735] {taskinstance.py:1400} INFO - Marking task as SUCCESS. dag_id=dag_etl_date, task_id=sensor_s3_obj, execution_date=20230502T151122, start_date=20230502T151126, end_date=20230502T151129
[2023-05-02 15:11:29,857] {local_task_job.py:156} INFO - Task exited with return code 0
[2023-05-02 15:11:30,335] {local_task_job.py:273} INFO - 2 downstream tasks scheduled from follow-on schedule check
