[2023-04-30 07:03:35,660] {taskinstance.py:1159} INFO - Dependencies all met for <TaskInstance: dag_etl.dim_time manual__2023-04-30T07:01:56.678142+00:00 [queued]>
[2023-04-30 07:03:36,239] {taskinstance.py:1159} INFO - Dependencies all met for <TaskInstance: dag_etl.dim_time manual__2023-04-30T07:01:56.678142+00:00 [queued]>
[2023-04-30 07:03:36,242] {taskinstance.py:1356} INFO - 
--------------------------------------------------------------------------------
[2023-04-30 07:03:36,248] {taskinstance.py:1357} INFO - Starting attempt 1 of 6
[2023-04-30 07:03:36,251] {taskinstance.py:1358} INFO - 
--------------------------------------------------------------------------------
[2023-04-30 07:03:36,915] {taskinstance.py:1377} INFO - Executing <Task(_PythonDecoratedOperator): dim_time> on 2023-04-30 07:01:56.678142+00:00
[2023-04-30 07:03:37,015] {standard_task_runner.py:52} INFO - Started process 999 to run task
[2023-04-30 07:03:37,192] {standard_task_runner.py:79} INFO - Running: ['***', 'tasks', 'run', 'dag_etl', 'dim_time', 'manual__2023-04-30T07:01:56.678142+00:00', '--job-id', '64', '--raw', '--subdir', 'DAGS_FOLDER/dag_etl_taskflow.py', '--cfg-path', '/tmp/tmpkun1qx2z', '--error-file', '/tmp/tmpoe29vb8s']
[2023-04-30 07:03:37,217] {standard_task_runner.py:80} INFO - Job 64: Subtask dim_time
[2023-04-30 07:03:39,700] {task_command.py:370} INFO - Running <TaskInstance: dag_etl.dim_time manual__2023-04-30T07:01:56.678142+00:00 [running]> on host 295d97741f96
[2023-04-30 07:03:45,755] {taskinstance.py:1571} INFO - Exporting the following env vars:
AIRFLOW_CTX_DAG_OWNER=Victor
AIRFLOW_CTX_DAG_ID=dag_etl
AIRFLOW_CTX_TASK_ID=dim_time
AIRFLOW_CTX_EXECUTION_DATE=2023-04-30T07:01:56.678142+00:00
AIRFLOW_CTX_TRY_NUMBER=1
AIRFLOW_CTX_DAG_RUN_ID=manual__2023-04-30T07:01:56.678142+00:00
[2023-04-30 07:03:50,685] {base.py:68} INFO - Using connection ID 'postgres_conn' for task execution.
[2023-04-30 07:03:55,341] {python.py:173} INFO - Done. Returned value was: None
[2023-04-30 07:03:56,180] {taskinstance.py:1400} INFO - Marking task as SUCCESS. dag_id=dag_etl, task_id=dim_time, execution_date=20230430T070156, start_date=20230430T070335, end_date=20230430T070356
[2023-04-30 07:03:56,766] {local_task_job.py:156} INFO - Task exited with return code 0
[2023-04-30 07:04:00,367] {local_task_job.py:273} INFO - 0 downstream tasks scheduled from follow-on schedule check
