[2023-05-02 13:47:50,212] {taskinstance.py:1159} INFO - Dependencies all met for <TaskInstance: dag_etl.dim_branch manual__2023-05-02T13:47:08.064702+00:00 [queued]>
[2023-05-02 13:47:50,614] {taskinstance.py:1159} INFO - Dependencies all met for <TaskInstance: dag_etl.dim_branch manual__2023-05-02T13:47:08.064702+00:00 [queued]>
[2023-05-02 13:47:50,625] {taskinstance.py:1356} INFO - 
--------------------------------------------------------------------------------
[2023-05-02 13:47:50,628] {taskinstance.py:1357} INFO - Starting attempt 1 of 6
[2023-05-02 13:47:50,654] {taskinstance.py:1358} INFO - 
--------------------------------------------------------------------------------
[2023-05-02 13:47:51,021] {taskinstance.py:1377} INFO - Executing <Task(_PythonDecoratedOperator): dim_branch> on 2023-05-02 13:47:08.064702+00:00
[2023-05-02 13:47:51,092] {standard_task_runner.py:52} INFO - Started process 883 to run task
[2023-05-02 13:47:51,204] {standard_task_runner.py:79} INFO - Running: ['***', 'tasks', 'run', 'dag_etl', 'dim_branch', 'manual__2023-05-02T13:47:08.064702+00:00', '--job-id', '574', '--raw', '--subdir', 'DAGS_FOLDER/dag_etl_taskflow.py', '--cfg-path', '/tmp/tmp0qyy40ox', '--error-file', '/tmp/tmpbn3naofs']
[2023-05-02 13:47:51,235] {standard_task_runner.py:80} INFO - Job 574: Subtask dim_branch
[2023-05-02 13:47:52,995] {task_command.py:370} INFO - Running <TaskInstance: dag_etl.dim_branch manual__2023-05-02T13:47:08.064702+00:00 [running]> on host 295d97741f96
[2023-05-02 13:47:56,020] {taskinstance.py:1571} INFO - Exporting the following env vars:
AIRFLOW_CTX_DAG_OWNER=Victor
AIRFLOW_CTX_DAG_ID=dag_etl
AIRFLOW_CTX_TASK_ID=dim_branch
AIRFLOW_CTX_EXECUTION_DATE=2023-05-02T13:47:08.064702+00:00
AIRFLOW_CTX_TRY_NUMBER=1
AIRFLOW_CTX_DAG_RUN_ID=manual__2023-05-02T13:47:08.064702+00:00
[2023-05-02 13:47:56,764] {base.py:68} INFO - Using connection ID 'postgres_conn' for task execution.
[2023-05-02 13:47:57,794] {python.py:173} INFO - Done. Returned value was: None
[2023-05-02 13:47:58,435] {taskinstance.py:1400} INFO - Marking task as SUCCESS. dag_id=dag_etl, task_id=dim_branch, execution_date=20230502T134708, start_date=20230502T134750, end_date=20230502T134758
[2023-05-02 13:47:58,610] {local_task_job.py:156} INFO - Task exited with return code 0
[2023-05-02 13:47:59,524] {local_task_job.py:273} INFO - 1 downstream tasks scheduled from follow-on schedule check
