[2023-05-02 10:40:02,041] {taskinstance.py:1159} INFO - Dependencies all met for <TaskInstance: dag_etl.extract_from_s3 manual__2023-05-02T10:39:49.817893+00:00 [queued]>
[2023-05-02 10:40:02,134] {taskinstance.py:1159} INFO - Dependencies all met for <TaskInstance: dag_etl.extract_from_s3 manual__2023-05-02T10:39:49.817893+00:00 [queued]>
[2023-05-02 10:40:02,135] {taskinstance.py:1356} INFO - 
--------------------------------------------------------------------------------
[2023-05-02 10:40:02,137] {taskinstance.py:1357} INFO - Starting attempt 1 of 6
[2023-05-02 10:40:02,138] {taskinstance.py:1358} INFO - 
--------------------------------------------------------------------------------
[2023-05-02 10:40:02,299] {taskinstance.py:1377} INFO - Executing <Task(_PythonDecoratedOperator): extract_from_s3> on 2023-05-02 10:39:49.817893+00:00
[2023-05-02 10:40:02,331] {standard_task_runner.py:52} INFO - Started process 1259 to run task
[2023-05-02 10:40:02,360] {standard_task_runner.py:79} INFO - Running: ['***', 'tasks', 'run', 'dag_etl', 'extract_from_s3', 'manual__2023-05-02T10:39:49.817893+00:00', '--job-id', '452', '--raw', '--subdir', 'DAGS_FOLDER/dag_etl_taskflow.py', '--cfg-path', '/tmp/tmpzx0aejxj', '--error-file', '/tmp/tmpodbmxsk7']
[2023-05-02 10:40:02,366] {standard_task_runner.py:80} INFO - Job 452: Subtask extract_from_s3
[2023-05-02 10:40:02,845] {task_command.py:370} INFO - Running <TaskInstance: dag_etl.extract_from_s3 manual__2023-05-02T10:39:49.817893+00:00 [running]> on host 295d97741f96
[2023-05-02 10:40:03,630] {taskinstance.py:1571} INFO - Exporting the following env vars:
AIRFLOW_CTX_DAG_OWNER=Victor
AIRFLOW_CTX_DAG_ID=dag_etl
AIRFLOW_CTX_TASK_ID=extract_from_s3
AIRFLOW_CTX_EXECUTION_DATE=2023-05-02T10:39:49.817893+00:00
AIRFLOW_CTX_TRY_NUMBER=1
AIRFLOW_CTX_DAG_RUN_ID=manual__2023-05-02T10:39:49.817893+00:00
[2023-05-02 10:40:03,639] {s3.py:861} INFO - Downloading source S3 file from Bucket raw with path supermarket_sales.csv
[2023-05-02 10:40:03,735] {base.py:68} INFO - Using connection ID 'minio_conn' for task execution.
[2023-05-02 10:40:03,741] {base_aws.py:206} INFO - Credentials retrieved from login
[2023-05-02 10:40:04,512] {python.py:173} INFO - Done. Returned value was: /opt/***/data/***_tmp_ier8vrtz
[2023-05-02 10:40:04,755] {taskinstance.py:1400} INFO - Marking task as SUCCESS. dag_id=dag_etl, task_id=extract_from_s3, execution_date=20230502T103949, start_date=20230502T104002, end_date=20230502T104004
[2023-05-02 10:40:04,878] {local_task_job.py:156} INFO - Task exited with return code 0
[2023-05-02 10:40:05,226] {local_task_job.py:273} INFO - 1 downstream tasks scheduled from follow-on schedule check
