[2023-04-30 18:04:42,532] {taskinstance.py:1159} INFO - Dependencies all met for <TaskInstance: dag_etl.dim_city manual__2023-04-30T18:03:01.890216+00:00 [queued]>
[2023-04-30 18:04:43,317] {taskinstance.py:1159} INFO - Dependencies all met for <TaskInstance: dag_etl.dim_city manual__2023-04-30T18:03:01.890216+00:00 [queued]>
[2023-04-30 18:04:43,337] {taskinstance.py:1356} INFO - 
--------------------------------------------------------------------------------
[2023-04-30 18:04:43,344] {taskinstance.py:1357} INFO - Starting attempt 1 of 6
[2023-04-30 18:04:43,356] {taskinstance.py:1358} INFO - 
--------------------------------------------------------------------------------
[2023-04-30 18:04:45,053] {taskinstance.py:1377} INFO - Executing <Task(_PythonDecoratedOperator): dim_city> on 2023-04-30 18:03:01.890216+00:00
[2023-04-30 18:04:45,196] {standard_task_runner.py:52} INFO - Started process 1569 to run task
[2023-04-30 18:04:45,401] {standard_task_runner.py:79} INFO - Running: ['***', 'tasks', 'run', 'dag_etl', 'dim_city', 'manual__2023-04-30T18:03:01.890216+00:00', '--job-id', '360', '--raw', '--subdir', 'DAGS_FOLDER/dag_etl_taskflow.py', '--cfg-path', '/tmp/tmpjuk7w8g6', '--error-file', '/tmp/tmpxngwf0x9']
[2023-04-30 18:04:45,466] {standard_task_runner.py:80} INFO - Job 360: Subtask dim_city
[2023-04-30 18:04:49,969] {task_command.py:370} INFO - Running <TaskInstance: dag_etl.dim_city manual__2023-04-30T18:03:01.890216+00:00 [running]> on host 295d97741f96
[2023-04-30 18:04:58,730] {taskinstance.py:1571} INFO - Exporting the following env vars:
AIRFLOW_CTX_DAG_OWNER=Victor
AIRFLOW_CTX_DAG_ID=dag_etl
AIRFLOW_CTX_TASK_ID=dim_city
AIRFLOW_CTX_EXECUTION_DATE=2023-04-30T18:03:01.890216+00:00
AIRFLOW_CTX_TRY_NUMBER=1
AIRFLOW_CTX_DAG_RUN_ID=manual__2023-04-30T18:03:01.890216+00:00
[2023-04-30 18:05:00,178] {base.py:68} INFO - Using connection ID 'postgres_conn' for task execution.
[2023-04-30 18:05:02,235] {python.py:173} INFO - Done. Returned value was: None
[2023-04-30 18:05:07,241] {taskinstance.py:1400} INFO - Marking task as SUCCESS. dag_id=dag_etl, task_id=dim_city, execution_date=20230430T180301, start_date=20230430T180442, end_date=20230430T180507
[2023-04-30 18:05:07,701] {local_task_job.py:156} INFO - Task exited with return code 0
[2023-04-30 18:05:10,475] {local_task_job.py:273} INFO - 1 downstream tasks scheduled from follow-on schedule check
