[2023-08-17 16:26:46,444] {taskinstance.py:1179} INFO - Dependencies all met for <TaskInstance: dag_etl.sensor_s3_obj manual__2023-08-17T16:26:36.999453+00:00 [queued]>
[2023-08-17 16:26:46,659] {taskinstance.py:1179} INFO - Dependencies all met for <TaskInstance: dag_etl.sensor_s3_obj manual__2023-08-17T16:26:36.999453+00:00 [queued]>
[2023-08-17 16:26:46,675] {taskinstance.py:1376} INFO - 
--------------------------------------------------------------------------------
[2023-08-17 16:26:46,675] {taskinstance.py:1377} INFO - Starting attempt 1 of 6
[2023-08-17 16:26:46,679] {taskinstance.py:1378} INFO - 
--------------------------------------------------------------------------------
[2023-08-17 16:26:47,126] {taskinstance.py:1397} INFO - Executing <Task(S3KeySensor): sensor_s3_obj> on 2023-08-17 16:26:36.999453+00:00
[2023-08-17 16:26:47,283] {standard_task_runner.py:79} INFO - Running: ['***', 'tasks', 'run', 'dag_etl', 'sensor_s3_obj', 'manual__2023-08-17T16:26:36.999453+00:00', '--job-id', '13', '--raw', '--subdir', 'DAGS_FOLDER/dag_etl_taskflow.py', '--cfg-path', '/tmp/tmprktn5fyv', '--error-file', '/tmp/tmplyg8__uj']
[2023-08-17 16:26:47,311] {standard_task_runner.py:80} INFO - Job 13: Subtask sensor_s3_obj
[2023-08-17 16:26:47,355] {standard_task_runner.py:52} INFO - Started process 1304 to run task
[2023-08-17 16:26:48,767] {task_command.py:371} INFO - Running <TaskInstance: dag_etl.sensor_s3_obj manual__2023-08-17T16:26:36.999453+00:00 [running]> on host 1ea22a5e1d7f
[2023-08-17 16:26:49,648] {taskinstance.py:1591} INFO - Exporting the following env vars:
AIRFLOW_CTX_DAG_OWNER=Victor
AIRFLOW_CTX_DAG_ID=dag_etl
AIRFLOW_CTX_TASK_ID=sensor_s3_obj
AIRFLOW_CTX_EXECUTION_DATE=2023-08-17T16:26:36.999453+00:00
AIRFLOW_CTX_TRY_NUMBER=1
AIRFLOW_CTX_DAG_RUN_ID=manual__2023-08-17T16:26:36.999453+00:00
[2023-08-17 16:26:49,657] {s3.py:104} INFO - Poking for key : s3://raw/raw
[2023-08-17 16:26:49,842] {base.py:68} INFO - Using connection ID 'minio_conn' for task execution.
[2023-08-17 16:26:49,886] {base_aws.py:210} INFO - Credentials retrieved from extra_config
[2023-08-17 16:26:57,990] {s3.py:104} INFO - Poking for key : s3://raw/raw
[2023-08-17 16:27:03,005] {s3.py:104} INFO - Poking for key : s3://raw/raw
[2023-08-17 16:27:08,019] {s3.py:104} INFO - Poking for key : s3://raw/raw
[2023-08-17 16:27:13,032] {s3.py:104} INFO - Poking for key : s3://raw/raw
[2023-08-17 16:27:18,052] {s3.py:104} INFO - Poking for key : s3://raw/raw
[2023-08-17 16:27:23,076] {s3.py:104} INFO - Poking for key : s3://raw/raw
[2023-08-17 16:27:23,081] {taskinstance.py:1909} ERROR - Task failed with exception
Traceback (most recent call last):
  File "/home/airflow/.local/lib/python3.7/site-packages/airflow/sensors/base.py", line 288, in execute
    raise AirflowSensorTimeout(f"Snap. Time is OUT. DAG id: {log_dag_id}")
airflow.exceptions.AirflowSensorTimeout: Snap. Time is OUT. DAG id: dag_etl
[2023-08-17 16:27:23,103] {taskinstance.py:1420} INFO - Immediate failure requested. Marking task as FAILED. dag_id=dag_etl, task_id=sensor_s3_obj, execution_date=20230817T162636, start_date=20230817T162646, end_date=20230817T162723
[2023-08-17 16:27:23,120] {standard_task_runner.py:97} ERROR - Failed to execute job 13 for task sensor_s3_obj (Snap. Time is OUT. DAG id: dag_etl; 1304)
[2023-08-17 16:27:23,166] {local_task_job.py:156} INFO - Task exited with return code 1
[2023-08-17 16:27:23,222] {local_task_job.py:273} INFO - 0 downstream tasks scheduled from follow-on schedule check
