[2023-04-30 12:05:20,703] {taskinstance.py:1159} INFO - Dependencies all met for <TaskInstance: dag_etl.clear_data_directory manual__2023-04-30T12:03:10.806501+00:00 [queued]>
[2023-04-30 12:05:20,776] {taskinstance.py:1159} INFO - Dependencies all met for <TaskInstance: dag_etl.clear_data_directory manual__2023-04-30T12:03:10.806501+00:00 [queued]>
[2023-04-30 12:05:20,778] {taskinstance.py:1356} INFO - 
--------------------------------------------------------------------------------
[2023-04-30 12:05:20,778] {taskinstance.py:1357} INFO - Starting attempt 1 of 6
[2023-04-30 12:05:20,779] {taskinstance.py:1358} INFO - 
--------------------------------------------------------------------------------
[2023-04-30 12:05:20,882] {taskinstance.py:1377} INFO - Executing <Task(BashOperator): clear_data_directory> on 2023-04-30 12:03:10.806501+00:00
[2023-04-30 12:05:20,893] {standard_task_runner.py:52} INFO - Started process 1180 to run task
[2023-04-30 12:05:20,902] {standard_task_runner.py:79} INFO - Running: ['***', 'tasks', 'run', 'dag_etl', 'clear_data_directory', 'manual__2023-04-30T12:03:10.806501+00:00', '--job-id', '297', '--raw', '--subdir', 'DAGS_FOLDER/dag_etl_taskflow.py', '--cfg-path', '/tmp/tmpk53672c9', '--error-file', '/tmp/tmphv22sxmr']
[2023-04-30 12:05:20,905] {standard_task_runner.py:80} INFO - Job 297: Subtask clear_data_directory
[2023-04-30 12:05:21,455] {task_command.py:370} INFO - Running <TaskInstance: dag_etl.clear_data_directory manual__2023-04-30T12:03:10.806501+00:00 [running]> on host 295d97741f96
[2023-04-30 12:05:22,108] {taskinstance.py:1571} INFO - Exporting the following env vars:
AIRFLOW_CTX_DAG_OWNER=Victor
AIRFLOW_CTX_DAG_ID=dag_etl
AIRFLOW_CTX_TASK_ID=clear_data_directory
AIRFLOW_CTX_EXECUTION_DATE=2023-04-30T12:03:10.806501+00:00
AIRFLOW_CTX_TRY_NUMBER=1
AIRFLOW_CTX_DAG_RUN_ID=manual__2023-04-30T12:03:10.806501+00:00
[2023-04-30 12:05:22,114] {subprocess.py:62} INFO - Tmp dir root location: 
 /tmp
[2023-04-30 12:05:22,116] {subprocess.py:74} INFO - Running command: ['bash', '-c', 'rm -rf data/* | echo "y"']
[2023-04-30 12:05:22,136] {subprocess.py:85} INFO - Output:
[2023-04-30 12:05:22,187] {subprocess.py:92} INFO - y
[2023-04-30 12:05:22,226] {subprocess.py:96} INFO - Command exited with return code 0
[2023-04-30 12:05:22,496] {taskinstance.py:1400} INFO - Marking task as SUCCESS. dag_id=dag_etl, task_id=clear_data_directory, execution_date=20230430T120310, start_date=20230430T120520, end_date=20230430T120522
[2023-04-30 12:05:22,611] {local_task_job.py:156} INFO - Task exited with return code 0
[2023-04-30 12:05:23,054] {local_task_job.py:273} INFO - 0 downstream tasks scheduled from follow-on schedule check
