[2023-05-02 16:30:43,071] {taskinstance.py:1159} INFO - Dependencies all met for <TaskInstance: dag_etl.dim_branch manual__2023-05-02T16:29:52.493494+00:00 [queued]>
[2023-05-02 16:30:43,174] {taskinstance.py:1159} INFO - Dependencies all met for <TaskInstance: dag_etl.dim_branch manual__2023-05-02T16:29:52.493494+00:00 [queued]>
[2023-05-02 16:30:43,175] {taskinstance.py:1356} INFO - 
--------------------------------------------------------------------------------
[2023-05-02 16:30:43,176] {taskinstance.py:1357} INFO - Starting attempt 1 of 6
[2023-05-02 16:30:43,177] {taskinstance.py:1358} INFO - 
--------------------------------------------------------------------------------
[2023-05-02 16:30:43,423] {taskinstance.py:1377} INFO - Executing <Task(_PythonDecoratedOperator): dim_branch> on 2023-05-02 16:29:52.493494+00:00
[2023-05-02 16:30:43,444] {standard_task_runner.py:52} INFO - Started process 655 to run task
[2023-05-02 16:30:43,481] {standard_task_runner.py:79} INFO - Running: ['***', 'tasks', 'run', 'dag_etl', 'dim_branch', 'manual__2023-05-02T16:29:52.493494+00:00', '--job-id', '772', '--raw', '--subdir', 'DAGS_FOLDER/dag_etl_taskflow.py', '--cfg-path', '/tmp/tmpd83vap0n', '--error-file', '/tmp/tmp8cn0b41n']
[2023-05-02 16:30:43,486] {standard_task_runner.py:80} INFO - Job 772: Subtask dim_branch
[2023-05-02 16:30:44,668] {task_command.py:370} INFO - Running <TaskInstance: dag_etl.dim_branch manual__2023-05-02T16:29:52.493494+00:00 [running]> on host 295d97741f96
[2023-05-02 16:30:47,197] {taskinstance.py:1571} INFO - Exporting the following env vars:
AIRFLOW_CTX_DAG_OWNER=Victor
AIRFLOW_CTX_DAG_ID=dag_etl
AIRFLOW_CTX_TASK_ID=dim_branch
AIRFLOW_CTX_EXECUTION_DATE=2023-05-02T16:29:52.493494+00:00
AIRFLOW_CTX_TRY_NUMBER=1
AIRFLOW_CTX_DAG_RUN_ID=manual__2023-05-02T16:29:52.493494+00:00
[2023-05-02 16:30:47,779] {base.py:68} INFO - Using connection ID 'postgres_conn' for task execution.
[2023-05-02 16:30:48,454] {python.py:173} INFO - Done. Returned value was: None
[2023-05-02 16:30:49,807] {taskinstance.py:1400} INFO - Marking task as SUCCESS. dag_id=dag_etl, task_id=dim_branch, execution_date=20230502T162952, start_date=20230502T163043, end_date=20230502T163049
[2023-05-02 16:30:50,167] {local_task_job.py:156} INFO - Task exited with return code 0
[2023-05-02 16:30:51,191] {local_task_job.py:273} INFO - 0 downstream tasks scheduled from follow-on schedule check
