[2023-05-02 10:34:53,580] {taskinstance.py:1159} INFO - Dependencies all met for <TaskInstance: dag_etl.dim_product_line scheduled__2023-04-30T00:00:00+00:00 [queued]>
[2023-05-02 10:34:53,906] {taskinstance.py:1159} INFO - Dependencies all met for <TaskInstance: dag_etl.dim_product_line scheduled__2023-04-30T00:00:00+00:00 [queued]>
[2023-05-02 10:34:53,928] {taskinstance.py:1356} INFO - 
--------------------------------------------------------------------------------
[2023-05-02 10:34:53,931] {taskinstance.py:1357} INFO - Starting attempt 1 of 6
[2023-05-02 10:34:53,935] {taskinstance.py:1358} INFO - 
--------------------------------------------------------------------------------
[2023-05-02 10:34:54,404] {taskinstance.py:1377} INFO - Executing <Task(_PythonDecoratedOperator): dim_product_line> on 2023-04-30 00:00:00+00:00
[2023-05-02 10:34:54,431] {standard_task_runner.py:52} INFO - Started process 711 to run task
[2023-05-02 10:34:54,527] {standard_task_runner.py:79} INFO - Running: ['***', 'tasks', 'run', 'dag_etl', 'dim_product_line', 'scheduled__2023-04-30T00:00:00+00:00', '--job-id', '408', '--raw', '--subdir', 'DAGS_FOLDER/dag_etl_taskflow.py', '--cfg-path', '/tmp/tmp8z6re1x3', '--error-file', '/tmp/tmpzfg7vbqv']
[2023-05-02 10:34:54,556] {standard_task_runner.py:80} INFO - Job 408: Subtask dim_product_line
[2023-05-02 10:34:56,003] {task_command.py:370} INFO - Running <TaskInstance: dag_etl.dim_product_line scheduled__2023-04-30T00:00:00+00:00 [running]> on host 295d97741f96
[2023-05-02 10:34:59,280] {taskinstance.py:1571} INFO - Exporting the following env vars:
AIRFLOW_CTX_DAG_OWNER=Victor
AIRFLOW_CTX_DAG_ID=dag_etl
AIRFLOW_CTX_TASK_ID=dim_product_line
AIRFLOW_CTX_EXECUTION_DATE=2023-04-30T00:00:00+00:00
AIRFLOW_CTX_TRY_NUMBER=1
AIRFLOW_CTX_DAG_RUN_ID=scheduled__2023-04-30T00:00:00+00:00
[2023-05-02 10:35:00,815] {base.py:68} INFO - Using connection ID 'postgres_conn' for task execution.
[2023-05-02 10:35:02,458] {python.py:173} INFO - Done. Returned value was: None
[2023-05-02 10:35:03,150] {taskinstance.py:1400} INFO - Marking task as SUCCESS. dag_id=dag_etl, task_id=dim_product_line, execution_date=20230430T000000, start_date=20230502T103453, end_date=20230502T103503
[2023-05-02 10:35:03,726] {local_task_job.py:156} INFO - Task exited with return code 0
[2023-05-02 10:35:06,065] {local_task_job.py:273} INFO - 0 downstream tasks scheduled from follow-on schedule check
