[2023-08-17 16:39:15,114] {taskinstance.py:1179} INFO - Dependencies all met for <TaskInstance: dag_etl.update_fact_table manual__2023-08-17T16:39:02.613613+00:00 [queued]>
[2023-08-17 16:39:15,122] {taskinstance.py:1179} INFO - Dependencies all met for <TaskInstance: dag_etl.update_fact_table manual__2023-08-17T16:39:02.613613+00:00 [queued]>
[2023-08-17 16:39:15,122] {taskinstance.py:1376} INFO - 
--------------------------------------------------------------------------------
[2023-08-17 16:39:15,122] {taskinstance.py:1377} INFO - Starting attempt 1 of 6
[2023-08-17 16:39:15,122] {taskinstance.py:1378} INFO - 
--------------------------------------------------------------------------------
[2023-08-17 16:39:15,132] {taskinstance.py:1397} INFO - Executing <Task(PostgresOperator): update_fact_table> on 2023-08-17 16:39:02.613613+00:00
[2023-08-17 16:39:15,136] {standard_task_runner.py:52} INFO - Started process 1979 to run task
[2023-08-17 16:39:15,140] {standard_task_runner.py:79} INFO - Running: ['***', 'tasks', 'run', 'dag_etl', 'update_fact_table', 'manual__2023-08-17T16:39:02.613613+00:00', '--job-id', '44', '--raw', '--subdir', 'DAGS_FOLDER/dag_etl_taskflow.py', '--cfg-path', '/tmp/tmpu04i7qqr', '--error-file', '/tmp/tmposna4iye']
[2023-08-17 16:39:15,142] {standard_task_runner.py:80} INFO - Job 44: Subtask update_fact_table
[2023-08-17 16:39:15,204] {task_command.py:371} INFO - Running <TaskInstance: dag_etl.update_fact_table manual__2023-08-17T16:39:02.613613+00:00 [running]> on host 1ea22a5e1d7f
[2023-08-17 16:39:15,270] {taskinstance.py:1591} INFO - Exporting the following env vars:
AIRFLOW_CTX_DAG_OWNER=Victor
AIRFLOW_CTX_DAG_ID=dag_etl
AIRFLOW_CTX_TASK_ID=update_fact_table
AIRFLOW_CTX_EXECUTION_DATE=2023-08-17T16:39:02.613613+00:00
AIRFLOW_CTX_TRY_NUMBER=1
AIRFLOW_CTX_DAG_RUN_ID=manual__2023-08-17T16:39:02.613613+00:00
[2023-08-17 16:39:15,281] {base.py:68} INFO - Using connection ID '***_conn' for task execution.
[2023-08-17 16:39:15,291] {dbapi.py:231} INFO - Running statement: 
            SET search_path TO dds;
            
            --// Обновляем таблицу с фактом свежей таблицей с фактами из stage //--
            INSERT INTO fact_sales (invoice_id, branch, city, customer_type, gender,
                                    product_line, unit_price, quantity, "tax_5%", total, date,
                                    time, payment, cogs, gross_margin_percentage, gross_income, rating)
            (SELECT 
                    distinct invoice_id, branch, city, customer_type, gender, 
                    product_line, unit_price, quantity, "tax_5%", total, date::date,
                    time, payment, cogs, gross_margin_percentage, gross_income, rating 
            FROM nds.fact_sales WHERE invoice_id NOT IN (SELECT distinct invoice_id FROM fact_sales));
            , parameters: None
[2023-08-17 16:39:15,335] {dbapi.py:239} INFO - Rows affected: 1000
[2023-08-17 16:39:15,351] {taskinstance.py:1420} INFO - Marking task as SUCCESS. dag_id=dag_etl, task_id=update_fact_table, execution_date=20230817T163902, start_date=20230817T163915, end_date=20230817T163915
[2023-08-17 16:39:15,392] {local_task_job.py:156} INFO - Task exited with return code 0
[2023-08-17 16:39:15,428] {local_task_job.py:273} INFO - 1 downstream tasks scheduled from follow-on schedule check
