[2023-05-02 11:47:03,977] {taskinstance.py:1159} INFO - Dependencies all met for <TaskInstance: dag_etl.dim_customer_type manual__2023-05-02T11:46:25.173746+00:00 [queued]>
[2023-05-02 11:47:04,105] {taskinstance.py:1159} INFO - Dependencies all met for <TaskInstance: dag_etl.dim_customer_type manual__2023-05-02T11:46:25.173746+00:00 [queued]>
[2023-05-02 11:47:04,106] {taskinstance.py:1356} INFO - 
--------------------------------------------------------------------------------
[2023-05-02 11:47:04,107] {taskinstance.py:1357} INFO - Starting attempt 1 of 6
[2023-05-02 11:47:04,107] {taskinstance.py:1358} INFO - 
--------------------------------------------------------------------------------
[2023-05-02 11:47:04,295] {taskinstance.py:1377} INFO - Executing <Task(_PythonDecoratedOperator): dim_customer_type> on 2023-05-02 11:46:25.173746+00:00
[2023-05-02 11:47:04,324] {standard_task_runner.py:52} INFO - Started process 1116 to run task
[2023-05-02 11:47:04,354] {standard_task_runner.py:79} INFO - Running: ['***', 'tasks', 'run', 'dag_etl', 'dim_customer_type', 'manual__2023-05-02T11:46:25.173746+00:00', '--job-id', '512', '--raw', '--subdir', 'DAGS_FOLDER/dag_etl_taskflow.py', '--cfg-path', '/tmp/tmpd_ciydp_', '--error-file', '/tmp/tmp6hhvyqa_']
[2023-05-02 11:47:04,357] {standard_task_runner.py:80} INFO - Job 512: Subtask dim_customer_type
[2023-05-02 11:47:05,577] {task_command.py:370} INFO - Running <TaskInstance: dag_etl.dim_customer_type manual__2023-05-02T11:46:25.173746+00:00 [running]> on host 295d97741f96
[2023-05-02 11:47:07,861] {taskinstance.py:1571} INFO - Exporting the following env vars:
AIRFLOW_CTX_DAG_OWNER=Victor
AIRFLOW_CTX_DAG_ID=dag_etl
AIRFLOW_CTX_TASK_ID=dim_customer_type
AIRFLOW_CTX_EXECUTION_DATE=2023-05-02T11:46:25.173746+00:00
AIRFLOW_CTX_TRY_NUMBER=1
AIRFLOW_CTX_DAG_RUN_ID=manual__2023-05-02T11:46:25.173746+00:00
[2023-05-02 11:47:08,595] {base.py:68} INFO - Using connection ID 'postgres_conn' for task execution.
[2023-05-02 11:47:09,281] {python.py:173} INFO - Done. Returned value was: None
[2023-05-02 11:47:10,342] {taskinstance.py:1400} INFO - Marking task as SUCCESS. dag_id=dag_etl, task_id=dim_customer_type, execution_date=20230502T114625, start_date=20230502T114703, end_date=20230502T114710
[2023-05-02 11:47:10,602] {local_task_job.py:156} INFO - Task exited with return code 0
[2023-05-02 11:47:11,966] {local_task_job.py:273} INFO - 0 downstream tasks scheduled from follow-on schedule check
