[2023-05-02 11:47:04,408] {taskinstance.py:1159} INFO - Dependencies all met for <TaskInstance: dag_etl.dim_product_line manual__2023-05-02T11:46:25.173746+00:00 [queued]>
[2023-05-02 11:47:04,548] {taskinstance.py:1159} INFO - Dependencies all met for <TaskInstance: dag_etl.dim_product_line manual__2023-05-02T11:46:25.173746+00:00 [queued]>
[2023-05-02 11:47:04,549] {taskinstance.py:1356} INFO - 
--------------------------------------------------------------------------------
[2023-05-02 11:47:04,550] {taskinstance.py:1357} INFO - Starting attempt 1 of 6
[2023-05-02 11:47:04,551] {taskinstance.py:1358} INFO - 
--------------------------------------------------------------------------------
[2023-05-02 11:47:04,708] {taskinstance.py:1377} INFO - Executing <Task(_PythonDecoratedOperator): dim_product_line> on 2023-05-02 11:46:25.173746+00:00
[2023-05-02 11:47:04,754] {standard_task_runner.py:52} INFO - Started process 1118 to run task
[2023-05-02 11:47:04,786] {standard_task_runner.py:79} INFO - Running: ['***', 'tasks', 'run', 'dag_etl', 'dim_product_line', 'manual__2023-05-02T11:46:25.173746+00:00', '--job-id', '513', '--raw', '--subdir', 'DAGS_FOLDER/dag_etl_taskflow.py', '--cfg-path', '/tmp/tmpoee4cc45', '--error-file', '/tmp/tmpwuom3l2j']
[2023-05-02 11:47:04,799] {standard_task_runner.py:80} INFO - Job 513: Subtask dim_product_line
[2023-05-02 11:47:05,889] {task_command.py:370} INFO - Running <TaskInstance: dag_etl.dim_product_line manual__2023-05-02T11:46:25.173746+00:00 [running]> on host 295d97741f96
[2023-05-02 11:47:08,389] {taskinstance.py:1571} INFO - Exporting the following env vars:
AIRFLOW_CTX_DAG_OWNER=Victor
AIRFLOW_CTX_DAG_ID=dag_etl
AIRFLOW_CTX_TASK_ID=dim_product_line
AIRFLOW_CTX_EXECUTION_DATE=2023-05-02T11:46:25.173746+00:00
AIRFLOW_CTX_TRY_NUMBER=1
AIRFLOW_CTX_DAG_RUN_ID=manual__2023-05-02T11:46:25.173746+00:00
[2023-05-02 11:47:09,170] {base.py:68} INFO - Using connection ID 'postgres_conn' for task execution.
[2023-05-02 11:47:09,705] {python.py:173} INFO - Done. Returned value was: None
[2023-05-02 11:47:10,498] {taskinstance.py:1400} INFO - Marking task as SUCCESS. dag_id=dag_etl, task_id=dim_product_line, execution_date=20230502T114625, start_date=20230502T114704, end_date=20230502T114710
[2023-05-02 11:47:10,810] {local_task_job.py:156} INFO - Task exited with return code 0
[2023-05-02 11:47:12,697] {local_task_job.py:273} INFO - 0 downstream tasks scheduled from follow-on schedule check
