[2023-04-30 06:07:40,892] {taskinstance.py:1159} INFO - Dependencies all met for <TaskInstance: dag_etl.rename_extracted_file scheduled__2023-04-29T00:00:00+00:00 [queued]>
[2023-04-30 06:07:41,199] {taskinstance.py:1159} INFO - Dependencies all met for <TaskInstance: dag_etl.rename_extracted_file scheduled__2023-04-29T00:00:00+00:00 [queued]>
[2023-04-30 06:07:41,204] {taskinstance.py:1356} INFO - 
--------------------------------------------------------------------------------
[2023-04-30 06:07:41,206] {taskinstance.py:1357} INFO - Starting attempt 1 of 6
[2023-04-30 06:07:41,207] {taskinstance.py:1358} INFO - 
--------------------------------------------------------------------------------
[2023-04-30 06:07:42,601] {taskinstance.py:1377} INFO - Executing <Task(_PythonDecoratedOperator): rename_extracted_file> on 2023-04-29 00:00:00+00:00
[2023-04-30 06:07:42,988] {standard_task_runner.py:79} INFO - Running: ['***', 'tasks', 'run', 'dag_etl', 'rename_extracted_file', 'scheduled__2023-04-29T00:00:00+00:00', '--job-id', '17', '--raw', '--subdir', 'DAGS_FOLDER/dag_etl_taskflow.py', '--cfg-path', '/tmp/tmp3tp6wt9j', '--error-file', '/tmp/tmpufep4670']
[2023-04-30 06:07:43,003] {standard_task_runner.py:80} INFO - Job 17: Subtask rename_extracted_file
[2023-04-30 06:07:42,917] {standard_task_runner.py:52} INFO - Started process 903 to run task
[2023-04-30 06:07:44,475] {task_command.py:370} INFO - Running <TaskInstance: dag_etl.rename_extracted_file scheduled__2023-04-29T00:00:00+00:00 [running]> on host 295d97741f96
[2023-04-30 06:07:51,272] {taskinstance.py:1571} INFO - Exporting the following env vars:
AIRFLOW_CTX_DAG_OWNER=Victor
AIRFLOW_CTX_DAG_ID=dag_etl
AIRFLOW_CTX_TASK_ID=rename_extracted_file
AIRFLOW_CTX_EXECUTION_DATE=2023-04-29T00:00:00+00:00
AIRFLOW_CTX_TRY_NUMBER=1
AIRFLOW_CTX_DAG_RUN_ID=scheduled__2023-04-29T00:00:00+00:00
[2023-04-30 06:07:51,371] {python.py:173} INFO - Done. Returned value was: /opt/***/data
[2023-04-30 06:07:56,649] {taskinstance.py:1400} INFO - Marking task as SUCCESS. dag_id=dag_etl, task_id=rename_extracted_file, execution_date=20230429T000000, start_date=20230430T060740, end_date=20230430T060756
[2023-04-30 06:07:57,665] {local_task_job.py:156} INFO - Task exited with return code 0
[2023-04-30 06:08:00,430] {local_task_job.py:273} INFO - 7 downstream tasks scheduled from follow-on schedule check
[2023-04-30 07:03:01,238] {taskinstance.py:1159} INFO - Dependencies all met for <TaskInstance: dag_etl.rename_extracted_file scheduled__2023-04-29T00:00:00+00:00 [queued]>
[2023-04-30 07:03:01,507] {taskinstance.py:1159} INFO - Dependencies all met for <TaskInstance: dag_etl.rename_extracted_file scheduled__2023-04-29T00:00:00+00:00 [queued]>
[2023-04-30 07:03:01,510] {taskinstance.py:1356} INFO - 
--------------------------------------------------------------------------------
[2023-04-30 07:03:01,511] {taskinstance.py:1357} INFO - Starting attempt 1 of 6
[2023-04-30 07:03:01,513] {taskinstance.py:1358} INFO - 
--------------------------------------------------------------------------------
[2023-04-30 07:03:01,926] {taskinstance.py:1377} INFO - Executing <Task(_PythonDecoratedOperator): rename_extracted_file> on 2023-04-29 00:00:00+00:00
[2023-04-30 07:03:01,970] {standard_task_runner.py:52} INFO - Started process 918 to run task
[2023-04-30 07:03:02,039] {standard_task_runner.py:79} INFO - Running: ['***', 'tasks', 'run', 'dag_etl', 'rename_extracted_file', 'scheduled__2023-04-29T00:00:00+00:00', '--job-id', '58', '--raw', '--subdir', 'DAGS_FOLDER/dag_etl_taskflow.py', '--cfg-path', '/tmp/tmpcvlih1m8', '--error-file', '/tmp/tmp9l29sp61']
[2023-04-30 07:03:02,071] {standard_task_runner.py:80} INFO - Job 58: Subtask rename_extracted_file
[2023-04-30 07:03:03,860] {task_command.py:370} INFO - Running <TaskInstance: dag_etl.rename_extracted_file scheduled__2023-04-29T00:00:00+00:00 [running]> on host 295d97741f96
[2023-04-30 07:03:08,478] {taskinstance.py:1571} INFO - Exporting the following env vars:
AIRFLOW_CTX_DAG_OWNER=Victor
AIRFLOW_CTX_DAG_ID=dag_etl
AIRFLOW_CTX_TASK_ID=rename_extracted_file
AIRFLOW_CTX_EXECUTION_DATE=2023-04-29T00:00:00+00:00
AIRFLOW_CTX_TRY_NUMBER=1
AIRFLOW_CTX_DAG_RUN_ID=scheduled__2023-04-29T00:00:00+00:00
[2023-04-30 07:03:08,490] {python.py:173} INFO - Done. Returned value was: /opt/***/data
[2023-04-30 07:03:09,961] {taskinstance.py:1400} INFO - Marking task as SUCCESS. dag_id=dag_etl, task_id=rename_extracted_file, execution_date=20230429T000000, start_date=20230430T070301, end_date=20230430T070309
[2023-04-30 07:03:10,375] {local_task_job.py:156} INFO - Task exited with return code 0
[2023-04-30 07:03:12,389] {local_task_job.py:273} INFO - 9 downstream tasks scheduled from follow-on schedule check
[2023-04-30 12:00:05,285] {taskinstance.py:1159} INFO - Dependencies all met for <TaskInstance: dag_etl.rename_extracted_file scheduled__2023-04-29T00:00:00+00:00 [queued]>
[2023-04-30 12:00:05,833] {taskinstance.py:1159} INFO - Dependencies all met for <TaskInstance: dag_etl.rename_extracted_file scheduled__2023-04-29T00:00:00+00:00 [queued]>
[2023-04-30 12:00:05,836] {taskinstance.py:1356} INFO - 
--------------------------------------------------------------------------------
[2023-04-30 12:00:05,837] {taskinstance.py:1357} INFO - Starting attempt 1 of 6
[2023-04-30 12:00:05,838] {taskinstance.py:1358} INFO - 
--------------------------------------------------------------------------------
[2023-04-30 12:00:06,194] {taskinstance.py:1377} INFO - Executing <Task(_PythonDecoratedOperator): rename_extracted_file> on 2023-04-29 00:00:00+00:00
[2023-04-30 12:00:06,232] {standard_task_runner.py:52} INFO - Started process 635 to run task
[2023-04-30 12:00:06,253] {standard_task_runner.py:79} INFO - Running: ['***', 'tasks', 'run', 'dag_etl', 'rename_extracted_file', 'scheduled__2023-04-29T00:00:00+00:00', '--job-id', '257', '--raw', '--subdir', 'DAGS_FOLDER/dag_etl_taskflow.py', '--cfg-path', '/tmp/tmpjyd1tl9a', '--error-file', '/tmp/tmpz544libm']
[2023-04-30 12:00:06,264] {standard_task_runner.py:80} INFO - Job 257: Subtask rename_extracted_file
[2023-04-30 12:00:09,231] {task_command.py:370} INFO - Running <TaskInstance: dag_etl.rename_extracted_file scheduled__2023-04-29T00:00:00+00:00 [running]> on host 295d97741f96
[2023-04-30 12:00:16,055] {taskinstance.py:1571} INFO - Exporting the following env vars:
AIRFLOW_CTX_DAG_OWNER=Victor
AIRFLOW_CTX_DAG_ID=dag_etl
AIRFLOW_CTX_TASK_ID=rename_extracted_file
AIRFLOW_CTX_EXECUTION_DATE=2023-04-29T00:00:00+00:00
AIRFLOW_CTX_TRY_NUMBER=1
AIRFLOW_CTX_DAG_RUN_ID=scheduled__2023-04-29T00:00:00+00:00
[2023-04-30 12:00:16,064] {python.py:173} INFO - Done. Returned value was: /opt/***/data
[2023-04-30 12:00:18,638] {taskinstance.py:1400} INFO - Marking task as SUCCESS. dag_id=dag_etl, task_id=rename_extracted_file, execution_date=20230429T000000, start_date=20230430T120005, end_date=20230430T120018
[2023-04-30 12:00:18,995] {local_task_job.py:156} INFO - Task exited with return code 0
[2023-04-30 12:00:21,055] {local_task_job.py:273} INFO - 7 downstream tasks scheduled from follow-on schedule check
[2023-05-02 10:32:41,936] {taskinstance.py:1159} INFO - Dependencies all met for <TaskInstance: dag_etl.rename_extracted_file scheduled__2023-04-29T00:00:00+00:00 [queued]>
[2023-05-02 10:32:43,701] {taskinstance.py:1159} INFO - Dependencies all met for <TaskInstance: dag_etl.rename_extracted_file scheduled__2023-04-29T00:00:00+00:00 [queued]>
[2023-05-02 10:32:43,790] {taskinstance.py:1356} INFO - 
--------------------------------------------------------------------------------
[2023-05-02 10:32:43,827] {taskinstance.py:1357} INFO - Starting attempt 1 of 6
[2023-05-02 10:32:43,858] {taskinstance.py:1358} INFO - 
--------------------------------------------------------------------------------
[2023-05-02 10:32:45,940] {taskinstance.py:1377} INFO - Executing <Task(_PythonDecoratedOperator): rename_extracted_file> on 2023-04-29 00:00:00+00:00
[2023-05-02 10:32:46,137] {standard_task_runner.py:52} INFO - Started process 479 to run task
[2023-05-02 10:32:46,297] {standard_task_runner.py:79} INFO - Running: ['***', 'tasks', 'run', 'dag_etl', 'rename_extracted_file', 'scheduled__2023-04-29T00:00:00+00:00', '--job-id', '398', '--raw', '--subdir', 'DAGS_FOLDER/dag_etl_taskflow.py', '--cfg-path', '/tmp/tmprynyig92', '--error-file', '/tmp/tmpumb9qhpn']
[2023-05-02 10:32:46,381] {standard_task_runner.py:80} INFO - Job 398: Subtask rename_extracted_file
[2023-05-02 10:32:48,961] {task_command.py:370} INFO - Running <TaskInstance: dag_etl.rename_extracted_file scheduled__2023-04-29T00:00:00+00:00 [running]> on host 295d97741f96
[2023-05-02 10:32:55,637] {taskinstance.py:1571} INFO - Exporting the following env vars:
AIRFLOW_CTX_DAG_OWNER=Victor
AIRFLOW_CTX_DAG_ID=dag_etl
AIRFLOW_CTX_TASK_ID=rename_extracted_file
AIRFLOW_CTX_EXECUTION_DATE=2023-04-29T00:00:00+00:00
AIRFLOW_CTX_TRY_NUMBER=1
AIRFLOW_CTX_DAG_RUN_ID=scheduled__2023-04-29T00:00:00+00:00
[2023-05-02 10:32:55,656] {python.py:173} INFO - Done. Returned value was: /opt/***/data
[2023-05-02 10:32:56,337] {taskinstance.py:1400} INFO - Marking task as SUCCESS. dag_id=dag_etl, task_id=rename_extracted_file, execution_date=20230429T000000, start_date=20230502T103242, end_date=20230502T103256
[2023-05-02 10:32:56,749] {local_task_job.py:156} INFO - Task exited with return code 0
[2023-05-02 10:33:00,884] {local_task_job.py:273} INFO - 7 downstream tasks scheduled from follow-on schedule check
