[2023-04-30 17:53:51,084] {taskinstance.py:1159} INFO - Dependencies all met for <TaskInstance: dag_etl.dim_city manual__2023-04-30T17:52:03.144971+00:00 [queued]>
[2023-04-30 17:53:51,713] {taskinstance.py:1159} INFO - Dependencies all met for <TaskInstance: dag_etl.dim_city manual__2023-04-30T17:52:03.144971+00:00 [queued]>
[2023-04-30 17:53:51,728] {taskinstance.py:1356} INFO - 
--------------------------------------------------------------------------------
[2023-04-30 17:53:51,741] {taskinstance.py:1357} INFO - Starting attempt 1 of 6
[2023-04-30 17:53:51,747] {taskinstance.py:1358} INFO - 
--------------------------------------------------------------------------------
[2023-04-30 17:53:52,922] {taskinstance.py:1377} INFO - Executing <Task(_PythonDecoratedOperator): dim_city> on 2023-04-30 17:52:03.144971+00:00
[2023-04-30 17:53:53,093] {standard_task_runner.py:79} INFO - Running: ['***', 'tasks', 'run', 'dag_etl', 'dim_city', 'manual__2023-04-30T17:52:03.144971+00:00', '--job-id', '337', '--raw', '--subdir', 'DAGS_FOLDER/dag_etl_taskflow.py', '--cfg-path', '/tmp/tmpegux561o', '--error-file', '/tmp/tmpzbnjmrcx']
[2023-04-30 17:53:53,098] {standard_task_runner.py:80} INFO - Job 337: Subtask dim_city
[2023-04-30 17:53:53,095] {standard_task_runner.py:52} INFO - Started process 768 to run task
[2023-04-30 17:53:55,599] {task_command.py:370} INFO - Running <TaskInstance: dag_etl.dim_city manual__2023-04-30T17:52:03.144971+00:00 [running]> on host 295d97741f96
[2023-04-30 17:54:04,846] {taskinstance.py:1571} INFO - Exporting the following env vars:
AIRFLOW_CTX_DAG_OWNER=Victor
AIRFLOW_CTX_DAG_ID=dag_etl
AIRFLOW_CTX_TASK_ID=dim_city
AIRFLOW_CTX_EXECUTION_DATE=2023-04-30T17:52:03.144971+00:00
AIRFLOW_CTX_TRY_NUMBER=1
AIRFLOW_CTX_DAG_RUN_ID=manual__2023-04-30T17:52:03.144971+00:00
[2023-04-30 17:54:06,425] {base.py:68} INFO - Using connection ID 'postgres_conn' for task execution.
[2023-04-30 17:54:07,890] {python.py:173} INFO - Done. Returned value was: None
[2023-04-30 17:54:09,086] {taskinstance.py:1400} INFO - Marking task as SUCCESS. dag_id=dag_etl, task_id=dim_city, execution_date=20230430T175203, start_date=20230430T175351, end_date=20230430T175409
[2023-04-30 17:54:09,796] {local_task_job.py:156} INFO - Task exited with return code 0
[2023-04-30 17:54:16,656] {local_task_job.py:273} INFO - 0 downstream tasks scheduled from follow-on schedule check
