[2023-04-30 08:15:52,900] {taskinstance.py:1159} INFO - Dependencies all met for <TaskInstance: dag_etl.dim_date manual__2023-04-30T08:15:12.066946+00:00 [queued]>
[2023-04-30 08:15:53,015] {taskinstance.py:1159} INFO - Dependencies all met for <TaskInstance: dag_etl.dim_date manual__2023-04-30T08:15:12.066946+00:00 [queued]>
[2023-04-30 08:15:53,016] {taskinstance.py:1356} INFO - 
--------------------------------------------------------------------------------
[2023-04-30 08:15:53,018] {taskinstance.py:1357} INFO - Starting attempt 1 of 6
[2023-04-30 08:15:53,019] {taskinstance.py:1358} INFO - 
--------------------------------------------------------------------------------
[2023-04-30 08:15:53,195] {taskinstance.py:1377} INFO - Executing <Task(_PythonDecoratedOperator): dim_date> on 2023-04-30 08:15:12.066946+00:00
[2023-04-30 08:15:53,211] {standard_task_runner.py:52} INFO - Started process 510 to run task
[2023-04-30 08:15:53,225] {standard_task_runner.py:79} INFO - Running: ['***', 'tasks', 'run', 'dag_etl', 'dim_date', 'manual__2023-04-30T08:15:12.066946+00:00', '--job-id', '129', '--raw', '--subdir', 'DAGS_FOLDER/dag_etl_taskflow.py', '--cfg-path', '/tmp/tmpqucprai7', '--error-file', '/tmp/tmpo6nii6yy']
[2023-04-30 08:15:53,227] {standard_task_runner.py:80} INFO - Job 129: Subtask dim_date
[2023-04-30 08:15:53,968] {task_command.py:370} INFO - Running <TaskInstance: dag_etl.dim_date manual__2023-04-30T08:15:12.066946+00:00 [running]> on host 295d97741f96
[2023-04-30 08:15:55,506] {taskinstance.py:1571} INFO - Exporting the following env vars:
AIRFLOW_CTX_DAG_OWNER=Victor
AIRFLOW_CTX_DAG_ID=dag_etl
AIRFLOW_CTX_TASK_ID=dim_date
AIRFLOW_CTX_EXECUTION_DATE=2023-04-30T08:15:12.066946+00:00
AIRFLOW_CTX_TRY_NUMBER=1
AIRFLOW_CTX_DAG_RUN_ID=manual__2023-04-30T08:15:12.066946+00:00
[2023-04-30 08:16:10,158] {base.py:68} INFO - Using connection ID 'postgres_conn' for task execution.
[2023-04-30 08:16:20,466] {python.py:173} INFO - Done. Returned value was: None
[2023-04-30 08:16:20,627] {taskinstance.py:1400} INFO - Marking task as SUCCESS. dag_id=dag_etl, task_id=dim_date, execution_date=20230430T081512, start_date=20230430T081552, end_date=20230430T081620
[2023-04-30 08:16:20,782] {local_task_job.py:156} INFO - Task exited with return code 0
[2023-04-30 08:16:21,140] {local_task_job.py:273} INFO - 1 downstream tasks scheduled from follow-on schedule check
