[2023-05-02 15:03:27,092] {taskinstance.py:1159} INFO - Dependencies all met for <TaskInstance: dag_etl_date.sensor_s3_obj scheduled__2023-04-27T00:00:00+00:00 [queued]>
[2023-05-02 15:03:27,505] {taskinstance.py:1159} INFO - Dependencies all met for <TaskInstance: dag_etl_date.sensor_s3_obj scheduled__2023-04-27T00:00:00+00:00 [queued]>
[2023-05-02 15:03:27,525] {taskinstance.py:1356} INFO - 
--------------------------------------------------------------------------------
[2023-05-02 15:03:27,526] {taskinstance.py:1357} INFO - Starting attempt 1 of 6
[2023-05-02 15:03:27,529] {taskinstance.py:1358} INFO - 
--------------------------------------------------------------------------------
[2023-05-02 15:03:28,079] {taskinstance.py:1377} INFO - Executing <Task(S3KeySensor): sensor_s3_obj> on 2023-04-27 00:00:00+00:00
[2023-05-02 15:03:28,157] {standard_task_runner.py:52} INFO - Started process 441 to run task
[2023-05-02 15:03:28,198] {standard_task_runner.py:79} INFO - Running: ['***', 'tasks', 'run', 'dag_etl_date', 'sensor_s3_obj', 'scheduled__2023-04-27T00:00:00+00:00', '--job-id', '617', '--raw', '--subdir', 'DAGS_FOLDER/dag_etl_taskflow_date.py', '--cfg-path', '/tmp/tmpgzvzoyqy', '--error-file', '/tmp/tmp3r9z3imd']
[2023-05-02 15:03:28,213] {standard_task_runner.py:80} INFO - Job 617: Subtask sensor_s3_obj
[2023-05-02 15:03:30,382] {task_command.py:370} INFO - Running <TaskInstance: dag_etl_date.sensor_s3_obj scheduled__2023-04-27T00:00:00+00:00 [running]> on host 295d97741f96
[2023-05-02 15:03:33,291] {taskinstance.py:1571} INFO - Exporting the following env vars:
AIRFLOW_CTX_DAG_OWNER=Victor
AIRFLOW_CTX_DAG_ID=dag_etl_date
AIRFLOW_CTX_TASK_ID=sensor_s3_obj
AIRFLOW_CTX_EXECUTION_DATE=2023-04-27T00:00:00+00:00
AIRFLOW_CTX_TRY_NUMBER=1
AIRFLOW_CTX_DAG_RUN_ID=scheduled__2023-04-27T00:00:00+00:00
[2023-05-02 15:03:33,308] {s3.py:104} INFO - Poking for key : s3://raw/supermarket_sales.csv
[2023-05-02 15:03:33,832] {base.py:68} INFO - Using connection ID 'minio_conn' for task execution.
[2023-05-02 15:03:33,840] {base_aws.py:206} INFO - Credentials retrieved from login
[2023-05-02 15:03:37,790] {base.py:301} INFO - Success criteria met. Exiting.
[2023-05-02 15:03:38,652] {taskinstance.py:1400} INFO - Marking task as SUCCESS. dag_id=dag_etl_date, task_id=sensor_s3_obj, execution_date=20230427T000000, start_date=20230502T150327, end_date=20230502T150338
[2023-05-02 15:03:39,228] {local_task_job.py:156} INFO - Task exited with return code 0
[2023-05-02 15:03:43,922] {local_task_job.py:273} INFO - 0 downstream tasks scheduled from follow-on schedule check
