[2023-04-30 07:04:33,499] {taskinstance.py:1159} INFO - Dependencies all met for <TaskInstance: dag_etl.dim_product_line scheduled__2023-04-28T00:00:00+00:00 [queued]>
[2023-04-30 07:04:34,321] {taskinstance.py:1159} INFO - Dependencies all met for <TaskInstance: dag_etl.dim_product_line scheduled__2023-04-28T00:00:00+00:00 [queued]>
[2023-04-30 07:04:34,348] {taskinstance.py:1356} INFO - 
--------------------------------------------------------------------------------
[2023-04-30 07:04:34,374] {taskinstance.py:1357} INFO - Starting attempt 1 of 6
[2023-04-30 07:04:34,404] {taskinstance.py:1358} INFO - 
--------------------------------------------------------------------------------
[2023-04-30 07:04:35,886] {taskinstance.py:1377} INFO - Executing <Task(_PythonDecoratedOperator): dim_product_line> on 2023-04-28 00:00:00+00:00
[2023-04-30 07:04:36,012] {standard_task_runner.py:52} INFO - Started process 1122 to run task
[2023-04-30 07:04:36,113] {standard_task_runner.py:79} INFO - Running: ['***', 'tasks', 'run', 'dag_etl', 'dim_product_line', 'scheduled__2023-04-28T00:00:00+00:00', '--job-id', '79', '--raw', '--subdir', 'DAGS_FOLDER/dag_etl_taskflow.py', '--cfg-path', '/tmp/tmp7jdjy_td', '--error-file', '/tmp/tmpeai5pkfx']
[2023-04-30 07:04:36,171] {standard_task_runner.py:80} INFO - Job 79: Subtask dim_product_line
[2023-04-30 07:04:37,924] {task_command.py:370} INFO - Running <TaskInstance: dag_etl.dim_product_line scheduled__2023-04-28T00:00:00+00:00 [running]> on host 295d97741f96
[2023-04-30 07:04:44,191] {taskinstance.py:1571} INFO - Exporting the following env vars:
AIRFLOW_CTX_DAG_OWNER=Victor
AIRFLOW_CTX_DAG_ID=dag_etl
AIRFLOW_CTX_TASK_ID=dim_product_line
AIRFLOW_CTX_EXECUTION_DATE=2023-04-28T00:00:00+00:00
AIRFLOW_CTX_TRY_NUMBER=1
AIRFLOW_CTX_DAG_RUN_ID=scheduled__2023-04-28T00:00:00+00:00
[2023-04-30 07:04:46,337] {base.py:68} INFO - Using connection ID 'postgres_conn' for task execution.
[2023-04-30 07:04:49,088] {python.py:173} INFO - Done. Returned value was: None
[2023-04-30 07:04:49,829] {taskinstance.py:1400} INFO - Marking task as SUCCESS. dag_id=dag_etl, task_id=dim_product_line, execution_date=20230428T000000, start_date=20230430T070433, end_date=20230430T070449
[2023-04-30 07:04:50,552] {local_task_job.py:156} INFO - Task exited with return code 0
[2023-04-30 07:04:53,222] {local_task_job.py:273} INFO - 0 downstream tasks scheduled from follow-on schedule check
