[2023-04-30 18:06:28,808] {taskinstance.py:1159} INFO - Dependencies all met for <TaskInstance: dag_etl.clear_data_directory manual__2023-04-30T18:03:01.890216+00:00 [queued]>
[2023-04-30 18:06:28,934] {taskinstance.py:1159} INFO - Dependencies all met for <TaskInstance: dag_etl.clear_data_directory manual__2023-04-30T18:03:01.890216+00:00 [queued]>
[2023-04-30 18:06:28,939] {taskinstance.py:1356} INFO - 
--------------------------------------------------------------------------------
[2023-04-30 18:06:28,940] {taskinstance.py:1357} INFO - Starting attempt 1 of 6
[2023-04-30 18:06:28,942] {taskinstance.py:1358} INFO - 
--------------------------------------------------------------------------------
[2023-04-30 18:06:29,152] {taskinstance.py:1377} INFO - Executing <Task(BashOperator): clear_data_directory> on 2023-04-30 18:03:01.890216+00:00
[2023-04-30 18:06:29,179] {standard_task_runner.py:52} INFO - Started process 1689 to run task
[2023-04-30 18:06:29,199] {standard_task_runner.py:79} INFO - Running: ['***', 'tasks', 'run', 'dag_etl', 'clear_data_directory', 'manual__2023-04-30T18:03:01.890216+00:00', '--job-id', '368', '--raw', '--subdir', 'DAGS_FOLDER/dag_etl_taskflow.py', '--cfg-path', '/tmp/tmp9lea_3si', '--error-file', '/tmp/tmp7hia_ytv']
[2023-04-30 18:06:29,209] {standard_task_runner.py:80} INFO - Job 368: Subtask clear_data_directory
[2023-04-30 18:06:30,120] {task_command.py:370} INFO - Running <TaskInstance: dag_etl.clear_data_directory manual__2023-04-30T18:03:01.890216+00:00 [running]> on host 295d97741f96
[2023-04-30 18:06:31,287] {taskinstance.py:1571} INFO - Exporting the following env vars:
AIRFLOW_CTX_DAG_OWNER=Victor
AIRFLOW_CTX_DAG_ID=dag_etl
AIRFLOW_CTX_TASK_ID=clear_data_directory
AIRFLOW_CTX_EXECUTION_DATE=2023-04-30T18:03:01.890216+00:00
AIRFLOW_CTX_TRY_NUMBER=1
AIRFLOW_CTX_DAG_RUN_ID=manual__2023-04-30T18:03:01.890216+00:00
[2023-04-30 18:06:31,309] {subprocess.py:62} INFO - Tmp dir root location: 
 /tmp
[2023-04-30 18:06:31,321] {subprocess.py:74} INFO - Running command: ['bash', '-c', 'rm -rf ${pwd}data/*']
[2023-04-30 18:06:31,384] {subprocess.py:85} INFO - Output:
[2023-04-30 18:06:31,498] {subprocess.py:96} INFO - Command exited with return code 0
[2023-04-30 18:06:32,136] {taskinstance.py:1400} INFO - Marking task as SUCCESS. dag_id=dag_etl, task_id=clear_data_directory, execution_date=20230430T180301, start_date=20230430T180628, end_date=20230430T180632
[2023-04-30 18:06:32,272] {local_task_job.py:156} INFO - Task exited with return code 0
[2023-04-30 18:06:32,658] {local_task_job.py:273} INFO - 0 downstream tasks scheduled from follow-on schedule check
