[2023-04-30 07:04:21,311] {taskinstance.py:1159} INFO - Dependencies all met for <TaskInstance: dag_etl.dim_gender scheduled__2023-04-27T00:00:00+00:00 [queued]>
[2023-04-30 07:04:22,101] {taskinstance.py:1159} INFO - Dependencies all met for <TaskInstance: dag_etl.dim_gender scheduled__2023-04-27T00:00:00+00:00 [queued]>
[2023-04-30 07:04:22,130] {taskinstance.py:1356} INFO - 
--------------------------------------------------------------------------------
[2023-04-30 07:04:22,134] {taskinstance.py:1357} INFO - Starting attempt 1 of 6
[2023-04-30 07:04:22,147] {taskinstance.py:1358} INFO - 
--------------------------------------------------------------------------------
[2023-04-30 07:04:22,976] {taskinstance.py:1377} INFO - Executing <Task(_PythonDecoratedOperator): dim_gender> on 2023-04-27 00:00:00+00:00
[2023-04-30 07:04:23,043] {standard_task_runner.py:52} INFO - Started process 1094 to run task
[2023-04-30 07:04:23,095] {standard_task_runner.py:79} INFO - Running: ['***', 'tasks', 'run', 'dag_etl', 'dim_gender', 'scheduled__2023-04-27T00:00:00+00:00', '--job-id', '75', '--raw', '--subdir', 'DAGS_FOLDER/dag_etl_taskflow.py', '--cfg-path', '/tmp/tmp0ypbk53g', '--error-file', '/tmp/tmpd63kc3lx']
[2023-04-30 07:04:23,136] {standard_task_runner.py:80} INFO - Job 75: Subtask dim_gender
[2023-04-30 07:04:25,292] {task_command.py:370} INFO - Running <TaskInstance: dag_etl.dim_gender scheduled__2023-04-27T00:00:00+00:00 [running]> on host 295d97741f96
[2023-04-30 07:04:31,140] {taskinstance.py:1571} INFO - Exporting the following env vars:
AIRFLOW_CTX_DAG_OWNER=Victor
AIRFLOW_CTX_DAG_ID=dag_etl
AIRFLOW_CTX_TASK_ID=dim_gender
AIRFLOW_CTX_EXECUTION_DATE=2023-04-27T00:00:00+00:00
AIRFLOW_CTX_TRY_NUMBER=1
AIRFLOW_CTX_DAG_RUN_ID=scheduled__2023-04-27T00:00:00+00:00
[2023-04-30 07:04:32,390] {base.py:68} INFO - Using connection ID 'postgres_conn' for task execution.
[2023-04-30 07:04:33,518] {python.py:173} INFO - Done. Returned value was: None
[2023-04-30 07:04:35,836] {taskinstance.py:1400} INFO - Marking task as SUCCESS. dag_id=dag_etl, task_id=dim_gender, execution_date=20230427T000000, start_date=20230430T070421, end_date=20230430T070435
[2023-04-30 07:04:36,618] {local_task_job.py:156} INFO - Task exited with return code 0
[2023-04-30 07:04:38,305] {local_task_job.py:273} INFO - 0 downstream tasks scheduled from follow-on schedule check
[2023-04-30 12:00:52,032] {taskinstance.py:1159} INFO - Dependencies all met for <TaskInstance: dag_etl.dim_gender scheduled__2023-04-27T00:00:00+00:00 [queued]>
[2023-04-30 12:00:52,707] {taskinstance.py:1159} INFO - Dependencies all met for <TaskInstance: dag_etl.dim_gender scheduled__2023-04-27T00:00:00+00:00 [queued]>
[2023-04-30 12:00:52,717] {taskinstance.py:1356} INFO - 
--------------------------------------------------------------------------------
[2023-04-30 12:00:52,718] {taskinstance.py:1357} INFO - Starting attempt 1 of 6
[2023-04-30 12:00:52,719] {taskinstance.py:1358} INFO - 
--------------------------------------------------------------------------------
[2023-04-30 12:00:54,338] {taskinstance.py:1377} INFO - Executing <Task(_PythonDecoratedOperator): dim_gender> on 2023-04-27 00:00:00+00:00
[2023-04-30 12:00:54,538] {standard_task_runner.py:52} INFO - Started process 739 to run task
[2023-04-30 12:00:54,728] {standard_task_runner.py:79} INFO - Running: ['***', 'tasks', 'run', 'dag_etl', 'dim_gender', 'scheduled__2023-04-27T00:00:00+00:00', '--job-id', '267', '--raw', '--subdir', 'DAGS_FOLDER/dag_etl_taskflow.py', '--cfg-path', '/tmp/tmpk_kijx9p', '--error-file', '/tmp/tmpr93cq_ff']
[2023-04-30 12:00:54,779] {standard_task_runner.py:80} INFO - Job 267: Subtask dim_gender
[2023-04-30 12:00:58,830] {task_command.py:370} INFO - Running <TaskInstance: dag_etl.dim_gender scheduled__2023-04-27T00:00:00+00:00 [running]> on host 295d97741f96
[2023-04-30 12:01:06,380] {taskinstance.py:1571} INFO - Exporting the following env vars:
AIRFLOW_CTX_DAG_OWNER=Victor
AIRFLOW_CTX_DAG_ID=dag_etl
AIRFLOW_CTX_TASK_ID=dim_gender
AIRFLOW_CTX_EXECUTION_DATE=2023-04-27T00:00:00+00:00
AIRFLOW_CTX_TRY_NUMBER=1
AIRFLOW_CTX_DAG_RUN_ID=scheduled__2023-04-27T00:00:00+00:00
[2023-04-30 12:01:08,673] {base.py:68} INFO - Using connection ID 'postgres_conn' for task execution.
[2023-04-30 12:01:12,195] {python.py:173} INFO - Done. Returned value was: None
[2023-04-30 12:01:13,582] {taskinstance.py:1400} INFO - Marking task as SUCCESS. dag_id=dag_etl, task_id=dim_gender, execution_date=20230427T000000, start_date=20230430T120052, end_date=20230430T120113
[2023-04-30 12:01:16,172] {local_task_job.py:156} INFO - Task exited with return code 0
[2023-04-30 12:01:20,659] {local_task_job.py:273} INFO - 0 downstream tasks scheduled from follow-on schedule check
