[2023-04-30 18:00:06,499] {taskinstance.py:1159} INFO - Dependencies all met for <TaskInstance: dag_etl.dim_gender scheduled__2023-04-27T00:00:00+00:00 [queued]>
[2023-04-30 18:00:06,921] {taskinstance.py:1159} INFO - Dependencies all met for <TaskInstance: dag_etl.dim_gender scheduled__2023-04-27T00:00:00+00:00 [queued]>
[2023-04-30 18:00:06,925] {taskinstance.py:1356} INFO - 
--------------------------------------------------------------------------------
[2023-04-30 18:00:06,932] {taskinstance.py:1357} INFO - Starting attempt 3 of 6
[2023-04-30 18:00:06,950] {taskinstance.py:1358} INFO - 
--------------------------------------------------------------------------------
[2023-04-30 18:00:07,518] {taskinstance.py:1377} INFO - Executing <Task(_PythonDecoratedOperator): dim_gender> on 2023-04-27 00:00:00+00:00
[2023-04-30 18:00:07,566] {standard_task_runner.py:52} INFO - Started process 1227 to run task
[2023-04-30 18:00:07,610] {standard_task_runner.py:79} INFO - Running: ['***', 'tasks', 'run', 'dag_etl', 'dim_gender', 'scheduled__2023-04-27T00:00:00+00:00', '--job-id', '350', '--raw', '--subdir', 'DAGS_FOLDER/dag_etl_taskflow.py', '--cfg-path', '/tmp/tmprcyyxdvj', '--error-file', '/tmp/tmp2m3qvtlu']
[2023-04-30 18:00:07,629] {standard_task_runner.py:80} INFO - Job 350: Subtask dim_gender
[2023-04-30 18:00:09,717] {task_command.py:370} INFO - Running <TaskInstance: dag_etl.dim_gender scheduled__2023-04-27T00:00:00+00:00 [running]> on host 295d97741f96
[2023-04-30 18:00:14,488] {taskinstance.py:1571} INFO - Exporting the following env vars:
AIRFLOW_CTX_DAG_OWNER=Victor
AIRFLOW_CTX_DAG_ID=dag_etl
AIRFLOW_CTX_TASK_ID=dim_gender
AIRFLOW_CTX_EXECUTION_DATE=2023-04-27T00:00:00+00:00
AIRFLOW_CTX_TRY_NUMBER=3
AIRFLOW_CTX_DAG_RUN_ID=scheduled__2023-04-27T00:00:00+00:00
[2023-04-30 18:00:16,387] {base.py:68} INFO - Using connection ID 'postgres_conn' for task execution.
[2023-04-30 18:00:18,002] {python.py:173} INFO - Done. Returned value was: None
[2023-04-30 18:00:18,586] {taskinstance.py:1400} INFO - Marking task as SUCCESS. dag_id=dag_etl, task_id=dim_gender, execution_date=20230427T000000, start_date=20230430T180006, end_date=20230430T180018
[2023-04-30 18:00:19,067] {local_task_job.py:156} INFO - Task exited with return code 0
[2023-04-30 18:00:21,015] {local_task_job.py:273} INFO - 0 downstream tasks scheduled from follow-on schedule check
