[2023-05-02 15:11:55,205] {taskinstance.py:1159} INFO - Dependencies all met for <TaskInstance: dag_etl_date.dim_branch manual__2023-05-02T15:11:22.892155+00:00 [queued]>
[2023-05-02 15:11:55,351] {taskinstance.py:1159} INFO - Dependencies all met for <TaskInstance: dag_etl_date.dim_branch manual__2023-05-02T15:11:22.892155+00:00 [queued]>
[2023-05-02 15:11:55,363] {taskinstance.py:1356} INFO - 
--------------------------------------------------------------------------------
[2023-05-02 15:11:55,364] {taskinstance.py:1357} INFO - Starting attempt 1 of 6
[2023-05-02 15:11:55,365] {taskinstance.py:1358} INFO - 
--------------------------------------------------------------------------------
[2023-05-02 15:11:55,585] {taskinstance.py:1377} INFO - Executing <Task(_PythonDecoratedOperator): dim_branch> on 2023-05-02 15:11:22.892155+00:00
[2023-05-02 15:11:55,603] {standard_task_runner.py:52} INFO - Started process 1417 to run task
[2023-05-02 15:11:55,635] {standard_task_runner.py:79} INFO - Running: ['***', 'tasks', 'run', 'dag_etl_date', 'dim_branch', 'manual__2023-05-02T15:11:22.892155+00:00', '--job-id', '678', '--raw', '--subdir', 'DAGS_FOLDER/dag_etl_taskflow_date.py', '--cfg-path', '/tmp/tmpd_00cpuf', '--error-file', '/tmp/tmpyb_qzc3v']
[2023-05-02 15:11:55,638] {standard_task_runner.py:80} INFO - Job 678: Subtask dim_branch
[2023-05-02 15:11:56,674] {task_command.py:370} INFO - Running <TaskInstance: dag_etl_date.dim_branch manual__2023-05-02T15:11:22.892155+00:00 [running]> on host 295d97741f96
[2023-05-02 15:12:01,168] {taskinstance.py:1571} INFO - Exporting the following env vars:
AIRFLOW_CTX_DAG_OWNER=Victor
AIRFLOW_CTX_DAG_ID=dag_etl_date
AIRFLOW_CTX_TASK_ID=dim_branch
AIRFLOW_CTX_EXECUTION_DATE=2023-05-02T15:11:22.892155+00:00
AIRFLOW_CTX_TRY_NUMBER=1
AIRFLOW_CTX_DAG_RUN_ID=manual__2023-05-02T15:11:22.892155+00:00
[2023-05-02 15:12:02,572] {base.py:68} INFO - Using connection ID 'postgres_conn' for task execution.
[2023-05-02 15:12:02,905] {python.py:173} INFO - Done. Returned value was: None
[2023-05-02 15:12:03,820] {taskinstance.py:1400} INFO - Marking task as SUCCESS. dag_id=dag_etl_date, task_id=dim_branch, execution_date=20230502T151122, start_date=20230502T151155, end_date=20230502T151203
[2023-05-02 15:12:04,133] {local_task_job.py:156} INFO - Task exited with return code 0
[2023-05-02 15:12:06,175] {local_task_job.py:273} INFO - 1 downstream tasks scheduled from follow-on schedule check
