[2023-05-02 15:04:41,276] {taskinstance.py:1159} INFO - Dependencies all met for <TaskInstance: dag_etl_date.rename_extracted_file scheduled__2023-05-01T00:00:00+00:00 [queued]>
[2023-05-02 15:04:42,388] {taskinstance.py:1159} INFO - Dependencies all met for <TaskInstance: dag_etl_date.rename_extracted_file scheduled__2023-05-01T00:00:00+00:00 [queued]>
[2023-05-02 15:04:42,426] {taskinstance.py:1356} INFO - 
--------------------------------------------------------------------------------
[2023-05-02 15:04:42,465] {taskinstance.py:1357} INFO - Starting attempt 1 of 6
[2023-05-02 15:04:42,466] {taskinstance.py:1358} INFO - 
--------------------------------------------------------------------------------
[2023-05-02 15:04:44,914] {taskinstance.py:1377} INFO - Executing <Task(_PythonDecoratedOperator): rename_extracted_file> on 2023-05-01 00:00:00+00:00
[2023-05-02 15:04:45,064] {standard_task_runner.py:52} INFO - Started process 651 to run task
[2023-05-02 15:04:45,080] {standard_task_runner.py:79} INFO - Running: ['***', 'tasks', 'run', 'dag_etl_date', 'rename_extracted_file', 'scheduled__2023-05-01T00:00:00+00:00', '--job-id', '637', '--raw', '--subdir', 'DAGS_FOLDER/dag_etl_taskflow_date.py', '--cfg-path', '/tmp/tmp4bkil9yf', '--error-file', '/tmp/tmps61nhuxo']
[2023-05-02 15:04:45,084] {standard_task_runner.py:80} INFO - Job 637: Subtask rename_extracted_file
[2023-05-02 15:04:46,685] {task_command.py:370} INFO - Running <TaskInstance: dag_etl_date.rename_extracted_file scheduled__2023-05-01T00:00:00+00:00 [running]> on host 295d97741f96
[2023-05-02 15:04:52,010] {taskinstance.py:1571} INFO - Exporting the following env vars:
AIRFLOW_CTX_DAG_OWNER=Victor
AIRFLOW_CTX_DAG_ID=dag_etl_date
AIRFLOW_CTX_TASK_ID=rename_extracted_file
AIRFLOW_CTX_EXECUTION_DATE=2023-05-01T00:00:00+00:00
AIRFLOW_CTX_TRY_NUMBER=1
AIRFLOW_CTX_DAG_RUN_ID=scheduled__2023-05-01T00:00:00+00:00
[2023-05-02 15:04:52,070] {python.py:173} INFO - Done. Returned value was: /opt/***/data
[2023-05-02 15:04:54,984] {taskinstance.py:1400} INFO - Marking task as SUCCESS. dag_id=dag_etl_date, task_id=rename_extracted_file, execution_date=20230501T000000, start_date=20230502T150441, end_date=20230502T150454
[2023-05-02 15:04:56,111] {local_task_job.py:156} INFO - Task exited with return code 0
[2023-05-02 15:05:01,371] {local_task_job.py:273} INFO - 0 downstream tasks scheduled from follow-on schedule check
