[2023-05-02 10:43:13,091] {taskinstance.py:1159} INFO - Dependencies all met for <TaskInstance: dag_etl.fact_nds manual__2023-05-02T10:39:49.817893+00:00 [queued]>
[2023-05-02 10:43:13,158] {taskinstance.py:1159} INFO - Dependencies all met for <TaskInstance: dag_etl.fact_nds manual__2023-05-02T10:39:49.817893+00:00 [queued]>
[2023-05-02 10:43:13,160] {taskinstance.py:1356} INFO - 
--------------------------------------------------------------------------------
[2023-05-02 10:43:13,161] {taskinstance.py:1357} INFO - Starting attempt 1 of 6
[2023-05-02 10:43:13,162] {taskinstance.py:1358} INFO - 
--------------------------------------------------------------------------------
[2023-05-02 10:43:13,282] {taskinstance.py:1377} INFO - Executing <Task(_PythonDecoratedOperator): fact_nds> on 2023-05-02 10:39:49.817893+00:00
[2023-05-02 10:43:13,329] {standard_task_runner.py:52} INFO - Started process 1556 to run task
[2023-05-02 10:43:13,340] {standard_task_runner.py:79} INFO - Running: ['***', 'tasks', 'run', 'dag_etl', 'fact_nds', 'manual__2023-05-02T10:39:49.817893+00:00', '--job-id', '467', '--raw', '--subdir', 'DAGS_FOLDER/dag_etl_taskflow.py', '--cfg-path', '/tmp/tmprskmoejj', '--error-file', '/tmp/tmp5i6h4kqa']
[2023-05-02 10:43:13,346] {standard_task_runner.py:80} INFO - Job 467: Subtask fact_nds
[2023-05-02 10:43:13,996] {task_command.py:370} INFO - Running <TaskInstance: dag_etl.fact_nds manual__2023-05-02T10:39:49.817893+00:00 [running]> on host 295d97741f96
[2023-05-02 10:43:15,296] {taskinstance.py:1571} INFO - Exporting the following env vars:
AIRFLOW_CTX_DAG_OWNER=Victor
AIRFLOW_CTX_DAG_ID=dag_etl
AIRFLOW_CTX_TASK_ID=fact_nds
AIRFLOW_CTX_EXECUTION_DATE=2023-05-02T10:39:49.817893+00:00
AIRFLOW_CTX_TRY_NUMBER=1
AIRFLOW_CTX_DAG_RUN_ID=manual__2023-05-02T10:39:49.817893+00:00
[2023-05-02 10:43:15,404] {base.py:68} INFO - Using connection ID 'postgres_conn' for task execution.
[2023-05-02 10:43:15,559] {taskinstance.py:1889} ERROR - Task failed with exception
Traceback (most recent call last):
  File "/home/airflow/.local/lib/python3.7/site-packages/airflow/decorators/base.py", line 179, in execute
    return_value = super().execute(context)
  File "/home/airflow/.local/lib/python3.7/site-packages/airflow/operators/python.py", line 171, in execute
    return_value = self.execute_callable()
  File "/home/airflow/.local/lib/python3.7/site-packages/airflow/operators/python.py", line 189, in execute_callable
    return self.python_callable(*self.op_args, **self.op_kwargs)
  File "/opt/airflow/dags/dag_etl_taskflow.py", line 306, in fact_nds
    df = pd.read_csv(f"{downloaded_file_path}/{file_new_name}")
  File "/home/airflow/.local/lib/python3.7/site-packages/pandas/util/_decorators.py", line 311, in wrapper
    return func(*args, **kwargs)
  File "/home/airflow/.local/lib/python3.7/site-packages/pandas/io/parsers/readers.py", line 586, in read_csv
    return _read(filepath_or_buffer, kwds)
  File "/home/airflow/.local/lib/python3.7/site-packages/pandas/io/parsers/readers.py", line 482, in _read
    parser = TextFileReader(filepath_or_buffer, **kwds)
  File "/home/airflow/.local/lib/python3.7/site-packages/pandas/io/parsers/readers.py", line 811, in __init__
    self._engine = self._make_engine(self.engine)
  File "/home/airflow/.local/lib/python3.7/site-packages/pandas/io/parsers/readers.py", line 1040, in _make_engine
    return mapping[engine](self.f, **self.options)  # type: ignore[call-arg]
  File "/home/airflow/.local/lib/python3.7/site-packages/pandas/io/parsers/c_parser_wrapper.py", line 51, in __init__
    self._open_handles(src, kwds)
  File "/home/airflow/.local/lib/python3.7/site-packages/pandas/io/parsers/base_parser.py", line 229, in _open_handles
    errors=kwds.get("encoding_errors", "strict"),
  File "/home/airflow/.local/lib/python3.7/site-packages/pandas/io/common.py", line 707, in get_handle
    newline="",
FileNotFoundError: [Errno 2] No such file or directory: '/opt/airflow/data/downloaded_from_minio.csv'
[2023-05-02 10:43:15,764] {taskinstance.py:1400} INFO - Marking task as UP_FOR_RETRY. dag_id=dag_etl, task_id=fact_nds, execution_date=20230502T103949, start_date=20230502T104313, end_date=20230502T104315
[2023-05-02 10:43:15,984] {standard_task_runner.py:97} ERROR - Failed to execute job 467 for task fact_nds ([Errno 2] No such file or directory: '/opt/airflow/data/downloaded_from_minio.csv'; 1556)
[2023-05-02 10:43:16,064] {local_task_job.py:156} INFO - Task exited with return code 1
[2023-05-02 10:43:16,431] {local_task_job.py:273} INFO - 0 downstream tasks scheduled from follow-on schedule check
