[2023-08-17 17:37:55,449] {taskinstance.py:1179} INFO - Dependencies all met for <TaskInstance: dag_etl.fact_nds manual__2023-08-17T17:37:47.265781+00:00 [queued]>
[2023-08-17 17:37:55,458] {taskinstance.py:1179} INFO - Dependencies all met for <TaskInstance: dag_etl.fact_nds manual__2023-08-17T17:37:47.265781+00:00 [queued]>
[2023-08-17 17:37:55,458] {taskinstance.py:1376} INFO - 
--------------------------------------------------------------------------------
[2023-08-17 17:37:55,460] {taskinstance.py:1377} INFO - Starting attempt 1 of 6
[2023-08-17 17:37:55,460] {taskinstance.py:1378} INFO - 
--------------------------------------------------------------------------------
[2023-08-17 17:37:55,475] {taskinstance.py:1397} INFO - Executing <Task(_PythonDecoratedOperator): fact_nds> on 2023-08-17 17:37:47.265781+00:00
[2023-08-17 17:37:55,479] {standard_task_runner.py:52} INFO - Started process 348 to run task
[2023-08-17 17:37:55,484] {standard_task_runner.py:79} INFO - Running: ['***', 'tasks', 'run', 'dag_etl', 'fact_nds', 'manual__2023-08-17T17:37:47.265781+00:00', '--job-id', '63', '--raw', '--subdir', 'DAGS_FOLDER/dag_etl_taskflow.py', '--cfg-path', '/tmp/tmp_3okcbaa', '--error-file', '/tmp/tmp0l80wje8']
[2023-08-17 17:37:55,486] {standard_task_runner.py:80} INFO - Job 63: Subtask fact_nds
[2023-08-17 17:37:55,557] {task_command.py:371} INFO - Running <TaskInstance: dag_etl.fact_nds manual__2023-08-17T17:37:47.265781+00:00 [running]> on host 1ea22a5e1d7f
[2023-08-17 17:37:55,636] {taskinstance.py:1591} INFO - Exporting the following env vars:
AIRFLOW_CTX_DAG_OWNER=Victor
AIRFLOW_CTX_DAG_ID=dag_etl
AIRFLOW_CTX_TASK_ID=fact_nds
AIRFLOW_CTX_EXECUTION_DATE=2023-08-17T17:37:47.265781+00:00
AIRFLOW_CTX_TRY_NUMBER=1
AIRFLOW_CTX_DAG_RUN_ID=manual__2023-08-17T17:37:47.265781+00:00
[2023-08-17 17:37:55,647] {base.py:68} INFO - Using connection ID '***_conn' for task execution.
[2023-08-17 17:37:55,692] {base.py:68} INFO - Using connection ID '***_conn' for task execution.
[2023-08-17 17:37:55,941] {python.py:173} INFO - Done. Returned value was: None
[2023-08-17 17:37:55,956] {taskinstance.py:1420} INFO - Marking task as SUCCESS. dag_id=dag_etl, task_id=fact_nds, execution_date=20230817T173747, start_date=20230817T173755, end_date=20230817T173755
[2023-08-17 17:37:55,979] {local_task_job.py:156} INFO - Task exited with return code 0
[2023-08-17 17:37:56,019] {local_task_job.py:273} INFO - 1 downstream tasks scheduled from follow-on schedule check
