[2023-04-30 07:03:33,348] {taskinstance.py:1159} INFO - Dependencies all met for <TaskInstance: dag_etl.dim_payment manual__2023-04-30T07:01:56.678142+00:00 [queued]>
[2023-04-30 07:03:33,978] {taskinstance.py:1159} INFO - Dependencies all met for <TaskInstance: dag_etl.dim_payment manual__2023-04-30T07:01:56.678142+00:00 [queued]>
[2023-04-30 07:03:34,003] {taskinstance.py:1356} INFO - 
--------------------------------------------------------------------------------
[2023-04-30 07:03:34,007] {taskinstance.py:1357} INFO - Starting attempt 1 of 6
[2023-04-30 07:03:34,012] {taskinstance.py:1358} INFO - 
--------------------------------------------------------------------------------
[2023-04-30 07:03:34,980] {taskinstance.py:1377} INFO - Executing <Task(_PythonDecoratedOperator): dim_payment> on 2023-04-30 07:01:56.678142+00:00
[2023-04-30 07:03:35,128] {standard_task_runner.py:79} INFO - Running: ['***', 'tasks', 'run', 'dag_etl', 'dim_payment', 'manual__2023-04-30T07:01:56.678142+00:00', '--job-id', '65', '--raw', '--subdir', 'DAGS_FOLDER/dag_etl_taskflow.py', '--cfg-path', '/tmp/tmp30o7p79z', '--error-file', '/tmp/tmpjox5avne']
[2023-04-30 07:03:35,139] {standard_task_runner.py:80} INFO - Job 65: Subtask dim_payment
[2023-04-30 07:03:35,101] {standard_task_runner.py:52} INFO - Started process 994 to run task
[2023-04-30 07:03:37,211] {task_command.py:370} INFO - Running <TaskInstance: dag_etl.dim_payment manual__2023-04-30T07:01:56.678142+00:00 [running]> on host 295d97741f96
[2023-04-30 07:03:52,347] {taskinstance.py:1571} INFO - Exporting the following env vars:
AIRFLOW_CTX_DAG_OWNER=Victor
AIRFLOW_CTX_DAG_ID=dag_etl
AIRFLOW_CTX_TASK_ID=dim_payment
AIRFLOW_CTX_EXECUTION_DATE=2023-04-30T07:01:56.678142+00:00
AIRFLOW_CTX_TRY_NUMBER=1
AIRFLOW_CTX_DAG_RUN_ID=manual__2023-04-30T07:01:56.678142+00:00
[2023-04-30 07:03:54,724] {base.py:68} INFO - Using connection ID 'postgres_conn' for task execution.
[2023-04-30 07:03:56,225] {python.py:173} INFO - Done. Returned value was: None
[2023-04-30 07:03:56,959] {taskinstance.py:1400} INFO - Marking task as SUCCESS. dag_id=dag_etl, task_id=dim_payment, execution_date=20230430T070156, start_date=20230430T070333, end_date=20230430T070356
[2023-04-30 07:03:57,719] {local_task_job.py:156} INFO - Task exited with return code 0
[2023-04-30 07:04:03,418] {local_task_job.py:273} INFO - 0 downstream tasks scheduled from follow-on schedule check
