[2023-05-04 05:06:28,871] {taskinstance.py:1159} INFO - Dependencies all met for <TaskInstance: dag_etl.sensor_s3_obj manual__2023-05-03T18:42:51.223967+00:00 [queued]>
[2023-05-04 05:06:28,980] {taskinstance.py:1159} INFO - Dependencies all met for <TaskInstance: dag_etl.sensor_s3_obj manual__2023-05-03T18:42:51.223967+00:00 [queued]>
[2023-05-04 05:06:28,986] {taskinstance.py:1356} INFO - 
--------------------------------------------------------------------------------
[2023-05-04 05:06:28,992] {taskinstance.py:1357} INFO - Starting attempt 3 of 6
[2023-05-04 05:06:28,993] {taskinstance.py:1358} INFO - 
--------------------------------------------------------------------------------
[2023-05-04 05:06:29,162] {taskinstance.py:1377} INFO - Executing <Task(S3KeySensor): sensor_s3_obj> on 2023-05-03 18:42:51.223967+00:00
[2023-05-04 05:06:29,193] {standard_task_runner.py:52} INFO - Started process 291 to run task
[2023-05-04 05:06:29,215] {standard_task_runner.py:79} INFO - Running: ['***', 'tasks', 'run', 'dag_etl', 'sensor_s3_obj', 'manual__2023-05-03T18:42:51.223967+00:00', '--job-id', '902', '--raw', '--subdir', 'DAGS_FOLDER/dag_etl_taskflow.py', '--cfg-path', '/tmp/tmp5ysjeh8f', '--error-file', '/tmp/tmpa8witdbs']
[2023-05-04 05:06:29,224] {standard_task_runner.py:80} INFO - Job 902: Subtask sensor_s3_obj
[2023-05-04 05:06:30,218] {task_command.py:370} INFO - Running <TaskInstance: dag_etl.sensor_s3_obj manual__2023-05-03T18:42:51.223967+00:00 [running]> on host 295d97741f96
[2023-05-04 05:06:31,760] {taskinstance.py:1571} INFO - Exporting the following env vars:
AIRFLOW_CTX_DAG_OWNER=Victor
AIRFLOW_CTX_DAG_ID=dag_etl
AIRFLOW_CTX_TASK_ID=sensor_s3_obj
AIRFLOW_CTX_EXECUTION_DATE=2023-05-03T18:42:51.223967+00:00
AIRFLOW_CTX_TRY_NUMBER=3
AIRFLOW_CTX_DAG_RUN_ID=manual__2023-05-03T18:42:51.223967+00:00
[2023-05-04 05:06:31,764] {s3.py:104} INFO - Poking for key : s3://raw/supermarket_sales.csv
[2023-05-04 05:06:31,998] {base.py:68} INFO - Using connection ID 'minio_conn' for task execution.
[2023-05-04 05:06:32,012] {base_aws.py:206} INFO - Credentials retrieved from login
[2023-05-04 05:06:33,018] {base.py:301} INFO - Success criteria met. Exiting.
[2023-05-04 05:06:33,374] {taskinstance.py:1400} INFO - Marking task as SUCCESS. dag_id=dag_etl, task_id=sensor_s3_obj, execution_date=20230503T184251, start_date=20230504T050628, end_date=20230504T050633
[2023-05-04 05:06:34,177] {local_task_job.py:156} INFO - Task exited with return code 0
[2023-05-04 05:06:35,356] {local_task_job.py:273} INFO - 0 downstream tasks scheduled from follow-on schedule check
