[2023-05-03 18:42:56,317] {taskinstance.py:1159} INFO - Dependencies all met for <TaskInstance: dag_etl.sensor_s3_obj manual__2023-05-03T18:42:51.223967+00:00 [queued]>
[2023-05-03 18:42:56,373] {taskinstance.py:1159} INFO - Dependencies all met for <TaskInstance: dag_etl.sensor_s3_obj manual__2023-05-03T18:42:51.223967+00:00 [queued]>
[2023-05-03 18:42:56,374] {taskinstance.py:1356} INFO - 
--------------------------------------------------------------------------------
[2023-05-03 18:42:56,375] {taskinstance.py:1357} INFO - Starting attempt 1 of 6
[2023-05-03 18:42:56,376] {taskinstance.py:1358} INFO - 
--------------------------------------------------------------------------------
[2023-05-03 18:42:56,467] {taskinstance.py:1377} INFO - Executing <Task(S3KeySensor): sensor_s3_obj> on 2023-05-03 18:42:51.223967+00:00
[2023-05-03 18:42:56,487] {standard_task_runner.py:52} INFO - Started process 1078 to run task
[2023-05-03 18:42:56,523] {standard_task_runner.py:79} INFO - Running: ['***', 'tasks', 'run', 'dag_etl', 'sensor_s3_obj', 'manual__2023-05-03T18:42:51.223967+00:00', '--job-id', '867', '--raw', '--subdir', 'DAGS_FOLDER/dag_etl_taskflow.py', '--cfg-path', '/tmp/tmpeklle19c', '--error-file', '/tmp/tmpyl4db807']
[2023-05-03 18:42:56,527] {standard_task_runner.py:80} INFO - Job 867: Subtask sensor_s3_obj
[2023-05-03 18:42:56,989] {task_command.py:370} INFO - Running <TaskInstance: dag_etl.sensor_s3_obj manual__2023-05-03T18:42:51.223967+00:00 [running]> on host 295d97741f96
[2023-05-03 18:42:57,608] {taskinstance.py:1571} INFO - Exporting the following env vars:
AIRFLOW_CTX_DAG_OWNER=Victor
AIRFLOW_CTX_DAG_ID=dag_etl
AIRFLOW_CTX_TASK_ID=sensor_s3_obj
AIRFLOW_CTX_EXECUTION_DATE=2023-05-03T18:42:51.223967+00:00
AIRFLOW_CTX_TRY_NUMBER=1
AIRFLOW_CTX_DAG_RUN_ID=manual__2023-05-03T18:42:51.223967+00:00
[2023-05-03 18:42:57,613] {s3.py:104} INFO - Poking for key : s3://"raw"/"supermarket_sales.csv"
[2023-05-03 18:42:57,721] {base.py:68} INFO - Using connection ID 'minio_conn' for task execution.
[2023-05-03 18:42:57,730] {base_aws.py:206} INFO - Credentials retrieved from login
[2023-05-03 18:42:58,059] {taskinstance.py:1889} ERROR - Task failed with exception
Traceback (most recent call last):
  File "/home/airflow/.local/lib/python3.7/site-packages/airflow/sensors/base.py", line 277, in execute
    poke_return = self.poke(context)
  File "/home/airflow/.local/lib/python3.7/site-packages/airflow/providers/amazon/aws/sensors/s3.py", line 133, in poke
    return all(self._check_key(key) for key in self.bucket_key)
  File "/home/airflow/.local/lib/python3.7/site-packages/airflow/providers/amazon/aws/sensors/s3.py", line 133, in <genexpr>
    return all(self._check_key(key) for key in self.bucket_key)
  File "/home/airflow/.local/lib/python3.7/site-packages/airflow/providers/amazon/aws/sensors/s3.py", line 122, in _check_key
    obj = self.get_hook().head_object(key, bucket_name)
  File "/home/airflow/.local/lib/python3.7/site-packages/airflow/providers/amazon/aws/hooks/s3.py", line 63, in wrapper
    return func(*bound_args.args, **bound_args.kwargs)
  File "/home/airflow/.local/lib/python3.7/site-packages/airflow/providers/amazon/aws/hooks/s3.py", line 91, in wrapper
    return func(*bound_args.args, **bound_args.kwargs)
  File "/home/airflow/.local/lib/python3.7/site-packages/airflow/providers/amazon/aws/hooks/s3.py", line 424, in head_object
    return self.get_conn().head_object(Bucket=bucket_name, Key=key)
  File "/home/airflow/.local/lib/python3.7/site-packages/botocore/client.py", line 508, in _api_call
    return self._make_api_call(operation_name, kwargs)
  File "/home/airflow/.local/lib/python3.7/site-packages/botocore/client.py", line 875, in _make_api_call
    api_params, operation_model, context=request_context
  File "/home/airflow/.local/lib/python3.7/site-packages/botocore/client.py", line 933, in _convert_to_request_dict
    api_params, operation_model, context
  File "/home/airflow/.local/lib/python3.7/site-packages/botocore/client.py", line 969, in _emit_api_params
    context=context,
  File "/home/airflow/.local/lib/python3.7/site-packages/botocore/hooks.py", line 412, in emit
    return self._emitter.emit(aliased_event_name, **kwargs)
  File "/home/airflow/.local/lib/python3.7/site-packages/botocore/hooks.py", line 256, in emit
    return self._emit(event_name, kwargs)
  File "/home/airflow/.local/lib/python3.7/site-packages/botocore/hooks.py", line 239, in _emit
    response = handler(**kwargs)
  File "/home/airflow/.local/lib/python3.7/site-packages/botocore/handlers.py", line 276, in validate_bucket_name
    raise ParamValidationError(report=error_msg)
botocore.exceptions.ParamValidationError: Parameter validation failed:
Invalid bucket name ""raw"": Bucket name must match the regex "^[a-zA-Z0-9.\-_]{1,255}$" or be an ARN matching the regex "^arn:(aws).*:(s3|s3-object-lambda):[a-z\-0-9]*:[0-9]{12}:accesspoint[/:][a-zA-Z0-9\-.]{1,63}$|^arn:(aws).*:s3-outposts:[a-z\-0-9]+:[0-9]{12}:outpost[/:][a-zA-Z0-9\-]{1,63}[/:]accesspoint[/:][a-zA-Z0-9\-]{1,63}$"
[2023-05-03 18:42:58,170] {taskinstance.py:1400} INFO - Marking task as UP_FOR_RETRY. dag_id=dag_etl, task_id=sensor_s3_obj, execution_date=20230503T184251, start_date=20230503T184256, end_date=20230503T184258
[2023-05-03 18:42:58,254] {standard_task_runner.py:97} ERROR - Failed to execute job 867 for task sensor_s3_obj (Parameter validation failed:
Invalid bucket name ""raw"": Bucket name must match the regex "^[a-zA-Z0-9.\-_]{1,255}$" or be an ARN matching the regex "^arn:(aws).*:(s3|s3-object-lambda):[a-z\-0-9]*:[0-9]{12}:accesspoint[/:][a-zA-Z0-9\-.]{1,63}$|^arn:(aws).*:s3-outposts:[a-z\-0-9]+:[0-9]{12}:outpost[/:][a-zA-Z0-9\-]{1,63}[/:]accesspoint[/:][a-zA-Z0-9\-]{1,63}$"; 1078)
[2023-05-03 18:42:58,278] {local_task_job.py:156} INFO - Task exited with return code 1
[2023-05-03 18:42:58,718] {local_task_job.py:273} INFO - 0 downstream tasks scheduled from follow-on schedule check
