[2023-04-30 18:04:39,920] {taskinstance.py:1159} INFO - Dependencies all met for <TaskInstance: dag_etl.delete_s3_obj manual__2023-04-30T18:03:01.890216+00:00 [queued]>
[2023-04-30 18:04:40,520] {taskinstance.py:1159} INFO - Dependencies all met for <TaskInstance: dag_etl.delete_s3_obj manual__2023-04-30T18:03:01.890216+00:00 [queued]>
[2023-04-30 18:04:40,532] {taskinstance.py:1356} INFO - 
--------------------------------------------------------------------------------
[2023-04-30 18:04:40,541] {taskinstance.py:1357} INFO - Starting attempt 1 of 6
[2023-04-30 18:04:40,561] {taskinstance.py:1358} INFO - 
--------------------------------------------------------------------------------
[2023-04-30 18:04:41,717] {taskinstance.py:1377} INFO - Executing <Task(S3DeleteObjectsOperator): delete_s3_obj> on 2023-04-30 18:03:01.890216+00:00
[2023-04-30 18:04:41,821] {standard_task_runner.py:52} INFO - Started process 1567 to run task
[2023-04-30 18:04:41,937] {standard_task_runner.py:79} INFO - Running: ['***', 'tasks', 'run', 'dag_etl', 'delete_s3_obj', 'manual__2023-04-30T18:03:01.890216+00:00', '--job-id', '364', '--raw', '--subdir', 'DAGS_FOLDER/dag_etl_taskflow.py', '--cfg-path', '/tmp/tmphdsbg1q0', '--error-file', '/tmp/tmpo930zeyd']
[2023-04-30 18:04:41,977] {standard_task_runner.py:80} INFO - Job 364: Subtask delete_s3_obj
[2023-04-30 18:04:45,331] {task_command.py:370} INFO - Running <TaskInstance: dag_etl.delete_s3_obj manual__2023-04-30T18:03:01.890216+00:00 [running]> on host 295d97741f96
[2023-04-30 18:04:53,153] {taskinstance.py:1571} INFO - Exporting the following env vars:
AIRFLOW_CTX_DAG_OWNER=Victor
AIRFLOW_CTX_DAG_ID=dag_etl
AIRFLOW_CTX_TASK_ID=delete_s3_obj
AIRFLOW_CTX_EXECUTION_DATE=2023-04-30T18:03:01.890216+00:00
AIRFLOW_CTX_TRY_NUMBER=1
AIRFLOW_CTX_DAG_RUN_ID=manual__2023-04-30T18:03:01.890216+00:00
[2023-04-30 18:04:53,980] {base.py:68} INFO - Using connection ID 'minio_conn' for task execution.
[2023-04-30 18:04:54,068] {base_aws.py:206} INFO - Credentials retrieved from login
[2023-04-30 18:05:01,188] {s3.py:841} INFO - Deleted: ['supermarket_sales.csv']
[2023-04-30 18:05:05,251] {taskinstance.py:1400} INFO - Marking task as SUCCESS. dag_id=dag_etl, task_id=delete_s3_obj, execution_date=20230430T180301, start_date=20230430T180439, end_date=20230430T180505
[2023-04-30 18:05:07,391] {local_task_job.py:156} INFO - Task exited with return code 0
[2023-04-30 18:05:09,171] {local_task_job.py:273} INFO - 0 downstream tasks scheduled from follow-on schedule check
