[2023-04-30 11:59:01,172] {taskinstance.py:1159} INFO - Dependencies all met for <TaskInstance: dag_etl.sensor_s3_obj manual__2023-04-30T11:58:50.689561+00:00 [queued]>
[2023-04-30 11:59:01,249] {taskinstance.py:1159} INFO - Dependencies all met for <TaskInstance: dag_etl.sensor_s3_obj manual__2023-04-30T11:58:50.689561+00:00 [queued]>
[2023-04-30 11:59:01,265] {taskinstance.py:1356} INFO - 
--------------------------------------------------------------------------------
[2023-04-30 11:59:01,271] {taskinstance.py:1357} INFO - Starting attempt 1 of 6
[2023-04-30 11:59:01,272] {taskinstance.py:1358} INFO - 
--------------------------------------------------------------------------------
[2023-04-30 11:59:01,586] {taskinstance.py:1377} INFO - Executing <Task(S3KeySensor): sensor_s3_obj> on 2023-04-30 11:58:50.689561+00:00
[2023-04-30 11:59:01,617] {standard_task_runner.py:52} INFO - Started process 474 to run task
[2023-04-30 11:59:01,687] {standard_task_runner.py:79} INFO - Running: ['***', 'tasks', 'run', 'dag_etl', 'sensor_s3_obj', 'manual__2023-04-30T11:58:50.689561+00:00', '--job-id', '235', '--raw', '--subdir', 'DAGS_FOLDER/dag_etl_taskflow.py', '--cfg-path', '/tmp/tmpbzlv98zm', '--error-file', '/tmp/tmpvq3lbt1f']
[2023-04-30 11:59:01,697] {standard_task_runner.py:80} INFO - Job 235: Subtask sensor_s3_obj
[2023-04-30 11:59:02,255] {task_command.py:370} INFO - Running <TaskInstance: dag_etl.sensor_s3_obj manual__2023-04-30T11:58:50.689561+00:00 [running]> on host 295d97741f96
[2023-04-30 11:59:03,839] {taskinstance.py:1571} INFO - Exporting the following env vars:
AIRFLOW_CTX_DAG_OWNER=Victor
AIRFLOW_CTX_DAG_ID=dag_etl
AIRFLOW_CTX_TASK_ID=sensor_s3_obj
AIRFLOW_CTX_EXECUTION_DATE=2023-04-30T11:58:50.689561+00:00
AIRFLOW_CTX_TRY_NUMBER=1
AIRFLOW_CTX_DAG_RUN_ID=manual__2023-04-30T11:58:50.689561+00:00
[2023-04-30 11:59:03,846] {s3.py:104} INFO - Poking for key : s3://raw/supermarket_sales.csv
[2023-04-30 11:59:03,992] {base.py:68} INFO - Using connection ID 'minio_conn' for task execution.
[2023-04-30 11:59:04,013] {base_aws.py:206} INFO - Credentials retrieved from login
[2023-04-30 11:59:04,774] {base.py:301} INFO - Success criteria met. Exiting.
[2023-04-30 11:59:05,520] {taskinstance.py:1400} INFO - Marking task as SUCCESS. dag_id=dag_etl, task_id=sensor_s3_obj, execution_date=20230430T115850, start_date=20230430T115901, end_date=20230430T115905
[2023-04-30 11:59:05,831] {local_task_job.py:156} INFO - Task exited with return code 0
[2023-04-30 11:59:06,907] {local_task_job.py:273} INFO - 2 downstream tasks scheduled from follow-on schedule check
