[2023-04-30 09:02:43,918] {taskinstance.py:1159} INFO - Dependencies all met for <TaskInstance: dag_etl.fact_stage manual__2023-04-30T09:01:32.484117+00:00 [queued]>
[2023-04-30 09:02:43,982] {taskinstance.py:1159} INFO - Dependencies all met for <TaskInstance: dag_etl.fact_stage manual__2023-04-30T09:01:32.484117+00:00 [queued]>
[2023-04-30 09:02:43,983] {taskinstance.py:1356} INFO - 
--------------------------------------------------------------------------------
[2023-04-30 09:02:43,984] {taskinstance.py:1357} INFO - Starting attempt 1 of 6
[2023-04-30 09:02:43,985] {taskinstance.py:1358} INFO - 
--------------------------------------------------------------------------------
[2023-04-30 09:02:44,079] {taskinstance.py:1377} INFO - Executing <Task(_PythonDecoratedOperator): fact_stage> on 2023-04-30 09:01:32.484117+00:00
[2023-04-30 09:02:44,089] {standard_task_runner.py:52} INFO - Started process 743 to run task
[2023-04-30 09:02:44,099] {standard_task_runner.py:79} INFO - Running: ['***', 'tasks', 'run', 'dag_etl', 'fact_stage', 'manual__2023-04-30T09:01:32.484117+00:00', '--job-id', '198', '--raw', '--subdir', 'DAGS_FOLDER/dag_etl_taskflow.py', '--cfg-path', '/tmp/tmpft4indpt', '--error-file', '/tmp/tmpi9sf79oq']
[2023-04-30 09:02:44,101] {standard_task_runner.py:80} INFO - Job 198: Subtask fact_stage
[2023-04-30 09:02:44,532] {task_command.py:370} INFO - Running <TaskInstance: dag_etl.fact_stage manual__2023-04-30T09:01:32.484117+00:00 [running]> on host 295d97741f96
[2023-04-30 09:02:45,311] {taskinstance.py:1571} INFO - Exporting the following env vars:
AIRFLOW_CTX_DAG_OWNER=Victor
AIRFLOW_CTX_DAG_ID=dag_etl
AIRFLOW_CTX_TASK_ID=fact_stage
AIRFLOW_CTX_EXECUTION_DATE=2023-04-30T09:01:32.484117+00:00
AIRFLOW_CTX_TRY_NUMBER=1
AIRFLOW_CTX_DAG_RUN_ID=manual__2023-04-30T09:01:32.484117+00:00
[2023-04-30 09:02:45,424] {base.py:68} INFO - Using connection ID 'postgres_conn' for task execution.
[2023-04-30 09:02:45,841] {base.py:68} INFO - Using connection ID 'postgres_conn' for task execution.
[2023-04-30 09:02:47,029] {python.py:173} INFO - Done. Returned value was: None
[2023-04-30 09:02:47,270] {taskinstance.py:1400} INFO - Marking task as SUCCESS. dag_id=dag_etl, task_id=fact_stage, execution_date=20230430T090132, start_date=20230430T090243, end_date=20230430T090247
[2023-04-30 09:02:47,436] {local_task_job.py:156} INFO - Task exited with return code 0
[2023-04-30 09:02:47,762] {local_task_job.py:273} INFO - 1 downstream tasks scheduled from follow-on schedule check
