[2023-05-02 15:14:56,453] {taskinstance.py:1159} INFO - Dependencies all met for <TaskInstance: dag_etl_date.clear_data_directory manual__2023-05-02T15:13:48.299245+00:00 [queued]>
[2023-05-02 15:14:56,515] {taskinstance.py:1159} INFO - Dependencies all met for <TaskInstance: dag_etl_date.clear_data_directory manual__2023-05-02T15:13:48.299245+00:00 [queued]>
[2023-05-02 15:14:56,516] {taskinstance.py:1356} INFO - 
--------------------------------------------------------------------------------
[2023-05-02 15:14:56,518] {taskinstance.py:1357} INFO - Starting attempt 1 of 6
[2023-05-02 15:14:56,519] {taskinstance.py:1358} INFO - 
--------------------------------------------------------------------------------
[2023-05-02 15:14:56,639] {taskinstance.py:1377} INFO - Executing <Task(BashOperator): clear_data_directory> on 2023-05-02 15:13:48.299245+00:00
[2023-05-02 15:14:56,652] {standard_task_runner.py:52} INFO - Started process 1752 to run task
[2023-05-02 15:14:56,668] {standard_task_runner.py:79} INFO - Running: ['***', 'tasks', 'run', 'dag_etl_date', 'clear_data_directory', 'manual__2023-05-02T15:13:48.299245+00:00', '--job-id', '698', '--raw', '--subdir', 'DAGS_FOLDER/dag_etl_taskflow_date.py', '--cfg-path', '/tmp/tmp8vnirtif', '--error-file', '/tmp/tmpp_r24nki']
[2023-05-02 15:14:56,671] {standard_task_runner.py:80} INFO - Job 698: Subtask clear_data_directory
[2023-05-02 15:14:57,135] {task_command.py:370} INFO - Running <TaskInstance: dag_etl_date.clear_data_directory manual__2023-05-02T15:13:48.299245+00:00 [running]> on host 295d97741f96
[2023-05-02 15:14:57,792] {taskinstance.py:1571} INFO - Exporting the following env vars:
AIRFLOW_CTX_DAG_OWNER=Victor
AIRFLOW_CTX_DAG_ID=dag_etl_date
AIRFLOW_CTX_TASK_ID=clear_data_directory
AIRFLOW_CTX_EXECUTION_DATE=2023-05-02T15:13:48.299245+00:00
AIRFLOW_CTX_TRY_NUMBER=1
AIRFLOW_CTX_DAG_RUN_ID=manual__2023-05-02T15:13:48.299245+00:00
[2023-05-02 15:14:57,798] {subprocess.py:62} INFO - Tmp dir root location: 
 /tmp
[2023-05-02 15:14:57,800] {subprocess.py:74} INFO - Running command: ['bash', '-c', 'rm -rf ${pwd}data/* | echo "приехали"']
[2023-05-02 15:14:57,819] {subprocess.py:85} INFO - Output:
[2023-05-02 15:14:57,867] {subprocess.py:92} INFO - приехали
[2023-05-02 15:14:57,900] {subprocess.py:96} INFO - Command exited with return code 0
[2023-05-02 15:14:58,153] {taskinstance.py:1400} INFO - Marking task as SUCCESS. dag_id=dag_etl_date, task_id=clear_data_directory, execution_date=20230502T151348, start_date=20230502T151456, end_date=20230502T151458
[2023-05-02 15:14:58,247] {local_task_job.py:156} INFO - Task exited with return code 0
[2023-05-02 15:14:58,652] {local_task_job.py:273} INFO - 0 downstream tasks scheduled from follow-on schedule check
