[2023-08-17 16:39:13,959] {taskinstance.py:1179} INFO - Dependencies all met for <TaskInstance: dag_etl.fact_nds manual__2023-08-17T16:39:02.613613+00:00 [queued]>
[2023-08-17 16:39:13,966] {taskinstance.py:1179} INFO - Dependencies all met for <TaskInstance: dag_etl.fact_nds manual__2023-08-17T16:39:02.613613+00:00 [queued]>
[2023-08-17 16:39:13,967] {taskinstance.py:1376} INFO - 
--------------------------------------------------------------------------------
[2023-08-17 16:39:13,967] {taskinstance.py:1377} INFO - Starting attempt 1 of 6
[2023-08-17 16:39:13,967] {taskinstance.py:1378} INFO - 
--------------------------------------------------------------------------------
[2023-08-17 16:39:13,976] {taskinstance.py:1397} INFO - Executing <Task(_PythonDecoratedOperator): fact_nds> on 2023-08-17 16:39:02.613613+00:00
[2023-08-17 16:39:13,981] {standard_task_runner.py:52} INFO - Started process 1976 to run task
[2023-08-17 16:39:13,985] {standard_task_runner.py:79} INFO - Running: ['***', 'tasks', 'run', 'dag_etl', 'fact_nds', 'manual__2023-08-17T16:39:02.613613+00:00', '--job-id', '43', '--raw', '--subdir', 'DAGS_FOLDER/dag_etl_taskflow.py', '--cfg-path', '/tmp/tmpl554mbjx', '--error-file', '/tmp/tmpz96wpfp2']
[2023-08-17 16:39:13,986] {standard_task_runner.py:80} INFO - Job 43: Subtask fact_nds
[2023-08-17 16:39:14,054] {task_command.py:371} INFO - Running <TaskInstance: dag_etl.fact_nds manual__2023-08-17T16:39:02.613613+00:00 [running]> on host 1ea22a5e1d7f
[2023-08-17 16:39:14,133] {taskinstance.py:1591} INFO - Exporting the following env vars:
AIRFLOW_CTX_DAG_OWNER=Victor
AIRFLOW_CTX_DAG_ID=dag_etl
AIRFLOW_CTX_TASK_ID=fact_nds
AIRFLOW_CTX_EXECUTION_DATE=2023-08-17T16:39:02.613613+00:00
AIRFLOW_CTX_TRY_NUMBER=1
AIRFLOW_CTX_DAG_RUN_ID=manual__2023-08-17T16:39:02.613613+00:00
[2023-08-17 16:39:14,144] {base.py:68} INFO - Using connection ID '***_conn' for task execution.
[2023-08-17 16:39:14,188] {base.py:68} INFO - Using connection ID '***_conn' for task execution.
[2023-08-17 16:39:14,297] {python.py:173} INFO - Done. Returned value was: None
[2023-08-17 16:39:14,312] {taskinstance.py:1420} INFO - Marking task as SUCCESS. dag_id=dag_etl, task_id=fact_nds, execution_date=20230817T163902, start_date=20230817T163913, end_date=20230817T163914
[2023-08-17 16:39:14,364] {local_task_job.py:156} INFO - Task exited with return code 0
[2023-08-17 16:39:14,405] {local_task_job.py:273} INFO - 1 downstream tasks scheduled from follow-on schedule check
