[2023-05-02 13:55:59,065] {taskinstance.py:1159} INFO - Dependencies all met for <TaskInstance: dag_etl.dim_gender manual__2023-05-02T13:55:16.904018+00:00 [queued]>
[2023-05-02 13:55:59,312] {taskinstance.py:1159} INFO - Dependencies all met for <TaskInstance: dag_etl.dim_gender manual__2023-05-02T13:55:16.904018+00:00 [queued]>
[2023-05-02 13:55:59,315] {taskinstance.py:1356} INFO - 
--------------------------------------------------------------------------------
[2023-05-02 13:55:59,316] {taskinstance.py:1357} INFO - Starting attempt 1 of 6
[2023-05-02 13:55:59,318] {taskinstance.py:1358} INFO - 
--------------------------------------------------------------------------------
[2023-05-02 13:55:59,617] {taskinstance.py:1377} INFO - Executing <Task(_PythonDecoratedOperator): dim_gender> on 2023-05-02 13:55:16.904018+00:00
[2023-05-02 13:55:59,646] {standard_task_runner.py:52} INFO - Started process 1604 to run task
[2023-05-02 13:55:59,687] {standard_task_runner.py:79} INFO - Running: ['***', 'tasks', 'run', 'dag_etl', 'dim_gender', 'manual__2023-05-02T13:55:16.904018+00:00', '--job-id', '608', '--raw', '--subdir', 'DAGS_FOLDER/dag_etl_taskflow.py', '--cfg-path', '/tmp/tmpj0bral2f', '--error-file', '/tmp/tmp_4omnkn7']
[2023-05-02 13:55:59,723] {standard_task_runner.py:80} INFO - Job 608: Subtask dim_gender
[2023-05-02 13:56:01,781] {task_command.py:370} INFO - Running <TaskInstance: dag_etl.dim_gender manual__2023-05-02T13:55:16.904018+00:00 [running]> on host 295d97741f96
[2023-05-02 13:56:04,243] {taskinstance.py:1571} INFO - Exporting the following env vars:
AIRFLOW_CTX_DAG_OWNER=Victor
AIRFLOW_CTX_DAG_ID=dag_etl
AIRFLOW_CTX_TASK_ID=dim_gender
AIRFLOW_CTX_EXECUTION_DATE=2023-05-02T13:55:16.904018+00:00
AIRFLOW_CTX_TRY_NUMBER=1
AIRFLOW_CTX_DAG_RUN_ID=manual__2023-05-02T13:55:16.904018+00:00
[2023-05-02 13:56:05,497] {base.py:68} INFO - Using connection ID 'postgres_conn' for task execution.
[2023-05-02 13:56:06,217] {python.py:173} INFO - Done. Returned value was: None
[2023-05-02 13:56:06,677] {taskinstance.py:1400} INFO - Marking task as SUCCESS. dag_id=dag_etl, task_id=dim_gender, execution_date=20230502T135516, start_date=20230502T135559, end_date=20230502T135606
[2023-05-02 13:56:06,825] {local_task_job.py:156} INFO - Task exited with return code 0
[2023-05-02 13:56:07,602] {local_task_job.py:273} INFO - 0 downstream tasks scheduled from follow-on schedule check
