[2023-05-05 05:29:38,744] {processor.py:153} INFO - Started process (PID=294) to work on /opt/airflow/dags/dag_etl_taskflow.py
[2023-05-05 05:29:38,746] {processor.py:641} INFO - Processing file /opt/airflow/dags/dag_etl_taskflow.py for tasks to queue
[2023-05-05 05:29:38,751] {logging_mixin.py:115} INFO - [2023-05-05 05:29:38,750] {dagbag.py:507} INFO - Filling up the DagBag from /opt/airflow/dags/dag_etl_taskflow.py
[2023-05-05 05:29:46,643] {processor.py:651} INFO - DAG(s) dict_keys(['dag_etl']) retrieved from /opt/airflow/dags/dag_etl_taskflow.py
[2023-05-05 05:29:47,597] {logging_mixin.py:115} INFO - [2023-05-05 05:29:47,595] {dag.py:2379} INFO - Sync 1 DAGs
[2023-05-05 05:29:47,930] {logging_mixin.py:115} INFO - [2023-05-05 05:29:47,929] {dag.py:2931} INFO - Setting next_dagrun for dag_etl to 2023-05-05T00:00:00+00:00, run_after=2023-05-06T00:00:00+00:00
[2023-05-05 05:29:48,102] {processor.py:161} INFO - Processing /opt/airflow/dags/dag_etl_taskflow.py took 9.374 seconds
[2023-05-05 05:30:18,516] {processor.py:153} INFO - Started process (PID=338) to work on /opt/airflow/dags/dag_etl_taskflow.py
[2023-05-05 05:30:18,520] {processor.py:641} INFO - Processing file /opt/airflow/dags/dag_etl_taskflow.py for tasks to queue
[2023-05-05 05:30:18,545] {logging_mixin.py:115} INFO - [2023-05-05 05:30:18,533] {dagbag.py:507} INFO - Filling up the DagBag from /opt/airflow/dags/dag_etl_taskflow.py
[2023-05-05 05:30:21,823] {processor.py:651} INFO - DAG(s) dict_keys(['dag_etl']) retrieved from /opt/airflow/dags/dag_etl_taskflow.py
[2023-05-05 05:30:22,211] {logging_mixin.py:115} INFO - [2023-05-05 05:30:22,210] {dag.py:2379} INFO - Sync 1 DAGs
[2023-05-05 05:30:22,337] {logging_mixin.py:115} INFO - [2023-05-05 05:30:22,336] {dag.py:2931} INFO - Setting next_dagrun for dag_etl to 2023-05-05T00:00:00+00:00, run_after=2023-05-06T00:00:00+00:00
[2023-05-05 05:30:22,418] {processor.py:161} INFO - Processing /opt/airflow/dags/dag_etl_taskflow.py took 3.930 seconds
[2023-05-05 05:30:52,851] {processor.py:153} INFO - Started process (PID=412) to work on /opt/airflow/dags/dag_etl_taskflow.py
[2023-05-05 05:30:52,857] {processor.py:641} INFO - Processing file /opt/airflow/dags/dag_etl_taskflow.py for tasks to queue
[2023-05-05 05:30:52,865] {logging_mixin.py:115} INFO - [2023-05-05 05:30:52,865] {dagbag.py:507} INFO - Filling up the DagBag from /opt/airflow/dags/dag_etl_taskflow.py
[2023-05-05 05:31:07,759] {processor.py:651} INFO - DAG(s) dict_keys(['dag_etl']) retrieved from /opt/airflow/dags/dag_etl_taskflow.py
[2023-05-05 05:31:08,798] {logging_mixin.py:115} INFO - [2023-05-05 05:31:08,794] {dag.py:2379} INFO - Sync 1 DAGs
[2023-05-05 05:31:09,345] {logging_mixin.py:115} INFO - [2023-05-05 05:31:09,345] {dag.py:2931} INFO - Setting next_dagrun for dag_etl to 2023-05-05T00:00:00+00:00, run_after=2023-05-06T00:00:00+00:00
[2023-05-05 05:31:09,711] {processor.py:161} INFO - Processing /opt/airflow/dags/dag_etl_taskflow.py took 16.908 seconds
[2023-05-05 05:31:40,319] {processor.py:153} INFO - Started process (PID=488) to work on /opt/airflow/dags/dag_etl_taskflow.py
[2023-05-05 05:31:40,324] {processor.py:641} INFO - Processing file /opt/airflow/dags/dag_etl_taskflow.py for tasks to queue
[2023-05-05 05:31:40,331] {logging_mixin.py:115} INFO - [2023-05-05 05:31:40,330] {dagbag.py:507} INFO - Filling up the DagBag from /opt/airflow/dags/dag_etl_taskflow.py
[2023-05-05 05:31:44,052] {processor.py:651} INFO - DAG(s) dict_keys(['dag_etl']) retrieved from /opt/airflow/dags/dag_etl_taskflow.py
[2023-05-05 05:31:45,152] {logging_mixin.py:115} INFO - [2023-05-05 05:31:45,151] {dag.py:2379} INFO - Sync 1 DAGs
[2023-05-05 05:31:45,348] {logging_mixin.py:115} INFO - [2023-05-05 05:31:45,348] {dag.py:2931} INFO - Setting next_dagrun for dag_etl to 2023-05-05T00:00:00+00:00, run_after=2023-05-06T00:00:00+00:00
[2023-05-05 05:31:45,452] {processor.py:161} INFO - Processing /opt/airflow/dags/dag_etl_taskflow.py took 5.152 seconds
[2023-05-05 05:32:15,716] {processor.py:153} INFO - Started process (PID=550) to work on /opt/airflow/dags/dag_etl_taskflow.py
[2023-05-05 05:32:15,719] {processor.py:641} INFO - Processing file /opt/airflow/dags/dag_etl_taskflow.py for tasks to queue
[2023-05-05 05:32:15,722] {logging_mixin.py:115} INFO - [2023-05-05 05:32:15,721] {dagbag.py:507} INFO - Filling up the DagBag from /opt/airflow/dags/dag_etl_taskflow.py
[2023-05-05 05:32:18,035] {processor.py:651} INFO - DAG(s) dict_keys(['dag_etl']) retrieved from /opt/airflow/dags/dag_etl_taskflow.py
[2023-05-05 05:32:18,385] {logging_mixin.py:115} INFO - [2023-05-05 05:32:18,383] {dag.py:2379} INFO - Sync 1 DAGs
[2023-05-05 05:32:18,496] {logging_mixin.py:115} INFO - [2023-05-05 05:32:18,495] {dag.py:2931} INFO - Setting next_dagrun for dag_etl to 2023-05-05T00:00:00+00:00, run_after=2023-05-06T00:00:00+00:00
[2023-05-05 05:32:18,555] {processor.py:161} INFO - Processing /opt/airflow/dags/dag_etl_taskflow.py took 2.850 seconds
[2023-05-05 05:32:49,019] {processor.py:153} INFO - Started process (PID=588) to work on /opt/airflow/dags/dag_etl_taskflow.py
[2023-05-05 05:32:49,021] {processor.py:641} INFO - Processing file /opt/airflow/dags/dag_etl_taskflow.py for tasks to queue
[2023-05-05 05:32:49,025] {logging_mixin.py:115} INFO - [2023-05-05 05:32:49,024] {dagbag.py:507} INFO - Filling up the DagBag from /opt/airflow/dags/dag_etl_taskflow.py
[2023-05-05 05:32:51,570] {processor.py:651} INFO - DAG(s) dict_keys(['dag_etl']) retrieved from /opt/airflow/dags/dag_etl_taskflow.py
[2023-05-05 05:32:52,148] {logging_mixin.py:115} INFO - [2023-05-05 05:32:52,147] {dag.py:2379} INFO - Sync 1 DAGs
[2023-05-05 05:32:52,277] {logging_mixin.py:115} INFO - [2023-05-05 05:32:52,277] {dag.py:2931} INFO - Setting next_dagrun for dag_etl to 2023-05-05T00:00:00+00:00, run_after=2023-05-06T00:00:00+00:00
[2023-05-05 05:32:52,344] {processor.py:161} INFO - Processing /opt/airflow/dags/dag_etl_taskflow.py took 3.335 seconds
[2023-05-05 05:33:22,665] {processor.py:153} INFO - Started process (PID=658) to work on /opt/airflow/dags/dag_etl_taskflow.py
[2023-05-05 05:33:22,669] {processor.py:641} INFO - Processing file /opt/airflow/dags/dag_etl_taskflow.py for tasks to queue
[2023-05-05 05:33:22,677] {logging_mixin.py:115} INFO - [2023-05-05 05:33:22,677] {dagbag.py:507} INFO - Filling up the DagBag from /opt/airflow/dags/dag_etl_taskflow.py
[2023-05-05 05:33:31,282] {processor.py:651} INFO - DAG(s) dict_keys(['dag_etl']) retrieved from /opt/airflow/dags/dag_etl_taskflow.py
[2023-05-05 05:33:32,366] {logging_mixin.py:115} INFO - [2023-05-05 05:33:32,365] {dag.py:2379} INFO - Sync 1 DAGs
[2023-05-05 05:33:32,702] {logging_mixin.py:115} INFO - [2023-05-05 05:33:32,682] {dag.py:2931} INFO - Setting next_dagrun for dag_etl to 2023-05-05T00:00:00+00:00, run_after=2023-05-06T00:00:00+00:00
[2023-05-05 05:33:32,901] {processor.py:161} INFO - Processing /opt/airflow/dags/dag_etl_taskflow.py took 10.248 seconds
[2023-05-05 05:34:03,427] {processor.py:153} INFO - Started process (PID=735) to work on /opt/airflow/dags/dag_etl_taskflow.py
[2023-05-05 05:34:03,431] {processor.py:641} INFO - Processing file /opt/airflow/dags/dag_etl_taskflow.py for tasks to queue
[2023-05-05 05:34:03,438] {logging_mixin.py:115} INFO - [2023-05-05 05:34:03,437] {dagbag.py:507} INFO - Filling up the DagBag from /opt/airflow/dags/dag_etl_taskflow.py
[2023-05-05 05:34:05,988] {processor.py:651} INFO - DAG(s) dict_keys(['dag_etl']) retrieved from /opt/airflow/dags/dag_etl_taskflow.py
[2023-05-05 05:34:06,467] {logging_mixin.py:115} INFO - [2023-05-05 05:34:06,466] {dag.py:2379} INFO - Sync 1 DAGs
[2023-05-05 05:34:06,594] {logging_mixin.py:115} INFO - [2023-05-05 05:34:06,593] {dag.py:2931} INFO - Setting next_dagrun for dag_etl to 2023-05-05T00:00:00+00:00, run_after=2023-05-06T00:00:00+00:00
[2023-05-05 05:34:06,658] {processor.py:161} INFO - Processing /opt/airflow/dags/dag_etl_taskflow.py took 3.264 seconds
[2023-05-05 05:34:36,976] {processor.py:153} INFO - Started process (PID=784) to work on /opt/airflow/dags/dag_etl_taskflow.py
[2023-05-05 05:34:36,980] {processor.py:641} INFO - Processing file /opt/airflow/dags/dag_etl_taskflow.py for tasks to queue
[2023-05-05 05:34:36,983] {logging_mixin.py:115} INFO - [2023-05-05 05:34:36,982] {dagbag.py:507} INFO - Filling up the DagBag from /opt/airflow/dags/dag_etl_taskflow.py
[2023-05-05 07:19:36,172] {processor.py:153} INFO - Started process (PID=277) to work on /opt/airflow/dags/dag_etl_taskflow.py
[2023-05-05 07:19:36,177] {processor.py:641} INFO - Processing file /opt/airflow/dags/dag_etl_taskflow.py for tasks to queue
[2023-05-05 07:19:36,182] {logging_mixin.py:115} INFO - [2023-05-05 07:19:36,181] {dagbag.py:507} INFO - Filling up the DagBag from /opt/airflow/dags/dag_etl_taskflow.py
[2023-05-05 07:19:42,423] {processor.py:651} INFO - DAG(s) dict_keys(['dag_etl']) retrieved from /opt/airflow/dags/dag_etl_taskflow.py
[2023-05-05 07:19:43,384] {logging_mixin.py:115} INFO - [2023-05-05 07:19:43,382] {dag.py:2379} INFO - Sync 1 DAGs
[2023-05-05 07:19:43,614] {logging_mixin.py:115} INFO - [2023-05-05 07:19:43,614] {dag.py:2931} INFO - Setting next_dagrun for dag_etl to 2023-05-05T00:00:00+00:00, run_after=2023-05-06T00:00:00+00:00
[2023-05-05 07:19:43,751] {processor.py:161} INFO - Processing /opt/airflow/dags/dag_etl_taskflow.py took 7.597 seconds
[2023-05-05 07:20:14,153] {processor.py:153} INFO - Started process (PID=317) to work on /opt/airflow/dags/dag_etl_taskflow.py
[2023-05-05 07:20:14,156] {processor.py:641} INFO - Processing file /opt/airflow/dags/dag_etl_taskflow.py for tasks to queue
[2023-05-05 07:20:14,161] {logging_mixin.py:115} INFO - [2023-05-05 07:20:14,160] {dagbag.py:507} INFO - Filling up the DagBag from /opt/airflow/dags/dag_etl_taskflow.py
[2023-05-05 07:20:16,319] {processor.py:651} INFO - DAG(s) dict_keys(['dag_etl']) retrieved from /opt/airflow/dags/dag_etl_taskflow.py
[2023-05-05 07:20:16,680] {logging_mixin.py:115} INFO - [2023-05-05 07:20:16,679] {dag.py:2379} INFO - Sync 1 DAGs
[2023-05-05 07:20:16,792] {logging_mixin.py:115} INFO - [2023-05-05 07:20:16,792] {dag.py:2931} INFO - Setting next_dagrun for dag_etl to 2023-05-05T00:00:00+00:00, run_after=2023-05-06T00:00:00+00:00
[2023-05-05 07:20:16,853] {processor.py:161} INFO - Processing /opt/airflow/dags/dag_etl_taskflow.py took 2.715 seconds
[2023-05-05 07:20:47,112] {processor.py:153} INFO - Started process (PID=355) to work on /opt/airflow/dags/dag_etl_taskflow.py
[2023-05-05 07:20:47,114] {processor.py:641} INFO - Processing file /opt/airflow/dags/dag_etl_taskflow.py for tasks to queue
[2023-05-05 07:20:47,116] {logging_mixin.py:115} INFO - [2023-05-05 07:20:47,116] {dagbag.py:507} INFO - Filling up the DagBag from /opt/airflow/dags/dag_etl_taskflow.py
[2023-05-05 07:20:49,528] {processor.py:651} INFO - DAG(s) dict_keys(['dag_etl']) retrieved from /opt/airflow/dags/dag_etl_taskflow.py
[2023-05-05 07:20:50,033] {logging_mixin.py:115} INFO - [2023-05-05 07:20:50,031] {dag.py:2379} INFO - Sync 1 DAGs
[2023-05-05 07:20:50,173] {logging_mixin.py:115} INFO - [2023-05-05 07:20:50,173] {dag.py:2931} INFO - Setting next_dagrun for dag_etl to 2023-05-05T00:00:00+00:00, run_after=2023-05-06T00:00:00+00:00
[2023-05-05 07:20:50,253] {processor.py:161} INFO - Processing /opt/airflow/dags/dag_etl_taskflow.py took 3.156 seconds
[2023-05-05 07:21:20,587] {processor.py:153} INFO - Started process (PID=394) to work on /opt/airflow/dags/dag_etl_taskflow.py
[2023-05-05 07:21:20,594] {processor.py:641} INFO - Processing file /opt/airflow/dags/dag_etl_taskflow.py for tasks to queue
[2023-05-05 07:21:20,605] {logging_mixin.py:115} INFO - [2023-05-05 07:21:20,602] {dagbag.py:507} INFO - Filling up the DagBag from /opt/airflow/dags/dag_etl_taskflow.py
[2023-05-05 07:21:23,941] {processor.py:651} INFO - DAG(s) dict_keys(['dag_etl']) retrieved from /opt/airflow/dags/dag_etl_taskflow.py
[2023-05-05 07:21:24,536] {logging_mixin.py:115} INFO - [2023-05-05 07:21:24,534] {dag.py:2379} INFO - Sync 1 DAGs
[2023-05-05 07:21:24,690] {logging_mixin.py:115} INFO - [2023-05-05 07:21:24,690] {dag.py:2931} INFO - Setting next_dagrun for dag_etl to 2023-05-05T00:00:00+00:00, run_after=2023-05-06T00:00:00+00:00
[2023-05-05 07:21:24,768] {processor.py:161} INFO - Processing /opt/airflow/dags/dag_etl_taskflow.py took 4.229 seconds
[2023-05-05 07:21:55,018] {processor.py:153} INFO - Started process (PID=432) to work on /opt/airflow/dags/dag_etl_taskflow.py
[2023-05-05 07:21:55,021] {processor.py:641} INFO - Processing file /opt/airflow/dags/dag_etl_taskflow.py for tasks to queue
[2023-05-05 07:21:55,025] {logging_mixin.py:115} INFO - [2023-05-05 07:21:55,024] {dagbag.py:507} INFO - Filling up the DagBag from /opt/airflow/dags/dag_etl_taskflow.py
[2023-05-05 07:21:57,461] {processor.py:651} INFO - DAG(s) dict_keys(['dag_etl']) retrieved from /opt/airflow/dags/dag_etl_taskflow.py
[2023-05-05 07:21:57,883] {logging_mixin.py:115} INFO - [2023-05-05 07:21:57,881] {dag.py:2379} INFO - Sync 1 DAGs
[2023-05-05 07:21:58,014] {logging_mixin.py:115} INFO - [2023-05-05 07:21:58,013] {dag.py:2931} INFO - Setting next_dagrun for dag_etl to 2023-05-05T00:00:00+00:00, run_after=2023-05-06T00:00:00+00:00
[2023-05-05 07:21:58,090] {processor.py:161} INFO - Processing /opt/airflow/dags/dag_etl_taskflow.py took 3.081 seconds
[2023-05-05 07:22:28,299] {processor.py:153} INFO - Started process (PID=471) to work on /opt/airflow/dags/dag_etl_taskflow.py
[2023-05-05 07:22:28,303] {processor.py:641} INFO - Processing file /opt/airflow/dags/dag_etl_taskflow.py for tasks to queue
[2023-05-05 07:22:28,306] {logging_mixin.py:115} INFO - [2023-05-05 07:22:28,305] {dagbag.py:507} INFO - Filling up the DagBag from /opt/airflow/dags/dag_etl_taskflow.py
[2023-05-05 07:22:31,292] {processor.py:651} INFO - DAG(s) dict_keys(['dag_etl']) retrieved from /opt/airflow/dags/dag_etl_taskflow.py
[2023-05-05 07:22:31,939] {logging_mixin.py:115} INFO - [2023-05-05 07:22:31,937] {dag.py:2379} INFO - Sync 1 DAGs
[2023-05-05 07:22:32,110] {logging_mixin.py:115} INFO - [2023-05-05 07:22:32,109] {dag.py:2931} INFO - Setting next_dagrun for dag_etl to 2023-05-05T00:00:00+00:00, run_after=2023-05-06T00:00:00+00:00
[2023-05-05 07:22:32,190] {processor.py:161} INFO - Processing /opt/airflow/dags/dag_etl_taskflow.py took 3.900 seconds
[2023-05-05 07:23:02,390] {processor.py:153} INFO - Started process (PID=504) to work on /opt/airflow/dags/dag_etl_taskflow.py
[2023-05-05 07:23:02,393] {processor.py:641} INFO - Processing file /opt/airflow/dags/dag_etl_taskflow.py for tasks to queue
[2023-05-05 07:23:02,396] {logging_mixin.py:115} INFO - [2023-05-05 07:23:02,395] {dagbag.py:507} INFO - Filling up the DagBag from /opt/airflow/dags/dag_etl_taskflow.py
[2023-05-05 07:23:05,125] {processor.py:651} INFO - DAG(s) dict_keys(['dag_etl']) retrieved from /opt/airflow/dags/dag_etl_taskflow.py
[2023-05-05 07:23:05,529] {logging_mixin.py:115} INFO - [2023-05-05 07:23:05,528] {dag.py:2379} INFO - Sync 1 DAGs
[2023-05-05 07:23:05,658] {logging_mixin.py:115} INFO - [2023-05-05 07:23:05,657] {dag.py:2931} INFO - Setting next_dagrun for dag_etl to 2023-05-05T00:00:00+00:00, run_after=2023-05-06T00:00:00+00:00
[2023-05-05 07:23:05,727] {processor.py:161} INFO - Processing /opt/airflow/dags/dag_etl_taskflow.py took 3.358 seconds
[2023-05-05 07:23:35,922] {processor.py:153} INFO - Started process (PID=533) to work on /opt/airflow/dags/dag_etl_taskflow.py
[2023-05-05 07:23:35,925] {processor.py:641} INFO - Processing file /opt/airflow/dags/dag_etl_taskflow.py for tasks to queue
[2023-05-05 07:23:35,928] {logging_mixin.py:115} INFO - [2023-05-05 07:23:35,927] {dagbag.py:507} INFO - Filling up the DagBag from /opt/airflow/dags/dag_etl_taskflow.py
[2023-05-05 07:23:38,129] {processor.py:651} INFO - DAG(s) dict_keys(['dag_etl']) retrieved from /opt/airflow/dags/dag_etl_taskflow.py
[2023-05-05 07:23:38,606] {logging_mixin.py:115} INFO - [2023-05-05 07:23:38,605] {dag.py:2379} INFO - Sync 1 DAGs
[2023-05-05 07:23:38,738] {logging_mixin.py:115} INFO - [2023-05-05 07:23:38,738] {dag.py:2931} INFO - Setting next_dagrun for dag_etl to 2023-05-05T00:00:00+00:00, run_after=2023-05-06T00:00:00+00:00
[2023-05-05 07:23:38,809] {processor.py:161} INFO - Processing /opt/airflow/dags/dag_etl_taskflow.py took 2.897 seconds
[2023-05-05 07:24:09,102] {processor.py:153} INFO - Started process (PID=572) to work on /opt/airflow/dags/dag_etl_taskflow.py
[2023-05-05 07:24:09,105] {processor.py:641} INFO - Processing file /opt/airflow/dags/dag_etl_taskflow.py for tasks to queue
[2023-05-05 07:24:09,108] {logging_mixin.py:115} INFO - [2023-05-05 07:24:09,108] {dagbag.py:507} INFO - Filling up the DagBag from /opt/airflow/dags/dag_etl_taskflow.py
[2023-05-05 07:24:11,737] {processor.py:651} INFO - DAG(s) dict_keys(['dag_etl']) retrieved from /opt/airflow/dags/dag_etl_taskflow.py
[2023-05-05 07:24:12,546] {logging_mixin.py:115} INFO - [2023-05-05 07:24:12,544] {dag.py:2379} INFO - Sync 1 DAGs
[2023-05-05 07:24:12,682] {logging_mixin.py:115} INFO - [2023-05-05 07:24:12,681] {dag.py:2931} INFO - Setting next_dagrun for dag_etl to 2023-05-05T00:00:00+00:00, run_after=2023-05-06T00:00:00+00:00
[2023-05-05 07:24:12,754] {processor.py:161} INFO - Processing /opt/airflow/dags/dag_etl_taskflow.py took 3.667 seconds
[2023-05-05 07:24:42,989] {processor.py:153} INFO - Started process (PID=610) to work on /opt/airflow/dags/dag_etl_taskflow.py
[2023-05-05 07:24:42,991] {processor.py:641} INFO - Processing file /opt/airflow/dags/dag_etl_taskflow.py for tasks to queue
[2023-05-05 07:24:42,995] {logging_mixin.py:115} INFO - [2023-05-05 07:24:42,994] {dagbag.py:507} INFO - Filling up the DagBag from /opt/airflow/dags/dag_etl_taskflow.py
[2023-05-05 07:24:45,193] {processor.py:651} INFO - DAG(s) dict_keys(['dag_etl']) retrieved from /opt/airflow/dags/dag_etl_taskflow.py
[2023-05-05 07:24:45,582] {logging_mixin.py:115} INFO - [2023-05-05 07:24:45,581] {dag.py:2379} INFO - Sync 1 DAGs
[2023-05-05 07:24:45,703] {logging_mixin.py:115} INFO - [2023-05-05 07:24:45,702] {dag.py:2931} INFO - Setting next_dagrun for dag_etl to 2023-05-05T00:00:00+00:00, run_after=2023-05-06T00:00:00+00:00
[2023-05-05 07:24:45,768] {processor.py:161} INFO - Processing /opt/airflow/dags/dag_etl_taskflow.py took 2.788 seconds
[2023-05-05 07:25:16,118] {processor.py:153} INFO - Started process (PID=692) to work on /opt/airflow/dags/dag_etl_taskflow.py
[2023-05-05 07:25:16,133] {processor.py:641} INFO - Processing file /opt/airflow/dags/dag_etl_taskflow.py for tasks to queue
[2023-05-05 07:25:16,155] {logging_mixin.py:115} INFO - [2023-05-05 07:25:16,154] {dagbag.py:507} INFO - Filling up the DagBag from /opt/airflow/dags/dag_etl_taskflow.py
[2023-05-05 07:25:26,813] {processor.py:651} INFO - DAG(s) dict_keys(['dag_etl']) retrieved from /opt/airflow/dags/dag_etl_taskflow.py
[2023-05-05 07:25:28,778] {logging_mixin.py:115} INFO - [2023-05-05 07:25:28,774] {dag.py:2379} INFO - Sync 1 DAGs
[2023-05-05 07:25:29,152] {logging_mixin.py:115} INFO - [2023-05-05 07:25:29,141] {dag.py:2931} INFO - Setting next_dagrun for dag_etl to 2023-05-05T00:00:00+00:00, run_after=2023-05-06T00:00:00+00:00
[2023-05-05 07:25:29,433] {processor.py:161} INFO - Processing /opt/airflow/dags/dag_etl_taskflow.py took 13.379 seconds
[2023-05-05 07:26:00,137] {processor.py:153} INFO - Started process (PID=760) to work on /opt/airflow/dags/dag_etl_taskflow.py
[2023-05-05 07:26:00,139] {processor.py:641} INFO - Processing file /opt/airflow/dags/dag_etl_taskflow.py for tasks to queue
[2023-05-05 07:26:00,142] {logging_mixin.py:115} INFO - [2023-05-05 07:26:00,142] {dagbag.py:507} INFO - Filling up the DagBag from /opt/airflow/dags/dag_etl_taskflow.py
[2023-05-05 07:26:03,532] {processor.py:651} INFO - DAG(s) dict_keys(['dag_etl']) retrieved from /opt/airflow/dags/dag_etl_taskflow.py
[2023-05-05 07:26:04,090] {logging_mixin.py:115} INFO - [2023-05-05 07:26:04,089] {dag.py:2379} INFO - Sync 1 DAGs
[2023-05-05 07:26:04,296] {logging_mixin.py:115} INFO - [2023-05-05 07:26:04,296] {dag.py:2931} INFO - Setting next_dagrun for dag_etl to 2023-05-05T00:00:00+00:00, run_after=2023-05-06T00:00:00+00:00
[2023-05-05 07:26:04,480] {processor.py:161} INFO - Processing /opt/airflow/dags/dag_etl_taskflow.py took 4.352 seconds
[2023-05-05 07:26:34,830] {processor.py:153} INFO - Started process (PID=812) to work on /opt/airflow/dags/dag_etl_taskflow.py
[2023-05-05 07:26:34,833] {processor.py:641} INFO - Processing file /opt/airflow/dags/dag_etl_taskflow.py for tasks to queue
[2023-05-05 07:26:34,835] {logging_mixin.py:115} INFO - [2023-05-05 07:26:34,835] {dagbag.py:507} INFO - Filling up the DagBag from /opt/airflow/dags/dag_etl_taskflow.py
[2023-05-05 07:26:37,074] {processor.py:651} INFO - DAG(s) dict_keys(['dag_etl']) retrieved from /opt/airflow/dags/dag_etl_taskflow.py
[2023-05-05 07:26:37,528] {logging_mixin.py:115} INFO - [2023-05-05 07:26:37,527] {dag.py:2379} INFO - Sync 1 DAGs
[2023-05-05 07:26:37,663] {logging_mixin.py:115} INFO - [2023-05-05 07:26:37,662] {dag.py:2931} INFO - Setting next_dagrun for dag_etl to 2023-05-05T00:00:00+00:00, run_after=2023-05-06T00:00:00+00:00
[2023-05-05 07:26:37,766] {processor.py:161} INFO - Processing /opt/airflow/dags/dag_etl_taskflow.py took 2.945 seconds
[2023-05-05 07:27:07,970] {processor.py:153} INFO - Started process (PID=851) to work on /opt/airflow/dags/dag_etl_taskflow.py
[2023-05-05 07:27:07,972] {processor.py:641} INFO - Processing file /opt/airflow/dags/dag_etl_taskflow.py for tasks to queue
[2023-05-05 07:27:07,974] {logging_mixin.py:115} INFO - [2023-05-05 07:27:07,974] {dagbag.py:507} INFO - Filling up the DagBag from /opt/airflow/dags/dag_etl_taskflow.py
[2023-05-05 07:27:09,995] {processor.py:651} INFO - DAG(s) dict_keys(['dag_etl']) retrieved from /opt/airflow/dags/dag_etl_taskflow.py
[2023-05-05 07:27:10,351] {logging_mixin.py:115} INFO - [2023-05-05 07:27:10,350] {dag.py:2379} INFO - Sync 1 DAGs
[2023-05-05 07:27:10,468] {logging_mixin.py:115} INFO - [2023-05-05 07:27:10,467] {dag.py:2931} INFO - Setting next_dagrun for dag_etl to 2023-05-05T00:00:00+00:00, run_after=2023-05-06T00:00:00+00:00
[2023-05-05 07:27:10,535] {processor.py:161} INFO - Processing /opt/airflow/dags/dag_etl_taskflow.py took 2.572 seconds
[2023-05-05 07:27:40,760] {processor.py:153} INFO - Started process (PID=890) to work on /opt/airflow/dags/dag_etl_taskflow.py
[2023-05-05 07:27:40,762] {processor.py:641} INFO - Processing file /opt/airflow/dags/dag_etl_taskflow.py for tasks to queue
[2023-05-05 07:27:40,765] {logging_mixin.py:115} INFO - [2023-05-05 07:27:40,764] {dagbag.py:507} INFO - Filling up the DagBag from /opt/airflow/dags/dag_etl_taskflow.py
[2023-05-05 07:27:42,868] {processor.py:651} INFO - DAG(s) dict_keys(['dag_etl']) retrieved from /opt/airflow/dags/dag_etl_taskflow.py
[2023-05-05 07:27:43,238] {logging_mixin.py:115} INFO - [2023-05-05 07:27:43,237] {dag.py:2379} INFO - Sync 1 DAGs
[2023-05-05 07:27:43,352] {logging_mixin.py:115} INFO - [2023-05-05 07:27:43,351] {dag.py:2931} INFO - Setting next_dagrun for dag_etl to 2023-05-05T00:00:00+00:00, run_after=2023-05-06T00:00:00+00:00
[2023-05-05 07:27:43,416] {processor.py:161} INFO - Processing /opt/airflow/dags/dag_etl_taskflow.py took 2.663 seconds
[2023-05-05 07:28:02,615] {processor.py:153} INFO - Started process (PID=913) to work on /opt/airflow/dags/dag_etl_taskflow.py
[2023-05-05 07:28:02,619] {processor.py:641} INFO - Processing file /opt/airflow/dags/dag_etl_taskflow.py for tasks to queue
[2023-05-05 07:28:02,622] {logging_mixin.py:115} INFO - [2023-05-05 07:28:02,622] {dagbag.py:507} INFO - Filling up the DagBag from /opt/airflow/dags/dag_etl_taskflow.py
[2023-05-05 07:28:05,283] {processor.py:651} INFO - DAG(s) dict_keys(['dag_etl']) retrieved from /opt/airflow/dags/dag_etl_taskflow.py
[2023-05-05 07:28:05,307] {logging_mixin.py:115} INFO - [2023-05-05 07:28:05,305] {dag.py:2379} INFO - Sync 1 DAGs
[2023-05-05 07:28:05,450] {logging_mixin.py:115} INFO - [2023-05-05 07:28:05,449] {dag.py:2931} INFO - Setting next_dagrun for dag_etl to 2023-05-05T00:00:00+00:00, run_after=2023-05-06T00:00:00+00:00
[2023-05-05 07:28:05,527] {processor.py:161} INFO - Processing /opt/airflow/dags/dag_etl_taskflow.py took 2.925 seconds
[2023-05-05 07:28:35,712] {processor.py:153} INFO - Started process (PID=953) to work on /opt/airflow/dags/dag_etl_taskflow.py
[2023-05-05 07:28:35,715] {processor.py:641} INFO - Processing file /opt/airflow/dags/dag_etl_taskflow.py for tasks to queue
[2023-05-05 07:28:35,717] {logging_mixin.py:115} INFO - [2023-05-05 07:28:35,716] {dagbag.py:507} INFO - Filling up the DagBag from /opt/airflow/dags/dag_etl_taskflow.py
[2023-05-05 07:28:37,781] {processor.py:651} INFO - DAG(s) dict_keys(['dag_etl']) retrieved from /opt/airflow/dags/dag_etl_taskflow.py
[2023-05-05 07:28:38,158] {logging_mixin.py:115} INFO - [2023-05-05 07:28:38,157] {dag.py:2379} INFO - Sync 1 DAGs
[2023-05-05 07:28:38,281] {logging_mixin.py:115} INFO - [2023-05-05 07:28:38,280] {dag.py:2931} INFO - Setting next_dagrun for dag_etl to 2023-05-05T00:00:00+00:00, run_after=2023-05-06T00:00:00+00:00
[2023-05-05 07:28:38,346] {processor.py:161} INFO - Processing /opt/airflow/dags/dag_etl_taskflow.py took 2.641 seconds
[2023-05-05 07:29:01,595] {processor.py:153} INFO - Started process (PID=986) to work on /opt/airflow/dags/dag_etl_taskflow.py
[2023-05-05 07:29:01,606] {processor.py:641} INFO - Processing file /opt/airflow/dags/dag_etl_taskflow.py for tasks to queue
[2023-05-05 07:29:01,617] {logging_mixin.py:115} INFO - [2023-05-05 07:29:01,612] {dagbag.py:507} INFO - Filling up the DagBag from /opt/airflow/dags/dag_etl_taskflow.py
[2023-05-05 07:29:04,050] {processor.py:651} INFO - DAG(s) dict_keys(['dag_etl']) retrieved from /opt/airflow/dags/dag_etl_taskflow.py
[2023-05-05 07:29:04,074] {logging_mixin.py:115} INFO - [2023-05-05 07:29:04,072] {dag.py:2379} INFO - Sync 1 DAGs
[2023-05-05 07:29:04,214] {logging_mixin.py:115} INFO - [2023-05-05 07:29:04,214] {dag.py:2931} INFO - Setting next_dagrun for dag_etl to 2023-05-05T00:00:00+00:00, run_after=2023-05-06T00:00:00+00:00
[2023-05-05 07:29:04,282] {processor.py:161} INFO - Processing /opt/airflow/dags/dag_etl_taskflow.py took 2.724 seconds
[2023-05-05 07:29:34,561] {processor.py:153} INFO - Started process (PID=1025) to work on /opt/airflow/dags/dag_etl_taskflow.py
[2023-05-05 07:29:34,563] {processor.py:641} INFO - Processing file /opt/airflow/dags/dag_etl_taskflow.py for tasks to queue
[2023-05-05 07:29:34,566] {logging_mixin.py:115} INFO - [2023-05-05 07:29:34,565] {dagbag.py:507} INFO - Filling up the DagBag from /opt/airflow/dags/dag_etl_taskflow.py
[2023-05-05 07:29:39,025] {processor.py:651} INFO - DAG(s) dict_keys(['dag_etl']) retrieved from /opt/airflow/dags/dag_etl_taskflow.py
[2023-05-05 07:29:39,848] {logging_mixin.py:115} INFO - [2023-05-05 07:29:39,846] {dag.py:2379} INFO - Sync 1 DAGs
[2023-05-05 07:29:40,030] {logging_mixin.py:115} INFO - [2023-05-05 07:29:40,029] {dag.py:2931} INFO - Setting next_dagrun for dag_etl to 2023-05-05T00:00:00+00:00, run_after=2023-05-06T00:00:00+00:00
[2023-05-05 07:29:40,130] {processor.py:161} INFO - Processing /opt/airflow/dags/dag_etl_taskflow.py took 5.588 seconds
[2023-05-05 07:30:10,640] {processor.py:153} INFO - Started process (PID=1110) to work on /opt/airflow/dags/dag_etl_taskflow.py
[2023-05-05 07:30:10,644] {processor.py:641} INFO - Processing file /opt/airflow/dags/dag_etl_taskflow.py for tasks to queue
[2023-05-05 07:30:10,657] {logging_mixin.py:115} INFO - [2023-05-05 07:30:10,657] {dagbag.py:507} INFO - Filling up the DagBag from /opt/airflow/dags/dag_etl_taskflow.py
[2023-05-05 07:30:17,145] {processor.py:651} INFO - DAG(s) dict_keys(['dag_etl']) retrieved from /opt/airflow/dags/dag_etl_taskflow.py
[2023-05-05 07:30:17,877] {logging_mixin.py:115} INFO - [2023-05-05 07:30:17,876] {dag.py:2379} INFO - Sync 1 DAGs
[2023-05-05 07:30:18,013] {logging_mixin.py:115} INFO - [2023-05-05 07:30:18,012] {dag.py:2931} INFO - Setting next_dagrun for dag_etl to 2023-05-05T00:00:00+00:00, run_after=2023-05-06T00:00:00+00:00
[2023-05-05 07:30:18,082] {processor.py:161} INFO - Processing /opt/airflow/dags/dag_etl_taskflow.py took 7.478 seconds
[2023-05-05 07:30:48,323] {processor.py:153} INFO - Started process (PID=1176) to work on /opt/airflow/dags/dag_etl_taskflow.py
[2023-05-05 07:30:48,326] {processor.py:641} INFO - Processing file /opt/airflow/dags/dag_etl_taskflow.py for tasks to queue
[2023-05-05 07:30:48,328] {logging_mixin.py:115} INFO - [2023-05-05 07:30:48,328] {dagbag.py:507} INFO - Filling up the DagBag from /opt/airflow/dags/dag_etl_taskflow.py
[2023-05-05 07:30:50,567] {processor.py:651} INFO - DAG(s) dict_keys(['dag_etl']) retrieved from /opt/airflow/dags/dag_etl_taskflow.py
[2023-05-05 07:30:51,146] {logging_mixin.py:115} INFO - [2023-05-05 07:30:51,145] {dag.py:2379} INFO - Sync 1 DAGs
[2023-05-05 07:30:51,279] {logging_mixin.py:115} INFO - [2023-05-05 07:30:51,279] {dag.py:2931} INFO - Setting next_dagrun for dag_etl to 2023-05-05T00:00:00+00:00, run_after=2023-05-06T00:00:00+00:00
[2023-05-05 07:30:51,346] {processor.py:161} INFO - Processing /opt/airflow/dags/dag_etl_taskflow.py took 3.032 seconds
[2023-05-05 11:27:16,836] {processor.py:153} INFO - Started process (PID=319) to work on /opt/airflow/dags/dag_etl_taskflow.py
[2023-05-05 11:27:16,856] {processor.py:641} INFO - Processing file /opt/airflow/dags/dag_etl_taskflow.py for tasks to queue
[2023-05-05 11:27:16,866] {logging_mixin.py:115} INFO - [2023-05-05 11:27:16,865] {dagbag.py:507} INFO - Filling up the DagBag from /opt/airflow/dags/dag_etl_taskflow.py
[2023-05-05 11:27:34,165] {processor.py:651} INFO - DAG(s) dict_keys(['dag_etl']) retrieved from /opt/airflow/dags/dag_etl_taskflow.py
[2023-05-05 11:27:38,829] {logging_mixin.py:115} INFO - [2023-05-05 11:27:38,810] {dag.py:2379} INFO - Sync 1 DAGs
[2023-05-05 11:27:40,015] {logging_mixin.py:115} INFO - [2023-05-05 11:27:40,014] {dag.py:2931} INFO - Setting next_dagrun for dag_etl to 2023-05-05T00:00:00+00:00, run_after=2023-05-06T00:00:00+00:00
[2023-05-05 11:27:40,524] {processor.py:161} INFO - Processing /opt/airflow/dags/dag_etl_taskflow.py took 23.760 seconds
[2023-05-05 11:28:11,425] {processor.py:153} INFO - Started process (PID=365) to work on /opt/airflow/dags/dag_etl_taskflow.py
[2023-05-05 11:28:11,430] {processor.py:641} INFO - Processing file /opt/airflow/dags/dag_etl_taskflow.py for tasks to queue
[2023-05-05 11:28:11,438] {logging_mixin.py:115} INFO - [2023-05-05 11:28:11,435] {dagbag.py:507} INFO - Filling up the DagBag from /opt/airflow/dags/dag_etl_taskflow.py
[2023-05-05 11:28:32,274] {processor.py:651} INFO - DAG(s) dict_keys(['dag_etl']) retrieved from /opt/airflow/dags/dag_etl_taskflow.py
[2023-05-05 11:28:37,506] {logging_mixin.py:115} INFO - [2023-05-05 11:28:37,463] {dag.py:2379} INFO - Sync 1 DAGs
[2023-05-05 11:28:38,822] {logging_mixin.py:115} INFO - [2023-05-05 11:28:38,821] {dag.py:2931} INFO - Setting next_dagrun for dag_etl to 2023-05-05T00:00:00+00:00, run_after=2023-05-06T00:00:00+00:00
[2023-05-05 11:28:39,628] {processor.py:161} INFO - Processing /opt/airflow/dags/dag_etl_taskflow.py took 28.246 seconds
[2023-05-05 11:29:10,701] {processor.py:153} INFO - Started process (PID=420) to work on /opt/airflow/dags/dag_etl_taskflow.py
[2023-05-05 11:29:10,717] {processor.py:641} INFO - Processing file /opt/airflow/dags/dag_etl_taskflow.py for tasks to queue
[2023-05-05 11:29:10,735] {logging_mixin.py:115} INFO - [2023-05-05 11:29:10,720] {dagbag.py:507} INFO - Filling up the DagBag from /opt/airflow/dags/dag_etl_taskflow.py
[2023-05-05 11:29:25,284] {processor.py:651} INFO - DAG(s) dict_keys(['dag_etl']) retrieved from /opt/airflow/dags/dag_etl_taskflow.py
[2023-05-05 11:29:27,295] {logging_mixin.py:115} INFO - [2023-05-05 11:29:27,293] {dag.py:2379} INFO - Sync 1 DAGs
[2023-05-05 11:29:28,094] {logging_mixin.py:115} INFO - [2023-05-05 11:29:28,086] {dag.py:2931} INFO - Setting next_dagrun for dag_etl to 2023-05-05T00:00:00+00:00, run_after=2023-05-06T00:00:00+00:00
[2023-05-05 11:29:28,339] {processor.py:161} INFO - Processing /opt/airflow/dags/dag_etl_taskflow.py took 17.694 seconds
[2023-05-05 11:29:58,910] {processor.py:153} INFO - Started process (PID=468) to work on /opt/airflow/dags/dag_etl_taskflow.py
[2023-05-05 11:29:58,916] {processor.py:641} INFO - Processing file /opt/airflow/dags/dag_etl_taskflow.py for tasks to queue
[2023-05-05 11:29:58,921] {logging_mixin.py:115} INFO - [2023-05-05 11:29:58,920] {dagbag.py:507} INFO - Filling up the DagBag from /opt/airflow/dags/dag_etl_taskflow.py
[2023-05-05 11:30:08,304] {processor.py:651} INFO - DAG(s) dict_keys(['dag_etl']) retrieved from /opt/airflow/dags/dag_etl_taskflow.py
[2023-05-05 11:30:09,368] {logging_mixin.py:115} INFO - [2023-05-05 11:30:09,365] {dag.py:2379} INFO - Sync 1 DAGs
[2023-05-05 11:30:09,921] {logging_mixin.py:115} INFO - [2023-05-05 11:30:09,915] {dag.py:2931} INFO - Setting next_dagrun for dag_etl to 2023-05-05T00:00:00+00:00, run_after=2023-05-06T00:00:00+00:00
[2023-05-05 11:30:10,116] {processor.py:161} INFO - Processing /opt/airflow/dags/dag_etl_taskflow.py took 11.241 seconds
[2023-05-05 11:30:40,533] {processor.py:153} INFO - Started process (PID=513) to work on /opt/airflow/dags/dag_etl_taskflow.py
[2023-05-05 11:30:40,536] {processor.py:641} INFO - Processing file /opt/airflow/dags/dag_etl_taskflow.py for tasks to queue
[2023-05-05 11:30:40,539] {logging_mixin.py:115} INFO - [2023-05-05 11:30:40,539] {dagbag.py:507} INFO - Filling up the DagBag from /opt/airflow/dags/dag_etl_taskflow.py
[2023-05-05 11:30:45,190] {processor.py:651} INFO - DAG(s) dict_keys(['dag_etl']) retrieved from /opt/airflow/dags/dag_etl_taskflow.py
[2023-05-05 11:30:46,190] {logging_mixin.py:115} INFO - [2023-05-05 11:30:46,188] {dag.py:2379} INFO - Sync 1 DAGs
[2023-05-05 11:30:46,469] {logging_mixin.py:115} INFO - [2023-05-05 11:30:46,469] {dag.py:2931} INFO - Setting next_dagrun for dag_etl to 2023-05-05T00:00:00+00:00, run_after=2023-05-06T00:00:00+00:00
[2023-05-05 11:30:46,727] {processor.py:161} INFO - Processing /opt/airflow/dags/dag_etl_taskflow.py took 6.238 seconds
[2023-05-05 11:31:17,092] {processor.py:153} INFO - Started process (PID=536) to work on /opt/airflow/dags/dag_etl_taskflow.py
[2023-05-05 11:31:17,095] {processor.py:641} INFO - Processing file /opt/airflow/dags/dag_etl_taskflow.py for tasks to queue
[2023-05-05 11:31:17,098] {logging_mixin.py:115} INFO - [2023-05-05 11:31:17,097] {dagbag.py:507} INFO - Filling up the DagBag from /opt/airflow/dags/dag_etl_taskflow.py
[2023-05-05 11:31:21,895] {processor.py:651} INFO - DAG(s) dict_keys(['dag_etl']) retrieved from /opt/airflow/dags/dag_etl_taskflow.py
[2023-05-05 11:31:22,776] {logging_mixin.py:115} INFO - [2023-05-05 11:31:22,774] {dag.py:2379} INFO - Sync 1 DAGs
[2023-05-05 11:31:23,096] {logging_mixin.py:115} INFO - [2023-05-05 11:31:23,095] {dag.py:2931} INFO - Setting next_dagrun for dag_etl to 2023-05-05T00:00:00+00:00, run_after=2023-05-06T00:00:00+00:00
[2023-05-05 11:31:23,201] {processor.py:161} INFO - Processing /opt/airflow/dags/dag_etl_taskflow.py took 6.121 seconds
[2023-05-05 11:31:53,462] {processor.py:153} INFO - Started process (PID=576) to work on /opt/airflow/dags/dag_etl_taskflow.py
[2023-05-05 11:31:53,465] {processor.py:641} INFO - Processing file /opt/airflow/dags/dag_etl_taskflow.py for tasks to queue
[2023-05-05 11:31:53,468] {logging_mixin.py:115} INFO - [2023-05-05 11:31:53,468] {dagbag.py:507} INFO - Filling up the DagBag from /opt/airflow/dags/dag_etl_taskflow.py
[2023-05-05 11:31:56,510] {processor.py:651} INFO - DAG(s) dict_keys(['dag_etl']) retrieved from /opt/airflow/dags/dag_etl_taskflow.py
[2023-05-05 11:31:57,061] {logging_mixin.py:115} INFO - [2023-05-05 11:31:57,060] {dag.py:2379} INFO - Sync 1 DAGs
[2023-05-05 11:31:57,236] {logging_mixin.py:115} INFO - [2023-05-05 11:31:57,235] {dag.py:2931} INFO - Setting next_dagrun for dag_etl to 2023-05-05T00:00:00+00:00, run_after=2023-05-06T00:00:00+00:00
[2023-05-05 11:31:57,325] {processor.py:161} INFO - Processing /opt/airflow/dags/dag_etl_taskflow.py took 3.875 seconds
[2023-05-05 11:32:27,588] {processor.py:153} INFO - Started process (PID=615) to work on /opt/airflow/dags/dag_etl_taskflow.py
[2023-05-05 11:32:27,604] {processor.py:641} INFO - Processing file /opt/airflow/dags/dag_etl_taskflow.py for tasks to queue
[2023-05-05 11:32:27,608] {logging_mixin.py:115} INFO - [2023-05-05 11:32:27,608] {dagbag.py:507} INFO - Filling up the DagBag from /opt/airflow/dags/dag_etl_taskflow.py
[2023-05-05 11:32:30,990] {processor.py:651} INFO - DAG(s) dict_keys(['dag_etl']) retrieved from /opt/airflow/dags/dag_etl_taskflow.py
[2023-05-05 11:32:31,549] {logging_mixin.py:115} INFO - [2023-05-05 11:32:31,547] {dag.py:2379} INFO - Sync 1 DAGs
[2023-05-05 11:32:31,733] {logging_mixin.py:115} INFO - [2023-05-05 11:32:31,733] {dag.py:2931} INFO - Setting next_dagrun for dag_etl to 2023-05-05T00:00:00+00:00, run_after=2023-05-06T00:00:00+00:00
[2023-05-05 11:32:31,827] {processor.py:161} INFO - Processing /opt/airflow/dags/dag_etl_taskflow.py took 4.264 seconds
[2023-05-05 11:33:02,064] {processor.py:153} INFO - Started process (PID=654) to work on /opt/airflow/dags/dag_etl_taskflow.py
[2023-05-05 11:33:02,067] {processor.py:641} INFO - Processing file /opt/airflow/dags/dag_etl_taskflow.py for tasks to queue
[2023-05-05 11:33:02,071] {logging_mixin.py:115} INFO - [2023-05-05 11:33:02,070] {dagbag.py:507} INFO - Filling up the DagBag from /opt/airflow/dags/dag_etl_taskflow.py
[2023-05-05 11:33:06,720] {processor.py:651} INFO - DAG(s) dict_keys(['dag_etl']) retrieved from /opt/airflow/dags/dag_etl_taskflow.py
[2023-05-05 11:33:07,497] {logging_mixin.py:115} INFO - [2023-05-05 11:33:07,495] {dag.py:2379} INFO - Sync 1 DAGs
[2023-05-05 11:33:07,701] {logging_mixin.py:115} INFO - [2023-05-05 11:33:07,700] {dag.py:2931} INFO - Setting next_dagrun for dag_etl to 2023-05-05T00:00:00+00:00, run_after=2023-05-06T00:00:00+00:00
[2023-05-05 11:33:07,805] {processor.py:161} INFO - Processing /opt/airflow/dags/dag_etl_taskflow.py took 5.756 seconds
[2023-05-05 11:33:38,124] {processor.py:153} INFO - Started process (PID=687) to work on /opt/airflow/dags/dag_etl_taskflow.py
[2023-05-05 11:33:38,128] {processor.py:641} INFO - Processing file /opt/airflow/dags/dag_etl_taskflow.py for tasks to queue
[2023-05-05 11:33:38,136] {logging_mixin.py:115} INFO - [2023-05-05 11:33:38,135] {dagbag.py:507} INFO - Filling up the DagBag from /opt/airflow/dags/dag_etl_taskflow.py
[2023-05-05 11:33:42,743] {processor.py:651} INFO - DAG(s) dict_keys(['dag_etl']) retrieved from /opt/airflow/dags/dag_etl_taskflow.py
[2023-05-05 11:33:43,548] {logging_mixin.py:115} INFO - [2023-05-05 11:33:43,546] {dag.py:2379} INFO - Sync 1 DAGs
[2023-05-05 11:33:43,752] {logging_mixin.py:115} INFO - [2023-05-05 11:33:43,752] {dag.py:2931} INFO - Setting next_dagrun for dag_etl to 2023-05-05T00:00:00+00:00, run_after=2023-05-06T00:00:00+00:00
[2023-05-05 11:33:43,858] {processor.py:161} INFO - Processing /opt/airflow/dags/dag_etl_taskflow.py took 5.758 seconds
[2023-05-05 11:34:14,097] {processor.py:153} INFO - Started process (PID=716) to work on /opt/airflow/dags/dag_etl_taskflow.py
[2023-05-05 11:34:14,100] {processor.py:641} INFO - Processing file /opt/airflow/dags/dag_etl_taskflow.py for tasks to queue
[2023-05-05 11:34:14,103] {logging_mixin.py:115} INFO - [2023-05-05 11:34:14,102] {dagbag.py:507} INFO - Filling up the DagBag from /opt/airflow/dags/dag_etl_taskflow.py
[2023-05-05 11:34:17,132] {processor.py:651} INFO - DAG(s) dict_keys(['dag_etl']) retrieved from /opt/airflow/dags/dag_etl_taskflow.py
[2023-05-05 11:34:17,694] {logging_mixin.py:115} INFO - [2023-05-05 11:34:17,692] {dag.py:2379} INFO - Sync 1 DAGs
[2023-05-05 11:34:17,883] {logging_mixin.py:115} INFO - [2023-05-05 11:34:17,882] {dag.py:2931} INFO - Setting next_dagrun for dag_etl to 2023-05-05T00:00:00+00:00, run_after=2023-05-06T00:00:00+00:00
[2023-05-05 11:34:18,000] {processor.py:161} INFO - Processing /opt/airflow/dags/dag_etl_taskflow.py took 3.914 seconds
[2023-05-05 11:34:48,270] {processor.py:153} INFO - Started process (PID=756) to work on /opt/airflow/dags/dag_etl_taskflow.py
[2023-05-05 11:34:48,273] {processor.py:641} INFO - Processing file /opt/airflow/dags/dag_etl_taskflow.py for tasks to queue
[2023-05-05 11:34:48,277] {logging_mixin.py:115} INFO - [2023-05-05 11:34:48,276] {dagbag.py:507} INFO - Filling up the DagBag from /opt/airflow/dags/dag_etl_taskflow.py
[2023-05-05 11:34:52,096] {processor.py:651} INFO - DAG(s) dict_keys(['dag_etl']) retrieved from /opt/airflow/dags/dag_etl_taskflow.py
[2023-05-05 11:34:52,661] {logging_mixin.py:115} INFO - [2023-05-05 11:34:52,659] {dag.py:2379} INFO - Sync 1 DAGs
[2023-05-05 11:34:52,835] {logging_mixin.py:115} INFO - [2023-05-05 11:34:52,834] {dag.py:2931} INFO - Setting next_dagrun for dag_etl to 2023-05-05T00:00:00+00:00, run_after=2023-05-06T00:00:00+00:00
[2023-05-05 11:34:52,925] {processor.py:161} INFO - Processing /opt/airflow/dags/dag_etl_taskflow.py took 4.667 seconds
[2023-05-05 11:35:23,215] {processor.py:153} INFO - Started process (PID=795) to work on /opt/airflow/dags/dag_etl_taskflow.py
[2023-05-05 11:35:23,218] {processor.py:641} INFO - Processing file /opt/airflow/dags/dag_etl_taskflow.py for tasks to queue
[2023-05-05 11:35:23,222] {logging_mixin.py:115} INFO - [2023-05-05 11:35:23,221] {dagbag.py:507} INFO - Filling up the DagBag from /opt/airflow/dags/dag_etl_taskflow.py
[2023-05-05 11:35:27,615] {processor.py:651} INFO - DAG(s) dict_keys(['dag_etl']) retrieved from /opt/airflow/dags/dag_etl_taskflow.py
[2023-05-05 11:35:28,289] {logging_mixin.py:115} INFO - [2023-05-05 11:35:28,287] {dag.py:2379} INFO - Sync 1 DAGs
[2023-05-05 11:35:28,510] {logging_mixin.py:115} INFO - [2023-05-05 11:35:28,509] {dag.py:2931} INFO - Setting next_dagrun for dag_etl to 2023-05-05T00:00:00+00:00, run_after=2023-05-06T00:00:00+00:00
[2023-05-05 11:35:28,744] {processor.py:161} INFO - Processing /opt/airflow/dags/dag_etl_taskflow.py took 5.547 seconds
[2023-05-05 11:35:59,053] {processor.py:153} INFO - Started process (PID=827) to work on /opt/airflow/dags/dag_etl_taskflow.py
[2023-05-05 11:35:59,057] {processor.py:641} INFO - Processing file /opt/airflow/dags/dag_etl_taskflow.py for tasks to queue
[2023-05-05 11:35:59,061] {logging_mixin.py:115} INFO - [2023-05-05 11:35:59,060] {dagbag.py:507} INFO - Filling up the DagBag from /opt/airflow/dags/dag_etl_taskflow.py
[2023-05-05 11:36:03,656] {processor.py:651} INFO - DAG(s) dict_keys(['dag_etl']) retrieved from /opt/airflow/dags/dag_etl_taskflow.py
[2023-05-05 11:36:04,432] {logging_mixin.py:115} INFO - [2023-05-05 11:36:04,430] {dag.py:2379} INFO - Sync 1 DAGs
[2023-05-05 11:36:04,799] {logging_mixin.py:115} INFO - [2023-05-05 11:36:04,798] {dag.py:2931} INFO - Setting next_dagrun for dag_etl to 2023-05-05T00:00:00+00:00, run_after=2023-05-06T00:00:00+00:00
[2023-05-05 11:36:04,994] {processor.py:161} INFO - Processing /opt/airflow/dags/dag_etl_taskflow.py took 5.955 seconds
[2023-05-05 11:36:35,253] {processor.py:153} INFO - Started process (PID=856) to work on /opt/airflow/dags/dag_etl_taskflow.py
[2023-05-05 11:36:35,255] {processor.py:641} INFO - Processing file /opt/airflow/dags/dag_etl_taskflow.py for tasks to queue
[2023-05-05 11:36:35,258] {logging_mixin.py:115} INFO - [2023-05-05 11:36:35,258] {dagbag.py:507} INFO - Filling up the DagBag from /opt/airflow/dags/dag_etl_taskflow.py
[2023-05-05 11:36:38,305] {processor.py:651} INFO - DAG(s) dict_keys(['dag_etl']) retrieved from /opt/airflow/dags/dag_etl_taskflow.py
[2023-05-05 11:36:39,242] {logging_mixin.py:115} INFO - [2023-05-05 11:36:39,240] {dag.py:2379} INFO - Sync 1 DAGs
[2023-05-05 11:36:39,430] {logging_mixin.py:115} INFO - [2023-05-05 11:36:39,429] {dag.py:2931} INFO - Setting next_dagrun for dag_etl to 2023-05-05T00:00:00+00:00, run_after=2023-05-06T00:00:00+00:00
[2023-05-05 11:36:39,526] {processor.py:161} INFO - Processing /opt/airflow/dags/dag_etl_taskflow.py took 4.283 seconds
[2023-05-05 11:37:09,791] {processor.py:153} INFO - Started process (PID=896) to work on /opt/airflow/dags/dag_etl_taskflow.py
[2023-05-05 11:37:09,793] {processor.py:641} INFO - Processing file /opt/airflow/dags/dag_etl_taskflow.py for tasks to queue
[2023-05-05 11:37:09,796] {logging_mixin.py:115} INFO - [2023-05-05 11:37:09,795] {dagbag.py:507} INFO - Filling up the DagBag from /opt/airflow/dags/dag_etl_taskflow.py
[2023-05-05 11:37:12,850] {processor.py:651} INFO - DAG(s) dict_keys(['dag_etl']) retrieved from /opt/airflow/dags/dag_etl_taskflow.py
[2023-05-05 11:37:13,400] {logging_mixin.py:115} INFO - [2023-05-05 11:37:13,398] {dag.py:2379} INFO - Sync 1 DAGs
[2023-05-05 11:37:13,572] {logging_mixin.py:115} INFO - [2023-05-05 11:37:13,571] {dag.py:2931} INFO - Setting next_dagrun for dag_etl to 2023-05-05T00:00:00+00:00, run_after=2023-05-06T00:00:00+00:00
[2023-05-05 11:37:13,659] {processor.py:161} INFO - Processing /opt/airflow/dags/dag_etl_taskflow.py took 3.879 seconds
[2023-05-05 11:37:43,919] {processor.py:153} INFO - Started process (PID=935) to work on /opt/airflow/dags/dag_etl_taskflow.py
[2023-05-05 11:37:43,921] {processor.py:641} INFO - Processing file /opt/airflow/dags/dag_etl_taskflow.py for tasks to queue
[2023-05-05 11:37:43,925] {logging_mixin.py:115} INFO - [2023-05-05 11:37:43,925] {dagbag.py:507} INFO - Filling up the DagBag from /opt/airflow/dags/dag_etl_taskflow.py
[2023-05-05 11:37:48,400] {processor.py:651} INFO - DAG(s) dict_keys(['dag_etl']) retrieved from /opt/airflow/dags/dag_etl_taskflow.py
[2023-05-05 11:37:49,129] {logging_mixin.py:115} INFO - [2023-05-05 11:37:49,127] {dag.py:2379} INFO - Sync 1 DAGs
[2023-05-05 11:37:49,355] {logging_mixin.py:115} INFO - [2023-05-05 11:37:49,354] {dag.py:2931} INFO - Setting next_dagrun for dag_etl to 2023-05-05T00:00:00+00:00, run_after=2023-05-06T00:00:00+00:00
[2023-05-05 11:37:49,468] {processor.py:161} INFO - Processing /opt/airflow/dags/dag_etl_taskflow.py took 5.563 seconds
[2023-05-05 11:38:19,814] {processor.py:153} INFO - Started process (PID=967) to work on /opt/airflow/dags/dag_etl_taskflow.py
[2023-05-05 11:38:19,817] {processor.py:641} INFO - Processing file /opt/airflow/dags/dag_etl_taskflow.py for tasks to queue
[2023-05-05 11:38:19,822] {logging_mixin.py:115} INFO - [2023-05-05 11:38:19,822] {dagbag.py:507} INFO - Filling up the DagBag from /opt/airflow/dags/dag_etl_taskflow.py
[2023-05-05 11:38:24,896] {processor.py:651} INFO - DAG(s) dict_keys(['dag_etl']) retrieved from /opt/airflow/dags/dag_etl_taskflow.py
[2023-05-05 11:38:26,004] {logging_mixin.py:115} INFO - [2023-05-05 11:38:26,001] {dag.py:2379} INFO - Sync 1 DAGs
[2023-05-05 11:38:26,210] {logging_mixin.py:115} INFO - [2023-05-05 11:38:26,209] {dag.py:2931} INFO - Setting next_dagrun for dag_etl to 2023-05-05T00:00:00+00:00, run_after=2023-05-06T00:00:00+00:00
[2023-05-05 11:38:26,310] {processor.py:161} INFO - Processing /opt/airflow/dags/dag_etl_taskflow.py took 6.509 seconds
[2023-05-05 11:38:56,547] {processor.py:153} INFO - Started process (PID=996) to work on /opt/airflow/dags/dag_etl_taskflow.py
[2023-05-05 11:38:56,549] {processor.py:641} INFO - Processing file /opt/airflow/dags/dag_etl_taskflow.py for tasks to queue
[2023-05-05 11:38:56,552] {logging_mixin.py:115} INFO - [2023-05-05 11:38:56,551] {dagbag.py:507} INFO - Filling up the DagBag from /opt/airflow/dags/dag_etl_taskflow.py
[2023-05-05 11:38:59,954] {processor.py:651} INFO - DAG(s) dict_keys(['dag_etl']) retrieved from /opt/airflow/dags/dag_etl_taskflow.py
[2023-05-05 11:39:00,590] {logging_mixin.py:115} INFO - [2023-05-05 11:39:00,588] {dag.py:2379} INFO - Sync 1 DAGs
[2023-05-05 11:39:00,884] {logging_mixin.py:115} INFO - [2023-05-05 11:39:00,883] {dag.py:2931} INFO - Setting next_dagrun for dag_etl to 2023-05-05T00:00:00+00:00, run_after=2023-05-06T00:00:00+00:00
[2023-05-05 11:39:00,984] {processor.py:161} INFO - Processing /opt/airflow/dags/dag_etl_taskflow.py took 4.449 seconds
[2023-05-05 11:39:31,281] {processor.py:153} INFO - Started process (PID=1035) to work on /opt/airflow/dags/dag_etl_taskflow.py
[2023-05-05 11:39:31,283] {processor.py:641} INFO - Processing file /opt/airflow/dags/dag_etl_taskflow.py for tasks to queue
[2023-05-05 11:39:31,287] {logging_mixin.py:115} INFO - [2023-05-05 11:39:31,286] {dagbag.py:507} INFO - Filling up the DagBag from /opt/airflow/dags/dag_etl_taskflow.py
[2023-05-05 11:39:34,355] {processor.py:651} INFO - DAG(s) dict_keys(['dag_etl']) retrieved from /opt/airflow/dags/dag_etl_taskflow.py
[2023-05-05 11:39:34,910] {logging_mixin.py:115} INFO - [2023-05-05 11:39:34,908] {dag.py:2379} INFO - Sync 1 DAGs
[2023-05-05 11:39:35,088] {logging_mixin.py:115} INFO - [2023-05-05 11:39:35,087] {dag.py:2931} INFO - Setting next_dagrun for dag_etl to 2023-05-05T00:00:00+00:00, run_after=2023-05-06T00:00:00+00:00
[2023-05-05 11:39:35,177] {processor.py:161} INFO - Processing /opt/airflow/dags/dag_etl_taskflow.py took 3.908 seconds
