[2023-05-05 07:25:30,491] {taskinstance.py:1159} INFO - Dependencies all met for <TaskInstance: dag_etl.dim_payment manual__2023-05-05T07:24:48.889079+00:00 [queued]>
[2023-05-05 07:25:30,878] {taskinstance.py:1159} INFO - Dependencies all met for <TaskInstance: dag_etl.dim_payment manual__2023-05-05T07:24:48.889079+00:00 [queued]>
[2023-05-05 07:25:30,880] {taskinstance.py:1356} INFO - 
--------------------------------------------------------------------------------
[2023-05-05 07:25:30,882] {taskinstance.py:1357} INFO - Starting attempt 1 of 6
[2023-05-05 07:25:30,886] {taskinstance.py:1358} INFO - 
--------------------------------------------------------------------------------
[2023-05-05 07:25:31,539] {taskinstance.py:1377} INFO - Executing <Task(_PythonDecoratedOperator): dim_payment> on 2023-05-05 07:24:48.889079+00:00
[2023-05-05 07:25:31,580] {standard_task_runner.py:52} INFO - Started process 719 to run task
[2023-05-05 07:25:31,650] {standard_task_runner.py:79} INFO - Running: ['***', 'tasks', 'run', 'dag_etl', 'dim_payment', 'manual__2023-05-05T07:24:48.889079+00:00', '--job-id', '1051', '--raw', '--subdir', 'DAGS_FOLDER/dag_etl_taskflow.py', '--cfg-path', '/tmp/tmps906papo', '--error-file', '/tmp/tmp3_kcmyb6']
[2023-05-05 07:25:31,658] {standard_task_runner.py:80} INFO - Job 1051: Subtask dim_payment
[2023-05-05 07:25:33,249] {task_command.py:370} INFO - Running <TaskInstance: dag_etl.dim_payment manual__2023-05-05T07:24:48.889079+00:00 [running]> on host 295d97741f96
[2023-05-05 07:25:36,835] {taskinstance.py:1571} INFO - Exporting the following env vars:
AIRFLOW_CTX_DAG_OWNER=Victor
AIRFLOW_CTX_DAG_ID=dag_etl
AIRFLOW_CTX_TASK_ID=dim_payment
AIRFLOW_CTX_EXECUTION_DATE=2023-05-05T07:24:48.889079+00:00
AIRFLOW_CTX_TRY_NUMBER=1
AIRFLOW_CTX_DAG_RUN_ID=manual__2023-05-05T07:24:48.889079+00:00
[2023-05-05 07:25:37,474] {base.py:68} INFO - Using connection ID 'postgres_conn' for task execution.
[2023-05-05 07:25:38,577] {python.py:173} INFO - Done. Returned value was: None
[2023-05-05 07:25:39,139] {taskinstance.py:1400} INFO - Marking task as SUCCESS. dag_id=dag_etl, task_id=dim_payment, execution_date=20230505T072448, start_date=20230505T072530, end_date=20230505T072539
[2023-05-05 07:25:39,339] {local_task_job.py:156} INFO - Task exited with return code 0
[2023-05-05 07:25:40,024] {local_task_job.py:273} INFO - 1 downstream tasks scheduled from follow-on schedule check
