[2023-05-02 15:32:39,460] {taskinstance.py:1159} INFO - Dependencies all met for <TaskInstance: dag_etl_date.dim_city manual__2023-05-02T15:32:12.652181+00:00 [queued]>
[2023-05-02 15:32:39,747] {taskinstance.py:1159} INFO - Dependencies all met for <TaskInstance: dag_etl_date.dim_city manual__2023-05-02T15:32:12.652181+00:00 [queued]>
[2023-05-02 15:32:39,753] {taskinstance.py:1356} INFO - 
--------------------------------------------------------------------------------
[2023-05-02 15:32:39,755] {taskinstance.py:1357} INFO - Starting attempt 1 of 6
[2023-05-02 15:32:39,759] {taskinstance.py:1358} INFO - 
--------------------------------------------------------------------------------
[2023-05-02 15:32:40,064] {taskinstance.py:1377} INFO - Executing <Task(_PythonDecoratedOperator): dim_city> on 2023-05-02 15:32:12.652181+00:00
[2023-05-02 15:32:40,090] {standard_task_runner.py:52} INFO - Started process 608 to run task
[2023-05-02 15:32:40,134] {standard_task_runner.py:79} INFO - Running: ['***', 'tasks', 'run', 'dag_etl_date', 'dim_city', 'manual__2023-05-02T15:32:12.652181+00:00', '--job-id', '721', '--raw', '--subdir', 'DAGS_FOLDER/dag_etl_taskflow_date.py', '--cfg-path', '/tmp/tmpj3if5aka', '--error-file', '/tmp/tmplp1z4yd0']
[2023-05-02 15:32:40,152] {standard_task_runner.py:80} INFO - Job 721: Subtask dim_city
[2023-05-02 15:32:41,243] {task_command.py:370} INFO - Running <TaskInstance: dag_etl_date.dim_city manual__2023-05-02T15:32:12.652181+00:00 [running]> on host 295d97741f96
[2023-05-02 15:32:47,107] {taskinstance.py:1571} INFO - Exporting the following env vars:
AIRFLOW_CTX_DAG_OWNER=Victor
AIRFLOW_CTX_DAG_ID=dag_etl_date
AIRFLOW_CTX_TASK_ID=dim_city
AIRFLOW_CTX_EXECUTION_DATE=2023-05-02T15:32:12.652181+00:00
AIRFLOW_CTX_TRY_NUMBER=1
AIRFLOW_CTX_DAG_RUN_ID=manual__2023-05-02T15:32:12.652181+00:00
[2023-05-02 15:32:48,736] {base.py:68} INFO - Using connection ID 'postgres_conn' for task execution.
[2023-05-02 15:32:49,775] {python.py:173} INFO - Done. Returned value was: None
[2023-05-02 15:32:51,068] {taskinstance.py:1400} INFO - Marking task as SUCCESS. dag_id=dag_etl_date, task_id=dim_city, execution_date=20230502T153212, start_date=20230502T153239, end_date=20230502T153251
[2023-05-02 15:32:51,375] {local_task_job.py:156} INFO - Task exited with return code 0
[2023-05-02 15:32:52,769] {local_task_job.py:273} INFO - 0 downstream tasks scheduled from follow-on schedule check
