[2023-05-02 10:43:56,059] {taskinstance.py:1159} INFO - Dependencies all met for <TaskInstance: dag_etl.dim_city manual__2023-05-02T10:43:11.140829+00:00 [queued]>
[2023-05-02 10:43:56,193] {taskinstance.py:1159} INFO - Dependencies all met for <TaskInstance: dag_etl.dim_city manual__2023-05-02T10:43:11.140829+00:00 [queued]>
[2023-05-02 10:43:56,196] {taskinstance.py:1356} INFO - 
--------------------------------------------------------------------------------
[2023-05-02 10:43:56,199] {taskinstance.py:1357} INFO - Starting attempt 1 of 6
[2023-05-02 10:43:56,201] {taskinstance.py:1358} INFO - 
--------------------------------------------------------------------------------
[2023-05-02 10:43:56,663] {taskinstance.py:1377} INFO - Executing <Task(_PythonDecoratedOperator): dim_city> on 2023-05-02 10:43:11.140829+00:00
[2023-05-02 10:43:56,710] {standard_task_runner.py:52} INFO - Started process 1666 to run task
[2023-05-02 10:43:56,760] {standard_task_runner.py:79} INFO - Running: ['***', 'tasks', 'run', 'dag_etl', 'dim_city', 'manual__2023-05-02T10:43:11.140829+00:00', '--job-id', '477', '--raw', '--subdir', 'DAGS_FOLDER/dag_etl_taskflow.py', '--cfg-path', '/tmp/tmptrxfdkg0', '--error-file', '/tmp/tmpnwbvlee6']
[2023-05-02 10:43:56,769] {standard_task_runner.py:80} INFO - Job 477: Subtask dim_city
[2023-05-02 10:43:58,100] {task_command.py:370} INFO - Running <TaskInstance: dag_etl.dim_city manual__2023-05-02T10:43:11.140829+00:00 [running]> on host 295d97741f96
[2023-05-02 10:44:01,388] {taskinstance.py:1571} INFO - Exporting the following env vars:
AIRFLOW_CTX_DAG_OWNER=Victor
AIRFLOW_CTX_DAG_ID=dag_etl
AIRFLOW_CTX_TASK_ID=dim_city
AIRFLOW_CTX_EXECUTION_DATE=2023-05-02T10:43:11.140829+00:00
AIRFLOW_CTX_TRY_NUMBER=1
AIRFLOW_CTX_DAG_RUN_ID=manual__2023-05-02T10:43:11.140829+00:00
[2023-05-02 10:44:02,269] {base.py:68} INFO - Using connection ID 'postgres_conn' for task execution.
[2023-05-02 10:44:03,144] {python.py:173} INFO - Done. Returned value was: None
[2023-05-02 10:44:04,378] {taskinstance.py:1400} INFO - Marking task as SUCCESS. dag_id=dag_etl, task_id=dim_city, execution_date=20230502T104311, start_date=20230502T104356, end_date=20230502T104404
[2023-05-02 10:44:04,767] {local_task_job.py:156} INFO - Task exited with return code 0
[2023-05-02 10:44:06,849] {local_task_job.py:273} INFO - 0 downstream tasks scheduled from follow-on schedule check
