[2023-04-30 08:15:33,414] {taskinstance.py:1159} INFO - Dependencies all met for <TaskInstance: dag_etl.rename_extracted_file manual__2023-04-30T08:15:12.066946+00:00 [queued]>
[2023-04-30 08:15:33,469] {taskinstance.py:1159} INFO - Dependencies all met for <TaskInstance: dag_etl.rename_extracted_file manual__2023-04-30T08:15:12.066946+00:00 [queued]>
[2023-04-30 08:15:33,471] {taskinstance.py:1356} INFO - 
--------------------------------------------------------------------------------
[2023-04-30 08:15:33,472] {taskinstance.py:1357} INFO - Starting attempt 1 of 6
[2023-04-30 08:15:33,473] {taskinstance.py:1358} INFO - 
--------------------------------------------------------------------------------
[2023-04-30 08:15:33,560] {taskinstance.py:1377} INFO - Executing <Task(_PythonDecoratedOperator): rename_extracted_file> on 2023-04-30 08:15:12.066946+00:00
[2023-04-30 08:15:33,570] {standard_task_runner.py:52} INFO - Started process 452 to run task
[2023-04-30 08:15:33,578] {standard_task_runner.py:79} INFO - Running: ['***', 'tasks', 'run', 'dag_etl', 'rename_extracted_file', 'manual__2023-04-30T08:15:12.066946+00:00', '--job-id', '125', '--raw', '--subdir', 'DAGS_FOLDER/dag_etl_taskflow.py', '--cfg-path', '/tmp/tmpvjsj3w2s', '--error-file', '/tmp/tmpiqn9xwla']
[2023-04-30 08:15:33,581] {standard_task_runner.py:80} INFO - Job 125: Subtask rename_extracted_file
[2023-04-30 08:15:33,952] {task_command.py:370} INFO - Running <TaskInstance: dag_etl.rename_extracted_file manual__2023-04-30T08:15:12.066946+00:00 [running]> on host 295d97741f96
[2023-04-30 08:15:34,618] {taskinstance.py:1571} INFO - Exporting the following env vars:
AIRFLOW_CTX_DAG_OWNER=Victor
AIRFLOW_CTX_DAG_ID=dag_etl
AIRFLOW_CTX_TASK_ID=rename_extracted_file
AIRFLOW_CTX_EXECUTION_DATE=2023-04-30T08:15:12.066946+00:00
AIRFLOW_CTX_TRY_NUMBER=1
AIRFLOW_CTX_DAG_RUN_ID=manual__2023-04-30T08:15:12.066946+00:00
[2023-04-30 08:15:34,624] {python.py:173} INFO - Done. Returned value was: /opt/***/data
[2023-04-30 08:15:34,850] {taskinstance.py:1400} INFO - Marking task as SUCCESS. dag_id=dag_etl, task_id=rename_extracted_file, execution_date=20230430T081512, start_date=20230430T081533, end_date=20230430T081534
[2023-04-30 08:15:34,919] {local_task_job.py:156} INFO - Task exited with return code 0
[2023-04-30 08:15:35,265] {local_task_job.py:273} INFO - 9 downstream tasks scheduled from follow-on schedule check
