[2023-05-02 13:44:04,158] {taskinstance.py:1159} INFO - Dependencies all met for <TaskInstance: dag_etl.sensor_s3_obj manual__2023-05-02T13:43:58.584891+00:00 [queued]>
[2023-05-02 13:44:04,208] {taskinstance.py:1159} INFO - Dependencies all met for <TaskInstance: dag_etl.sensor_s3_obj manual__2023-05-02T13:43:58.584891+00:00 [queued]>
[2023-05-02 13:44:04,210] {taskinstance.py:1356} INFO - 
--------------------------------------------------------------------------------
[2023-05-02 13:44:04,211] {taskinstance.py:1357} INFO - Starting attempt 1 of 6
[2023-05-02 13:44:04,211] {taskinstance.py:1358} INFO - 
--------------------------------------------------------------------------------
[2023-05-02 13:44:04,314] {taskinstance.py:1377} INFO - Executing <Task(S3KeySensor): sensor_s3_obj> on 2023-05-02 13:43:58.584891+00:00
[2023-05-02 13:44:04,330] {standard_task_runner.py:52} INFO - Started process 493 to run task
[2023-05-02 13:44:04,337] {standard_task_runner.py:79} INFO - Running: ['***', 'tasks', 'run', 'dag_etl', 'sensor_s3_obj', 'manual__2023-05-02T13:43:58.584891+00:00', '--job-id', '545', '--raw', '--subdir', 'DAGS_FOLDER/dag_etl_taskflow.py', '--cfg-path', '/tmp/tmp7ras3_a3', '--error-file', '/tmp/tmp5ve3fyya']
[2023-05-02 13:44:04,339] {standard_task_runner.py:80} INFO - Job 545: Subtask sensor_s3_obj
[2023-05-02 13:44:04,728] {task_command.py:370} INFO - Running <TaskInstance: dag_etl.sensor_s3_obj manual__2023-05-02T13:43:58.584891+00:00 [running]> on host 295d97741f96
[2023-05-02 13:44:05,305] {taskinstance.py:1571} INFO - Exporting the following env vars:
AIRFLOW_CTX_DAG_OWNER=Victor
AIRFLOW_CTX_DAG_ID=dag_etl
AIRFLOW_CTX_TASK_ID=sensor_s3_obj
AIRFLOW_CTX_EXECUTION_DATE=2023-05-02T13:43:58.584891+00:00
AIRFLOW_CTX_TRY_NUMBER=1
AIRFLOW_CTX_DAG_RUN_ID=manual__2023-05-02T13:43:58.584891+00:00
[2023-05-02 13:44:05,308] {s3.py:104} INFO - Poking for key : s3://raw/supermarket_sales.csv
[2023-05-02 13:44:05,386] {base.py:68} INFO - Using connection ID 'minio_conn' for task execution.
[2023-05-02 13:44:05,390] {base_aws.py:206} INFO - Credentials retrieved from login
[2023-05-02 13:44:05,772] {base.py:301} INFO - Success criteria met. Exiting.
[2023-05-02 13:44:05,888] {taskinstance.py:1400} INFO - Marking task as SUCCESS. dag_id=dag_etl, task_id=sensor_s3_obj, execution_date=20230502T134358, start_date=20230502T134404, end_date=20230502T134405
[2023-05-02 13:44:06,176] {local_task_job.py:156} INFO - Task exited with return code 0
[2023-05-02 13:44:06,573] {local_task_job.py:273} INFO - 0 downstream tasks scheduled from follow-on schedule check
