[2023-05-04 05:12:32,111] {taskinstance.py:1159} INFO - Dependencies all met for <TaskInstance: dag_etl.rename_extracted_file scheduled__2023-05-02T00:00:00+00:00 [queued]>
[2023-05-04 05:12:32,751] {taskinstance.py:1159} INFO - Dependencies all met for <TaskInstance: dag_etl.rename_extracted_file scheduled__2023-05-02T00:00:00+00:00 [queued]>
[2023-05-04 05:12:32,767] {taskinstance.py:1356} INFO - 
--------------------------------------------------------------------------------
[2023-05-04 05:12:32,795] {taskinstance.py:1357} INFO - Starting attempt 1 of 6
[2023-05-04 05:12:32,805] {taskinstance.py:1358} INFO - 
--------------------------------------------------------------------------------
[2023-05-04 05:12:33,488] {taskinstance.py:1377} INFO - Executing <Task(_PythonDecoratedOperator): rename_extracted_file> on 2023-05-02 00:00:00+00:00
[2023-05-04 05:12:33,550] {standard_task_runner.py:79} INFO - Running: ['***', 'tasks', 'run', 'dag_etl', 'rename_extracted_file', 'scheduled__2023-05-02T00:00:00+00:00', '--job-id', '945', '--raw', '--subdir', 'DAGS_FOLDER/dag_etl_taskflow.py', '--cfg-path', '/tmp/tmpeze1mwdb', '--error-file', '/tmp/tmpikhmwj6z']
[2023-05-04 05:12:33,563] {standard_task_runner.py:80} INFO - Job 945: Subtask rename_extracted_file
[2023-05-04 05:12:33,514] {standard_task_runner.py:52} INFO - Started process 919 to run task
[2023-05-04 05:12:35,375] {task_command.py:370} INFO - Running <TaskInstance: dag_etl.rename_extracted_file scheduled__2023-05-02T00:00:00+00:00 [running]> on host 295d97741f96
[2023-05-04 05:12:39,296] {taskinstance.py:1571} INFO - Exporting the following env vars:
AIRFLOW_CTX_DAG_OWNER=Victor
AIRFLOW_CTX_DAG_ID=dag_etl
AIRFLOW_CTX_TASK_ID=rename_extracted_file
AIRFLOW_CTX_EXECUTION_DATE=2023-05-02T00:00:00+00:00
AIRFLOW_CTX_TRY_NUMBER=1
AIRFLOW_CTX_DAG_RUN_ID=scheduled__2023-05-02T00:00:00+00:00
[2023-05-04 05:12:39,302] {python.py:173} INFO - Done. Returned value was: /opt/***/data
[2023-05-04 05:12:40,225] {taskinstance.py:1400} INFO - Marking task as SUCCESS. dag_id=dag_etl, task_id=rename_extracted_file, execution_date=20230502T000000, start_date=20230504T051232, end_date=20230504T051240
[2023-05-04 05:12:40,910] {local_task_job.py:156} INFO - Task exited with return code 0
[2023-05-04 05:12:43,577] {local_task_job.py:273} INFO - 0 downstream tasks scheduled from follow-on schedule check
