[2023-04-30 07:37:01,675] {taskinstance.py:1159} INFO - Dependencies all met for <TaskInstance: dag_etl.dim_time manual__2023-04-30T07:36:08.295748+00:00 [queued]>
[2023-04-30 07:37:02,037] {taskinstance.py:1159} INFO - Dependencies all met for <TaskInstance: dag_etl.dim_time manual__2023-04-30T07:36:08.295748+00:00 [queued]>
[2023-04-30 07:37:02,043] {taskinstance.py:1356} INFO - 
--------------------------------------------------------------------------------
[2023-04-30 07:37:02,053] {taskinstance.py:1357} INFO - Starting attempt 1 of 6
[2023-04-30 07:37:02,068] {taskinstance.py:1358} INFO - 
--------------------------------------------------------------------------------
[2023-04-30 07:37:02,579] {taskinstance.py:1377} INFO - Executing <Task(_PythonDecoratedOperator): dim_time> on 2023-04-30 07:36:08.295748+00:00
[2023-04-30 07:37:02,669] {standard_task_runner.py:52} INFO - Started process 485 to run task
[2023-04-30 07:37:02,816] {standard_task_runner.py:79} INFO - Running: ['***', 'tasks', 'run', 'dag_etl', 'dim_time', 'manual__2023-04-30T07:36:08.295748+00:00', '--job-id', '117', '--raw', '--subdir', 'DAGS_FOLDER/dag_etl_taskflow.py', '--cfg-path', '/tmp/tmpmznmceuj', '--error-file', '/tmp/tmpowrzcic1']
[2023-04-30 07:37:02,832] {standard_task_runner.py:80} INFO - Job 117: Subtask dim_time
[2023-04-30 07:37:04,982] {task_command.py:370} INFO - Running <TaskInstance: dag_etl.dim_time manual__2023-04-30T07:36:08.295748+00:00 [running]> on host 295d97741f96
[2023-04-30 07:37:09,258] {taskinstance.py:1571} INFO - Exporting the following env vars:
AIRFLOW_CTX_DAG_OWNER=Victor
AIRFLOW_CTX_DAG_ID=dag_etl
AIRFLOW_CTX_TASK_ID=dim_time
AIRFLOW_CTX_EXECUTION_DATE=2023-04-30T07:36:08.295748+00:00
AIRFLOW_CTX_TRY_NUMBER=1
AIRFLOW_CTX_DAG_RUN_ID=manual__2023-04-30T07:36:08.295748+00:00
[2023-04-30 07:37:11,356] {base.py:68} INFO - Using connection ID 'postgres_conn' for task execution.
[2023-04-30 07:37:12,169] {python.py:173} INFO - Done. Returned value was: None
[2023-04-30 07:37:13,099] {taskinstance.py:1400} INFO - Marking task as SUCCESS. dag_id=dag_etl, task_id=dim_time, execution_date=20230430T073608, start_date=20230430T073701, end_date=20230430T073713
[2023-04-30 07:37:13,415] {local_task_job.py:156} INFO - Task exited with return code 0
[2023-04-30 07:37:14,369] {local_task_job.py:273} INFO - 0 downstream tasks scheduled from follow-on schedule check
