[2023-05-02 11:47:24,021] {taskinstance.py:1159} INFO - Dependencies all met for <TaskInstance: dag_etl.fact_nds manual__2023-05-02T11:46:25.173746+00:00 [queued]>
[2023-05-02 11:47:24,080] {taskinstance.py:1159} INFO - Dependencies all met for <TaskInstance: dag_etl.fact_nds manual__2023-05-02T11:46:25.173746+00:00 [queued]>
[2023-05-02 11:47:24,081] {taskinstance.py:1356} INFO - 
--------------------------------------------------------------------------------
[2023-05-02 11:47:24,082] {taskinstance.py:1357} INFO - Starting attempt 1 of 6
[2023-05-02 11:47:24,083] {taskinstance.py:1358} INFO - 
--------------------------------------------------------------------------------
[2023-05-02 11:47:24,175] {taskinstance.py:1377} INFO - Executing <Task(_PythonDecoratedOperator): fact_nds> on 2023-05-02 11:46:25.173746+00:00
[2023-05-02 11:47:24,186] {standard_task_runner.py:52} INFO - Started process 1156 to run task
[2023-05-02 11:47:24,194] {standard_task_runner.py:79} INFO - Running: ['***', 'tasks', 'run', 'dag_etl', 'fact_nds', 'manual__2023-05-02T11:46:25.173746+00:00', '--job-id', '518', '--raw', '--subdir', 'DAGS_FOLDER/dag_etl_taskflow.py', '--cfg-path', '/tmp/tmpjv89vi2m', '--error-file', '/tmp/tmpko004a4o']
[2023-05-02 11:47:24,196] {standard_task_runner.py:80} INFO - Job 518: Subtask fact_nds
[2023-05-02 11:47:24,571] {task_command.py:370} INFO - Running <TaskInstance: dag_etl.fact_nds manual__2023-05-02T11:46:25.173746+00:00 [running]> on host 295d97741f96
[2023-05-02 11:47:25,302] {taskinstance.py:1571} INFO - Exporting the following env vars:
AIRFLOW_CTX_DAG_OWNER=Victor
AIRFLOW_CTX_DAG_ID=dag_etl
AIRFLOW_CTX_TASK_ID=fact_nds
AIRFLOW_CTX_EXECUTION_DATE=2023-05-02T11:46:25.173746+00:00
AIRFLOW_CTX_TRY_NUMBER=1
AIRFLOW_CTX_DAG_RUN_ID=manual__2023-05-02T11:46:25.173746+00:00
[2023-05-02 11:47:25,389] {base.py:68} INFO - Using connection ID 'postgres_conn' for task execution.
[2023-05-02 11:47:25,686] {base.py:68} INFO - Using connection ID 'postgres_conn' for task execution.
[2023-05-02 11:47:26,835] {python.py:173} INFO - Done. Returned value was: None
[2023-05-02 11:47:26,951] {taskinstance.py:1400} INFO - Marking task as SUCCESS. dag_id=dag_etl, task_id=fact_nds, execution_date=20230502T114625, start_date=20230502T114724, end_date=20230502T114726
[2023-05-02 11:47:27,038] {local_task_job.py:156} INFO - Task exited with return code 0
[2023-05-02 11:47:27,380] {local_task_job.py:273} INFO - 1 downstream tasks scheduled from follow-on schedule check
