[2023-05-04 20:05:11,553] {taskinstance.py:1159} INFO - Dependencies all met for <TaskInstance: dag_etl.dim_city manual__2023-05-04T20:04:31.370742+00:00 [queued]>
[2023-05-04 20:05:11,863] {taskinstance.py:1159} INFO - Dependencies all met for <TaskInstance: dag_etl.dim_city manual__2023-05-04T20:04:31.370742+00:00 [queued]>
[2023-05-04 20:05:11,883] {taskinstance.py:1356} INFO - 
--------------------------------------------------------------------------------
[2023-05-04 20:05:11,893] {taskinstance.py:1357} INFO - Starting attempt 1 of 6
[2023-05-04 20:05:11,895] {taskinstance.py:1358} INFO - 
--------------------------------------------------------------------------------
[2023-05-04 20:05:12,127] {taskinstance.py:1377} INFO - Executing <Task(_PythonDecoratedOperator): dim_city> on 2023-05-04 20:04:31.370742+00:00
[2023-05-04 20:05:12,174] {standard_task_runner.py:52} INFO - Started process 813 to run task
[2023-05-04 20:05:12,247] {standard_task_runner.py:79} INFO - Running: ['***', 'tasks', 'run', 'dag_etl', 'dim_city', 'manual__2023-05-04T20:04:31.370742+00:00', '--job-id', '995', '--raw', '--subdir', 'DAGS_FOLDER/dag_etl_taskflow.py', '--cfg-path', '/tmp/tmpv_tex9jj', '--error-file', '/tmp/tmpi2jy2pqj']
[2023-05-04 20:05:12,270] {standard_task_runner.py:80} INFO - Job 995: Subtask dim_city
[2023-05-04 20:05:13,207] {task_command.py:370} INFO - Running <TaskInstance: dag_etl.dim_city manual__2023-05-04T20:04:31.370742+00:00 [running]> on host 295d97741f96
[2023-05-04 20:05:15,183] {taskinstance.py:1571} INFO - Exporting the following env vars:
AIRFLOW_CTX_DAG_OWNER=Victor
AIRFLOW_CTX_DAG_ID=dag_etl
AIRFLOW_CTX_TASK_ID=dim_city
AIRFLOW_CTX_EXECUTION_DATE=2023-05-04T20:04:31.370742+00:00
AIRFLOW_CTX_TRY_NUMBER=1
AIRFLOW_CTX_DAG_RUN_ID=manual__2023-05-04T20:04:31.370742+00:00
[2023-05-04 20:05:15,801] {base.py:68} INFO - Using connection ID 'postgres_conn' for task execution.
[2023-05-04 20:05:16,383] {python.py:173} INFO - Done. Returned value was: None
[2023-05-04 20:05:16,823] {taskinstance.py:1400} INFO - Marking task as SUCCESS. dag_id=dag_etl, task_id=dim_city, execution_date=20230504T200431, start_date=20230504T200511, end_date=20230504T200516
[2023-05-04 20:05:17,252] {local_task_job.py:156} INFO - Task exited with return code 0
[2023-05-04 20:05:18,783] {local_task_job.py:273} INFO - 0 downstream tasks scheduled from follow-on schedule check
