[2023-05-04 20:05:13,931] {taskinstance.py:1159} INFO - Dependencies all met for <TaskInstance: dag_etl.delete_s3_obj manual__2023-05-04T20:04:31.370742+00:00 [queued]>
[2023-05-04 20:05:14,036] {taskinstance.py:1159} INFO - Dependencies all met for <TaskInstance: dag_etl.delete_s3_obj manual__2023-05-04T20:04:31.370742+00:00 [queued]>
[2023-05-04 20:05:14,043] {taskinstance.py:1356} INFO - 
--------------------------------------------------------------------------------
[2023-05-04 20:05:14,044] {taskinstance.py:1357} INFO - Starting attempt 1 of 6
[2023-05-04 20:05:14,045] {taskinstance.py:1358} INFO - 
--------------------------------------------------------------------------------
[2023-05-04 20:05:14,310] {taskinstance.py:1377} INFO - Executing <Task(S3DeleteObjectsOperator): delete_s3_obj> on 2023-05-04 20:04:31.370742+00:00
[2023-05-04 20:05:14,338] {standard_task_runner.py:52} INFO - Started process 830 to run task
[2023-05-04 20:05:14,371] {standard_task_runner.py:79} INFO - Running: ['***', 'tasks', 'run', 'dag_etl', 'delete_s3_obj', 'manual__2023-05-04T20:04:31.370742+00:00', '--job-id', '998', '--raw', '--subdir', 'DAGS_FOLDER/dag_etl_taskflow.py', '--cfg-path', '/tmp/tmp0viv5xi0', '--error-file', '/tmp/tmpri4xo_49']
[2023-05-04 20:05:14,402] {standard_task_runner.py:80} INFO - Job 998: Subtask delete_s3_obj
[2023-05-04 20:05:15,774] {task_command.py:370} INFO - Running <TaskInstance: dag_etl.delete_s3_obj manual__2023-05-04T20:04:31.370742+00:00 [running]> on host 295d97741f96
[2023-05-04 20:05:18,303] {taskinstance.py:1571} INFO - Exporting the following env vars:
AIRFLOW_CTX_DAG_OWNER=Victor
AIRFLOW_CTX_DAG_ID=dag_etl
AIRFLOW_CTX_TASK_ID=delete_s3_obj
AIRFLOW_CTX_EXECUTION_DATE=2023-05-04T20:04:31.370742+00:00
AIRFLOW_CTX_TRY_NUMBER=1
AIRFLOW_CTX_DAG_RUN_ID=manual__2023-05-04T20:04:31.370742+00:00
[2023-05-04 20:05:18,627] {base.py:68} INFO - Using connection ID 'minio_conn' for task execution.
[2023-05-04 20:05:18,660] {base_aws.py:206} INFO - Credentials retrieved from login
[2023-05-04 20:05:20,116] {s3.py:841} INFO - Deleted: ['supermarket_sales.csv']
[2023-05-04 20:05:21,682] {taskinstance.py:1400} INFO - Marking task as SUCCESS. dag_id=dag_etl, task_id=delete_s3_obj, execution_date=20230504T200431, start_date=20230504T200513, end_date=20230504T200521
[2023-05-04 20:05:23,832] {local_task_job.py:156} INFO - Task exited with return code 0
[2023-05-04 20:05:24,638] {local_task_job.py:273} INFO - 0 downstream tasks scheduled from follow-on schedule check
