[2023-04-30 06:07:43,566] {taskinstance.py:1159} INFO - Dependencies all met for <TaskInstance: dag_etl.rename_extracted_file manual__2023-04-30T06:05:09.757169+00:00 [queued]>
[2023-04-30 06:07:44,017] {taskinstance.py:1159} INFO - Dependencies all met for <TaskInstance: dag_etl.rename_extracted_file manual__2023-04-30T06:05:09.757169+00:00 [queued]>
[2023-04-30 06:07:44,021] {taskinstance.py:1356} INFO - 
--------------------------------------------------------------------------------
[2023-04-30 06:07:44,023] {taskinstance.py:1357} INFO - Starting attempt 1 of 6
[2023-04-30 06:07:44,026] {taskinstance.py:1358} INFO - 
--------------------------------------------------------------------------------
[2023-04-30 06:07:44,809] {taskinstance.py:1377} INFO - Executing <Task(_PythonDecoratedOperator): rename_extracted_file> on 2023-04-30 06:05:09.757169+00:00
[2023-04-30 06:07:44,899] {standard_task_runner.py:52} INFO - Started process 905 to run task
[2023-04-30 06:07:44,980] {standard_task_runner.py:79} INFO - Running: ['***', 'tasks', 'run', 'dag_etl', 'rename_extracted_file', 'manual__2023-04-30T06:05:09.757169+00:00', '--job-id', '18', '--raw', '--subdir', 'DAGS_FOLDER/dag_etl_taskflow.py', '--cfg-path', '/tmp/tmpkllpmxo3', '--error-file', '/tmp/tmp_0c3jp66']
[2023-04-30 06:07:45,020] {standard_task_runner.py:80} INFO - Job 18: Subtask rename_extracted_file
[2023-04-30 06:07:46,384] {task_command.py:370} INFO - Running <TaskInstance: dag_etl.rename_extracted_file manual__2023-04-30T06:05:09.757169+00:00 [running]> on host 295d97741f96
[2023-04-30 06:07:54,223] {taskinstance.py:1571} INFO - Exporting the following env vars:
AIRFLOW_CTX_DAG_OWNER=Victor
AIRFLOW_CTX_DAG_ID=dag_etl
AIRFLOW_CTX_TASK_ID=rename_extracted_file
AIRFLOW_CTX_EXECUTION_DATE=2023-04-30T06:05:09.757169+00:00
AIRFLOW_CTX_TRY_NUMBER=1
AIRFLOW_CTX_DAG_RUN_ID=manual__2023-04-30T06:05:09.757169+00:00
[2023-04-30 06:07:54,248] {python.py:173} INFO - Done. Returned value was: /opt/***/data
[2023-04-30 06:07:56,618] {taskinstance.py:1400} INFO - Marking task as SUCCESS. dag_id=dag_etl, task_id=rename_extracted_file, execution_date=20230430T060509, start_date=20230430T060743, end_date=20230430T060756
[2023-04-30 06:07:57,181] {local_task_job.py:156} INFO - Task exited with return code 0
[2023-04-30 06:07:59,385] {local_task_job.py:273} INFO - 7 downstream tasks scheduled from follow-on schedule check
