[2023-05-05 05:33:37,135] {taskinstance.py:1159} INFO - Dependencies all met for <TaskInstance: dag_etl.dim_city manual__2023-05-05T05:32:51.253337+00:00 [queued]>
[2023-05-05 05:33:37,293] {taskinstance.py:1159} INFO - Dependencies all met for <TaskInstance: dag_etl.dim_city manual__2023-05-05T05:32:51.253337+00:00 [queued]>
[2023-05-05 05:33:37,295] {taskinstance.py:1356} INFO - 
--------------------------------------------------------------------------------
[2023-05-05 05:33:37,296] {taskinstance.py:1357} INFO - Starting attempt 1 of 6
[2023-05-05 05:33:37,297] {taskinstance.py:1358} INFO - 
--------------------------------------------------------------------------------
[2023-05-05 05:33:37,544] {taskinstance.py:1377} INFO - Executing <Task(_PythonDecoratedOperator): dim_city> on 2023-05-05 05:32:51.253337+00:00
[2023-05-05 05:33:37,591] {standard_task_runner.py:52} INFO - Started process 688 to run task
[2023-05-05 05:33:37,616] {standard_task_runner.py:79} INFO - Running: ['***', 'tasks', 'run', 'dag_etl', 'dim_city', 'manual__2023-05-05T05:32:51.253337+00:00', '--job-id', '1033', '--raw', '--subdir', 'DAGS_FOLDER/dag_etl_taskflow.py', '--cfg-path', '/tmp/tmpnfgel3ts', '--error-file', '/tmp/tmp09cggedh']
[2023-05-05 05:33:37,671] {standard_task_runner.py:80} INFO - Job 1033: Subtask dim_city
[2023-05-05 05:33:39,233] {task_command.py:370} INFO - Running <TaskInstance: dag_etl.dim_city manual__2023-05-05T05:32:51.253337+00:00 [running]> on host 295d97741f96
[2023-05-05 05:33:44,183] {taskinstance.py:1571} INFO - Exporting the following env vars:
AIRFLOW_CTX_DAG_OWNER=Victor
AIRFLOW_CTX_DAG_ID=dag_etl
AIRFLOW_CTX_TASK_ID=dim_city
AIRFLOW_CTX_EXECUTION_DATE=2023-05-05T05:32:51.253337+00:00
AIRFLOW_CTX_TRY_NUMBER=1
AIRFLOW_CTX_DAG_RUN_ID=manual__2023-05-05T05:32:51.253337+00:00
[2023-05-05 05:33:45,081] {base.py:68} INFO - Using connection ID 'postgres_conn' for task execution.
[2023-05-05 05:33:46,038] {python.py:173} INFO - Done. Returned value was: None
[2023-05-05 05:33:46,699] {taskinstance.py:1400} INFO - Marking task as SUCCESS. dag_id=dag_etl, task_id=dim_city, execution_date=20230505T053251, start_date=20230505T053337, end_date=20230505T053346
[2023-05-05 05:33:46,950] {local_task_job.py:156} INFO - Task exited with return code 0
[2023-05-05 05:33:48,064] {local_task_job.py:273} INFO - 1 downstream tasks scheduled from follow-on schedule check
