[2023-08-17 16:39:10,553] {taskinstance.py:1179} INFO - Dependencies all met for <TaskInstance: dag_etl.dim_gender manual__2023-08-17T16:39:02.613613+00:00 [queued]>
[2023-08-17 16:39:10,603] {taskinstance.py:1179} INFO - Dependencies all met for <TaskInstance: dag_etl.dim_gender manual__2023-08-17T16:39:02.613613+00:00 [queued]>
[2023-08-17 16:39:10,605] {taskinstance.py:1376} INFO - 
--------------------------------------------------------------------------------
[2023-08-17 16:39:10,605] {taskinstance.py:1377} INFO - Starting attempt 1 of 6
[2023-08-17 16:39:10,605] {taskinstance.py:1378} INFO - 
--------------------------------------------------------------------------------
[2023-08-17 16:39:10,640] {taskinstance.py:1397} INFO - Executing <Task(_PythonDecoratedOperator): dim_gender> on 2023-08-17 16:39:02.613613+00:00
[2023-08-17 16:39:10,648] {standard_task_runner.py:52} INFO - Started process 1969 to run task
[2023-08-17 16:39:10,669] {standard_task_runner.py:79} INFO - Running: ['***', 'tasks', 'run', 'dag_etl', 'dim_gender', 'manual__2023-08-17T16:39:02.613613+00:00', '--job-id', '40', '--raw', '--subdir', 'DAGS_FOLDER/dag_etl_taskflow.py', '--cfg-path', '/tmp/tmpzrrrvffd', '--error-file', '/tmp/tmpnf6_vdzx']
[2023-08-17 16:39:10,677] {standard_task_runner.py:80} INFO - Job 40: Subtask dim_gender
[2023-08-17 16:39:10,906] {task_command.py:371} INFO - Running <TaskInstance: dag_etl.dim_gender manual__2023-08-17T16:39:02.613613+00:00 [running]> on host 1ea22a5e1d7f
[2023-08-17 16:39:11,188] {taskinstance.py:1591} INFO - Exporting the following env vars:
AIRFLOW_CTX_DAG_OWNER=Victor
AIRFLOW_CTX_DAG_ID=dag_etl
AIRFLOW_CTX_TASK_ID=dim_gender
AIRFLOW_CTX_EXECUTION_DATE=2023-08-17T16:39:02.613613+00:00
AIRFLOW_CTX_TRY_NUMBER=1
AIRFLOW_CTX_DAG_RUN_ID=manual__2023-08-17T16:39:02.613613+00:00
[2023-08-17 16:39:11,273] {base.py:68} INFO - Using connection ID '***_conn' for task execution.
[2023-08-17 16:39:11,361] {python.py:173} INFO - Done. Returned value was: None
[2023-08-17 16:39:11,413] {taskinstance.py:1420} INFO - Marking task as SUCCESS. dag_id=dag_etl, task_id=dim_gender, execution_date=20230817T163902, start_date=20230817T163910, end_date=20230817T163911
[2023-08-17 16:39:11,488] {local_task_job.py:156} INFO - Task exited with return code 0
[2023-08-17 16:39:11,564] {local_task_job.py:273} INFO - 1 downstream tasks scheduled from follow-on schedule check
