[2023-04-30 07:10:31,365] {taskinstance.py:1159} INFO - Dependencies all met for <TaskInstance: dag_etl.dim_time manual__2023-04-30T07:09:50.351284+00:00 [queued]>
[2023-04-30 07:10:31,500] {taskinstance.py:1159} INFO - Dependencies all met for <TaskInstance: dag_etl.dim_time manual__2023-04-30T07:09:50.351284+00:00 [queued]>
[2023-04-30 07:10:31,502] {taskinstance.py:1356} INFO - 
--------------------------------------------------------------------------------
[2023-04-30 07:10:31,503] {taskinstance.py:1357} INFO - Starting attempt 1 of 6
[2023-04-30 07:10:31,505] {taskinstance.py:1358} INFO - 
--------------------------------------------------------------------------------
[2023-04-30 07:10:31,632] {taskinstance.py:1377} INFO - Executing <Task(_PythonDecoratedOperator): dim_time> on 2023-04-30 07:09:50.351284+00:00
[2023-04-30 07:10:31,651] {standard_task_runner.py:52} INFO - Started process 1594 to run task
[2023-04-30 07:10:31,703] {standard_task_runner.py:79} INFO - Running: ['***', 'tasks', 'run', 'dag_etl', 'dim_time', 'manual__2023-04-30T07:09:50.351284+00:00', '--job-id', '96', '--raw', '--subdir', 'DAGS_FOLDER/dag_etl_taskflow.py', '--cfg-path', '/tmp/tmpf1jg2f0m', '--error-file', '/tmp/tmpwlfhib1i']
[2023-04-30 07:10:31,719] {standard_task_runner.py:80} INFO - Job 96: Subtask dim_time
[2023-04-30 07:10:32,976] {task_command.py:370} INFO - Running <TaskInstance: dag_etl.dim_time manual__2023-04-30T07:09:50.351284+00:00 [running]> on host 295d97741f96
[2023-04-30 07:10:35,482] {taskinstance.py:1571} INFO - Exporting the following env vars:
AIRFLOW_CTX_DAG_OWNER=Victor
AIRFLOW_CTX_DAG_ID=dag_etl
AIRFLOW_CTX_TASK_ID=dim_time
AIRFLOW_CTX_EXECUTION_DATE=2023-04-30T07:09:50.351284+00:00
AIRFLOW_CTX_TRY_NUMBER=1
AIRFLOW_CTX_DAG_RUN_ID=manual__2023-04-30T07:09:50.351284+00:00
[2023-04-30 07:10:37,560] {base.py:68} INFO - Using connection ID 'postgres_conn' for task execution.
[2023-04-30 07:10:39,163] {python.py:173} INFO - Done. Returned value was: None
[2023-04-30 07:10:41,277] {taskinstance.py:1400} INFO - Marking task as SUCCESS. dag_id=dag_etl, task_id=dim_time, execution_date=20230430T070950, start_date=20230430T071031, end_date=20230430T071041
[2023-04-30 07:10:42,081] {local_task_job.py:156} INFO - Task exited with return code 0
[2023-04-30 07:10:46,106] {local_task_job.py:273} INFO - 0 downstream tasks scheduled from follow-on schedule check
