[2023-04-30 09:06:48,992] {taskinstance.py:1159} INFO - Dependencies all met for <TaskInstance: dag_etl.fact_stage manual__2023-04-30T09:05:15.056494+00:00 [queued]>
[2023-04-30 09:06:49,061] {taskinstance.py:1159} INFO - Dependencies all met for <TaskInstance: dag_etl.fact_stage manual__2023-04-30T09:05:15.056494+00:00 [queued]>
[2023-04-30 09:06:49,063] {taskinstance.py:1356} INFO - 
--------------------------------------------------------------------------------
[2023-04-30 09:06:49,064] {taskinstance.py:1357} INFO - Starting attempt 1 of 6
[2023-04-30 09:06:49,065] {taskinstance.py:1358} INFO - 
--------------------------------------------------------------------------------
[2023-04-30 09:06:49,172] {taskinstance.py:1377} INFO - Executing <Task(_PythonDecoratedOperator): fact_stage> on 2023-04-30 09:05:15.056494+00:00
[2023-04-30 09:06:49,182] {standard_task_runner.py:52} INFO - Started process 1166 to run task
[2023-04-30 09:06:49,199] {standard_task_runner.py:79} INFO - Running: ['***', 'tasks', 'run', 'dag_etl', 'fact_stage', 'manual__2023-04-30T09:05:15.056494+00:00', '--job-id', '230', '--raw', '--subdir', 'DAGS_FOLDER/dag_etl_taskflow.py', '--cfg-path', '/tmp/tmptkb2x6yt', '--error-file', '/tmp/tmpwyf4y7p2']
[2023-04-30 09:06:49,202] {standard_task_runner.py:80} INFO - Job 230: Subtask fact_stage
[2023-04-30 09:06:49,779] {task_command.py:370} INFO - Running <TaskInstance: dag_etl.fact_stage manual__2023-04-30T09:05:15.056494+00:00 [running]> on host 295d97741f96
[2023-04-30 09:06:50,815] {taskinstance.py:1571} INFO - Exporting the following env vars:
AIRFLOW_CTX_DAG_OWNER=Victor
AIRFLOW_CTX_DAG_ID=dag_etl
AIRFLOW_CTX_TASK_ID=fact_stage
AIRFLOW_CTX_EXECUTION_DATE=2023-04-30T09:05:15.056494+00:00
AIRFLOW_CTX_TRY_NUMBER=1
AIRFLOW_CTX_DAG_RUN_ID=manual__2023-04-30T09:05:15.056494+00:00
[2023-04-30 09:06:50,948] {base.py:68} INFO - Using connection ID 'postgres_conn' for task execution.
[2023-04-30 09:06:51,331] {base.py:68} INFO - Using connection ID 'postgres_conn' for task execution.
[2023-04-30 09:06:52,872] {python.py:173} INFO - Done. Returned value was: None
[2023-04-30 09:06:53,010] {taskinstance.py:1400} INFO - Marking task as SUCCESS. dag_id=dag_etl, task_id=fact_stage, execution_date=20230430T090515, start_date=20230430T090648, end_date=20230430T090653
[2023-04-30 09:06:53,161] {local_task_job.py:156} INFO - Task exited with return code 0
[2023-04-30 09:06:53,514] {local_task_job.py:273} INFO - 1 downstream tasks scheduled from follow-on schedule check
