[2023-05-02 13:52:31,549] {taskinstance.py:1159} INFO - Dependencies all met for <TaskInstance: dag_etl.dim_gender manual__2023-05-02T13:51:38.744363+00:00 [queued]>
[2023-05-02 13:52:31,758] {taskinstance.py:1159} INFO - Dependencies all met for <TaskInstance: dag_etl.dim_gender manual__2023-05-02T13:51:38.744363+00:00 [queued]>
[2023-05-02 13:52:31,759] {taskinstance.py:1356} INFO - 
--------------------------------------------------------------------------------
[2023-05-02 13:52:31,760] {taskinstance.py:1357} INFO - Starting attempt 1 of 6
[2023-05-02 13:52:31,761] {taskinstance.py:1358} INFO - 
--------------------------------------------------------------------------------
[2023-05-02 13:52:32,254] {taskinstance.py:1377} INFO - Executing <Task(_PythonDecoratedOperator): dim_gender> on 2023-05-02 13:51:38.744363+00:00
[2023-05-02 13:52:32,290] {standard_task_runner.py:52} INFO - Started process 1291 to run task
[2023-05-02 13:52:32,381] {standard_task_runner.py:79} INFO - Running: ['***', 'tasks', 'run', 'dag_etl', 'dim_gender', 'manual__2023-05-02T13:51:38.744363+00:00', '--job-id', '591', '--raw', '--subdir', 'DAGS_FOLDER/dag_etl_taskflow.py', '--cfg-path', '/tmp/tmpqnnuqmbn', '--error-file', '/tmp/tmpsg74vv80']
[2023-05-02 13:52:32,417] {standard_task_runner.py:80} INFO - Job 591: Subtask dim_gender
[2023-05-02 13:52:34,982] {task_command.py:370} INFO - Running <TaskInstance: dag_etl.dim_gender manual__2023-05-02T13:51:38.744363+00:00 [running]> on host 295d97741f96
[2023-05-02 13:52:40,239] {taskinstance.py:1571} INFO - Exporting the following env vars:
AIRFLOW_CTX_DAG_OWNER=Victor
AIRFLOW_CTX_DAG_ID=dag_etl
AIRFLOW_CTX_TASK_ID=dim_gender
AIRFLOW_CTX_EXECUTION_DATE=2023-05-02T13:51:38.744363+00:00
AIRFLOW_CTX_TRY_NUMBER=1
AIRFLOW_CTX_DAG_RUN_ID=manual__2023-05-02T13:51:38.744363+00:00
[2023-05-02 13:52:40,811] {base.py:68} INFO - Using connection ID 'postgres_conn' for task execution.
[2023-05-02 13:52:41,225] {python.py:173} INFO - Done. Returned value was: None
[2023-05-02 13:52:42,434] {taskinstance.py:1400} INFO - Marking task as SUCCESS. dag_id=dag_etl, task_id=dim_gender, execution_date=20230502T135138, start_date=20230502T135231, end_date=20230502T135242
[2023-05-02 13:52:42,703] {local_task_job.py:156} INFO - Task exited with return code 0
[2023-05-02 13:52:44,062] {local_task_job.py:273} INFO - 0 downstream tasks scheduled from follow-on schedule check
