[2023-05-04 05:11:30,960] {taskinstance.py:1159} INFO - Dependencies all met for <TaskInstance: dag_etl.extract_from_s3 scheduled__2023-05-02T00:00:00+00:00 [queued]>
[2023-05-04 05:11:32,011] {taskinstance.py:1159} INFO - Dependencies all met for <TaskInstance: dag_etl.extract_from_s3 scheduled__2023-05-02T00:00:00+00:00 [queued]>
[2023-05-04 05:11:32,019] {taskinstance.py:1356} INFO - 
--------------------------------------------------------------------------------
[2023-05-04 05:11:32,025] {taskinstance.py:1357} INFO - Starting attempt 1 of 6
[2023-05-04 05:11:32,026] {taskinstance.py:1358} INFO - 
--------------------------------------------------------------------------------
[2023-05-04 05:11:33,248] {taskinstance.py:1377} INFO - Executing <Task(_PythonDecoratedOperator): extract_from_s3> on 2023-05-02 00:00:00+00:00
[2023-05-04 05:11:33,326] {standard_task_runner.py:52} INFO - Started process 787 to run task
[2023-05-04 05:11:33,477] {standard_task_runner.py:79} INFO - Running: ['***', 'tasks', 'run', 'dag_etl', 'extract_from_s3', 'scheduled__2023-05-02T00:00:00+00:00', '--job-id', '935', '--raw', '--subdir', 'DAGS_FOLDER/dag_etl_taskflow.py', '--cfg-path', '/tmp/tmpz1cydy36', '--error-file', '/tmp/tmpyva51shs']
[2023-05-04 05:11:33,538] {standard_task_runner.py:80} INFO - Job 935: Subtask extract_from_s3
[2023-05-04 05:11:37,084] {task_command.py:370} INFO - Running <TaskInstance: dag_etl.extract_from_s3 scheduled__2023-05-02T00:00:00+00:00 [running]> on host 295d97741f96
[2023-05-04 05:11:50,565] {taskinstance.py:1571} INFO - Exporting the following env vars:
AIRFLOW_CTX_DAG_OWNER=Victor
AIRFLOW_CTX_DAG_ID=dag_etl
AIRFLOW_CTX_TASK_ID=extract_from_s3
AIRFLOW_CTX_EXECUTION_DATE=2023-05-02T00:00:00+00:00
AIRFLOW_CTX_TRY_NUMBER=1
AIRFLOW_CTX_DAG_RUN_ID=scheduled__2023-05-02T00:00:00+00:00
[2023-05-04 05:11:50,575] {s3.py:861} INFO - Downloading source S3 file from Bucket raw with path supermarket_sales.csv
[2023-05-04 05:11:50,900] {base.py:68} INFO - Using connection ID 'minio_conn' for task execution.
[2023-05-04 05:11:50,941] {base_aws.py:206} INFO - Credentials retrieved from login
[2023-05-04 05:11:59,877] {python.py:173} INFO - Done. Returned value was: /opt/***/data/***_tmp_9zxdxf12
[2023-05-04 05:12:01,387] {taskinstance.py:1400} INFO - Marking task as SUCCESS. dag_id=dag_etl, task_id=extract_from_s3, execution_date=20230502T000000, start_date=20230504T051131, end_date=20230504T051201
[2023-05-04 05:12:02,055] {local_task_job.py:156} INFO - Task exited with return code 0
[2023-05-04 05:12:05,916] {local_task_job.py:273} INFO - 0 downstream tasks scheduled from follow-on schedule check
