[2023-04-30 08:59:33,079] {taskinstance.py:1159} INFO - Dependencies all met for <TaskInstance: dag_etl.sensor_s3_obj manual__2023-04-30T08:59:26.372167+00:00 [queued]>
[2023-04-30 08:59:33,153] {taskinstance.py:1159} INFO - Dependencies all met for <TaskInstance: dag_etl.sensor_s3_obj manual__2023-04-30T08:59:26.372167+00:00 [queued]>
[2023-04-30 08:59:33,155] {taskinstance.py:1356} INFO - 
--------------------------------------------------------------------------------
[2023-04-30 08:59:33,156] {taskinstance.py:1357} INFO - Starting attempt 1 of 6
[2023-04-30 08:59:33,157] {taskinstance.py:1358} INFO - 
--------------------------------------------------------------------------------
[2023-04-30 08:59:33,316] {taskinstance.py:1377} INFO - Executing <Task(S3KeySensor): sensor_s3_obj> on 2023-04-30 08:59:26.372167+00:00
[2023-04-30 08:59:33,327] {standard_task_runner.py:52} INFO - Started process 399 to run task
[2023-04-30 08:59:33,336] {standard_task_runner.py:79} INFO - Running: ['***', 'tasks', 'run', 'dag_etl', 'sensor_s3_obj', 'manual__2023-04-30T08:59:26.372167+00:00', '--job-id', '168', '--raw', '--subdir', 'DAGS_FOLDER/dag_etl_taskflow.py', '--cfg-path', '/tmp/tmp3lvwjk7s', '--error-file', '/tmp/tmp34auk12d']
[2023-04-30 08:59:33,339] {standard_task_runner.py:80} INFO - Job 168: Subtask sensor_s3_obj
[2023-04-30 08:59:33,862] {task_command.py:370} INFO - Running <TaskInstance: dag_etl.sensor_s3_obj manual__2023-04-30T08:59:26.372167+00:00 [running]> on host 295d97741f96
[2023-04-30 08:59:34,979] {taskinstance.py:1571} INFO - Exporting the following env vars:
AIRFLOW_CTX_DAG_OWNER=Victor
AIRFLOW_CTX_DAG_ID=dag_etl
AIRFLOW_CTX_TASK_ID=sensor_s3_obj
AIRFLOW_CTX_EXECUTION_DATE=2023-04-30T08:59:26.372167+00:00
AIRFLOW_CTX_TRY_NUMBER=1
AIRFLOW_CTX_DAG_RUN_ID=manual__2023-04-30T08:59:26.372167+00:00
[2023-04-30 08:59:34,986] {s3.py:104} INFO - Poking for key : s3://raw/supermarket_sales.csv
[2023-04-30 08:59:35,101] {base.py:68} INFO - Using connection ID 'minio_conn' for task execution.
[2023-04-30 08:59:35,111] {base_aws.py:206} INFO - Credentials retrieved from login
[2023-04-30 08:59:35,587] {base.py:301} INFO - Success criteria met. Exiting.
[2023-04-30 08:59:36,050] {taskinstance.py:1400} INFO - Marking task as SUCCESS. dag_id=dag_etl, task_id=sensor_s3_obj, execution_date=20230430T085926, start_date=20230430T085933, end_date=20230430T085936
[2023-04-30 08:59:36,276] {local_task_job.py:156} INFO - Task exited with return code 0
[2023-04-30 08:59:37,852] {local_task_job.py:273} INFO - 2 downstream tasks scheduled from follow-on schedule check
