[2023-04-30 07:04:39,452] {taskinstance.py:1159} INFO - Dependencies all met for <TaskInstance: dag_etl.dim_date scheduled__2023-04-29T00:00:00+00:00 [queued]>
[2023-04-30 07:04:40,358] {taskinstance.py:1159} INFO - Dependencies all met for <TaskInstance: dag_etl.dim_date scheduled__2023-04-29T00:00:00+00:00 [queued]>
[2023-04-30 07:04:40,399] {taskinstance.py:1356} INFO - 
--------------------------------------------------------------------------------
[2023-04-30 07:04:40,401] {taskinstance.py:1357} INFO - Starting attempt 1 of 6
[2023-04-30 07:04:40,428] {taskinstance.py:1358} INFO - 
--------------------------------------------------------------------------------
[2023-04-30 07:04:41,588] {taskinstance.py:1377} INFO - Executing <Task(_PythonDecoratedOperator): dim_date> on 2023-04-29 00:00:00+00:00
[2023-04-30 07:04:41,670] {standard_task_runner.py:52} INFO - Started process 1138 to run task
[2023-04-30 07:04:41,840] {standard_task_runner.py:79} INFO - Running: ['***', 'tasks', 'run', 'dag_etl', 'dim_date', 'scheduled__2023-04-29T00:00:00+00:00', '--job-id', '83', '--raw', '--subdir', 'DAGS_FOLDER/dag_etl_taskflow.py', '--cfg-path', '/tmp/tmpc4opyb4e', '--error-file', '/tmp/tmpk20brfrv']
[2023-04-30 07:04:41,989] {standard_task_runner.py:80} INFO - Job 83: Subtask dim_date
[2023-04-30 07:04:45,836] {task_command.py:370} INFO - Running <TaskInstance: dag_etl.dim_date scheduled__2023-04-29T00:00:00+00:00 [running]> on host 295d97741f96
[2023-04-30 07:04:53,478] {taskinstance.py:1571} INFO - Exporting the following env vars:
AIRFLOW_CTX_DAG_OWNER=Victor
AIRFLOW_CTX_DAG_ID=dag_etl
AIRFLOW_CTX_TASK_ID=dim_date
AIRFLOW_CTX_EXECUTION_DATE=2023-04-29T00:00:00+00:00
AIRFLOW_CTX_TRY_NUMBER=1
AIRFLOW_CTX_DAG_RUN_ID=scheduled__2023-04-29T00:00:00+00:00
[2023-04-30 07:05:26,229] {base.py:68} INFO - Using connection ID 'postgres_conn' for task execution.
[2023-04-30 07:05:56,510] {python.py:173} INFO - Done. Returned value was: None
[2023-04-30 07:05:56,640] {taskinstance.py:1400} INFO - Marking task as SUCCESS. dag_id=dag_etl, task_id=dim_date, execution_date=20230429T000000, start_date=20230430T070439, end_date=20230430T070556
[2023-04-30 07:05:56,780] {local_task_job.py:156} INFO - Task exited with return code 0
[2023-04-30 07:05:57,088] {local_task_job.py:273} INFO - 0 downstream tasks scheduled from follow-on schedule check
[2023-04-30 12:00:01,150] {taskinstance.py:1159} INFO - Dependencies all met for <TaskInstance: dag_etl.dim_date scheduled__2023-04-29T00:00:00+00:00 [queued]>
[2023-04-30 12:00:01,657] {taskinstance.py:1159} INFO - Dependencies all met for <TaskInstance: dag_etl.dim_date scheduled__2023-04-29T00:00:00+00:00 [queued]>
[2023-04-30 12:00:01,663] {taskinstance.py:1356} INFO - 
--------------------------------------------------------------------------------
[2023-04-30 12:00:01,684] {taskinstance.py:1357} INFO - Starting attempt 1 of 6
[2023-04-30 12:00:01,688] {taskinstance.py:1358} INFO - 
--------------------------------------------------------------------------------
[2023-04-30 12:00:02,312] {taskinstance.py:1377} INFO - Executing <Task(_PythonDecoratedOperator): dim_date> on 2023-04-29 00:00:00+00:00
[2023-04-30 12:00:02,368] {standard_task_runner.py:52} INFO - Started process 631 to run task
[2023-04-30 12:00:02,434] {standard_task_runner.py:79} INFO - Running: ['***', 'tasks', 'run', 'dag_etl', 'dim_date', 'scheduled__2023-04-29T00:00:00+00:00', '--job-id', '255', '--raw', '--subdir', 'DAGS_FOLDER/dag_etl_taskflow.py', '--cfg-path', '/tmp/tmpwp_bo3tx', '--error-file', '/tmp/tmpu1syk4wt']
[2023-04-30 12:00:02,447] {standard_task_runner.py:80} INFO - Job 255: Subtask dim_date
[2023-04-30 12:00:04,515] {task_command.py:370} INFO - Running <TaskInstance: dag_etl.dim_date scheduled__2023-04-29T00:00:00+00:00 [running]> on host 295d97741f96
[2023-04-30 12:00:10,349] {taskinstance.py:1571} INFO - Exporting the following env vars:
AIRFLOW_CTX_DAG_OWNER=Victor
AIRFLOW_CTX_DAG_ID=dag_etl
AIRFLOW_CTX_TASK_ID=dim_date
AIRFLOW_CTX_EXECUTION_DATE=2023-04-29T00:00:00+00:00
AIRFLOW_CTX_TRY_NUMBER=1
AIRFLOW_CTX_DAG_RUN_ID=scheduled__2023-04-29T00:00:00+00:00
[2023-04-30 12:01:09,031] {base.py:68} INFO - Using connection ID 'postgres_conn' for task execution.
[2023-04-30 12:02:35,248] {python.py:173} INFO - Done. Returned value was: None
[2023-04-30 12:02:36,000] {taskinstance.py:1400} INFO - Marking task as SUCCESS. dag_id=dag_etl, task_id=dim_date, execution_date=20230429T000000, start_date=20230430T120001, end_date=20230430T120235
[2023-04-30 12:02:36,565] {local_task_job.py:156} INFO - Task exited with return code 0
[2023-04-30 12:02:37,040] {local_task_job.py:273} INFO - 0 downstream tasks scheduled from follow-on schedule check
