[2023-05-05 07:25:10,784] {taskinstance.py:1159} INFO - Dependencies all met for <TaskInstance: dag_etl.rename_extracted_file manual__2023-05-05T07:24:48.889079+00:00 [queued]>
[2023-05-05 07:25:10,851] {taskinstance.py:1159} INFO - Dependencies all met for <TaskInstance: dag_etl.rename_extracted_file manual__2023-05-05T07:24:48.889079+00:00 [queued]>
[2023-05-05 07:25:10,853] {taskinstance.py:1356} INFO - 
--------------------------------------------------------------------------------
[2023-05-05 07:25:10,854] {taskinstance.py:1357} INFO - Starting attempt 1 of 6
[2023-05-05 07:25:10,855] {taskinstance.py:1358} INFO - 
--------------------------------------------------------------------------------
[2023-05-05 07:25:10,973] {taskinstance.py:1377} INFO - Executing <Task(_PythonDecoratedOperator): rename_extracted_file> on 2023-05-05 07:24:48.889079+00:00
[2023-05-05 07:25:10,983] {standard_task_runner.py:52} INFO - Started process 669 to run task
[2023-05-05 07:25:10,999] {standard_task_runner.py:79} INFO - Running: ['***', 'tasks', 'run', 'dag_etl', 'rename_extracted_file', 'manual__2023-05-05T07:24:48.889079+00:00', '--job-id', '1045', '--raw', '--subdir', 'DAGS_FOLDER/dag_etl_taskflow.py', '--cfg-path', '/tmp/tmplf5_cepr', '--error-file', '/tmp/tmpmyjtzuu3']
[2023-05-05 07:25:11,002] {standard_task_runner.py:80} INFO - Job 1045: Subtask rename_extracted_file
[2023-05-05 07:25:11,395] {task_command.py:370} INFO - Running <TaskInstance: dag_etl.rename_extracted_file manual__2023-05-05T07:24:48.889079+00:00 [running]> on host 295d97741f96
[2023-05-05 07:25:12,139] {taskinstance.py:1571} INFO - Exporting the following env vars:
AIRFLOW_CTX_DAG_OWNER=Victor
AIRFLOW_CTX_DAG_ID=dag_etl
AIRFLOW_CTX_TASK_ID=rename_extracted_file
AIRFLOW_CTX_EXECUTION_DATE=2023-05-05T07:24:48.889079+00:00
AIRFLOW_CTX_TRY_NUMBER=1
AIRFLOW_CTX_DAG_RUN_ID=manual__2023-05-05T07:24:48.889079+00:00
[2023-05-05 07:25:12,149] {python.py:173} INFO - Done. Returned value was: /opt/***/data
[2023-05-05 07:25:12,387] {taskinstance.py:1400} INFO - Marking task as SUCCESS. dag_id=dag_etl, task_id=rename_extracted_file, execution_date=20230505T072448, start_date=20230505T072510, end_date=20230505T072512
[2023-05-05 07:25:12,490] {local_task_job.py:156} INFO - Task exited with return code 0
[2023-05-05 07:25:12,863] {local_task_job.py:273} INFO - 7 downstream tasks scheduled from follow-on schedule check
