[2023-05-02 15:35:32,261] {taskinstance.py:1159} INFO - Dependencies all met for <TaskInstance: dag_etl_date.delete_s3_obj manual__2023-05-02T15:34:57.018665+00:00 [queued]>
[2023-05-02 15:35:32,500] {taskinstance.py:1159} INFO - Dependencies all met for <TaskInstance: dag_etl_date.delete_s3_obj manual__2023-05-02T15:34:57.018665+00:00 [queued]>
[2023-05-02 15:35:32,501] {taskinstance.py:1356} INFO - 
--------------------------------------------------------------------------------
[2023-05-02 15:35:32,502] {taskinstance.py:1357} INFO - Starting attempt 1 of 6
[2023-05-02 15:35:32,503] {taskinstance.py:1358} INFO - 
--------------------------------------------------------------------------------
[2023-05-02 15:35:32,810] {taskinstance.py:1377} INFO - Executing <Task(S3DeleteObjectsOperator): delete_s3_obj> on 2023-05-02 15:34:57.018665+00:00
[2023-05-02 15:35:32,836] {standard_task_runner.py:52} INFO - Started process 930 to run task
[2023-05-02 15:35:32,907] {standard_task_runner.py:79} INFO - Running: ['***', 'tasks', 'run', 'dag_etl_date', 'delete_s3_obj', 'manual__2023-05-02T15:34:57.018665+00:00', '--job-id', '742', '--raw', '--subdir', 'DAGS_FOLDER/dag_etl_taskflow_date.py', '--cfg-path', '/tmp/tmpjy36psva', '--error-file', '/tmp/tmp528ann3n']
[2023-05-02 15:35:32,926] {standard_task_runner.py:80} INFO - Job 742: Subtask delete_s3_obj
[2023-05-02 15:35:34,046] {task_command.py:370} INFO - Running <TaskInstance: dag_etl_date.delete_s3_obj manual__2023-05-02T15:34:57.018665+00:00 [running]> on host 295d97741f96
[2023-05-02 15:35:36,457] {taskinstance.py:1571} INFO - Exporting the following env vars:
AIRFLOW_CTX_DAG_OWNER=Victor
AIRFLOW_CTX_DAG_ID=dag_etl_date
AIRFLOW_CTX_TASK_ID=delete_s3_obj
AIRFLOW_CTX_EXECUTION_DATE=2023-05-02T15:34:57.018665+00:00
AIRFLOW_CTX_TRY_NUMBER=1
AIRFLOW_CTX_DAG_RUN_ID=manual__2023-05-02T15:34:57.018665+00:00
[2023-05-02 15:35:36,859] {base.py:68} INFO - Using connection ID 'minio_conn' for task execution.
[2023-05-02 15:35:36,868] {base_aws.py:206} INFO - Credentials retrieved from login
[2023-05-02 15:35:38,931] {s3.py:841} INFO - Deleted: ['supermarket_sales.csv']
[2023-05-02 15:35:39,731] {taskinstance.py:1400} INFO - Marking task as SUCCESS. dag_id=dag_etl_date, task_id=delete_s3_obj, execution_date=20230502T153457, start_date=20230502T153532, end_date=20230502T153539
[2023-05-02 15:35:39,948] {local_task_job.py:156} INFO - Task exited with return code 0
[2023-05-02 15:35:40,414] {local_task_job.py:273} INFO - 0 downstream tasks scheduled from follow-on schedule check
