[2023-05-02 15:32:28,666] {taskinstance.py:1159} INFO - Dependencies all met for <TaskInstance: dag_etl_date.rename_extracted_file manual__2023-05-02T15:32:12.652181+00:00 [queued]>
[2023-05-02 15:32:28,719] {taskinstance.py:1159} INFO - Dependencies all met for <TaskInstance: dag_etl_date.rename_extracted_file manual__2023-05-02T15:32:12.652181+00:00 [queued]>
[2023-05-02 15:32:28,720] {taskinstance.py:1356} INFO - 
--------------------------------------------------------------------------------
[2023-05-02 15:32:28,721] {taskinstance.py:1357} INFO - Starting attempt 1 of 6
[2023-05-02 15:32:28,722] {taskinstance.py:1358} INFO - 
--------------------------------------------------------------------------------
[2023-05-02 15:32:28,815] {taskinstance.py:1377} INFO - Executing <Task(_PythonDecoratedOperator): rename_extracted_file> on 2023-05-02 15:32:12.652181+00:00
[2023-05-02 15:32:28,825] {standard_task_runner.py:52} INFO - Started process 569 to run task
[2023-05-02 15:32:28,834] {standard_task_runner.py:79} INFO - Running: ['***', 'tasks', 'run', 'dag_etl_date', 'rename_extracted_file', 'manual__2023-05-02T15:32:12.652181+00:00', '--job-id', '720', '--raw', '--subdir', 'DAGS_FOLDER/dag_etl_taskflow_date.py', '--cfg-path', '/tmp/tmp1ktdckxm', '--error-file', '/tmp/tmp8xbeycnq']
[2023-05-02 15:32:28,837] {standard_task_runner.py:80} INFO - Job 720: Subtask rename_extracted_file
[2023-05-02 15:32:29,194] {task_command.py:370} INFO - Running <TaskInstance: dag_etl_date.rename_extracted_file manual__2023-05-02T15:32:12.652181+00:00 [running]> on host 295d97741f96
[2023-05-02 15:32:29,899] {taskinstance.py:1571} INFO - Exporting the following env vars:
AIRFLOW_CTX_DAG_OWNER=Victor
AIRFLOW_CTX_DAG_ID=dag_etl_date
AIRFLOW_CTX_TASK_ID=rename_extracted_file
AIRFLOW_CTX_EXECUTION_DATE=2023-05-02T15:32:12.652181+00:00
AIRFLOW_CTX_TRY_NUMBER=1
AIRFLOW_CTX_DAG_RUN_ID=manual__2023-05-02T15:32:12.652181+00:00
[2023-05-02 15:32:29,906] {python.py:173} INFO - Done. Returned value was: /opt/***/data
[2023-05-02 15:32:30,151] {taskinstance.py:1400} INFO - Marking task as SUCCESS. dag_id=dag_etl_date, task_id=rename_extracted_file, execution_date=20230502T153212, start_date=20230502T153228, end_date=20230502T153230
[2023-05-02 15:32:30,255] {local_task_job.py:156} INFO - Task exited with return code 0
[2023-05-02 15:32:30,815] {local_task_job.py:273} INFO - 0 downstream tasks scheduled from follow-on schedule check
