[2023-05-02 15:31:20,803] {taskinstance.py:1159} INFO - Dependencies all met for <TaskInstance: dag_etl_date.dim_payment manual__2023-05-02T15:30:45.232220+00:00 [queued]>
[2023-05-02 15:31:20,896] {taskinstance.py:1159} INFO - Dependencies all met for <TaskInstance: dag_etl_date.dim_payment manual__2023-05-02T15:30:45.232220+00:00 [queued]>
[2023-05-02 15:31:20,898] {taskinstance.py:1356} INFO - 
--------------------------------------------------------------------------------
[2023-05-02 15:31:20,899] {taskinstance.py:1357} INFO - Starting attempt 1 of 6
[2023-05-02 15:31:20,899] {taskinstance.py:1358} INFO - 
--------------------------------------------------------------------------------
[2023-05-02 15:31:21,123] {taskinstance.py:1377} INFO - Executing <Task(_PythonDecoratedOperator): dim_payment> on 2023-05-02 15:30:45.232220+00:00
[2023-05-02 15:31:21,134] {standard_task_runner.py:52} INFO - Started process 438 to run task
[2023-05-02 15:31:21,145] {standard_task_runner.py:79} INFO - Running: ['***', 'tasks', 'run', 'dag_etl_date', 'dim_payment', 'manual__2023-05-02T15:30:45.232220+00:00', '--job-id', '709', '--raw', '--subdir', 'DAGS_FOLDER/dag_etl_taskflow_date.py', '--cfg-path', '/tmp/tmpku7uqi2m', '--error-file', '/tmp/tmp5dgvs69i']
[2023-05-02 15:31:21,148] {standard_task_runner.py:80} INFO - Job 709: Subtask dim_payment
[2023-05-02 15:31:21,699] {task_command.py:370} INFO - Running <TaskInstance: dag_etl_date.dim_payment manual__2023-05-02T15:30:45.232220+00:00 [running]> on host 295d97741f96
[2023-05-02 15:31:23,858] {taskinstance.py:1571} INFO - Exporting the following env vars:
AIRFLOW_CTX_DAG_OWNER=Victor
AIRFLOW_CTX_DAG_ID=dag_etl_date
AIRFLOW_CTX_TASK_ID=dim_payment
AIRFLOW_CTX_EXECUTION_DATE=2023-05-02T15:30:45.232220+00:00
AIRFLOW_CTX_TRY_NUMBER=1
AIRFLOW_CTX_DAG_RUN_ID=manual__2023-05-02T15:30:45.232220+00:00
[2023-05-02 15:31:24,631] {base.py:68} INFO - Using connection ID 'postgres_conn' for task execution.
[2023-05-02 15:31:25,471] {python.py:173} INFO - Done. Returned value was: None
[2023-05-02 15:31:26,437] {taskinstance.py:1400} INFO - Marking task as SUCCESS. dag_id=dag_etl_date, task_id=dim_payment, execution_date=20230502T153045, start_date=20230502T153120, end_date=20230502T153126
[2023-05-02 15:31:27,436] {local_task_job.py:156} INFO - Task exited with return code 0
[2023-05-02 15:31:29,229] {local_task_job.py:273} INFO - 0 downstream tasks scheduled from follow-on schedule check
