[2023-05-02 10:33:34,335] {taskinstance.py:1159} INFO - Dependencies all met for <TaskInstance: dag_etl.dim_city manual__2023-04-30T15:48:08.925128+00:00 [queued]>
[2023-05-02 10:33:34,833] {taskinstance.py:1159} INFO - Dependencies all met for <TaskInstance: dag_etl.dim_city manual__2023-04-30T15:48:08.925128+00:00 [queued]>
[2023-05-02 10:33:34,839] {taskinstance.py:1356} INFO - 
--------------------------------------------------------------------------------
[2023-05-02 10:33:34,852] {taskinstance.py:1357} INFO - Starting attempt 1 of 6
[2023-05-02 10:33:34,880] {taskinstance.py:1358} INFO - 
--------------------------------------------------------------------------------
[2023-05-02 10:33:36,479] {taskinstance.py:1377} INFO - Executing <Task(_PythonDecoratedOperator): dim_city> on 2023-04-30 15:48:08.925128+00:00
[2023-05-02 10:33:36,596] {standard_task_runner.py:52} INFO - Started process 567 to run task
[2023-05-02 10:33:36,670] {standard_task_runner.py:79} INFO - Running: ['***', 'tasks', 'run', 'dag_etl', 'dim_city', 'manual__2023-04-30T15:48:08.925128+00:00', '--job-id', '399', '--raw', '--subdir', 'DAGS_FOLDER/dag_etl_taskflow.py', '--cfg-path', '/tmp/tmper5fl7ie', '--error-file', '/tmp/tmp2ljqj51n']
[2023-05-02 10:33:36,676] {standard_task_runner.py:80} INFO - Job 399: Subtask dim_city
[2023-05-02 10:33:39,227] {task_command.py:370} INFO - Running <TaskInstance: dag_etl.dim_city manual__2023-04-30T15:48:08.925128+00:00 [running]> on host 295d97741f96
[2023-05-02 10:33:50,280] {taskinstance.py:1571} INFO - Exporting the following env vars:
AIRFLOW_CTX_DAG_OWNER=Victor
AIRFLOW_CTX_DAG_ID=dag_etl
AIRFLOW_CTX_TASK_ID=dim_city
AIRFLOW_CTX_EXECUTION_DATE=2023-04-30T15:48:08.925128+00:00
AIRFLOW_CTX_TRY_NUMBER=1
AIRFLOW_CTX_DAG_RUN_ID=manual__2023-04-30T15:48:08.925128+00:00
[2023-05-02 10:33:53,884] {base.py:68} INFO - Using connection ID 'postgres_conn' for task execution.
[2023-05-02 10:33:55,601] {python.py:173} INFO - Done. Returned value was: None
[2023-05-02 10:33:56,964] {taskinstance.py:1400} INFO - Marking task as SUCCESS. dag_id=dag_etl, task_id=dim_city, execution_date=20230430T154808, start_date=20230502T103334, end_date=20230502T103356
[2023-05-02 10:33:57,833] {local_task_job.py:156} INFO - Task exited with return code 0
[2023-05-02 10:34:01,267] {local_task_job.py:273} INFO - 0 downstream tasks scheduled from follow-on schedule check
