[2023-05-05 07:25:31,853] {taskinstance.py:1159} INFO - Dependencies all met for <TaskInstance: dag_etl.dim_product_line manual__2023-05-05T07:24:48.889079+00:00 [queued]>
[2023-05-05 07:25:32,210] {taskinstance.py:1159} INFO - Dependencies all met for <TaskInstance: dag_etl.dim_product_line manual__2023-05-05T07:24:48.889079+00:00 [queued]>
[2023-05-05 07:25:32,212] {taskinstance.py:1356} INFO - 
--------------------------------------------------------------------------------
[2023-05-05 07:25:32,216] {taskinstance.py:1357} INFO - Starting attempt 1 of 6
[2023-05-05 07:25:32,217] {taskinstance.py:1358} INFO - 
--------------------------------------------------------------------------------
[2023-05-05 07:25:32,603] {taskinstance.py:1377} INFO - Executing <Task(_PythonDecoratedOperator): dim_product_line> on 2023-05-05 07:24:48.889079+00:00
[2023-05-05 07:25:32,656] {standard_task_runner.py:52} INFO - Started process 721 to run task
[2023-05-05 07:25:32,704] {standard_task_runner.py:79} INFO - Running: ['***', 'tasks', 'run', 'dag_etl', 'dim_product_line', 'manual__2023-05-05T07:24:48.889079+00:00', '--job-id', '1052', '--raw', '--subdir', 'DAGS_FOLDER/dag_etl_taskflow.py', '--cfg-path', '/tmp/tmp8bqe0f4b', '--error-file', '/tmp/tmppze9__hp']
[2023-05-05 07:25:32,716] {standard_task_runner.py:80} INFO - Job 1052: Subtask dim_product_line
[2023-05-05 07:25:34,103] {task_command.py:370} INFO - Running <TaskInstance: dag_etl.dim_product_line manual__2023-05-05T07:24:48.889079+00:00 [running]> on host 295d97741f96
[2023-05-05 07:25:38,050] {taskinstance.py:1571} INFO - Exporting the following env vars:
AIRFLOW_CTX_DAG_OWNER=Victor
AIRFLOW_CTX_DAG_ID=dag_etl
AIRFLOW_CTX_TASK_ID=dim_product_line
AIRFLOW_CTX_EXECUTION_DATE=2023-05-05T07:24:48.889079+00:00
AIRFLOW_CTX_TRY_NUMBER=1
AIRFLOW_CTX_DAG_RUN_ID=manual__2023-05-05T07:24:48.889079+00:00
[2023-05-05 07:25:38,639] {base.py:68} INFO - Using connection ID 'postgres_conn' for task execution.
[2023-05-05 07:25:39,232] {python.py:173} INFO - Done. Returned value was: None
[2023-05-05 07:25:39,601] {taskinstance.py:1400} INFO - Marking task as SUCCESS. dag_id=dag_etl, task_id=dim_product_line, execution_date=20230505T072448, start_date=20230505T072531, end_date=20230505T072539
[2023-05-05 07:25:39,759] {local_task_job.py:156} INFO - Task exited with return code 0
[2023-05-05 07:25:40,212] {local_task_job.py:273} INFO - 0 downstream tasks scheduled from follow-on schedule check
