[2023-04-30 07:03:29,140] {taskinstance.py:1159} INFO - Dependencies all met for <TaskInstance: dag_etl.dim_gender manual__2023-04-30T07:01:56.678142+00:00 [queued]>
[2023-04-30 07:03:29,743] {taskinstance.py:1159} INFO - Dependencies all met for <TaskInstance: dag_etl.dim_gender manual__2023-04-30T07:01:56.678142+00:00 [queued]>
[2023-04-30 07:03:29,750] {taskinstance.py:1356} INFO - 
--------------------------------------------------------------------------------
[2023-04-30 07:03:29,763] {taskinstance.py:1357} INFO - Starting attempt 1 of 6
[2023-04-30 07:03:29,764] {taskinstance.py:1358} INFO - 
--------------------------------------------------------------------------------
[2023-04-30 07:03:30,823] {taskinstance.py:1377} INFO - Executing <Task(_PythonDecoratedOperator): dim_gender> on 2023-04-30 07:01:56.678142+00:00
[2023-04-30 07:03:30,999] {standard_task_runner.py:52} INFO - Started process 985 to run task
[2023-04-30 07:03:31,161] {standard_task_runner.py:79} INFO - Running: ['***', 'tasks', 'run', 'dag_etl', 'dim_gender', 'manual__2023-04-30T07:01:56.678142+00:00', '--job-id', '62', '--raw', '--subdir', 'DAGS_FOLDER/dag_etl_taskflow.py', '--cfg-path', '/tmp/tmp32y74yx3', '--error-file', '/tmp/tmp6t_93a_0']
[2023-04-30 07:03:31,208] {standard_task_runner.py:80} INFO - Job 62: Subtask dim_gender
[2023-04-30 07:03:33,026] {task_command.py:370} INFO - Running <TaskInstance: dag_etl.dim_gender manual__2023-04-30T07:01:56.678142+00:00 [running]> on host 295d97741f96
[2023-04-30 07:03:37,699] {taskinstance.py:1571} INFO - Exporting the following env vars:
AIRFLOW_CTX_DAG_OWNER=Victor
AIRFLOW_CTX_DAG_ID=dag_etl
AIRFLOW_CTX_TASK_ID=dim_gender
AIRFLOW_CTX_EXECUTION_DATE=2023-04-30T07:01:56.678142+00:00
AIRFLOW_CTX_TRY_NUMBER=1
AIRFLOW_CTX_DAG_RUN_ID=manual__2023-04-30T07:01:56.678142+00:00
[2023-04-30 07:03:39,123] {base.py:68} INFO - Using connection ID 'postgres_conn' for task execution.
[2023-04-30 07:03:40,281] {python.py:173} INFO - Done. Returned value was: None
[2023-04-30 07:03:45,568] {taskinstance.py:1400} INFO - Marking task as SUCCESS. dag_id=dag_etl, task_id=dim_gender, execution_date=20230430T070156, start_date=20230430T070329, end_date=20230430T070345
[2023-04-30 07:03:47,010] {local_task_job.py:156} INFO - Task exited with return code 0
[2023-04-30 07:03:53,793] {local_task_job.py:273} INFO - 0 downstream tasks scheduled from follow-on schedule check
