[2023-05-03 18:32:32,702] {taskinstance.py:1159} INFO - Dependencies all met for <TaskInstance: dag_etl.sensor_s3_obj scheduled__2023-05-02T00:00:00+00:00 [queued]>
[2023-05-03 18:32:32,803] {taskinstance.py:1159} INFO - Dependencies all met for <TaskInstance: dag_etl.sensor_s3_obj scheduled__2023-05-02T00:00:00+00:00 [queued]>
[2023-05-03 18:32:32,804] {taskinstance.py:1356} INFO - 
--------------------------------------------------------------------------------
[2023-05-03 18:32:32,805] {taskinstance.py:1357} INFO - Starting attempt 1 of 6
[2023-05-03 18:32:32,806] {taskinstance.py:1358} INFO - 
--------------------------------------------------------------------------------
[2023-05-03 18:32:32,972] {taskinstance.py:1377} INFO - Executing <Task(S3KeySensor): sensor_s3_obj> on 2023-05-02 00:00:00+00:00
[2023-05-03 18:32:32,988] {standard_task_runner.py:52} INFO - Started process 297 to run task
[2023-05-03 18:32:33,024] {standard_task_runner.py:79} INFO - Running: ['***', 'tasks', 'run', 'dag_etl', 'sensor_s3_obj', 'scheduled__2023-05-02T00:00:00+00:00', '--job-id', '851', '--raw', '--subdir', 'DAGS_FOLDER/dag_etl_taskflow.py', '--cfg-path', '/tmp/tmp6nex0clh', '--error-file', '/tmp/tmpevvx7d3o']
[2023-05-03 18:32:33,038] {standard_task_runner.py:80} INFO - Job 851: Subtask sensor_s3_obj
[2023-05-03 18:32:34,036] {task_command.py:370} INFO - Running <TaskInstance: dag_etl.sensor_s3_obj scheduled__2023-05-02T00:00:00+00:00 [running]> on host 295d97741f96
[2023-05-03 18:32:35,672] {taskinstance.py:1571} INFO - Exporting the following env vars:
AIRFLOW_CTX_DAG_OWNER=Victor
AIRFLOW_CTX_DAG_ID=dag_etl
AIRFLOW_CTX_TASK_ID=sensor_s3_obj
AIRFLOW_CTX_EXECUTION_DATE=2023-05-02T00:00:00+00:00
AIRFLOW_CTX_TRY_NUMBER=1
AIRFLOW_CTX_DAG_RUN_ID=scheduled__2023-05-02T00:00:00+00:00
[2023-05-03 18:32:35,680] {s3.py:104} INFO - Poking for key : s3://raw/supermarket_sales.csv
[2023-05-03 18:32:35,904] {base.py:68} INFO - Using connection ID 'minio_conn' for task execution.
[2023-05-03 18:32:35,925] {base_aws.py:206} INFO - Credentials retrieved from login
[2023-05-03 18:32:41,946] {s3.py:104} INFO - Poking for key : s3://raw/supermarket_sales.csv
[2023-05-03 18:32:46,984] {s3.py:104} INFO - Poking for key : s3://raw/supermarket_sales.csv
[2023-05-03 18:32:52,007] {s3.py:104} INFO - Poking for key : s3://raw/supermarket_sales.csv
[2023-05-03 18:32:57,069] {s3.py:104} INFO - Poking for key : s3://raw/supermarket_sales.csv
[2023-05-03 18:33:02,097] {s3.py:104} INFO - Poking for key : s3://raw/supermarket_sales.csv
[2023-05-03 18:33:07,121] {s3.py:104} INFO - Poking for key : s3://raw/supermarket_sales.csv
[2023-05-03 18:33:07,149] {taskinstance.py:1889} ERROR - Task failed with exception
Traceback (most recent call last):
  File "/home/airflow/.local/lib/python3.7/site-packages/airflow/sensors/base.py", line 288, in execute
    raise AirflowSensorTimeout(f"Snap. Time is OUT. DAG id: {log_dag_id}")
airflow.exceptions.AirflowSensorTimeout: Snap. Time is OUT. DAG id: dag_etl
[2023-05-03 18:33:07,296] {taskinstance.py:1400} INFO - Immediate failure requested. Marking task as FAILED. dag_id=dag_etl, task_id=sensor_s3_obj, execution_date=20230502T000000, start_date=20230503T183232, end_date=20230503T183307
[2023-05-03 18:33:07,653] {standard_task_runner.py:97} ERROR - Failed to execute job 851 for task sensor_s3_obj (Snap. Time is OUT. DAG id: dag_etl; 297)
[2023-05-03 18:33:07,730] {local_task_job.py:156} INFO - Task exited with return code 1
[2023-05-03 18:33:08,701] {local_task_job.py:273} INFO - 0 downstream tasks scheduled from follow-on schedule check
[2023-05-04 05:10:28,221] {taskinstance.py:1159} INFO - Dependencies all met for <TaskInstance: dag_etl.sensor_s3_obj scheduled__2023-05-02T00:00:00+00:00 [queued]>
[2023-05-04 05:10:28,466] {taskinstance.py:1159} INFO - Dependencies all met for <TaskInstance: dag_etl.sensor_s3_obj scheduled__2023-05-02T00:00:00+00:00 [queued]>
[2023-05-04 05:10:28,467] {taskinstance.py:1356} INFO - 
--------------------------------------------------------------------------------
[2023-05-04 05:10:28,468] {taskinstance.py:1357} INFO - Starting attempt 1 of 6
[2023-05-04 05:10:28,469] {taskinstance.py:1358} INFO - 
--------------------------------------------------------------------------------
[2023-05-04 05:10:28,985] {taskinstance.py:1377} INFO - Executing <Task(S3KeySensor): sensor_s3_obj> on 2023-05-02 00:00:00+00:00
[2023-05-04 05:10:29,069] {standard_task_runner.py:52} INFO - Started process 644 to run task
[2023-05-04 05:10:29,167] {standard_task_runner.py:79} INFO - Running: ['***', 'tasks', 'run', 'dag_etl', 'sensor_s3_obj', 'scheduled__2023-05-02T00:00:00+00:00', '--job-id', '921', '--raw', '--subdir', 'DAGS_FOLDER/dag_etl_taskflow.py', '--cfg-path', '/tmp/tmplxbtjje_', '--error-file', '/tmp/tmp9di_2x_7']
[2023-05-04 05:10:29,200] {standard_task_runner.py:80} INFO - Job 921: Subtask sensor_s3_obj
[2023-05-04 05:10:30,979] {task_command.py:370} INFO - Running <TaskInstance: dag_etl.sensor_s3_obj scheduled__2023-05-02T00:00:00+00:00 [running]> on host 295d97741f96
[2023-05-04 05:10:34,404] {taskinstance.py:1571} INFO - Exporting the following env vars:
AIRFLOW_CTX_DAG_OWNER=Victor
AIRFLOW_CTX_DAG_ID=dag_etl
AIRFLOW_CTX_TASK_ID=sensor_s3_obj
AIRFLOW_CTX_EXECUTION_DATE=2023-05-02T00:00:00+00:00
AIRFLOW_CTX_TRY_NUMBER=1
AIRFLOW_CTX_DAG_RUN_ID=scheduled__2023-05-02T00:00:00+00:00
[2023-05-04 05:10:34,419] {s3.py:104} INFO - Poking for key : s3://raw/supermarket_sales.csv
[2023-05-04 05:10:35,116] {base.py:68} INFO - Using connection ID 'minio_conn' for task execution.
[2023-05-04 05:10:35,142] {base_aws.py:206} INFO - Credentials retrieved from login
[2023-05-04 05:10:42,267] {s3.py:104} INFO - Poking for key : s3://raw/supermarket_sales.csv
[2023-05-04 05:10:47,335] {s3.py:104} INFO - Poking for key : s3://raw/supermarket_sales.csv
[2023-05-04 05:10:47,399] {base.py:301} INFO - Success criteria met. Exiting.
[2023-05-04 05:10:49,403] {taskinstance.py:1400} INFO - Marking task as SUCCESS. dag_id=dag_etl, task_id=sensor_s3_obj, execution_date=20230502T000000, start_date=20230504T051028, end_date=20230504T051049
[2023-05-04 05:10:50,595] {local_task_job.py:156} INFO - Task exited with return code 0
[2023-05-04 05:10:54,052] {local_task_job.py:273} INFO - 0 downstream tasks scheduled from follow-on schedule check
