[2023-04-30 18:04:33,877] {taskinstance.py:1159} INFO - Dependencies all met for <TaskInstance: dag_etl.dim_gender manual__2023-04-30T18:03:01.890216+00:00 [queued]>
[2023-04-30 18:04:34,333] {taskinstance.py:1159} INFO - Dependencies all met for <TaskInstance: dag_etl.dim_gender manual__2023-04-30T18:03:01.890216+00:00 [queued]>
[2023-04-30 18:04:34,344] {taskinstance.py:1356} INFO - 
--------------------------------------------------------------------------------
[2023-04-30 18:04:34,357] {taskinstance.py:1357} INFO - Starting attempt 1 of 6
[2023-04-30 18:04:34,363] {taskinstance.py:1358} INFO - 
--------------------------------------------------------------------------------
[2023-04-30 18:04:35,046] {taskinstance.py:1377} INFO - Executing <Task(_PythonDecoratedOperator): dim_gender> on 2023-04-30 18:03:01.890216+00:00
[2023-04-30 18:04:35,148] {standard_task_runner.py:52} INFO - Started process 1555 to run task
[2023-04-30 18:04:35,214] {standard_task_runner.py:79} INFO - Running: ['***', 'tasks', 'run', 'dag_etl', 'dim_gender', 'manual__2023-04-30T18:03:01.890216+00:00', '--job-id', '359', '--raw', '--subdir', 'DAGS_FOLDER/dag_etl_taskflow.py', '--cfg-path', '/tmp/tmpbfxtg4_m', '--error-file', '/tmp/tmpq7uv3u5m']
[2023-04-30 18:04:35,228] {standard_task_runner.py:80} INFO - Job 359: Subtask dim_gender
[2023-04-30 18:04:37,632] {task_command.py:370} INFO - Running <TaskInstance: dag_etl.dim_gender manual__2023-04-30T18:03:01.890216+00:00 [running]> on host 295d97741f96
[2023-04-30 18:04:44,120] {taskinstance.py:1571} INFO - Exporting the following env vars:
AIRFLOW_CTX_DAG_OWNER=Victor
AIRFLOW_CTX_DAG_ID=dag_etl
AIRFLOW_CTX_TASK_ID=dim_gender
AIRFLOW_CTX_EXECUTION_DATE=2023-04-30T18:03:01.890216+00:00
AIRFLOW_CTX_TRY_NUMBER=1
AIRFLOW_CTX_DAG_RUN_ID=manual__2023-04-30T18:03:01.890216+00:00
[2023-04-30 18:04:45,919] {base.py:68} INFO - Using connection ID 'postgres_conn' for task execution.
[2023-04-30 18:04:47,421] {python.py:173} INFO - Done. Returned value was: None
[2023-04-30 18:04:49,021] {taskinstance.py:1400} INFO - Marking task as SUCCESS. dag_id=dag_etl, task_id=dim_gender, execution_date=20230430T180301, start_date=20230430T180433, end_date=20230430T180449
[2023-04-30 18:04:49,937] {local_task_job.py:221} WARNING - State of this instance has been externally set to success. Terminating instance.
