[2023-04-30 09:00:21,328] {taskinstance.py:1159} INFO - Dependencies all met for <TaskInstance: dag_etl.dim_city manual__2023-04-30T08:59:26.372167+00:00 [queued]>
[2023-04-30 09:00:21,852] {taskinstance.py:1159} INFO - Dependencies all met for <TaskInstance: dag_etl.dim_city manual__2023-04-30T08:59:26.372167+00:00 [queued]>
[2023-04-30 09:00:21,857] {taskinstance.py:1356} INFO - 
--------------------------------------------------------------------------------
[2023-04-30 09:00:21,894] {taskinstance.py:1357} INFO - Starting attempt 1 of 6
[2023-04-30 09:00:21,900] {taskinstance.py:1358} INFO - 
--------------------------------------------------------------------------------
[2023-04-30 09:00:23,193] {taskinstance.py:1377} INFO - Executing <Task(_PythonDecoratedOperator): dim_city> on 2023-04-30 08:59:26.372167+00:00
[2023-04-30 09:00:23,447] {standard_task_runner.py:52} INFO - Started process 507 to run task
[2023-04-30 09:00:23,559] {standard_task_runner.py:79} INFO - Running: ['***', 'tasks', 'run', 'dag_etl', 'dim_city', 'manual__2023-04-30T08:59:26.372167+00:00', '--job-id', '177', '--raw', '--subdir', 'DAGS_FOLDER/dag_etl_taskflow.py', '--cfg-path', '/tmp/tmp9f_c558d', '--error-file', '/tmp/tmptgq68skm']
[2023-04-30 09:00:23,592] {standard_task_runner.py:80} INFO - Job 177: Subtask dim_city
[2023-04-30 09:00:25,845] {task_command.py:370} INFO - Running <TaskInstance: dag_etl.dim_city manual__2023-04-30T08:59:26.372167+00:00 [running]> on host 295d97741f96
[2023-04-30 09:00:28,750] {taskinstance.py:1571} INFO - Exporting the following env vars:
AIRFLOW_CTX_DAG_OWNER=Victor
AIRFLOW_CTX_DAG_ID=dag_etl
AIRFLOW_CTX_TASK_ID=dim_city
AIRFLOW_CTX_EXECUTION_DATE=2023-04-30T08:59:26.372167+00:00
AIRFLOW_CTX_TRY_NUMBER=1
AIRFLOW_CTX_DAG_RUN_ID=manual__2023-04-30T08:59:26.372167+00:00
[2023-04-30 09:00:29,667] {base.py:68} INFO - Using connection ID 'postgres_conn' for task execution.
[2023-04-30 09:00:30,121] {python.py:173} INFO - Done. Returned value was: None
[2023-04-30 09:00:31,910] {taskinstance.py:1400} INFO - Marking task as SUCCESS. dag_id=dag_etl, task_id=dim_city, execution_date=20230430T085926, start_date=20230430T090021, end_date=20230430T090031
[2023-04-30 09:00:32,162] {local_task_job.py:156} INFO - Task exited with return code 0
[2023-04-30 09:00:34,164] {local_task_job.py:273} INFO - 0 downstream tasks scheduled from follow-on schedule check
