[2023-05-02 13:55:58,041] {taskinstance.py:1159} INFO - Dependencies all met for <TaskInstance: dag_etl.dim_branch manual__2023-05-02T13:55:16.904018+00:00 [queued]>
[2023-05-02 13:55:58,341] {taskinstance.py:1159} INFO - Dependencies all met for <TaskInstance: dag_etl.dim_branch manual__2023-05-02T13:55:16.904018+00:00 [queued]>
[2023-05-02 13:55:58,345] {taskinstance.py:1356} INFO - 
--------------------------------------------------------------------------------
[2023-05-02 13:55:58,350] {taskinstance.py:1357} INFO - Starting attempt 1 of 6
[2023-05-02 13:55:58,356] {taskinstance.py:1358} INFO - 
--------------------------------------------------------------------------------
[2023-05-02 13:55:58,730] {taskinstance.py:1377} INFO - Executing <Task(_PythonDecoratedOperator): dim_branch> on 2023-05-02 13:55:16.904018+00:00
[2023-05-02 13:55:58,784] {standard_task_runner.py:52} INFO - Started process 1602 to run task
[2023-05-02 13:55:58,875] {standard_task_runner.py:79} INFO - Running: ['***', 'tasks', 'run', 'dag_etl', 'dim_branch', 'manual__2023-05-02T13:55:16.904018+00:00', '--job-id', '607', '--raw', '--subdir', 'DAGS_FOLDER/dag_etl_taskflow.py', '--cfg-path', '/tmp/tmpjshvqkda', '--error-file', '/tmp/tmp7ne5zolp']
[2023-05-02 13:55:58,905] {standard_task_runner.py:80} INFO - Job 607: Subtask dim_branch
[2023-05-02 13:56:01,139] {task_command.py:370} INFO - Running <TaskInstance: dag_etl.dim_branch manual__2023-05-02T13:55:16.904018+00:00 [running]> on host 295d97741f96
[2023-05-02 13:56:04,518] {taskinstance.py:1571} INFO - Exporting the following env vars:
AIRFLOW_CTX_DAG_OWNER=Victor
AIRFLOW_CTX_DAG_ID=dag_etl
AIRFLOW_CTX_TASK_ID=dim_branch
AIRFLOW_CTX_EXECUTION_DATE=2023-05-02T13:55:16.904018+00:00
AIRFLOW_CTX_TRY_NUMBER=1
AIRFLOW_CTX_DAG_RUN_ID=manual__2023-05-02T13:55:16.904018+00:00
[2023-05-02 13:56:05,624] {base.py:68} INFO - Using connection ID 'postgres_conn' for task execution.
[2023-05-02 13:56:06,312] {python.py:173} INFO - Done. Returned value was: None
[2023-05-02 13:56:06,779] {taskinstance.py:1400} INFO - Marking task as SUCCESS. dag_id=dag_etl, task_id=dim_branch, execution_date=20230502T135516, start_date=20230502T135558, end_date=20230502T135606
[2023-05-02 13:56:06,991] {local_task_job.py:156} INFO - Task exited with return code 0
[2023-05-02 13:56:07,958] {local_task_job.py:273} INFO - 0 downstream tasks scheduled from follow-on schedule check
