[2023-04-30 09:03:57,636] {taskinstance.py:1159} INFO - Dependencies all met for <TaskInstance: dag_etl.delete_s3_obj manual__2023-04-30T09:03:00.358280+00:00 [queued]>
[2023-04-30 09:03:57,894] {taskinstance.py:1159} INFO - Dependencies all met for <TaskInstance: dag_etl.delete_s3_obj manual__2023-04-30T09:03:00.358280+00:00 [queued]>
[2023-04-30 09:03:57,896] {taskinstance.py:1356} INFO - 
--------------------------------------------------------------------------------
[2023-04-30 09:03:57,897] {taskinstance.py:1357} INFO - Starting attempt 1 of 6
[2023-04-30 09:03:57,898] {taskinstance.py:1358} INFO - 
--------------------------------------------------------------------------------
[2023-04-30 09:03:58,267] {taskinstance.py:1377} INFO - Executing <Task(S3DeleteObjectsOperator): delete_s3_obj> on 2023-04-30 09:03:00.358280+00:00
[2023-04-30 09:03:58,288] {standard_task_runner.py:52} INFO - Started process 892 to run task
[2023-04-30 09:03:58,377] {standard_task_runner.py:79} INFO - Running: ['***', 'tasks', 'run', 'dag_etl', 'delete_s3_obj', 'manual__2023-04-30T09:03:00.358280+00:00', '--job-id', '212', '--raw', '--subdir', 'DAGS_FOLDER/dag_etl_taskflow.py', '--cfg-path', '/tmp/tmp1159228t', '--error-file', '/tmp/tmprq3jerbt']
[2023-04-30 09:03:58,402] {standard_task_runner.py:80} INFO - Job 212: Subtask delete_s3_obj
[2023-04-30 09:04:00,687] {task_command.py:370} INFO - Running <TaskInstance: dag_etl.delete_s3_obj manual__2023-04-30T09:03:00.358280+00:00 [running]> on host 295d97741f96
[2023-04-30 09:04:05,374] {taskinstance.py:1571} INFO - Exporting the following env vars:
AIRFLOW_CTX_DAG_OWNER=Victor
AIRFLOW_CTX_DAG_ID=dag_etl
AIRFLOW_CTX_TASK_ID=delete_s3_obj
AIRFLOW_CTX_EXECUTION_DATE=2023-04-30T09:03:00.358280+00:00
AIRFLOW_CTX_TRY_NUMBER=1
AIRFLOW_CTX_DAG_RUN_ID=manual__2023-04-30T09:03:00.358280+00:00
[2023-04-30 09:04:05,982] {base.py:68} INFO - Using connection ID 'minio_conn' for task execution.
[2023-04-30 09:04:05,994] {base_aws.py:206} INFO - Credentials retrieved from login
[2023-04-30 09:04:08,157] {s3.py:841} INFO - Deleted: ['supermarket_sales.csv']
[2023-04-30 09:04:08,620] {taskinstance.py:1400} INFO - Marking task as SUCCESS. dag_id=dag_etl, task_id=delete_s3_obj, execution_date=20230430T090300, start_date=20230430T090357, end_date=20230430T090408
[2023-04-30 09:04:08,879] {local_task_job.py:156} INFO - Task exited with return code 0
[2023-04-30 09:04:09,396] {local_task_job.py:273} INFO - 0 downstream tasks scheduled from follow-on schedule check
