[2023-05-02 10:40:29,078] {taskinstance.py:1159} INFO - Dependencies all met for <TaskInstance: dag_etl.dim_gender manual__2023-05-02T10:39:49.817893+00:00 [queued]>
[2023-05-02 10:40:29,205] {taskinstance.py:1159} INFO - Dependencies all met for <TaskInstance: dag_etl.dim_gender manual__2023-05-02T10:39:49.817893+00:00 [queued]>
[2023-05-02 10:40:29,210] {taskinstance.py:1356} INFO - 
--------------------------------------------------------------------------------
[2023-05-02 10:40:29,211] {taskinstance.py:1357} INFO - Starting attempt 1 of 6
[2023-05-02 10:40:29,213] {taskinstance.py:1358} INFO - 
--------------------------------------------------------------------------------
[2023-05-02 10:40:29,456] {taskinstance.py:1377} INFO - Executing <Task(_PythonDecoratedOperator): dim_gender> on 2023-05-02 10:39:49.817893+00:00
[2023-05-02 10:40:29,497] {standard_task_runner.py:52} INFO - Started process 1323 to run task
[2023-05-02 10:40:29,561] {standard_task_runner.py:79} INFO - Running: ['***', 'tasks', 'run', 'dag_etl', 'dim_gender', 'manual__2023-05-02T10:39:49.817893+00:00', '--job-id', '457', '--raw', '--subdir', 'DAGS_FOLDER/dag_etl_taskflow.py', '--cfg-path', '/tmp/tmp5f8q3fsm', '--error-file', '/tmp/tmpejcz3phn']
[2023-05-02 10:40:29,607] {standard_task_runner.py:80} INFO - Job 457: Subtask dim_gender
[2023-05-02 10:40:30,510] {task_command.py:370} INFO - Running <TaskInstance: dag_etl.dim_gender manual__2023-05-02T10:39:49.817893+00:00 [running]> on host 295d97741f96
[2023-05-02 10:40:33,064] {taskinstance.py:1571} INFO - Exporting the following env vars:
AIRFLOW_CTX_DAG_OWNER=Victor
AIRFLOW_CTX_DAG_ID=dag_etl
AIRFLOW_CTX_TASK_ID=dim_gender
AIRFLOW_CTX_EXECUTION_DATE=2023-05-02T10:39:49.817893+00:00
AIRFLOW_CTX_TRY_NUMBER=1
AIRFLOW_CTX_DAG_RUN_ID=manual__2023-05-02T10:39:49.817893+00:00
[2023-05-02 10:40:33,951] {base.py:68} INFO - Using connection ID 'postgres_conn' for task execution.
[2023-05-02 10:40:35,621] {python.py:173} INFO - Done. Returned value was: None
[2023-05-02 10:40:36,435] {taskinstance.py:1400} INFO - Marking task as SUCCESS. dag_id=dag_etl, task_id=dim_gender, execution_date=20230502T103949, start_date=20230502T104029, end_date=20230502T104036
[2023-05-02 10:40:36,828] {local_task_job.py:156} INFO - Task exited with return code 0
[2023-05-02 10:40:38,178] {local_task_job.py:273} INFO - 0 downstream tasks scheduled from follow-on schedule check
