[2023-05-02 17:02:07,164] {taskinstance.py:1159} INFO - Dependencies all met for <TaskInstance: dag_etl.dim_customer_type manual__2023-05-02T17:01:11.067259+00:00 [queued]>
[2023-05-02 17:02:07,343] {taskinstance.py:1159} INFO - Dependencies all met for <TaskInstance: dag_etl.dim_customer_type manual__2023-05-02T17:01:11.067259+00:00 [queued]>
[2023-05-02 17:02:07,345] {taskinstance.py:1356} INFO - 
--------------------------------------------------------------------------------
[2023-05-02 17:02:07,346] {taskinstance.py:1357} INFO - Starting attempt 1 of 6
[2023-05-02 17:02:07,347] {taskinstance.py:1358} INFO - 
--------------------------------------------------------------------------------
[2023-05-02 17:02:07,576] {taskinstance.py:1377} INFO - Executing <Task(_PythonDecoratedOperator): dim_customer_type> on 2023-05-02 17:01:11.067259+00:00
[2023-05-02 17:02:07,606] {standard_task_runner.py:52} INFO - Started process 1522 to run task
[2023-05-02 17:02:07,630] {standard_task_runner.py:79} INFO - Running: ['***', 'tasks', 'run', 'dag_etl', 'dim_customer_type', 'manual__2023-05-02T17:01:11.067259+00:00', '--job-id', '812', '--raw', '--subdir', 'DAGS_FOLDER/dag_etl_taskflow.py', '--cfg-path', '/tmp/tmpczb7io_p', '--error-file', '/tmp/tmpmllknttu']
[2023-05-02 17:02:07,633] {standard_task_runner.py:80} INFO - Job 812: Subtask dim_customer_type
[2023-05-02 17:02:09,598] {task_command.py:370} INFO - Running <TaskInstance: dag_etl.dim_customer_type manual__2023-05-02T17:01:11.067259+00:00 [running]> on host 295d97741f96
[2023-05-02 17:02:13,437] {taskinstance.py:1571} INFO - Exporting the following env vars:
AIRFLOW_CTX_DAG_OWNER=Victor
AIRFLOW_CTX_DAG_ID=dag_etl
AIRFLOW_CTX_TASK_ID=dim_customer_type
AIRFLOW_CTX_EXECUTION_DATE=2023-05-02T17:01:11.067259+00:00
AIRFLOW_CTX_TRY_NUMBER=1
AIRFLOW_CTX_DAG_RUN_ID=manual__2023-05-02T17:01:11.067259+00:00
[2023-05-02 17:02:14,651] {base.py:68} INFO - Using connection ID 'postgres_conn' for task execution.
[2023-05-02 17:02:15,300] {python.py:173} INFO - Done. Returned value was: None
[2023-05-02 17:02:16,658] {taskinstance.py:1400} INFO - Marking task as SUCCESS. dag_id=dag_etl, task_id=dim_customer_type, execution_date=20230502T170111, start_date=20230502T170207, end_date=20230502T170216
[2023-05-02 17:02:16,985] {local_task_job.py:156} INFO - Task exited with return code 0
[2023-05-02 17:02:19,165] {local_task_job.py:273} INFO - 1 downstream tasks scheduled from follow-on schedule check
