[2023-04-30 12:00:41,526] {taskinstance.py:1159} INFO - Dependencies all met for <TaskInstance: dag_etl.dim_branch manual__2023-04-30T11:58:50.689561+00:00 [queued]>
[2023-04-30 12:00:42,026] {taskinstance.py:1159} INFO - Dependencies all met for <TaskInstance: dag_etl.dim_branch manual__2023-04-30T11:58:50.689561+00:00 [queued]>
[2023-04-30 12:00:42,031] {taskinstance.py:1356} INFO - 
--------------------------------------------------------------------------------
[2023-04-30 12:00:42,043] {taskinstance.py:1357} INFO - Starting attempt 1 of 6
[2023-04-30 12:00:42,057] {taskinstance.py:1358} INFO - 
--------------------------------------------------------------------------------
[2023-04-30 12:00:42,919] {taskinstance.py:1377} INFO - Executing <Task(_PythonDecoratedOperator): dim_branch> on 2023-04-30 11:58:50.689561+00:00
[2023-04-30 12:00:43,129] {standard_task_runner.py:52} INFO - Started process 716 to run task
[2023-04-30 12:00:43,196] {standard_task_runner.py:79} INFO - Running: ['***', 'tasks', 'run', 'dag_etl', 'dim_branch', 'manual__2023-04-30T11:58:50.689561+00:00', '--job-id', '260', '--raw', '--subdir', 'DAGS_FOLDER/dag_etl_taskflow.py', '--cfg-path', '/tmp/tmpk6ttv3j8', '--error-file', '/tmp/tmpl1v7_zzy']
[2023-04-30 12:00:43,288] {standard_task_runner.py:80} INFO - Job 260: Subtask dim_branch
[2023-04-30 12:00:47,759] {task_command.py:370} INFO - Running <TaskInstance: dag_etl.dim_branch manual__2023-04-30T11:58:50.689561+00:00 [running]> on host 295d97741f96
[2023-04-30 12:00:57,411] {taskinstance.py:1571} INFO - Exporting the following env vars:
AIRFLOW_CTX_DAG_OWNER=Victor
AIRFLOW_CTX_DAG_ID=dag_etl
AIRFLOW_CTX_TASK_ID=dim_branch
AIRFLOW_CTX_EXECUTION_DATE=2023-04-30T11:58:50.689561+00:00
AIRFLOW_CTX_TRY_NUMBER=1
AIRFLOW_CTX_DAG_RUN_ID=manual__2023-04-30T11:58:50.689561+00:00
[2023-04-30 12:01:00,814] {base.py:68} INFO - Using connection ID 'postgres_conn' for task execution.
[2023-04-30 12:01:02,482] {python.py:173} INFO - Done. Returned value was: None
[2023-04-30 12:01:09,828] {taskinstance.py:1400} INFO - Marking task as SUCCESS. dag_id=dag_etl, task_id=dim_branch, execution_date=20230430T115850, start_date=20230430T120041, end_date=20230430T120109
[2023-04-30 12:01:11,743] {local_task_job.py:156} INFO - Task exited with return code 0
[2023-04-30 12:01:17,011] {local_task_job.py:273} INFO - 0 downstream tasks scheduled from follow-on schedule check
