[2023-05-02 15:11:55,695] {taskinstance.py:1159} INFO - Dependencies all met for <TaskInstance: dag_etl_date.dim_city manual__2023-05-02T15:11:22.892155+00:00 [queued]>
[2023-05-02 15:11:55,862] {taskinstance.py:1159} INFO - Dependencies all met for <TaskInstance: dag_etl_date.dim_city manual__2023-05-02T15:11:22.892155+00:00 [queued]>
[2023-05-02 15:11:55,866] {taskinstance.py:1356} INFO - 
--------------------------------------------------------------------------------
[2023-05-02 15:11:55,867] {taskinstance.py:1357} INFO - Starting attempt 1 of 6
[2023-05-02 15:11:55,868] {taskinstance.py:1358} INFO - 
--------------------------------------------------------------------------------
[2023-05-02 15:11:56,094] {taskinstance.py:1377} INFO - Executing <Task(_PythonDecoratedOperator): dim_city> on 2023-05-02 15:11:22.892155+00:00
[2023-05-02 15:11:56,122] {standard_task_runner.py:52} INFO - Started process 1419 to run task
[2023-05-02 15:11:56,145] {standard_task_runner.py:79} INFO - Running: ['***', 'tasks', 'run', 'dag_etl_date', 'dim_city', 'manual__2023-05-02T15:11:22.892155+00:00', '--job-id', '679', '--raw', '--subdir', 'DAGS_FOLDER/dag_etl_taskflow_date.py', '--cfg-path', '/tmp/tmpwcfz9ey3', '--error-file', '/tmp/tmpjogbeh1y']
[2023-05-02 15:11:56,160] {standard_task_runner.py:80} INFO - Job 679: Subtask dim_city
[2023-05-02 15:11:57,740] {task_command.py:370} INFO - Running <TaskInstance: dag_etl_date.dim_city manual__2023-05-02T15:11:22.892155+00:00 [running]> on host 295d97741f96
[2023-05-02 15:12:03,052] {taskinstance.py:1571} INFO - Exporting the following env vars:
AIRFLOW_CTX_DAG_OWNER=Victor
AIRFLOW_CTX_DAG_ID=dag_etl_date
AIRFLOW_CTX_TASK_ID=dim_city
AIRFLOW_CTX_EXECUTION_DATE=2023-05-02T15:11:22.892155+00:00
AIRFLOW_CTX_TRY_NUMBER=1
AIRFLOW_CTX_DAG_RUN_ID=manual__2023-05-02T15:11:22.892155+00:00
[2023-05-02 15:12:03,741] {base.py:68} INFO - Using connection ID 'postgres_conn' for task execution.
[2023-05-02 15:12:04,122] {python.py:173} INFO - Done. Returned value was: None
[2023-05-02 15:12:05,373] {taskinstance.py:1400} INFO - Marking task as SUCCESS. dag_id=dag_etl_date, task_id=dim_city, execution_date=20230502T151122, start_date=20230502T151155, end_date=20230502T151205
[2023-05-02 15:12:05,526] {local_task_job.py:156} INFO - Task exited with return code 0
[2023-05-02 15:12:06,630] {local_task_job.py:273} INFO - 0 downstream tasks scheduled from follow-on schedule check
