[2023-04-30 11:59:51,783] {taskinstance.py:1159} INFO - Dependencies all met for <TaskInstance: dag_etl.rename_extracted_file manual__2023-04-30T11:58:50.689561+00:00 [queued]>
[2023-04-30 11:59:51,981] {taskinstance.py:1159} INFO - Dependencies all met for <TaskInstance: dag_etl.rename_extracted_file manual__2023-04-30T11:58:50.689561+00:00 [queued]>
[2023-04-30 11:59:51,992] {taskinstance.py:1356} INFO - 
--------------------------------------------------------------------------------
[2023-04-30 11:59:51,994] {taskinstance.py:1357} INFO - Starting attempt 1 of 6
[2023-04-30 11:59:52,016] {taskinstance.py:1358} INFO - 
--------------------------------------------------------------------------------
[2023-04-30 11:59:52,811] {taskinstance.py:1377} INFO - Executing <Task(_PythonDecoratedOperator): rename_extracted_file> on 2023-04-30 11:58:50.689561+00:00
[2023-04-30 11:59:52,912] {standard_task_runner.py:52} INFO - Started process 609 to run task
[2023-04-30 11:59:53,064] {standard_task_runner.py:79} INFO - Running: ['***', 'tasks', 'run', 'dag_etl', 'rename_extracted_file', 'manual__2023-04-30T11:58:50.689561+00:00', '--job-id', '249', '--raw', '--subdir', 'DAGS_FOLDER/dag_etl_taskflow.py', '--cfg-path', '/tmp/tmpf62y6y9n', '--error-file', '/tmp/tmp_huhp9ms']
[2023-04-30 11:59:53,120] {standard_task_runner.py:80} INFO - Job 249: Subtask rename_extracted_file
[2023-04-30 11:59:56,496] {task_command.py:370} INFO - Running <TaskInstance: dag_etl.rename_extracted_file manual__2023-04-30T11:58:50.689561+00:00 [running]> on host 295d97741f96
[2023-04-30 12:00:02,114] {taskinstance.py:1571} INFO - Exporting the following env vars:
AIRFLOW_CTX_DAG_OWNER=Victor
AIRFLOW_CTX_DAG_ID=dag_etl
AIRFLOW_CTX_TASK_ID=rename_extracted_file
AIRFLOW_CTX_EXECUTION_DATE=2023-04-30T11:58:50.689561+00:00
AIRFLOW_CTX_TRY_NUMBER=1
AIRFLOW_CTX_DAG_RUN_ID=manual__2023-04-30T11:58:50.689561+00:00
[2023-04-30 12:00:02,123] {python.py:173} INFO - Done. Returned value was: /opt/***/data
[2023-04-30 12:00:03,486] {taskinstance.py:1400} INFO - Marking task as SUCCESS. dag_id=dag_etl, task_id=rename_extracted_file, execution_date=20230430T115850, start_date=20230430T115951, end_date=20230430T120003
[2023-04-30 12:00:05,352] {local_task_job.py:156} INFO - Task exited with return code 0
[2023-04-30 12:00:08,502] {local_task_job.py:273} INFO - 0 downstream tasks scheduled from follow-on schedule check
