[2023-08-17 17:37:58,053] {taskinstance.py:1179} INFO - Dependencies all met for <TaskInstance: dag_etl.clear_data_directory manual__2023-08-17T17:37:47.265781+00:00 [queued]>
[2023-08-17 17:37:58,060] {taskinstance.py:1179} INFO - Dependencies all met for <TaskInstance: dag_etl.clear_data_directory manual__2023-08-17T17:37:47.265781+00:00 [queued]>
[2023-08-17 17:37:58,060] {taskinstance.py:1376} INFO - 
--------------------------------------------------------------------------------
[2023-08-17 17:37:58,061] {taskinstance.py:1377} INFO - Starting attempt 1 of 6
[2023-08-17 17:37:58,061] {taskinstance.py:1378} INFO - 
--------------------------------------------------------------------------------
[2023-08-17 17:37:58,069] {taskinstance.py:1397} INFO - Executing <Task(BashOperator): clear_data_directory> on 2023-08-17 17:37:47.265781+00:00
[2023-08-17 17:37:58,073] {standard_task_runner.py:52} INFO - Started process 354 to run task
[2023-08-17 17:37:58,077] {standard_task_runner.py:79} INFO - Running: ['***', 'tasks', 'run', 'dag_etl', 'clear_data_directory', 'manual__2023-08-17T17:37:47.265781+00:00', '--job-id', '65', '--raw', '--subdir', 'DAGS_FOLDER/dag_etl_taskflow.py', '--cfg-path', '/tmp/tmp_fearity', '--error-file', '/tmp/tmpfmn4hnyp']
[2023-08-17 17:37:58,078] {standard_task_runner.py:80} INFO - Job 65: Subtask clear_data_directory
[2023-08-17 17:37:58,140] {task_command.py:371} INFO - Running <TaskInstance: dag_etl.clear_data_directory manual__2023-08-17T17:37:47.265781+00:00 [running]> on host 1ea22a5e1d7f
[2023-08-17 17:37:58,204] {taskinstance.py:1591} INFO - Exporting the following env vars:
AIRFLOW_CTX_DAG_OWNER=Victor
AIRFLOW_CTX_DAG_ID=dag_etl
AIRFLOW_CTX_TASK_ID=clear_data_directory
AIRFLOW_CTX_EXECUTION_DATE=2023-08-17T17:37:47.265781+00:00
AIRFLOW_CTX_TRY_NUMBER=1
AIRFLOW_CTX_DAG_RUN_ID=manual__2023-08-17T17:37:47.265781+00:00
[2023-08-17 17:37:58,205] {subprocess.py:62} INFO - Tmp dir root location: 
 /tmp
[2023-08-17 17:37:58,206] {subprocess.py:74} INFO - Running command: ['bash', '-c', 'rm -rf ${pwd}data/* | echo "приехали"']
[2023-08-17 17:37:58,216] {subprocess.py:85} INFO - Output:
[2023-08-17 17:37:58,220] {subprocess.py:92} INFO - приехали
[2023-08-17 17:37:58,223] {subprocess.py:96} INFO - Command exited with return code 0
[2023-08-17 17:37:58,263] {taskinstance.py:1420} INFO - Marking task as SUCCESS. dag_id=dag_etl, task_id=clear_data_directory, execution_date=20230817T173747, start_date=20230817T173758, end_date=20230817T173758
[2023-08-17 17:37:58,288] {local_task_job.py:156} INFO - Task exited with return code 0
[2023-08-17 17:37:58,319] {local_task_job.py:273} INFO - 0 downstream tasks scheduled from follow-on schedule check
