[2023-05-02 10:43:54,234] {taskinstance.py:1159} INFO - Dependencies all met for <TaskInstance: dag_etl.dim_product_line manual__2023-05-02T10:43:11.140829+00:00 [queued]>
[2023-05-02 10:43:54,452] {taskinstance.py:1159} INFO - Dependencies all met for <TaskInstance: dag_etl.dim_product_line manual__2023-05-02T10:43:11.140829+00:00 [queued]>
[2023-05-02 10:43:54,460] {taskinstance.py:1356} INFO - 
--------------------------------------------------------------------------------
[2023-05-02 10:43:54,463] {taskinstance.py:1357} INFO - Starting attempt 1 of 6
[2023-05-02 10:43:54,469] {taskinstance.py:1358} INFO - 
--------------------------------------------------------------------------------
[2023-05-02 10:43:54,850] {taskinstance.py:1377} INFO - Executing <Task(_PythonDecoratedOperator): dim_product_line> on 2023-05-02 10:43:11.140829+00:00
[2023-05-02 10:43:54,882] {standard_task_runner.py:52} INFO - Started process 1660 to run task
[2023-05-02 10:43:54,893] {standard_task_runner.py:79} INFO - Running: ['***', 'tasks', 'run', 'dag_etl', 'dim_product_line', 'manual__2023-05-02T10:43:11.140829+00:00', '--job-id', '478', '--raw', '--subdir', 'DAGS_FOLDER/dag_etl_taskflow.py', '--cfg-path', '/tmp/tmpanr02bim', '--error-file', '/tmp/tmp98idmxgy']
[2023-05-02 10:43:54,908] {standard_task_runner.py:80} INFO - Job 478: Subtask dim_product_line
[2023-05-02 10:43:56,097] {task_command.py:370} INFO - Running <TaskInstance: dag_etl.dim_product_line manual__2023-05-02T10:43:11.140829+00:00 [running]> on host 295d97741f96
[2023-05-02 10:44:00,407] {taskinstance.py:1571} INFO - Exporting the following env vars:
AIRFLOW_CTX_DAG_OWNER=Victor
AIRFLOW_CTX_DAG_ID=dag_etl
AIRFLOW_CTX_TASK_ID=dim_product_line
AIRFLOW_CTX_EXECUTION_DATE=2023-05-02T10:43:11.140829+00:00
AIRFLOW_CTX_TRY_NUMBER=1
AIRFLOW_CTX_DAG_RUN_ID=manual__2023-05-02T10:43:11.140829+00:00
[2023-05-02 10:44:01,153] {base.py:68} INFO - Using connection ID 'postgres_conn' for task execution.
[2023-05-02 10:44:02,238] {python.py:173} INFO - Done. Returned value was: None
[2023-05-02 10:44:03,791] {taskinstance.py:1400} INFO - Marking task as SUCCESS. dag_id=dag_etl, task_id=dim_product_line, execution_date=20230502T104311, start_date=20230502T104354, end_date=20230502T104403
[2023-05-02 10:44:04,183] {local_task_job.py:156} INFO - Task exited with return code 0
[2023-05-02 10:44:06,432] {local_task_job.py:273} INFO - 0 downstream tasks scheduled from follow-on schedule check
