[2023-04-30 12:01:59,853] {taskinstance.py:1159} INFO - Dependencies all met for <TaskInstance: dag_etl.dim_branch scheduled__2023-04-29T00:00:00+00:00 [queued]>
[2023-04-30 12:02:00,438] {taskinstance.py:1159} INFO - Dependencies all met for <TaskInstance: dag_etl.dim_branch scheduled__2023-04-29T00:00:00+00:00 [queued]>
[2023-04-30 12:02:00,449] {taskinstance.py:1356} INFO - 
--------------------------------------------------------------------------------
[2023-04-30 12:02:00,457] {taskinstance.py:1357} INFO - Starting attempt 1 of 6
[2023-04-30 12:02:00,459] {taskinstance.py:1358} INFO - 
--------------------------------------------------------------------------------
[2023-04-30 12:02:01,366] {taskinstance.py:1377} INFO - Executing <Task(_PythonDecoratedOperator): dim_branch> on 2023-04-29 00:00:00+00:00
[2023-04-30 12:02:01,465] {standard_task_runner.py:52} INFO - Started process 866 to run task
[2023-04-30 12:02:01,609] {standard_task_runner.py:79} INFO - Running: ['***', 'tasks', 'run', 'dag_etl', 'dim_branch', 'scheduled__2023-04-29T00:00:00+00:00', '--job-id', '273', '--raw', '--subdir', 'DAGS_FOLDER/dag_etl_taskflow.py', '--cfg-path', '/tmp/tmpg169eylp', '--error-file', '/tmp/tmptfpqgosx']
[2023-04-30 12:02:01,636] {standard_task_runner.py:80} INFO - Job 273: Subtask dim_branch
[2023-04-30 12:02:03,911] {task_command.py:370} INFO - Running <TaskInstance: dag_etl.dim_branch scheduled__2023-04-29T00:00:00+00:00 [running]> on host 295d97741f96
[2023-04-30 12:02:12,016] {taskinstance.py:1571} INFO - Exporting the following env vars:
AIRFLOW_CTX_DAG_OWNER=Victor
AIRFLOW_CTX_DAG_ID=dag_etl
AIRFLOW_CTX_TASK_ID=dim_branch
AIRFLOW_CTX_EXECUTION_DATE=2023-04-29T00:00:00+00:00
AIRFLOW_CTX_TRY_NUMBER=1
AIRFLOW_CTX_DAG_RUN_ID=scheduled__2023-04-29T00:00:00+00:00
[2023-04-30 12:02:14,684] {base.py:68} INFO - Using connection ID 'postgres_conn' for task execution.
[2023-04-30 12:02:18,215] {python.py:173} INFO - Done. Returned value was: None
[2023-04-30 12:02:20,234] {taskinstance.py:1400} INFO - Marking task as SUCCESS. dag_id=dag_etl, task_id=dim_branch, execution_date=20230429T000000, start_date=20230430T120159, end_date=20230430T120220
[2023-04-30 12:02:21,225] {local_task_job.py:156} INFO - Task exited with return code 0
[2023-04-30 12:02:22,748] {local_task_job.py:273} INFO - 0 downstream tasks scheduled from follow-on schedule check
