[2023-05-02 11:46:44,596] {taskinstance.py:1159} INFO - Dependencies all met for <TaskInstance: dag_etl.rename_extracted_file manual__2023-05-02T11:46:25.173746+00:00 [queued]>
[2023-05-02 11:46:44,681] {taskinstance.py:1159} INFO - Dependencies all met for <TaskInstance: dag_etl.rename_extracted_file manual__2023-05-02T11:46:25.173746+00:00 [queued]>
[2023-05-02 11:46:44,682] {taskinstance.py:1356} INFO - 
--------------------------------------------------------------------------------
[2023-05-02 11:46:44,683] {taskinstance.py:1357} INFO - Starting attempt 1 of 6
[2023-05-02 11:46:44,685] {taskinstance.py:1358} INFO - 
--------------------------------------------------------------------------------
[2023-05-02 11:46:44,823] {taskinstance.py:1377} INFO - Executing <Task(_PythonDecoratedOperator): rename_extracted_file> on 2023-05-02 11:46:25.173746+00:00
[2023-05-02 11:46:44,835] {standard_task_runner.py:52} INFO - Started process 1072 to run task
[2023-05-02 11:46:44,852] {standard_task_runner.py:79} INFO - Running: ['***', 'tasks', 'run', 'dag_etl', 'rename_extracted_file', 'manual__2023-05-02T11:46:25.173746+00:00', '--job-id', '509', '--raw', '--subdir', 'DAGS_FOLDER/dag_etl_taskflow.py', '--cfg-path', '/tmp/tmpb0ss2241', '--error-file', '/tmp/tmp6wb0lbgl']
[2023-05-02 11:46:44,862] {standard_task_runner.py:80} INFO - Job 509: Subtask rename_extracted_file
[2023-05-02 11:46:45,484] {task_command.py:370} INFO - Running <TaskInstance: dag_etl.rename_extracted_file manual__2023-05-02T11:46:25.173746+00:00 [running]> on host 295d97741f96
[2023-05-02 11:46:46,480] {taskinstance.py:1571} INFO - Exporting the following env vars:
AIRFLOW_CTX_DAG_OWNER=Victor
AIRFLOW_CTX_DAG_ID=dag_etl
AIRFLOW_CTX_TASK_ID=rename_extracted_file
AIRFLOW_CTX_EXECUTION_DATE=2023-05-02T11:46:25.173746+00:00
AIRFLOW_CTX_TRY_NUMBER=1
AIRFLOW_CTX_DAG_RUN_ID=manual__2023-05-02T11:46:25.173746+00:00
[2023-05-02 11:46:46,486] {python.py:173} INFO - Done. Returned value was: /opt/***/data
[2023-05-02 11:46:46,872] {taskinstance.py:1400} INFO - Marking task as SUCCESS. dag_id=dag_etl, task_id=rename_extracted_file, execution_date=20230502T114625, start_date=20230502T114644, end_date=20230502T114646
[2023-05-02 11:46:46,995] {local_task_job.py:156} INFO - Task exited with return code 0
[2023-05-02 11:46:47,560] {local_task_job.py:273} INFO - 7 downstream tasks scheduled from follow-on schedule check
