[2023-05-05 05:31:54,430] {taskinstance.py:1159} INFO - Dependencies all met for <TaskInstance: dag_etl.update_fact_table scheduled__2023-05-04T00:00:00+00:00 [queued]>
[2023-05-05 05:31:54,524] {taskinstance.py:1159} INFO - Dependencies all met for <TaskInstance: dag_etl.update_fact_table scheduled__2023-05-04T00:00:00+00:00 [queued]>
[2023-05-05 05:31:54,525] {taskinstance.py:1356} INFO - 
--------------------------------------------------------------------------------
[2023-05-05 05:31:54,526] {taskinstance.py:1357} INFO - Starting attempt 1 of 6
[2023-05-05 05:31:54,527] {taskinstance.py:1358} INFO - 
--------------------------------------------------------------------------------
[2023-05-05 05:31:54,690] {taskinstance.py:1377} INFO - Executing <Task(PostgresOperator): update_fact_table> on 2023-05-04 00:00:00+00:00
[2023-05-05 05:31:54,715] {standard_task_runner.py:52} INFO - Started process 519 to run task
[2023-05-05 05:31:54,733] {standard_task_runner.py:79} INFO - Running: ['***', 'tasks', 'run', 'dag_etl', 'update_fact_table', 'scheduled__2023-05-04T00:00:00+00:00', '--job-id', '1023', '--raw', '--subdir', 'DAGS_FOLDER/dag_etl_taskflow.py', '--cfg-path', '/tmp/tmpqntxcpbf', '--error-file', '/tmp/tmpwfp0ef_3']
[2023-05-05 05:31:54,738] {standard_task_runner.py:80} INFO - Job 1023: Subtask update_fact_table
[2023-05-05 05:31:55,476] {task_command.py:370} INFO - Running <TaskInstance: dag_etl.update_fact_table scheduled__2023-05-04T00:00:00+00:00 [running]> on host 295d97741f96
[2023-05-05 05:31:56,195] {taskinstance.py:1571} INFO - Exporting the following env vars:
AIRFLOW_CTX_DAG_OWNER=Victor
AIRFLOW_CTX_DAG_ID=dag_etl
AIRFLOW_CTX_TASK_ID=update_fact_table
AIRFLOW_CTX_EXECUTION_DATE=2023-05-04T00:00:00+00:00
AIRFLOW_CTX_TRY_NUMBER=1
AIRFLOW_CTX_DAG_RUN_ID=scheduled__2023-05-04T00:00:00+00:00
[2023-05-05 05:31:56,324] {base.py:68} INFO - Using connection ID 'postgres_conn' for task execution.
[2023-05-05 05:31:56,420] {dbapi.py:213} INFO - Running statement: 
            SET search_path TO dds;
            
            --// Обновляем таблицу с фактом свежей таблицей с фактами из stage //--
            INSERT INTO fact_sales (invoice_id, branch, city, customer_type, gender,
                                    product_line, unit_price, quantity, "tax_5%", total, date,
                                    time, payment, cogs, gross_margin_percentage, gross_income, rating)
            (SELECT 
                    invoice_id, branch, city, customer_type, gender, 
                    product_line, unit_price, quantity, "tax_5%", total, date::date,
                    time, payment, cogs, gross_margin_percentage, gross_income, rating 
            FROM nds.fact_sales WHERE invoice_id NOT IN (SELECT invoice_id FROM fact_sales));
            , parameters: None
[2023-05-05 05:31:57,032] {dbapi.py:221} INFO - Rows affected: 1000
[2023-05-05 05:31:57,172] {taskinstance.py:1400} INFO - Marking task as SUCCESS. dag_id=dag_etl, task_id=update_fact_table, execution_date=20230504T000000, start_date=20230505T053154, end_date=20230505T053157
[2023-05-05 05:31:57,284] {local_task_job.py:156} INFO - Task exited with return code 0
[2023-05-05 05:31:57,825] {local_task_job.py:273} INFO - 0 downstream tasks scheduled from follow-on schedule check
