[2023-04-30 09:02:16,894] {taskinstance.py:1159} INFO - Dependencies all met for <TaskInstance: dag_etl.dim_product_line manual__2023-04-30T09:01:32.484117+00:00 [queued]>
[2023-04-30 09:02:17,127] {taskinstance.py:1159} INFO - Dependencies all met for <TaskInstance: dag_etl.dim_product_line manual__2023-04-30T09:01:32.484117+00:00 [queued]>
[2023-04-30 09:02:17,131] {taskinstance.py:1356} INFO - 
--------------------------------------------------------------------------------
[2023-04-30 09:02:17,150] {taskinstance.py:1357} INFO - Starting attempt 1 of 6
[2023-04-30 09:02:17,151] {taskinstance.py:1358} INFO - 
--------------------------------------------------------------------------------
[2023-04-30 09:02:17,496] {taskinstance.py:1377} INFO - Executing <Task(_PythonDecoratedOperator): dim_product_line> on 2023-04-30 09:01:32.484117+00:00
[2023-04-30 09:02:17,529] {standard_task_runner.py:52} INFO - Started process 702 to run task
[2023-04-30 09:02:17,571] {standard_task_runner.py:79} INFO - Running: ['***', 'tasks', 'run', 'dag_etl', 'dim_product_line', 'manual__2023-04-30T09:01:32.484117+00:00', '--job-id', '192', '--raw', '--subdir', 'DAGS_FOLDER/dag_etl_taskflow.py', '--cfg-path', '/tmp/tmp52p81jo0', '--error-file', '/tmp/tmpj07njliv']
[2023-04-30 09:02:17,584] {standard_task_runner.py:80} INFO - Job 192: Subtask dim_product_line
[2023-04-30 09:02:18,922] {task_command.py:370} INFO - Running <TaskInstance: dag_etl.dim_product_line manual__2023-04-30T09:01:32.484117+00:00 [running]> on host 295d97741f96
[2023-04-30 09:02:21,353] {taskinstance.py:1571} INFO - Exporting the following env vars:
AIRFLOW_CTX_DAG_OWNER=Victor
AIRFLOW_CTX_DAG_ID=dag_etl
AIRFLOW_CTX_TASK_ID=dim_product_line
AIRFLOW_CTX_EXECUTION_DATE=2023-04-30T09:01:32.484117+00:00
AIRFLOW_CTX_TRY_NUMBER=1
AIRFLOW_CTX_DAG_RUN_ID=manual__2023-04-30T09:01:32.484117+00:00
[2023-04-30 09:02:22,363] {base.py:68} INFO - Using connection ID 'postgres_conn' for task execution.
[2023-04-30 09:02:23,470] {python.py:173} INFO - Done. Returned value was: None
[2023-04-30 09:02:24,208] {taskinstance.py:1400} INFO - Marking task as SUCCESS. dag_id=dag_etl, task_id=dim_product_line, execution_date=20230430T090132, start_date=20230430T090216, end_date=20230430T090224
[2023-04-30 09:02:24,473] {local_task_job.py:156} INFO - Task exited with return code 0
[2023-04-30 09:02:27,444] {local_task_job.py:273} INFO - 0 downstream tasks scheduled from follow-on schedule check
