[2023-05-02 17:09:45,930] {taskinstance.py:1159} INFO - Dependencies all met for <TaskInstance: dag_etl.extract_from_s3 manual__2023-05-02T17:09:34.429844+00:00 [queued]>
[2023-05-02 17:09:46,037] {taskinstance.py:1159} INFO - Dependencies all met for <TaskInstance: dag_etl.extract_from_s3 manual__2023-05-02T17:09:34.429844+00:00 [queued]>
[2023-05-02 17:09:46,039] {taskinstance.py:1356} INFO - 
--------------------------------------------------------------------------------
[2023-05-02 17:09:46,040] {taskinstance.py:1357} INFO - Starting attempt 1 of 6
[2023-05-02 17:09:46,043] {taskinstance.py:1358} INFO - 
--------------------------------------------------------------------------------
[2023-05-02 17:09:46,211] {taskinstance.py:1377} INFO - Executing <Task(_PythonDecoratedOperator): extract_from_s3> on 2023-05-02 17:09:34.429844+00:00
[2023-05-02 17:09:46,223] {standard_task_runner.py:52} INFO - Started process 2164 to run task
[2023-05-02 17:09:46,238] {standard_task_runner.py:79} INFO - Running: ['***', 'tasks', 'run', 'dag_etl', 'extract_from_s3', 'manual__2023-05-02T17:09:34.429844+00:00', '--job-id', '836', '--raw', '--subdir', 'DAGS_FOLDER/dag_etl_taskflow.py', '--cfg-path', '/tmp/tmpfms4y_cf', '--error-file', '/tmp/tmpyp9kzg3t']
[2023-05-02 17:09:46,243] {standard_task_runner.py:80} INFO - Job 836: Subtask extract_from_s3
[2023-05-02 17:09:46,773] {task_command.py:370} INFO - Running <TaskInstance: dag_etl.extract_from_s3 manual__2023-05-02T17:09:34.429844+00:00 [running]> on host 295d97741f96
[2023-05-02 17:09:47,914] {taskinstance.py:1571} INFO - Exporting the following env vars:
AIRFLOW_CTX_DAG_OWNER=Victor
AIRFLOW_CTX_DAG_ID=dag_etl
AIRFLOW_CTX_TASK_ID=extract_from_s3
AIRFLOW_CTX_EXECUTION_DATE=2023-05-02T17:09:34.429844+00:00
AIRFLOW_CTX_TRY_NUMBER=1
AIRFLOW_CTX_DAG_RUN_ID=manual__2023-05-02T17:09:34.429844+00:00
[2023-05-02 17:09:47,918] {s3.py:861} INFO - Downloading source S3 file from Bucket raw with path supermarket_sales.csv
[2023-05-02 17:09:48,009] {base.py:68} INFO - Using connection ID 'minio_conn' for task execution.
[2023-05-02 17:09:48,018] {base_aws.py:206} INFO - Credentials retrieved from login
[2023-05-02 17:09:49,135] {python.py:173} INFO - Done. Returned value was: /opt/***/data/***_tmp_4otq7sk1
[2023-05-02 17:09:49,623] {taskinstance.py:1400} INFO - Marking task as SUCCESS. dag_id=dag_etl, task_id=extract_from_s3, execution_date=20230502T170934, start_date=20230502T170945, end_date=20230502T170949
[2023-05-02 17:09:49,828] {local_task_job.py:156} INFO - Task exited with return code 0
[2023-05-02 17:09:50,229] {local_task_job.py:273} INFO - 1 downstream tasks scheduled from follow-on schedule check
