[2023-05-02 15:11:40,983] {taskinstance.py:1159} INFO - Dependencies all met for <TaskInstance: dag_etl_date.rename_extracted_file manual__2023-05-02T15:11:22.892155+00:00 [queued]>
[2023-05-02 15:11:41,037] {taskinstance.py:1159} INFO - Dependencies all met for <TaskInstance: dag_etl_date.rename_extracted_file manual__2023-05-02T15:11:22.892155+00:00 [queued]>
[2023-05-02 15:11:41,038] {taskinstance.py:1356} INFO - 
--------------------------------------------------------------------------------
[2023-05-02 15:11:41,039] {taskinstance.py:1357} INFO - Starting attempt 1 of 6
[2023-05-02 15:11:41,040] {taskinstance.py:1358} INFO - 
--------------------------------------------------------------------------------
[2023-05-02 15:11:41,139] {taskinstance.py:1377} INFO - Executing <Task(_PythonDecoratedOperator): rename_extracted_file> on 2023-05-02 15:11:22.892155+00:00
[2023-05-02 15:11:41,149] {standard_task_runner.py:52} INFO - Started process 1369 to run task
[2023-05-02 15:11:41,158] {standard_task_runner.py:79} INFO - Running: ['***', 'tasks', 'run', 'dag_etl_date', 'rename_extracted_file', 'manual__2023-05-02T15:11:22.892155+00:00', '--job-id', '672', '--raw', '--subdir', 'DAGS_FOLDER/dag_etl_taskflow_date.py', '--cfg-path', '/tmp/tmp1hfz6a1j', '--error-file', '/tmp/tmp0paycy78']
[2023-05-02 15:11:41,160] {standard_task_runner.py:80} INFO - Job 672: Subtask rename_extracted_file
[2023-05-02 15:11:41,565] {task_command.py:370} INFO - Running <TaskInstance: dag_etl_date.rename_extracted_file manual__2023-05-02T15:11:22.892155+00:00 [running]> on host 295d97741f96
[2023-05-02 15:11:42,292] {taskinstance.py:1571} INFO - Exporting the following env vars:
AIRFLOW_CTX_DAG_OWNER=Victor
AIRFLOW_CTX_DAG_ID=dag_etl_date
AIRFLOW_CTX_TASK_ID=rename_extracted_file
AIRFLOW_CTX_EXECUTION_DATE=2023-05-02T15:11:22.892155+00:00
AIRFLOW_CTX_TRY_NUMBER=1
AIRFLOW_CTX_DAG_RUN_ID=manual__2023-05-02T15:11:22.892155+00:00
[2023-05-02 15:11:42,300] {python.py:173} INFO - Done. Returned value was: /opt/***/data
[2023-05-02 15:11:42,545] {taskinstance.py:1400} INFO - Marking task as SUCCESS. dag_id=dag_etl_date, task_id=rename_extracted_file, execution_date=20230502T151122, start_date=20230502T151140, end_date=20230502T151142
[2023-05-02 15:11:42,625] {local_task_job.py:156} INFO - Task exited with return code 0
[2023-05-02 15:11:42,990] {local_task_job.py:273} INFO - 7 downstream tasks scheduled from follow-on schedule check
