[2023-05-02 15:14:43,451] {taskinstance.py:1159} INFO - Dependencies all met for <TaskInstance: dag_etl_date.fact_nds manual__2023-05-02T15:13:48.299245+00:00 [queued]>
[2023-05-02 15:14:43,518] {taskinstance.py:1159} INFO - Dependencies all met for <TaskInstance: dag_etl_date.fact_nds manual__2023-05-02T15:13:48.299245+00:00 [queued]>
[2023-05-02 15:14:43,519] {taskinstance.py:1356} INFO - 
--------------------------------------------------------------------------------
[2023-05-02 15:14:43,520] {taskinstance.py:1357} INFO - Starting attempt 1 of 6
[2023-05-02 15:14:43,521] {taskinstance.py:1358} INFO - 
--------------------------------------------------------------------------------
[2023-05-02 15:14:43,620] {taskinstance.py:1377} INFO - Executing <Task(_PythonDecoratedOperator): fact_nds> on 2023-05-02 15:13:48.299245+00:00
[2023-05-02 15:14:43,631] {standard_task_runner.py:52} INFO - Started process 1726 to run task
[2023-05-02 15:14:43,642] {standard_task_runner.py:79} INFO - Running: ['***', 'tasks', 'run', 'dag_etl_date', 'fact_nds', 'manual__2023-05-02T15:13:48.299245+00:00', '--job-id', '696', '--raw', '--subdir', 'DAGS_FOLDER/dag_etl_taskflow_date.py', '--cfg-path', '/tmp/tmpa3cjokou', '--error-file', '/tmp/tmpmpu7pnha']
[2023-05-02 15:14:43,645] {standard_task_runner.py:80} INFO - Job 696: Subtask fact_nds
[2023-05-02 15:14:44,070] {task_command.py:370} INFO - Running <TaskInstance: dag_etl_date.fact_nds manual__2023-05-02T15:13:48.299245+00:00 [running]> on host 295d97741f96
[2023-05-02 15:14:44,882] {taskinstance.py:1571} INFO - Exporting the following env vars:
AIRFLOW_CTX_DAG_OWNER=Victor
AIRFLOW_CTX_DAG_ID=dag_etl_date
AIRFLOW_CTX_TASK_ID=fact_nds
AIRFLOW_CTX_EXECUTION_DATE=2023-05-02T15:13:48.299245+00:00
AIRFLOW_CTX_TRY_NUMBER=1
AIRFLOW_CTX_DAG_RUN_ID=manual__2023-05-02T15:13:48.299245+00:00
[2023-05-02 15:14:44,996] {base.py:68} INFO - Using connection ID 'postgres_conn' for task execution.
[2023-05-02 15:14:45,383] {base.py:68} INFO - Using connection ID 'postgres_conn' for task execution.
[2023-05-02 15:14:46,547] {python.py:173} INFO - Done. Returned value was: None
[2023-05-02 15:14:46,674] {taskinstance.py:1400} INFO - Marking task as SUCCESS. dag_id=dag_etl_date, task_id=fact_nds, execution_date=20230502T151348, start_date=20230502T151443, end_date=20230502T151446
[2023-05-02 15:14:46,767] {local_task_job.py:156} INFO - Task exited with return code 0
[2023-05-02 15:14:47,128] {local_task_job.py:273} INFO - 1 downstream tasks scheduled from follow-on schedule check
