[2023-04-30 12:02:01,789] {taskinstance.py:1159} INFO - Dependencies all met for <TaskInstance: dag_etl.dim_payment scheduled__2023-04-29T00:00:00+00:00 [queued]>
[2023-04-30 12:02:02,197] {taskinstance.py:1159} INFO - Dependencies all met for <TaskInstance: dag_etl.dim_payment scheduled__2023-04-29T00:00:00+00:00 [queued]>
[2023-04-30 12:02:02,202] {taskinstance.py:1356} INFO - 
--------------------------------------------------------------------------------
[2023-04-30 12:02:02,213] {taskinstance.py:1357} INFO - Starting attempt 1 of 6
[2023-04-30 12:02:02,216] {taskinstance.py:1358} INFO - 
--------------------------------------------------------------------------------
[2023-04-30 12:02:03,734] {taskinstance.py:1377} INFO - Executing <Task(_PythonDecoratedOperator): dim_payment> on 2023-04-29 00:00:00+00:00
[2023-04-30 12:02:03,878] {standard_task_runner.py:52} INFO - Started process 869 to run task
[2023-04-30 12:02:03,980] {standard_task_runner.py:79} INFO - Running: ['***', 'tasks', 'run', 'dag_etl', 'dim_payment', 'scheduled__2023-04-29T00:00:00+00:00', '--job-id', '276', '--raw', '--subdir', 'DAGS_FOLDER/dag_etl_taskflow.py', '--cfg-path', '/tmp/tmp3r2b4h2t', '--error-file', '/tmp/tmpfwdjk6vl']
[2023-04-30 12:02:03,991] {standard_task_runner.py:80} INFO - Job 276: Subtask dim_payment
[2023-04-30 12:02:06,557] {task_command.py:370} INFO - Running <TaskInstance: dag_etl.dim_payment scheduled__2023-04-29T00:00:00+00:00 [running]> on host 295d97741f96
[2023-04-30 12:02:18,692] {taskinstance.py:1571} INFO - Exporting the following env vars:
AIRFLOW_CTX_DAG_OWNER=Victor
AIRFLOW_CTX_DAG_ID=dag_etl
AIRFLOW_CTX_TASK_ID=dim_payment
AIRFLOW_CTX_EXECUTION_DATE=2023-04-29T00:00:00+00:00
AIRFLOW_CTX_TRY_NUMBER=1
AIRFLOW_CTX_DAG_RUN_ID=scheduled__2023-04-29T00:00:00+00:00
[2023-04-30 12:02:20,265] {base.py:68} INFO - Using connection ID 'postgres_conn' for task execution.
[2023-04-30 12:02:21,903] {python.py:173} INFO - Done. Returned value was: None
[2023-04-30 12:02:22,765] {taskinstance.py:1400} INFO - Marking task as SUCCESS. dag_id=dag_etl, task_id=dim_payment, execution_date=20230429T000000, start_date=20230430T120201, end_date=20230430T120222
[2023-04-30 12:02:23,332] {local_task_job.py:156} INFO - Task exited with return code 0
[2023-04-30 12:02:24,569] {local_task_job.py:273} INFO - 1 downstream tasks scheduled from follow-on schedule check
