[2023-05-04 20:04:53,657] {taskinstance.py:1159} INFO - Dependencies all met for <TaskInstance: dag_etl.rename_extracted_file manual__2023-05-04T20:04:31.370742+00:00 [queued]>
[2023-05-04 20:04:53,723] {taskinstance.py:1159} INFO - Dependencies all met for <TaskInstance: dag_etl.rename_extracted_file manual__2023-05-04T20:04:31.370742+00:00 [queued]>
[2023-05-04 20:04:53,725] {taskinstance.py:1356} INFO - 
--------------------------------------------------------------------------------
[2023-05-04 20:04:53,726] {taskinstance.py:1357} INFO - Starting attempt 1 of 6
[2023-05-04 20:04:53,727] {taskinstance.py:1358} INFO - 
--------------------------------------------------------------------------------
[2023-05-04 20:04:53,829] {taskinstance.py:1377} INFO - Executing <Task(_PythonDecoratedOperator): rename_extracted_file> on 2023-05-04 20:04:31.370742+00:00
[2023-05-04 20:04:53,839] {standard_task_runner.py:52} INFO - Started process 780 to run task
[2023-05-04 20:04:53,849] {standard_task_runner.py:79} INFO - Running: ['***', 'tasks', 'run', 'dag_etl', 'rename_extracted_file', 'manual__2023-05-04T20:04:31.370742+00:00', '--job-id', '991', '--raw', '--subdir', 'DAGS_FOLDER/dag_etl_taskflow.py', '--cfg-path', '/tmp/tmp23jk9b0x', '--error-file', '/tmp/tmpc8kpp0_2']
[2023-05-04 20:04:53,852] {standard_task_runner.py:80} INFO - Job 991: Subtask rename_extracted_file
[2023-05-04 20:04:54,240] {task_command.py:370} INFO - Running <TaskInstance: dag_etl.rename_extracted_file manual__2023-05-04T20:04:31.370742+00:00 [running]> on host 295d97741f96
[2023-05-04 20:04:54,991] {taskinstance.py:1571} INFO - Exporting the following env vars:
AIRFLOW_CTX_DAG_OWNER=Victor
AIRFLOW_CTX_DAG_ID=dag_etl
AIRFLOW_CTX_TASK_ID=rename_extracted_file
AIRFLOW_CTX_EXECUTION_DATE=2023-05-04T20:04:31.370742+00:00
AIRFLOW_CTX_TRY_NUMBER=1
AIRFLOW_CTX_DAG_RUN_ID=manual__2023-05-04T20:04:31.370742+00:00
[2023-05-04 20:04:54,996] {python.py:173} INFO - Done. Returned value was: /opt/***/data
[2023-05-04 20:04:55,275] {taskinstance.py:1400} INFO - Marking task as SUCCESS. dag_id=dag_etl, task_id=rename_extracted_file, execution_date=20230504T200431, start_date=20230504T200453, end_date=20230504T200455
[2023-05-04 20:04:55,396] {local_task_job.py:156} INFO - Task exited with return code 0
[2023-05-04 20:04:55,780] {local_task_job.py:273} INFO - 7 downstream tasks scheduled from follow-on schedule check
