[2023-05-02 13:52:26,981] {taskinstance.py:1159} INFO - Dependencies all met for <TaskInstance: dag_etl.dim_city manual__2023-05-02T13:51:38.744363+00:00 [queued]>
[2023-05-02 13:52:27,206] {taskinstance.py:1159} INFO - Dependencies all met for <TaskInstance: dag_etl.dim_city manual__2023-05-02T13:51:38.744363+00:00 [queued]>
[2023-05-02 13:52:27,216] {taskinstance.py:1356} INFO - 
--------------------------------------------------------------------------------
[2023-05-02 13:52:27,217] {taskinstance.py:1357} INFO - Starting attempt 1 of 6
[2023-05-02 13:52:27,218] {taskinstance.py:1358} INFO - 
--------------------------------------------------------------------------------
[2023-05-02 13:52:27,586] {taskinstance.py:1377} INFO - Executing <Task(_PythonDecoratedOperator): dim_city> on 2023-05-02 13:51:38.744363+00:00
[2023-05-02 13:52:27,665] {standard_task_runner.py:52} INFO - Started process 1273 to run task
[2023-05-02 13:52:27,709] {standard_task_runner.py:79} INFO - Running: ['***', 'tasks', 'run', 'dag_etl', 'dim_city', 'manual__2023-05-02T13:51:38.744363+00:00', '--job-id', '585', '--raw', '--subdir', 'DAGS_FOLDER/dag_etl_taskflow.py', '--cfg-path', '/tmp/tmp1xc8ue1m', '--error-file', '/tmp/tmp0579iut7']
[2023-05-02 13:52:27,722] {standard_task_runner.py:80} INFO - Job 585: Subtask dim_city
[2023-05-02 13:52:28,808] {task_command.py:370} INFO - Running <TaskInstance: dag_etl.dim_city manual__2023-05-02T13:51:38.744363+00:00 [running]> on host 295d97741f96
[2023-05-02 13:52:36,454] {taskinstance.py:1571} INFO - Exporting the following env vars:
AIRFLOW_CTX_DAG_OWNER=Victor
AIRFLOW_CTX_DAG_ID=dag_etl
AIRFLOW_CTX_TASK_ID=dim_city
AIRFLOW_CTX_EXECUTION_DATE=2023-05-02T13:51:38.744363+00:00
AIRFLOW_CTX_TRY_NUMBER=1
AIRFLOW_CTX_DAG_RUN_ID=manual__2023-05-02T13:51:38.744363+00:00
[2023-05-02 13:52:37,594] {base.py:68} INFO - Using connection ID 'postgres_conn' for task execution.
[2023-05-02 13:52:38,454] {python.py:173} INFO - Done. Returned value was: None
[2023-05-02 13:52:39,185] {taskinstance.py:1400} INFO - Marking task as SUCCESS. dag_id=dag_etl, task_id=dim_city, execution_date=20230502T135138, start_date=20230502T135227, end_date=20230502T135239
[2023-05-02 13:52:39,570] {local_task_job.py:156} INFO - Task exited with return code 0
[2023-05-02 13:52:42,121] {local_task_job.py:273} INFO - 0 downstream tasks scheduled from follow-on schedule check
