[2023-04-30 09:00:27,911] {taskinstance.py:1159} INFO - Dependencies all met for <TaskInstance: dag_etl.delete_s3_obj manual__2023-04-30T08:59:26.372167+00:00 [queued]>
[2023-04-30 09:00:28,426] {taskinstance.py:1159} INFO - Dependencies all met for <TaskInstance: dag_etl.delete_s3_obj manual__2023-04-30T08:59:26.372167+00:00 [queued]>
[2023-04-30 09:00:28,429] {taskinstance.py:1356} INFO - 
--------------------------------------------------------------------------------
[2023-04-30 09:00:28,430] {taskinstance.py:1357} INFO - Starting attempt 1 of 6
[2023-04-30 09:00:28,432] {taskinstance.py:1358} INFO - 
--------------------------------------------------------------------------------
[2023-04-30 09:00:28,764] {taskinstance.py:1377} INFO - Executing <Task(S3DeleteObjectsOperator): delete_s3_obj> on 2023-04-30 08:59:26.372167+00:00
[2023-04-30 09:00:28,863] {standard_task_runner.py:52} INFO - Started process 513 to run task
[2023-04-30 09:00:28,966] {standard_task_runner.py:79} INFO - Running: ['***', 'tasks', 'run', 'dag_etl', 'delete_s3_obj', 'manual__2023-04-30T08:59:26.372167+00:00', '--job-id', '180', '--raw', '--subdir', 'DAGS_FOLDER/dag_etl_taskflow.py', '--cfg-path', '/tmp/tmpvaw1kh4o', '--error-file', '/tmp/tmp9z432_at']
[2023-04-30 09:00:29,000] {standard_task_runner.py:80} INFO - Job 180: Subtask delete_s3_obj
[2023-04-30 09:00:30,742] {task_command.py:370} INFO - Running <TaskInstance: dag_etl.delete_s3_obj manual__2023-04-30T08:59:26.372167+00:00 [running]> on host 295d97741f96
[2023-04-30 09:00:35,130] {taskinstance.py:1571} INFO - Exporting the following env vars:
AIRFLOW_CTX_DAG_OWNER=Victor
AIRFLOW_CTX_DAG_ID=dag_etl
AIRFLOW_CTX_TASK_ID=delete_s3_obj
AIRFLOW_CTX_EXECUTION_DATE=2023-04-30T08:59:26.372167+00:00
AIRFLOW_CTX_TRY_NUMBER=1
AIRFLOW_CTX_DAG_RUN_ID=manual__2023-04-30T08:59:26.372167+00:00
[2023-04-30 09:00:35,450] {base.py:68} INFO - Using connection ID 'minio_conn' for task execution.
[2023-04-30 09:00:35,458] {base_aws.py:206} INFO - Credentials retrieved from login
[2023-04-30 09:00:36,994] {s3.py:841} INFO - Deleted: ['supermarket_sales.csv']
[2023-04-30 09:00:37,978] {taskinstance.py:1400} INFO - Marking task as SUCCESS. dag_id=dag_etl, task_id=delete_s3_obj, execution_date=20230430T085926, start_date=20230430T090027, end_date=20230430T090037
[2023-04-30 09:00:39,142] {local_task_job.py:156} INFO - Task exited with return code 0
[2023-04-30 09:00:39,631] {local_task_job.py:273} INFO - 0 downstream tasks scheduled from follow-on schedule check
