[2023-04-30 18:03:50,399] {taskinstance.py:1159} INFO - Dependencies all met for <TaskInstance: dag_etl.rename_extracted_file manual__2023-04-30T18:03:01.890216+00:00 [queued]>
[2023-04-30 18:03:50,587] {taskinstance.py:1159} INFO - Dependencies all met for <TaskInstance: dag_etl.rename_extracted_file manual__2023-04-30T18:03:01.890216+00:00 [queued]>
[2023-04-30 18:03:50,589] {taskinstance.py:1356} INFO - 
--------------------------------------------------------------------------------
[2023-04-30 18:03:50,593] {taskinstance.py:1357} INFO - Starting attempt 1 of 6
[2023-04-30 18:03:50,599] {taskinstance.py:1358} INFO - 
--------------------------------------------------------------------------------
[2023-04-30 18:03:50,875] {taskinstance.py:1377} INFO - Executing <Task(_PythonDecoratedOperator): rename_extracted_file> on 2023-04-30 18:03:01.890216+00:00
[2023-04-30 18:03:50,899] {standard_task_runner.py:52} INFO - Started process 1487 to run task
[2023-04-30 18:03:50,938] {standard_task_runner.py:79} INFO - Running: ['***', 'tasks', 'run', 'dag_etl', 'rename_extracted_file', 'manual__2023-04-30T18:03:01.890216+00:00', '--job-id', '357', '--raw', '--subdir', 'DAGS_FOLDER/dag_etl_taskflow.py', '--cfg-path', '/tmp/tmpirra722r', '--error-file', '/tmp/tmpa78nn3be']
[2023-04-30 18:03:50,943] {standard_task_runner.py:80} INFO - Job 357: Subtask rename_extracted_file
[2023-04-30 18:03:52,735] {task_command.py:370} INFO - Running <TaskInstance: dag_etl.rename_extracted_file manual__2023-04-30T18:03:01.890216+00:00 [running]> on host 295d97741f96
[2023-04-30 18:03:57,519] {taskinstance.py:1571} INFO - Exporting the following env vars:
AIRFLOW_CTX_DAG_OWNER=Victor
AIRFLOW_CTX_DAG_ID=dag_etl
AIRFLOW_CTX_TASK_ID=rename_extracted_file
AIRFLOW_CTX_EXECUTION_DATE=2023-04-30T18:03:01.890216+00:00
AIRFLOW_CTX_TRY_NUMBER=1
AIRFLOW_CTX_DAG_RUN_ID=manual__2023-04-30T18:03:01.890216+00:00
[2023-04-30 18:03:57,570] {python.py:173} INFO - Done. Returned value was: /opt/***/data
[2023-04-30 18:03:59,867] {taskinstance.py:1400} INFO - Marking task as SUCCESS. dag_id=dag_etl, task_id=rename_extracted_file, execution_date=20230430T180301, start_date=20230430T180350, end_date=20230430T180359
[2023-04-30 18:04:00,189] {local_task_job.py:156} INFO - Task exited with return code 0
[2023-04-30 18:04:01,562] {local_task_job.py:273} INFO - 7 downstream tasks scheduled from follow-on schedule check
