[2023-05-02 15:35:28,929] {taskinstance.py:1159} INFO - Dependencies all met for <TaskInstance: dag_etl_date.dim_city manual__2023-05-02T15:34:57.018665+00:00 [queued]>
[2023-05-02 15:35:29,116] {taskinstance.py:1159} INFO - Dependencies all met for <TaskInstance: dag_etl_date.dim_city manual__2023-05-02T15:34:57.018665+00:00 [queued]>
[2023-05-02 15:35:29,117] {taskinstance.py:1356} INFO - 
--------------------------------------------------------------------------------
[2023-05-02 15:35:29,118] {taskinstance.py:1357} INFO - Starting attempt 1 of 6
[2023-05-02 15:35:29,119] {taskinstance.py:1358} INFO - 
--------------------------------------------------------------------------------
[2023-05-02 15:35:29,504] {taskinstance.py:1377} INFO - Executing <Task(_PythonDecoratedOperator): dim_city> on 2023-05-02 15:34:57.018665+00:00
[2023-05-02 15:35:29,560] {standard_task_runner.py:79} INFO - Running: ['***', 'tasks', 'run', 'dag_etl_date', 'dim_city', 'manual__2023-05-02T15:34:57.018665+00:00', '--job-id', '736', '--raw', '--subdir', 'DAGS_FOLDER/dag_etl_taskflow_date.py', '--cfg-path', '/tmp/tmpc2qjrp5m', '--error-file', '/tmp/tmpoqegd9jq']
[2023-05-02 15:35:29,541] {standard_task_runner.py:52} INFO - Started process 918 to run task
[2023-05-02 15:35:29,568] {standard_task_runner.py:80} INFO - Job 736: Subtask dim_city
[2023-05-02 15:35:30,426] {task_command.py:370} INFO - Running <TaskInstance: dag_etl_date.dim_city manual__2023-05-02T15:34:57.018665+00:00 [running]> on host 295d97741f96
[2023-05-02 15:35:31,838] {taskinstance.py:1571} INFO - Exporting the following env vars:
AIRFLOW_CTX_DAG_OWNER=Victor
AIRFLOW_CTX_DAG_ID=dag_etl_date
AIRFLOW_CTX_TASK_ID=dim_city
AIRFLOW_CTX_EXECUTION_DATE=2023-05-02T15:34:57.018665+00:00
AIRFLOW_CTX_TRY_NUMBER=1
AIRFLOW_CTX_DAG_RUN_ID=manual__2023-05-02T15:34:57.018665+00:00
[2023-05-02 15:35:32,232] {base.py:68} INFO - Using connection ID 'postgres_conn' for task execution.
[2023-05-02 15:35:33,181] {python.py:173} INFO - Done. Returned value was: None
[2023-05-02 15:35:33,504] {taskinstance.py:1400} INFO - Marking task as SUCCESS. dag_id=dag_etl_date, task_id=dim_city, execution_date=20230502T153457, start_date=20230502T153528, end_date=20230502T153533
[2023-05-02 15:35:33,789] {local_task_job.py:156} INFO - Task exited with return code 0
[2023-05-02 15:35:34,781] {local_task_job.py:273} INFO - 0 downstream tasks scheduled from follow-on schedule check
