[2023-04-30 06:57:41,153] {taskinstance.py:1159} INFO - Dependencies all met for <TaskInstance: dag_etl.dim_time manual__2023-04-30T06:05:09.757169+00:00 [queued]>
[2023-04-30 06:57:41,616] {taskinstance.py:1159} INFO - Dependencies all met for <TaskInstance: dag_etl.dim_time manual__2023-04-30T06:05:09.757169+00:00 [queued]>
[2023-04-30 06:57:41,622] {taskinstance.py:1356} INFO - 
--------------------------------------------------------------------------------
[2023-04-30 06:57:41,627] {taskinstance.py:1357} INFO - Starting attempt 2 of 6
[2023-04-30 06:57:41,630] {taskinstance.py:1358} INFO - 
--------------------------------------------------------------------------------
[2023-04-30 06:57:42,308] {taskinstance.py:1377} INFO - Executing <Task(_PythonDecoratedOperator): dim_time> on 2023-04-30 06:05:09.757169+00:00
[2023-04-30 06:57:42,376] {standard_task_runner.py:52} INFO - Started process 386 to run task
[2023-04-30 06:57:42,488] {standard_task_runner.py:79} INFO - Running: ['***', 'tasks', 'run', 'dag_etl', 'dim_time', 'manual__2023-04-30T06:05:09.757169+00:00', '--job-id', '23', '--raw', '--subdir', 'DAGS_FOLDER/dag_etl_taskflow.py', '--cfg-path', '/tmp/tmpjy0nro8q', '--error-file', '/tmp/tmpyjg1h674']
[2023-04-30 06:57:42,503] {standard_task_runner.py:80} INFO - Job 23: Subtask dim_time
[2023-04-30 06:57:44,226] {task_command.py:370} INFO - Running <TaskInstance: dag_etl.dim_time manual__2023-04-30T06:05:09.757169+00:00 [running]> on host 295d97741f96
[2023-04-30 06:57:50,169] {taskinstance.py:1571} INFO - Exporting the following env vars:
AIRFLOW_CTX_DAG_OWNER=Victor
AIRFLOW_CTX_DAG_ID=dag_etl
AIRFLOW_CTX_TASK_ID=dim_time
AIRFLOW_CTX_EXECUTION_DATE=2023-04-30T06:05:09.757169+00:00
AIRFLOW_CTX_TRY_NUMBER=2
AIRFLOW_CTX_DAG_RUN_ID=manual__2023-04-30T06:05:09.757169+00:00
[2023-04-30 06:57:53,621] {base.py:68} INFO - Using connection ID 'postgres_conn' for task execution.
[2023-04-30 06:57:56,253] {python.py:173} INFO - Done. Returned value was: None
[2023-04-30 06:57:57,155] {taskinstance.py:1400} INFO - Marking task as SUCCESS. dag_id=dag_etl, task_id=dim_time, execution_date=20230430T060509, start_date=20230430T065741, end_date=20230430T065757
[2023-04-30 06:57:57,479] {local_task_job.py:156} INFO - Task exited with return code 0
[2023-04-30 06:57:58,346] {local_task_job.py:273} INFO - 0 downstream tasks scheduled from follow-on schedule check
