[2023-04-30 07:04:37,641] {taskinstance.py:1159} INFO - Dependencies all met for <TaskInstance: dag_etl.dim_payment scheduled__2023-04-28T00:00:00+00:00 [queued]>
[2023-04-30 07:04:37,975] {taskinstance.py:1159} INFO - Dependencies all met for <TaskInstance: dag_etl.dim_payment scheduled__2023-04-28T00:00:00+00:00 [queued]>
[2023-04-30 07:04:37,977] {taskinstance.py:1356} INFO - 
--------------------------------------------------------------------------------
[2023-04-30 07:04:37,978] {taskinstance.py:1357} INFO - Starting attempt 1 of 6
[2023-04-30 07:04:37,979] {taskinstance.py:1358} INFO - 
--------------------------------------------------------------------------------
[2023-04-30 07:04:38,802] {taskinstance.py:1377} INFO - Executing <Task(_PythonDecoratedOperator): dim_payment> on 2023-04-28 00:00:00+00:00
[2023-04-30 07:04:38,860] {standard_task_runner.py:52} INFO - Started process 1134 to run task
[2023-04-30 07:04:39,002] {standard_task_runner.py:79} INFO - Running: ['***', 'tasks', 'run', 'dag_etl', 'dim_payment', 'scheduled__2023-04-28T00:00:00+00:00', '--job-id', '81', '--raw', '--subdir', 'DAGS_FOLDER/dag_etl_taskflow.py', '--cfg-path', '/tmp/tmp443859wv', '--error-file', '/tmp/tmpoywdwuqj']
[2023-04-30 07:04:39,065] {standard_task_runner.py:80} INFO - Job 81: Subtask dim_payment
[2023-04-30 07:04:42,103] {task_command.py:370} INFO - Running <TaskInstance: dag_etl.dim_payment scheduled__2023-04-28T00:00:00+00:00 [running]> on host 295d97741f96
[2023-04-30 07:04:50,463] {taskinstance.py:1571} INFO - Exporting the following env vars:
AIRFLOW_CTX_DAG_OWNER=Victor
AIRFLOW_CTX_DAG_ID=dag_etl
AIRFLOW_CTX_TASK_ID=dim_payment
AIRFLOW_CTX_EXECUTION_DATE=2023-04-28T00:00:00+00:00
AIRFLOW_CTX_TRY_NUMBER=1
AIRFLOW_CTX_DAG_RUN_ID=scheduled__2023-04-28T00:00:00+00:00
[2023-04-30 07:04:53,295] {base.py:68} INFO - Using connection ID 'postgres_conn' for task execution.
[2023-04-30 07:04:55,139] {python.py:173} INFO - Done. Returned value was: None
[2023-04-30 07:04:56,485] {taskinstance.py:1400} INFO - Marking task as SUCCESS. dag_id=dag_etl, task_id=dim_payment, execution_date=20230428T000000, start_date=20230430T070437, end_date=20230430T070456
[2023-04-30 07:04:57,101] {local_task_job.py:156} INFO - Task exited with return code 0
[2023-04-30 07:04:58,712] {local_task_job.py:273} INFO - 0 downstream tasks scheduled from follow-on schedule check
