[2023-04-30 12:00:43,444] {taskinstance.py:1159} INFO - Dependencies all met for <TaskInstance: dag_etl.dim_payment manual__2023-04-30T11:58:50.689561+00:00 [queued]>
[2023-04-30 12:00:44,140] {taskinstance.py:1159} INFO - Dependencies all met for <TaskInstance: dag_etl.dim_payment manual__2023-04-30T11:58:50.689561+00:00 [queued]>
[2023-04-30 12:00:44,152] {taskinstance.py:1356} INFO - 
--------------------------------------------------------------------------------
[2023-04-30 12:00:44,163] {taskinstance.py:1357} INFO - Starting attempt 1 of 6
[2023-04-30 12:00:44,166] {taskinstance.py:1358} INFO - 
--------------------------------------------------------------------------------
[2023-04-30 12:00:45,754] {taskinstance.py:1377} INFO - Executing <Task(_PythonDecoratedOperator): dim_payment> on 2023-04-30 11:58:50.689561+00:00
[2023-04-30 12:00:46,033] {standard_task_runner.py:52} INFO - Started process 720 to run task
[2023-04-30 12:00:46,375] {standard_task_runner.py:79} INFO - Running: ['***', 'tasks', 'run', 'dag_etl', 'dim_payment', 'manual__2023-04-30T11:58:50.689561+00:00', '--job-id', '262', '--raw', '--subdir', 'DAGS_FOLDER/dag_etl_taskflow.py', '--cfg-path', '/tmp/tmpsnjqcqct', '--error-file', '/tmp/tmpv8cqe81k']
[2023-04-30 12:00:46,394] {standard_task_runner.py:80} INFO - Job 262: Subtask dim_payment
[2023-04-30 12:00:51,960] {task_command.py:370} INFO - Running <TaskInstance: dag_etl.dim_payment manual__2023-04-30T11:58:50.689561+00:00 [running]> on host 295d97741f96
[2023-04-30 12:01:00,643] {taskinstance.py:1571} INFO - Exporting the following env vars:
AIRFLOW_CTX_DAG_OWNER=Victor
AIRFLOW_CTX_DAG_ID=dag_etl
AIRFLOW_CTX_TASK_ID=dim_payment
AIRFLOW_CTX_EXECUTION_DATE=2023-04-30T11:58:50.689561+00:00
AIRFLOW_CTX_TRY_NUMBER=1
AIRFLOW_CTX_DAG_RUN_ID=manual__2023-04-30T11:58:50.689561+00:00
[2023-04-30 12:01:03,623] {base.py:68} INFO - Using connection ID 'postgres_conn' for task execution.
[2023-04-30 12:01:05,995] {python.py:173} INFO - Done. Returned value was: None
[2023-04-30 12:01:12,496] {taskinstance.py:1400} INFO - Marking task as SUCCESS. dag_id=dag_etl, task_id=dim_payment, execution_date=20230430T115850, start_date=20230430T120043, end_date=20230430T120112
[2023-04-30 12:01:13,946] {local_task_job.py:156} INFO - Task exited with return code 0
[2023-04-30 12:01:20,409] {local_task_job.py:273} INFO - 0 downstream tasks scheduled from follow-on schedule check
