[2023-05-03 18:35:36,555] {taskinstance.py:1159} INFO - Dependencies all met for <TaskInstance: dag_etl.dim_branch manual__2023-05-03T18:34:59.697678+00:00 [queued]>
[2023-05-03 18:35:36,830] {taskinstance.py:1159} INFO - Dependencies all met for <TaskInstance: dag_etl.dim_branch manual__2023-05-03T18:34:59.697678+00:00 [queued]>
[2023-05-03 18:35:36,860] {taskinstance.py:1356} INFO - 
--------------------------------------------------------------------------------
[2023-05-03 18:35:36,861] {taskinstance.py:1357} INFO - Starting attempt 1 of 6
[2023-05-03 18:35:36,862] {taskinstance.py:1358} INFO - 
--------------------------------------------------------------------------------
[2023-05-03 18:35:37,303] {taskinstance.py:1377} INFO - Executing <Task(_PythonDecoratedOperator): dim_branch> on 2023-05-03 18:34:59.697678+00:00
[2023-05-03 18:35:37,372] {standard_task_runner.py:52} INFO - Started process 539 to run task
[2023-05-03 18:35:37,422] {standard_task_runner.py:79} INFO - Running: ['***', 'tasks', 'run', 'dag_etl', 'dim_branch', 'manual__2023-05-03T18:34:59.697678+00:00', '--job-id', '862', '--raw', '--subdir', 'DAGS_FOLDER/dag_etl_taskflow.py', '--cfg-path', '/tmp/tmp35m304pn', '--error-file', '/tmp/tmpm80mz0ju']
[2023-05-03 18:35:37,429] {standard_task_runner.py:80} INFO - Job 862: Subtask dim_branch
[2023-05-03 18:35:39,254] {task_command.py:370} INFO - Running <TaskInstance: dag_etl.dim_branch manual__2023-05-03T18:34:59.697678+00:00 [running]> on host 295d97741f96
[2023-05-03 18:35:43,407] {taskinstance.py:1571} INFO - Exporting the following env vars:
AIRFLOW_CTX_DAG_OWNER=Victor
AIRFLOW_CTX_DAG_ID=dag_etl
AIRFLOW_CTX_TASK_ID=dim_branch
AIRFLOW_CTX_EXECUTION_DATE=2023-05-03T18:34:59.697678+00:00
AIRFLOW_CTX_TRY_NUMBER=1
AIRFLOW_CTX_DAG_RUN_ID=manual__2023-05-03T18:34:59.697678+00:00
[2023-05-03 18:35:44,156] {base.py:68} INFO - Using connection ID 'postgres_conn' for task execution.
[2023-05-03 18:35:44,800] {python.py:173} INFO - Done. Returned value was: None
[2023-05-03 18:35:45,094] {taskinstance.py:1400} INFO - Marking task as SUCCESS. dag_id=dag_etl, task_id=dim_branch, execution_date=20230503T183459, start_date=20230503T183536, end_date=20230503T183545
[2023-05-03 18:35:45,331] {local_task_job.py:156} INFO - Task exited with return code 0
[2023-05-03 18:35:45,898] {local_task_job.py:273} INFO - 0 downstream tasks scheduled from follow-on schedule check
