[2023-05-02 11:43:00,549] {taskinstance.py:1159} INFO - Dependencies all met for <TaskInstance: dag_etl.delete_s3_obj manual__2023-05-02T11:41:45.968792+00:00 [queued]>
[2023-05-02 11:43:00,688] {taskinstance.py:1159} INFO - Dependencies all met for <TaskInstance: dag_etl.delete_s3_obj manual__2023-05-02T11:41:45.968792+00:00 [queued]>
[2023-05-02 11:43:00,692] {taskinstance.py:1356} INFO - 
--------------------------------------------------------------------------------
[2023-05-02 11:43:00,694] {taskinstance.py:1357} INFO - Starting attempt 1 of 6
[2023-05-02 11:43:00,696] {taskinstance.py:1358} INFO - 
--------------------------------------------------------------------------------
[2023-05-02 11:43:00,960] {taskinstance.py:1377} INFO - Executing <Task(S3DeleteObjectsOperator): delete_s3_obj> on 2023-05-02 11:41:45.968792+00:00
[2023-05-02 11:43:00,988] {standard_task_runner.py:52} INFO - Started process 754 to run task
[2023-05-02 11:43:01,025] {standard_task_runner.py:79} INFO - Running: ['***', 'tasks', 'run', 'dag_etl', 'delete_s3_obj', 'manual__2023-05-02T11:41:45.968792+00:00', '--job-id', '499', '--raw', '--subdir', 'DAGS_FOLDER/dag_etl_taskflow.py', '--cfg-path', '/tmp/tmp133ivhak', '--error-file', '/tmp/tmpm10wpzno']
[2023-05-02 11:43:01,030] {standard_task_runner.py:80} INFO - Job 499: Subtask delete_s3_obj
[2023-05-02 11:43:02,883] {task_command.py:370} INFO - Running <TaskInstance: dag_etl.delete_s3_obj manual__2023-05-02T11:41:45.968792+00:00 [running]> on host 295d97741f96
[2023-05-02 11:43:05,859] {taskinstance.py:1571} INFO - Exporting the following env vars:
AIRFLOW_CTX_DAG_OWNER=Victor
AIRFLOW_CTX_DAG_ID=dag_etl
AIRFLOW_CTX_TASK_ID=delete_s3_obj
AIRFLOW_CTX_EXECUTION_DATE=2023-05-02T11:41:45.968792+00:00
AIRFLOW_CTX_TRY_NUMBER=1
AIRFLOW_CTX_DAG_RUN_ID=manual__2023-05-02T11:41:45.968792+00:00
[2023-05-02 11:43:06,138] {base.py:68} INFO - Using connection ID 'minio_conn' for task execution.
[2023-05-02 11:43:06,146] {base_aws.py:206} INFO - Credentials retrieved from login
[2023-05-02 11:43:07,377] {s3.py:841} INFO - Deleted: ['supermarket_sales.csv']
[2023-05-02 11:43:08,002] {taskinstance.py:1400} INFO - Marking task as SUCCESS. dag_id=dag_etl, task_id=delete_s3_obj, execution_date=20230502T114145, start_date=20230502T114300, end_date=20230502T114308
[2023-05-02 11:43:08,281] {local_task_job.py:156} INFO - Task exited with return code 0
[2023-05-02 11:43:08,880] {local_task_job.py:273} INFO - 0 downstream tasks scheduled from follow-on schedule check
