[2023-05-02 16:28:30,697] {taskinstance.py:1159} INFO - Dependencies all met for <TaskInstance: dag_etl.dim_product_line manual__2023-05-02T16:27:47.576051+00:00 [queued]>
[2023-05-02 16:28:30,856] {taskinstance.py:1159} INFO - Dependencies all met for <TaskInstance: dag_etl.dim_product_line manual__2023-05-02T16:27:47.576051+00:00 [queued]>
[2023-05-02 16:28:30,860] {taskinstance.py:1356} INFO - 
--------------------------------------------------------------------------------
[2023-05-02 16:28:30,864] {taskinstance.py:1357} INFO - Starting attempt 1 of 6
[2023-05-02 16:28:30,866] {taskinstance.py:1358} INFO - 
--------------------------------------------------------------------------------
[2023-05-02 16:28:31,190] {taskinstance.py:1377} INFO - Executing <Task(_PythonDecoratedOperator): dim_product_line> on 2023-05-02 16:27:47.576051+00:00
[2023-05-02 16:28:31,230] {standard_task_runner.py:52} INFO - Started process 418 to run task
[2023-05-02 16:28:31,248] {standard_task_runner.py:79} INFO - Running: ['***', 'tasks', 'run', 'dag_etl', 'dim_product_line', 'manual__2023-05-02T16:27:47.576051+00:00', '--job-id', '754', '--raw', '--subdir', 'DAGS_FOLDER/dag_etl_taskflow.py', '--cfg-path', '/tmp/tmp65mdbc2t', '--error-file', '/tmp/tmppodqk0cx']
[2023-05-02 16:28:31,258] {standard_task_runner.py:80} INFO - Job 754: Subtask dim_product_line
[2023-05-02 16:28:31,945] {task_command.py:370} INFO - Running <TaskInstance: dag_etl.dim_product_line manual__2023-05-02T16:27:47.576051+00:00 [running]> on host 295d97741f96
[2023-05-02 16:28:38,527] {taskinstance.py:1571} INFO - Exporting the following env vars:
AIRFLOW_CTX_DAG_OWNER=Victor
AIRFLOW_CTX_DAG_ID=dag_etl
AIRFLOW_CTX_TASK_ID=dim_product_line
AIRFLOW_CTX_EXECUTION_DATE=2023-05-02T16:27:47.576051+00:00
AIRFLOW_CTX_TRY_NUMBER=1
AIRFLOW_CTX_DAG_RUN_ID=manual__2023-05-02T16:27:47.576051+00:00
[2023-05-02 16:28:39,190] {base.py:68} INFO - Using connection ID 'postgres_conn' for task execution.
[2023-05-02 16:28:39,589] {python.py:173} INFO - Done. Returned value was: None
[2023-05-02 16:28:39,921] {taskinstance.py:1400} INFO - Marking task as SUCCESS. dag_id=dag_etl, task_id=dim_product_line, execution_date=20230502T162747, start_date=20230502T162830, end_date=20230502T162839
[2023-05-02 16:28:40,218] {local_task_job.py:156} INFO - Task exited with return code 0
[2023-05-02 16:28:41,342] {local_task_job.py:273} INFO - 0 downstream tasks scheduled from follow-on schedule check
