[2023-04-30 07:36:59,246] {taskinstance.py:1159} INFO - Dependencies all met for <TaskInstance: dag_etl.dim_customer_type manual__2023-04-30T07:36:08.295748+00:00 [queued]>
[2023-04-30 07:36:59,777] {taskinstance.py:1159} INFO - Dependencies all met for <TaskInstance: dag_etl.dim_customer_type manual__2023-04-30T07:36:08.295748+00:00 [queued]>
[2023-04-30 07:36:59,782] {taskinstance.py:1356} INFO - 
--------------------------------------------------------------------------------
[2023-04-30 07:36:59,786] {taskinstance.py:1357} INFO - Starting attempt 1 of 6
[2023-04-30 07:36:59,792] {taskinstance.py:1358} INFO - 
--------------------------------------------------------------------------------
[2023-04-30 07:37:00,504] {taskinstance.py:1377} INFO - Executing <Task(_PythonDecoratedOperator): dim_customer_type> on 2023-04-30 07:36:08.295748+00:00
[2023-04-30 07:37:00,628] {standard_task_runner.py:79} INFO - Running: ['***', 'tasks', 'run', 'dag_etl', 'dim_customer_type', 'manual__2023-04-30T07:36:08.295748+00:00', '--job-id', '115', '--raw', '--subdir', 'DAGS_FOLDER/dag_etl_taskflow.py', '--cfg-path', '/tmp/tmpfy8ldl73', '--error-file', '/tmp/tmpnq3kultb']
[2023-04-30 07:37:00,605] {standard_task_runner.py:52} INFO - Started process 481 to run task
[2023-04-30 07:37:00,644] {standard_task_runner.py:80} INFO - Job 115: Subtask dim_customer_type
[2023-04-30 07:37:02,739] {task_command.py:370} INFO - Running <TaskInstance: dag_etl.dim_customer_type manual__2023-04-30T07:36:08.295748+00:00 [running]> on host 295d97741f96
[2023-04-30 07:37:05,969] {taskinstance.py:1571} INFO - Exporting the following env vars:
AIRFLOW_CTX_DAG_OWNER=Victor
AIRFLOW_CTX_DAG_ID=dag_etl
AIRFLOW_CTX_TASK_ID=dim_customer_type
AIRFLOW_CTX_EXECUTION_DATE=2023-04-30T07:36:08.295748+00:00
AIRFLOW_CTX_TRY_NUMBER=1
AIRFLOW_CTX_DAG_RUN_ID=manual__2023-04-30T07:36:08.295748+00:00
[2023-04-30 07:37:06,911] {base.py:68} INFO - Using connection ID 'postgres_conn' for task execution.
[2023-04-30 07:37:07,458] {python.py:173} INFO - Done. Returned value was: None
[2023-04-30 07:37:08,260] {taskinstance.py:1400} INFO - Marking task as SUCCESS. dag_id=dag_etl, task_id=dim_customer_type, execution_date=20230430T073608, start_date=20230430T073659, end_date=20230430T073708
[2023-04-30 07:37:08,859] {local_task_job.py:156} INFO - Task exited with return code 0
[2023-04-30 07:37:11,484] {local_task_job.py:273} INFO - 0 downstream tasks scheduled from follow-on schedule check
