[2023-05-02 13:44:18,196] {taskinstance.py:1159} INFO - Dependencies all met for <TaskInstance: dag_etl.dim_time manual__2023-05-02T13:43:58.584891+00:00 [queued]>
[2023-05-02 13:44:18,322] {taskinstance.py:1159} INFO - Dependencies all met for <TaskInstance: dag_etl.dim_time manual__2023-05-02T13:43:58.584891+00:00 [queued]>
[2023-05-02 13:44:18,324] {taskinstance.py:1356} INFO - 
--------------------------------------------------------------------------------
[2023-05-02 13:44:18,325] {taskinstance.py:1357} INFO - Starting attempt 1 of 6
[2023-05-02 13:44:18,326] {taskinstance.py:1358} INFO - 
--------------------------------------------------------------------------------
[2023-05-02 13:44:18,731] {taskinstance.py:1377} INFO - Executing <Task(_PythonDecoratedOperator): dim_time> on 2023-05-02 13:43:58.584891+00:00
[2023-05-02 13:44:18,757] {standard_task_runner.py:52} INFO - Started process 532 to run task
[2023-05-02 13:44:18,791] {standard_task_runner.py:79} INFO - Running: ['***', 'tasks', 'run', 'dag_etl', 'dim_time', 'manual__2023-05-02T13:43:58.584891+00:00', '--job-id', '548', '--raw', '--subdir', 'DAGS_FOLDER/dag_etl_taskflow.py', '--cfg-path', '/tmp/tmpwtgojof5', '--error-file', '/tmp/tmpuhyk4jjm']
[2023-05-02 13:44:18,804] {standard_task_runner.py:80} INFO - Job 548: Subtask dim_time
[2023-05-02 13:44:19,673] {task_command.py:370} INFO - Running <TaskInstance: dag_etl.dim_time manual__2023-05-02T13:43:58.584891+00:00 [running]> on host 295d97741f96
[2023-05-02 13:44:20,810] {taskinstance.py:1571} INFO - Exporting the following env vars:
AIRFLOW_CTX_DAG_OWNER=Victor
AIRFLOW_CTX_DAG_ID=dag_etl
AIRFLOW_CTX_TASK_ID=dim_time
AIRFLOW_CTX_EXECUTION_DATE=2023-05-02T13:43:58.584891+00:00
AIRFLOW_CTX_TRY_NUMBER=1
AIRFLOW_CTX_DAG_RUN_ID=manual__2023-05-02T13:43:58.584891+00:00
[2023-05-02 13:44:21,175] {base.py:68} INFO - Using connection ID 'postgres_conn' for task execution.
[2023-05-02 13:44:21,869] {python.py:173} INFO - Done. Returned value was: None
[2023-05-02 13:44:22,196] {taskinstance.py:1400} INFO - Marking task as SUCCESS. dag_id=dag_etl, task_id=dim_time, execution_date=20230502T134358, start_date=20230502T134418, end_date=20230502T134422
[2023-05-02 13:44:22,326] {local_task_job.py:156} INFO - Task exited with return code 0
[2023-05-02 13:44:22,632] {local_task_job.py:273} INFO - 0 downstream tasks scheduled from follow-on schedule check
