[2023-05-02 10:40:11,617] {taskinstance.py:1159} INFO - Dependencies all met for <TaskInstance: dag_etl.rename_extracted_file manual__2023-05-02T10:39:49.817893+00:00 [queued]>
[2023-05-02 10:40:11,730] {taskinstance.py:1159} INFO - Dependencies all met for <TaskInstance: dag_etl.rename_extracted_file manual__2023-05-02T10:39:49.817893+00:00 [queued]>
[2023-05-02 10:40:11,742] {taskinstance.py:1356} INFO - 
--------------------------------------------------------------------------------
[2023-05-02 10:40:11,746] {taskinstance.py:1357} INFO - Starting attempt 1 of 6
[2023-05-02 10:40:11,754] {taskinstance.py:1358} INFO - 
--------------------------------------------------------------------------------
[2023-05-02 10:40:11,926] {taskinstance.py:1377} INFO - Executing <Task(_PythonDecoratedOperator): rename_extracted_file> on 2023-05-02 10:39:49.817893+00:00
[2023-05-02 10:40:11,946] {standard_task_runner.py:52} INFO - Started process 1279 to run task
[2023-05-02 10:40:11,973] {standard_task_runner.py:79} INFO - Running: ['***', 'tasks', 'run', 'dag_etl', 'rename_extracted_file', 'manual__2023-05-02T10:39:49.817893+00:00', '--job-id', '455', '--raw', '--subdir', 'DAGS_FOLDER/dag_etl_taskflow.py', '--cfg-path', '/tmp/tmpa18ie6pz', '--error-file', '/tmp/tmp7n_80bpm']
[2023-05-02 10:40:11,976] {standard_task_runner.py:80} INFO - Job 455: Subtask rename_extracted_file
[2023-05-02 10:40:13,183] {task_command.py:370} INFO - Running <TaskInstance: dag_etl.rename_extracted_file manual__2023-05-02T10:39:49.817893+00:00 [running]> on host 295d97741f96
[2023-05-02 10:40:15,103] {taskinstance.py:1571} INFO - Exporting the following env vars:
AIRFLOW_CTX_DAG_OWNER=Victor
AIRFLOW_CTX_DAG_ID=dag_etl
AIRFLOW_CTX_TASK_ID=rename_extracted_file
AIRFLOW_CTX_EXECUTION_DATE=2023-05-02T10:39:49.817893+00:00
AIRFLOW_CTX_TRY_NUMBER=1
AIRFLOW_CTX_DAG_RUN_ID=manual__2023-05-02T10:39:49.817893+00:00
[2023-05-02 10:40:15,118] {python.py:173} INFO - Done. Returned value was: /opt/***/data
[2023-05-02 10:40:15,789] {taskinstance.py:1400} INFO - Marking task as SUCCESS. dag_id=dag_etl, task_id=rename_extracted_file, execution_date=20230502T103949, start_date=20230502T104011, end_date=20230502T104015
[2023-05-02 10:40:16,007] {local_task_job.py:156} INFO - Task exited with return code 0
[2023-05-02 10:40:16,865] {local_task_job.py:273} INFO - 0 downstream tasks scheduled from follow-on schedule check
