[2023-05-02 17:07:53,200] {taskinstance.py:1159} INFO - Dependencies all met for <TaskInstance: dag_etl.dim_product_line manual__2023-05-02T17:07:23.457042+00:00 [queued]>
[2023-05-02 17:07:53,358] {taskinstance.py:1159} INFO - Dependencies all met for <TaskInstance: dag_etl.dim_product_line manual__2023-05-02T17:07:23.457042+00:00 [queued]>
[2023-05-02 17:07:53,362] {taskinstance.py:1356} INFO - 
--------------------------------------------------------------------------------
[2023-05-02 17:07:53,364] {taskinstance.py:1357} INFO - Starting attempt 1 of 6
[2023-05-02 17:07:53,366] {taskinstance.py:1358} INFO - 
--------------------------------------------------------------------------------
[2023-05-02 17:07:53,854] {taskinstance.py:1377} INFO - Executing <Task(_PythonDecoratedOperator): dim_product_line> on 2023-05-02 17:07:23.457042+00:00
[2023-05-02 17:07:53,926] {standard_task_runner.py:52} INFO - Started process 2000 to run task
[2023-05-02 17:07:54,019] {standard_task_runner.py:79} INFO - Running: ['***', 'tasks', 'run', 'dag_etl', 'dim_product_line', 'manual__2023-05-02T17:07:23.457042+00:00', '--job-id', '828', '--raw', '--subdir', 'DAGS_FOLDER/dag_etl_taskflow.py', '--cfg-path', '/tmp/tmprdmg7pkb', '--error-file', '/tmp/tmpwsu_va6z']
[2023-05-02 17:07:54,041] {standard_task_runner.py:80} INFO - Job 828: Subtask dim_product_line
[2023-05-02 17:07:55,605] {task_command.py:370} INFO - Running <TaskInstance: dag_etl.dim_product_line manual__2023-05-02T17:07:23.457042+00:00 [running]> on host 295d97741f96
[2023-05-02 17:08:00,572] {taskinstance.py:1571} INFO - Exporting the following env vars:
AIRFLOW_CTX_DAG_OWNER=Victor
AIRFLOW_CTX_DAG_ID=dag_etl
AIRFLOW_CTX_TASK_ID=dim_product_line
AIRFLOW_CTX_EXECUTION_DATE=2023-05-02T17:07:23.457042+00:00
AIRFLOW_CTX_TRY_NUMBER=1
AIRFLOW_CTX_DAG_RUN_ID=manual__2023-05-02T17:07:23.457042+00:00
[2023-05-02 17:08:01,540] {base.py:68} INFO - Using connection ID 'postgres_conn' for task execution.
[2023-05-02 17:08:02,780] {python.py:173} INFO - Done. Returned value was: None
[2023-05-02 17:08:03,824] {taskinstance.py:1400} INFO - Marking task as SUCCESS. dag_id=dag_etl, task_id=dim_product_line, execution_date=20230502T170723, start_date=20230502T170753, end_date=20230502T170803
[2023-05-02 17:08:04,138] {local_task_job.py:156} INFO - Task exited with return code 0
[2023-05-02 17:08:05,642] {local_task_job.py:273} INFO - 0 downstream tasks scheduled from follow-on schedule check
