[2023-05-02 10:43:32,919] {taskinstance.py:1159} INFO - Dependencies all met for <TaskInstance: dag_etl.rename_extracted_file manual__2023-05-02T10:43:11.140829+00:00 [queued]>
[2023-05-02 10:43:33,001] {taskinstance.py:1159} INFO - Dependencies all met for <TaskInstance: dag_etl.rename_extracted_file manual__2023-05-02T10:43:11.140829+00:00 [queued]>
[2023-05-02 10:43:33,002] {taskinstance.py:1356} INFO - 
--------------------------------------------------------------------------------
[2023-05-02 10:43:33,003] {taskinstance.py:1357} INFO - Starting attempt 1 of 6
[2023-05-02 10:43:33,004] {taskinstance.py:1358} INFO - 
--------------------------------------------------------------------------------
[2023-05-02 10:43:33,137] {taskinstance.py:1377} INFO - Executing <Task(_PythonDecoratedOperator): rename_extracted_file> on 2023-05-02 10:43:11.140829+00:00
[2023-05-02 10:43:33,161] {standard_task_runner.py:52} INFO - Started process 1601 to run task
[2023-05-02 10:43:33,188] {standard_task_runner.py:79} INFO - Running: ['***', 'tasks', 'run', 'dag_etl', 'rename_extracted_file', 'manual__2023-05-02T10:43:11.140829+00:00', '--job-id', '473', '--raw', '--subdir', 'DAGS_FOLDER/dag_etl_taskflow.py', '--cfg-path', '/tmp/tmp56i9mp_r', '--error-file', '/tmp/tmp5epv_c7b']
[2023-05-02 10:43:33,196] {standard_task_runner.py:80} INFO - Job 473: Subtask rename_extracted_file
[2023-05-02 10:43:33,981] {task_command.py:370} INFO - Running <TaskInstance: dag_etl.rename_extracted_file manual__2023-05-02T10:43:11.140829+00:00 [running]> on host 295d97741f96
[2023-05-02 10:43:35,441] {taskinstance.py:1571} INFO - Exporting the following env vars:
AIRFLOW_CTX_DAG_OWNER=Victor
AIRFLOW_CTX_DAG_ID=dag_etl
AIRFLOW_CTX_TASK_ID=rename_extracted_file
AIRFLOW_CTX_EXECUTION_DATE=2023-05-02T10:43:11.140829+00:00
AIRFLOW_CTX_TRY_NUMBER=1
AIRFLOW_CTX_DAG_RUN_ID=manual__2023-05-02T10:43:11.140829+00:00
[2023-05-02 10:43:35,446] {python.py:173} INFO - Done. Returned value was: /opt/***/data
[2023-05-02 10:43:35,744] {taskinstance.py:1400} INFO - Marking task as SUCCESS. dag_id=dag_etl, task_id=rename_extracted_file, execution_date=20230502T104311, start_date=20230502T104332, end_date=20230502T104335
[2023-05-02 10:43:35,884] {local_task_job.py:156} INFO - Task exited with return code 0
[2023-05-02 10:43:36,622] {local_task_job.py:273} INFO - 7 downstream tasks scheduled from follow-on schedule check
