[2023-04-30 06:06:12,251] {taskinstance.py:1159} INFO - Dependencies all met for <TaskInstance: dag_etl.extract_from_s3 scheduled__2023-04-28T00:00:00+00:00 [queued]>
[2023-04-30 06:06:12,699] {taskinstance.py:1159} INFO - Dependencies all met for <TaskInstance: dag_etl.extract_from_s3 scheduled__2023-04-28T00:00:00+00:00 [queued]>
[2023-04-30 06:06:12,704] {taskinstance.py:1356} INFO - 
--------------------------------------------------------------------------------
[2023-04-30 06:06:12,706] {taskinstance.py:1357} INFO - Starting attempt 1 of 6
[2023-04-30 06:06:12,707] {taskinstance.py:1358} INFO - 
--------------------------------------------------------------------------------
[2023-04-30 06:06:13,308] {taskinstance.py:1377} INFO - Executing <Task(_PythonDecoratedOperator): extract_from_s3> on 2023-04-28 00:00:00+00:00
[2023-04-30 06:06:13,423] {standard_task_runner.py:52} INFO - Started process 760 to run task
[2023-04-30 06:06:13,464] {standard_task_runner.py:79} INFO - Running: ['***', 'tasks', 'run', 'dag_etl', 'extract_from_s3', 'scheduled__2023-04-28T00:00:00+00:00', '--job-id', '11', '--raw', '--subdir', 'DAGS_FOLDER/dag_etl_taskflow.py', '--cfg-path', '/tmp/tmpzmw_ozjf', '--error-file', '/tmp/tmp8zo6qs4w']
[2023-04-30 06:06:13,468] {standard_task_runner.py:80} INFO - Job 11: Subtask extract_from_s3
[2023-04-30 06:06:15,448] {task_command.py:370} INFO - Running <TaskInstance: dag_etl.extract_from_s3 scheduled__2023-04-28T00:00:00+00:00 [running]> on host 295d97741f96
[2023-04-30 06:06:22,471] {taskinstance.py:1571} INFO - Exporting the following env vars:
AIRFLOW_CTX_DAG_OWNER=Victor
AIRFLOW_CTX_DAG_ID=dag_etl
AIRFLOW_CTX_TASK_ID=extract_from_s3
AIRFLOW_CTX_EXECUTION_DATE=2023-04-28T00:00:00+00:00
AIRFLOW_CTX_TRY_NUMBER=1
AIRFLOW_CTX_DAG_RUN_ID=scheduled__2023-04-28T00:00:00+00:00
[2023-04-30 06:06:22,577] {s3.py:861} INFO - Downloading source S3 file from Bucket raw with path supermarket_sales.csv
[2023-04-30 06:06:23,716] {base.py:68} INFO - Using connection ID 'minio_conn' for task execution.
[2023-04-30 06:06:23,790] {base_aws.py:206} INFO - Credentials retrieved from login
[2023-04-30 06:06:38,699] {python.py:173} INFO - Done. Returned value was: /opt/***/data/***_tmp_jtm5lht9
[2023-04-30 06:06:41,011] {taskinstance.py:1400} INFO - Marking task as SUCCESS. dag_id=dag_etl, task_id=extract_from_s3, execution_date=20230428T000000, start_date=20230430T060612, end_date=20230430T060641
[2023-04-30 06:06:42,964] {local_task_job.py:156} INFO - Task exited with return code 0
[2023-04-30 06:06:46,026] {local_task_job.py:273} INFO - 1 downstream tasks scheduled from follow-on schedule check
[2023-04-30 07:02:38,382] {taskinstance.py:1159} INFO - Dependencies all met for <TaskInstance: dag_etl.extract_from_s3 scheduled__2023-04-28T00:00:00+00:00 [queued]>
[2023-04-30 07:02:38,574] {taskinstance.py:1159} INFO - Dependencies all met for <TaskInstance: dag_etl.extract_from_s3 scheduled__2023-04-28T00:00:00+00:00 [queued]>
[2023-04-30 07:02:38,583] {taskinstance.py:1356} INFO - 
--------------------------------------------------------------------------------
[2023-04-30 07:02:38,589] {taskinstance.py:1357} INFO - Starting attempt 1 of 6
[2023-04-30 07:02:38,591] {taskinstance.py:1358} INFO - 
--------------------------------------------------------------------------------
[2023-04-30 07:02:38,959] {taskinstance.py:1377} INFO - Executing <Task(_PythonDecoratedOperator): extract_from_s3> on 2023-04-28 00:00:00+00:00
[2023-04-30 07:02:38,984] {standard_task_runner.py:52} INFO - Started process 844 to run task
[2023-04-30 07:02:39,018] {standard_task_runner.py:79} INFO - Running: ['***', 'tasks', 'run', 'dag_etl', 'extract_from_s3', 'scheduled__2023-04-28T00:00:00+00:00', '--job-id', '49', '--raw', '--subdir', 'DAGS_FOLDER/dag_etl_taskflow.py', '--cfg-path', '/tmp/tmpfk5dhuu1', '--error-file', '/tmp/tmpjbnukzyl']
[2023-04-30 07:02:39,037] {standard_task_runner.py:80} INFO - Job 49: Subtask extract_from_s3
[2023-04-30 07:02:40,259] {task_command.py:370} INFO - Running <TaskInstance: dag_etl.extract_from_s3 scheduled__2023-04-28T00:00:00+00:00 [running]> on host 295d97741f96
[2023-04-30 07:02:42,023] {taskinstance.py:1571} INFO - Exporting the following env vars:
AIRFLOW_CTX_DAG_OWNER=Victor
AIRFLOW_CTX_DAG_ID=dag_etl
AIRFLOW_CTX_TASK_ID=extract_from_s3
AIRFLOW_CTX_EXECUTION_DATE=2023-04-28T00:00:00+00:00
AIRFLOW_CTX_TRY_NUMBER=1
AIRFLOW_CTX_DAG_RUN_ID=scheduled__2023-04-28T00:00:00+00:00
[2023-04-30 07:02:42,028] {s3.py:861} INFO - Downloading source S3 file from Bucket raw with path supermarket_sales.csv
[2023-04-30 07:02:42,441] {base.py:68} INFO - Using connection ID 'minio_conn' for task execution.
[2023-04-30 07:02:42,453] {base_aws.py:206} INFO - Credentials retrieved from login
[2023-04-30 07:02:46,398] {python.py:173} INFO - Done. Returned value was: /opt/***/data/***_tmp_gf6nf9dj
[2023-04-30 07:02:47,358] {taskinstance.py:1400} INFO - Marking task as SUCCESS. dag_id=dag_etl, task_id=extract_from_s3, execution_date=20230428T000000, start_date=20230430T070238, end_date=20230430T070247
[2023-04-30 07:02:47,744] {local_task_job.py:156} INFO - Task exited with return code 0
[2023-04-30 07:02:48,567] {local_task_job.py:273} INFO - 1 downstream tasks scheduled from follow-on schedule check
[2023-04-30 11:59:21,924] {taskinstance.py:1159} INFO - Dependencies all met for <TaskInstance: dag_etl.extract_from_s3 scheduled__2023-04-28T00:00:00+00:00 [queued]>
[2023-04-30 11:59:22,142] {taskinstance.py:1159} INFO - Dependencies all met for <TaskInstance: dag_etl.extract_from_s3 scheduled__2023-04-28T00:00:00+00:00 [queued]>
[2023-04-30 11:59:22,148] {taskinstance.py:1356} INFO - 
--------------------------------------------------------------------------------
[2023-04-30 11:59:22,155] {taskinstance.py:1357} INFO - Starting attempt 1 of 6
[2023-04-30 11:59:22,157] {taskinstance.py:1358} INFO - 
--------------------------------------------------------------------------------
[2023-04-30 11:59:22,577] {taskinstance.py:1377} INFO - Executing <Task(_PythonDecoratedOperator): extract_from_s3> on 2023-04-28 00:00:00+00:00
[2023-04-30 11:59:22,614] {standard_task_runner.py:52} INFO - Started process 531 to run task
[2023-04-30 11:59:22,697] {standard_task_runner.py:79} INFO - Running: ['***', 'tasks', 'run', 'dag_etl', 'extract_from_s3', 'scheduled__2023-04-28T00:00:00+00:00', '--job-id', '243', '--raw', '--subdir', 'DAGS_FOLDER/dag_etl_taskflow.py', '--cfg-path', '/tmp/tmpebaqox3p', '--error-file', '/tmp/tmpg53f4pqc']
[2023-04-30 11:59:22,718] {standard_task_runner.py:80} INFO - Job 243: Subtask extract_from_s3
[2023-04-30 11:59:24,221] {task_command.py:370} INFO - Running <TaskInstance: dag_etl.extract_from_s3 scheduled__2023-04-28T00:00:00+00:00 [running]> on host 295d97741f96
[2023-04-30 11:59:26,144] {taskinstance.py:1571} INFO - Exporting the following env vars:
AIRFLOW_CTX_DAG_OWNER=Victor
AIRFLOW_CTX_DAG_ID=dag_etl
AIRFLOW_CTX_TASK_ID=extract_from_s3
AIRFLOW_CTX_EXECUTION_DATE=2023-04-28T00:00:00+00:00
AIRFLOW_CTX_TRY_NUMBER=1
AIRFLOW_CTX_DAG_RUN_ID=scheduled__2023-04-28T00:00:00+00:00
[2023-04-30 11:59:26,160] {s3.py:861} INFO - Downloading source S3 file from Bucket raw with path supermarket_sales.csv
[2023-04-30 11:59:26,585] {base.py:68} INFO - Using connection ID 'minio_conn' for task execution.
[2023-04-30 11:59:26,645] {base_aws.py:206} INFO - Credentials retrieved from login
[2023-04-30 11:59:30,734] {python.py:173} INFO - Done. Returned value was: /opt/***/data/***_tmp_vkfuvba3
[2023-04-30 11:59:31,532] {taskinstance.py:1400} INFO - Marking task as SUCCESS. dag_id=dag_etl, task_id=extract_from_s3, execution_date=20230428T000000, start_date=20230430T115921, end_date=20230430T115931
[2023-04-30 11:59:32,138] {local_task_job.py:156} INFO - Task exited with return code 0
[2023-04-30 11:59:35,480] {local_task_job.py:273} INFO - 0 downstream tasks scheduled from follow-on schedule check
[2023-05-02 10:37:23,608] {taskinstance.py:1159} INFO - Dependencies all met for <TaskInstance: dag_etl.extract_from_s3 scheduled__2023-04-28T00:00:00+00:00 [queued]>
[2023-05-02 10:37:23,747] {taskinstance.py:1159} INFO - Dependencies all met for <TaskInstance: dag_etl.extract_from_s3 scheduled__2023-04-28T00:00:00+00:00 [queued]>
[2023-05-02 10:37:23,750] {taskinstance.py:1356} INFO - 
--------------------------------------------------------------------------------
[2023-05-02 10:37:23,752] {taskinstance.py:1357} INFO - Starting attempt 1 of 6
[2023-05-02 10:37:23,753] {taskinstance.py:1358} INFO - 
--------------------------------------------------------------------------------
[2023-05-02 10:37:24,056] {taskinstance.py:1377} INFO - Executing <Task(_PythonDecoratedOperator): extract_from_s3> on 2023-04-28 00:00:00+00:00
[2023-05-02 10:37:24,097] {standard_task_runner.py:52} INFO - Started process 940 to run task
[2023-05-02 10:37:24,159] {standard_task_runner.py:79} INFO - Running: ['***', 'tasks', 'run', 'dag_etl', 'extract_from_s3', 'scheduled__2023-04-28T00:00:00+00:00', '--job-id', '418', '--raw', '--subdir', 'DAGS_FOLDER/dag_etl_taskflow.py', '--cfg-path', '/tmp/tmpqzzo5bxn', '--error-file', '/tmp/tmpmao4uxrk']
[2023-05-02 10:37:24,167] {standard_task_runner.py:80} INFO - Job 418: Subtask extract_from_s3
[2023-05-02 10:37:25,850] {task_command.py:370} INFO - Running <TaskInstance: dag_etl.extract_from_s3 scheduled__2023-04-28T00:00:00+00:00 [running]> on host 295d97741f96
[2023-05-02 10:37:28,061] {taskinstance.py:1571} INFO - Exporting the following env vars:
AIRFLOW_CTX_DAG_OWNER=Victor
AIRFLOW_CTX_DAG_ID=dag_etl
AIRFLOW_CTX_TASK_ID=extract_from_s3
AIRFLOW_CTX_EXECUTION_DATE=2023-04-28T00:00:00+00:00
AIRFLOW_CTX_TRY_NUMBER=1
AIRFLOW_CTX_DAG_RUN_ID=scheduled__2023-04-28T00:00:00+00:00
[2023-05-02 10:37:28,068] {s3.py:861} INFO - Downloading source S3 file from Bucket raw with path supermarket_sales.csv
[2023-05-02 10:37:28,293] {base.py:68} INFO - Using connection ID 'minio_conn' for task execution.
[2023-05-02 10:37:28,322] {base_aws.py:206} INFO - Credentials retrieved from login
[2023-05-02 10:37:37,702] {python.py:173} INFO - Done. Returned value was: /opt/***/data/***_tmp_m38ml5ij
[2023-05-02 10:37:39,353] {taskinstance.py:1400} INFO - Marking task as SUCCESS. dag_id=dag_etl, task_id=extract_from_s3, execution_date=20230428T000000, start_date=20230502T103723, end_date=20230502T103739
[2023-05-02 10:37:40,039] {local_task_job.py:156} INFO - Task exited with return code 0
[2023-05-02 10:37:41,902] {local_task_job.py:273} INFO - 1 downstream tasks scheduled from follow-on schedule check
