[2023-04-30 09:01:10,033] {taskinstance.py:1159} INFO - Dependencies all met for <TaskInstance: dag_etl.update_fact_table manual__2023-04-30T08:59:26.372167+00:00 [queued]>
[2023-04-30 09:01:10,118] {taskinstance.py:1159} INFO - Dependencies all met for <TaskInstance: dag_etl.update_fact_table manual__2023-04-30T08:59:26.372167+00:00 [queued]>
[2023-04-30 09:01:10,120] {taskinstance.py:1356} INFO - 
--------------------------------------------------------------------------------
[2023-04-30 09:01:10,121] {taskinstance.py:1357} INFO - Starting attempt 1 of 6
[2023-04-30 09:01:10,122] {taskinstance.py:1358} INFO - 
--------------------------------------------------------------------------------
[2023-04-30 09:01:10,220] {taskinstance.py:1377} INFO - Executing <Task(PostgresOperator): update_fact_table> on 2023-04-30 08:59:26.372167+00:00
[2023-04-30 09:01:10,230] {standard_task_runner.py:52} INFO - Started process 574 to run task
[2023-04-30 09:01:10,240] {standard_task_runner.py:79} INFO - Running: ['***', 'tasks', 'run', 'dag_etl', 'update_fact_table', 'manual__2023-04-30T08:59:26.372167+00:00', '--job-id', '183', '--raw', '--subdir', 'DAGS_FOLDER/dag_etl_taskflow.py', '--cfg-path', '/tmp/tmpwd2t58xa', '--error-file', '/tmp/tmp5g76j87j']
[2023-04-30 09:01:10,242] {standard_task_runner.py:80} INFO - Job 183: Subtask update_fact_table
[2023-04-30 09:01:10,641] {task_command.py:370} INFO - Running <TaskInstance: dag_etl.update_fact_table manual__2023-04-30T08:59:26.372167+00:00 [running]> on host 295d97741f96
[2023-04-30 09:01:11,264] {taskinstance.py:1571} INFO - Exporting the following env vars:
AIRFLOW_CTX_DAG_OWNER=Victor
AIRFLOW_CTX_DAG_ID=dag_etl
AIRFLOW_CTX_TASK_ID=update_fact_table
AIRFLOW_CTX_EXECUTION_DATE=2023-04-30T08:59:26.372167+00:00
AIRFLOW_CTX_TRY_NUMBER=1
AIRFLOW_CTX_DAG_RUN_ID=manual__2023-04-30T08:59:26.372167+00:00
[2023-04-30 09:01:11,350] {base.py:68} INFO - Using connection ID 'postgres_conn' for task execution.
[2023-04-30 09:01:11,407] {dbapi.py:213} INFO - Running statement: 
            SET search_path TO nds;
            INSERT INTO fact_sales (invoice_id, branch, city, customer_type, gender,
                                    product_line, unit_price, quantity, "tax_5%", total, date,
                                    time, payment, cogs, gross_margin_percentage, gross_income, rating)
            (SELECT 
                    invoice_id, branch, city, customer_type, gender, 
                    product_line, unit_price, quantity, "tax_5%", total, date::date,
                    time, payment, cogs, gross_margin_percentage, gross_income, rating 
            FROM stage.fact_sales WHERE invoice_id NOT IN (SELECT invoice_id FROM fact_sales));
            , parameters: None
[2023-04-30 09:01:11,779] {dbapi.py:221} INFO - Rows affected: 1000
[2023-04-30 09:01:11,901] {taskinstance.py:1400} INFO - Marking task as SUCCESS. dag_id=dag_etl, task_id=update_fact_table, execution_date=20230430T085926, start_date=20230430T090110, end_date=20230430T090111
[2023-04-30 09:01:11,991] {local_task_job.py:156} INFO - Task exited with return code 0
[2023-04-30 09:01:12,251] {local_task_job.py:273} INFO - 0 downstream tasks scheduled from follow-on schedule check
