[2023-05-02 10:31:38,276] {taskinstance.py:1159} INFO - Dependencies all met for <TaskInstance: dag_etl.extract_from_s3 scheduled__2023-04-29T00:00:00+00:00 [queued]>
[2023-05-02 10:31:39,087] {taskinstance.py:1159} INFO - Dependencies all met for <TaskInstance: dag_etl.extract_from_s3 scheduled__2023-04-29T00:00:00+00:00 [queued]>
[2023-05-02 10:31:39,101] {taskinstance.py:1356} INFO - 
--------------------------------------------------------------------------------
[2023-05-02 10:31:39,103] {taskinstance.py:1357} INFO - Starting attempt 6 of 6
[2023-05-02 10:31:39,104] {taskinstance.py:1358} INFO - 
--------------------------------------------------------------------------------
[2023-05-02 10:31:40,409] {taskinstance.py:1377} INFO - Executing <Task(_PythonDecoratedOperator): extract_from_s3> on 2023-04-29 00:00:00+00:00
[2023-05-02 10:31:40,515] {standard_task_runner.py:52} INFO - Started process 361 to run task
[2023-05-02 10:31:40,739] {standard_task_runner.py:79} INFO - Running: ['***', 'tasks', 'run', 'dag_etl', 'extract_from_s3', 'scheduled__2023-04-29T00:00:00+00:00', '--job-id', '387', '--raw', '--subdir', 'DAGS_FOLDER/dag_etl_taskflow.py', '--cfg-path', '/tmp/tmp_cw1gq0d', '--error-file', '/tmp/tmppqdotkjq']
[2023-05-02 10:31:40,781] {standard_task_runner.py:80} INFO - Job 387: Subtask extract_from_s3
[2023-05-02 10:31:44,467] {task_command.py:370} INFO - Running <TaskInstance: dag_etl.extract_from_s3 scheduled__2023-04-29T00:00:00+00:00 [running]> on host 295d97741f96
[2023-05-02 10:31:50,846] {taskinstance.py:1571} INFO - Exporting the following env vars:
AIRFLOW_CTX_DAG_OWNER=Victor
AIRFLOW_CTX_DAG_ID=dag_etl
AIRFLOW_CTX_TASK_ID=extract_from_s3
AIRFLOW_CTX_EXECUTION_DATE=2023-04-29T00:00:00+00:00
AIRFLOW_CTX_TRY_NUMBER=6
AIRFLOW_CTX_DAG_RUN_ID=scheduled__2023-04-29T00:00:00+00:00
[2023-05-02 10:31:50,865] {s3.py:861} INFO - Downloading source S3 file from Bucket raw with path supermarket_sales.csv
[2023-05-02 10:31:51,223] {base.py:68} INFO - Using connection ID 'minio_conn' for task execution.
[2023-05-02 10:31:51,247] {base_aws.py:206} INFO - Credentials retrieved from login
[2023-05-02 10:31:59,676] {python.py:173} INFO - Done. Returned value was: /opt/***/data/***_tmp_04o2cq88
[2023-05-02 10:32:03,419] {taskinstance.py:1400} INFO - Marking task as SUCCESS. dag_id=dag_etl, task_id=extract_from_s3, execution_date=20230429T000000, start_date=20230502T103138, end_date=20230502T103203
[2023-05-02 10:32:04,167] {local_task_job.py:156} INFO - Task exited with return code 0
[2023-05-02 10:32:07,337] {local_task_job.py:273} INFO - 1 downstream tasks scheduled from follow-on schedule check
