[2023-04-30 07:37:03,291] {taskinstance.py:1159} INFO - Dependencies all met for <TaskInstance: dag_etl.dim_city manual__2023-04-30T07:36:08.295748+00:00 [queued]>
[2023-04-30 07:37:03,671] {taskinstance.py:1159} INFO - Dependencies all met for <TaskInstance: dag_etl.dim_city manual__2023-04-30T07:36:08.295748+00:00 [queued]>
[2023-04-30 07:37:03,674] {taskinstance.py:1356} INFO - 
--------------------------------------------------------------------------------
[2023-04-30 07:37:03,678] {taskinstance.py:1357} INFO - Starting attempt 1 of 6
[2023-04-30 07:37:03,680] {taskinstance.py:1358} INFO - 
--------------------------------------------------------------------------------
[2023-04-30 07:37:04,184] {taskinstance.py:1377} INFO - Executing <Task(_PythonDecoratedOperator): dim_city> on 2023-04-30 07:36:08.295748+00:00
[2023-04-30 07:37:04,273] {standard_task_runner.py:52} INFO - Started process 493 to run task
[2023-04-30 07:37:04,393] {standard_task_runner.py:79} INFO - Running: ['***', 'tasks', 'run', 'dag_etl', 'dim_city', 'manual__2023-04-30T07:36:08.295748+00:00', '--job-id', '118', '--raw', '--subdir', 'DAGS_FOLDER/dag_etl_taskflow.py', '--cfg-path', '/tmp/tmptwwslxyn', '--error-file', '/tmp/tmpjdcb040z']
[2023-04-30 07:37:04,407] {standard_task_runner.py:80} INFO - Job 118: Subtask dim_city
[2023-04-30 07:37:05,586] {task_command.py:370} INFO - Running <TaskInstance: dag_etl.dim_city manual__2023-04-30T07:36:08.295748+00:00 [running]> on host 295d97741f96
[2023-04-30 07:37:11,552] {taskinstance.py:1571} INFO - Exporting the following env vars:
AIRFLOW_CTX_DAG_OWNER=Victor
AIRFLOW_CTX_DAG_ID=dag_etl
AIRFLOW_CTX_TASK_ID=dim_city
AIRFLOW_CTX_EXECUTION_DATE=2023-04-30T07:36:08.295748+00:00
AIRFLOW_CTX_TRY_NUMBER=1
AIRFLOW_CTX_DAG_RUN_ID=manual__2023-04-30T07:36:08.295748+00:00
[2023-04-30 07:37:12,157] {base.py:68} INFO - Using connection ID 'postgres_conn' for task execution.
[2023-04-30 07:37:12,554] {python.py:173} INFO - Done. Returned value was: None
[2023-04-30 07:37:13,269] {taskinstance.py:1400} INFO - Marking task as SUCCESS. dag_id=dag_etl, task_id=dim_city, execution_date=20230430T073608, start_date=20230430T073703, end_date=20230430T073713
[2023-04-30 07:37:13,501] {local_task_job.py:156} INFO - Task exited with return code 0
[2023-04-30 07:37:14,910] {local_task_job.py:273} INFO - 0 downstream tasks scheduled from follow-on schedule check
