[2023-05-02 10:37:38,325] {taskinstance.py:1159} INFO - Dependencies all met for <TaskInstance: dag_etl.extract_from_s3 manual__2023-05-02T10:36:33.344023+00:00 [queued]>
[2023-05-02 10:37:38,714] {taskinstance.py:1159} INFO - Dependencies all met for <TaskInstance: dag_etl.extract_from_s3 manual__2023-05-02T10:36:33.344023+00:00 [queued]>
[2023-05-02 10:37:38,724] {taskinstance.py:1356} INFO - 
--------------------------------------------------------------------------------
[2023-05-02 10:37:38,730] {taskinstance.py:1357} INFO - Starting attempt 1 of 6
[2023-05-02 10:37:38,750] {taskinstance.py:1358} INFO - 
--------------------------------------------------------------------------------
[2023-05-02 10:37:39,440] {taskinstance.py:1377} INFO - Executing <Task(_PythonDecoratedOperator): extract_from_s3> on 2023-05-02 10:36:33.344023+00:00
[2023-05-02 10:37:39,531] {standard_task_runner.py:52} INFO - Started process 971 to run task
[2023-05-02 10:37:39,662] {standard_task_runner.py:79} INFO - Running: ['***', 'tasks', 'run', 'dag_etl', 'extract_from_s3', 'manual__2023-05-02T10:36:33.344023+00:00', '--job-id', '426', '--raw', '--subdir', 'DAGS_FOLDER/dag_etl_taskflow.py', '--cfg-path', '/tmp/tmpc8p7kz0u', '--error-file', '/tmp/tmp24bmd803']
[2023-05-02 10:37:39,701] {standard_task_runner.py:80} INFO - Job 426: Subtask extract_from_s3
[2023-05-02 10:37:41,183] {task_command.py:370} INFO - Running <TaskInstance: dag_etl.extract_from_s3 manual__2023-05-02T10:36:33.344023+00:00 [running]> on host 295d97741f96
[2023-05-02 10:37:44,153] {taskinstance.py:1571} INFO - Exporting the following env vars:
AIRFLOW_CTX_DAG_OWNER=Victor
AIRFLOW_CTX_DAG_ID=dag_etl
AIRFLOW_CTX_TASK_ID=extract_from_s3
AIRFLOW_CTX_EXECUTION_DATE=2023-05-02T10:36:33.344023+00:00
AIRFLOW_CTX_TRY_NUMBER=1
AIRFLOW_CTX_DAG_RUN_ID=manual__2023-05-02T10:36:33.344023+00:00
[2023-05-02 10:37:44,158] {s3.py:861} INFO - Downloading source S3 file from Bucket raw with path supermarket_sales.csv
[2023-05-02 10:37:44,572] {base.py:68} INFO - Using connection ID 'minio_conn' for task execution.
[2023-05-02 10:37:44,644] {base_aws.py:206} INFO - Credentials retrieved from login
[2023-05-02 10:37:54,344] {python.py:173} INFO - Done. Returned value was: /opt/***/data/***_tmp_zlg92lz5
[2023-05-02 10:37:55,943] {taskinstance.py:1400} INFO - Marking task as SUCCESS. dag_id=dag_etl, task_id=extract_from_s3, execution_date=20230502T103633, start_date=20230502T103738, end_date=20230502T103755
[2023-05-02 10:37:58,188] {local_task_job.py:156} INFO - Task exited with return code 0
[2023-05-02 10:38:04,044] {local_task_job.py:273} INFO - 0 downstream tasks scheduled from follow-on schedule check
