[2023-05-04 20:05:13,403] {taskinstance.py:1159} INFO - Dependencies all met for <TaskInstance: dag_etl.dim_gender manual__2023-05-04T20:04:31.370742+00:00 [queued]>
[2023-05-04 20:05:13,566] {taskinstance.py:1159} INFO - Dependencies all met for <TaskInstance: dag_etl.dim_gender manual__2023-05-04T20:04:31.370742+00:00 [queued]>
[2023-05-04 20:05:13,567] {taskinstance.py:1356} INFO - 
--------------------------------------------------------------------------------
[2023-05-04 20:05:13,568] {taskinstance.py:1357} INFO - Starting attempt 1 of 6
[2023-05-04 20:05:13,581] {taskinstance.py:1358} INFO - 
--------------------------------------------------------------------------------
[2023-05-04 20:05:13,772] {taskinstance.py:1377} INFO - Executing <Task(_PythonDecoratedOperator): dim_gender> on 2023-05-04 20:04:31.370742+00:00
[2023-05-04 20:05:13,794] {standard_task_runner.py:52} INFO - Started process 828 to run task
[2023-05-04 20:05:13,841] {standard_task_runner.py:79} INFO - Running: ['***', 'tasks', 'run', 'dag_etl', 'dim_gender', 'manual__2023-05-04T20:04:31.370742+00:00', '--job-id', '994', '--raw', '--subdir', 'DAGS_FOLDER/dag_etl_taskflow.py', '--cfg-path', '/tmp/tmpgflr9687', '--error-file', '/tmp/tmp8k7plns3']
[2023-05-04 20:05:13,847] {standard_task_runner.py:80} INFO - Job 994: Subtask dim_gender
[2023-05-04 20:05:15,060] {task_command.py:370} INFO - Running <TaskInstance: dag_etl.dim_gender manual__2023-05-04T20:04:31.370742+00:00 [running]> on host 295d97741f96
[2023-05-04 20:05:18,102] {taskinstance.py:1571} INFO - Exporting the following env vars:
AIRFLOW_CTX_DAG_OWNER=Victor
AIRFLOW_CTX_DAG_ID=dag_etl
AIRFLOW_CTX_TASK_ID=dim_gender
AIRFLOW_CTX_EXECUTION_DATE=2023-05-04T20:04:31.370742+00:00
AIRFLOW_CTX_TRY_NUMBER=1
AIRFLOW_CTX_DAG_RUN_ID=manual__2023-05-04T20:04:31.370742+00:00
[2023-05-04 20:05:18,685] {base.py:68} INFO - Using connection ID 'postgres_conn' for task execution.
[2023-05-04 20:05:19,418] {python.py:173} INFO - Done. Returned value was: None
[2023-05-04 20:05:20,084] {taskinstance.py:1400} INFO - Marking task as SUCCESS. dag_id=dag_etl, task_id=dim_gender, execution_date=20230504T200431, start_date=20230504T200513, end_date=20230504T200520
[2023-05-04 20:05:20,251] {local_task_job.py:156} INFO - Task exited with return code 0
[2023-05-04 20:05:24,332] {local_task_job.py:273} INFO - 0 downstream tasks scheduled from follow-on schedule check
