[2023-04-30 12:00:52,656] {taskinstance.py:1159} INFO - Dependencies all met for <TaskInstance: dag_etl.dim_gender manual__2023-04-30T11:58:50.689561+00:00 [queued]>
[2023-04-30 12:00:53,584] {taskinstance.py:1159} INFO - Dependencies all met for <TaskInstance: dag_etl.dim_gender manual__2023-04-30T11:58:50.689561+00:00 [queued]>
[2023-04-30 12:00:53,619] {taskinstance.py:1356} INFO - 
--------------------------------------------------------------------------------
[2023-04-30 12:00:53,625] {taskinstance.py:1357} INFO - Starting attempt 1 of 6
[2023-04-30 12:00:53,629] {taskinstance.py:1358} INFO - 
--------------------------------------------------------------------------------
[2023-04-30 12:00:54,850] {taskinstance.py:1377} INFO - Executing <Task(_PythonDecoratedOperator): dim_gender> on 2023-04-30 11:58:50.689561+00:00
[2023-04-30 12:00:55,119] {standard_task_runner.py:52} INFO - Started process 741 to run task
[2023-04-30 12:00:55,315] {standard_task_runner.py:79} INFO - Running: ['***', 'tasks', 'run', 'dag_etl', 'dim_gender', 'manual__2023-04-30T11:58:50.689561+00:00', '--job-id', '263', '--raw', '--subdir', 'DAGS_FOLDER/dag_etl_taskflow.py', '--cfg-path', '/tmp/tmp6twtfp45', '--error-file', '/tmp/tmpr805fl_q']
[2023-04-30 12:00:55,353] {standard_task_runner.py:80} INFO - Job 263: Subtask dim_gender
[2023-04-30 12:00:59,617] {task_command.py:370} INFO - Running <TaskInstance: dag_etl.dim_gender manual__2023-04-30T11:58:50.689561+00:00 [running]> on host 295d97741f96
[2023-04-30 12:01:14,875] {taskinstance.py:1571} INFO - Exporting the following env vars:
AIRFLOW_CTX_DAG_OWNER=Victor
AIRFLOW_CTX_DAG_ID=dag_etl
AIRFLOW_CTX_TASK_ID=dim_gender
AIRFLOW_CTX_EXECUTION_DATE=2023-04-30T11:58:50.689561+00:00
AIRFLOW_CTX_TRY_NUMBER=1
AIRFLOW_CTX_DAG_RUN_ID=manual__2023-04-30T11:58:50.689561+00:00
[2023-04-30 12:01:18,305] {base.py:68} INFO - Using connection ID 'postgres_conn' for task execution.
[2023-04-30 12:01:20,815] {python.py:173} INFO - Done. Returned value was: None
[2023-04-30 12:01:23,125] {taskinstance.py:1400} INFO - Marking task as SUCCESS. dag_id=dag_etl, task_id=dim_gender, execution_date=20230430T115850, start_date=20230430T120052, end_date=20230430T120123
[2023-04-30 12:01:23,946] {local_task_job.py:156} INFO - Task exited with return code 0
[2023-04-30 12:01:26,731] {local_task_job.py:273} INFO - 0 downstream tasks scheduled from follow-on schedule check
