[2023-04-30 15:44:02,718] {taskinstance.py:1159} INFO - Dependencies all met for <TaskInstance: dag_etl.sensor_s3_obj manual__2023-04-30T15:43:25.508231+00:00 [queued]>
[2023-04-30 15:44:02,977] {taskinstance.py:1159} INFO - Dependencies all met for <TaskInstance: dag_etl.sensor_s3_obj manual__2023-04-30T15:43:25.508231+00:00 [queued]>
[2023-04-30 15:44:02,984] {taskinstance.py:1356} INFO - 
--------------------------------------------------------------------------------
[2023-04-30 15:44:02,994] {taskinstance.py:1357} INFO - Starting attempt 1 of 6
[2023-04-30 15:44:03,000] {taskinstance.py:1358} INFO - 
--------------------------------------------------------------------------------
[2023-04-30 15:44:03,666] {taskinstance.py:1377} INFO - Executing <Task(S3KeySensor): sensor_s3_obj> on 2023-04-30 15:43:25.508231+00:00
[2023-04-30 15:44:03,710] {standard_task_runner.py:52} INFO - Started process 629 to run task
[2023-04-30 15:44:03,794] {standard_task_runner.py:79} INFO - Running: ['***', 'tasks', 'run', 'dag_etl', 'sensor_s3_obj', 'manual__2023-04-30T15:43:25.508231+00:00', '--job-id', '304', '--raw', '--subdir', 'DAGS_FOLDER/dag_etl_taskflow.py', '--cfg-path', '/tmp/tmpnw0juac5', '--error-file', '/tmp/tmp12tlh2ww']
[2023-04-30 15:44:03,847] {standard_task_runner.py:80} INFO - Job 304: Subtask sensor_s3_obj
[2023-04-30 15:44:05,160] {task_command.py:370} INFO - Running <TaskInstance: dag_etl.sensor_s3_obj manual__2023-04-30T15:43:25.508231+00:00 [running]> on host 295d97741f96
[2023-04-30 15:44:08,860] {taskinstance.py:1571} INFO - Exporting the following env vars:
AIRFLOW_CTX_DAG_OWNER=Victor
AIRFLOW_CTX_DAG_ID=dag_etl
AIRFLOW_CTX_TASK_ID=sensor_s3_obj
AIRFLOW_CTX_EXECUTION_DATE=2023-04-30T15:43:25.508231+00:00
AIRFLOW_CTX_TRY_NUMBER=1
AIRFLOW_CTX_DAG_RUN_ID=manual__2023-04-30T15:43:25.508231+00:00
[2023-04-30 15:44:08,890] {s3.py:104} INFO - Poking for key : s3://raw/supermarket_sales.csv
[2023-04-30 15:44:09,492] {base.py:68} INFO - Using connection ID 'minio_conn' for task execution.
[2023-04-30 15:44:09,549] {base_aws.py:206} INFO - Credentials retrieved from login
[2023-04-30 15:44:11,758] {base.py:301} INFO - Success criteria met. Exiting.
[2023-04-30 15:44:12,409] {taskinstance.py:1400} INFO - Marking task as SUCCESS. dag_id=dag_etl, task_id=sensor_s3_obj, execution_date=20230430T154325, start_date=20230430T154402, end_date=20230430T154412
[2023-04-30 15:44:14,309] {local_task_job.py:156} INFO - Task exited with return code 0
[2023-04-30 15:44:16,595] {local_task_job.py:273} INFO - 0 downstream tasks scheduled from follow-on schedule check
