[2023-08-17 17:37:48,111] {taskinstance.py:1179} INFO - Dependencies all met for <TaskInstance: dag_etl.sensor_s3_obj manual__2023-08-17T17:37:47.265781+00:00 [queued]>
[2023-08-17 17:37:48,118] {taskinstance.py:1179} INFO - Dependencies all met for <TaskInstance: dag_etl.sensor_s3_obj manual__2023-08-17T17:37:47.265781+00:00 [queued]>
[2023-08-17 17:37:48,118] {taskinstance.py:1376} INFO - 
--------------------------------------------------------------------------------
[2023-08-17 17:37:48,118] {taskinstance.py:1377} INFO - Starting attempt 1 of 6
[2023-08-17 17:37:48,119] {taskinstance.py:1378} INFO - 
--------------------------------------------------------------------------------
[2023-08-17 17:37:48,128] {taskinstance.py:1397} INFO - Executing <Task(S3KeySensor): sensor_s3_obj> on 2023-08-17 17:37:47.265781+00:00
[2023-08-17 17:37:48,132] {standard_task_runner.py:52} INFO - Started process 301 to run task
[2023-08-17 17:37:48,135] {standard_task_runner.py:79} INFO - Running: ['***', 'tasks', 'run', 'dag_etl', 'sensor_s3_obj', 'manual__2023-08-17T17:37:47.265781+00:00', '--job-id', '51', '--raw', '--subdir', 'DAGS_FOLDER/dag_etl_taskflow.py', '--cfg-path', '/tmp/tmpckckxi0t', '--error-file', '/tmp/tmpnczwzsmw']
[2023-08-17 17:37:48,137] {standard_task_runner.py:80} INFO - Job 51: Subtask sensor_s3_obj
[2023-08-17 17:37:48,197] {task_command.py:371} INFO - Running <TaskInstance: dag_etl.sensor_s3_obj manual__2023-08-17T17:37:47.265781+00:00 [running]> on host 1ea22a5e1d7f
[2023-08-17 17:37:48,261] {taskinstance.py:1591} INFO - Exporting the following env vars:
AIRFLOW_CTX_DAG_OWNER=Victor
AIRFLOW_CTX_DAG_ID=dag_etl
AIRFLOW_CTX_TASK_ID=sensor_s3_obj
AIRFLOW_CTX_EXECUTION_DATE=2023-08-17T17:37:47.265781+00:00
AIRFLOW_CTX_TRY_NUMBER=1
AIRFLOW_CTX_DAG_RUN_ID=manual__2023-08-17T17:37:47.265781+00:00
[2023-08-17 17:37:48,262] {s3.py:104} INFO - Poking for key : s3://raw/raw.csv
[2023-08-17 17:37:48,272] {base.py:68} INFO - Using connection ID 'minio_conn' for task execution.
[2023-08-17 17:37:48,273] {base_aws.py:210} INFO - Credentials retrieved from extra_config
[2023-08-17 17:37:48,434] {base.py:301} INFO - Success criteria met. Exiting.
[2023-08-17 17:37:48,448] {taskinstance.py:1420} INFO - Marking task as SUCCESS. dag_id=dag_etl, task_id=sensor_s3_obj, execution_date=20230817T173747, start_date=20230817T173748, end_date=20230817T173748
[2023-08-17 17:37:48,473] {local_task_job.py:156} INFO - Task exited with return code 0
[2023-08-17 17:37:48,524] {local_task_job.py:273} INFO - 2 downstream tasks scheduled from follow-on schedule check
