[2023-05-02 11:56:21,476] {taskinstance.py:1159} INFO - Dependencies all met for <TaskInstance: dag_etl.dim_gender manual__2023-05-02T11:55:27.901699+00:00 [queued]>
[2023-05-02 11:56:21,677] {taskinstance.py:1159} INFO - Dependencies all met for <TaskInstance: dag_etl.dim_gender manual__2023-05-02T11:55:27.901699+00:00 [queued]>
[2023-05-02 11:56:21,693] {taskinstance.py:1356} INFO - 
--------------------------------------------------------------------------------
[2023-05-02 11:56:21,697] {taskinstance.py:1357} INFO - Starting attempt 1 of 6
[2023-05-02 11:56:21,701] {taskinstance.py:1358} INFO - 
--------------------------------------------------------------------------------
[2023-05-02 11:56:22,109] {taskinstance.py:1377} INFO - Executing <Task(_PythonDecoratedOperator): dim_gender> on 2023-05-02 11:55:27.901699+00:00
[2023-05-02 11:56:22,156] {standard_task_runner.py:52} INFO - Started process 1848 to run task
[2023-05-02 11:56:22,220] {standard_task_runner.py:79} INFO - Running: ['***', 'tasks', 'run', 'dag_etl', 'dim_gender', 'manual__2023-05-02T11:55:27.901699+00:00', '--job-id', '532', '--raw', '--subdir', 'DAGS_FOLDER/dag_etl_taskflow.py', '--cfg-path', '/tmp/tmpi5ac_65w', '--error-file', '/tmp/tmpy8rxpek0']
[2023-05-02 11:56:22,275] {standard_task_runner.py:80} INFO - Job 532: Subtask dim_gender
[2023-05-02 11:56:23,500] {task_command.py:370} INFO - Running <TaskInstance: dag_etl.dim_gender manual__2023-05-02T11:55:27.901699+00:00 [running]> on host 295d97741f96
[2023-05-02 11:56:27,587] {taskinstance.py:1571} INFO - Exporting the following env vars:
AIRFLOW_CTX_DAG_OWNER=Victor
AIRFLOW_CTX_DAG_ID=dag_etl
AIRFLOW_CTX_TASK_ID=dim_gender
AIRFLOW_CTX_EXECUTION_DATE=2023-05-02T11:55:27.901699+00:00
AIRFLOW_CTX_TRY_NUMBER=1
AIRFLOW_CTX_DAG_RUN_ID=manual__2023-05-02T11:55:27.901699+00:00
[2023-05-02 11:56:28,665] {base.py:68} INFO - Using connection ID 'postgres_conn' for task execution.
[2023-05-02 11:56:29,578] {python.py:173} INFO - Done. Returned value was: None
[2023-05-02 11:56:31,121] {taskinstance.py:1400} INFO - Marking task as SUCCESS. dag_id=dag_etl, task_id=dim_gender, execution_date=20230502T115527, start_date=20230502T115621, end_date=20230502T115631
[2023-05-02 11:56:31,383] {local_task_job.py:156} INFO - Task exited with return code 0
[2023-05-02 11:56:32,267] {local_task_job.py:273} INFO - 0 downstream tasks scheduled from follow-on schedule check
