[2023-05-04 05:14:59,909] {taskinstance.py:1159} INFO - Dependencies all met for <TaskInstance: dag_etl.dim_customer_type manual__2023-05-04T05:14:23.870311+00:00 [queued]>
[2023-05-04 05:15:00,118] {taskinstance.py:1159} INFO - Dependencies all met for <TaskInstance: dag_etl.dim_customer_type manual__2023-05-04T05:14:23.870311+00:00 [queued]>
[2023-05-04 05:15:00,125] {taskinstance.py:1356} INFO - 
--------------------------------------------------------------------------------
[2023-05-04 05:15:00,135] {taskinstance.py:1357} INFO - Starting attempt 1 of 6
[2023-05-04 05:15:00,140] {taskinstance.py:1358} INFO - 
--------------------------------------------------------------------------------
[2023-05-04 05:15:00,408] {taskinstance.py:1377} INFO - Executing <Task(_PythonDecoratedOperator): dim_customer_type> on 2023-05-04 05:14:23.870311+00:00
[2023-05-04 05:15:00,417] {standard_task_runner.py:52} INFO - Started process 1170 to run task
[2023-05-04 05:15:00,443] {standard_task_runner.py:79} INFO - Running: ['***', 'tasks', 'run', 'dag_etl', 'dim_customer_type', 'manual__2023-05-04T05:14:23.870311+00:00', '--job-id', '966', '--raw', '--subdir', 'DAGS_FOLDER/dag_etl_taskflow.py', '--cfg-path', '/tmp/tmp7o2xdk4p', '--error-file', '/tmp/tmpm_5j1qzi']
[2023-05-04 05:15:00,453] {standard_task_runner.py:80} INFO - Job 966: Subtask dim_customer_type
[2023-05-04 05:15:01,831] {task_command.py:370} INFO - Running <TaskInstance: dag_etl.dim_customer_type manual__2023-05-04T05:14:23.870311+00:00 [running]> on host 295d97741f96
[2023-05-04 05:15:06,177] {taskinstance.py:1571} INFO - Exporting the following env vars:
AIRFLOW_CTX_DAG_OWNER=Victor
AIRFLOW_CTX_DAG_ID=dag_etl
AIRFLOW_CTX_TASK_ID=dim_customer_type
AIRFLOW_CTX_EXECUTION_DATE=2023-05-04T05:14:23.870311+00:00
AIRFLOW_CTX_TRY_NUMBER=1
AIRFLOW_CTX_DAG_RUN_ID=manual__2023-05-04T05:14:23.870311+00:00
[2023-05-04 05:15:07,068] {base.py:68} INFO - Using connection ID 'postgres_conn' for task execution.
[2023-05-04 05:15:07,909] {python.py:173} INFO - Done. Returned value was: None
[2023-05-04 05:15:09,293] {taskinstance.py:1400} INFO - Marking task as SUCCESS. dag_id=dag_etl, task_id=dim_customer_type, execution_date=20230504T051423, start_date=20230504T051459, end_date=20230504T051509
[2023-05-04 05:15:09,587] {local_task_job.py:156} INFO - Task exited with return code 0
[2023-05-04 05:15:10,900] {local_task_job.py:273} INFO - 0 downstream tasks scheduled from follow-on schedule check
