[2023-04-30 09:03:55,688] {taskinstance.py:1159} INFO - Dependencies all met for <TaskInstance: dag_etl.dim_payment manual__2023-04-30T09:03:00.358280+00:00 [queued]>
[2023-04-30 09:03:55,830] {taskinstance.py:1159} INFO - Dependencies all met for <TaskInstance: dag_etl.dim_payment manual__2023-04-30T09:03:00.358280+00:00 [queued]>
[2023-04-30 09:03:55,834] {taskinstance.py:1356} INFO - 
--------------------------------------------------------------------------------
[2023-04-30 09:03:55,835] {taskinstance.py:1357} INFO - Starting attempt 1 of 6
[2023-04-30 09:03:55,836] {taskinstance.py:1358} INFO - 
--------------------------------------------------------------------------------
[2023-04-30 09:03:56,052] {taskinstance.py:1377} INFO - Executing <Task(_PythonDecoratedOperator): dim_payment> on 2023-04-30 09:03:00.358280+00:00
[2023-04-30 09:03:56,072] {standard_task_runner.py:52} INFO - Started process 880 to run task
[2023-04-30 09:03:56,110] {standard_task_runner.py:79} INFO - Running: ['***', 'tasks', 'run', 'dag_etl', 'dim_payment', 'manual__2023-04-30T09:03:00.358280+00:00', '--job-id', '208', '--raw', '--subdir', 'DAGS_FOLDER/dag_etl_taskflow.py', '--cfg-path', '/tmp/tmpjmyow47k', '--error-file', '/tmp/tmpton5tuyn']
[2023-04-30 09:03:56,125] {standard_task_runner.py:80} INFO - Job 208: Subtask dim_payment
[2023-04-30 09:03:57,270] {task_command.py:370} INFO - Running <TaskInstance: dag_etl.dim_payment manual__2023-04-30T09:03:00.358280+00:00 [running]> on host 295d97741f96
[2023-04-30 09:04:01,579] {taskinstance.py:1571} INFO - Exporting the following env vars:
AIRFLOW_CTX_DAG_OWNER=Victor
AIRFLOW_CTX_DAG_ID=dag_etl
AIRFLOW_CTX_TASK_ID=dim_payment
AIRFLOW_CTX_EXECUTION_DATE=2023-04-30T09:03:00.358280+00:00
AIRFLOW_CTX_TRY_NUMBER=1
AIRFLOW_CTX_DAG_RUN_ID=manual__2023-04-30T09:03:00.358280+00:00
[2023-04-30 09:04:02,667] {base.py:68} INFO - Using connection ID 'postgres_conn' for task execution.
[2023-04-30 09:04:04,035] {python.py:173} INFO - Done. Returned value was: None
[2023-04-30 09:04:04,903] {taskinstance.py:1400} INFO - Marking task as SUCCESS. dag_id=dag_etl, task_id=dim_payment, execution_date=20230430T090300, start_date=20230430T090355, end_date=20230430T090404
[2023-04-30 09:04:05,352] {local_task_job.py:156} INFO - Task exited with return code 0
[2023-04-30 09:04:07,715] {local_task_job.py:273} INFO - 0 downstream tasks scheduled from follow-on schedule check
