[2023-04-30 15:44:59,034] {taskinstance.py:1159} INFO - Dependencies all met for <TaskInstance: dag_etl.dim_date manual__2023-04-30T15:43:25.508231+00:00 [queued]>
[2023-04-30 15:44:59,229] {taskinstance.py:1159} INFO - Dependencies all met for <TaskInstance: dag_etl.dim_date manual__2023-04-30T15:43:25.508231+00:00 [queued]>
[2023-04-30 15:44:59,231] {taskinstance.py:1356} INFO - 
--------------------------------------------------------------------------------
[2023-04-30 15:44:59,233] {taskinstance.py:1357} INFO - Starting attempt 1 of 6
[2023-04-30 15:44:59,238] {taskinstance.py:1358} INFO - 
--------------------------------------------------------------------------------
[2023-04-30 15:44:59,664] {taskinstance.py:1377} INFO - Executing <Task(_PythonDecoratedOperator): dim_date> on 2023-04-30 15:43:25.508231+00:00
[2023-04-30 15:44:59,693] {standard_task_runner.py:52} INFO - Started process 704 to run task
[2023-04-30 15:44:59,731] {standard_task_runner.py:79} INFO - Running: ['***', 'tasks', 'run', 'dag_etl', 'dim_date', 'manual__2023-04-30T15:43:25.508231+00:00', '--job-id', '308', '--raw', '--subdir', 'DAGS_FOLDER/dag_etl_taskflow.py', '--cfg-path', '/tmp/tmpp0ouvcyo', '--error-file', '/tmp/tmpfywkyy7p']
[2023-04-30 15:44:59,746] {standard_task_runner.py:80} INFO - Job 308: Subtask dim_date
[2023-04-30 15:45:01,989] {task_command.py:370} INFO - Running <TaskInstance: dag_etl.dim_date manual__2023-04-30T15:43:25.508231+00:00 [running]> on host 295d97741f96
[2023-04-30 15:45:06,891] {taskinstance.py:1571} INFO - Exporting the following env vars:
AIRFLOW_CTX_DAG_OWNER=Victor
AIRFLOW_CTX_DAG_ID=dag_etl
AIRFLOW_CTX_TASK_ID=dim_date
AIRFLOW_CTX_EXECUTION_DATE=2023-04-30T15:43:25.508231+00:00
AIRFLOW_CTX_TRY_NUMBER=1
AIRFLOW_CTX_DAG_RUN_ID=manual__2023-04-30T15:43:25.508231+00:00
[2023-04-30 15:46:13,064] {base.py:68} INFO - Using connection ID 'postgres_conn' for task execution.
[2023-04-30 15:47:00,478] {local_task_job.py:221} WARNING - State of this instance has been externally set to success. Terminating instance.
[2023-04-30 15:47:00,534] {process_utils.py:129} INFO - Sending Signals.SIGTERM to group 704. PIDs of all processes in the group: [704]
[2023-04-30 15:47:00,536] {process_utils.py:80} INFO - Sending the signal Signals.SIGTERM to group 704
[2023-04-30 15:47:00,541] {taskinstance.py:1541} ERROR - Received SIGTERM. Terminating subprocesses.
[2023-04-30 15:47:01,760] {process_utils.py:75} INFO - Process psutil.Process(pid=704, status='terminated', exitcode=0, started='15:44:59') (704) terminated with exit code 0
