[2023-05-02 10:32:35,683] {taskinstance.py:1159} INFO - Dependencies all met for <TaskInstance: dag_etl.create_nds_tables_if_not_exists scheduled__2023-05-01T00:00:00+00:00 [queued]>
[2023-05-02 10:32:36,327] {taskinstance.py:1159} INFO - Dependencies all met for <TaskInstance: dag_etl.create_nds_tables_if_not_exists scheduled__2023-05-01T00:00:00+00:00 [queued]>
[2023-05-02 10:32:36,330] {taskinstance.py:1356} INFO - 
--------------------------------------------------------------------------------
[2023-05-02 10:32:36,350] {taskinstance.py:1357} INFO - Starting attempt 1 of 6
[2023-05-02 10:32:36,372] {taskinstance.py:1358} INFO - 
--------------------------------------------------------------------------------
[2023-05-02 10:32:37,494] {taskinstance.py:1377} INFO - Executing <Task(PostgresOperator): create_nds_tables_if_not_exists> on 2023-05-01 00:00:00+00:00
[2023-05-02 10:32:37,617] {standard_task_runner.py:52} INFO - Started process 455 to run task
[2023-05-02 10:32:37,738] {standard_task_runner.py:79} INFO - Running: ['***', 'tasks', 'run', 'dag_etl', 'create_nds_tables_if_not_exists', 'scheduled__2023-05-01T00:00:00+00:00', '--job-id', '393', '--raw', '--subdir', 'DAGS_FOLDER/dag_etl_taskflow.py', '--cfg-path', '/tmp/tmpsw91gwa6', '--error-file', '/tmp/tmpof02wf90']
[2023-05-02 10:32:37,793] {standard_task_runner.py:80} INFO - Job 393: Subtask create_nds_tables_if_not_exists
[2023-05-02 10:32:42,103] {task_command.py:370} INFO - Running <TaskInstance: dag_etl.create_nds_tables_if_not_exists scheduled__2023-05-01T00:00:00+00:00 [running]> on host 295d97741f96
[2023-05-02 10:32:47,940] {taskinstance.py:1571} INFO - Exporting the following env vars:
AIRFLOW_CTX_DAG_OWNER=Victor
AIRFLOW_CTX_DAG_ID=dag_etl
AIRFLOW_CTX_TASK_ID=create_nds_tables_if_not_exists
AIRFLOW_CTX_EXECUTION_DATE=2023-05-01T00:00:00+00:00
AIRFLOW_CTX_TRY_NUMBER=1
AIRFLOW_CTX_DAG_RUN_ID=scheduled__2023-05-01T00:00:00+00:00
[2023-05-02 10:32:48,163] {base.py:68} INFO - Using connection ID 'postgres_conn' for task execution.
[2023-05-02 10:32:48,307] {dbapi.py:213} INFO - Running statement: 
            CREATE SCHEMA IF NOT EXISTS dds;
            CREATE SCHEMA IF NOT EXISTS nds;
    
            SET search_path TO dds;        
            
            --// создаем таблицу с ветками //--
            CREATE TABLE IF NOT EXISTS dim_branch(
            id SERIAL PRIMARY KEY,
            branch VARCHAR(100) NOT NULL);
            
            --// создаем таблицу с городами //--
            CREATE TABLE IF NOT EXISTS dim_city(
            id SERIAL PRIMARY KEY,
            city VARCHAR(100) NOT NULL);
            
            --// создаем таблицу с типами клиентов //--
            CREATE TABLE IF NOT EXISTS dim_customer_type(
            id SERIAL PRIMARY KEY,
            customer_type VARCHAR(200) NOT NULL);
            
            --// создаем таблицу с гендерами //--
            CREATE TABLE IF NOT EXISTS dim_gender(
            id SERIAL PRIMARY KEY,
            gender VARCHAR(200) NOT NULL);
            
            --// создаем таблицу с продуктовыми линейками //--
            CREATE TABLE IF NOT EXISTS dim_product_line(
            id SERIAL PRIMARY KEY,
            product_line VARCHAR(200) NOT NULL);
            
            --// создаем таблицу с видами оплат //--
            CREATE TABLE IF NOT EXISTS dim_payment(
            id SERIAL PRIMARY KEY,
            payment VARCHAR(100) NOT NULL);
            
            --// создаем таблицу с фактами //--       
            CREATE TABLE IF NOT EXISTS fact_sales(
            invoice_id VARCHAR(15) PRIMARY KEY,
            branch INT NOT NULL REFERENCES dim_branch(id),
            city INT NOT NULL REFERENCES dim_city(id),
            customer_type INT NOT NULL REFERENCES dim_customer_type(id),
            gender INT NOT NULL REFERENCES dim_gender(id),
            product_line INT NOT NULL REFERENCES dim_product_line(id),
            unit_price DOUBLE PRECISION,
            quantity DOUBLE PRECISION,
            "tax_5%" DOUBLE PRECISION,
            total DOUBLE PRECISION,
            date DATE NOT NULL,
            time TIME NOT NULL,
            payment INT NOT NULL REFERENCES dim_payment(id),
            cogs DOUBLE PRECISION,
            gross_margin_percentage DOUBLE PRECISION,
            gross_income DOUBLE PRECISION,
            rating DOUBLE PRECISION);        
        , parameters: None
[2023-05-02 10:32:48,404] {postgres.py:94} INFO - NOTICE:  schema "dds" already exists, skipping

[2023-05-02 10:32:48,405] {postgres.py:94} INFO - NOTICE:  schema "nds" already exists, skipping

[2023-05-02 10:32:48,413] {postgres.py:94} INFO - NOTICE:  relation "dim_branch" already exists, skipping

[2023-05-02 10:32:48,422] {postgres.py:94} INFO - NOTICE:  relation "dim_city" already exists, skipping

[2023-05-02 10:32:48,435] {postgres.py:94} INFO - NOTICE:  relation "dim_customer_type" already exists, skipping

[2023-05-02 10:32:48,442] {postgres.py:94} INFO - NOTICE:  relation "dim_gender" already exists, skipping

[2023-05-02 10:32:48,446] {postgres.py:94} INFO - NOTICE:  relation "dim_product_line" already exists, skipping

[2023-05-02 10:32:48,447] {postgres.py:94} INFO - NOTICE:  relation "dim_payment" already exists, skipping

[2023-05-02 10:32:48,449] {postgres.py:94} INFO - NOTICE:  relation "fact_sales" already exists, skipping

[2023-05-02 10:32:49,511] {taskinstance.py:1400} INFO - Marking task as SUCCESS. dag_id=dag_etl, task_id=create_nds_tables_if_not_exists, execution_date=20230501T000000, start_date=20230502T103235, end_date=20230502T103249
[2023-05-02 10:32:50,434] {local_task_job.py:156} INFO - Task exited with return code 0
[2023-05-02 10:32:52,950] {local_task_job.py:273} INFO - 2 downstream tasks scheduled from follow-on schedule check
[2023-05-02 10:37:27,530] {taskinstance.py:1159} INFO - Dependencies all met for <TaskInstance: dag_etl.create_nds_tables_if_not_exists scheduled__2023-05-01T00:00:00+00:00 [queued]>
[2023-05-02 10:37:27,923] {taskinstance.py:1159} INFO - Dependencies all met for <TaskInstance: dag_etl.create_nds_tables_if_not_exists scheduled__2023-05-01T00:00:00+00:00 [queued]>
[2023-05-02 10:37:27,927] {taskinstance.py:1356} INFO - 
--------------------------------------------------------------------------------
[2023-05-02 10:37:27,930] {taskinstance.py:1357} INFO - Starting attempt 1 of 6
[2023-05-02 10:37:27,939] {taskinstance.py:1358} INFO - 
--------------------------------------------------------------------------------
[2023-05-02 10:37:28,460] {taskinstance.py:1377} INFO - Executing <Task(PostgresOperator): create_nds_tables_if_not_exists> on 2023-05-01 00:00:00+00:00
[2023-05-02 10:37:28,545] {standard_task_runner.py:52} INFO - Started process 947 to run task
[2023-05-02 10:37:28,762] {standard_task_runner.py:79} INFO - Running: ['***', 'tasks', 'run', 'dag_etl', 'create_nds_tables_if_not_exists', 'scheduled__2023-05-01T00:00:00+00:00', '--job-id', '420', '--raw', '--subdir', 'DAGS_FOLDER/dag_etl_taskflow.py', '--cfg-path', '/tmp/tmp8i827n3e', '--error-file', '/tmp/tmp6ek8sqt1']
[2023-05-02 10:37:28,803] {standard_task_runner.py:80} INFO - Job 420: Subtask create_nds_tables_if_not_exists
[2023-05-02 10:37:30,865] {task_command.py:370} INFO - Running <TaskInstance: dag_etl.create_nds_tables_if_not_exists scheduled__2023-05-01T00:00:00+00:00 [running]> on host 295d97741f96
[2023-05-02 10:37:35,776] {taskinstance.py:1571} INFO - Exporting the following env vars:
AIRFLOW_CTX_DAG_OWNER=Victor
AIRFLOW_CTX_DAG_ID=dag_etl
AIRFLOW_CTX_TASK_ID=create_nds_tables_if_not_exists
AIRFLOW_CTX_EXECUTION_DATE=2023-05-01T00:00:00+00:00
AIRFLOW_CTX_TRY_NUMBER=1
AIRFLOW_CTX_DAG_RUN_ID=scheduled__2023-05-01T00:00:00+00:00
[2023-05-02 10:37:36,289] {base.py:68} INFO - Using connection ID 'postgres_conn' for task execution.
[2023-05-02 10:37:36,387] {dbapi.py:213} INFO - Running statement: 
            CREATE SCHEMA IF NOT EXISTS dds;
            CREATE SCHEMA IF NOT EXISTS nds;
    
            SET search_path TO dds;        
            
            --// создаем таблицу с ветками //--
            CREATE TABLE IF NOT EXISTS dim_branch(
            id SERIAL PRIMARY KEY,
            branch VARCHAR(100) NOT NULL);
            
            --// создаем таблицу с городами //--
            CREATE TABLE IF NOT EXISTS dim_city(
            id SERIAL PRIMARY KEY,
            city VARCHAR(100) NOT NULL);
            
            --// создаем таблицу с типами клиентов //--
            CREATE TABLE IF NOT EXISTS dim_customer_type(
            id SERIAL PRIMARY KEY,
            customer_type VARCHAR(200) NOT NULL);
            
            --// создаем таблицу с гендерами //--
            CREATE TABLE IF NOT EXISTS dim_gender(
            id SERIAL PRIMARY KEY,
            gender VARCHAR(200) NOT NULL);
            
            --// создаем таблицу с продуктовыми линейками //--
            CREATE TABLE IF NOT EXISTS dim_product_line(
            id SERIAL PRIMARY KEY,
            product_line VARCHAR(200) NOT NULL);
            
            --// создаем таблицу с видами оплат //--
            CREATE TABLE IF NOT EXISTS dim_payment(
            id SERIAL PRIMARY KEY,
            payment VARCHAR(100) NOT NULL);
            
            --// создаем таблицу с фактами //--       
            CREATE TABLE IF NOT EXISTS fact_sales(
            invoice_id VARCHAR(15) PRIMARY KEY,
            branch INT NOT NULL REFERENCES dim_branch(id),
            city INT NOT NULL REFERENCES dim_city(id),
            customer_type INT NOT NULL REFERENCES dim_customer_type(id),
            gender INT NOT NULL REFERENCES dim_gender(id),
            product_line INT NOT NULL REFERENCES dim_product_line(id),
            unit_price DOUBLE PRECISION,
            quantity DOUBLE PRECISION,
            "tax_5%" DOUBLE PRECISION,
            total DOUBLE PRECISION,
            date DATE NOT NULL,
            time TIME NOT NULL,
            payment INT NOT NULL REFERENCES dim_payment(id),
            cogs DOUBLE PRECISION,
            gross_margin_percentage DOUBLE PRECISION,
            gross_income DOUBLE PRECISION,
            rating DOUBLE PRECISION);        
        , parameters: None
[2023-05-02 10:37:36,421] {postgres.py:94} INFO - NOTICE:  schema "dds" already exists, skipping

[2023-05-02 10:37:36,422] {postgres.py:94} INFO - NOTICE:  schema "nds" already exists, skipping

[2023-05-02 10:37:36,427] {postgres.py:94} INFO - NOTICE:  relation "dim_branch" already exists, skipping

[2023-05-02 10:37:36,429] {postgres.py:94} INFO - NOTICE:  relation "dim_city" already exists, skipping

[2023-05-02 10:37:36,436] {postgres.py:94} INFO - NOTICE:  relation "dim_customer_type" already exists, skipping

[2023-05-02 10:37:36,459] {postgres.py:94} INFO - NOTICE:  relation "dim_gender" already exists, skipping

[2023-05-02 10:37:36,460] {postgres.py:94} INFO - NOTICE:  relation "dim_product_line" already exists, skipping

[2023-05-02 10:37:36,470] {postgres.py:94} INFO - NOTICE:  relation "dim_payment" already exists, skipping

[2023-05-02 10:37:36,472] {postgres.py:94} INFO - NOTICE:  relation "fact_sales" already exists, skipping

[2023-05-02 10:37:37,501] {taskinstance.py:1400} INFO - Marking task as SUCCESS. dag_id=dag_etl, task_id=create_nds_tables_if_not_exists, execution_date=20230501T000000, start_date=20230502T103727, end_date=20230502T103737
[2023-05-02 10:37:38,154] {local_task_job.py:156} INFO - Task exited with return code 0
[2023-05-02 10:37:40,082] {local_task_job.py:273} INFO - 2 downstream tasks scheduled from follow-on schedule check
