[2023-05-02 15:08:05,531] {taskinstance.py:1159} INFO - Dependencies all met for <TaskInstance: dag_etl_date.sensor_s3_obj manual__2023-05-02T15:08:01.844950+00:00 [queued]>
[2023-05-02 15:08:05,587] {taskinstance.py:1159} INFO - Dependencies all met for <TaskInstance: dag_etl_date.sensor_s3_obj manual__2023-05-02T15:08:01.844950+00:00 [queued]>
[2023-05-02 15:08:05,588] {taskinstance.py:1356} INFO - 
--------------------------------------------------------------------------------
[2023-05-02 15:08:05,589] {taskinstance.py:1357} INFO - Starting attempt 1 of 6
[2023-05-02 15:08:05,590] {taskinstance.py:1358} INFO - 
--------------------------------------------------------------------------------
[2023-05-02 15:08:05,684] {taskinstance.py:1377} INFO - Executing <Task(S3KeySensor): sensor_s3_obj> on 2023-05-02 15:08:01.844950+00:00
[2023-05-02 15:08:05,693] {standard_task_runner.py:52} INFO - Started process 1009 to run task
[2023-05-02 15:08:05,706] {standard_task_runner.py:79} INFO - Running: ['***', 'tasks', 'run', 'dag_etl_date', 'sensor_s3_obj', 'manual__2023-05-02T15:08:01.844950+00:00', '--job-id', '658', '--raw', '--subdir', 'DAGS_FOLDER/dag_etl_taskflow_date.py', '--cfg-path', '/tmp/tmpbzt8kn7_', '--error-file', '/tmp/tmpcq87rvvh']
[2023-05-02 15:08:05,709] {standard_task_runner.py:80} INFO - Job 658: Subtask sensor_s3_obj
[2023-05-02 15:08:06,095] {task_command.py:370} INFO - Running <TaskInstance: dag_etl_date.sensor_s3_obj manual__2023-05-02T15:08:01.844950+00:00 [running]> on host 295d97741f96
[2023-05-02 15:08:06,753] {taskinstance.py:1571} INFO - Exporting the following env vars:
AIRFLOW_CTX_DAG_OWNER=Victor
AIRFLOW_CTX_DAG_ID=dag_etl_date
AIRFLOW_CTX_TASK_ID=sensor_s3_obj
AIRFLOW_CTX_EXECUTION_DATE=2023-05-02T15:08:01.844950+00:00
AIRFLOW_CTX_TRY_NUMBER=1
AIRFLOW_CTX_DAG_RUN_ID=manual__2023-05-02T15:08:01.844950+00:00
[2023-05-02 15:08:06,757] {s3.py:104} INFO - Poking for key : s3://raw/supermarket_sales.csv
[2023-05-02 15:08:06,837] {base.py:68} INFO - Using connection ID 'minio_conn' for task execution.
[2023-05-02 15:08:06,843] {base_aws.py:206} INFO - Credentials retrieved from login
[2023-05-02 15:08:07,177] {base.py:301} INFO - Success criteria met. Exiting.
[2023-05-02 15:08:07,296] {taskinstance.py:1400} INFO - Marking task as SUCCESS. dag_id=dag_etl_date, task_id=sensor_s3_obj, execution_date=20230502T150801, start_date=20230502T150805, end_date=20230502T150807
[2023-05-02 15:08:07,611] {local_task_job.py:156} INFO - Task exited with return code 0
[2023-05-02 15:08:08,124] {local_task_job.py:273} INFO - 0 downstream tasks scheduled from follow-on schedule check
