[2023-04-30 17:55:08,045] {taskinstance.py:1159} INFO - Dependencies all met for <TaskInstance: dag_etl.fact_stage manual__2023-04-30T17:52:03.144971+00:00 [queued]>
[2023-04-30 17:55:08,149] {taskinstance.py:1159} INFO - Dependencies all met for <TaskInstance: dag_etl.fact_stage manual__2023-04-30T17:52:03.144971+00:00 [queued]>
[2023-04-30 17:55:08,151] {taskinstance.py:1356} INFO - 
--------------------------------------------------------------------------------
[2023-04-30 17:55:08,153] {taskinstance.py:1357} INFO - Starting attempt 1 of 6
[2023-04-30 17:55:08,154] {taskinstance.py:1358} INFO - 
--------------------------------------------------------------------------------
[2023-04-30 17:55:08,396] {taskinstance.py:1377} INFO - Executing <Task(_PythonDecoratedOperator): fact_stage> on 2023-04-30 17:52:03.144971+00:00
[2023-04-30 17:55:08,411] {standard_task_runner.py:52} INFO - Started process 847 to run task
[2023-04-30 17:55:08,431] {standard_task_runner.py:79} INFO - Running: ['***', 'tasks', 'run', 'dag_etl', 'fact_stage', 'manual__2023-04-30T17:52:03.144971+00:00', '--job-id', '342', '--raw', '--subdir', 'DAGS_FOLDER/dag_etl_taskflow.py', '--cfg-path', '/tmp/tmpv_70w46e', '--error-file', '/tmp/tmpykr359bg']
[2023-04-30 17:55:08,435] {standard_task_runner.py:80} INFO - Job 342: Subtask fact_stage
[2023-04-30 17:55:09,111] {task_command.py:370} INFO - Running <TaskInstance: dag_etl.fact_stage manual__2023-04-30T17:52:03.144971+00:00 [running]> on host 295d97741f96
[2023-04-30 17:55:11,320] {taskinstance.py:1571} INFO - Exporting the following env vars:
AIRFLOW_CTX_DAG_OWNER=Victor
AIRFLOW_CTX_DAG_ID=dag_etl
AIRFLOW_CTX_TASK_ID=fact_stage
AIRFLOW_CTX_EXECUTION_DATE=2023-04-30T17:52:03.144971+00:00
AIRFLOW_CTX_TRY_NUMBER=1
AIRFLOW_CTX_DAG_RUN_ID=manual__2023-04-30T17:52:03.144971+00:00
[2023-04-30 17:55:11,642] {base.py:68} INFO - Using connection ID 'postgres_conn' for task execution.
[2023-04-30 17:55:12,706] {base.py:68} INFO - Using connection ID 'postgres_conn' for task execution.
[2023-04-30 17:55:15,998] {python.py:173} INFO - Done. Returned value was: None
[2023-04-30 17:55:16,361] {taskinstance.py:1400} INFO - Marking task as SUCCESS. dag_id=dag_etl, task_id=fact_stage, execution_date=20230430T175203, start_date=20230430T175508, end_date=20230430T175516
[2023-04-30 17:55:16,608] {local_task_job.py:156} INFO - Task exited with return code 0
[2023-04-30 17:55:17,746] {local_task_job.py:273} INFO - 1 downstream tasks scheduled from follow-on schedule check
