[2023-04-30 07:36:53,798] {taskinstance.py:1159} INFO - Dependencies all met for <TaskInstance: dag_etl.dim_branch manual__2023-04-30T07:36:08.295748+00:00 [queued]>
[2023-04-30 07:36:54,056] {taskinstance.py:1159} INFO - Dependencies all met for <TaskInstance: dag_etl.dim_branch manual__2023-04-30T07:36:08.295748+00:00 [queued]>
[2023-04-30 07:36:54,058] {taskinstance.py:1356} INFO - 
--------------------------------------------------------------------------------
[2023-04-30 07:36:54,059] {taskinstance.py:1357} INFO - Starting attempt 1 of 6
[2023-04-30 07:36:54,062] {taskinstance.py:1358} INFO - 
--------------------------------------------------------------------------------
[2023-04-30 07:36:54,481] {taskinstance.py:1377} INFO - Executing <Task(_PythonDecoratedOperator): dim_branch> on 2023-04-30 07:36:08.295748+00:00
[2023-04-30 07:36:54,568] {standard_task_runner.py:52} INFO - Started process 471 to run task
[2023-04-30 07:36:54,658] {standard_task_runner.py:79} INFO - Running: ['***', 'tasks', 'run', 'dag_etl', 'dim_branch', 'manual__2023-04-30T07:36:08.295748+00:00', '--job-id', '110', '--raw', '--subdir', 'DAGS_FOLDER/dag_etl_taskflow.py', '--cfg-path', '/tmp/tmptg3zl5c3', '--error-file', '/tmp/tmpn8t9e8jh']
[2023-04-30 07:36:54,672] {standard_task_runner.py:80} INFO - Job 110: Subtask dim_branch
[2023-04-30 07:36:56,046] {task_command.py:370} INFO - Running <TaskInstance: dag_etl.dim_branch manual__2023-04-30T07:36:08.295748+00:00 [running]> on host 295d97741f96
[2023-04-30 07:36:58,959] {taskinstance.py:1571} INFO - Exporting the following env vars:
AIRFLOW_CTX_DAG_OWNER=Victor
AIRFLOW_CTX_DAG_ID=dag_etl
AIRFLOW_CTX_TASK_ID=dim_branch
AIRFLOW_CTX_EXECUTION_DATE=2023-04-30T07:36:08.295748+00:00
AIRFLOW_CTX_TRY_NUMBER=1
AIRFLOW_CTX_DAG_RUN_ID=manual__2023-04-30T07:36:08.295748+00:00
[2023-04-30 07:37:00,362] {base.py:68} INFO - Using connection ID 'postgres_conn' for task execution.
[2023-04-30 07:37:00,950] {python.py:173} INFO - Done. Returned value was: None
[2023-04-30 07:37:04,264] {taskinstance.py:1400} INFO - Marking task as SUCCESS. dag_id=dag_etl, task_id=dim_branch, execution_date=20230430T073608, start_date=20230430T073653, end_date=20230430T073704
[2023-04-30 07:37:04,621] {local_task_job.py:156} INFO - Task exited with return code 0
[2023-04-30 07:37:05,944] {local_task_job.py:273} INFO - 0 downstream tasks scheduled from follow-on schedule check
