[2023-05-05 07:25:51,688] {taskinstance.py:1159} INFO - Dependencies all met for <TaskInstance: dag_etl.fact_nds manual__2023-05-05T07:24:48.889079+00:00 [queued]>
[2023-05-05 07:25:51,751] {taskinstance.py:1159} INFO - Dependencies all met for <TaskInstance: dag_etl.fact_nds manual__2023-05-05T07:24:48.889079+00:00 [queued]>
[2023-05-05 07:25:51,752] {taskinstance.py:1356} INFO - 
--------------------------------------------------------------------------------
[2023-05-05 07:25:51,753] {taskinstance.py:1357} INFO - Starting attempt 1 of 6
[2023-05-05 07:25:51,754] {taskinstance.py:1358} INFO - 
--------------------------------------------------------------------------------
[2023-05-05 07:25:51,841] {taskinstance.py:1377} INFO - Executing <Task(_PythonDecoratedOperator): fact_nds> on 2023-05-05 07:24:48.889079+00:00
[2023-05-05 07:25:51,852] {standard_task_runner.py:52} INFO - Started process 753 to run task
[2023-05-05 07:25:51,861] {standard_task_runner.py:79} INFO - Running: ['***', 'tasks', 'run', 'dag_etl', 'fact_nds', 'manual__2023-05-05T07:24:48.889079+00:00', '--job-id', '1054', '--raw', '--subdir', 'DAGS_FOLDER/dag_etl_taskflow.py', '--cfg-path', '/tmp/tmpc6be6od5', '--error-file', '/tmp/tmppd37wdak']
[2023-05-05 07:25:51,863] {standard_task_runner.py:80} INFO - Job 1054: Subtask fact_nds
[2023-05-05 07:25:52,375] {task_command.py:370} INFO - Running <TaskInstance: dag_etl.fact_nds manual__2023-05-05T07:24:48.889079+00:00 [running]> on host 295d97741f96
[2023-05-05 07:25:53,091] {taskinstance.py:1571} INFO - Exporting the following env vars:
AIRFLOW_CTX_DAG_OWNER=Victor
AIRFLOW_CTX_DAG_ID=dag_etl
AIRFLOW_CTX_TASK_ID=fact_nds
AIRFLOW_CTX_EXECUTION_DATE=2023-05-05T07:24:48.889079+00:00
AIRFLOW_CTX_TRY_NUMBER=1
AIRFLOW_CTX_DAG_RUN_ID=manual__2023-05-05T07:24:48.889079+00:00
[2023-05-05 07:25:53,190] {base.py:68} INFO - Using connection ID 'postgres_conn' for task execution.
[2023-05-05 07:25:53,500] {base.py:68} INFO - Using connection ID 'postgres_conn' for task execution.
[2023-05-05 07:25:54,712] {python.py:173} INFO - Done. Returned value was: None
[2023-05-05 07:25:54,834] {taskinstance.py:1400} INFO - Marking task as SUCCESS. dag_id=dag_etl, task_id=fact_nds, execution_date=20230505T072448, start_date=20230505T072551, end_date=20230505T072554
[2023-05-05 07:25:54,918] {local_task_job.py:156} INFO - Task exited with return code 0
[2023-05-05 07:25:55,311] {local_task_job.py:273} INFO - 1 downstream tasks scheduled from follow-on schedule check
