[2023-05-03 18:35:19,654] {taskinstance.py:1159} INFO - Dependencies all met for <TaskInstance: dag_etl.rename_extracted_file manual__2023-05-03T18:34:59.697678+00:00 [queued]>
[2023-05-03 18:35:19,708] {taskinstance.py:1159} INFO - Dependencies all met for <TaskInstance: dag_etl.rename_extracted_file manual__2023-05-03T18:34:59.697678+00:00 [queued]>
[2023-05-03 18:35:19,709] {taskinstance.py:1356} INFO - 
--------------------------------------------------------------------------------
[2023-05-03 18:35:19,710] {taskinstance.py:1357} INFO - Starting attempt 1 of 6
[2023-05-03 18:35:19,711] {taskinstance.py:1358} INFO - 
--------------------------------------------------------------------------------
[2023-05-03 18:35:19,795] {taskinstance.py:1377} INFO - Executing <Task(_PythonDecoratedOperator): rename_extracted_file> on 2023-05-03 18:34:59.697678+00:00
[2023-05-03 18:35:19,806] {standard_task_runner.py:52} INFO - Started process 481 to run task
[2023-05-03 18:35:19,822] {standard_task_runner.py:79} INFO - Running: ['***', 'tasks', 'run', 'dag_etl', 'rename_extracted_file', 'manual__2023-05-03T18:34:59.697678+00:00', '--job-id', '855', '--raw', '--subdir', 'DAGS_FOLDER/dag_etl_taskflow.py', '--cfg-path', '/tmp/tmpwg11gqbq', '--error-file', '/tmp/tmpxqd2wczp']
[2023-05-03 18:35:19,828] {standard_task_runner.py:80} INFO - Job 855: Subtask rename_extracted_file
[2023-05-03 18:35:20,233] {task_command.py:370} INFO - Running <TaskInstance: dag_etl.rename_extracted_file manual__2023-05-03T18:34:59.697678+00:00 [running]> on host 295d97741f96
[2023-05-03 18:35:21,228] {taskinstance.py:1571} INFO - Exporting the following env vars:
AIRFLOW_CTX_DAG_OWNER=Victor
AIRFLOW_CTX_DAG_ID=dag_etl
AIRFLOW_CTX_TASK_ID=rename_extracted_file
AIRFLOW_CTX_EXECUTION_DATE=2023-05-03T18:34:59.697678+00:00
AIRFLOW_CTX_TRY_NUMBER=1
AIRFLOW_CTX_DAG_RUN_ID=manual__2023-05-03T18:34:59.697678+00:00
[2023-05-03 18:35:21,245] {python.py:173} INFO - Done. Returned value was: /opt/***/data
[2023-05-03 18:35:21,761] {taskinstance.py:1400} INFO - Marking task as SUCCESS. dag_id=dag_etl, task_id=rename_extracted_file, execution_date=20230503T183459, start_date=20230503T183519, end_date=20230503T183521
[2023-05-03 18:35:21,950] {local_task_job.py:156} INFO - Task exited with return code 0
[2023-05-03 18:35:22,567] {local_task_job.py:273} INFO - 7 downstream tasks scheduled from follow-on schedule check
