[2023-05-02 13:52:10,695] {taskinstance.py:1159} INFO - Dependencies all met for <TaskInstance: dag_etl.rename_extracted_file manual__2023-05-02T13:51:38.744363+00:00 [queued]>
[2023-05-02 13:52:10,807] {taskinstance.py:1159} INFO - Dependencies all met for <TaskInstance: dag_etl.rename_extracted_file manual__2023-05-02T13:51:38.744363+00:00 [queued]>
[2023-05-02 13:52:10,808] {taskinstance.py:1356} INFO - 
--------------------------------------------------------------------------------
[2023-05-02 13:52:10,810] {taskinstance.py:1357} INFO - Starting attempt 1 of 6
[2023-05-02 13:52:10,811] {taskinstance.py:1358} INFO - 
--------------------------------------------------------------------------------
[2023-05-02 13:52:10,962] {taskinstance.py:1377} INFO - Executing <Task(_PythonDecoratedOperator): rename_extracted_file> on 2023-05-02 13:51:38.744363+00:00
[2023-05-02 13:52:10,980] {standard_task_runner.py:52} INFO - Started process 1240 to run task
[2023-05-02 13:52:10,994] {standard_task_runner.py:79} INFO - Running: ['***', 'tasks', 'run', 'dag_etl', 'rename_extracted_file', 'manual__2023-05-02T13:51:38.744363+00:00', '--job-id', '584', '--raw', '--subdir', 'DAGS_FOLDER/dag_etl_taskflow.py', '--cfg-path', '/tmp/tmpchem7_3d', '--error-file', '/tmp/tmplk1n2tlo']
[2023-05-02 13:52:11,016] {standard_task_runner.py:80} INFO - Job 584: Subtask rename_extracted_file
[2023-05-02 13:52:11,782] {task_command.py:370} INFO - Running <TaskInstance: dag_etl.rename_extracted_file manual__2023-05-02T13:51:38.744363+00:00 [running]> on host 295d97741f96
[2023-05-02 13:52:12,834] {taskinstance.py:1571} INFO - Exporting the following env vars:
AIRFLOW_CTX_DAG_OWNER=Victor
AIRFLOW_CTX_DAG_ID=dag_etl
AIRFLOW_CTX_TASK_ID=rename_extracted_file
AIRFLOW_CTX_EXECUTION_DATE=2023-05-02T13:51:38.744363+00:00
AIRFLOW_CTX_TRY_NUMBER=1
AIRFLOW_CTX_DAG_RUN_ID=manual__2023-05-02T13:51:38.744363+00:00
[2023-05-02 13:52:12,846] {python.py:173} INFO - Done. Returned value was: /opt/***/data
[2023-05-02 13:52:13,299] {taskinstance.py:1400} INFO - Marking task as SUCCESS. dag_id=dag_etl, task_id=rename_extracted_file, execution_date=20230502T135138, start_date=20230502T135210, end_date=20230502T135213
[2023-05-02 13:52:13,467] {local_task_job.py:156} INFO - Task exited with return code 0
[2023-05-02 13:52:14,742] {local_task_job.py:273} INFO - 0 downstream tasks scheduled from follow-on schedule check
