[2023-08-17 16:39:16,241] {taskinstance.py:1179} INFO - Dependencies all met for <TaskInstance: dag_etl.clear_data_directory manual__2023-08-17T16:39:02.613613+00:00 [queued]>
[2023-08-17 16:39:16,249] {taskinstance.py:1179} INFO - Dependencies all met for <TaskInstance: dag_etl.clear_data_directory manual__2023-08-17T16:39:02.613613+00:00 [queued]>
[2023-08-17 16:39:16,249] {taskinstance.py:1376} INFO - 
--------------------------------------------------------------------------------
[2023-08-17 16:39:16,249] {taskinstance.py:1377} INFO - Starting attempt 1 of 6
[2023-08-17 16:39:16,249] {taskinstance.py:1378} INFO - 
--------------------------------------------------------------------------------
[2023-08-17 16:39:16,259] {taskinstance.py:1397} INFO - Executing <Task(BashOperator): clear_data_directory> on 2023-08-17 16:39:02.613613+00:00
[2023-08-17 16:39:16,264] {standard_task_runner.py:52} INFO - Started process 1982 to run task
[2023-08-17 16:39:16,268] {standard_task_runner.py:79} INFO - Running: ['***', 'tasks', 'run', 'dag_etl', 'clear_data_directory', 'manual__2023-08-17T16:39:02.613613+00:00', '--job-id', '45', '--raw', '--subdir', 'DAGS_FOLDER/dag_etl_taskflow.py', '--cfg-path', '/tmp/tmpfx6_a53a', '--error-file', '/tmp/tmpfwdovr19']
[2023-08-17 16:39:16,269] {standard_task_runner.py:80} INFO - Job 45: Subtask clear_data_directory
[2023-08-17 16:39:16,331] {task_command.py:371} INFO - Running <TaskInstance: dag_etl.clear_data_directory manual__2023-08-17T16:39:02.613613+00:00 [running]> on host 1ea22a5e1d7f
[2023-08-17 16:39:16,396] {taskinstance.py:1591} INFO - Exporting the following env vars:
AIRFLOW_CTX_DAG_OWNER=Victor
AIRFLOW_CTX_DAG_ID=dag_etl
AIRFLOW_CTX_TASK_ID=clear_data_directory
AIRFLOW_CTX_EXECUTION_DATE=2023-08-17T16:39:02.613613+00:00
AIRFLOW_CTX_TRY_NUMBER=1
AIRFLOW_CTX_DAG_RUN_ID=manual__2023-08-17T16:39:02.613613+00:00
[2023-08-17 16:39:16,397] {subprocess.py:62} INFO - Tmp dir root location: 
 /tmp
[2023-08-17 16:39:16,398] {subprocess.py:74} INFO - Running command: ['bash', '-c', 'rm -rf ${pwd}data/* | echo "приехали"']
[2023-08-17 16:39:16,414] {subprocess.py:85} INFO - Output:
[2023-08-17 16:39:16,421] {subprocess.py:92} INFO - приехали
[2023-08-17 16:39:16,425] {subprocess.py:96} INFO - Command exited with return code 0
[2023-08-17 16:39:16,456] {taskinstance.py:1420} INFO - Marking task as SUCCESS. dag_id=dag_etl, task_id=clear_data_directory, execution_date=20230817T163902, start_date=20230817T163916, end_date=20230817T163916
[2023-08-17 16:39:16,479] {local_task_job.py:156} INFO - Task exited with return code 0
[2023-08-17 16:39:16,511] {local_task_job.py:273} INFO - 0 downstream tasks scheduled from follow-on schedule check
