[2023-04-30 06:57:42,781] {taskinstance.py:1159} INFO - Dependencies all met for <TaskInstance: dag_etl.delete_s3_obj manual__2023-04-30T06:05:09.757169+00:00 [queued]>
[2023-04-30 06:57:43,183] {taskinstance.py:1159} INFO - Dependencies all met for <TaskInstance: dag_etl.delete_s3_obj manual__2023-04-30T06:05:09.757169+00:00 [queued]>
[2023-04-30 06:57:43,187] {taskinstance.py:1356} INFO - 
--------------------------------------------------------------------------------
[2023-04-30 06:57:43,200] {taskinstance.py:1357} INFO - Starting attempt 2 of 6
[2023-04-30 06:57:43,209] {taskinstance.py:1358} INFO - 
--------------------------------------------------------------------------------
[2023-04-30 06:57:43,981] {taskinstance.py:1377} INFO - Executing <Task(S3DeleteObjectsOperator): delete_s3_obj> on 2023-04-30 06:05:09.757169+00:00
[2023-04-30 06:57:44,117] {standard_task_runner.py:52} INFO - Started process 396 to run task
[2023-04-30 06:57:44,207] {standard_task_runner.py:79} INFO - Running: ['***', 'tasks', 'run', 'dag_etl', 'delete_s3_obj', 'manual__2023-04-30T06:05:09.757169+00:00', '--job-id', '24', '--raw', '--subdir', 'DAGS_FOLDER/dag_etl_taskflow.py', '--cfg-path', '/tmp/tmp4nn70uy4', '--error-file', '/tmp/tmpqumokn9y']
[2023-04-30 06:57:44,237] {standard_task_runner.py:80} INFO - Job 24: Subtask delete_s3_obj
[2023-04-30 06:57:46,756] {task_command.py:370} INFO - Running <TaskInstance: dag_etl.delete_s3_obj manual__2023-04-30T06:05:09.757169+00:00 [running]> on host 295d97741f96
[2023-04-30 06:57:53,353] {taskinstance.py:1571} INFO - Exporting the following env vars:
AIRFLOW_CTX_DAG_OWNER=Victor
AIRFLOW_CTX_DAG_ID=dag_etl
AIRFLOW_CTX_TASK_ID=delete_s3_obj
AIRFLOW_CTX_EXECUTION_DATE=2023-04-30T06:05:09.757169+00:00
AIRFLOW_CTX_TRY_NUMBER=2
AIRFLOW_CTX_DAG_RUN_ID=manual__2023-04-30T06:05:09.757169+00:00
[2023-04-30 06:57:54,221] {base.py:68} INFO - Using connection ID 'minio_conn' for task execution.
[2023-04-30 06:57:54,249] {base_aws.py:206} INFO - Credentials retrieved from login
[2023-04-30 06:57:58,137] {s3.py:841} INFO - Deleted: ['supermarket_sales.csv']
[2023-04-30 06:57:58,484] {taskinstance.py:1400} INFO - Marking task as SUCCESS. dag_id=dag_etl, task_id=delete_s3_obj, execution_date=20230430T060509, start_date=20230430T065742, end_date=20230430T065758
[2023-04-30 06:57:58,954] {local_task_job.py:156} INFO - Task exited with return code 0
[2023-04-30 06:57:59,714] {local_task_job.py:273} INFO - 0 downstream tasks scheduled from follow-on schedule check
