[2023-04-30 15:45:51,401] {taskinstance.py:1159} INFO - Dependencies all met for <TaskInstance: dag_etl.dim_branch manual__2023-04-30T15:43:25.508231+00:00 [queued]>
[2023-04-30 15:45:51,951] {taskinstance.py:1159} INFO - Dependencies all met for <TaskInstance: dag_etl.dim_branch manual__2023-04-30T15:43:25.508231+00:00 [queued]>
[2023-04-30 15:45:51,955] {taskinstance.py:1356} INFO - 
--------------------------------------------------------------------------------
[2023-04-30 15:45:51,977] {taskinstance.py:1357} INFO - Starting attempt 1 of 6
[2023-04-30 15:45:51,981] {taskinstance.py:1358} INFO - 
--------------------------------------------------------------------------------
[2023-04-30 15:45:53,717] {taskinstance.py:1377} INFO - Executing <Task(_PythonDecoratedOperator): dim_branch> on 2023-04-30 15:43:25.508231+00:00
[2023-04-30 15:45:54,002] {standard_task_runner.py:52} INFO - Started process 776 to run task
[2023-04-30 15:45:54,247] {standard_task_runner.py:79} INFO - Running: ['***', 'tasks', 'run', 'dag_etl', 'dim_branch', 'manual__2023-04-30T15:43:25.508231+00:00', '--job-id', '310', '--raw', '--subdir', 'DAGS_FOLDER/dag_etl_taskflow.py', '--cfg-path', '/tmp/tmpsnggrmnl', '--error-file', '/tmp/tmpneaf_035']
[2023-04-30 15:45:54,336] {standard_task_runner.py:80} INFO - Job 310: Subtask dim_branch
[2023-04-30 15:45:57,437] {task_command.py:370} INFO - Running <TaskInstance: dag_etl.dim_branch manual__2023-04-30T15:43:25.508231+00:00 [running]> on host 295d97741f96
[2023-04-30 15:46:06,398] {taskinstance.py:1571} INFO - Exporting the following env vars:
AIRFLOW_CTX_DAG_OWNER=Victor
AIRFLOW_CTX_DAG_ID=dag_etl
AIRFLOW_CTX_TASK_ID=dim_branch
AIRFLOW_CTX_EXECUTION_DATE=2023-04-30T15:43:25.508231+00:00
AIRFLOW_CTX_TRY_NUMBER=1
AIRFLOW_CTX_DAG_RUN_ID=manual__2023-04-30T15:43:25.508231+00:00
[2023-04-30 15:46:09,939] {base.py:68} INFO - Using connection ID 'postgres_conn' for task execution.
[2023-04-30 15:46:11,896] {python.py:173} INFO - Done. Returned value was: None
[2023-04-30 15:46:12,988] {taskinstance.py:1400} INFO - Marking task as SUCCESS. dag_id=dag_etl, task_id=dim_branch, execution_date=20230430T154325, start_date=20230430T154551, end_date=20230430T154612
[2023-04-30 15:46:14,017] {local_task_job.py:156} INFO - Task exited with return code 0
[2023-04-30 15:46:18,054] {local_task_job.py:273} INFO - 0 downstream tasks scheduled from follow-on schedule check
