[2023-05-02 10:44:32,840] {taskinstance.py:1159} INFO - Dependencies all met for <TaskInstance: dag_etl.clear_data_directory manual__2023-05-02T10:43:11.140829+00:00 [queued]>
[2023-05-02 10:44:32,907] {taskinstance.py:1159} INFO - Dependencies all met for <TaskInstance: dag_etl.clear_data_directory manual__2023-05-02T10:43:11.140829+00:00 [queued]>
[2023-05-02 10:44:32,908] {taskinstance.py:1356} INFO - 
--------------------------------------------------------------------------------
[2023-05-02 10:44:32,909] {taskinstance.py:1357} INFO - Starting attempt 1 of 6
[2023-05-02 10:44:32,910] {taskinstance.py:1358} INFO - 
--------------------------------------------------------------------------------
[2023-05-02 10:44:33,024] {taskinstance.py:1377} INFO - Executing <Task(BashOperator): clear_data_directory> on 2023-05-02 10:43:11.140829+00:00
[2023-05-02 10:44:33,034] {standard_task_runner.py:52} INFO - Started process 1727 to run task
[2023-05-02 10:44:33,043] {standard_task_runner.py:79} INFO - Running: ['***', 'tasks', 'run', 'dag_etl', 'clear_data_directory', 'manual__2023-05-02T10:43:11.140829+00:00', '--job-id', '484', '--raw', '--subdir', 'DAGS_FOLDER/dag_etl_taskflow.py', '--cfg-path', '/tmp/tmpcg5uz32p', '--error-file', '/tmp/tmpavhzea0w']
[2023-05-02 10:44:33,046] {standard_task_runner.py:80} INFO - Job 484: Subtask clear_data_directory
[2023-05-02 10:44:33,479] {task_command.py:370} INFO - Running <TaskInstance: dag_etl.clear_data_directory manual__2023-05-02T10:43:11.140829+00:00 [running]> on host 295d97741f96
[2023-05-02 10:44:34,167] {taskinstance.py:1571} INFO - Exporting the following env vars:
AIRFLOW_CTX_DAG_OWNER=Victor
AIRFLOW_CTX_DAG_ID=dag_etl
AIRFLOW_CTX_TASK_ID=clear_data_directory
AIRFLOW_CTX_EXECUTION_DATE=2023-05-02T10:43:11.140829+00:00
AIRFLOW_CTX_TRY_NUMBER=1
AIRFLOW_CTX_DAG_RUN_ID=manual__2023-05-02T10:43:11.140829+00:00
[2023-05-02 10:44:34,172] {subprocess.py:62} INFO - Tmp dir root location: 
 /tmp
[2023-05-02 10:44:34,175] {subprocess.py:74} INFO - Running command: ['bash', '-c', 'rm -rf ${pwd}data/* | echo "приехали"']
[2023-05-02 10:44:34,194] {subprocess.py:85} INFO - Output:
[2023-05-02 10:44:34,243] {subprocess.py:92} INFO - приехали
[2023-05-02 10:44:34,273] {subprocess.py:96} INFO - Command exited with return code 0
[2023-05-02 10:44:34,529] {taskinstance.py:1400} INFO - Marking task as SUCCESS. dag_id=dag_etl, task_id=clear_data_directory, execution_date=20230502T104311, start_date=20230502T104432, end_date=20230502T104434
[2023-05-02 10:44:34,643] {local_task_job.py:156} INFO - Task exited with return code 0
[2023-05-02 10:44:34,913] {local_task_job.py:273} INFO - 0 downstream tasks scheduled from follow-on schedule check
