[2023-04-30 09:02:16,350] {taskinstance.py:1159} INFO - Dependencies all met for <TaskInstance: dag_etl.dim_gender manual__2023-04-30T09:01:32.484117+00:00 [queued]>
[2023-04-30 09:02:16,500] {taskinstance.py:1159} INFO - Dependencies all met for <TaskInstance: dag_etl.dim_gender manual__2023-04-30T09:01:32.484117+00:00 [queued]>
[2023-04-30 09:02:16,511] {taskinstance.py:1356} INFO - 
--------------------------------------------------------------------------------
[2023-04-30 09:02:16,513] {taskinstance.py:1357} INFO - Starting attempt 1 of 6
[2023-04-30 09:02:16,514] {taskinstance.py:1358} INFO - 
--------------------------------------------------------------------------------
[2023-04-30 09:02:16,646] {taskinstance.py:1377} INFO - Executing <Task(_PythonDecoratedOperator): dim_gender> on 2023-04-30 09:01:32.484117+00:00
[2023-04-30 09:02:16,678] {standard_task_runner.py:52} INFO - Started process 700 to run task
[2023-04-30 09:02:16,706] {standard_task_runner.py:79} INFO - Running: ['***', 'tasks', 'run', 'dag_etl', 'dim_gender', 'manual__2023-04-30T09:01:32.484117+00:00', '--job-id', '191', '--raw', '--subdir', 'DAGS_FOLDER/dag_etl_taskflow.py', '--cfg-path', '/tmp/tmpuc5ld3g6', '--error-file', '/tmp/tmphv1abbv3']
[2023-04-30 09:02:16,718] {standard_task_runner.py:80} INFO - Job 191: Subtask dim_gender
[2023-04-30 09:02:17,661] {task_command.py:370} INFO - Running <TaskInstance: dag_etl.dim_gender manual__2023-04-30T09:01:32.484117+00:00 [running]> on host 295d97741f96
[2023-04-30 09:02:19,903] {taskinstance.py:1571} INFO - Exporting the following env vars:
AIRFLOW_CTX_DAG_OWNER=Victor
AIRFLOW_CTX_DAG_ID=dag_etl
AIRFLOW_CTX_TASK_ID=dim_gender
AIRFLOW_CTX_EXECUTION_DATE=2023-04-30T09:01:32.484117+00:00
AIRFLOW_CTX_TRY_NUMBER=1
AIRFLOW_CTX_DAG_RUN_ID=manual__2023-04-30T09:01:32.484117+00:00
[2023-04-30 09:02:20,410] {base.py:68} INFO - Using connection ID 'postgres_conn' for task execution.
[2023-04-30 09:02:21,492] {python.py:173} INFO - Done. Returned value was: None
[2023-04-30 09:02:23,888] {taskinstance.py:1400} INFO - Marking task as SUCCESS. dag_id=dag_etl, task_id=dim_gender, execution_date=20230430T090132, start_date=20230430T090216, end_date=20230430T090223
[2023-04-30 09:02:24,290] {local_task_job.py:156} INFO - Task exited with return code 0
[2023-04-30 09:02:27,204] {local_task_job.py:273} INFO - 0 downstream tasks scheduled from follow-on schedule check
