[2023-04-30 18:04:46,177] {taskinstance.py:1159} INFO - Dependencies all met for <TaskInstance: dag_etl.dim_payment manual__2023-04-30T18:03:01.890216+00:00 [queued]>
[2023-04-30 18:04:47,242] {taskinstance.py:1159} INFO - Dependencies all met for <TaskInstance: dag_etl.dim_payment manual__2023-04-30T18:03:01.890216+00:00 [queued]>
[2023-04-30 18:04:47,286] {taskinstance.py:1356} INFO - 
--------------------------------------------------------------------------------
[2023-04-30 18:04:47,298] {taskinstance.py:1357} INFO - Starting attempt 1 of 6
[2023-04-30 18:04:47,304] {taskinstance.py:1358} INFO - 
--------------------------------------------------------------------------------
[2023-04-30 18:04:48,719] {taskinstance.py:1377} INFO - Executing <Task(_PythonDecoratedOperator): dim_payment> on 2023-04-30 18:03:01.890216+00:00
[2023-04-30 18:04:48,803] {standard_task_runner.py:52} INFO - Started process 1571 to run task
[2023-04-30 18:04:49,033] {standard_task_runner.py:79} INFO - Running: ['***', 'tasks', 'run', 'dag_etl', 'dim_payment', 'manual__2023-04-30T18:03:01.890216+00:00', '--job-id', '362', '--raw', '--subdir', 'DAGS_FOLDER/dag_etl_taskflow.py', '--cfg-path', '/tmp/tmpas27jcru', '--error-file', '/tmp/tmpup4ybf25']
[2023-04-30 18:04:49,111] {standard_task_runner.py:80} INFO - Job 362: Subtask dim_payment
[2023-04-30 18:04:53,264] {task_command.py:370} INFO - Running <TaskInstance: dag_etl.dim_payment manual__2023-04-30T18:03:01.890216+00:00 [running]> on host 295d97741f96
[2023-04-30 18:05:02,243] {taskinstance.py:1571} INFO - Exporting the following env vars:
AIRFLOW_CTX_DAG_OWNER=Victor
AIRFLOW_CTX_DAG_ID=dag_etl
AIRFLOW_CTX_TASK_ID=dim_payment
AIRFLOW_CTX_EXECUTION_DATE=2023-04-30T18:03:01.890216+00:00
AIRFLOW_CTX_TRY_NUMBER=1
AIRFLOW_CTX_DAG_RUN_ID=manual__2023-04-30T18:03:01.890216+00:00
[2023-04-30 18:05:04,018] {base.py:68} INFO - Using connection ID 'postgres_conn' for task execution.
[2023-04-30 18:05:05,300] {python.py:173} INFO - Done. Returned value was: None
[2023-04-30 18:05:08,069] {taskinstance.py:1400} INFO - Marking task as SUCCESS. dag_id=dag_etl, task_id=dim_payment, execution_date=20230430T180301, start_date=20230430T180446, end_date=20230430T180508
[2023-04-30 18:05:08,909] {local_task_job.py:156} INFO - Task exited with return code 0
[2023-04-30 18:05:12,246] {local_task_job.py:273} INFO - 0 downstream tasks scheduled from follow-on schedule check
