[2023-05-03 18:44:01,635] {taskinstance.py:1159} INFO - Dependencies all met for <TaskInstance: dag_etl.extract_from_s3 manual__2023-05-03T18:43:51.079238+00:00 [queued]>
[2023-05-03 18:44:01,702] {taskinstance.py:1159} INFO - Dependencies all met for <TaskInstance: dag_etl.extract_from_s3 manual__2023-05-03T18:43:51.079238+00:00 [queued]>
[2023-05-03 18:44:01,703] {taskinstance.py:1356} INFO - 
--------------------------------------------------------------------------------
[2023-05-03 18:44:01,704] {taskinstance.py:1357} INFO - Starting attempt 1 of 6
[2023-05-03 18:44:01,704] {taskinstance.py:1358} INFO - 
--------------------------------------------------------------------------------
[2023-05-03 18:44:01,813] {taskinstance.py:1377} INFO - Executing <Task(_PythonDecoratedOperator): extract_from_s3> on 2023-05-03 18:43:51.079238+00:00
[2023-05-03 18:44:01,833] {standard_task_runner.py:52} INFO - Started process 1168 to run task
[2023-05-03 18:44:01,850] {standard_task_runner.py:79} INFO - Running: ['***', 'tasks', 'run', 'dag_etl', 'extract_from_s3', 'manual__2023-05-03T18:43:51.079238+00:00', '--job-id', '869', '--raw', '--subdir', 'DAGS_FOLDER/dag_etl_taskflow.py', '--cfg-path', '/tmp/tmpmneqaqtp', '--error-file', '/tmp/tmp8g0fs675']
[2023-05-03 18:44:01,853] {standard_task_runner.py:80} INFO - Job 869: Subtask extract_from_s3
[2023-05-03 18:44:02,402] {task_command.py:370} INFO - Running <TaskInstance: dag_etl.extract_from_s3 manual__2023-05-03T18:43:51.079238+00:00 [running]> on host 295d97741f96
[2023-05-03 18:44:03,585] {taskinstance.py:1571} INFO - Exporting the following env vars:
AIRFLOW_CTX_DAG_OWNER=Victor
AIRFLOW_CTX_DAG_ID=dag_etl
AIRFLOW_CTX_TASK_ID=extract_from_s3
AIRFLOW_CTX_EXECUTION_DATE=2023-05-03T18:43:51.079238+00:00
AIRFLOW_CTX_TRY_NUMBER=1
AIRFLOW_CTX_DAG_RUN_ID=manual__2023-05-03T18:43:51.079238+00:00
[2023-05-03 18:44:03,596] {s3.py:861} INFO - Downloading source S3 file from Bucket raw with path supermarket_sales.csv
[2023-05-03 18:44:03,775] {base.py:68} INFO - Using connection ID 'minio_conn' for task execution.
[2023-05-03 18:44:03,782] {base_aws.py:206} INFO - Credentials retrieved from login
[2023-05-03 18:44:05,031] {python.py:173} INFO - Done. Returned value was: /opt/***/data/***_tmp_l214mm2s
[2023-05-03 18:44:05,903] {taskinstance.py:1400} INFO - Marking task as SUCCESS. dag_id=dag_etl, task_id=extract_from_s3, execution_date=20230503T184351, start_date=20230503T184401, end_date=20230503T184405
[2023-05-03 18:44:06,134] {local_task_job.py:156} INFO - Task exited with return code 0
[2023-05-03 18:44:06,715] {local_task_job.py:273} INFO - 1 downstream tasks scheduled from follow-on schedule check
