[2023-04-30 09:03:32,948] {taskinstance.py:1159} INFO - Dependencies all met for <TaskInstance: dag_etl.dim_date manual__2023-04-30T09:03:00.358280+00:00 [queued]>
[2023-04-30 09:03:33,059] {taskinstance.py:1159} INFO - Dependencies all met for <TaskInstance: dag_etl.dim_date manual__2023-04-30T09:03:00.358280+00:00 [queued]>
[2023-04-30 09:03:33,061] {taskinstance.py:1356} INFO - 
--------------------------------------------------------------------------------
[2023-04-30 09:03:33,062] {taskinstance.py:1357} INFO - Starting attempt 1 of 6
[2023-04-30 09:03:33,063] {taskinstance.py:1358} INFO - 
--------------------------------------------------------------------------------
[2023-04-30 09:03:33,201] {taskinstance.py:1377} INFO - Executing <Task(_PythonDecoratedOperator): dim_date> on 2023-04-30 09:03:00.358280+00:00
[2023-04-30 09:03:33,219] {standard_task_runner.py:52} INFO - Started process 830 to run task
[2023-04-30 09:03:33,250] {standard_task_runner.py:79} INFO - Running: ['***', 'tasks', 'run', 'dag_etl', 'dim_date', 'manual__2023-04-30T09:03:00.358280+00:00', '--job-id', '203', '--raw', '--subdir', 'DAGS_FOLDER/dag_etl_taskflow.py', '--cfg-path', '/tmp/tmpoa9ge_f4', '--error-file', '/tmp/tmpa_43c3gr']
[2023-04-30 09:03:33,260] {standard_task_runner.py:80} INFO - Job 203: Subtask dim_date
[2023-04-30 09:03:34,089] {task_command.py:370} INFO - Running <TaskInstance: dag_etl.dim_date manual__2023-04-30T09:03:00.358280+00:00 [running]> on host 295d97741f96
[2023-04-30 09:03:35,648] {taskinstance.py:1571} INFO - Exporting the following env vars:
AIRFLOW_CTX_DAG_OWNER=Victor
AIRFLOW_CTX_DAG_ID=dag_etl
AIRFLOW_CTX_TASK_ID=dim_date
AIRFLOW_CTX_EXECUTION_DATE=2023-04-30T09:03:00.358280+00:00
AIRFLOW_CTX_TRY_NUMBER=1
AIRFLOW_CTX_DAG_RUN_ID=manual__2023-04-30T09:03:00.358280+00:00
[2023-04-30 09:03:49,923] {base.py:68} INFO - Using connection ID 'postgres_conn' for task execution.
[2023-04-30 09:04:19,753] {python.py:173} INFO - Done. Returned value was: None
[2023-04-30 09:04:19,896] {taskinstance.py:1400} INFO - Marking task as SUCCESS. dag_id=dag_etl, task_id=dim_date, execution_date=20230430T090300, start_date=20230430T090332, end_date=20230430T090419
[2023-04-30 09:04:20,108] {local_task_job.py:156} INFO - Task exited with return code 0
[2023-04-30 09:04:20,882] {local_task_job.py:273} INFO - 0 downstream tasks scheduled from follow-on schedule check
