[2023-05-02 13:45:07,272] {taskinstance.py:1159} INFO - Dependencies all met for <TaskInstance: dag_etl.fact_nds manual__2023-05-02T13:43:58.584891+00:00 [queued]>
[2023-05-02 13:45:07,330] {taskinstance.py:1159} INFO - Dependencies all met for <TaskInstance: dag_etl.fact_nds manual__2023-05-02T13:43:58.584891+00:00 [queued]>
[2023-05-02 13:45:07,331] {taskinstance.py:1356} INFO - 
--------------------------------------------------------------------------------
[2023-05-02 13:45:07,332] {taskinstance.py:1357} INFO - Starting attempt 1 of 6
[2023-05-02 13:45:07,333] {taskinstance.py:1358} INFO - 
--------------------------------------------------------------------------------
[2023-05-02 13:45:07,422] {taskinstance.py:1377} INFO - Executing <Task(_PythonDecoratedOperator): fact_nds> on 2023-05-02 13:43:58.584891+00:00
[2023-05-02 13:45:07,432] {standard_task_runner.py:52} INFO - Started process 620 to run task
[2023-05-02 13:45:07,440] {standard_task_runner.py:79} INFO - Running: ['***', 'tasks', 'run', 'dag_etl', 'fact_nds', 'manual__2023-05-02T13:43:58.584891+00:00', '--job-id', '559', '--raw', '--subdir', 'DAGS_FOLDER/dag_etl_taskflow.py', '--cfg-path', '/tmp/tmpug5008ck', '--error-file', '/tmp/tmp_kz488w5']
[2023-05-02 13:45:07,443] {standard_task_runner.py:80} INFO - Job 559: Subtask fact_nds
[2023-05-02 13:45:07,796] {task_command.py:370} INFO - Running <TaskInstance: dag_etl.fact_nds manual__2023-05-02T13:43:58.584891+00:00 [running]> on host 295d97741f96
[2023-05-02 13:45:08,466] {taskinstance.py:1571} INFO - Exporting the following env vars:
AIRFLOW_CTX_DAG_OWNER=Victor
AIRFLOW_CTX_DAG_ID=dag_etl
AIRFLOW_CTX_TASK_ID=fact_nds
AIRFLOW_CTX_EXECUTION_DATE=2023-05-02T13:43:58.584891+00:00
AIRFLOW_CTX_TRY_NUMBER=1
AIRFLOW_CTX_DAG_RUN_ID=manual__2023-05-02T13:43:58.584891+00:00
[2023-05-02 13:45:08,548] {base.py:68} INFO - Using connection ID 'postgres_conn' for task execution.
[2023-05-02 13:45:08,842] {base.py:68} INFO - Using connection ID 'postgres_conn' for task execution.
[2023-05-02 13:45:09,868] {python.py:173} INFO - Done. Returned value was: None
[2023-05-02 13:45:09,981] {taskinstance.py:1400} INFO - Marking task as SUCCESS. dag_id=dag_etl, task_id=fact_nds, execution_date=20230502T134358, start_date=20230502T134507, end_date=20230502T134509
[2023-05-02 13:45:10,081] {local_task_job.py:156} INFO - Task exited with return code 0
[2023-05-02 13:45:10,421] {local_task_job.py:273} INFO - 1 downstream tasks scheduled from follow-on schedule check
