[2023-04-30 17:53:53,879] {taskinstance.py:1159} INFO - Dependencies all met for <TaskInstance: dag_etl.dim_payment manual__2023-04-30T17:52:03.144971+00:00 [queued]>
[2023-04-30 17:53:54,442] {taskinstance.py:1159} INFO - Dependencies all met for <TaskInstance: dag_etl.dim_payment manual__2023-04-30T17:52:03.144971+00:00 [queued]>
[2023-04-30 17:53:54,474] {taskinstance.py:1356} INFO - 
--------------------------------------------------------------------------------
[2023-04-30 17:53:54,509] {taskinstance.py:1357} INFO - Starting attempt 1 of 6
[2023-04-30 17:53:54,511] {taskinstance.py:1358} INFO - 
--------------------------------------------------------------------------------
[2023-04-30 17:53:55,532] {taskinstance.py:1377} INFO - Executing <Task(_PythonDecoratedOperator): dim_payment> on 2023-04-30 17:52:03.144971+00:00
[2023-04-30 17:53:55,609] {standard_task_runner.py:52} INFO - Started process 770 to run task
[2023-04-30 17:53:55,778] {standard_task_runner.py:79} INFO - Running: ['***', 'tasks', 'run', 'dag_etl', 'dim_payment', 'manual__2023-04-30T17:52:03.144971+00:00', '--job-id', '338', '--raw', '--subdir', 'DAGS_FOLDER/dag_etl_taskflow.py', '--cfg-path', '/tmp/tmpqjnmc3vw', '--error-file', '/tmp/tmp5ok17b4m']
[2023-04-30 17:53:55,840] {standard_task_runner.py:80} INFO - Job 338: Subtask dim_payment
[2023-04-30 17:53:59,838] {task_command.py:370} INFO - Running <TaskInstance: dag_etl.dim_payment manual__2023-04-30T17:52:03.144971+00:00 [running]> on host 295d97741f96
[2023-04-30 17:54:13,597] {taskinstance.py:1571} INFO - Exporting the following env vars:
AIRFLOW_CTX_DAG_OWNER=Victor
AIRFLOW_CTX_DAG_ID=dag_etl
AIRFLOW_CTX_TASK_ID=dim_payment
AIRFLOW_CTX_EXECUTION_DATE=2023-04-30T17:52:03.144971+00:00
AIRFLOW_CTX_TRY_NUMBER=1
AIRFLOW_CTX_DAG_RUN_ID=manual__2023-04-30T17:52:03.144971+00:00
[2023-04-30 17:54:16,098] {base.py:68} INFO - Using connection ID 'postgres_conn' for task execution.
[2023-04-30 17:54:17,475] {python.py:173} INFO - Done. Returned value was: None
[2023-04-30 17:54:18,749] {taskinstance.py:1400} INFO - Marking task as SUCCESS. dag_id=dag_etl, task_id=dim_payment, execution_date=20230430T175203, start_date=20230430T175353, end_date=20230430T175418
[2023-04-30 17:54:19,392] {local_task_job.py:156} INFO - Task exited with return code 0
[2023-04-30 17:54:22,442] {local_task_job.py:273} INFO - 0 downstream tasks scheduled from follow-on schedule check
