[2023-04-30 07:36:25,483] {taskinstance.py:1159} INFO - Dependencies all met for <TaskInstance: dag_etl.extract_from_s3 manual__2023-04-30T07:36:08.295748+00:00 [queued]>
[2023-04-30 07:36:25,645] {taskinstance.py:1159} INFO - Dependencies all met for <TaskInstance: dag_etl.extract_from_s3 manual__2023-04-30T07:36:08.295748+00:00 [queued]>
[2023-04-30 07:36:25,647] {taskinstance.py:1356} INFO - 
--------------------------------------------------------------------------------
[2023-04-30 07:36:25,648] {taskinstance.py:1357} INFO - Starting attempt 1 of 6
[2023-04-30 07:36:25,650] {taskinstance.py:1358} INFO - 
--------------------------------------------------------------------------------
[2023-04-30 07:36:25,931] {taskinstance.py:1377} INFO - Executing <Task(_PythonDecoratedOperator): extract_from_s3> on 2023-04-30 07:36:08.295748+00:00
[2023-04-30 07:36:25,943] {standard_task_runner.py:52} INFO - Started process 403 to run task
[2023-04-30 07:36:25,971] {standard_task_runner.py:79} INFO - Running: ['***', 'tasks', 'run', 'dag_etl', 'extract_from_s3', 'manual__2023-04-30T07:36:08.295748+00:00', '--job-id', '108', '--raw', '--subdir', 'DAGS_FOLDER/dag_etl_taskflow.py', '--cfg-path', '/tmp/tmpm6ocqjdg', '--error-file', '/tmp/tmpvd7ksnki']
[2023-04-30 07:36:25,976] {standard_task_runner.py:80} INFO - Job 108: Subtask extract_from_s3
[2023-04-30 07:36:26,617] {task_command.py:370} INFO - Running <TaskInstance: dag_etl.extract_from_s3 manual__2023-04-30T07:36:08.295748+00:00 [running]> on host 295d97741f96
[2023-04-30 07:36:27,351] {taskinstance.py:1571} INFO - Exporting the following env vars:
AIRFLOW_CTX_DAG_OWNER=Victor
AIRFLOW_CTX_DAG_ID=dag_etl
AIRFLOW_CTX_TASK_ID=extract_from_s3
AIRFLOW_CTX_EXECUTION_DATE=2023-04-30T07:36:08.295748+00:00
AIRFLOW_CTX_TRY_NUMBER=1
AIRFLOW_CTX_DAG_RUN_ID=manual__2023-04-30T07:36:08.295748+00:00
[2023-04-30 07:36:27,363] {s3.py:861} INFO - Downloading source S3 file from Bucket raw with path supermarket_sales.csv
[2023-04-30 07:36:27,502] {base.py:68} INFO - Using connection ID 'minio_conn' for task execution.
[2023-04-30 07:36:27,508] {base_aws.py:206} INFO - Credentials retrieved from login
[2023-04-30 07:36:28,852] {python.py:173} INFO - Done. Returned value was: /opt/***/data/***_tmp_mlpon3jl
[2023-04-30 07:36:29,489] {taskinstance.py:1400} INFO - Marking task as SUCCESS. dag_id=dag_etl, task_id=extract_from_s3, execution_date=20230430T073608, start_date=20230430T073625, end_date=20230430T073629
[2023-04-30 07:36:29,676] {local_task_job.py:156} INFO - Task exited with return code 0
[2023-04-30 07:36:30,426] {local_task_job.py:273} INFO - 1 downstream tasks scheduled from follow-on schedule check
