[2023-05-02 10:31:34,062] {taskinstance.py:1159} INFO - Dependencies all met for <TaskInstance: dag_etl.sensor_s3_obj scheduled__2023-05-01T00:00:00+00:00 [queued]>
[2023-05-02 10:31:34,454] {taskinstance.py:1159} INFO - Dependencies all met for <TaskInstance: dag_etl.sensor_s3_obj scheduled__2023-05-01T00:00:00+00:00 [queued]>
[2023-05-02 10:31:34,488] {taskinstance.py:1356} INFO - 
--------------------------------------------------------------------------------
[2023-05-02 10:31:34,501] {taskinstance.py:1357} INFO - Starting attempt 1 of 6
[2023-05-02 10:31:34,506] {taskinstance.py:1358} INFO - 
--------------------------------------------------------------------------------
[2023-05-02 10:31:35,328] {taskinstance.py:1377} INFO - Executing <Task(S3KeySensor): sensor_s3_obj> on 2023-05-01 00:00:00+00:00
[2023-05-02 10:31:35,391] {standard_task_runner.py:52} INFO - Started process 332 to run task
[2023-05-02 10:31:35,507] {standard_task_runner.py:79} INFO - Running: ['***', 'tasks', 'run', 'dag_etl', 'sensor_s3_obj', 'scheduled__2023-05-01T00:00:00+00:00', '--job-id', '379', '--raw', '--subdir', 'DAGS_FOLDER/dag_etl_taskflow.py', '--cfg-path', '/tmp/tmpvf9siud5', '--error-file', '/tmp/tmp0fzeon7o']
[2023-05-02 10:31:35,567] {standard_task_runner.py:80} INFO - Job 379: Subtask sensor_s3_obj
[2023-05-02 10:31:37,827] {task_command.py:370} INFO - Running <TaskInstance: dag_etl.sensor_s3_obj scheduled__2023-05-01T00:00:00+00:00 [running]> on host 295d97741f96
[2023-05-02 10:31:45,050] {taskinstance.py:1571} INFO - Exporting the following env vars:
AIRFLOW_CTX_DAG_OWNER=Victor
AIRFLOW_CTX_DAG_ID=dag_etl
AIRFLOW_CTX_TASK_ID=sensor_s3_obj
AIRFLOW_CTX_EXECUTION_DATE=2023-05-01T00:00:00+00:00
AIRFLOW_CTX_TRY_NUMBER=1
AIRFLOW_CTX_DAG_RUN_ID=scheduled__2023-05-01T00:00:00+00:00
[2023-05-02 10:31:45,062] {s3.py:104} INFO - Poking for key : s3://raw/supermarket_sales.csv
[2023-05-02 10:31:46,055] {base.py:68} INFO - Using connection ID 'minio_conn' for task execution.
[2023-05-02 10:31:46,090] {base_aws.py:206} INFO - Credentials retrieved from login
[2023-05-02 10:31:51,105] {base.py:301} INFO - Success criteria met. Exiting.
[2023-05-02 10:31:51,660] {taskinstance.py:1400} INFO - Marking task as SUCCESS. dag_id=dag_etl, task_id=sensor_s3_obj, execution_date=20230501T000000, start_date=20230502T103134, end_date=20230502T103151
[2023-05-02 10:31:54,617] {local_task_job.py:156} INFO - Task exited with return code 0
[2023-05-02 10:31:57,232] {local_task_job.py:273} INFO - 2 downstream tasks scheduled from follow-on schedule check
[2023-05-02 10:36:43,520] {taskinstance.py:1159} INFO - Dependencies all met for <TaskInstance: dag_etl.sensor_s3_obj scheduled__2023-05-01T00:00:00+00:00 [queued]>
[2023-05-02 10:36:43,694] {taskinstance.py:1159} INFO - Dependencies all met for <TaskInstance: dag_etl.sensor_s3_obj scheduled__2023-05-01T00:00:00+00:00 [queued]>
[2023-05-02 10:36:43,697] {taskinstance.py:1356} INFO - 
--------------------------------------------------------------------------------
[2023-05-02 10:36:43,698] {taskinstance.py:1357} INFO - Starting attempt 1 of 6
[2023-05-02 10:36:43,701] {taskinstance.py:1358} INFO - 
--------------------------------------------------------------------------------
[2023-05-02 10:36:44,028] {taskinstance.py:1377} INFO - Executing <Task(S3KeySensor): sensor_s3_obj> on 2023-05-01 00:00:00+00:00
[2023-05-02 10:36:44,051] {standard_task_runner.py:52} INFO - Started process 855 to run task
[2023-05-02 10:36:44,066] {standard_task_runner.py:79} INFO - Running: ['***', 'tasks', 'run', 'dag_etl', 'sensor_s3_obj', 'scheduled__2023-05-01T00:00:00+00:00', '--job-id', '415', '--raw', '--subdir', 'DAGS_FOLDER/dag_etl_taskflow.py', '--cfg-path', '/tmp/tmpef42dype', '--error-file', '/tmp/tmpiaeoq_z6']
[2023-05-02 10:36:44,073] {standard_task_runner.py:80} INFO - Job 415: Subtask sensor_s3_obj
[2023-05-02 10:36:44,721] {task_command.py:370} INFO - Running <TaskInstance: dag_etl.sensor_s3_obj scheduled__2023-05-01T00:00:00+00:00 [running]> on host 295d97741f96
[2023-05-02 10:36:46,537] {taskinstance.py:1571} INFO - Exporting the following env vars:
AIRFLOW_CTX_DAG_OWNER=Victor
AIRFLOW_CTX_DAG_ID=dag_etl
AIRFLOW_CTX_TASK_ID=sensor_s3_obj
AIRFLOW_CTX_EXECUTION_DATE=2023-05-01T00:00:00+00:00
AIRFLOW_CTX_TRY_NUMBER=1
AIRFLOW_CTX_DAG_RUN_ID=scheduled__2023-05-01T00:00:00+00:00
[2023-05-02 10:36:46,543] {s3.py:104} INFO - Poking for key : s3://raw/supermarket_sales.csv
[2023-05-02 10:36:46,674] {base.py:68} INFO - Using connection ID 'minio_conn' for task execution.
[2023-05-02 10:36:46,687] {base_aws.py:206} INFO - Credentials retrieved from login
[2023-05-02 10:36:52,164] {s3.py:104} INFO - Poking for key : s3://raw/supermarket_sales.csv
[2023-05-02 10:36:57,234] {s3.py:104} INFO - Poking for key : s3://raw/supermarket_sales.csv
[2023-05-02 10:37:02,256] {s3.py:104} INFO - Poking for key : s3://raw/supermarket_sales.csv
[2023-05-02 10:37:07,280] {s3.py:104} INFO - Poking for key : s3://raw/supermarket_sales.csv
[2023-05-02 10:37:07,304] {base.py:301} INFO - Success criteria met. Exiting.
[2023-05-02 10:37:08,315] {taskinstance.py:1400} INFO - Marking task as SUCCESS. dag_id=dag_etl, task_id=sensor_s3_obj, execution_date=20230501T000000, start_date=20230502T103643, end_date=20230502T103708
[2023-05-02 10:37:08,541] {local_task_job.py:156} INFO - Task exited with return code 0
[2023-05-02 10:37:10,365] {local_task_job.py:273} INFO - 0 downstream tasks scheduled from follow-on schedule check
