[2023-05-02 15:14:20,309] {taskinstance.py:1159} INFO - Dependencies all met for <TaskInstance: dag_etl_date.dim_customer_type manual__2023-05-02T15:13:48.299245+00:00 [queued]>
[2023-05-02 15:14:20,515] {taskinstance.py:1159} INFO - Dependencies all met for <TaskInstance: dag_etl_date.dim_customer_type manual__2023-05-02T15:13:48.299245+00:00 [queued]>
[2023-05-02 15:14:20,520] {taskinstance.py:1356} INFO - 
--------------------------------------------------------------------------------
[2023-05-02 15:14:20,521] {taskinstance.py:1357} INFO - Starting attempt 1 of 6
[2023-05-02 15:14:20,522] {taskinstance.py:1358} INFO - 
--------------------------------------------------------------------------------
[2023-05-02 15:14:20,924] {taskinstance.py:1377} INFO - Executing <Task(_PythonDecoratedOperator): dim_customer_type> on 2023-05-02 15:13:48.299245+00:00
[2023-05-02 15:14:20,943] {standard_task_runner.py:52} INFO - Started process 1689 to run task
[2023-05-02 15:14:21,004] {standard_task_runner.py:79} INFO - Running: ['***', 'tasks', 'run', 'dag_etl_date', 'dim_customer_type', 'manual__2023-05-02T15:13:48.299245+00:00', '--job-id', '692', '--raw', '--subdir', 'DAGS_FOLDER/dag_etl_taskflow_date.py', '--cfg-path', '/tmp/tmp8g7uogch', '--error-file', '/tmp/tmpo8_mxuz5']
[2023-05-02 15:14:21,011] {standard_task_runner.py:80} INFO - Job 692: Subtask dim_customer_type
[2023-05-02 15:14:23,323] {task_command.py:370} INFO - Running <TaskInstance: dag_etl_date.dim_customer_type manual__2023-05-02T15:13:48.299245+00:00 [running]> on host 295d97741f96
[2023-05-02 15:14:27,949] {taskinstance.py:1571} INFO - Exporting the following env vars:
AIRFLOW_CTX_DAG_OWNER=Victor
AIRFLOW_CTX_DAG_ID=dag_etl_date
AIRFLOW_CTX_TASK_ID=dim_customer_type
AIRFLOW_CTX_EXECUTION_DATE=2023-05-02T15:13:48.299245+00:00
AIRFLOW_CTX_TRY_NUMBER=1
AIRFLOW_CTX_DAG_RUN_ID=manual__2023-05-02T15:13:48.299245+00:00
[2023-05-02 15:14:28,494] {base.py:68} INFO - Using connection ID 'postgres_conn' for task execution.
[2023-05-02 15:14:29,639] {python.py:173} INFO - Done. Returned value was: None
[2023-05-02 15:14:30,514] {taskinstance.py:1400} INFO - Marking task as SUCCESS. dag_id=dag_etl_date, task_id=dim_customer_type, execution_date=20230502T151348, start_date=20230502T151420, end_date=20230502T151430
[2023-05-02 15:14:30,972] {local_task_job.py:156} INFO - Task exited with return code 0
[2023-05-02 15:14:32,080] {local_task_job.py:273} INFO - 0 downstream tasks scheduled from follow-on schedule check
