[2023-05-02 16:28:13,799] {taskinstance.py:1159} INFO - Dependencies all met for <TaskInstance: dag_etl.rename_extracted_file manual__2023-05-02T16:27:47.576051+00:00 [queued]>
[2023-05-02 16:28:13,983] {taskinstance.py:1159} INFO - Dependencies all met for <TaskInstance: dag_etl.rename_extracted_file manual__2023-05-02T16:27:47.576051+00:00 [queued]>
[2023-05-02 16:28:13,985] {taskinstance.py:1356} INFO - 
--------------------------------------------------------------------------------
[2023-05-02 16:28:13,986] {taskinstance.py:1357} INFO - Starting attempt 1 of 6
[2023-05-02 16:28:13,987] {taskinstance.py:1358} INFO - 
--------------------------------------------------------------------------------
[2023-05-02 16:28:14,201] {taskinstance.py:1377} INFO - Executing <Task(_PythonDecoratedOperator): rename_extracted_file> on 2023-05-02 16:27:47.576051+00:00
[2023-05-02 16:28:14,228] {standard_task_runner.py:52} INFO - Started process 383 to run task
[2023-05-02 16:28:14,253] {standard_task_runner.py:79} INFO - Running: ['***', 'tasks', 'run', 'dag_etl', 'rename_extracted_file', 'manual__2023-05-02T16:27:47.576051+00:00', '--job-id', '752', '--raw', '--subdir', 'DAGS_FOLDER/dag_etl_taskflow.py', '--cfg-path', '/tmp/tmpaumvzfqu', '--error-file', '/tmp/tmpg_qdxo2h']
[2023-05-02 16:28:14,267] {standard_task_runner.py:80} INFO - Job 752: Subtask rename_extracted_file
[2023-05-02 16:28:15,153] {task_command.py:370} INFO - Running <TaskInstance: dag_etl.rename_extracted_file manual__2023-05-02T16:27:47.576051+00:00 [running]> on host 295d97741f96
[2023-05-02 16:28:16,538] {taskinstance.py:1571} INFO - Exporting the following env vars:
AIRFLOW_CTX_DAG_OWNER=Victor
AIRFLOW_CTX_DAG_ID=dag_etl
AIRFLOW_CTX_TASK_ID=rename_extracted_file
AIRFLOW_CTX_EXECUTION_DATE=2023-05-02T16:27:47.576051+00:00
AIRFLOW_CTX_TRY_NUMBER=1
AIRFLOW_CTX_DAG_RUN_ID=manual__2023-05-02T16:27:47.576051+00:00
[2023-05-02 16:28:16,549] {python.py:173} INFO - Done. Returned value was: /opt/***/data
[2023-05-02 16:28:16,908] {taskinstance.py:1400} INFO - Marking task as SUCCESS. dag_id=dag_etl, task_id=rename_extracted_file, execution_date=20230502T162747, start_date=20230502T162813, end_date=20230502T162816
[2023-05-02 16:28:17,008] {local_task_job.py:156} INFO - Task exited with return code 0
[2023-05-02 16:28:17,380] {local_task_job.py:273} INFO - 7 downstream tasks scheduled from follow-on schedule check
