[2023-04-30 09:06:19,421] {taskinstance.py:1159} INFO - Dependencies all met for <TaskInstance: dag_etl.dim_customer_type manual__2023-04-30T09:05:15.056494+00:00 [queued]>
[2023-04-30 09:06:19,617] {taskinstance.py:1159} INFO - Dependencies all met for <TaskInstance: dag_etl.dim_customer_type manual__2023-04-30T09:05:15.056494+00:00 [queued]>
[2023-04-30 09:06:19,620] {taskinstance.py:1356} INFO - 
--------------------------------------------------------------------------------
[2023-04-30 09:06:19,631] {taskinstance.py:1357} INFO - Starting attempt 1 of 6
[2023-04-30 09:06:19,636] {taskinstance.py:1358} INFO - 
--------------------------------------------------------------------------------
[2023-04-30 09:06:20,010] {taskinstance.py:1377} INFO - Executing <Task(_PythonDecoratedOperator): dim_customer_type> on 2023-04-30 09:05:15.056494+00:00
[2023-04-30 09:06:20,026] {standard_task_runner.py:52} INFO - Started process 1109 to run task
[2023-04-30 09:06:20,074] {standard_task_runner.py:79} INFO - Running: ['***', 'tasks', 'run', 'dag_etl', 'dim_customer_type', 'manual__2023-04-30T09:05:15.056494+00:00', '--job-id', '224', '--raw', '--subdir', 'DAGS_FOLDER/dag_etl_taskflow.py', '--cfg-path', '/tmp/tmpv5l07od3', '--error-file', '/tmp/tmpinhlh2yd']
[2023-04-30 09:06:20,080] {standard_task_runner.py:80} INFO - Job 224: Subtask dim_customer_type
[2023-04-30 09:06:21,268] {task_command.py:370} INFO - Running <TaskInstance: dag_etl.dim_customer_type manual__2023-04-30T09:05:15.056494+00:00 [running]> on host 295d97741f96
[2023-04-30 09:06:24,671] {taskinstance.py:1571} INFO - Exporting the following env vars:
AIRFLOW_CTX_DAG_OWNER=Victor
AIRFLOW_CTX_DAG_ID=dag_etl
AIRFLOW_CTX_TASK_ID=dim_customer_type
AIRFLOW_CTX_EXECUTION_DATE=2023-04-30T09:05:15.056494+00:00
AIRFLOW_CTX_TRY_NUMBER=1
AIRFLOW_CTX_DAG_RUN_ID=manual__2023-04-30T09:05:15.056494+00:00
[2023-04-30 09:06:25,575] {base.py:68} INFO - Using connection ID 'postgres_conn' for task execution.
[2023-04-30 09:06:26,332] {python.py:173} INFO - Done. Returned value was: None
[2023-04-30 09:06:27,040] {taskinstance.py:1400} INFO - Marking task as SUCCESS. dag_id=dag_etl, task_id=dim_customer_type, execution_date=20230430T090515, start_date=20230430T090619, end_date=20230430T090627
[2023-04-30 09:06:27,546] {local_task_job.py:156} INFO - Task exited with return code 0
[2023-04-30 09:06:28,725] {local_task_job.py:273} INFO - 0 downstream tasks scheduled from follow-on schedule check
