[2023-04-30 11:59:20,441] {taskinstance.py:1159} INFO - Dependencies all met for <TaskInstance: dag_etl.extract_from_s3 manual__2023-04-30T11:58:50.689561+00:00 [queued]>
[2023-04-30 11:59:20,793] {taskinstance.py:1159} INFO - Dependencies all met for <TaskInstance: dag_etl.extract_from_s3 manual__2023-04-30T11:58:50.689561+00:00 [queued]>
[2023-04-30 11:59:20,794] {taskinstance.py:1356} INFO - 
--------------------------------------------------------------------------------
[2023-04-30 11:59:20,804] {taskinstance.py:1357} INFO - Starting attempt 1 of 6
[2023-04-30 11:59:20,812] {taskinstance.py:1358} INFO - 
--------------------------------------------------------------------------------
[2023-04-30 11:59:21,080] {taskinstance.py:1377} INFO - Executing <Task(_PythonDecoratedOperator): extract_from_s3> on 2023-04-30 11:58:50.689561+00:00
[2023-04-30 11:59:21,108] {standard_task_runner.py:52} INFO - Started process 521 to run task
[2023-04-30 11:59:21,154] {standard_task_runner.py:79} INFO - Running: ['***', 'tasks', 'run', 'dag_etl', 'extract_from_s3', 'manual__2023-04-30T11:58:50.689561+00:00', '--job-id', '241', '--raw', '--subdir', 'DAGS_FOLDER/dag_etl_taskflow.py', '--cfg-path', '/tmp/tmpsgfihap8', '--error-file', '/tmp/tmpvwq4jxzt']
[2023-04-30 11:59:21,166] {standard_task_runner.py:80} INFO - Job 241: Subtask extract_from_s3
[2023-04-30 11:59:22,207] {task_command.py:370} INFO - Running <TaskInstance: dag_etl.extract_from_s3 manual__2023-04-30T11:58:50.689561+00:00 [running]> on host 295d97741f96
[2023-04-30 11:59:24,111] {taskinstance.py:1571} INFO - Exporting the following env vars:
AIRFLOW_CTX_DAG_OWNER=Victor
AIRFLOW_CTX_DAG_ID=dag_etl
AIRFLOW_CTX_TASK_ID=extract_from_s3
AIRFLOW_CTX_EXECUTION_DATE=2023-04-30T11:58:50.689561+00:00
AIRFLOW_CTX_TRY_NUMBER=1
AIRFLOW_CTX_DAG_RUN_ID=manual__2023-04-30T11:58:50.689561+00:00
[2023-04-30 11:59:24,115] {s3.py:861} INFO - Downloading source S3 file from Bucket raw with path supermarket_sales.csv
[2023-04-30 11:59:24,364] {base.py:68} INFO - Using connection ID 'minio_conn' for task execution.
[2023-04-30 11:59:24,380] {base_aws.py:206} INFO - Credentials retrieved from login
[2023-04-30 11:59:27,168] {python.py:173} INFO - Done. Returned value was: /opt/***/data/***_tmp_o228rnf4
[2023-04-30 11:59:28,177] {taskinstance.py:1400} INFO - Marking task as SUCCESS. dag_id=dag_etl, task_id=extract_from_s3, execution_date=20230430T115850, start_date=20230430T115920, end_date=20230430T115928
[2023-04-30 11:59:28,786] {local_task_job.py:156} INFO - Task exited with return code 0
[2023-04-30 11:59:31,637] {local_task_job.py:273} INFO - 0 downstream tasks scheduled from follow-on schedule check
