[2023-05-02 11:47:06,493] {taskinstance.py:1159} INFO - Dependencies all met for <TaskInstance: dag_etl.dim_payment manual__2023-05-02T11:46:25.173746+00:00 [queued]>
[2023-05-02 11:47:06,670] {taskinstance.py:1159} INFO - Dependencies all met for <TaskInstance: dag_etl.dim_payment manual__2023-05-02T11:46:25.173746+00:00 [queued]>
[2023-05-02 11:47:06,672] {taskinstance.py:1356} INFO - 
--------------------------------------------------------------------------------
[2023-05-02 11:47:06,675] {taskinstance.py:1357} INFO - Starting attempt 1 of 6
[2023-05-02 11:47:06,677] {taskinstance.py:1358} INFO - 
--------------------------------------------------------------------------------
[2023-05-02 11:47:07,006] {taskinstance.py:1377} INFO - Executing <Task(_PythonDecoratedOperator): dim_payment> on 2023-05-02 11:46:25.173746+00:00
[2023-05-02 11:47:07,041] {standard_task_runner.py:52} INFO - Started process 1130 to run task
[2023-05-02 11:47:07,073] {standard_task_runner.py:79} INFO - Running: ['***', 'tasks', 'run', 'dag_etl', 'dim_payment', 'manual__2023-05-02T11:46:25.173746+00:00', '--job-id', '516', '--raw', '--subdir', 'DAGS_FOLDER/dag_etl_taskflow.py', '--cfg-path', '/tmp/tmp2mcbx0n6', '--error-file', '/tmp/tmprxkdddb4']
[2023-05-02 11:47:07,090] {standard_task_runner.py:80} INFO - Job 516: Subtask dim_payment
[2023-05-02 11:47:08,312] {task_command.py:370} INFO - Running <TaskInstance: dag_etl.dim_payment manual__2023-05-02T11:46:25.173746+00:00 [running]> on host 295d97741f96
[2023-05-02 11:47:10,899] {taskinstance.py:1571} INFO - Exporting the following env vars:
AIRFLOW_CTX_DAG_OWNER=Victor
AIRFLOW_CTX_DAG_ID=dag_etl
AIRFLOW_CTX_TASK_ID=dim_payment
AIRFLOW_CTX_EXECUTION_DATE=2023-05-02T11:46:25.173746+00:00
AIRFLOW_CTX_TRY_NUMBER=1
AIRFLOW_CTX_DAG_RUN_ID=manual__2023-05-02T11:46:25.173746+00:00
[2023-05-02 11:47:11,620] {base.py:68} INFO - Using connection ID 'postgres_conn' for task execution.
[2023-05-02 11:47:12,379] {python.py:173} INFO - Done. Returned value was: None
[2023-05-02 11:47:13,160] {taskinstance.py:1400} INFO - Marking task as SUCCESS. dag_id=dag_etl, task_id=dim_payment, execution_date=20230502T114625, start_date=20230502T114706, end_date=20230502T114713
[2023-05-02 11:47:13,382] {local_task_job.py:156} INFO - Task exited with return code 0
[2023-05-02 11:47:14,618] {local_task_job.py:273} INFO - 0 downstream tasks scheduled from follow-on schedule check
