[2023-05-02 11:56:17,358] {taskinstance.py:1159} INFO - Dependencies all met for <TaskInstance: dag_etl.dim_payment manual__2023-05-02T11:55:27.901699+00:00 [queued]>
[2023-05-02 11:56:17,742] {taskinstance.py:1159} INFO - Dependencies all met for <TaskInstance: dag_etl.dim_payment manual__2023-05-02T11:55:27.901699+00:00 [queued]>
[2023-05-02 11:56:17,749] {taskinstance.py:1356} INFO - 
--------------------------------------------------------------------------------
[2023-05-02 11:56:17,751] {taskinstance.py:1357} INFO - Starting attempt 1 of 6
[2023-05-02 11:56:17,755] {taskinstance.py:1358} INFO - 
--------------------------------------------------------------------------------
[2023-05-02 11:56:18,331] {taskinstance.py:1377} INFO - Executing <Task(_PythonDecoratedOperator): dim_payment> on 2023-05-02 11:55:27.901699+00:00
[2023-05-02 11:56:18,403] {standard_task_runner.py:52} INFO - Started process 1838 to run task
[2023-05-02 11:56:18,477] {standard_task_runner.py:79} INFO - Running: ['***', 'tasks', 'run', 'dag_etl', 'dim_payment', 'manual__2023-05-02T11:55:27.901699+00:00', '--job-id', '528', '--raw', '--subdir', 'DAGS_FOLDER/dag_etl_taskflow.py', '--cfg-path', '/tmp/tmpixvenoed', '--error-file', '/tmp/tmpm1x9ow87']
[2023-05-02 11:56:18,529] {standard_task_runner.py:80} INFO - Job 528: Subtask dim_payment
[2023-05-02 11:56:20,630] {task_command.py:370} INFO - Running <TaskInstance: dag_etl.dim_payment manual__2023-05-02T11:55:27.901699+00:00 [running]> on host 295d97741f96
[2023-05-02 11:56:28,025] {taskinstance.py:1571} INFO - Exporting the following env vars:
AIRFLOW_CTX_DAG_OWNER=Victor
AIRFLOW_CTX_DAG_ID=dag_etl
AIRFLOW_CTX_TASK_ID=dim_payment
AIRFLOW_CTX_EXECUTION_DATE=2023-05-02T11:55:27.901699+00:00
AIRFLOW_CTX_TRY_NUMBER=1
AIRFLOW_CTX_DAG_RUN_ID=manual__2023-05-02T11:55:27.901699+00:00
[2023-05-02 11:56:28,769] {base.py:68} INFO - Using connection ID 'postgres_conn' for task execution.
[2023-05-02 11:56:29,540] {python.py:173} INFO - Done. Returned value was: None
[2023-05-02 11:56:31,291] {taskinstance.py:1400} INFO - Marking task as SUCCESS. dag_id=dag_etl, task_id=dim_payment, execution_date=20230502T115527, start_date=20230502T115617, end_date=20230502T115631
[2023-05-02 11:56:31,579] {local_task_job.py:156} INFO - Task exited with return code 0
[2023-05-02 11:56:32,652] {local_task_job.py:273} INFO - 0 downstream tasks scheduled from follow-on schedule check
