[2023-05-02 11:43:18,901] {taskinstance.py:1159} INFO - Dependencies all met for <TaskInstance: dag_etl.fact_nds manual__2023-05-02T11:41:45.968792+00:00 [queued]>
[2023-05-02 11:43:18,963] {taskinstance.py:1159} INFO - Dependencies all met for <TaskInstance: dag_etl.fact_nds manual__2023-05-02T11:41:45.968792+00:00 [queued]>
[2023-05-02 11:43:18,964] {taskinstance.py:1356} INFO - 
--------------------------------------------------------------------------------
[2023-05-02 11:43:18,965] {taskinstance.py:1357} INFO - Starting attempt 1 of 6
[2023-05-02 11:43:18,966] {taskinstance.py:1358} INFO - 
--------------------------------------------------------------------------------
[2023-05-02 11:43:19,061] {taskinstance.py:1377} INFO - Executing <Task(_PythonDecoratedOperator): fact_nds> on 2023-05-02 11:41:45.968792+00:00
[2023-05-02 11:43:19,072] {standard_task_runner.py:52} INFO - Started process 786 to run task
[2023-05-02 11:43:19,080] {standard_task_runner.py:79} INFO - Running: ['***', 'tasks', 'run', 'dag_etl', 'fact_nds', 'manual__2023-05-02T11:41:45.968792+00:00', '--job-id', '501', '--raw', '--subdir', 'DAGS_FOLDER/dag_etl_taskflow.py', '--cfg-path', '/tmp/tmpvj17q3wk', '--error-file', '/tmp/tmpzsw84og0']
[2023-05-02 11:43:19,083] {standard_task_runner.py:80} INFO - Job 501: Subtask fact_nds
[2023-05-02 11:43:19,458] {task_command.py:370} INFO - Running <TaskInstance: dag_etl.fact_nds manual__2023-05-02T11:41:45.968792+00:00 [running]> on host 295d97741f96
[2023-05-02 11:43:20,176] {taskinstance.py:1571} INFO - Exporting the following env vars:
AIRFLOW_CTX_DAG_OWNER=Victor
AIRFLOW_CTX_DAG_ID=dag_etl
AIRFLOW_CTX_TASK_ID=fact_nds
AIRFLOW_CTX_EXECUTION_DATE=2023-05-02T11:41:45.968792+00:00
AIRFLOW_CTX_TRY_NUMBER=1
AIRFLOW_CTX_DAG_RUN_ID=manual__2023-05-02T11:41:45.968792+00:00
[2023-05-02 11:43:20,260] {base.py:68} INFO - Using connection ID 'postgres_conn' for task execution.
[2023-05-02 11:43:20,570] {base.py:68} INFO - Using connection ID 'postgres_conn' for task execution.
[2023-05-02 11:43:21,612] {python.py:173} INFO - Done. Returned value was: None
[2023-05-02 11:43:21,805] {taskinstance.py:1400} INFO - Marking task as SUCCESS. dag_id=dag_etl, task_id=fact_nds, execution_date=20230502T114145, start_date=20230502T114318, end_date=20230502T114321
[2023-05-02 11:43:21,917] {local_task_job.py:156} INFO - Task exited with return code 0
[2023-05-02 11:43:22,322] {local_task_job.py:273} INFO - 0 downstream tasks scheduled from follow-on schedule check
