[2023-04-30 08:15:24,445] {taskinstance.py:1159} INFO - Dependencies all met for <TaskInstance: dag_etl.create_nds_tables_if_not_exists manual__2023-04-30T08:15:12.066946+00:00 [queued]>
[2023-04-30 08:15:24,573] {taskinstance.py:1159} INFO - Dependencies all met for <TaskInstance: dag_etl.create_nds_tables_if_not_exists manual__2023-04-30T08:15:12.066946+00:00 [queued]>
[2023-04-30 08:15:24,576] {taskinstance.py:1356} INFO - 
--------------------------------------------------------------------------------
[2023-04-30 08:15:24,581] {taskinstance.py:1357} INFO - Starting attempt 1 of 6
[2023-04-30 08:15:24,586] {taskinstance.py:1358} INFO - 
--------------------------------------------------------------------------------
[2023-04-30 08:15:24,766] {taskinstance.py:1377} INFO - Executing <Task(PostgresOperator): create_nds_tables_if_not_exists> on 2023-04-30 08:15:12.066946+00:00
[2023-04-30 08:15:24,786] {standard_task_runner.py:52} INFO - Started process 439 to run task
[2023-04-30 08:15:24,809] {standard_task_runner.py:79} INFO - Running: ['***', 'tasks', 'run', 'dag_etl', 'create_nds_tables_if_not_exists', 'manual__2023-04-30T08:15:12.066946+00:00', '--job-id', '124', '--raw', '--subdir', 'DAGS_FOLDER/dag_etl_taskflow.py', '--cfg-path', '/tmp/tmprcjrhaj_', '--error-file', '/tmp/tmpzzekegpk']
[2023-04-30 08:15:24,814] {standard_task_runner.py:80} INFO - Job 124: Subtask create_nds_tables_if_not_exists
[2023-04-30 08:15:25,299] {task_command.py:370} INFO - Running <TaskInstance: dag_etl.create_nds_tables_if_not_exists manual__2023-04-30T08:15:12.066946+00:00 [running]> on host 295d97741f96
[2023-04-30 08:15:26,953] {taskinstance.py:1571} INFO - Exporting the following env vars:
AIRFLOW_CTX_DAG_OWNER=Victor
AIRFLOW_CTX_DAG_ID=dag_etl
AIRFLOW_CTX_TASK_ID=create_nds_tables_if_not_exists
AIRFLOW_CTX_EXECUTION_DATE=2023-04-30T08:15:12.066946+00:00
AIRFLOW_CTX_TRY_NUMBER=1
AIRFLOW_CTX_DAG_RUN_ID=manual__2023-04-30T08:15:12.066946+00:00
[2023-04-30 08:15:27,114] {base.py:68} INFO - Using connection ID 'postgres_conn' for task execution.
[2023-04-30 08:15:27,202] {dbapi.py:213} INFO - Running statement: 
            CREATE SCHEMA IF NOT EXISTS nds;
            CREATE SCHEMA IF NOT EXISTS stage;
    
            SET search_path TO nds;
            
            --// создаем таблицу время //--
            CREATE TABLE IF NOT EXISTS dim_time(
            time TIME PRIMARY KEY,
            day_part VARCHAR(15) NOT NULL);
            
            --// создаем таблицу с датами //--
            CREATE TABLE IF NOT EXISTS dim_date(
            date DATE PRIMARY KEY,
            week_of_year INT NOT NULL,
            week_start DATE NOT NULL,
            day_of_week INT NOT NULL,
            month_number INT NOT NULL,
            month_name VARCHAR(15) NOT NULL,
            quarter INT NOT NULL,
            year INT NOT NULL,
            season VARCHAR(15) NOT NULL);
            
            --// создаем таблицу с ветками //--
            CREATE TABLE IF NOT EXISTS dim_branch(
            id SERIAL PRIMARY KEY,
            branch VARCHAR(100) NOT NULL);
            
            --// создаем таблицу с городами //--
            CREATE TABLE IF NOT EXISTS dim_city(
            id SERIAL PRIMARY KEY,
            city VARCHAR(100) NOT NULL);
            
            --// создаем таблицу с типами клиентов //--
            CREATE TABLE IF NOT EXISTS dim_customer_type(
            id SERIAL PRIMARY KEY,
            customer_type VARCHAR(200) NOT NULL);
            
            --// создаем таблицу с гендерами //--
            CREATE TABLE IF NOT EXISTS dim_gender(
            id SERIAL PRIMARY KEY,
            gender VARCHAR(200) NOT NULL);
            
            --// создаем таблицу с продуктовыми линейками //--
            CREATE TABLE IF NOT EXISTS dim_product_line(
            id SERIAL PRIMARY KEY,
            product_line VARCHAR(200) NOT NULL);
            
            --// создаем таблицу с видами оплат //--
            CREATE TABLE IF NOT EXISTS dim_payment(
            id SERIAL PRIMARY KEY,
            payment VARCHAR(100) NOT NULL);
            
            --// создаем таблицу с фактами //--       
            CREATE TABLE IF NOT EXISTS fact_sales(
            invoice_id VARCHAR(15) PRIMARY KEY,
            branch INT NOT NULL REFERENCES dim_branch(id),
            city INT NOT NULL REFERENCES dim_city(id),
            customer_type INT NOT NULL REFERENCES dim_customer_type(id),
            gender INT NOT NULL REFERENCES dim_gender(id),
            product_line INT NOT NULL REFERENCES dim_product_line(id),
            unit_price DOUBLE PRECISION,
            quantity DOUBLE PRECISION,
            "tax_5%" DOUBLE PRECISION,
            total DOUBLE PRECISION,
            date DATE NOT NULL,
            time TIME NOT NULL,
            payment INT NOT NULL REFERENCES dim_payment(id),
            cogs DOUBLE PRECISION,
            gross_margin_percentage DOUBLE PRECISION,
            gross_income DOUBLE PRECISION,
            rating DOUBLE PRECISION);        
        , parameters: None
[2023-04-30 08:15:28,371] {taskinstance.py:1400} INFO - Marking task as SUCCESS. dag_id=dag_etl, task_id=create_nds_tables_if_not_exists, execution_date=20230430T081512, start_date=20230430T081524, end_date=20230430T081528
[2023-04-30 08:15:28,537] {local_task_job.py:156} INFO - Task exited with return code 0
[2023-04-30 08:15:29,027] {local_task_job.py:273} INFO - 0 downstream tasks scheduled from follow-on schedule check
