[2023-04-30 08:15:49,589] {taskinstance.py:1159} INFO - Dependencies all met for <TaskInstance: dag_etl.dim_gender manual__2023-04-30T08:15:12.066946+00:00 [queued]>
[2023-04-30 08:15:49,974] {taskinstance.py:1159} INFO - Dependencies all met for <TaskInstance: dag_etl.dim_gender manual__2023-04-30T08:15:12.066946+00:00 [queued]>
[2023-04-30 08:15:49,976] {taskinstance.py:1356} INFO - 
--------------------------------------------------------------------------------
[2023-04-30 08:15:49,981] {taskinstance.py:1357} INFO - Starting attempt 1 of 6
[2023-04-30 08:15:49,982] {taskinstance.py:1358} INFO - 
--------------------------------------------------------------------------------
[2023-04-30 08:15:50,416] {taskinstance.py:1377} INFO - Executing <Task(_PythonDecoratedOperator): dim_gender> on 2023-04-30 08:15:12.066946+00:00
[2023-04-30 08:15:50,517] {standard_task_runner.py:52} INFO - Started process 498 to run task
[2023-04-30 08:15:50,575] {standard_task_runner.py:79} INFO - Running: ['***', 'tasks', 'run', 'dag_etl', 'dim_gender', 'manual__2023-04-30T08:15:12.066946+00:00', '--job-id', '126', '--raw', '--subdir', 'DAGS_FOLDER/dag_etl_taskflow.py', '--cfg-path', '/tmp/tmpv4hn0hjt', '--error-file', '/tmp/tmpvdlgq84t']
[2023-04-30 08:15:50,596] {standard_task_runner.py:80} INFO - Job 126: Subtask dim_gender
[2023-04-30 08:15:51,692] {task_command.py:370} INFO - Running <TaskInstance: dag_etl.dim_gender manual__2023-04-30T08:15:12.066946+00:00 [running]> on host 295d97741f96
[2023-04-30 08:15:52,881] {taskinstance.py:1571} INFO - Exporting the following env vars:
AIRFLOW_CTX_DAG_OWNER=Victor
AIRFLOW_CTX_DAG_ID=dag_etl
AIRFLOW_CTX_TASK_ID=dim_gender
AIRFLOW_CTX_EXECUTION_DATE=2023-04-30T08:15:12.066946+00:00
AIRFLOW_CTX_TRY_NUMBER=1
AIRFLOW_CTX_DAG_RUN_ID=manual__2023-04-30T08:15:12.066946+00:00
[2023-04-30 08:15:53,146] {base.py:68} INFO - Using connection ID 'postgres_conn' for task execution.
[2023-04-30 08:15:53,483] {python.py:173} INFO - Done. Returned value was: None
[2023-04-30 08:15:56,672] {taskinstance.py:1400} INFO - Marking task as SUCCESS. dag_id=dag_etl, task_id=dim_gender, execution_date=20230430T081512, start_date=20230430T081549, end_date=20230430T081556
[2023-04-30 08:15:57,052] {local_task_job.py:156} INFO - Task exited with return code 0
[2023-04-30 08:15:58,378] {local_task_job.py:273} INFO - 0 downstream tasks scheduled from follow-on schedule check
