[2023-05-02 11:47:35,963] {taskinstance.py:1159} INFO - Dependencies all met for <TaskInstance: dag_etl.clear_data_directory manual__2023-05-02T11:46:25.173746+00:00 [queued]>
[2023-05-02 11:47:36,026] {taskinstance.py:1159} INFO - Dependencies all met for <TaskInstance: dag_etl.clear_data_directory manual__2023-05-02T11:46:25.173746+00:00 [queued]>
[2023-05-02 11:47:36,028] {taskinstance.py:1356} INFO - 
--------------------------------------------------------------------------------
[2023-05-02 11:47:36,029] {taskinstance.py:1357} INFO - Starting attempt 1 of 6
[2023-05-02 11:47:36,030] {taskinstance.py:1358} INFO - 
--------------------------------------------------------------------------------
[2023-05-02 11:47:36,138] {taskinstance.py:1377} INFO - Executing <Task(BashOperator): clear_data_directory> on 2023-05-02 11:46:25.173746+00:00
[2023-05-02 11:47:36,147] {standard_task_runner.py:52} INFO - Started process 1171 to run task
[2023-05-02 11:47:36,162] {standard_task_runner.py:79} INFO - Running: ['***', 'tasks', 'run', 'dag_etl', 'clear_data_directory', 'manual__2023-05-02T11:46:25.173746+00:00', '--job-id', '520', '--raw', '--subdir', 'DAGS_FOLDER/dag_etl_taskflow.py', '--cfg-path', '/tmp/tmppc1c_2p_', '--error-file', '/tmp/tmpxhyx4gh0']
[2023-05-02 11:47:36,165] {standard_task_runner.py:80} INFO - Job 520: Subtask clear_data_directory
[2023-05-02 11:47:36,601] {task_command.py:370} INFO - Running <TaskInstance: dag_etl.clear_data_directory manual__2023-05-02T11:46:25.173746+00:00 [running]> on host 295d97741f96
[2023-05-02 11:47:37,414] {taskinstance.py:1571} INFO - Exporting the following env vars:
AIRFLOW_CTX_DAG_OWNER=Victor
AIRFLOW_CTX_DAG_ID=dag_etl
AIRFLOW_CTX_TASK_ID=clear_data_directory
AIRFLOW_CTX_EXECUTION_DATE=2023-05-02T11:46:25.173746+00:00
AIRFLOW_CTX_TRY_NUMBER=1
AIRFLOW_CTX_DAG_RUN_ID=manual__2023-05-02T11:46:25.173746+00:00
[2023-05-02 11:47:37,421] {subprocess.py:62} INFO - Tmp dir root location: 
 /tmp
[2023-05-02 11:47:37,426] {subprocess.py:74} INFO - Running command: ['bash', '-c', 'rm -rf ${pwd}data/* | echo "приехали"']
[2023-05-02 11:47:37,477] {subprocess.py:85} INFO - Output:
[2023-05-02 11:47:37,553] {subprocess.py:92} INFO - приехали
[2023-05-02 11:47:37,572] {subprocess.py:96} INFO - Command exited with return code 0
[2023-05-02 11:47:37,936] {taskinstance.py:1400} INFO - Marking task as SUCCESS. dag_id=dag_etl, task_id=clear_data_directory, execution_date=20230502T114625, start_date=20230502T114735, end_date=20230502T114737
[2023-05-02 11:47:38,037] {local_task_job.py:156} INFO - Task exited with return code 0
[2023-05-02 11:47:38,572] {local_task_job.py:273} INFO - 0 downstream tasks scheduled from follow-on schedule check
