[2023-05-04 20:03:26,269] {taskinstance.py:1159} INFO - Dependencies all met for <TaskInstance: dag_etl.dim_customer_type manual__2023-05-04T20:02:47.981671+00:00 [queued]>
[2023-05-04 20:03:26,396] {taskinstance.py:1159} INFO - Dependencies all met for <TaskInstance: dag_etl.dim_customer_type manual__2023-05-04T20:02:47.981671+00:00 [queued]>
[2023-05-04 20:03:26,399] {taskinstance.py:1356} INFO - 
--------------------------------------------------------------------------------
[2023-05-04 20:03:26,404] {taskinstance.py:1357} INFO - Starting attempt 1 of 6
[2023-05-04 20:03:26,406] {taskinstance.py:1358} INFO - 
--------------------------------------------------------------------------------
[2023-05-04 20:03:26,628] {taskinstance.py:1377} INFO - Executing <Task(_PythonDecoratedOperator): dim_customer_type> on 2023-05-04 20:02:47.981671+00:00
[2023-05-04 20:03:26,643] {standard_task_runner.py:52} INFO - Started process 628 to run task
[2023-05-04 20:03:26,675] {standard_task_runner.py:79} INFO - Running: ['***', 'tasks', 'run', 'dag_etl', 'dim_customer_type', 'manual__2023-05-04T20:02:47.981671+00:00', '--job-id', '979', '--raw', '--subdir', 'DAGS_FOLDER/dag_etl_taskflow.py', '--cfg-path', '/tmp/tmpj0xqbrzj', '--error-file', '/tmp/tmpa6adda7w']
[2023-05-04 20:03:26,678] {standard_task_runner.py:80} INFO - Job 979: Subtask dim_customer_type
[2023-05-04 20:03:27,583] {task_command.py:370} INFO - Running <TaskInstance: dag_etl.dim_customer_type manual__2023-05-04T20:02:47.981671+00:00 [running]> on host 295d97741f96
[2023-05-04 20:03:29,981] {taskinstance.py:1571} INFO - Exporting the following env vars:
AIRFLOW_CTX_DAG_OWNER=Victor
AIRFLOW_CTX_DAG_ID=dag_etl
AIRFLOW_CTX_TASK_ID=dim_customer_type
AIRFLOW_CTX_EXECUTION_DATE=2023-05-04T20:02:47.981671+00:00
AIRFLOW_CTX_TRY_NUMBER=1
AIRFLOW_CTX_DAG_RUN_ID=manual__2023-05-04T20:02:47.981671+00:00
[2023-05-04 20:03:30,621] {base.py:68} INFO - Using connection ID 'postgres_conn' for task execution.
[2023-05-04 20:03:31,336] {python.py:173} INFO - Done. Returned value was: None
[2023-05-04 20:03:31,866] {taskinstance.py:1400} INFO - Marking task as SUCCESS. dag_id=dag_etl, task_id=dim_customer_type, execution_date=20230504T200247, start_date=20230504T200326, end_date=20230504T200331
[2023-05-04 20:03:32,777] {local_task_job.py:156} INFO - Task exited with return code 0
[2023-05-04 20:03:34,016] {local_task_job.py:273} INFO - 1 downstream tasks scheduled from follow-on schedule check
