[2023-05-02 10:43:32,177] {taskinstance.py:1159} INFO - Dependencies all met for <TaskInstance: dag_etl.dim_date manual__2023-05-02T10:43:11.140829+00:00 [queued]>
[2023-05-02 10:43:32,242] {taskinstance.py:1159} INFO - Dependencies all met for <TaskInstance: dag_etl.dim_date manual__2023-05-02T10:43:11.140829+00:00 [queued]>
[2023-05-02 10:43:32,244] {taskinstance.py:1356} INFO - 
--------------------------------------------------------------------------------
[2023-05-02 10:43:32,246] {taskinstance.py:1357} INFO - Starting attempt 1 of 6
[2023-05-02 10:43:32,247] {taskinstance.py:1358} INFO - 
--------------------------------------------------------------------------------
[2023-05-02 10:43:32,378] {taskinstance.py:1377} INFO - Executing <Task(_PythonDecoratedOperator): dim_date> on 2023-05-02 10:43:11.140829+00:00
[2023-05-02 10:43:32,416] {standard_task_runner.py:52} INFO - Started process 1597 to run task
[2023-05-02 10:43:32,445] {standard_task_runner.py:79} INFO - Running: ['***', 'tasks', 'run', 'dag_etl', 'dim_date', 'manual__2023-05-02T10:43:11.140829+00:00', '--job-id', '471', '--raw', '--subdir', 'DAGS_FOLDER/dag_etl_taskflow.py', '--cfg-path', '/tmp/tmp7tdi2yje', '--error-file', '/tmp/tmppvqiljal']
[2023-05-02 10:43:32,448] {standard_task_runner.py:80} INFO - Job 471: Subtask dim_date
[2023-05-02 10:43:33,104] {task_command.py:370} INFO - Running <TaskInstance: dag_etl.dim_date manual__2023-05-02T10:43:11.140829+00:00 [running]> on host 295d97741f96
[2023-05-02 10:43:34,241] {taskinstance.py:1571} INFO - Exporting the following env vars:
AIRFLOW_CTX_DAG_OWNER=Victor
AIRFLOW_CTX_DAG_ID=dag_etl
AIRFLOW_CTX_TASK_ID=dim_date
AIRFLOW_CTX_EXECUTION_DATE=2023-05-02T10:43:11.140829+00:00
AIRFLOW_CTX_TRY_NUMBER=1
AIRFLOW_CTX_DAG_RUN_ID=manual__2023-05-02T10:43:11.140829+00:00
[2023-05-02 10:43:41,852] {base.py:68} INFO - Using connection ID 'postgres_conn' for task execution.
[2023-05-02 10:44:14,469] {python.py:173} INFO - Done. Returned value was: None
[2023-05-02 10:44:14,830] {taskinstance.py:1400} INFO - Marking task as SUCCESS. dag_id=dag_etl, task_id=dim_date, execution_date=20230502T104311, start_date=20230502T104332, end_date=20230502T104414
[2023-05-02 10:44:15,048] {local_task_job.py:156} INFO - Task exited with return code 0
[2023-05-02 10:44:15,316] {local_task_job.py:273} INFO - 0 downstream tasks scheduled from follow-on schedule check
