[2023-05-02 16:28:31,916] {taskinstance.py:1159} INFO - Dependencies all met for <TaskInstance: dag_etl.dim_gender manual__2023-05-02T16:27:47.576051+00:00 [queued]>
[2023-05-02 16:28:32,040] {taskinstance.py:1159} INFO - Dependencies all met for <TaskInstance: dag_etl.dim_gender manual__2023-05-02T16:27:47.576051+00:00 [queued]>
[2023-05-02 16:28:32,042] {taskinstance.py:1356} INFO - 
--------------------------------------------------------------------------------
[2023-05-02 16:28:32,044] {taskinstance.py:1357} INFO - Starting attempt 1 of 6
[2023-05-02 16:28:32,045] {taskinstance.py:1358} INFO - 
--------------------------------------------------------------------------------
[2023-05-02 16:28:32,250] {taskinstance.py:1377} INFO - Executing <Task(_PythonDecoratedOperator): dim_gender> on 2023-05-02 16:27:47.576051+00:00
[2023-05-02 16:28:32,271] {standard_task_runner.py:52} INFO - Started process 428 to run task
[2023-05-02 16:28:32,311] {standard_task_runner.py:79} INFO - Running: ['***', 'tasks', 'run', 'dag_etl', 'dim_gender', 'manual__2023-05-02T16:27:47.576051+00:00', '--job-id', '757', '--raw', '--subdir', 'DAGS_FOLDER/dag_etl_taskflow.py', '--cfg-path', '/tmp/tmpp0rfj2jo', '--error-file', '/tmp/tmpsdpzmv0j']
[2023-05-02 16:28:32,321] {standard_task_runner.py:80} INFO - Job 757: Subtask dim_gender
[2023-05-02 16:28:33,131] {task_command.py:370} INFO - Running <TaskInstance: dag_etl.dim_gender manual__2023-05-02T16:27:47.576051+00:00 [running]> on host 295d97741f96
[2023-05-02 16:28:37,488] {taskinstance.py:1571} INFO - Exporting the following env vars:
AIRFLOW_CTX_DAG_OWNER=Victor
AIRFLOW_CTX_DAG_ID=dag_etl
AIRFLOW_CTX_TASK_ID=dim_gender
AIRFLOW_CTX_EXECUTION_DATE=2023-05-02T16:27:47.576051+00:00
AIRFLOW_CTX_TRY_NUMBER=1
AIRFLOW_CTX_DAG_RUN_ID=manual__2023-05-02T16:27:47.576051+00:00
[2023-05-02 16:28:38,196] {base.py:68} INFO - Using connection ID 'postgres_conn' for task execution.
[2023-05-02 16:28:38,819] {python.py:173} INFO - Done. Returned value was: None
[2023-05-02 16:28:39,481] {taskinstance.py:1400} INFO - Marking task as SUCCESS. dag_id=dag_etl, task_id=dim_gender, execution_date=20230502T162747, start_date=20230502T162831, end_date=20230502T162839
[2023-05-02 16:28:39,721] {local_task_job.py:156} INFO - Task exited with return code 0
[2023-05-02 16:28:40,428] {local_task_job.py:273} INFO - 0 downstream tasks scheduled from follow-on schedule check
