[2023-05-05 05:30:53,301] {taskinstance.py:1159} INFO - Dependencies all met for <TaskInstance: dag_etl.sensor_s3_obj manual__2023-05-05T05:30:43.346434+00:00 [queued]>
[2023-05-05 05:30:53,546] {taskinstance.py:1159} INFO - Dependencies all met for <TaskInstance: dag_etl.sensor_s3_obj manual__2023-05-05T05:30:43.346434+00:00 [queued]>
[2023-05-05 05:30:53,548] {taskinstance.py:1356} INFO - 
--------------------------------------------------------------------------------
[2023-05-05 05:30:53,551] {taskinstance.py:1357} INFO - Starting attempt 1 of 6
[2023-05-05 05:30:53,552] {taskinstance.py:1358} INFO - 
--------------------------------------------------------------------------------
[2023-05-05 05:30:54,019] {taskinstance.py:1377} INFO - Executing <Task(S3KeySensor): sensor_s3_obj> on 2023-05-05 05:30:43.346434+00:00
[2023-05-05 05:30:54,118] {standard_task_runner.py:52} INFO - Started process 416 to run task
[2023-05-05 05:30:54,217] {standard_task_runner.py:79} INFO - Running: ['***', 'tasks', 'run', 'dag_etl', 'sensor_s3_obj', 'manual__2023-05-05T05:30:43.346434+00:00', '--job-id', '1011', '--raw', '--subdir', 'DAGS_FOLDER/dag_etl_taskflow.py', '--cfg-path', '/tmp/tmpmkniy5ei', '--error-file', '/tmp/tmp5t1ui7qr']
[2023-05-05 05:30:54,283] {standard_task_runner.py:80} INFO - Job 1011: Subtask sensor_s3_obj
[2023-05-05 05:30:55,539] {task_command.py:370} INFO - Running <TaskInstance: dag_etl.sensor_s3_obj manual__2023-05-05T05:30:43.346434+00:00 [running]> on host 295d97741f96
[2023-05-05 05:30:58,900] {taskinstance.py:1571} INFO - Exporting the following env vars:
AIRFLOW_CTX_DAG_OWNER=Victor
AIRFLOW_CTX_DAG_ID=dag_etl
AIRFLOW_CTX_TASK_ID=sensor_s3_obj
AIRFLOW_CTX_EXECUTION_DATE=2023-05-05T05:30:43.346434+00:00
AIRFLOW_CTX_TRY_NUMBER=1
AIRFLOW_CTX_DAG_RUN_ID=manual__2023-05-05T05:30:43.346434+00:00
[2023-05-05 05:30:58,909] {s3.py:104} INFO - Poking for key : s3://raw/supermarket_sales.csv
[2023-05-05 05:30:59,139] {base.py:68} INFO - Using connection ID 'minio_conn' for task execution.
[2023-05-05 05:30:59,184] {base_aws.py:206} INFO - Credentials retrieved from login
[2023-05-05 05:31:01,785] {base.py:301} INFO - Success criteria met. Exiting.
[2023-05-05 05:31:03,620] {taskinstance.py:1400} INFO - Marking task as SUCCESS. dag_id=dag_etl, task_id=sensor_s3_obj, execution_date=20230505T053043, start_date=20230505T053053, end_date=20230505T053103
[2023-05-05 05:31:04,272] {local_task_job.py:156} INFO - Task exited with return code 0
[2023-05-05 05:31:05,614] {local_task_job.py:273} INFO - 2 downstream tasks scheduled from follow-on schedule check
