[2023-05-03 18:35:33,634] {taskinstance.py:1159} INFO - Dependencies all met for <TaskInstance: dag_etl.delete_s3_obj manual__2023-05-03T18:34:59.697678+00:00 [queued]>
[2023-05-03 18:35:33,808] {taskinstance.py:1159} INFO - Dependencies all met for <TaskInstance: dag_etl.delete_s3_obj manual__2023-05-03T18:34:59.697678+00:00 [queued]>
[2023-05-03 18:35:33,810] {taskinstance.py:1356} INFO - 
--------------------------------------------------------------------------------
[2023-05-03 18:35:33,811] {taskinstance.py:1357} INFO - Starting attempt 1 of 6
[2023-05-03 18:35:33,816] {taskinstance.py:1358} INFO - 
--------------------------------------------------------------------------------
[2023-05-03 18:35:34,005] {taskinstance.py:1377} INFO - Executing <Task(S3DeleteObjectsOperator): delete_s3_obj> on 2023-05-03 18:34:59.697678+00:00
[2023-05-03 18:35:34,027] {standard_task_runner.py:52} INFO - Started process 531 to run task
[2023-05-03 18:35:34,085] {standard_task_runner.py:79} INFO - Running: ['***', 'tasks', 'run', 'dag_etl', 'delete_s3_obj', 'manual__2023-05-03T18:34:59.697678+00:00', '--job-id', '858', '--raw', '--subdir', 'DAGS_FOLDER/dag_etl_taskflow.py', '--cfg-path', '/tmp/tmp7q8g0xm0', '--error-file', '/tmp/tmpe8ys_zls']
[2023-05-03 18:35:34,097] {standard_task_runner.py:80} INFO - Job 858: Subtask delete_s3_obj
[2023-05-03 18:35:35,176] {task_command.py:370} INFO - Running <TaskInstance: dag_etl.delete_s3_obj manual__2023-05-03T18:34:59.697678+00:00 [running]> on host 295d97741f96
[2023-05-03 18:35:37,814] {taskinstance.py:1571} INFO - Exporting the following env vars:
AIRFLOW_CTX_DAG_OWNER=Victor
AIRFLOW_CTX_DAG_ID=dag_etl
AIRFLOW_CTX_TASK_ID=delete_s3_obj
AIRFLOW_CTX_EXECUTION_DATE=2023-05-03T18:34:59.697678+00:00
AIRFLOW_CTX_TRY_NUMBER=1
AIRFLOW_CTX_DAG_RUN_ID=manual__2023-05-03T18:34:59.697678+00:00
[2023-05-03 18:35:38,117] {base.py:68} INFO - Using connection ID 'minio_conn' for task execution.
[2023-05-03 18:35:38,144] {base_aws.py:206} INFO - Credentials retrieved from login
[2023-05-03 18:35:40,399] {s3.py:841} INFO - Deleted: ['supermarket_sales.csv']
[2023-05-03 18:35:41,449] {taskinstance.py:1400} INFO - Marking task as SUCCESS. dag_id=dag_etl, task_id=delete_s3_obj, execution_date=20230503T183459, start_date=20230503T183533, end_date=20230503T183541
[2023-05-03 18:35:41,882] {local_task_job.py:156} INFO - Task exited with return code 0
[2023-05-03 18:35:43,677] {local_task_job.py:273} INFO - 0 downstream tasks scheduled from follow-on schedule check
