[2023-05-02 13:47:11,871] {taskinstance.py:1159} INFO - Dependencies all met for <TaskInstance: dag_etl.sensor_s3_obj manual__2023-05-02T13:47:08.064702+00:00 [queued]>
[2023-05-02 13:47:11,920] {taskinstance.py:1159} INFO - Dependencies all met for <TaskInstance: dag_etl.sensor_s3_obj manual__2023-05-02T13:47:08.064702+00:00 [queued]>
[2023-05-02 13:47:11,922] {taskinstance.py:1356} INFO - 
--------------------------------------------------------------------------------
[2023-05-02 13:47:11,922] {taskinstance.py:1357} INFO - Starting attempt 1 of 6
[2023-05-02 13:47:11,923] {taskinstance.py:1358} INFO - 
--------------------------------------------------------------------------------
[2023-05-02 13:47:12,014] {taskinstance.py:1377} INFO - Executing <Task(S3KeySensor): sensor_s3_obj> on 2023-05-02 13:47:08.064702+00:00
[2023-05-02 13:47:12,023] {standard_task_runner.py:52} INFO - Started process 782 to run task
[2023-05-02 13:47:12,032] {standard_task_runner.py:79} INFO - Running: ['***', 'tasks', 'run', 'dag_etl', 'sensor_s3_obj', 'manual__2023-05-02T13:47:08.064702+00:00', '--job-id', '562', '--raw', '--subdir', 'DAGS_FOLDER/dag_etl_taskflow.py', '--cfg-path', '/tmp/tmpewys9apt', '--error-file', '/tmp/tmpgkbln57s']
[2023-05-02 13:47:12,035] {standard_task_runner.py:80} INFO - Job 562: Subtask sensor_s3_obj
[2023-05-02 13:47:12,395] {task_command.py:370} INFO - Running <TaskInstance: dag_etl.sensor_s3_obj manual__2023-05-02T13:47:08.064702+00:00 [running]> on host 295d97741f96
[2023-05-02 13:47:12,955] {taskinstance.py:1571} INFO - Exporting the following env vars:
AIRFLOW_CTX_DAG_OWNER=Victor
AIRFLOW_CTX_DAG_ID=dag_etl
AIRFLOW_CTX_TASK_ID=sensor_s3_obj
AIRFLOW_CTX_EXECUTION_DATE=2023-05-02T13:47:08.064702+00:00
AIRFLOW_CTX_TRY_NUMBER=1
AIRFLOW_CTX_DAG_RUN_ID=manual__2023-05-02T13:47:08.064702+00:00
[2023-05-02 13:47:12,958] {s3.py:104} INFO - Poking for key : s3://raw/supermarket_sales.csv
[2023-05-02 13:47:13,038] {base.py:68} INFO - Using connection ID 'minio_conn' for task execution.
[2023-05-02 13:47:13,048] {base_aws.py:206} INFO - Credentials retrieved from login
[2023-05-02 13:47:13,589] {base.py:301} INFO - Success criteria met. Exiting.
[2023-05-02 13:47:13,775] {taskinstance.py:1400} INFO - Marking task as SUCCESS. dag_id=dag_etl, task_id=sensor_s3_obj, execution_date=20230502T134708, start_date=20230502T134711, end_date=20230502T134713
[2023-05-02 13:47:13,868] {local_task_job.py:156} INFO - Task exited with return code 0
[2023-05-02 13:47:14,283] {local_task_job.py:273} INFO - 2 downstream tasks scheduled from follow-on schedule check
