[2023-04-30 09:02:17,745] {taskinstance.py:1159} INFO - Dependencies all met for <TaskInstance: dag_etl.dim_branch manual__2023-04-30T09:01:32.484117+00:00 [queued]>
[2023-04-30 09:02:17,922] {taskinstance.py:1159} INFO - Dependencies all met for <TaskInstance: dag_etl.dim_branch manual__2023-04-30T09:01:32.484117+00:00 [queued]>
[2023-04-30 09:02:17,923] {taskinstance.py:1356} INFO - 
--------------------------------------------------------------------------------
[2023-04-30 09:02:17,929] {taskinstance.py:1357} INFO - Starting attempt 1 of 6
[2023-04-30 09:02:17,934] {taskinstance.py:1358} INFO - 
--------------------------------------------------------------------------------
[2023-04-30 09:02:18,105] {taskinstance.py:1377} INFO - Executing <Task(_PythonDecoratedOperator): dim_branch> on 2023-04-30 09:01:32.484117+00:00
[2023-04-30 09:02:18,134] {standard_task_runner.py:52} INFO - Started process 704 to run task
[2023-04-30 09:02:18,192] {standard_task_runner.py:79} INFO - Running: ['***', 'tasks', 'run', 'dag_etl', 'dim_branch', 'manual__2023-04-30T09:01:32.484117+00:00', '--job-id', '194', '--raw', '--subdir', 'DAGS_FOLDER/dag_etl_taskflow.py', '--cfg-path', '/tmp/tmpb28zckte', '--error-file', '/tmp/tmpkdbgsvbz']
[2023-04-30 09:02:18,210] {standard_task_runner.py:80} INFO - Job 194: Subtask dim_branch
[2023-04-30 09:02:19,286] {task_command.py:370} INFO - Running <TaskInstance: dag_etl.dim_branch manual__2023-04-30T09:01:32.484117+00:00 [running]> on host 295d97741f96
[2023-04-30 09:02:22,425] {taskinstance.py:1571} INFO - Exporting the following env vars:
AIRFLOW_CTX_DAG_OWNER=Victor
AIRFLOW_CTX_DAG_ID=dag_etl
AIRFLOW_CTX_TASK_ID=dim_branch
AIRFLOW_CTX_EXECUTION_DATE=2023-04-30T09:01:32.484117+00:00
AIRFLOW_CTX_TRY_NUMBER=1
AIRFLOW_CTX_DAG_RUN_ID=manual__2023-04-30T09:01:32.484117+00:00
[2023-04-30 09:02:23,383] {base.py:68} INFO - Using connection ID 'postgres_conn' for task execution.
[2023-04-30 09:02:24,383] {python.py:173} INFO - Done. Returned value was: None
[2023-04-30 09:02:26,101] {taskinstance.py:1400} INFO - Marking task as SUCCESS. dag_id=dag_etl, task_id=dim_branch, execution_date=20230430T090132, start_date=20230430T090217, end_date=20230430T090226
[2023-04-30 09:02:26,549] {local_task_job.py:156} INFO - Task exited with return code 0
[2023-04-30 09:02:28,215] {local_task_job.py:273} INFO - 0 downstream tasks scheduled from follow-on schedule check
