[2023-05-02 11:42:58,640] {taskinstance.py:1159} INFO - Dependencies all met for <TaskInstance: dag_etl.dim_product_line manual__2023-05-02T11:41:45.968792+00:00 [queued]>
[2023-05-02 11:42:58,836] {taskinstance.py:1159} INFO - Dependencies all met for <TaskInstance: dag_etl.dim_product_line manual__2023-05-02T11:41:45.968792+00:00 [queued]>
[2023-05-02 11:42:58,837] {taskinstance.py:1356} INFO - 
--------------------------------------------------------------------------------
[2023-05-02 11:42:58,838] {taskinstance.py:1357} INFO - Starting attempt 1 of 6
[2023-05-02 11:42:58,839] {taskinstance.py:1358} INFO - 
--------------------------------------------------------------------------------
[2023-05-02 11:42:59,116] {taskinstance.py:1377} INFO - Executing <Task(_PythonDecoratedOperator): dim_product_line> on 2023-05-02 11:41:45.968792+00:00
[2023-05-02 11:42:59,156] {standard_task_runner.py:52} INFO - Started process 746 to run task
[2023-05-02 11:42:59,201] {standard_task_runner.py:79} INFO - Running: ['***', 'tasks', 'run', 'dag_etl', 'dim_product_line', 'manual__2023-05-02T11:41:45.968792+00:00', '--job-id', '496', '--raw', '--subdir', 'DAGS_FOLDER/dag_etl_taskflow.py', '--cfg-path', '/tmp/tmpguch0dxk', '--error-file', '/tmp/tmpas8kj0qn']
[2023-05-02 11:42:59,219] {standard_task_runner.py:80} INFO - Job 496: Subtask dim_product_line
[2023-05-02 11:43:00,263] {task_command.py:370} INFO - Running <TaskInstance: dag_etl.dim_product_line manual__2023-05-02T11:41:45.968792+00:00 [running]> on host 295d97741f96
[2023-05-02 11:43:03,434] {taskinstance.py:1571} INFO - Exporting the following env vars:
AIRFLOW_CTX_DAG_OWNER=Victor
AIRFLOW_CTX_DAG_ID=dag_etl
AIRFLOW_CTX_TASK_ID=dim_product_line
AIRFLOW_CTX_EXECUTION_DATE=2023-05-02T11:41:45.968792+00:00
AIRFLOW_CTX_TRY_NUMBER=1
AIRFLOW_CTX_DAG_RUN_ID=manual__2023-05-02T11:41:45.968792+00:00
[2023-05-02 11:43:03,827] {base.py:68} INFO - Using connection ID 'postgres_conn' for task execution.
[2023-05-02 11:43:04,573] {python.py:173} INFO - Done. Returned value was: None
[2023-05-02 11:43:05,473] {taskinstance.py:1400} INFO - Marking task as SUCCESS. dag_id=dag_etl, task_id=dim_product_line, execution_date=20230502T114145, start_date=20230502T114258, end_date=20230502T114305
[2023-05-02 11:43:05,850] {local_task_job.py:156} INFO - Task exited with return code 0
[2023-05-02 11:43:07,386] {local_task_job.py:273} INFO - 0 downstream tasks scheduled from follow-on schedule check
