[2023-05-02 15:30:56,497] {taskinstance.py:1159} INFO - Dependencies all met for <TaskInstance: dag_etl_date.extract_from_s3 manual__2023-05-02T15:30:45.232220+00:00 [queued]>
[2023-05-02 15:30:56,577] {taskinstance.py:1159} INFO - Dependencies all met for <TaskInstance: dag_etl_date.extract_from_s3 manual__2023-05-02T15:30:45.232220+00:00 [queued]>
[2023-05-02 15:30:56,579] {taskinstance.py:1356} INFO - 
--------------------------------------------------------------------------------
[2023-05-02 15:30:56,581] {taskinstance.py:1357} INFO - Starting attempt 1 of 6
[2023-05-02 15:30:56,582] {taskinstance.py:1358} INFO - 
--------------------------------------------------------------------------------
[2023-05-02 15:30:56,801] {taskinstance.py:1377} INFO - Executing <Task(_PythonDecoratedOperator): extract_from_s3> on 2023-05-02 15:30:45.232220+00:00
[2023-05-02 15:30:56,818] {standard_task_runner.py:52} INFO - Started process 373 to run task
[2023-05-02 15:30:56,859] {standard_task_runner.py:79} INFO - Running: ['***', 'tasks', 'run', 'dag_etl_date', 'extract_from_s3', 'manual__2023-05-02T15:30:45.232220+00:00', '--job-id', '704', '--raw', '--subdir', 'DAGS_FOLDER/dag_etl_taskflow_date.py', '--cfg-path', '/tmp/tmp311_9qzs', '--error-file', '/tmp/tmplslsgxpj']
[2023-05-02 15:30:56,884] {standard_task_runner.py:80} INFO - Job 704: Subtask extract_from_s3
[2023-05-02 15:30:57,515] {task_command.py:370} INFO - Running <TaskInstance: dag_etl_date.extract_from_s3 manual__2023-05-02T15:30:45.232220+00:00 [running]> on host 295d97741f96
[2023-05-02 15:30:58,816] {taskinstance.py:1571} INFO - Exporting the following env vars:
AIRFLOW_CTX_DAG_OWNER=Victor
AIRFLOW_CTX_DAG_ID=dag_etl_date
AIRFLOW_CTX_TASK_ID=extract_from_s3
AIRFLOW_CTX_EXECUTION_DATE=2023-05-02T15:30:45.232220+00:00
AIRFLOW_CTX_TRY_NUMBER=1
AIRFLOW_CTX_DAG_RUN_ID=manual__2023-05-02T15:30:45.232220+00:00
[2023-05-02 15:30:58,823] {s3.py:861} INFO - Downloading source S3 file from Bucket raw with path supermarket_sales.csv
[2023-05-02 15:30:59,034] {base.py:68} INFO - Using connection ID 'minio_conn' for task execution.
[2023-05-02 15:30:59,039] {base_aws.py:206} INFO - Credentials retrieved from login
[2023-05-02 15:31:00,049] {python.py:173} INFO - Done. Returned value was: /opt/***/data/***_tmp_opxwpaaq
[2023-05-02 15:31:00,286] {taskinstance.py:1400} INFO - Marking task as SUCCESS. dag_id=dag_etl_date, task_id=extract_from_s3, execution_date=20230502T153045, start_date=20230502T153056, end_date=20230502T153100
[2023-05-02 15:31:00,403] {local_task_job.py:156} INFO - Task exited with return code 0
[2023-05-02 15:31:00,761] {local_task_job.py:273} INFO - 1 downstream tasks scheduled from follow-on schedule check
