[2023-05-02 11:56:04,726] {taskinstance.py:1159} INFO - Dependencies all met for <TaskInstance: dag_etl.rename_extracted_file manual__2023-05-02T11:55:27.901699+00:00 [queued]>
[2023-05-02 11:56:04,858] {taskinstance.py:1159} INFO - Dependencies all met for <TaskInstance: dag_etl.rename_extracted_file manual__2023-05-02T11:55:27.901699+00:00 [queued]>
[2023-05-02 11:56:04,860] {taskinstance.py:1356} INFO - 
--------------------------------------------------------------------------------
[2023-05-02 11:56:04,864] {taskinstance.py:1357} INFO - Starting attempt 1 of 6
[2023-05-02 11:56:04,870] {taskinstance.py:1358} INFO - 
--------------------------------------------------------------------------------
[2023-05-02 11:56:05,027] {taskinstance.py:1377} INFO - Executing <Task(_PythonDecoratedOperator): rename_extracted_file> on 2023-05-02 11:55:27.901699+00:00
[2023-05-02 11:56:05,050] {standard_task_runner.py:52} INFO - Started process 1799 to run task
[2023-05-02 11:56:05,083] {standard_task_runner.py:79} INFO - Running: ['***', 'tasks', 'run', 'dag_etl', 'rename_extracted_file', 'manual__2023-05-02T11:55:27.901699+00:00', '--job-id', '527', '--raw', '--subdir', 'DAGS_FOLDER/dag_etl_taskflow.py', '--cfg-path', '/tmp/tmp_61s73lm', '--error-file', '/tmp/tmpt9387ogk']
[2023-05-02 11:56:05,087] {standard_task_runner.py:80} INFO - Job 527: Subtask rename_extracted_file
[2023-05-02 11:56:05,654] {task_command.py:370} INFO - Running <TaskInstance: dag_etl.rename_extracted_file manual__2023-05-02T11:55:27.901699+00:00 [running]> on host 295d97741f96
[2023-05-02 11:56:06,461] {taskinstance.py:1571} INFO - Exporting the following env vars:
AIRFLOW_CTX_DAG_OWNER=Victor
AIRFLOW_CTX_DAG_ID=dag_etl
AIRFLOW_CTX_TASK_ID=rename_extracted_file
AIRFLOW_CTX_EXECUTION_DATE=2023-05-02T11:55:27.901699+00:00
AIRFLOW_CTX_TRY_NUMBER=1
AIRFLOW_CTX_DAG_RUN_ID=manual__2023-05-02T11:55:27.901699+00:00
[2023-05-02 11:56:06,468] {python.py:173} INFO - Done. Returned value was: /opt/***/data
[2023-05-02 11:56:06,731] {taskinstance.py:1400} INFO - Marking task as SUCCESS. dag_id=dag_etl, task_id=rename_extracted_file, execution_date=20230502T115527, start_date=20230502T115604, end_date=20230502T115606
[2023-05-02 11:56:06,859] {local_task_job.py:156} INFO - Task exited with return code 0
[2023-05-02 11:56:07,214] {local_task_job.py:273} INFO - 7 downstream tasks scheduled from follow-on schedule check
