[2023-05-03 18:44:26,188] {taskinstance.py:1159} INFO - Dependencies all met for <TaskInstance: dag_etl.dim_city manual__2023-05-03T18:43:51.079238+00:00 [queued]>
[2023-05-03 18:44:26,339] {taskinstance.py:1159} INFO - Dependencies all met for <TaskInstance: dag_etl.dim_city manual__2023-05-03T18:43:51.079238+00:00 [queued]>
[2023-05-03 18:44:26,344] {taskinstance.py:1356} INFO - 
--------------------------------------------------------------------------------
[2023-05-03 18:44:26,345] {taskinstance.py:1357} INFO - Starting attempt 1 of 6
[2023-05-03 18:44:26,346] {taskinstance.py:1358} INFO - 
--------------------------------------------------------------------------------
[2023-05-03 18:44:26,612] {taskinstance.py:1377} INFO - Executing <Task(_PythonDecoratedOperator): dim_city> on 2023-05-03 18:43:51.079238+00:00
[2023-05-03 18:44:26,652] {standard_task_runner.py:52} INFO - Started process 1226 to run task
[2023-05-03 18:44:26,692] {standard_task_runner.py:79} INFO - Running: ['***', 'tasks', 'run', 'dag_etl', 'dim_city', 'manual__2023-05-03T18:43:51.079238+00:00', '--job-id', '874', '--raw', '--subdir', 'DAGS_FOLDER/dag_etl_taskflow.py', '--cfg-path', '/tmp/tmp1gdni0wu', '--error-file', '/tmp/tmpl8966v55']
[2023-05-03 18:44:26,715] {standard_task_runner.py:80} INFO - Job 874: Subtask dim_city
[2023-05-03 18:44:27,792] {task_command.py:370} INFO - Running <TaskInstance: dag_etl.dim_city manual__2023-05-03T18:43:51.079238+00:00 [running]> on host 295d97741f96
[2023-05-03 18:44:32,301] {taskinstance.py:1571} INFO - Exporting the following env vars:
AIRFLOW_CTX_DAG_OWNER=Victor
AIRFLOW_CTX_DAG_ID=dag_etl
AIRFLOW_CTX_TASK_ID=dim_city
AIRFLOW_CTX_EXECUTION_DATE=2023-05-03T18:43:51.079238+00:00
AIRFLOW_CTX_TRY_NUMBER=1
AIRFLOW_CTX_DAG_RUN_ID=manual__2023-05-03T18:43:51.079238+00:00
[2023-05-03 18:44:34,203] {base.py:68} INFO - Using connection ID 'postgres_conn' for task execution.
[2023-05-03 18:44:35,425] {python.py:173} INFO - Done. Returned value was: None
[2023-05-03 18:44:37,398] {taskinstance.py:1400} INFO - Marking task as SUCCESS. dag_id=dag_etl, task_id=dim_city, execution_date=20230503T184351, start_date=20230503T184426, end_date=20230503T184437
[2023-05-03 18:44:37,952] {local_task_job.py:156} INFO - Task exited with return code 0
[2023-05-03 18:44:39,765] {local_task_job.py:273} INFO - 0 downstream tasks scheduled from follow-on schedule check
