[2023-04-30 07:03:37,444] {taskinstance.py:1159} INFO - Dependencies all met for <TaskInstance: dag_etl.dim_gender scheduled__2023-04-28T00:00:00+00:00 [queued]>
[2023-04-30 07:03:37,772] {taskinstance.py:1159} INFO - Dependencies all met for <TaskInstance: dag_etl.dim_gender scheduled__2023-04-28T00:00:00+00:00 [queued]>
[2023-04-30 07:03:37,790] {taskinstance.py:1356} INFO - 
--------------------------------------------------------------------------------
[2023-04-30 07:03:37,791] {taskinstance.py:1357} INFO - Starting attempt 1 of 6
[2023-04-30 07:03:37,792] {taskinstance.py:1358} INFO - 
--------------------------------------------------------------------------------
[2023-04-30 07:03:38,943] {taskinstance.py:1377} INFO - Executing <Task(_PythonDecoratedOperator): dim_gender> on 2023-04-28 00:00:00+00:00
[2023-04-30 07:03:39,065] {standard_task_runner.py:52} INFO - Started process 1001 to run task
[2023-04-30 07:03:39,158] {standard_task_runner.py:79} INFO - Running: ['***', 'tasks', 'run', 'dag_etl', 'dim_gender', 'scheduled__2023-04-28T00:00:00+00:00', '--job-id', '69', '--raw', '--subdir', 'DAGS_FOLDER/dag_etl_taskflow.py', '--cfg-path', '/tmp/tmpa0deft3h', '--error-file', '/tmp/tmp4hviapzx']
[2023-04-30 07:03:39,175] {standard_task_runner.py:80} INFO - Job 69: Subtask dim_gender
[2023-04-30 07:03:41,310] {task_command.py:370} INFO - Running <TaskInstance: dag_etl.dim_gender scheduled__2023-04-28T00:00:00+00:00 [running]> on host 295d97741f96
[2023-04-30 07:03:53,326] {taskinstance.py:1571} INFO - Exporting the following env vars:
AIRFLOW_CTX_DAG_OWNER=Victor
AIRFLOW_CTX_DAG_ID=dag_etl
AIRFLOW_CTX_TASK_ID=dim_gender
AIRFLOW_CTX_EXECUTION_DATE=2023-04-28T00:00:00+00:00
AIRFLOW_CTX_TRY_NUMBER=1
AIRFLOW_CTX_DAG_RUN_ID=scheduled__2023-04-28T00:00:00+00:00
[2023-04-30 07:03:55,301] {base.py:68} INFO - Using connection ID 'postgres_conn' for task execution.
[2023-04-30 07:03:56,747] {python.py:173} INFO - Done. Returned value was: None
[2023-04-30 07:03:58,614] {taskinstance.py:1400} INFO - Marking task as SUCCESS. dag_id=dag_etl, task_id=dim_gender, execution_date=20230428T000000, start_date=20230430T070337, end_date=20230430T070358
[2023-04-30 07:03:59,710] {local_task_job.py:156} INFO - Task exited with return code 0
[2023-04-30 07:04:01,904] {local_task_job.py:273} INFO - 0 downstream tasks scheduled from follow-on schedule check
