[2023-05-05 05:33:34,718] {taskinstance.py:1159} INFO - Dependencies all met for <TaskInstance: dag_etl.delete_s3_obj manual__2023-05-05T05:32:51.253337+00:00 [queued]>
[2023-05-05 05:33:34,841] {taskinstance.py:1159} INFO - Dependencies all met for <TaskInstance: dag_etl.delete_s3_obj manual__2023-05-05T05:32:51.253337+00:00 [queued]>
[2023-05-05 05:33:34,843] {taskinstance.py:1356} INFO - 
--------------------------------------------------------------------------------
[2023-05-05 05:33:34,843] {taskinstance.py:1357} INFO - Starting attempt 1 of 6
[2023-05-05 05:33:34,844] {taskinstance.py:1358} INFO - 
--------------------------------------------------------------------------------
[2023-05-05 05:33:35,090] {taskinstance.py:1377} INFO - Executing <Task(S3DeleteObjectsOperator): delete_s3_obj> on 2023-05-05 05:32:51.253337+00:00
[2023-05-05 05:33:35,127] {standard_task_runner.py:52} INFO - Started process 680 to run task
[2023-05-05 05:33:35,151] {standard_task_runner.py:79} INFO - Running: ['***', 'tasks', 'run', 'dag_etl', 'delete_s3_obj', 'manual__2023-05-05T05:32:51.253337+00:00', '--job-id', '1030', '--raw', '--subdir', 'DAGS_FOLDER/dag_etl_taskflow.py', '--cfg-path', '/tmp/tmptr6kql6_', '--error-file', '/tmp/tmplw7sy7i4']
[2023-05-05 05:33:35,168] {standard_task_runner.py:80} INFO - Job 1030: Subtask delete_s3_obj
[2023-05-05 05:33:35,915] {task_command.py:370} INFO - Running <TaskInstance: dag_etl.delete_s3_obj manual__2023-05-05T05:32:51.253337+00:00 [running]> on host 295d97741f96
[2023-05-05 05:33:38,151] {taskinstance.py:1571} INFO - Exporting the following env vars:
AIRFLOW_CTX_DAG_OWNER=Victor
AIRFLOW_CTX_DAG_ID=dag_etl
AIRFLOW_CTX_TASK_ID=delete_s3_obj
AIRFLOW_CTX_EXECUTION_DATE=2023-05-05T05:32:51.253337+00:00
AIRFLOW_CTX_TRY_NUMBER=1
AIRFLOW_CTX_DAG_RUN_ID=manual__2023-05-05T05:32:51.253337+00:00
[2023-05-05 05:33:38,338] {base.py:68} INFO - Using connection ID 'minio_conn' for task execution.
[2023-05-05 05:33:38,345] {base_aws.py:206} INFO - Credentials retrieved from login
[2023-05-05 05:33:40,866] {s3.py:841} INFO - Deleted: ['supermarket_sales.csv']
[2023-05-05 05:33:41,647] {taskinstance.py:1400} INFO - Marking task as SUCCESS. dag_id=dag_etl, task_id=delete_s3_obj, execution_date=20230505T053251, start_date=20230505T053334, end_date=20230505T053341
[2023-05-05 05:33:43,390] {local_task_job.py:156} INFO - Task exited with return code 0
[2023-05-05 05:33:44,568] {local_task_job.py:273} INFO - 0 downstream tasks scheduled from follow-on schedule check
