[2023-05-02 10:38:34,225] {taskinstance.py:1159} INFO - Dependencies all met for <TaskInstance: dag_etl.rename_extracted_file scheduled__2023-05-01T00:00:00+00:00 [queued]>
[2023-05-02 10:38:34,794] {taskinstance.py:1159} INFO - Dependencies all met for <TaskInstance: dag_etl.rename_extracted_file scheduled__2023-05-01T00:00:00+00:00 [queued]>
[2023-05-02 10:38:34,857] {taskinstance.py:1356} INFO - 
--------------------------------------------------------------------------------
[2023-05-02 10:38:34,869] {taskinstance.py:1357} INFO - Starting attempt 1 of 6
[2023-05-02 10:38:34,950] {taskinstance.py:1358} INFO - 
--------------------------------------------------------------------------------
[2023-05-02 10:38:36,537] {taskinstance.py:1377} INFO - Executing <Task(_PythonDecoratedOperator): rename_extracted_file> on 2023-05-01 00:00:00+00:00
[2023-05-02 10:38:36,780] {standard_task_runner.py:52} INFO - Started process 1103 to run task
[2023-05-02 10:38:36,961] {standard_task_runner.py:79} INFO - Running: ['***', 'tasks', 'run', 'dag_etl', 'rename_extracted_file', 'scheduled__2023-05-01T00:00:00+00:00', '--job-id', '440', '--raw', '--subdir', 'DAGS_FOLDER/dag_etl_taskflow.py', '--cfg-path', '/tmp/tmp26tj1lo7', '--error-file', '/tmp/tmpk7pv21xw']
[2023-05-02 10:38:37,009] {standard_task_runner.py:80} INFO - Job 440: Subtask rename_extracted_file
[2023-05-02 10:38:40,631] {task_command.py:370} INFO - Running <TaskInstance: dag_etl.rename_extracted_file scheduled__2023-05-01T00:00:00+00:00 [running]> on host 295d97741f96
[2023-05-02 10:38:45,423] {taskinstance.py:1571} INFO - Exporting the following env vars:
AIRFLOW_CTX_DAG_OWNER=Victor
AIRFLOW_CTX_DAG_ID=dag_etl
AIRFLOW_CTX_TASK_ID=rename_extracted_file
AIRFLOW_CTX_EXECUTION_DATE=2023-05-01T00:00:00+00:00
AIRFLOW_CTX_TRY_NUMBER=1
AIRFLOW_CTX_DAG_RUN_ID=scheduled__2023-05-01T00:00:00+00:00
[2023-05-02 10:38:45,431] {python.py:173} INFO - Done. Returned value was: /opt/***/data
[2023-05-02 10:38:46,532] {taskinstance.py:1400} INFO - Marking task as SUCCESS. dag_id=dag_etl, task_id=rename_extracted_file, execution_date=20230501T000000, start_date=20230502T103834, end_date=20230502T103846
[2023-05-02 10:38:47,231] {local_task_job.py:156} INFO - Task exited with return code 0
[2023-05-02 10:38:49,729] {local_task_job.py:273} INFO - 7 downstream tasks scheduled from follow-on schedule check
[2023-05-04 05:12:30,565] {taskinstance.py:1159} INFO - Dependencies all met for <TaskInstance: dag_etl.rename_extracted_file scheduled__2023-05-01T00:00:00+00:00 [queued]>
[2023-05-04 05:12:31,121] {taskinstance.py:1159} INFO - Dependencies all met for <TaskInstance: dag_etl.rename_extracted_file scheduled__2023-05-01T00:00:00+00:00 [queued]>
[2023-05-04 05:12:31,126] {taskinstance.py:1356} INFO - 
--------------------------------------------------------------------------------
[2023-05-04 05:12:31,132] {taskinstance.py:1357} INFO - Starting attempt 1 of 6
[2023-05-04 05:12:31,140] {taskinstance.py:1358} INFO - 
--------------------------------------------------------------------------------
[2023-05-04 05:12:32,167] {taskinstance.py:1377} INFO - Executing <Task(_PythonDecoratedOperator): rename_extracted_file> on 2023-05-01 00:00:00+00:00
[2023-05-04 05:12:32,298] {standard_task_runner.py:52} INFO - Started process 917 to run task
[2023-05-04 05:12:32,437] {standard_task_runner.py:79} INFO - Running: ['***', 'tasks', 'run', 'dag_etl', 'rename_extracted_file', 'scheduled__2023-05-01T00:00:00+00:00', '--job-id', '943', '--raw', '--subdir', 'DAGS_FOLDER/dag_etl_taskflow.py', '--cfg-path', '/tmp/tmpacio2p01', '--error-file', '/tmp/tmpr__eza0v']
[2023-05-04 05:12:32,446] {standard_task_runner.py:80} INFO - Job 943: Subtask rename_extracted_file
[2023-05-04 05:12:34,795] {task_command.py:370} INFO - Running <TaskInstance: dag_etl.rename_extracted_file scheduled__2023-05-01T00:00:00+00:00 [running]> on host 295d97741f96
[2023-05-04 05:12:37,879] {taskinstance.py:1571} INFO - Exporting the following env vars:
AIRFLOW_CTX_DAG_OWNER=Victor
AIRFLOW_CTX_DAG_ID=dag_etl
AIRFLOW_CTX_TASK_ID=rename_extracted_file
AIRFLOW_CTX_EXECUTION_DATE=2023-05-01T00:00:00+00:00
AIRFLOW_CTX_TRY_NUMBER=1
AIRFLOW_CTX_DAG_RUN_ID=scheduled__2023-05-01T00:00:00+00:00
[2023-05-04 05:12:37,886] {python.py:173} INFO - Done. Returned value was: /opt/***/data
[2023-05-04 05:12:38,887] {taskinstance.py:1400} INFO - Marking task as SUCCESS. dag_id=dag_etl, task_id=rename_extracted_file, execution_date=20230501T000000, start_date=20230504T051230, end_date=20230504T051238
[2023-05-04 05:12:39,342] {local_task_job.py:156} INFO - Task exited with return code 0
[2023-05-04 05:12:40,068] {local_task_job.py:273} INFO - 7 downstream tasks scheduled from follow-on schedule check
