[2023-08-17 16:33:57,256] {taskinstance.py:1179} INFO - Dependencies all met for <TaskInstance: dag_etl.rename_extracted_file manual__2023-08-17T16:33:52.832316+00:00 [queued]>
[2023-08-17 16:33:57,264] {taskinstance.py:1179} INFO - Dependencies all met for <TaskInstance: dag_etl.rename_extracted_file manual__2023-08-17T16:33:52.832316+00:00 [queued]>
[2023-08-17 16:33:57,264] {taskinstance.py:1376} INFO - 
--------------------------------------------------------------------------------
[2023-08-17 16:33:57,264] {taskinstance.py:1377} INFO - Starting attempt 1 of 6
[2023-08-17 16:33:57,264] {taskinstance.py:1378} INFO - 
--------------------------------------------------------------------------------
[2023-08-17 16:33:57,274] {taskinstance.py:1397} INFO - Executing <Task(_PythonDecoratedOperator): rename_extracted_file> on 2023-08-17 16:33:52.832316+00:00
[2023-08-17 16:33:57,279] {standard_task_runner.py:52} INFO - Started process 1660 to run task
[2023-08-17 16:33:57,284] {standard_task_runner.py:79} INFO - Running: ['***', 'tasks', 'run', 'dag_etl', 'rename_extracted_file', 'manual__2023-08-17T16:33:52.832316+00:00', '--job-id', '23', '--raw', '--subdir', 'DAGS_FOLDER/dag_etl_taskflow.py', '--cfg-path', '/tmp/tmpaca9vddl', '--error-file', '/tmp/tmpeo4pmiy2']
[2023-08-17 16:33:57,285] {standard_task_runner.py:80} INFO - Job 23: Subtask rename_extracted_file
[2023-08-17 16:33:57,360] {task_command.py:371} INFO - Running <TaskInstance: dag_etl.rename_extracted_file manual__2023-08-17T16:33:52.832316+00:00 [running]> on host 1ea22a5e1d7f
[2023-08-17 16:33:57,445] {taskinstance.py:1591} INFO - Exporting the following env vars:
AIRFLOW_CTX_DAG_OWNER=Victor
AIRFLOW_CTX_DAG_ID=dag_etl
AIRFLOW_CTX_TASK_ID=rename_extracted_file
AIRFLOW_CTX_EXECUTION_DATE=2023-08-17T16:33:52.832316+00:00
AIRFLOW_CTX_TRY_NUMBER=1
AIRFLOW_CTX_DAG_RUN_ID=manual__2023-08-17T16:33:52.832316+00:00
[2023-08-17 16:33:57,446] {python.py:173} INFO - Done. Returned value was: /home/***
[2023-08-17 16:33:57,475] {taskinstance.py:1420} INFO - Marking task as SUCCESS. dag_id=dag_etl, task_id=rename_extracted_file, execution_date=20230817T163352, start_date=20230817T163357, end_date=20230817T163357
[2023-08-17 16:33:57,495] {local_task_job.py:156} INFO - Task exited with return code 0
[2023-08-17 16:33:57,548] {local_task_job.py:273} INFO - 7 downstream tasks scheduled from follow-on schedule check
