[2023-05-02 13:56:15,787] {taskinstance.py:1159} INFO - Dependencies all met for <TaskInstance: dag_etl.update_dim_tables manual__2023-05-02T13:55:16.904018+00:00 [queued]>
[2023-05-02 13:56:15,864] {taskinstance.py:1159} INFO - Dependencies all met for <TaskInstance: dag_etl.update_dim_tables manual__2023-05-02T13:55:16.904018+00:00 [queued]>
[2023-05-02 13:56:15,865] {taskinstance.py:1356} INFO - 
--------------------------------------------------------------------------------
[2023-05-02 13:56:15,867] {taskinstance.py:1357} INFO - Starting attempt 1 of 6
[2023-05-02 13:56:15,869] {taskinstance.py:1358} INFO - 
--------------------------------------------------------------------------------
[2023-05-02 13:56:15,991] {taskinstance.py:1377} INFO - Executing <Task(PostgresOperator): update_dim_tables> on 2023-05-02 13:55:16.904018+00:00
[2023-05-02 13:56:16,002] {standard_task_runner.py:52} INFO - Started process 1631 to run task
[2023-05-02 13:56:16,020] {standard_task_runner.py:79} INFO - Running: ['***', 'tasks', 'run', 'dag_etl', 'update_dim_tables', 'manual__2023-05-02T13:55:16.904018+00:00', '--job-id', '609', '--raw', '--subdir', 'DAGS_FOLDER/dag_etl_taskflow.py', '--cfg-path', '/tmp/tmpnuteyb2n', '--error-file', '/tmp/tmpyirxge65']
[2023-05-02 13:56:16,024] {standard_task_runner.py:80} INFO - Job 609: Subtask update_dim_tables
[2023-05-02 13:56:16,570] {task_command.py:370} INFO - Running <TaskInstance: dag_etl.update_dim_tables manual__2023-05-02T13:55:16.904018+00:00 [running]> on host 295d97741f96
[2023-05-02 13:56:17,371] {taskinstance.py:1571} INFO - Exporting the following env vars:
AIRFLOW_CTX_DAG_OWNER=Victor
AIRFLOW_CTX_DAG_ID=dag_etl
AIRFLOW_CTX_TASK_ID=update_dim_tables
AIRFLOW_CTX_EXECUTION_DATE=2023-05-02T13:55:16.904018+00:00
AIRFLOW_CTX_TRY_NUMBER=1
AIRFLOW_CTX_DAG_RUN_ID=manual__2023-05-02T13:55:16.904018+00:00
[2023-05-02 13:56:17,479] {base.py:68} INFO - Using connection ID 'postgres_conn' for task execution.
[2023-05-02 13:56:17,540] {dbapi.py:213} INFO - Running statement: 
            SET search_path TO dds;    
            
            --// Обновляем таблицы в dds сырыми таблицами из nds //--
            INSERT INTO dim_branch (branch)
            (SELECT branch FROM nds.dim_branch WHERE branch NOT IN (SELECT branch FROM dim_branch));
            INSERT INTO dim_city (city)
            (SELECT city FROM nds.dim_city WHERE city NOT IN (SELECT city FROM dim_city));
            INSERT INTO dim_customer_type (customer_type)
            (SELECT customer_type FROM nds.dim_customer_type WHERE customer_type NOT IN (SELECT customer_type FROM dim_customer_type));
            INSERT INTO dim_gender (gender)
            (SELECT gender FROM nds.dim_gender WHERE gender NOT IN (SELECT gender FROM dim_gender));
            INSERT INTO dim_product_line (product_line)
            (SELECT product_line FROM nds.dim_product_line WHERE product_line NOT IN (SELECT product_line FROM dim_product_line));
            INSERT INTO dim_payment (payment)
            (SELECT payment FROM nds.dim_payment WHERE payment NOT IN (SELECT payment FROM dim_payment));
             
            , parameters: None
[2023-05-02 13:56:17,597] {dbapi.py:221} INFO - Rows affected: 0
[2023-05-02 13:56:17,759] {taskinstance.py:1400} INFO - Marking task as SUCCESS. dag_id=dag_etl, task_id=update_dim_tables, execution_date=20230502T135516, start_date=20230502T135615, end_date=20230502T135617
[2023-05-02 13:56:17,886] {local_task_job.py:156} INFO - Task exited with return code 0
[2023-05-02 13:56:18,282] {local_task_job.py:273} INFO - 1 downstream tasks scheduled from follow-on schedule check
