[2023-08-17 16:39:03,931] {taskinstance.py:1179} INFO - Dependencies all met for <TaskInstance: dag_etl.sensor_s3_obj manual__2023-08-17T16:39:02.613613+00:00 [queued]>
[2023-08-17 16:39:03,937] {taskinstance.py:1179} INFO - Dependencies all met for <TaskInstance: dag_etl.sensor_s3_obj manual__2023-08-17T16:39:02.613613+00:00 [queued]>
[2023-08-17 16:39:03,938] {taskinstance.py:1376} INFO - 
--------------------------------------------------------------------------------
[2023-08-17 16:39:03,938] {taskinstance.py:1377} INFO - Starting attempt 1 of 6
[2023-08-17 16:39:03,938] {taskinstance.py:1378} INFO - 
--------------------------------------------------------------------------------
[2023-08-17 16:39:03,948] {taskinstance.py:1397} INFO - Executing <Task(S3KeySensor): sensor_s3_obj> on 2023-08-17 16:39:02.613613+00:00
[2023-08-17 16:39:03,953] {standard_task_runner.py:52} INFO - Started process 1929 to run task
[2023-08-17 16:39:03,957] {standard_task_runner.py:79} INFO - Running: ['***', 'tasks', 'run', 'dag_etl', 'sensor_s3_obj', 'manual__2023-08-17T16:39:02.613613+00:00', '--job-id', '31', '--raw', '--subdir', 'DAGS_FOLDER/dag_etl_taskflow.py', '--cfg-path', '/tmp/tmplp3_2q8w', '--error-file', '/tmp/tmpma4mnhhx']
[2023-08-17 16:39:03,958] {standard_task_runner.py:80} INFO - Job 31: Subtask sensor_s3_obj
[2023-08-17 16:39:04,031] {task_command.py:371} INFO - Running <TaskInstance: dag_etl.sensor_s3_obj manual__2023-08-17T16:39:02.613613+00:00 [running]> on host 1ea22a5e1d7f
[2023-08-17 16:39:04,105] {taskinstance.py:1591} INFO - Exporting the following env vars:
AIRFLOW_CTX_DAG_OWNER=Victor
AIRFLOW_CTX_DAG_ID=dag_etl
AIRFLOW_CTX_TASK_ID=sensor_s3_obj
AIRFLOW_CTX_EXECUTION_DATE=2023-08-17T16:39:02.613613+00:00
AIRFLOW_CTX_TRY_NUMBER=1
AIRFLOW_CTX_DAG_RUN_ID=manual__2023-08-17T16:39:02.613613+00:00
[2023-08-17 16:39:04,107] {s3.py:104} INFO - Poking for key : s3://raw/raw.csv
[2023-08-17 16:39:04,119] {base.py:68} INFO - Using connection ID 'minio_conn' for task execution.
[2023-08-17 16:39:04,120] {base_aws.py:210} INFO - Credentials retrieved from extra_config
[2023-08-17 16:39:04,414] {base.py:301} INFO - Success criteria met. Exiting.
[2023-08-17 16:39:04,428] {taskinstance.py:1420} INFO - Marking task as SUCCESS. dag_id=dag_etl, task_id=sensor_s3_obj, execution_date=20230817T163902, start_date=20230817T163903, end_date=20230817T163904
[2023-08-17 16:39:04,460] {local_task_job.py:156} INFO - Task exited with return code 0
[2023-08-17 16:39:04,510] {local_task_job.py:273} INFO - 2 downstream tasks scheduled from follow-on schedule check
