[2023-05-02 15:03:32,321] {taskinstance.py:1159} INFO - Dependencies all met for <TaskInstance: dag_etl_date.sensor_s3_obj scheduled__2023-04-30T00:00:00+00:00 [queued]>
[2023-05-02 15:03:32,757] {taskinstance.py:1159} INFO - Dependencies all met for <TaskInstance: dag_etl_date.sensor_s3_obj scheduled__2023-04-30T00:00:00+00:00 [queued]>
[2023-05-02 15:03:32,774] {taskinstance.py:1356} INFO - 
--------------------------------------------------------------------------------
[2023-05-02 15:03:32,777] {taskinstance.py:1357} INFO - Starting attempt 1 of 6
[2023-05-02 15:03:32,789] {taskinstance.py:1358} INFO - 
--------------------------------------------------------------------------------
[2023-05-02 15:03:33,571] {taskinstance.py:1377} INFO - Executing <Task(S3KeySensor): sensor_s3_obj> on 2023-04-30 00:00:00+00:00
[2023-05-02 15:03:33,613] {standard_task_runner.py:52} INFO - Started process 453 to run task
[2023-05-02 15:03:33,701] {standard_task_runner.py:79} INFO - Running: ['***', 'tasks', 'run', 'dag_etl_date', 'sensor_s3_obj', 'scheduled__2023-04-30T00:00:00+00:00', '--job-id', '622', '--raw', '--subdir', 'DAGS_FOLDER/dag_etl_taskflow_date.py', '--cfg-path', '/tmp/tmp_8vpd_mg', '--error-file', '/tmp/tmpa2fvamrn']
[2023-05-02 15:03:33,735] {standard_task_runner.py:80} INFO - Job 622: Subtask sensor_s3_obj
[2023-05-02 15:03:35,886] {task_command.py:370} INFO - Running <TaskInstance: dag_etl_date.sensor_s3_obj scheduled__2023-04-30T00:00:00+00:00 [running]> on host 295d97741f96
[2023-05-02 15:03:40,831] {taskinstance.py:1571} INFO - Exporting the following env vars:
AIRFLOW_CTX_DAG_OWNER=Victor
AIRFLOW_CTX_DAG_ID=dag_etl_date
AIRFLOW_CTX_TASK_ID=sensor_s3_obj
AIRFLOW_CTX_EXECUTION_DATE=2023-04-30T00:00:00+00:00
AIRFLOW_CTX_TRY_NUMBER=1
AIRFLOW_CTX_DAG_RUN_ID=scheduled__2023-04-30T00:00:00+00:00
[2023-05-02 15:03:40,846] {s3.py:104} INFO - Poking for key : s3://raw/supermarket_sales.csv
[2023-05-02 15:03:41,087] {base.py:68} INFO - Using connection ID 'minio_conn' for task execution.
[2023-05-02 15:03:41,098] {base_aws.py:206} INFO - Credentials retrieved from login
[2023-05-02 15:03:44,838] {base.py:301} INFO - Success criteria met. Exiting.
[2023-05-02 15:03:48,328] {taskinstance.py:1400} INFO - Marking task as SUCCESS. dag_id=dag_etl_date, task_id=sensor_s3_obj, execution_date=20230430T000000, start_date=20230502T150332, end_date=20230502T150348
[2023-05-02 15:03:48,712] {local_task_job.py:156} INFO - Task exited with return code 0
[2023-05-02 15:03:50,380] {local_task_job.py:273} INFO - 1 downstream tasks scheduled from follow-on schedule check
