[2023-05-04 05:08:16,720] {taskinstance.py:1159} INFO - Dependencies all met for <TaskInstance: dag_etl.dim_customer_type scheduled__2023-05-03T00:00:00+00:00 [queued]>
[2023-05-04 05:08:17,354] {taskinstance.py:1159} INFO - Dependencies all met for <TaskInstance: dag_etl.dim_customer_type scheduled__2023-05-03T00:00:00+00:00 [queued]>
[2023-05-04 05:08:17,356] {taskinstance.py:1356} INFO - 
--------------------------------------------------------------------------------
[2023-05-04 05:08:17,358] {taskinstance.py:1357} INFO - Starting attempt 1 of 6
[2023-05-04 05:08:17,376] {taskinstance.py:1358} INFO - 
--------------------------------------------------------------------------------
[2023-05-04 05:08:19,075] {taskinstance.py:1377} INFO - Executing <Task(_PythonDecoratedOperator): dim_customer_type> on 2023-05-03 00:00:00+00:00
[2023-05-04 05:08:19,451] {standard_task_runner.py:79} INFO - Running: ['***', 'tasks', 'run', 'dag_etl', 'dim_customer_type', 'scheduled__2023-05-03T00:00:00+00:00', '--job-id', '914', '--raw', '--subdir', 'DAGS_FOLDER/dag_etl_taskflow.py', '--cfg-path', '/tmp/tmp3bp6vo3t', '--error-file', '/tmp/tmp3ytv9fwa']
[2023-05-04 05:08:19,468] {standard_task_runner.py:80} INFO - Job 914: Subtask dim_customer_type
[2023-05-04 05:08:19,403] {standard_task_runner.py:52} INFO - Started process 482 to run task
[2023-05-04 05:08:23,636] {task_command.py:370} INFO - Running <TaskInstance: dag_etl.dim_customer_type scheduled__2023-05-03T00:00:00+00:00 [running]> on host 295d97741f96
[2023-05-04 05:08:30,942] {taskinstance.py:1571} INFO - Exporting the following env vars:
AIRFLOW_CTX_DAG_OWNER=Victor
AIRFLOW_CTX_DAG_ID=dag_etl
AIRFLOW_CTX_TASK_ID=dim_customer_type
AIRFLOW_CTX_EXECUTION_DATE=2023-05-03T00:00:00+00:00
AIRFLOW_CTX_TRY_NUMBER=1
AIRFLOW_CTX_DAG_RUN_ID=scheduled__2023-05-03T00:00:00+00:00
[2023-05-04 05:08:33,451] {base.py:68} INFO - Using connection ID 'postgres_conn' for task execution.
[2023-05-04 05:08:34,676] {python.py:173} INFO - Done. Returned value was: None
[2023-05-04 05:08:37,203] {taskinstance.py:1400} INFO - Marking task as SUCCESS. dag_id=dag_etl, task_id=dim_customer_type, execution_date=20230503T000000, start_date=20230504T050816, end_date=20230504T050837
[2023-05-04 05:08:40,025] {local_task_job.py:156} INFO - Task exited with return code 0
[2023-05-04 05:08:41,470] {local_task_job.py:273} INFO - 0 downstream tasks scheduled from follow-on schedule check
[2023-05-04 05:13:00,243] {taskinstance.py:1159} INFO - Dependencies all met for <TaskInstance: dag_etl.dim_customer_type scheduled__2023-05-03T00:00:00+00:00 [queued]>
[2023-05-04 05:13:00,883] {taskinstance.py:1159} INFO - Dependencies all met for <TaskInstance: dag_etl.dim_customer_type scheduled__2023-05-03T00:00:00+00:00 [queued]>
[2023-05-04 05:13:00,887] {taskinstance.py:1356} INFO - 
--------------------------------------------------------------------------------
[2023-05-04 05:13:00,890] {taskinstance.py:1357} INFO - Starting attempt 1 of 6
[2023-05-04 05:13:00,894] {taskinstance.py:1358} INFO - 
--------------------------------------------------------------------------------
[2023-05-04 05:13:01,219] {taskinstance.py:1377} INFO - Executing <Task(_PythonDecoratedOperator): dim_customer_type> on 2023-05-03 00:00:00+00:00
[2023-05-04 05:13:01,332] {standard_task_runner.py:52} INFO - Started process 990 to run task
[2023-05-04 05:13:01,446] {standard_task_runner.py:79} INFO - Running: ['***', 'tasks', 'run', 'dag_etl', 'dim_customer_type', 'scheduled__2023-05-03T00:00:00+00:00', '--job-id', '950', '--raw', '--subdir', 'DAGS_FOLDER/dag_etl_taskflow.py', '--cfg-path', '/tmp/tmpt7i9odmr', '--error-file', '/tmp/tmpnv3i9gq9']
[2023-05-04 05:13:01,454] {standard_task_runner.py:80} INFO - Job 950: Subtask dim_customer_type
[2023-05-04 05:13:03,512] {task_command.py:370} INFO - Running <TaskInstance: dag_etl.dim_customer_type scheduled__2023-05-03T00:00:00+00:00 [running]> on host 295d97741f96
[2023-05-04 05:13:06,984] {taskinstance.py:1571} INFO - Exporting the following env vars:
AIRFLOW_CTX_DAG_OWNER=Victor
AIRFLOW_CTX_DAG_ID=dag_etl
AIRFLOW_CTX_TASK_ID=dim_customer_type
AIRFLOW_CTX_EXECUTION_DATE=2023-05-03T00:00:00+00:00
AIRFLOW_CTX_TRY_NUMBER=1
AIRFLOW_CTX_DAG_RUN_ID=scheduled__2023-05-03T00:00:00+00:00
[2023-05-04 05:13:09,603] {base.py:68} INFO - Using connection ID 'postgres_conn' for task execution.
[2023-05-04 05:13:12,062] {python.py:173} INFO - Done. Returned value was: None
[2023-05-04 05:13:17,681] {taskinstance.py:1400} INFO - Marking task as SUCCESS. dag_id=dag_etl, task_id=dim_customer_type, execution_date=20230503T000000, start_date=20230504T051300, end_date=20230504T051317
[2023-05-04 05:13:19,238] {local_task_job.py:156} INFO - Task exited with return code 0
[2023-05-04 05:13:21,560] {local_task_job.py:273} INFO - 0 downstream tasks scheduled from follow-on schedule check
