[2023-05-02 10:34:51,356] {taskinstance.py:1159} INFO - Dependencies all met for <TaskInstance: dag_etl.dim_customer_type scheduled__2023-04-30T00:00:00+00:00 [queued]>
[2023-05-02 10:34:51,767] {taskinstance.py:1159} INFO - Dependencies all met for <TaskInstance: dag_etl.dim_customer_type scheduled__2023-04-30T00:00:00+00:00 [queued]>
[2023-05-02 10:34:51,776] {taskinstance.py:1356} INFO - 
--------------------------------------------------------------------------------
[2023-05-02 10:34:51,783] {taskinstance.py:1357} INFO - Starting attempt 1 of 6
[2023-05-02 10:34:51,785] {taskinstance.py:1358} INFO - 
--------------------------------------------------------------------------------
[2023-05-02 10:34:52,409] {taskinstance.py:1377} INFO - Executing <Task(_PythonDecoratedOperator): dim_customer_type> on 2023-04-30 00:00:00+00:00
[2023-05-02 10:34:52,478] {standard_task_runner.py:52} INFO - Started process 703 to run task
[2023-05-02 10:34:52,522] {standard_task_runner.py:79} INFO - Running: ['***', 'tasks', 'run', 'dag_etl', 'dim_customer_type', 'scheduled__2023-04-30T00:00:00+00:00', '--job-id', '407', '--raw', '--subdir', 'DAGS_FOLDER/dag_etl_taskflow.py', '--cfg-path', '/tmp/tmp13tglm6u', '--error-file', '/tmp/tmpg1r9p362']
[2023-05-02 10:34:52,538] {standard_task_runner.py:80} INFO - Job 407: Subtask dim_customer_type
[2023-05-02 10:34:53,839] {task_command.py:370} INFO - Running <TaskInstance: dag_etl.dim_customer_type scheduled__2023-04-30T00:00:00+00:00 [running]> on host 295d97741f96
[2023-05-02 10:34:56,225] {taskinstance.py:1571} INFO - Exporting the following env vars:
AIRFLOW_CTX_DAG_OWNER=Victor
AIRFLOW_CTX_DAG_ID=dag_etl
AIRFLOW_CTX_TASK_ID=dim_customer_type
AIRFLOW_CTX_EXECUTION_DATE=2023-04-30T00:00:00+00:00
AIRFLOW_CTX_TRY_NUMBER=1
AIRFLOW_CTX_DAG_RUN_ID=scheduled__2023-04-30T00:00:00+00:00
[2023-05-02 10:34:57,055] {base.py:68} INFO - Using connection ID 'postgres_conn' for task execution.
[2023-05-02 10:34:57,424] {python.py:173} INFO - Done. Returned value was: None
[2023-05-02 10:34:58,623] {taskinstance.py:1400} INFO - Marking task as SUCCESS. dag_id=dag_etl, task_id=dim_customer_type, execution_date=20230430T000000, start_date=20230502T103451, end_date=20230502T103458
[2023-05-02 10:34:59,388] {local_task_job.py:156} INFO - Task exited with return code 0
[2023-05-02 10:35:01,305] {local_task_job.py:273} INFO - 0 downstream tasks scheduled from follow-on schedule check
