[2023-04-30 18:04:31,794] {taskinstance.py:1159} INFO - Dependencies all met for <TaskInstance: dag_etl.dim_branch manual__2023-04-30T18:03:01.890216+00:00 [queued]>
[2023-04-30 18:04:32,312] {taskinstance.py:1159} INFO - Dependencies all met for <TaskInstance: dag_etl.dim_branch manual__2023-04-30T18:03:01.890216+00:00 [queued]>
[2023-04-30 18:04:32,320] {taskinstance.py:1356} INFO - 
--------------------------------------------------------------------------------
[2023-04-30 18:04:32,329] {taskinstance.py:1357} INFO - Starting attempt 1 of 6
[2023-04-30 18:04:32,337] {taskinstance.py:1358} INFO - 
--------------------------------------------------------------------------------
[2023-04-30 18:04:33,180] {taskinstance.py:1377} INFO - Executing <Task(_PythonDecoratedOperator): dim_branch> on 2023-04-30 18:03:01.890216+00:00
[2023-04-30 18:04:33,208] {standard_task_runner.py:52} INFO - Started process 1543 to run task
[2023-04-30 18:04:33,318] {standard_task_runner.py:79} INFO - Running: ['***', 'tasks', 'run', 'dag_etl', 'dim_branch', 'manual__2023-04-30T18:03:01.890216+00:00', '--job-id', '358', '--raw', '--subdir', 'DAGS_FOLDER/dag_etl_taskflow.py', '--cfg-path', '/tmp/tmpiaosj0el', '--error-file', '/tmp/tmpdigbzexj']
[2023-04-30 18:04:33,377] {standard_task_runner.py:80} INFO - Job 358: Subtask dim_branch
[2023-04-30 18:04:35,451] {task_command.py:370} INFO - Running <TaskInstance: dag_etl.dim_branch manual__2023-04-30T18:03:01.890216+00:00 [running]> on host 295d97741f96
[2023-04-30 18:04:56,427] {taskinstance.py:1571} INFO - Exporting the following env vars:
AIRFLOW_CTX_DAG_OWNER=Victor
AIRFLOW_CTX_DAG_ID=dag_etl
AIRFLOW_CTX_TASK_ID=dim_branch
AIRFLOW_CTX_EXECUTION_DATE=2023-04-30T18:03:01.890216+00:00
AIRFLOW_CTX_TRY_NUMBER=1
AIRFLOW_CTX_DAG_RUN_ID=manual__2023-04-30T18:03:01.890216+00:00
[2023-04-30 18:04:59,053] {base.py:68} INFO - Using connection ID 'postgres_conn' for task execution.
[2023-04-30 18:05:01,194] {python.py:173} INFO - Done. Returned value was: None
[2023-04-30 18:05:07,580] {taskinstance.py:1400} INFO - Marking task as SUCCESS. dag_id=dag_etl, task_id=dim_branch, execution_date=20230430T180301, start_date=20230430T180431, end_date=20230430T180507
[2023-04-30 18:05:08,112] {local_task_job.py:156} INFO - Task exited with return code 0
[2023-04-30 18:05:11,467] {local_task_job.py:273} INFO - 0 downstream tasks scheduled from follow-on schedule check
