[2023-04-30 12:04:35,136] {taskinstance.py:1159} INFO - Dependencies all met for <TaskInstance: dag_etl.dim_customer_type manual__2023-04-30T12:03:10.806501+00:00 [queued]>
[2023-04-30 12:04:35,327] {taskinstance.py:1159} INFO - Dependencies all met for <TaskInstance: dag_etl.dim_customer_type manual__2023-04-30T12:03:10.806501+00:00 [queued]>
[2023-04-30 12:04:35,329] {taskinstance.py:1356} INFO - 
--------------------------------------------------------------------------------
[2023-04-30 12:04:35,330] {taskinstance.py:1357} INFO - Starting attempt 1 of 6
[2023-04-30 12:04:35,331] {taskinstance.py:1358} INFO - 
--------------------------------------------------------------------------------
[2023-04-30 12:04:35,657] {taskinstance.py:1377} INFO - Executing <Task(_PythonDecoratedOperator): dim_customer_type> on 2023-04-30 12:03:10.806501+00:00
[2023-04-30 12:04:35,735] {standard_task_runner.py:52} INFO - Started process 1119 to run task
[2023-04-30 12:04:35,783] {standard_task_runner.py:79} INFO - Running: ['***', 'tasks', 'run', 'dag_etl', 'dim_customer_type', 'manual__2023-04-30T12:03:10.806501+00:00', '--job-id', '290', '--raw', '--subdir', 'DAGS_FOLDER/dag_etl_taskflow.py', '--cfg-path', '/tmp/tmpptei275k', '--error-file', '/tmp/tmppbu57iku']
[2023-04-30 12:04:35,813] {standard_task_runner.py:80} INFO - Job 290: Subtask dim_customer_type
[2023-04-30 12:04:37,106] {task_command.py:370} INFO - Running <TaskInstance: dag_etl.dim_customer_type manual__2023-04-30T12:03:10.806501+00:00 [running]> on host 295d97741f96
[2023-04-30 12:04:42,175] {taskinstance.py:1571} INFO - Exporting the following env vars:
AIRFLOW_CTX_DAG_OWNER=Victor
AIRFLOW_CTX_DAG_ID=dag_etl
AIRFLOW_CTX_TASK_ID=dim_customer_type
AIRFLOW_CTX_EXECUTION_DATE=2023-04-30T12:03:10.806501+00:00
AIRFLOW_CTX_TRY_NUMBER=1
AIRFLOW_CTX_DAG_RUN_ID=manual__2023-04-30T12:03:10.806501+00:00
[2023-04-30 12:04:43,483] {base.py:68} INFO - Using connection ID 'postgres_conn' for task execution.
[2023-04-30 12:04:44,682] {python.py:173} INFO - Done. Returned value was: None
[2023-04-30 12:04:46,792] {taskinstance.py:1400} INFO - Marking task as SUCCESS. dag_id=dag_etl, task_id=dim_customer_type, execution_date=20230430T120310, start_date=20230430T120435, end_date=20230430T120446
[2023-04-30 12:04:47,243] {local_task_job.py:156} INFO - Task exited with return code 0
[2023-04-30 12:04:48,472] {local_task_job.py:273} INFO - 1 downstream tasks scheduled from follow-on schedule check
