[2023-05-02 15:32:40,693] {taskinstance.py:1159} INFO - Dependencies all met for <TaskInstance: dag_etl_date.dim_branch manual__2023-05-02T15:32:12.652181+00:00 [queued]>
[2023-05-02 15:32:40,809] {taskinstance.py:1159} INFO - Dependencies all met for <TaskInstance: dag_etl_date.dim_branch manual__2023-05-02T15:32:12.652181+00:00 [queued]>
[2023-05-02 15:32:40,811] {taskinstance.py:1356} INFO - 
--------------------------------------------------------------------------------
[2023-05-02 15:32:40,812] {taskinstance.py:1357} INFO - Starting attempt 1 of 6
[2023-05-02 15:32:40,813] {taskinstance.py:1358} INFO - 
--------------------------------------------------------------------------------
[2023-05-02 15:32:41,047] {taskinstance.py:1377} INFO - Executing <Task(_PythonDecoratedOperator): dim_branch> on 2023-05-02 15:32:12.652181+00:00
[2023-05-02 15:32:41,082] {standard_task_runner.py:52} INFO - Started process 612 to run task
[2023-05-02 15:32:41,106] {standard_task_runner.py:79} INFO - Running: ['***', 'tasks', 'run', 'dag_etl_date', 'dim_branch', 'manual__2023-05-02T15:32:12.652181+00:00', '--job-id', '723', '--raw', '--subdir', 'DAGS_FOLDER/dag_etl_taskflow_date.py', '--cfg-path', '/tmp/tmp9twgykv6', '--error-file', '/tmp/tmpc56ad3f0']
[2023-05-02 15:32:41,110] {standard_task_runner.py:80} INFO - Job 723: Subtask dim_branch
[2023-05-02 15:32:41,924] {task_command.py:370} INFO - Running <TaskInstance: dag_etl_date.dim_branch manual__2023-05-02T15:32:12.652181+00:00 [running]> on host 295d97741f96
[2023-05-02 15:32:47,846] {taskinstance.py:1571} INFO - Exporting the following env vars:
AIRFLOW_CTX_DAG_OWNER=Victor
AIRFLOW_CTX_DAG_ID=dag_etl_date
AIRFLOW_CTX_TASK_ID=dim_branch
AIRFLOW_CTX_EXECUTION_DATE=2023-05-02T15:32:12.652181+00:00
AIRFLOW_CTX_TRY_NUMBER=1
AIRFLOW_CTX_DAG_RUN_ID=manual__2023-05-02T15:32:12.652181+00:00
[2023-05-02 15:32:49,459] {base.py:68} INFO - Using connection ID 'postgres_conn' for task execution.
[2023-05-02 15:32:50,307] {python.py:173} INFO - Done. Returned value was: None
[2023-05-02 15:32:51,460] {taskinstance.py:1400} INFO - Marking task as SUCCESS. dag_id=dag_etl_date, task_id=dim_branch, execution_date=20230502T153212, start_date=20230502T153240, end_date=20230502T153251
[2023-05-02 15:32:51,803] {local_task_job.py:156} INFO - Task exited with return code 0
[2023-05-02 15:32:53,473] {local_task_job.py:273} INFO - 0 downstream tasks scheduled from follow-on schedule check
