[2023-05-03 18:44:25,453] {taskinstance.py:1159} INFO - Dependencies all met for <TaskInstance: dag_etl.dim_branch manual__2023-05-03T18:43:51.079238+00:00 [queued]>
[2023-05-03 18:44:25,651] {taskinstance.py:1159} INFO - Dependencies all met for <TaskInstance: dag_etl.dim_branch manual__2023-05-03T18:43:51.079238+00:00 [queued]>
[2023-05-03 18:44:25,653] {taskinstance.py:1356} INFO - 
--------------------------------------------------------------------------------
[2023-05-03 18:44:25,654] {taskinstance.py:1357} INFO - Starting attempt 1 of 6
[2023-05-03 18:44:25,655] {taskinstance.py:1358} INFO - 
--------------------------------------------------------------------------------
[2023-05-03 18:44:25,965] {taskinstance.py:1377} INFO - Executing <Task(_PythonDecoratedOperator): dim_branch> on 2023-05-03 18:43:51.079238+00:00
[2023-05-03 18:44:25,989] {standard_task_runner.py:52} INFO - Started process 1224 to run task
[2023-05-03 18:44:26,004] {standard_task_runner.py:79} INFO - Running: ['***', 'tasks', 'run', 'dag_etl', 'dim_branch', 'manual__2023-05-03T18:43:51.079238+00:00', '--job-id', '873', '--raw', '--subdir', 'DAGS_FOLDER/dag_etl_taskflow.py', '--cfg-path', '/tmp/tmpizc1nhzs', '--error-file', '/tmp/tmpr5dsh7x8']
[2023-05-03 18:44:26,008] {standard_task_runner.py:80} INFO - Job 873: Subtask dim_branch
[2023-05-03 18:44:26,671] {task_command.py:370} INFO - Running <TaskInstance: dag_etl.dim_branch manual__2023-05-03T18:43:51.079238+00:00 [running]> on host 295d97741f96
[2023-05-03 18:44:30,001] {taskinstance.py:1571} INFO - Exporting the following env vars:
AIRFLOW_CTX_DAG_OWNER=Victor
AIRFLOW_CTX_DAG_ID=dag_etl
AIRFLOW_CTX_TASK_ID=dim_branch
AIRFLOW_CTX_EXECUTION_DATE=2023-05-03T18:43:51.079238+00:00
AIRFLOW_CTX_TRY_NUMBER=1
AIRFLOW_CTX_DAG_RUN_ID=manual__2023-05-03T18:43:51.079238+00:00
[2023-05-03 18:44:31,121] {base.py:68} INFO - Using connection ID 'postgres_conn' for task execution.
[2023-05-03 18:44:32,248] {python.py:173} INFO - Done. Returned value was: None
[2023-05-03 18:44:33,606] {taskinstance.py:1400} INFO - Marking task as SUCCESS. dag_id=dag_etl, task_id=dim_branch, execution_date=20230503T184351, start_date=20230503T184425, end_date=20230503T184433
[2023-05-03 18:44:34,402] {local_task_job.py:156} INFO - Task exited with return code 0
[2023-05-03 18:44:37,332] {local_task_job.py:273} INFO - 0 downstream tasks scheduled from follow-on schedule check
