[2023-04-30 07:03:22,819] {taskinstance.py:1159} INFO - Dependencies all met for <TaskInstance: dag_etl.dim_branch manual__2023-04-30T07:01:56.678142+00:00 [queued]>
[2023-04-30 07:03:23,525] {taskinstance.py:1159} INFO - Dependencies all met for <TaskInstance: dag_etl.dim_branch manual__2023-04-30T07:01:56.678142+00:00 [queued]>
[2023-04-30 07:03:23,529] {taskinstance.py:1356} INFO - 
--------------------------------------------------------------------------------
[2023-04-30 07:03:23,536] {taskinstance.py:1357} INFO - Starting attempt 1 of 6
[2023-04-30 07:03:23,545] {taskinstance.py:1358} INFO - 
--------------------------------------------------------------------------------
[2023-04-30 07:03:24,728] {taskinstance.py:1377} INFO - Executing <Task(_PythonDecoratedOperator): dim_branch> on 2023-04-30 07:01:56.678142+00:00
[2023-04-30 07:03:24,831] {standard_task_runner.py:52} INFO - Started process 963 to run task
[2023-04-30 07:03:24,901] {standard_task_runner.py:79} INFO - Running: ['***', 'tasks', 'run', 'dag_etl', 'dim_branch', 'manual__2023-04-30T07:01:56.678142+00:00', '--job-id', '60', '--raw', '--subdir', 'DAGS_FOLDER/dag_etl_taskflow.py', '--cfg-path', '/tmp/tmpr0ub_bnc', '--error-file', '/tmp/tmpa9_p9ior']
[2023-04-30 07:03:24,927] {standard_task_runner.py:80} INFO - Job 60: Subtask dim_branch
[2023-04-30 07:03:26,682] {task_command.py:370} INFO - Running <TaskInstance: dag_etl.dim_branch manual__2023-04-30T07:01:56.678142+00:00 [running]> on host 295d97741f96
[2023-04-30 07:03:30,174] {taskinstance.py:1571} INFO - Exporting the following env vars:
AIRFLOW_CTX_DAG_OWNER=Victor
AIRFLOW_CTX_DAG_ID=dag_etl
AIRFLOW_CTX_TASK_ID=dim_branch
AIRFLOW_CTX_EXECUTION_DATE=2023-04-30T07:01:56.678142+00:00
AIRFLOW_CTX_TRY_NUMBER=1
AIRFLOW_CTX_DAG_RUN_ID=manual__2023-04-30T07:01:56.678142+00:00
[2023-04-30 07:03:31,938] {base.py:68} INFO - Using connection ID 'postgres_conn' for task execution.
[2023-04-30 07:03:32,773] {python.py:173} INFO - Done. Returned value was: None
[2023-04-30 07:03:39,058] {taskinstance.py:1400} INFO - Marking task as SUCCESS. dag_id=dag_etl, task_id=dim_branch, execution_date=20230430T070156, start_date=20230430T070322, end_date=20230430T070339
[2023-04-30 07:03:39,740] {local_task_job.py:156} INFO - Task exited with return code 0
[2023-04-30 07:03:45,476] {local_task_job.py:273} INFO - 0 downstream tasks scheduled from follow-on schedule check
