[2023-05-02 13:55:53,761] {taskinstance.py:1159} INFO - Dependencies all met for <TaskInstance: dag_etl.dim_city manual__2023-05-02T13:55:16.904018+00:00 [queued]>
[2023-05-02 13:55:54,029] {taskinstance.py:1159} INFO - Dependencies all met for <TaskInstance: dag_etl.dim_city manual__2023-05-02T13:55:16.904018+00:00 [queued]>
[2023-05-02 13:55:54,030] {taskinstance.py:1356} INFO - 
--------------------------------------------------------------------------------
[2023-05-02 13:55:54,032] {taskinstance.py:1357} INFO - Starting attempt 1 of 6
[2023-05-02 13:55:54,033] {taskinstance.py:1358} INFO - 
--------------------------------------------------------------------------------
[2023-05-02 13:55:54,409] {taskinstance.py:1377} INFO - Executing <Task(_PythonDecoratedOperator): dim_city> on 2023-05-02 13:55:16.904018+00:00
[2023-05-02 13:55:54,447] {standard_task_runner.py:52} INFO - Started process 1592 to run task
[2023-05-02 13:55:54,481] {standard_task_runner.py:79} INFO - Running: ['***', 'tasks', 'run', 'dag_etl', 'dim_city', 'manual__2023-05-02T13:55:16.904018+00:00', '--job-id', '602', '--raw', '--subdir', 'DAGS_FOLDER/dag_etl_taskflow.py', '--cfg-path', '/tmp/tmpdwqofwsy', '--error-file', '/tmp/tmp6r603ed4']
[2023-05-02 13:55:54,522] {standard_task_runner.py:80} INFO - Job 602: Subtask dim_city
[2023-05-02 13:55:55,647] {task_command.py:370} INFO - Running <TaskInstance: dag_etl.dim_city manual__2023-05-02T13:55:16.904018+00:00 [running]> on host 295d97741f96
[2023-05-02 13:55:58,606] {taskinstance.py:1571} INFO - Exporting the following env vars:
AIRFLOW_CTX_DAG_OWNER=Victor
AIRFLOW_CTX_DAG_ID=dag_etl
AIRFLOW_CTX_TASK_ID=dim_city
AIRFLOW_CTX_EXECUTION_DATE=2023-05-02T13:55:16.904018+00:00
AIRFLOW_CTX_TRY_NUMBER=1
AIRFLOW_CTX_DAG_RUN_ID=manual__2023-05-02T13:55:16.904018+00:00
[2023-05-02 13:55:59,739] {base.py:68} INFO - Using connection ID 'postgres_conn' for task execution.
[2023-05-02 13:56:00,694] {python.py:173} INFO - Done. Returned value was: None
[2023-05-02 13:56:01,342] {taskinstance.py:1400} INFO - Marking task as SUCCESS. dag_id=dag_etl, task_id=dim_city, execution_date=20230502T135516, start_date=20230502T135553, end_date=20230502T135601
[2023-05-02 13:56:01,672] {local_task_job.py:156} INFO - Task exited with return code 0
[2023-05-02 13:56:03,651] {local_task_job.py:273} INFO - 0 downstream tasks scheduled from follow-on schedule check
