[2023-04-30 18:05:55,893] {taskinstance.py:1159} INFO - Dependencies all met for <TaskInstance: dag_etl.fact_stage manual__2023-04-30T18:03:01.890216+00:00 [queued]>
[2023-04-30 18:05:56,118] {taskinstance.py:1159} INFO - Dependencies all met for <TaskInstance: dag_etl.fact_stage manual__2023-04-30T18:03:01.890216+00:00 [queued]>
[2023-04-30 18:05:56,120] {taskinstance.py:1356} INFO - 
--------------------------------------------------------------------------------
[2023-04-30 18:05:56,122] {taskinstance.py:1357} INFO - Starting attempt 1 of 6
[2023-04-30 18:05:56,124] {taskinstance.py:1358} INFO - 
--------------------------------------------------------------------------------
[2023-04-30 18:05:56,446] {taskinstance.py:1377} INFO - Executing <Task(_PythonDecoratedOperator): fact_stage> on 2023-04-30 18:03:01.890216+00:00
[2023-04-30 18:05:56,495] {standard_task_runner.py:52} INFO - Started process 1652 to run task
[2023-04-30 18:05:56,507] {standard_task_runner.py:79} INFO - Running: ['***', 'tasks', 'run', 'dag_etl', 'fact_stage', 'manual__2023-04-30T18:03:01.890216+00:00', '--job-id', '366', '--raw', '--subdir', 'DAGS_FOLDER/dag_etl_taskflow.py', '--cfg-path', '/tmp/tmpmzycqf1g', '--error-file', '/tmp/tmp2ztqtakx']
[2023-04-30 18:05:56,527] {standard_task_runner.py:80} INFO - Job 366: Subtask fact_stage
[2023-04-30 18:05:57,902] {task_command.py:370} INFO - Running <TaskInstance: dag_etl.fact_stage manual__2023-04-30T18:03:01.890216+00:00 [running]> on host 295d97741f96
[2023-04-30 18:06:00,679] {taskinstance.py:1571} INFO - Exporting the following env vars:
AIRFLOW_CTX_DAG_OWNER=Victor
AIRFLOW_CTX_DAG_ID=dag_etl
AIRFLOW_CTX_TASK_ID=fact_stage
AIRFLOW_CTX_EXECUTION_DATE=2023-04-30T18:03:01.890216+00:00
AIRFLOW_CTX_TRY_NUMBER=1
AIRFLOW_CTX_DAG_RUN_ID=manual__2023-04-30T18:03:01.890216+00:00
[2023-04-30 18:06:01,073] {base.py:68} INFO - Using connection ID 'postgres_conn' for task execution.
[2023-04-30 18:06:02,082] {base.py:68} INFO - Using connection ID 'postgres_conn' for task execution.
[2023-04-30 18:06:05,792] {python.py:173} INFO - Done. Returned value was: None
[2023-04-30 18:06:06,145] {taskinstance.py:1400} INFO - Marking task as SUCCESS. dag_id=dag_etl, task_id=fact_stage, execution_date=20230430T180301, start_date=20230430T180555, end_date=20230430T180606
[2023-04-30 18:06:06,463] {local_task_job.py:156} INFO - Task exited with return code 0
[2023-04-30 18:06:07,888] {local_task_job.py:273} INFO - 0 downstream tasks scheduled from follow-on schedule check
