[2023-04-30 07:03:25,284] {taskinstance.py:1159} INFO - Dependencies all met for <TaskInstance: dag_etl.dim_city manual__2023-04-30T07:01:56.678142+00:00 [queued]>
[2023-04-30 07:03:25,920] {taskinstance.py:1159} INFO - Dependencies all met for <TaskInstance: dag_etl.dim_city manual__2023-04-30T07:01:56.678142+00:00 [queued]>
[2023-04-30 07:03:25,923] {taskinstance.py:1356} INFO - 
--------------------------------------------------------------------------------
[2023-04-30 07:03:25,925] {taskinstance.py:1357} INFO - Starting attempt 1 of 6
[2023-04-30 07:03:25,927] {taskinstance.py:1358} INFO - 
--------------------------------------------------------------------------------
[2023-04-30 07:03:26,520] {taskinstance.py:1377} INFO - Executing <Task(_PythonDecoratedOperator): dim_city> on 2023-04-30 07:01:56.678142+00:00
[2023-04-30 07:03:26,583] {standard_task_runner.py:52} INFO - Started process 965 to run task
[2023-04-30 07:03:26,685] {standard_task_runner.py:79} INFO - Running: ['***', 'tasks', 'run', 'dag_etl', 'dim_city', 'manual__2023-04-30T07:01:56.678142+00:00', '--job-id', '59', '--raw', '--subdir', 'DAGS_FOLDER/dag_etl_taskflow.py', '--cfg-path', '/tmp/tmpa7hpccoi', '--error-file', '/tmp/tmp651rcbnl']
[2023-04-30 07:03:26,709] {standard_task_runner.py:80} INFO - Job 59: Subtask dim_city
[2023-04-30 07:03:28,368] {task_command.py:370} INFO - Running <TaskInstance: dag_etl.dim_city manual__2023-04-30T07:01:56.678142+00:00 [running]> on host 295d97741f96
[2023-04-30 07:03:33,034] {taskinstance.py:1571} INFO - Exporting the following env vars:
AIRFLOW_CTX_DAG_OWNER=Victor
AIRFLOW_CTX_DAG_ID=dag_etl
AIRFLOW_CTX_TASK_ID=dim_city
AIRFLOW_CTX_EXECUTION_DATE=2023-04-30T07:01:56.678142+00:00
AIRFLOW_CTX_TRY_NUMBER=1
AIRFLOW_CTX_DAG_RUN_ID=manual__2023-04-30T07:01:56.678142+00:00
[2023-04-30 07:03:34,360] {base.py:68} INFO - Using connection ID 'postgres_conn' for task execution.
[2023-04-30 07:03:35,313] {python.py:173} INFO - Done. Returned value was: None
[2023-04-30 07:03:41,534] {taskinstance.py:1400} INFO - Marking task as SUCCESS. dag_id=dag_etl, task_id=dim_city, execution_date=20230430T070156, start_date=20230430T070325, end_date=20230430T070341
[2023-04-30 07:03:42,392] {local_task_job.py:156} INFO - Task exited with return code 0
[2023-04-30 07:03:49,224] {local_task_job.py:273} INFO - 0 downstream tasks scheduled from follow-on schedule check
