[2023-05-02 13:44:42,447] {taskinstance.py:1159} INFO - Dependencies all met for <TaskInstance: dag_etl.dim_product_line manual__2023-05-02T13:43:58.584891+00:00 [queued]>
[2023-05-02 13:44:42,629] {taskinstance.py:1159} INFO - Dependencies all met for <TaskInstance: dag_etl.dim_product_line manual__2023-05-02T13:43:58.584891+00:00 [queued]>
[2023-05-02 13:44:42,630] {taskinstance.py:1356} INFO - 
--------------------------------------------------------------------------------
[2023-05-02 13:44:42,631] {taskinstance.py:1357} INFO - Starting attempt 1 of 6
[2023-05-02 13:44:42,633] {taskinstance.py:1358} INFO - 
--------------------------------------------------------------------------------
[2023-05-02 13:44:43,351] {taskinstance.py:1377} INFO - Executing <Task(_PythonDecoratedOperator): dim_product_line> on 2023-05-02 13:43:58.584891+00:00
[2023-05-02 13:44:43,422] {standard_task_runner.py:52} INFO - Started process 588 to run task
[2023-05-02 13:44:43,439] {standard_task_runner.py:79} INFO - Running: ['***', 'tasks', 'run', 'dag_etl', 'dim_product_line', 'manual__2023-05-02T13:43:58.584891+00:00', '--job-id', '555', '--raw', '--subdir', 'DAGS_FOLDER/dag_etl_taskflow.py', '--cfg-path', '/tmp/tmpgi2owc9a', '--error-file', '/tmp/tmp7zsrgleu']
[2023-05-02 13:44:43,456] {standard_task_runner.py:80} INFO - Job 555: Subtask dim_product_line
[2023-05-02 13:44:44,581] {task_command.py:370} INFO - Running <TaskInstance: dag_etl.dim_product_line manual__2023-05-02T13:43:58.584891+00:00 [running]> on host 295d97741f96
[2023-05-02 13:44:48,009] {taskinstance.py:1571} INFO - Exporting the following env vars:
AIRFLOW_CTX_DAG_OWNER=Victor
AIRFLOW_CTX_DAG_ID=dag_etl
AIRFLOW_CTX_TASK_ID=dim_product_line
AIRFLOW_CTX_EXECUTION_DATE=2023-05-02T13:43:58.584891+00:00
AIRFLOW_CTX_TRY_NUMBER=1
AIRFLOW_CTX_DAG_RUN_ID=manual__2023-05-02T13:43:58.584891+00:00
[2023-05-02 13:44:49,177] {base.py:68} INFO - Using connection ID 'postgres_conn' for task execution.
[2023-05-02 13:44:50,116] {python.py:173} INFO - Done. Returned value was: None
[2023-05-02 13:44:50,578] {taskinstance.py:1400} INFO - Marking task as SUCCESS. dag_id=dag_etl, task_id=dim_product_line, execution_date=20230502T134358, start_date=20230502T134442, end_date=20230502T134450
[2023-05-02 13:44:50,948] {local_task_job.py:156} INFO - Task exited with return code 0
[2023-05-02 13:44:51,975] {local_task_job.py:273} INFO - 1 downstream tasks scheduled from follow-on schedule check
