[2023-05-02 15:14:19,241] {taskinstance.py:1159} INFO - Dependencies all met for <TaskInstance: dag_etl_date.dim_gender manual__2023-05-02T15:13:48.299245+00:00 [queued]>
[2023-05-02 15:14:19,381] {taskinstance.py:1159} INFO - Dependencies all met for <TaskInstance: dag_etl_date.dim_gender manual__2023-05-02T15:13:48.299245+00:00 [queued]>
[2023-05-02 15:14:19,388] {taskinstance.py:1356} INFO - 
--------------------------------------------------------------------------------
[2023-05-02 15:14:19,395] {taskinstance.py:1357} INFO - Starting attempt 1 of 6
[2023-05-02 15:14:19,396] {taskinstance.py:1358} INFO - 
--------------------------------------------------------------------------------
[2023-05-02 15:14:19,636] {taskinstance.py:1377} INFO - Executing <Task(_PythonDecoratedOperator): dim_gender> on 2023-05-02 15:13:48.299245+00:00
[2023-05-02 15:14:19,666] {standard_task_runner.py:52} INFO - Started process 1685 to run task
[2023-05-02 15:14:19,721] {standard_task_runner.py:79} INFO - Running: ['***', 'tasks', 'run', 'dag_etl_date', 'dim_gender', 'manual__2023-05-02T15:13:48.299245+00:00', '--job-id', '693', '--raw', '--subdir', 'DAGS_FOLDER/dag_etl_taskflow_date.py', '--cfg-path', '/tmp/tmpj4jcovgg', '--error-file', '/tmp/tmpnxivq5u3']
[2023-05-02 15:14:19,734] {standard_task_runner.py:80} INFO - Job 693: Subtask dim_gender
[2023-05-02 15:14:20,819] {task_command.py:370} INFO - Running <TaskInstance: dag_etl_date.dim_gender manual__2023-05-02T15:13:48.299245+00:00 [running]> on host 295d97741f96
[2023-05-02 15:14:26,051] {taskinstance.py:1571} INFO - Exporting the following env vars:
AIRFLOW_CTX_DAG_OWNER=Victor
AIRFLOW_CTX_DAG_ID=dag_etl_date
AIRFLOW_CTX_TASK_ID=dim_gender
AIRFLOW_CTX_EXECUTION_DATE=2023-05-02T15:13:48.299245+00:00
AIRFLOW_CTX_TRY_NUMBER=1
AIRFLOW_CTX_DAG_RUN_ID=manual__2023-05-02T15:13:48.299245+00:00
[2023-05-02 15:14:27,319] {base.py:68} INFO - Using connection ID 'postgres_conn' for task execution.
[2023-05-02 15:14:28,277] {python.py:173} INFO - Done. Returned value was: None
[2023-05-02 15:14:28,898] {taskinstance.py:1400} INFO - Marking task as SUCCESS. dag_id=dag_etl_date, task_id=dim_gender, execution_date=20230502T151348, start_date=20230502T151419, end_date=20230502T151428
[2023-05-02 15:14:29,226] {local_task_job.py:156} INFO - Task exited with return code 0
[2023-05-02 15:14:30,295] {local_task_job.py:273} INFO - 0 downstream tasks scheduled from follow-on schedule check
