[2023-05-02 11:42:55,540] {taskinstance.py:1159} INFO - Dependencies all met for <TaskInstance: dag_etl.dim_city manual__2023-05-02T11:41:45.968792+00:00 [queued]>
[2023-05-02 11:42:55,877] {taskinstance.py:1159} INFO - Dependencies all met for <TaskInstance: dag_etl.dim_city manual__2023-05-02T11:41:45.968792+00:00 [queued]>
[2023-05-02 11:42:55,880] {taskinstance.py:1356} INFO - 
--------------------------------------------------------------------------------
[2023-05-02 11:42:55,885] {taskinstance.py:1357} INFO - Starting attempt 1 of 6
[2023-05-02 11:42:55,905] {taskinstance.py:1358} INFO - 
--------------------------------------------------------------------------------
[2023-05-02 11:42:56,315] {taskinstance.py:1377} INFO - Executing <Task(_PythonDecoratedOperator): dim_city> on 2023-05-02 11:41:45.968792+00:00
[2023-05-02 11:42:56,376] {standard_task_runner.py:52} INFO - Started process 740 to run task
[2023-05-02 11:42:56,465] {standard_task_runner.py:79} INFO - Running: ['***', 'tasks', 'run', 'dag_etl', 'dim_city', 'manual__2023-05-02T11:41:45.968792+00:00', '--job-id', '493', '--raw', '--subdir', 'DAGS_FOLDER/dag_etl_taskflow.py', '--cfg-path', '/tmp/tmp9g9sk624', '--error-file', '/tmp/tmp0wma3a6f']
[2023-05-02 11:42:56,482] {standard_task_runner.py:80} INFO - Job 493: Subtask dim_city
[2023-05-02 11:42:57,982] {task_command.py:370} INFO - Running <TaskInstance: dag_etl.dim_city manual__2023-05-02T11:41:45.968792+00:00 [running]> on host 295d97741f96
[2023-05-02 11:43:00,231] {taskinstance.py:1571} INFO - Exporting the following env vars:
AIRFLOW_CTX_DAG_OWNER=Victor
AIRFLOW_CTX_DAG_ID=dag_etl
AIRFLOW_CTX_TASK_ID=dim_city
AIRFLOW_CTX_EXECUTION_DATE=2023-05-02T11:41:45.968792+00:00
AIRFLOW_CTX_TRY_NUMBER=1
AIRFLOW_CTX_DAG_RUN_ID=manual__2023-05-02T11:41:45.968792+00:00
[2023-05-02 11:43:01,185] {base.py:68} INFO - Using connection ID 'postgres_conn' for task execution.
[2023-05-02 11:43:02,024] {python.py:173} INFO - Done. Returned value was: None
[2023-05-02 11:43:02,709] {taskinstance.py:1400} INFO - Marking task as SUCCESS. dag_id=dag_etl, task_id=dim_city, execution_date=20230502T114145, start_date=20230502T114255, end_date=20230502T114302
[2023-05-02 11:43:02,972] {local_task_job.py:156} INFO - Task exited with return code 0
[2023-05-02 11:43:04,244] {local_task_job.py:273} INFO - 0 downstream tasks scheduled from follow-on schedule check
