[2023-04-30 08:18:06,917] {taskinstance.py:1159} INFO - Dependencies all met for <TaskInstance: dag_etl.dim_date manual__2023-04-30T08:17:21.945533+00:00 [queued]>
[2023-04-30 08:18:07,206] {taskinstance.py:1159} INFO - Dependencies all met for <TaskInstance: dag_etl.dim_date manual__2023-04-30T08:17:21.945533+00:00 [queued]>
[2023-04-30 08:18:07,208] {taskinstance.py:1356} INFO - 
--------------------------------------------------------------------------------
[2023-04-30 08:18:07,209] {taskinstance.py:1357} INFO - Starting attempt 1 of 6
[2023-04-30 08:18:07,210] {taskinstance.py:1358} INFO - 
--------------------------------------------------------------------------------
[2023-04-30 08:18:07,412] {taskinstance.py:1377} INFO - Executing <Task(_PythonDecoratedOperator): dim_date> on 2023-04-30 08:17:21.945533+00:00
[2023-04-30 08:18:07,438] {standard_task_runner.py:52} INFO - Started process 722 to run task
[2023-04-30 08:18:07,508] {standard_task_runner.py:79} INFO - Running: ['***', 'tasks', 'run', 'dag_etl', 'dim_date', 'manual__2023-04-30T08:17:21.945533+00:00', '--job-id', '144', '--raw', '--subdir', 'DAGS_FOLDER/dag_etl_taskflow.py', '--cfg-path', '/tmp/tmpmhbfi9si', '--error-file', '/tmp/tmp6ca24kxp']
[2023-04-30 08:18:07,540] {standard_task_runner.py:80} INFO - Job 144: Subtask dim_date
[2023-04-30 08:18:09,442] {task_command.py:370} INFO - Running <TaskInstance: dag_etl.dim_date manual__2023-04-30T08:17:21.945533+00:00 [running]> on host 295d97741f96
[2023-04-30 08:18:12,472] {taskinstance.py:1571} INFO - Exporting the following env vars:
AIRFLOW_CTX_DAG_OWNER=Victor
AIRFLOW_CTX_DAG_ID=dag_etl
AIRFLOW_CTX_TASK_ID=dim_date
AIRFLOW_CTX_EXECUTION_DATE=2023-04-30T08:17:21.945533+00:00
AIRFLOW_CTX_TRY_NUMBER=1
AIRFLOW_CTX_DAG_RUN_ID=manual__2023-04-30T08:17:21.945533+00:00
[2023-04-30 08:18:25,260] {base.py:68} INFO - Using connection ID 'postgres_conn' for task execution.
[2023-04-30 08:18:37,611] {python.py:173} INFO - Done. Returned value was: None
[2023-04-30 08:18:37,741] {taskinstance.py:1400} INFO - Marking task as SUCCESS. dag_id=dag_etl, task_id=dim_date, execution_date=20230430T081721, start_date=20230430T081806, end_date=20230430T081837
[2023-04-30 08:18:37,902] {local_task_job.py:156} INFO - Task exited with return code 0
[2023-04-30 08:18:38,848] {local_task_job.py:273} INFO - 0 downstream tasks scheduled from follow-on schedule check
