[2023-04-30 12:04:56,586] {taskinstance.py:1159} INFO - Dependencies all met for <TaskInstance: dag_etl.update_dim_tables manual__2023-04-30T12:03:10.806501+00:00 [queued]>
[2023-04-30 12:04:56,738] {taskinstance.py:1159} INFO - Dependencies all met for <TaskInstance: dag_etl.update_dim_tables manual__2023-04-30T12:03:10.806501+00:00 [queued]>
[2023-04-30 12:04:56,740] {taskinstance.py:1356} INFO - 
--------------------------------------------------------------------------------
[2023-04-30 12:04:56,741] {taskinstance.py:1357} INFO - Starting attempt 1 of 6
[2023-04-30 12:04:56,742] {taskinstance.py:1358} INFO - 
--------------------------------------------------------------------------------
[2023-04-30 12:04:56,880] {taskinstance.py:1377} INFO - Executing <Task(PostgresOperator): update_dim_tables> on 2023-04-30 12:03:10.806501+00:00
[2023-04-30 12:04:56,893] {standard_task_runner.py:52} INFO - Started process 1149 to run task
[2023-04-30 12:04:56,923] {standard_task_runner.py:79} INFO - Running: ['***', 'tasks', 'run', 'dag_etl', 'update_dim_tables', 'manual__2023-04-30T12:03:10.806501+00:00', '--job-id', '294', '--raw', '--subdir', 'DAGS_FOLDER/dag_etl_taskflow.py', '--cfg-path', '/tmp/tmpsdp46xzd', '--error-file', '/tmp/tmpaxnxaego']
[2023-04-30 12:04:56,939] {standard_task_runner.py:80} INFO - Job 294: Subtask update_dim_tables
[2023-04-30 12:04:57,814] {task_command.py:370} INFO - Running <TaskInstance: dag_etl.update_dim_tables manual__2023-04-30T12:03:10.806501+00:00 [running]> on host 295d97741f96
[2023-04-30 12:04:58,896] {taskinstance.py:1571} INFO - Exporting the following env vars:
AIRFLOW_CTX_DAG_OWNER=Victor
AIRFLOW_CTX_DAG_ID=dag_etl
AIRFLOW_CTX_TASK_ID=update_dim_tables
AIRFLOW_CTX_EXECUTION_DATE=2023-04-30T12:03:10.806501+00:00
AIRFLOW_CTX_TRY_NUMBER=1
AIRFLOW_CTX_DAG_RUN_ID=manual__2023-04-30T12:03:10.806501+00:00
[2023-04-30 12:04:59,028] {base.py:68} INFO - Using connection ID 'postgres_conn' for task execution.
[2023-04-30 12:04:59,075] {dbapi.py:213} INFO - Running statement: 
            SET search_path TO nds;    
            INSERT INTO dim_branch (branch)
            (SELECT branch FROM stage.dim_branch WHERE branch NOT IN (SELECT branch FROM dim_branch));
            INSERT INTO dim_city (city)
            (SELECT city FROM stage.dim_city WHERE city NOT IN (SELECT city FROM dim_city));
            INSERT INTO dim_customer_type (customer_type)
            (SELECT customer_type FROM stage.dim_customer_type WHERE customer_type NOT IN (SELECT customer_type FROM dim_customer_type));
            INSERT INTO dim_gender (gender)
            (SELECT gender FROM stage.dim_gender WHERE gender NOT IN (SELECT gender FROM dim_gender));
            INSERT INTO dim_product_line (product_line)
            (SELECT product_line FROM stage.dim_product_line WHERE product_line NOT IN (SELECT product_line FROM dim_product_line));
            INSERT INTO dim_payment (payment)
            (SELECT payment FROM stage.dim_payment WHERE payment NOT IN (SELECT payment FROM dim_payment));
             
            , parameters: None
[2023-04-30 12:04:59,127] {dbapi.py:221} INFO - Rows affected: 0
[2023-04-30 12:04:59,521] {taskinstance.py:1400} INFO - Marking task as SUCCESS. dag_id=dag_etl, task_id=update_dim_tables, execution_date=20230430T120310, start_date=20230430T120456, end_date=20230430T120459
[2023-04-30 12:04:59,685] {local_task_job.py:156} INFO - Task exited with return code 0
[2023-04-30 12:05:00,330] {local_task_job.py:273} INFO - 1 downstream tasks scheduled from follow-on schedule check
