[2023-04-30 12:04:34,281] {taskinstance.py:1159} INFO - Dependencies all met for <TaskInstance: dag_etl.dim_city manual__2023-04-30T12:03:10.806501+00:00 [queued]>
[2023-04-30 12:04:34,518] {taskinstance.py:1159} INFO - Dependencies all met for <TaskInstance: dag_etl.dim_city manual__2023-04-30T12:03:10.806501+00:00 [queued]>
[2023-04-30 12:04:34,522] {taskinstance.py:1356} INFO - 
--------------------------------------------------------------------------------
[2023-04-30 12:04:34,523] {taskinstance.py:1357} INFO - Starting attempt 1 of 6
[2023-04-30 12:04:34,525] {taskinstance.py:1358} INFO - 
--------------------------------------------------------------------------------
[2023-04-30 12:04:34,915] {taskinstance.py:1377} INFO - Executing <Task(_PythonDecoratedOperator): dim_city> on 2023-04-30 12:03:10.806501+00:00
[2023-04-30 12:04:34,952] {standard_task_runner.py:52} INFO - Started process 1111 to run task
[2023-04-30 12:04:34,995] {standard_task_runner.py:79} INFO - Running: ['***', 'tasks', 'run', 'dag_etl', 'dim_city', 'manual__2023-04-30T12:03:10.806501+00:00', '--job-id', '289', '--raw', '--subdir', 'DAGS_FOLDER/dag_etl_taskflow.py', '--cfg-path', '/tmp/tmp1m279de8', '--error-file', '/tmp/tmp0ht_5zte']
[2023-04-30 12:04:35,010] {standard_task_runner.py:80} INFO - Job 289: Subtask dim_city
[2023-04-30 12:04:36,075] {task_command.py:370} INFO - Running <TaskInstance: dag_etl.dim_city manual__2023-04-30T12:03:10.806501+00:00 [running]> on host 295d97741f96
[2023-04-30 12:04:38,582] {taskinstance.py:1571} INFO - Exporting the following env vars:
AIRFLOW_CTX_DAG_OWNER=Victor
AIRFLOW_CTX_DAG_ID=dag_etl
AIRFLOW_CTX_TASK_ID=dim_city
AIRFLOW_CTX_EXECUTION_DATE=2023-04-30T12:03:10.806501+00:00
AIRFLOW_CTX_TRY_NUMBER=1
AIRFLOW_CTX_DAG_RUN_ID=manual__2023-04-30T12:03:10.806501+00:00
[2023-04-30 12:04:39,636] {base.py:68} INFO - Using connection ID 'postgres_conn' for task execution.
[2023-04-30 12:04:41,490] {python.py:173} INFO - Done. Returned value was: None
[2023-04-30 12:04:42,512] {taskinstance.py:1400} INFO - Marking task as SUCCESS. dag_id=dag_etl, task_id=dim_city, execution_date=20230430T120310, start_date=20230430T120434, end_date=20230430T120442
[2023-04-30 12:04:42,995] {local_task_job.py:156} INFO - Task exited with return code 0
[2023-04-30 12:04:45,938] {local_task_job.py:273} INFO - 0 downstream tasks scheduled from follow-on schedule check
