[2023-05-02 10:40:11,097] {taskinstance.py:1159} INFO - Dependencies all met for <TaskInstance: dag_etl.dim_date manual__2023-05-02T10:39:49.817893+00:00 [queued]>
[2023-05-02 10:40:11,288] {taskinstance.py:1159} INFO - Dependencies all met for <TaskInstance: dag_etl.dim_date manual__2023-05-02T10:39:49.817893+00:00 [queued]>
[2023-05-02 10:40:11,289] {taskinstance.py:1356} INFO - 
--------------------------------------------------------------------------------
[2023-05-02 10:40:11,290] {taskinstance.py:1357} INFO - Starting attempt 1 of 6
[2023-05-02 10:40:11,291] {taskinstance.py:1358} INFO - 
--------------------------------------------------------------------------------
[2023-05-02 10:40:11,521] {taskinstance.py:1377} INFO - Executing <Task(_PythonDecoratedOperator): dim_date> on 2023-05-02 10:39:49.817893+00:00
[2023-05-02 10:40:11,531] {standard_task_runner.py:52} INFO - Started process 1277 to run task
[2023-05-02 10:40:11,547] {standard_task_runner.py:79} INFO - Running: ['***', 'tasks', 'run', 'dag_etl', 'dim_date', 'manual__2023-05-02T10:39:49.817893+00:00', '--job-id', '453', '--raw', '--subdir', 'DAGS_FOLDER/dag_etl_taskflow.py', '--cfg-path', '/tmp/tmptjz_sksu', '--error-file', '/tmp/tmpseto5xt2']
[2023-05-02 10:40:11,550] {standard_task_runner.py:80} INFO - Job 453: Subtask dim_date
[2023-05-02 10:40:12,367] {task_command.py:370} INFO - Running <TaskInstance: dag_etl.dim_date manual__2023-05-02T10:39:49.817893+00:00 [running]> on host 295d97741f96
[2023-05-02 10:40:13,981] {taskinstance.py:1571} INFO - Exporting the following env vars:
AIRFLOW_CTX_DAG_OWNER=Victor
AIRFLOW_CTX_DAG_ID=dag_etl
AIRFLOW_CTX_TASK_ID=dim_date
AIRFLOW_CTX_EXECUTION_DATE=2023-05-02T10:39:49.817893+00:00
AIRFLOW_CTX_TRY_NUMBER=1
AIRFLOW_CTX_DAG_RUN_ID=manual__2023-05-02T10:39:49.817893+00:00
[2023-05-02 10:40:29,341] {base.py:68} INFO - Using connection ID 'postgres_conn' for task execution.
[2023-05-02 10:40:55,676] {python.py:173} INFO - Done. Returned value was: None
[2023-05-02 10:40:55,834] {taskinstance.py:1400} INFO - Marking task as SUCCESS. dag_id=dag_etl, task_id=dim_date, execution_date=20230502T103949, start_date=20230502T104011, end_date=20230502T104055
[2023-05-02 10:40:56,094] {local_task_job.py:156} INFO - Task exited with return code 0
[2023-05-02 10:40:56,523] {local_task_job.py:273} INFO - 0 downstream tasks scheduled from follow-on schedule check
