[2023-05-04 20:05:10,649] {taskinstance.py:1159} INFO - Dependencies all met for <TaskInstance: dag_etl.dim_payment manual__2023-05-04T20:04:31.370742+00:00 [queued]>
[2023-05-04 20:05:10,848] {taskinstance.py:1159} INFO - Dependencies all met for <TaskInstance: dag_etl.dim_payment manual__2023-05-04T20:04:31.370742+00:00 [queued]>
[2023-05-04 20:05:10,856] {taskinstance.py:1356} INFO - 
--------------------------------------------------------------------------------
[2023-05-04 20:05:10,857] {taskinstance.py:1357} INFO - Starting attempt 1 of 6
[2023-05-04 20:05:10,858] {taskinstance.py:1358} INFO - 
--------------------------------------------------------------------------------
[2023-05-04 20:05:11,268] {taskinstance.py:1377} INFO - Executing <Task(_PythonDecoratedOperator): dim_payment> on 2023-05-04 20:04:31.370742+00:00
[2023-05-04 20:05:11,327] {standard_task_runner.py:52} INFO - Started process 811 to run task
[2023-05-04 20:05:11,374] {standard_task_runner.py:79} INFO - Running: ['***', 'tasks', 'run', 'dag_etl', 'dim_payment', 'manual__2023-05-04T20:04:31.370742+00:00', '--job-id', '993', '--raw', '--subdir', 'DAGS_FOLDER/dag_etl_taskflow.py', '--cfg-path', '/tmp/tmphwdzckfb', '--error-file', '/tmp/tmphw55pv_m']
[2023-05-04 20:05:11,393] {standard_task_runner.py:80} INFO - Job 993: Subtask dim_payment
[2023-05-04 20:05:12,665] {task_command.py:370} INFO - Running <TaskInstance: dag_etl.dim_payment manual__2023-05-04T20:04:31.370742+00:00 [running]> on host 295d97741f96
[2023-05-04 20:05:17,149] {taskinstance.py:1571} INFO - Exporting the following env vars:
AIRFLOW_CTX_DAG_OWNER=Victor
AIRFLOW_CTX_DAG_ID=dag_etl
AIRFLOW_CTX_TASK_ID=dim_payment
AIRFLOW_CTX_EXECUTION_DATE=2023-05-04T20:04:31.370742+00:00
AIRFLOW_CTX_TRY_NUMBER=1
AIRFLOW_CTX_DAG_RUN_ID=manual__2023-05-04T20:04:31.370742+00:00
[2023-05-04 20:05:17,994] {base.py:68} INFO - Using connection ID 'postgres_conn' for task execution.
[2023-05-04 20:05:18,672] {python.py:173} INFO - Done. Returned value was: None
[2023-05-04 20:05:18,998] {taskinstance.py:1400} INFO - Marking task as SUCCESS. dag_id=dag_etl, task_id=dim_payment, execution_date=20230504T200431, start_date=20230504T200510, end_date=20230504T200518
[2023-05-04 20:05:19,370] {local_task_job.py:156} INFO - Task exited with return code 0
[2023-05-04 20:05:20,566] {local_task_job.py:273} INFO - 1 downstream tasks scheduled from follow-on schedule check
