[2023-04-30 08:20:23,279] {taskinstance.py:1159} INFO - Dependencies all met for <TaskInstance: dag_etl.dim_branch manual__2023-04-30T08:19:33.159044+00:00 [queued]>
[2023-04-30 08:20:23,474] {taskinstance.py:1159} INFO - Dependencies all met for <TaskInstance: dag_etl.dim_branch manual__2023-04-30T08:19:33.159044+00:00 [queued]>
[2023-04-30 08:20:23,479] {taskinstance.py:1356} INFO - 
--------------------------------------------------------------------------------
[2023-04-30 08:20:23,481] {taskinstance.py:1357} INFO - Starting attempt 1 of 6
[2023-04-30 08:20:23,484] {taskinstance.py:1358} INFO - 
--------------------------------------------------------------------------------
[2023-04-30 08:20:23,735] {taskinstance.py:1377} INFO - Executing <Task(_PythonDecoratedOperator): dim_branch> on 2023-04-30 08:19:33.159044+00:00
[2023-04-30 08:20:23,754] {standard_task_runner.py:52} INFO - Started process 939 to run task
[2023-04-30 08:20:23,780] {standard_task_runner.py:79} INFO - Running: ['***', 'tasks', 'run', 'dag_etl', 'dim_branch', 'manual__2023-04-30T08:19:33.159044+00:00', '--job-id', '156', '--raw', '--subdir', 'DAGS_FOLDER/dag_etl_taskflow.py', '--cfg-path', '/tmp/tmps3rhsyb6', '--error-file', '/tmp/tmpfeq69n_2']
[2023-04-30 08:20:23,791] {standard_task_runner.py:80} INFO - Job 156: Subtask dim_branch
[2023-04-30 08:20:24,644] {task_command.py:370} INFO - Running <TaskInstance: dag_etl.dim_branch manual__2023-04-30T08:19:33.159044+00:00 [running]> on host 295d97741f96
[2023-04-30 08:20:27,233] {taskinstance.py:1571} INFO - Exporting the following env vars:
AIRFLOW_CTX_DAG_OWNER=Victor
AIRFLOW_CTX_DAG_ID=dag_etl
AIRFLOW_CTX_TASK_ID=dim_branch
AIRFLOW_CTX_EXECUTION_DATE=2023-04-30T08:19:33.159044+00:00
AIRFLOW_CTX_TRY_NUMBER=1
AIRFLOW_CTX_DAG_RUN_ID=manual__2023-04-30T08:19:33.159044+00:00
[2023-04-30 08:20:28,180] {base.py:68} INFO - Using connection ID 'postgres_conn' for task execution.
[2023-04-30 08:20:28,980] {python.py:173} INFO - Done. Returned value was: None
[2023-04-30 08:20:29,510] {taskinstance.py:1400} INFO - Marking task as SUCCESS. dag_id=dag_etl, task_id=dim_branch, execution_date=20230430T081933, start_date=20230430T082023, end_date=20230430T082029
[2023-04-30 08:20:30,415] {local_task_job.py:156} INFO - Task exited with return code 0
[2023-04-30 08:20:32,443] {local_task_job.py:273} INFO - 0 downstream tasks scheduled from follow-on schedule check
