[2023-05-02 17:10:31,956] {taskinstance.py:1159} INFO - Dependencies all met for <TaskInstance: dag_etl.fact_nds manual__2023-05-02T17:09:34.429844+00:00 [queued]>
[2023-05-02 17:10:32,022] {taskinstance.py:1159} INFO - Dependencies all met for <TaskInstance: dag_etl.fact_nds manual__2023-05-02T17:09:34.429844+00:00 [queued]>
[2023-05-02 17:10:32,024] {taskinstance.py:1356} INFO - 
--------------------------------------------------------------------------------
[2023-05-02 17:10:32,026] {taskinstance.py:1357} INFO - Starting attempt 1 of 6
[2023-05-02 17:10:32,027] {taskinstance.py:1358} INFO - 
--------------------------------------------------------------------------------
[2023-05-02 17:10:32,155] {taskinstance.py:1377} INFO - Executing <Task(_PythonDecoratedOperator): fact_nds> on 2023-05-02 17:09:34.429844+00:00
[2023-05-02 17:10:32,166] {standard_task_runner.py:52} INFO - Started process 2273 to run task
[2023-05-02 17:10:32,174] {standard_task_runner.py:79} INFO - Running: ['***', 'tasks', 'run', 'dag_etl', 'fact_nds', 'manual__2023-05-02T17:09:34.429844+00:00', '--job-id', '846', '--raw', '--subdir', 'DAGS_FOLDER/dag_etl_taskflow.py', '--cfg-path', '/tmp/tmpdx40qef6', '--error-file', '/tmp/tmp1u4ff8p2']
[2023-05-02 17:10:32,177] {standard_task_runner.py:80} INFO - Job 846: Subtask fact_nds
[2023-05-02 17:10:32,576] {task_command.py:370} INFO - Running <TaskInstance: dag_etl.fact_nds manual__2023-05-02T17:09:34.429844+00:00 [running]> on host 295d97741f96
[2023-05-02 17:10:33,317] {taskinstance.py:1571} INFO - Exporting the following env vars:
AIRFLOW_CTX_DAG_OWNER=Victor
AIRFLOW_CTX_DAG_ID=dag_etl
AIRFLOW_CTX_TASK_ID=fact_nds
AIRFLOW_CTX_EXECUTION_DATE=2023-05-02T17:09:34.429844+00:00
AIRFLOW_CTX_TRY_NUMBER=1
AIRFLOW_CTX_DAG_RUN_ID=manual__2023-05-02T17:09:34.429844+00:00
[2023-05-02 17:10:33,405] {base.py:68} INFO - Using connection ID 'postgres_conn' for task execution.
[2023-05-02 17:10:33,797] {base.py:68} INFO - Using connection ID 'postgres_conn' for task execution.
[2023-05-02 17:10:34,950] {python.py:173} INFO - Done. Returned value was: None
[2023-05-02 17:10:35,078] {taskinstance.py:1400} INFO - Marking task as SUCCESS. dag_id=dag_etl, task_id=fact_nds, execution_date=20230502T170934, start_date=20230502T171031, end_date=20230502T171035
[2023-05-02 17:10:35,155] {local_task_job.py:156} INFO - Task exited with return code 0
[2023-05-02 17:10:35,480] {local_task_job.py:273} INFO - 1 downstream tasks scheduled from follow-on schedule check
