[2023-05-02 15:04:28,697] {taskinstance.py:1159} INFO - Dependencies all met for <TaskInstance: dag_etl_date.rename_extracted_file scheduled__2023-04-29T00:00:00+00:00 [queued]>
[2023-05-02 15:04:28,975] {taskinstance.py:1159} INFO - Dependencies all met for <TaskInstance: dag_etl_date.rename_extracted_file scheduled__2023-04-29T00:00:00+00:00 [queued]>
[2023-05-02 15:04:28,977] {taskinstance.py:1356} INFO - 
--------------------------------------------------------------------------------
[2023-05-02 15:04:28,978] {taskinstance.py:1357} INFO - Starting attempt 1 of 6
[2023-05-02 15:04:28,980] {taskinstance.py:1358} INFO - 
--------------------------------------------------------------------------------
[2023-05-02 15:04:29,458] {taskinstance.py:1377} INFO - Executing <Task(_PythonDecoratedOperator): rename_extracted_file> on 2023-04-29 00:00:00+00:00
[2023-05-02 15:04:29,481] {standard_task_runner.py:52} INFO - Started process 588 to run task
[2023-05-02 15:04:29,541] {standard_task_runner.py:79} INFO - Running: ['***', 'tasks', 'run', 'dag_etl_date', 'rename_extracted_file', 'scheduled__2023-04-29T00:00:00+00:00', '--job-id', '635', '--raw', '--subdir', 'DAGS_FOLDER/dag_etl_taskflow_date.py', '--cfg-path', '/tmp/tmpwwyxnxtr', '--error-file', '/tmp/tmppj3j2urd']
[2023-05-02 15:04:29,548] {standard_task_runner.py:80} INFO - Job 635: Subtask rename_extracted_file
[2023-05-02 15:04:30,574] {task_command.py:370} INFO - Running <TaskInstance: dag_etl_date.rename_extracted_file scheduled__2023-04-29T00:00:00+00:00 [running]> on host 295d97741f96
[2023-05-02 15:04:32,751] {taskinstance.py:1571} INFO - Exporting the following env vars:
AIRFLOW_CTX_DAG_OWNER=Victor
AIRFLOW_CTX_DAG_ID=dag_etl_date
AIRFLOW_CTX_TASK_ID=rename_extracted_file
AIRFLOW_CTX_EXECUTION_DATE=2023-04-29T00:00:00+00:00
AIRFLOW_CTX_TRY_NUMBER=1
AIRFLOW_CTX_DAG_RUN_ID=scheduled__2023-04-29T00:00:00+00:00
[2023-05-02 15:04:32,779] {python.py:173} INFO - Done. Returned value was: /opt/***/data
[2023-05-02 15:04:34,636] {taskinstance.py:1400} INFO - Marking task as SUCCESS. dag_id=dag_etl_date, task_id=rename_extracted_file, execution_date=20230429T000000, start_date=20230502T150428, end_date=20230502T150434
[2023-05-02 15:04:35,957] {local_task_job.py:156} INFO - Task exited with return code 0
[2023-05-02 15:04:42,558] {local_task_job.py:273} INFO - 0 downstream tasks scheduled from follow-on schedule check
