[2023-04-30 18:03:48,784] {taskinstance.py:1159} INFO - Dependencies all met for <TaskInstance: dag_etl.dim_date manual__2023-04-30T18:03:01.890216+00:00 [queued]>
[2023-04-30 18:03:48,940] {taskinstance.py:1159} INFO - Dependencies all met for <TaskInstance: dag_etl.dim_date manual__2023-04-30T18:03:01.890216+00:00 [queued]>
[2023-04-30 18:03:48,950] {taskinstance.py:1356} INFO - 
--------------------------------------------------------------------------------
[2023-04-30 18:03:48,951] {taskinstance.py:1357} INFO - Starting attempt 1 of 6
[2023-04-30 18:03:48,952] {taskinstance.py:1358} INFO - 
--------------------------------------------------------------------------------
[2023-04-30 18:03:49,280] {taskinstance.py:1377} INFO - Executing <Task(_PythonDecoratedOperator): dim_date> on 2023-04-30 18:03:01.890216+00:00
[2023-04-30 18:03:49,322] {standard_task_runner.py:52} INFO - Started process 1483 to run task
[2023-04-30 18:03:49,371] {standard_task_runner.py:79} INFO - Running: ['***', 'tasks', 'run', 'dag_etl', 'dim_date', 'manual__2023-04-30T18:03:01.890216+00:00', '--job-id', '355', '--raw', '--subdir', 'DAGS_FOLDER/dag_etl_taskflow.py', '--cfg-path', '/tmp/tmpusrde21l', '--error-file', '/tmp/tmpicp575jb']
[2023-04-30 18:03:49,376] {standard_task_runner.py:80} INFO - Job 355: Subtask dim_date
[2023-04-30 18:03:50,705] {task_command.py:370} INFO - Running <TaskInstance: dag_etl.dim_date manual__2023-04-30T18:03:01.890216+00:00 [running]> on host 295d97741f96
[2023-04-30 18:03:53,703] {taskinstance.py:1571} INFO - Exporting the following env vars:
AIRFLOW_CTX_DAG_OWNER=Victor
AIRFLOW_CTX_DAG_ID=dag_etl
AIRFLOW_CTX_TASK_ID=dim_date
AIRFLOW_CTX_EXECUTION_DATE=2023-04-30T18:03:01.890216+00:00
AIRFLOW_CTX_TRY_NUMBER=1
AIRFLOW_CTX_DAG_RUN_ID=manual__2023-04-30T18:03:01.890216+00:00
[2023-04-30 18:04:29,589] {base.py:68} INFO - Using connection ID 'postgres_conn' for task execution.
[2023-04-30 18:05:43,359] {python.py:173} INFO - Done. Returned value was: None
[2023-04-30 18:05:44,794] {taskinstance.py:1400} INFO - Marking task as SUCCESS. dag_id=dag_etl, task_id=dim_date, execution_date=20230430T180301, start_date=20230430T180348, end_date=20230430T180544
[2023-04-30 18:05:46,147] {local_task_job.py:156} INFO - Task exited with return code 0
[2023-04-30 18:05:47,620] {local_task_job.py:273} INFO - 0 downstream tasks scheduled from follow-on schedule check
