[2023-04-30 12:01:49,210] {taskinstance.py:1159} INFO - Dependencies all met for <TaskInstance: dag_etl.dim_gender scheduled__2023-04-29T00:00:00+00:00 [queued]>
[2023-04-30 12:01:50,216] {taskinstance.py:1159} INFO - Dependencies all met for <TaskInstance: dag_etl.dim_gender scheduled__2023-04-29T00:00:00+00:00 [queued]>
[2023-04-30 12:01:50,239] {taskinstance.py:1356} INFO - 
--------------------------------------------------------------------------------
[2023-04-30 12:01:50,242] {taskinstance.py:1357} INFO - Starting attempt 1 of 6
[2023-04-30 12:01:50,270] {taskinstance.py:1358} INFO - 
--------------------------------------------------------------------------------
[2023-04-30 12:01:51,280] {taskinstance.py:1377} INFO - Executing <Task(_PythonDecoratedOperator): dim_gender> on 2023-04-29 00:00:00+00:00
[2023-04-30 12:01:51,339] {standard_task_runner.py:52} INFO - Started process 836 to run task
[2023-04-30 12:01:51,461] {standard_task_runner.py:79} INFO - Running: ['***', 'tasks', 'run', 'dag_etl', 'dim_gender', 'scheduled__2023-04-29T00:00:00+00:00', '--job-id', '268', '--raw', '--subdir', 'DAGS_FOLDER/dag_etl_taskflow.py', '--cfg-path', '/tmp/tmp5fo5wkq1', '--error-file', '/tmp/tmpt9ard7hq']
[2023-04-30 12:01:51,487] {standard_task_runner.py:80} INFO - Job 268: Subtask dim_gender
[2023-04-30 12:01:53,935] {task_command.py:370} INFO - Running <TaskInstance: dag_etl.dim_gender scheduled__2023-04-29T00:00:00+00:00 [running]> on host 295d97741f96
[2023-04-30 12:01:59,339] {taskinstance.py:1571} INFO - Exporting the following env vars:
AIRFLOW_CTX_DAG_OWNER=Victor
AIRFLOW_CTX_DAG_ID=dag_etl
AIRFLOW_CTX_TASK_ID=dim_gender
AIRFLOW_CTX_EXECUTION_DATE=2023-04-29T00:00:00+00:00
AIRFLOW_CTX_TRY_NUMBER=1
AIRFLOW_CTX_DAG_RUN_ID=scheduled__2023-04-29T00:00:00+00:00
[2023-04-30 12:02:00,819] {base.py:68} INFO - Using connection ID 'postgres_conn' for task execution.
[2023-04-30 12:02:02,581] {python.py:173} INFO - Done. Returned value was: None
[2023-04-30 12:02:03,695] {taskinstance.py:1400} INFO - Marking task as SUCCESS. dag_id=dag_etl, task_id=dim_gender, execution_date=20230429T000000, start_date=20230430T120149, end_date=20230430T120203
[2023-04-30 12:02:04,512] {local_task_job.py:156} INFO - Task exited with return code 0
[2023-04-30 12:02:08,637] {local_task_job.py:273} INFO - 0 downstream tasks scheduled from follow-on schedule check
