[2023-05-02 13:56:22,042] {taskinstance.py:1159} INFO - Dependencies all met for <TaskInstance: dag_etl.fact_nds manual__2023-05-02T13:55:16.904018+00:00 [queued]>
[2023-05-02 13:56:22,098] {taskinstance.py:1159} INFO - Dependencies all met for <TaskInstance: dag_etl.fact_nds manual__2023-05-02T13:55:16.904018+00:00 [queued]>
[2023-05-02 13:56:22,099] {taskinstance.py:1356} INFO - 
--------------------------------------------------------------------------------
[2023-05-02 13:56:22,100] {taskinstance.py:1357} INFO - Starting attempt 1 of 6
[2023-05-02 13:56:22,100] {taskinstance.py:1358} INFO - 
--------------------------------------------------------------------------------
[2023-05-02 13:56:22,188] {taskinstance.py:1377} INFO - Executing <Task(_PythonDecoratedOperator): fact_nds> on 2023-05-02 13:55:16.904018+00:00
[2023-05-02 13:56:22,197] {standard_task_runner.py:52} INFO - Started process 1636 to run task
[2023-05-02 13:56:22,207] {standard_task_runner.py:79} INFO - Running: ['***', 'tasks', 'run', 'dag_etl', 'fact_nds', 'manual__2023-05-02T13:55:16.904018+00:00', '--job-id', '610', '--raw', '--subdir', 'DAGS_FOLDER/dag_etl_taskflow.py', '--cfg-path', '/tmp/tmp9v6k0lqf', '--error-file', '/tmp/tmphpczvfy4']
[2023-05-02 13:56:22,209] {standard_task_runner.py:80} INFO - Job 610: Subtask fact_nds
[2023-05-02 13:56:22,634] {task_command.py:370} INFO - Running <TaskInstance: dag_etl.fact_nds manual__2023-05-02T13:55:16.904018+00:00 [running]> on host 295d97741f96
[2023-05-02 13:56:23,603] {taskinstance.py:1571} INFO - Exporting the following env vars:
AIRFLOW_CTX_DAG_OWNER=Victor
AIRFLOW_CTX_DAG_ID=dag_etl
AIRFLOW_CTX_TASK_ID=fact_nds
AIRFLOW_CTX_EXECUTION_DATE=2023-05-02T13:55:16.904018+00:00
AIRFLOW_CTX_TRY_NUMBER=1
AIRFLOW_CTX_DAG_RUN_ID=manual__2023-05-02T13:55:16.904018+00:00
[2023-05-02 13:56:23,739] {base.py:68} INFO - Using connection ID 'postgres_conn' for task execution.
[2023-05-02 13:56:24,249] {base.py:68} INFO - Using connection ID 'postgres_conn' for task execution.
[2023-05-02 13:56:25,643] {python.py:173} INFO - Done. Returned value was: None
[2023-05-02 13:56:25,775] {taskinstance.py:1400} INFO - Marking task as SUCCESS. dag_id=dag_etl, task_id=fact_nds, execution_date=20230502T135516, start_date=20230502T135622, end_date=20230502T135625
[2023-05-02 13:56:25,895] {local_task_job.py:156} INFO - Task exited with return code 0
[2023-05-02 13:56:26,284] {local_task_job.py:273} INFO - 1 downstream tasks scheduled from follow-on schedule check
