[2023-04-30 09:01:57,038] {taskinstance.py:1159} INFO - Dependencies all met for <TaskInstance: dag_etl.dim_time manual__2023-04-30T09:01:32.484117+00:00 [queued]>
[2023-04-30 09:01:57,167] {taskinstance.py:1159} INFO - Dependencies all met for <TaskInstance: dag_etl.dim_time manual__2023-04-30T09:01:32.484117+00:00 [queued]>
[2023-04-30 09:01:57,169] {taskinstance.py:1356} INFO - 
--------------------------------------------------------------------------------
[2023-04-30 09:01:57,170] {taskinstance.py:1357} INFO - Starting attempt 1 of 6
[2023-04-30 09:01:57,170] {taskinstance.py:1358} INFO - 
--------------------------------------------------------------------------------
[2023-04-30 09:01:57,270] {taskinstance.py:1377} INFO - Executing <Task(_PythonDecoratedOperator): dim_time> on 2023-04-30 09:01:32.484117+00:00
[2023-04-30 09:01:57,309] {standard_task_runner.py:52} INFO - Started process 652 to run task
[2023-04-30 09:01:57,315] {standard_task_runner.py:79} INFO - Running: ['***', 'tasks', 'run', 'dag_etl', 'dim_time', 'manual__2023-04-30T09:01:32.484117+00:00', '--job-id', '188', '--raw', '--subdir', 'DAGS_FOLDER/dag_etl_taskflow.py', '--cfg-path', '/tmp/tmpqx6dhc03', '--error-file', '/tmp/tmp30n1s21c']
[2023-04-30 09:01:57,320] {standard_task_runner.py:80} INFO - Job 188: Subtask dim_time
[2023-04-30 09:01:58,222] {task_command.py:370} INFO - Running <TaskInstance: dag_etl.dim_time manual__2023-04-30T09:01:32.484117+00:00 [running]> on host 295d97741f96
[2023-04-30 09:01:59,264] {taskinstance.py:1571} INFO - Exporting the following env vars:
AIRFLOW_CTX_DAG_OWNER=Victor
AIRFLOW_CTX_DAG_ID=dag_etl
AIRFLOW_CTX_TASK_ID=dim_time
AIRFLOW_CTX_EXECUTION_DATE=2023-04-30T09:01:32.484117+00:00
AIRFLOW_CTX_TRY_NUMBER=1
AIRFLOW_CTX_DAG_RUN_ID=manual__2023-04-30T09:01:32.484117+00:00
[2023-04-30 09:01:59,678] {base.py:68} INFO - Using connection ID 'postgres_conn' for task execution.
[2023-04-30 09:02:00,321] {python.py:173} INFO - Done. Returned value was: None
[2023-04-30 09:02:00,444] {taskinstance.py:1400} INFO - Marking task as SUCCESS. dag_id=dag_etl, task_id=dim_time, execution_date=20230430T090132, start_date=20230430T090157, end_date=20230430T090200
[2023-04-30 09:02:00,660] {local_task_job.py:156} INFO - Task exited with return code 0
[2023-04-30 09:02:01,564] {local_task_job.py:273} INFO - 0 downstream tasks scheduled from follow-on schedule check
