[2023-05-02 15:13:53,375] {taskinstance.py:1159} INFO - Dependencies all met for <TaskInstance: dag_etl_date.sensor_s3_obj manual__2023-05-02T15:13:48.299245+00:00 [queued]>
[2023-05-02 15:13:53,428] {taskinstance.py:1159} INFO - Dependencies all met for <TaskInstance: dag_etl_date.sensor_s3_obj manual__2023-05-02T15:13:48.299245+00:00 [queued]>
[2023-05-02 15:13:53,430] {taskinstance.py:1356} INFO - 
--------------------------------------------------------------------------------
[2023-05-02 15:13:53,431] {taskinstance.py:1357} INFO - Starting attempt 1 of 6
[2023-05-02 15:13:53,431] {taskinstance.py:1358} INFO - 
--------------------------------------------------------------------------------
[2023-05-02 15:13:53,523] {taskinstance.py:1377} INFO - Executing <Task(S3KeySensor): sensor_s3_obj> on 2023-05-02 15:13:48.299245+00:00
[2023-05-02 15:13:53,533] {standard_task_runner.py:52} INFO - Started process 1613 to run task
[2023-05-02 15:13:53,542] {standard_task_runner.py:79} INFO - Running: ['***', 'tasks', 'run', 'dag_etl_date', 'sensor_s3_obj', 'manual__2023-05-02T15:13:48.299245+00:00', '--job-id', '684', '--raw', '--subdir', 'DAGS_FOLDER/dag_etl_taskflow_date.py', '--cfg-path', '/tmp/tmppzjs0xri', '--error-file', '/tmp/tmp9d24ikqb']
[2023-05-02 15:13:53,544] {standard_task_runner.py:80} INFO - Job 684: Subtask sensor_s3_obj
[2023-05-02 15:13:53,975] {task_command.py:370} INFO - Running <TaskInstance: dag_etl_date.sensor_s3_obj manual__2023-05-02T15:13:48.299245+00:00 [running]> on host 295d97741f96
[2023-05-02 15:13:54,573] {taskinstance.py:1571} INFO - Exporting the following env vars:
AIRFLOW_CTX_DAG_OWNER=Victor
AIRFLOW_CTX_DAG_ID=dag_etl_date
AIRFLOW_CTX_TASK_ID=sensor_s3_obj
AIRFLOW_CTX_EXECUTION_DATE=2023-05-02T15:13:48.299245+00:00
AIRFLOW_CTX_TRY_NUMBER=1
AIRFLOW_CTX_DAG_RUN_ID=manual__2023-05-02T15:13:48.299245+00:00
[2023-05-02 15:13:54,578] {s3.py:104} INFO - Poking for key : s3://raw/supermarket_sales.csv
[2023-05-02 15:13:54,695] {base.py:68} INFO - Using connection ID 'minio_conn' for task execution.
[2023-05-02 15:13:54,700] {base_aws.py:206} INFO - Credentials retrieved from login
[2023-05-02 15:13:55,088] {base.py:301} INFO - Success criteria met. Exiting.
[2023-05-02 15:13:55,232] {taskinstance.py:1400} INFO - Marking task as SUCCESS. dag_id=dag_etl_date, task_id=sensor_s3_obj, execution_date=20230502T151348, start_date=20230502T151353, end_date=20230502T151355
[2023-05-02 15:13:55,338] {local_task_job.py:156} INFO - Task exited with return code 0
[2023-05-02 15:13:55,769] {local_task_job.py:273} INFO - 2 downstream tasks scheduled from follow-on schedule check
