[2023-04-30 07:03:41,333] {taskinstance.py:1159} INFO - Dependencies all met for <TaskInstance: dag_etl.dim_branch scheduled__2023-04-27T00:00:00+00:00 [queued]>
[2023-04-30 07:03:42,194] {taskinstance.py:1159} INFO - Dependencies all met for <TaskInstance: dag_etl.dim_branch scheduled__2023-04-27T00:00:00+00:00 [queued]>
[2023-04-30 07:03:42,216] {taskinstance.py:1356} INFO - 
--------------------------------------------------------------------------------
[2023-04-30 07:03:42,218] {taskinstance.py:1357} INFO - Starting attempt 1 of 6
[2023-04-30 07:03:42,225] {taskinstance.py:1358} INFO - 
--------------------------------------------------------------------------------
[2023-04-30 07:03:44,123] {taskinstance.py:1377} INFO - Executing <Task(_PythonDecoratedOperator): dim_branch> on 2023-04-27 00:00:00+00:00
[2023-04-30 07:03:44,347] {standard_task_runner.py:52} INFO - Started process 1014 to run task
[2023-04-30 07:03:44,489] {standard_task_runner.py:79} INFO - Running: ['***', 'tasks', 'run', 'dag_etl', 'dim_branch', 'scheduled__2023-04-27T00:00:00+00:00', '--job-id', '73', '--raw', '--subdir', 'DAGS_FOLDER/dag_etl_taskflow.py', '--cfg-path', '/tmp/tmpkj6gxj01', '--error-file', '/tmp/tmpbrefv0ub']
[2023-04-30 07:03:44,670] {standard_task_runner.py:80} INFO - Job 73: Subtask dim_branch
[2023-04-30 07:03:50,405] {task_command.py:370} INFO - Running <TaskInstance: dag_etl.dim_branch scheduled__2023-04-27T00:00:00+00:00 [running]> on host 295d97741f96
[2023-04-30 07:03:58,613] {taskinstance.py:1571} INFO - Exporting the following env vars:
AIRFLOW_CTX_DAG_OWNER=Victor
AIRFLOW_CTX_DAG_ID=dag_etl
AIRFLOW_CTX_TASK_ID=dim_branch
AIRFLOW_CTX_EXECUTION_DATE=2023-04-27T00:00:00+00:00
AIRFLOW_CTX_TRY_NUMBER=1
AIRFLOW_CTX_DAG_RUN_ID=scheduled__2023-04-27T00:00:00+00:00
[2023-04-30 07:04:00,668] {base.py:68} INFO - Using connection ID 'postgres_conn' for task execution.
[2023-04-30 07:04:02,567] {python.py:173} INFO - Done. Returned value was: None
[2023-04-30 07:04:04,790] {taskinstance.py:1400} INFO - Marking task as SUCCESS. dag_id=dag_etl, task_id=dim_branch, execution_date=20230427T000000, start_date=20230430T070341, end_date=20230430T070404
[2023-04-30 07:04:05,830] {local_task_job.py:156} INFO - Task exited with return code 0
[2023-04-30 07:04:08,553] {local_task_job.py:273} INFO - 0 downstream tasks scheduled from follow-on schedule check
