[2023-04-30 18:00:04,672] {taskinstance.py:1159} INFO - Dependencies all met for <TaskInstance: dag_etl.dim_branch scheduled__2023-04-27T00:00:00+00:00 [queued]>
[2023-04-30 18:00:05,098] {taskinstance.py:1159} INFO - Dependencies all met for <TaskInstance: dag_etl.dim_branch scheduled__2023-04-27T00:00:00+00:00 [queued]>
[2023-04-30 18:00:05,118] {taskinstance.py:1356} INFO - 
--------------------------------------------------------------------------------
[2023-04-30 18:00:05,121] {taskinstance.py:1357} INFO - Starting attempt 3 of 6
[2023-04-30 18:00:05,124] {taskinstance.py:1358} INFO - 
--------------------------------------------------------------------------------
[2023-04-30 18:00:05,917] {taskinstance.py:1377} INFO - Executing <Task(_PythonDecoratedOperator): dim_branch> on 2023-04-27 00:00:00+00:00
[2023-04-30 18:00:05,974] {standard_task_runner.py:52} INFO - Started process 1225 to run task
[2023-04-30 18:00:06,121] {standard_task_runner.py:79} INFO - Running: ['***', 'tasks', 'run', 'dag_etl', 'dim_branch', 'scheduled__2023-04-27T00:00:00+00:00', '--job-id', '348', '--raw', '--subdir', 'DAGS_FOLDER/dag_etl_taskflow.py', '--cfg-path', '/tmp/tmpy3a3oz9w', '--error-file', '/tmp/tmpdl7t8gut']
[2023-04-30 18:00:06,174] {standard_task_runner.py:80} INFO - Job 348: Subtask dim_branch
[2023-04-30 18:00:08,589] {task_command.py:370} INFO - Running <TaskInstance: dag_etl.dim_branch scheduled__2023-04-27T00:00:00+00:00 [running]> on host 295d97741f96
[2023-04-30 18:00:15,311] {taskinstance.py:1571} INFO - Exporting the following env vars:
AIRFLOW_CTX_DAG_OWNER=Victor
AIRFLOW_CTX_DAG_ID=dag_etl
AIRFLOW_CTX_TASK_ID=dim_branch
AIRFLOW_CTX_EXECUTION_DATE=2023-04-27T00:00:00+00:00
AIRFLOW_CTX_TRY_NUMBER=3
AIRFLOW_CTX_DAG_RUN_ID=scheduled__2023-04-27T00:00:00+00:00
[2023-04-30 18:00:17,196] {base.py:68} INFO - Using connection ID 'postgres_conn' for task execution.
[2023-04-30 18:00:18,503] {python.py:173} INFO - Done. Returned value was: None
[2023-04-30 18:00:19,464] {taskinstance.py:1400} INFO - Marking task as SUCCESS. dag_id=dag_etl, task_id=dim_branch, execution_date=20230427T000000, start_date=20230430T180004, end_date=20230430T180019
[2023-04-30 18:00:20,137] {local_task_job.py:156} INFO - Task exited with return code 0
[2023-04-30 18:00:23,133] {local_task_job.py:273} INFO - 0 downstream tasks scheduled from follow-on schedule check
