[2023-05-05 05:33:35,237] {taskinstance.py:1159} INFO - Dependencies all met for <TaskInstance: dag_etl.dim_product_line manual__2023-05-05T05:32:51.253337+00:00 [queued]>
[2023-05-05 05:33:35,383] {taskinstance.py:1159} INFO - Dependencies all met for <TaskInstance: dag_etl.dim_product_line manual__2023-05-05T05:32:51.253337+00:00 [queued]>
[2023-05-05 05:33:35,388] {taskinstance.py:1356} INFO - 
--------------------------------------------------------------------------------
[2023-05-05 05:33:35,389] {taskinstance.py:1357} INFO - Starting attempt 1 of 6
[2023-05-05 05:33:35,390] {taskinstance.py:1358} INFO - 
--------------------------------------------------------------------------------
[2023-05-05 05:33:35,490] {taskinstance.py:1377} INFO - Executing <Task(_PythonDecoratedOperator): dim_product_line> on 2023-05-05 05:32:51.253337+00:00
[2023-05-05 05:33:35,513] {standard_task_runner.py:52} INFO - Started process 682 to run task
[2023-05-05 05:33:35,540] {standard_task_runner.py:79} INFO - Running: ['***', 'tasks', 'run', 'dag_etl', 'dim_product_line', 'manual__2023-05-05T05:32:51.253337+00:00', '--job-id', '1031', '--raw', '--subdir', 'DAGS_FOLDER/dag_etl_taskflow.py', '--cfg-path', '/tmp/tmpw1lw8inb', '--error-file', '/tmp/tmpjr03k212']
[2023-05-05 05:33:35,550] {standard_task_runner.py:80} INFO - Job 1031: Subtask dim_product_line
[2023-05-05 05:33:36,202] {task_command.py:370} INFO - Running <TaskInstance: dag_etl.dim_product_line manual__2023-05-05T05:32:51.253337+00:00 [running]> on host 295d97741f96
[2023-05-05 05:33:39,513] {taskinstance.py:1571} INFO - Exporting the following env vars:
AIRFLOW_CTX_DAG_OWNER=Victor
AIRFLOW_CTX_DAG_ID=dag_etl
AIRFLOW_CTX_TASK_ID=dim_product_line
AIRFLOW_CTX_EXECUTION_DATE=2023-05-05T05:32:51.253337+00:00
AIRFLOW_CTX_TRY_NUMBER=1
AIRFLOW_CTX_DAG_RUN_ID=manual__2023-05-05T05:32:51.253337+00:00
[2023-05-05 05:33:40,504] {base.py:68} INFO - Using connection ID 'postgres_conn' for task execution.
[2023-05-05 05:33:41,596] {python.py:173} INFO - Done. Returned value was: None
[2023-05-05 05:33:43,966] {taskinstance.py:1400} INFO - Marking task as SUCCESS. dag_id=dag_etl, task_id=dim_product_line, execution_date=20230505T053251, start_date=20230505T053335, end_date=20230505T053343
[2023-05-05 05:33:44,370] {local_task_job.py:156} INFO - Task exited with return code 0
[2023-05-05 05:33:46,128] {local_task_job.py:273} INFO - 0 downstream tasks scheduled from follow-on schedule check
