[2023-04-30 18:04:37,613] {taskinstance.py:1159} INFO - Dependencies all met for <TaskInstance: dag_etl.dim_product_line manual__2023-04-30T18:03:01.890216+00:00 [queued]>
[2023-04-30 18:04:38,144] {taskinstance.py:1159} INFO - Dependencies all met for <TaskInstance: dag_etl.dim_product_line manual__2023-04-30T18:03:01.890216+00:00 [queued]>
[2023-04-30 18:04:38,146] {taskinstance.py:1356} INFO - 
--------------------------------------------------------------------------------
[2023-04-30 18:04:38,150] {taskinstance.py:1357} INFO - Starting attempt 1 of 6
[2023-04-30 18:04:38,156] {taskinstance.py:1358} INFO - 
--------------------------------------------------------------------------------
[2023-04-30 18:04:38,994] {taskinstance.py:1377} INFO - Executing <Task(_PythonDecoratedOperator): dim_product_line> on 2023-04-30 18:03:01.890216+00:00
[2023-04-30 18:04:39,082] {standard_task_runner.py:52} INFO - Started process 1565 to run task
[2023-04-30 18:04:39,181] {standard_task_runner.py:79} INFO - Running: ['***', 'tasks', 'run', 'dag_etl', 'dim_product_line', 'manual__2023-04-30T18:03:01.890216+00:00', '--job-id', '363', '--raw', '--subdir', 'DAGS_FOLDER/dag_etl_taskflow.py', '--cfg-path', '/tmp/tmpzjbc7vdv', '--error-file', '/tmp/tmplwi7nhi8']
[2023-04-30 18:04:39,194] {standard_task_runner.py:80} INFO - Job 363: Subtask dim_product_line
[2023-04-30 18:04:42,924] {task_command.py:370} INFO - Running <TaskInstance: dag_etl.dim_product_line manual__2023-04-30T18:03:01.890216+00:00 [running]> on host 295d97741f96
[2023-04-30 18:04:51,667] {taskinstance.py:1571} INFO - Exporting the following env vars:
AIRFLOW_CTX_DAG_OWNER=Victor
AIRFLOW_CTX_DAG_ID=dag_etl
AIRFLOW_CTX_TASK_ID=dim_product_line
AIRFLOW_CTX_EXECUTION_DATE=2023-04-30T18:03:01.890216+00:00
AIRFLOW_CTX_TRY_NUMBER=1
AIRFLOW_CTX_DAG_RUN_ID=manual__2023-04-30T18:03:01.890216+00:00
[2023-04-30 18:04:52,905] {base.py:68} INFO - Using connection ID 'postgres_conn' for task execution.
[2023-04-30 18:04:55,563] {python.py:173} INFO - Done. Returned value was: None
[2023-04-30 18:04:57,346] {taskinstance.py:1400} INFO - Marking task as SUCCESS. dag_id=dag_etl, task_id=dim_product_line, execution_date=20230430T180301, start_date=20230430T180437, end_date=20230430T180457
[2023-04-30 18:04:58,490] {local_task_job.py:156} INFO - Task exited with return code 0
[2023-04-30 18:05:00,880] {local_task_job.py:273} INFO - 0 downstream tasks scheduled from follow-on schedule check
