[2023-04-30 17:53:49,318] {taskinstance.py:1159} INFO - Dependencies all met for <TaskInstance: dag_etl.dim_branch manual__2023-04-30T17:52:03.144971+00:00 [queued]>
[2023-04-30 17:53:49,672] {taskinstance.py:1159} INFO - Dependencies all met for <TaskInstance: dag_etl.dim_branch manual__2023-04-30T17:52:03.144971+00:00 [queued]>
[2023-04-30 17:53:49,677] {taskinstance.py:1356} INFO - 
--------------------------------------------------------------------------------
[2023-04-30 17:53:49,685] {taskinstance.py:1357} INFO - Starting attempt 1 of 6
[2023-04-30 17:53:49,687] {taskinstance.py:1358} INFO - 
--------------------------------------------------------------------------------
[2023-04-30 17:53:50,650] {taskinstance.py:1377} INFO - Executing <Task(_PythonDecoratedOperator): dim_branch> on 2023-04-30 17:52:03.144971+00:00
[2023-04-30 17:53:50,702] {standard_task_runner.py:52} INFO - Started process 756 to run task
[2023-04-30 17:53:50,764] {standard_task_runner.py:79} INFO - Running: ['***', 'tasks', 'run', 'dag_etl', 'dim_branch', 'manual__2023-04-30T17:52:03.144971+00:00', '--job-id', '336', '--raw', '--subdir', 'DAGS_FOLDER/dag_etl_taskflow.py', '--cfg-path', '/tmp/tmpl_g8rhq_', '--error-file', '/tmp/tmpd34rq1b6']
[2023-04-30 17:53:50,780] {standard_task_runner.py:80} INFO - Job 336: Subtask dim_branch
[2023-04-30 17:53:52,504] {task_command.py:370} INFO - Running <TaskInstance: dag_etl.dim_branch manual__2023-04-30T17:52:03.144971+00:00 [running]> on host 295d97741f96
[2023-04-30 17:53:58,412] {taskinstance.py:1571} INFO - Exporting the following env vars:
AIRFLOW_CTX_DAG_OWNER=Victor
AIRFLOW_CTX_DAG_ID=dag_etl
AIRFLOW_CTX_TASK_ID=dim_branch
AIRFLOW_CTX_EXECUTION_DATE=2023-04-30T17:52:03.144971+00:00
AIRFLOW_CTX_TRY_NUMBER=1
AIRFLOW_CTX_DAG_RUN_ID=manual__2023-04-30T17:52:03.144971+00:00
[2023-04-30 17:54:00,580] {base.py:68} INFO - Using connection ID 'postgres_conn' for task execution.
[2023-04-30 17:54:02,764] {python.py:173} INFO - Done. Returned value was: None
[2023-04-30 17:54:07,526] {taskinstance.py:1400} INFO - Marking task as SUCCESS. dag_id=dag_etl, task_id=dim_branch, execution_date=20230430T175203, start_date=20230430T175349, end_date=20230430T175407
[2023-04-30 17:54:08,281] {local_task_job.py:156} INFO - Task exited with return code 0
[2023-04-30 17:54:13,925] {local_task_job.py:273} INFO - 0 downstream tasks scheduled from follow-on schedule check
