[2023-04-30 06:57:45,772] {taskinstance.py:1159} INFO - Dependencies all met for <TaskInstance: dag_etl.delete_s3_obj scheduled__2023-04-29T00:00:00+00:00 [queued]>
[2023-04-30 06:57:46,256] {taskinstance.py:1159} INFO - Dependencies all met for <TaskInstance: dag_etl.delete_s3_obj scheduled__2023-04-29T00:00:00+00:00 [queued]>
[2023-04-30 06:57:46,260] {taskinstance.py:1356} INFO - 
--------------------------------------------------------------------------------
[2023-04-30 06:57:46,270] {taskinstance.py:1357} INFO - Starting attempt 2 of 6
[2023-04-30 06:57:46,279] {taskinstance.py:1358} INFO - 
--------------------------------------------------------------------------------
[2023-04-30 06:57:47,485] {taskinstance.py:1377} INFO - Executing <Task(S3DeleteObjectsOperator): delete_s3_obj> on 2023-04-29 00:00:00+00:00
[2023-04-30 06:57:47,666] {standard_task_runner.py:52} INFO - Started process 409 to run task
[2023-04-30 06:57:47,702] {standard_task_runner.py:79} INFO - Running: ['***', 'tasks', 'run', 'dag_etl', 'delete_s3_obj', 'scheduled__2023-04-29T00:00:00+00:00', '--job-id', '27', '--raw', '--subdir', 'DAGS_FOLDER/dag_etl_taskflow.py', '--cfg-path', '/tmp/tmpuol3limw', '--error-file', '/tmp/tmp17lf1gd9']
[2023-04-30 06:57:47,756] {standard_task_runner.py:80} INFO - Job 27: Subtask delete_s3_obj
[2023-04-30 06:57:51,558] {task_command.py:370} INFO - Running <TaskInstance: dag_etl.delete_s3_obj scheduled__2023-04-29T00:00:00+00:00 [running]> on host 295d97741f96
[2023-04-30 06:57:56,696] {taskinstance.py:1571} INFO - Exporting the following env vars:
AIRFLOW_CTX_DAG_OWNER=Victor
AIRFLOW_CTX_DAG_ID=dag_etl
AIRFLOW_CTX_TASK_ID=delete_s3_obj
AIRFLOW_CTX_EXECUTION_DATE=2023-04-29T00:00:00+00:00
AIRFLOW_CTX_TRY_NUMBER=2
AIRFLOW_CTX_DAG_RUN_ID=scheduled__2023-04-29T00:00:00+00:00
[2023-04-30 06:57:57,202] {base.py:68} INFO - Using connection ID 'minio_conn' for task execution.
[2023-04-30 06:57:57,213] {base_aws.py:206} INFO - Credentials retrieved from login
[2023-04-30 06:58:00,187] {s3.py:841} INFO - Deleted: ['supermarket_sales.csv']
[2023-04-30 06:58:00,433] {taskinstance.py:1400} INFO - Marking task as SUCCESS. dag_id=dag_etl, task_id=delete_s3_obj, execution_date=20230429T000000, start_date=20230430T065745, end_date=20230430T065800
[2023-04-30 06:58:01,627] {local_task_job.py:156} INFO - Task exited with return code 0
[2023-04-30 06:58:02,349] {local_task_job.py:273} INFO - 0 downstream tasks scheduled from follow-on schedule check
