[2023-05-02 17:02:06,551] {taskinstance.py:1159} INFO - Dependencies all met for <TaskInstance: dag_etl.dim_product_line manual__2023-05-02T17:01:11.067259+00:00 [queued]>
[2023-05-02 17:02:06,689] {taskinstance.py:1159} INFO - Dependencies all met for <TaskInstance: dag_etl.dim_product_line manual__2023-05-02T17:01:11.067259+00:00 [queued]>
[2023-05-02 17:02:06,690] {taskinstance.py:1356} INFO - 
--------------------------------------------------------------------------------
[2023-05-02 17:02:06,691] {taskinstance.py:1357} INFO - Starting attempt 1 of 6
[2023-05-02 17:02:06,692] {taskinstance.py:1358} INFO - 
--------------------------------------------------------------------------------
[2023-05-02 17:02:06,952] {taskinstance.py:1377} INFO - Executing <Task(_PythonDecoratedOperator): dim_product_line> on 2023-05-02 17:01:11.067259+00:00
[2023-05-02 17:02:06,981] {standard_task_runner.py:52} INFO - Started process 1520 to run task
[2023-05-02 17:02:07,004] {standard_task_runner.py:79} INFO - Running: ['***', 'tasks', 'run', 'dag_etl', 'dim_product_line', 'manual__2023-05-02T17:01:11.067259+00:00', '--job-id', '811', '--raw', '--subdir', 'DAGS_FOLDER/dag_etl_taskflow.py', '--cfg-path', '/tmp/tmpvr3bk_pe', '--error-file', '/tmp/tmpemslsjn0']
[2023-05-02 17:02:07,014] {standard_task_runner.py:80} INFO - Job 811: Subtask dim_product_line
[2023-05-02 17:02:08,325] {task_command.py:370} INFO - Running <TaskInstance: dag_etl.dim_product_line manual__2023-05-02T17:01:11.067259+00:00 [running]> on host 295d97741f96
[2023-05-02 17:02:12,854] {taskinstance.py:1571} INFO - Exporting the following env vars:
AIRFLOW_CTX_DAG_OWNER=Victor
AIRFLOW_CTX_DAG_ID=dag_etl
AIRFLOW_CTX_TASK_ID=dim_product_line
AIRFLOW_CTX_EXECUTION_DATE=2023-05-02T17:01:11.067259+00:00
AIRFLOW_CTX_TRY_NUMBER=1
AIRFLOW_CTX_DAG_RUN_ID=manual__2023-05-02T17:01:11.067259+00:00
[2023-05-02 17:02:13,707] {base.py:68} INFO - Using connection ID 'postgres_conn' for task execution.
[2023-05-02 17:02:14,277] {python.py:173} INFO - Done. Returned value was: None
[2023-05-02 17:02:15,726] {taskinstance.py:1400} INFO - Marking task as SUCCESS. dag_id=dag_etl, task_id=dim_product_line, execution_date=20230502T170111, start_date=20230502T170206, end_date=20230502T170215
[2023-05-02 17:02:16,435] {local_task_job.py:156} INFO - Task exited with return code 0
[2023-05-02 17:02:17,875] {local_task_job.py:273} INFO - 0 downstream tasks scheduled from follow-on schedule check
