[2023-05-02 15:31:41,295] {taskinstance.py:1159} INFO - Dependencies all met for <TaskInstance: dag_etl_date.fact_nds manual__2023-05-02T15:30:45.232220+00:00 [queued]>
[2023-05-02 15:31:41,357] {taskinstance.py:1159} INFO - Dependencies all met for <TaskInstance: dag_etl_date.fact_nds manual__2023-05-02T15:30:45.232220+00:00 [queued]>
[2023-05-02 15:31:41,359] {taskinstance.py:1356} INFO - 
--------------------------------------------------------------------------------
[2023-05-02 15:31:41,360] {taskinstance.py:1357} INFO - Starting attempt 1 of 6
[2023-05-02 15:31:41,361] {taskinstance.py:1358} INFO - 
--------------------------------------------------------------------------------
[2023-05-02 15:31:41,452] {taskinstance.py:1377} INFO - Executing <Task(_PythonDecoratedOperator): fact_nds> on 2023-05-02 15:30:45.232220+00:00
[2023-05-02 15:31:41,461] {standard_task_runner.py:52} INFO - Started process 484 to run task
[2023-05-02 15:31:41,469] {standard_task_runner.py:79} INFO - Running: ['***', 'tasks', 'run', 'dag_etl_date', 'fact_nds', 'manual__2023-05-02T15:30:45.232220+00:00', '--job-id', '714', '--raw', '--subdir', 'DAGS_FOLDER/dag_etl_taskflow_date.py', '--cfg-path', '/tmp/tmph2bxvhic', '--error-file', '/tmp/tmpk8gdxp2j']
[2023-05-02 15:31:41,472] {standard_task_runner.py:80} INFO - Job 714: Subtask fact_nds
[2023-05-02 15:31:41,848] {task_command.py:370} INFO - Running <TaskInstance: dag_etl_date.fact_nds manual__2023-05-02T15:30:45.232220+00:00 [running]> on host 295d97741f96
[2023-05-02 15:31:42,548] {taskinstance.py:1571} INFO - Exporting the following env vars:
AIRFLOW_CTX_DAG_OWNER=Victor
AIRFLOW_CTX_DAG_ID=dag_etl_date
AIRFLOW_CTX_TASK_ID=fact_nds
AIRFLOW_CTX_EXECUTION_DATE=2023-05-02T15:30:45.232220+00:00
AIRFLOW_CTX_TRY_NUMBER=1
AIRFLOW_CTX_DAG_RUN_ID=manual__2023-05-02T15:30:45.232220+00:00
[2023-05-02 15:31:42,630] {base.py:68} INFO - Using connection ID 'postgres_conn' for task execution.
[2023-05-02 15:31:42,942] {base.py:68} INFO - Using connection ID 'postgres_conn' for task execution.
[2023-05-02 15:31:43,975] {python.py:173} INFO - Done. Returned value was: None
[2023-05-02 15:31:44,092] {taskinstance.py:1400} INFO - Marking task as SUCCESS. dag_id=dag_etl_date, task_id=fact_nds, execution_date=20230502T153045, start_date=20230502T153141, end_date=20230502T153144
[2023-05-02 15:31:44,189] {local_task_job.py:156} INFO - Task exited with return code 0
[2023-05-02 15:31:44,502] {local_task_job.py:273} INFO - 1 downstream tasks scheduled from follow-on schedule check
