[2023-04-30 08:15:53,383] {taskinstance.py:1159} INFO - Dependencies all met for <TaskInstance: dag_etl.dim_time manual__2023-04-30T08:15:12.066946+00:00 [queued]>
[2023-04-30 08:15:53,551] {taskinstance.py:1159} INFO - Dependencies all met for <TaskInstance: dag_etl.dim_time manual__2023-04-30T08:15:12.066946+00:00 [queued]>
[2023-04-30 08:15:53,553] {taskinstance.py:1356} INFO - 
--------------------------------------------------------------------------------
[2023-04-30 08:15:53,554] {taskinstance.py:1357} INFO - Starting attempt 1 of 6
[2023-04-30 08:15:53,559] {taskinstance.py:1358} INFO - 
--------------------------------------------------------------------------------
[2023-04-30 08:15:53,934] {taskinstance.py:1377} INFO - Executing <Task(_PythonDecoratedOperator): dim_time> on 2023-04-30 08:15:12.066946+00:00
[2023-04-30 08:15:53,973] {standard_task_runner.py:52} INFO - Started process 512 to run task
[2023-04-30 08:15:54,005] {standard_task_runner.py:79} INFO - Running: ['***', 'tasks', 'run', 'dag_etl', 'dim_time', 'manual__2023-04-30T08:15:12.066946+00:00', '--job-id', '130', '--raw', '--subdir', 'DAGS_FOLDER/dag_etl_taskflow.py', '--cfg-path', '/tmp/tmp2qvo_0fi', '--error-file', '/tmp/tmpiy02c6ij']
[2023-04-30 08:15:54,028] {standard_task_runner.py:80} INFO - Job 130: Subtask dim_time
[2023-04-30 08:15:54,935] {task_command.py:370} INFO - Running <TaskInstance: dag_etl.dim_time manual__2023-04-30T08:15:12.066946+00:00 [running]> on host 295d97741f96
[2023-04-30 08:16:00,244] {taskinstance.py:1571} INFO - Exporting the following env vars:
AIRFLOW_CTX_DAG_OWNER=Victor
AIRFLOW_CTX_DAG_ID=dag_etl
AIRFLOW_CTX_TASK_ID=dim_time
AIRFLOW_CTX_EXECUTION_DATE=2023-04-30T08:15:12.066946+00:00
AIRFLOW_CTX_TRY_NUMBER=1
AIRFLOW_CTX_DAG_RUN_ID=manual__2023-04-30T08:15:12.066946+00:00
[2023-04-30 08:16:02,045] {base.py:68} INFO - Using connection ID 'postgres_conn' for task execution.
[2023-04-30 08:16:03,399] {python.py:173} INFO - Done. Returned value was: None
[2023-04-30 08:16:04,090] {taskinstance.py:1400} INFO - Marking task as SUCCESS. dag_id=dag_etl, task_id=dim_time, execution_date=20230430T081512, start_date=20230430T081553, end_date=20230430T081604
[2023-04-30 08:16:04,354] {local_task_job.py:156} INFO - Task exited with return code 0
[2023-04-30 08:16:07,038] {local_task_job.py:273} INFO - 0 downstream tasks scheduled from follow-on schedule check
