[2023-05-02 15:31:21,935] {taskinstance.py:1159} INFO - Dependencies all met for <TaskInstance: dag_etl_date.dim_customer_type manual__2023-05-02T15:30:45.232220+00:00 [queued]>
[2023-05-02 15:31:22,071] {taskinstance.py:1159} INFO - Dependencies all met for <TaskInstance: dag_etl_date.dim_customer_type manual__2023-05-02T15:30:45.232220+00:00 [queued]>
[2023-05-02 15:31:22,073] {taskinstance.py:1356} INFO - 
--------------------------------------------------------------------------------
[2023-05-02 15:31:22,079] {taskinstance.py:1357} INFO - Starting attempt 1 of 6
[2023-05-02 15:31:22,080] {taskinstance.py:1358} INFO - 
--------------------------------------------------------------------------------
[2023-05-02 15:31:22,392] {taskinstance.py:1377} INFO - Executing <Task(_PythonDecoratedOperator): dim_customer_type> on 2023-05-02 15:30:45.232220+00:00
[2023-05-02 15:31:22,417] {standard_task_runner.py:52} INFO - Started process 444 to run task
[2023-05-02 15:31:22,461] {standard_task_runner.py:79} INFO - Running: ['***', 'tasks', 'run', 'dag_etl_date', 'dim_customer_type', 'manual__2023-05-02T15:30:45.232220+00:00', '--job-id', '712', '--raw', '--subdir', 'DAGS_FOLDER/dag_etl_taskflow_date.py', '--cfg-path', '/tmp/tmpeqhsyuq_', '--error-file', '/tmp/tmp5fba14gv']
[2023-05-02 15:31:22,472] {standard_task_runner.py:80} INFO - Job 712: Subtask dim_customer_type
[2023-05-02 15:31:23,791] {task_command.py:370} INFO - Running <TaskInstance: dag_etl_date.dim_customer_type manual__2023-05-02T15:30:45.232220+00:00 [running]> on host 295d97741f96
[2023-05-02 15:31:27,580] {taskinstance.py:1571} INFO - Exporting the following env vars:
AIRFLOW_CTX_DAG_OWNER=Victor
AIRFLOW_CTX_DAG_ID=dag_etl_date
AIRFLOW_CTX_TASK_ID=dim_customer_type
AIRFLOW_CTX_EXECUTION_DATE=2023-05-02T15:30:45.232220+00:00
AIRFLOW_CTX_TRY_NUMBER=1
AIRFLOW_CTX_DAG_RUN_ID=manual__2023-05-02T15:30:45.232220+00:00
[2023-05-02 15:31:28,144] {base.py:68} INFO - Using connection ID 'postgres_conn' for task execution.
[2023-05-02 15:31:28,863] {python.py:173} INFO - Done. Returned value was: None
[2023-05-02 15:31:29,946] {taskinstance.py:1400} INFO - Marking task as SUCCESS. dag_id=dag_etl_date, task_id=dim_customer_type, execution_date=20230502T153045, start_date=20230502T153121, end_date=20230502T153129
[2023-05-02 15:31:30,116] {local_task_job.py:156} INFO - Task exited with return code 0
[2023-05-02 15:31:30,547] {local_task_job.py:273} INFO - 1 downstream tasks scheduled from follow-on schedule check
