[2023-04-30 15:50:04,198] {taskinstance.py:1159} INFO - Dependencies all met for <TaskInstance: dag_etl.dim_time manual__2023-04-30T15:48:08.925128+00:00 [queued]>
[2023-04-30 15:50:04,341] {taskinstance.py:1159} INFO - Dependencies all met for <TaskInstance: dag_etl.dim_time manual__2023-04-30T15:48:08.925128+00:00 [queued]>
[2023-04-30 15:50:04,343] {taskinstance.py:1356} INFO - 
--------------------------------------------------------------------------------
[2023-04-30 15:50:04,345] {taskinstance.py:1357} INFO - Starting attempt 1 of 6
[2023-04-30 15:50:04,348] {taskinstance.py:1358} INFO - 
--------------------------------------------------------------------------------
[2023-04-30 15:50:05,092] {taskinstance.py:1377} INFO - Executing <Task(_PythonDecoratedOperator): dim_time> on 2023-04-30 15:48:08.925128+00:00
[2023-04-30 15:50:05,241] {standard_task_runner.py:79} INFO - Running: ['***', 'tasks', 'run', 'dag_etl', 'dim_time', 'manual__2023-04-30T15:48:08.925128+00:00', '--job-id', '318', '--raw', '--subdir', 'DAGS_FOLDER/dag_etl_taskflow.py', '--cfg-path', '/tmp/tmpte458wly', '--error-file', '/tmp/tmpe_jig931']
[2023-04-30 15:50:05,175] {standard_task_runner.py:52} INFO - Started process 1086 to run task
[2023-04-30 15:50:05,260] {standard_task_runner.py:80} INFO - Job 318: Subtask dim_time
[2023-04-30 15:50:07,827] {task_command.py:370} INFO - Running <TaskInstance: dag_etl.dim_time manual__2023-04-30T15:48:08.925128+00:00 [running]> on host 295d97741f96
[2023-04-30 15:50:15,155] {taskinstance.py:1571} INFO - Exporting the following env vars:
AIRFLOW_CTX_DAG_OWNER=Victor
AIRFLOW_CTX_DAG_ID=dag_etl
AIRFLOW_CTX_TASK_ID=dim_time
AIRFLOW_CTX_EXECUTION_DATE=2023-04-30T15:48:08.925128+00:00
AIRFLOW_CTX_TRY_NUMBER=1
AIRFLOW_CTX_DAG_RUN_ID=manual__2023-04-30T15:48:08.925128+00:00
[2023-04-30 15:50:18,709] {base.py:68} INFO - Using connection ID 'postgres_conn' for task execution.
[2023-04-30 15:50:22,791] {python.py:173} INFO - Done. Returned value was: None
[2023-04-30 15:50:23,484] {taskinstance.py:1400} INFO - Marking task as SUCCESS. dag_id=dag_etl, task_id=dim_time, execution_date=20230430T154808, start_date=20230430T155004, end_date=20230430T155023
[2023-04-30 15:50:24,114] {local_task_job.py:156} INFO - Task exited with return code 0
[2023-04-30 15:50:25,637] {local_task_job.py:273} INFO - 0 downstream tasks scheduled from follow-on schedule check
