[2023-05-02 11:42:56,624] {taskinstance.py:1159} INFO - Dependencies all met for <TaskInstance: dag_etl.dim_payment manual__2023-05-02T11:41:45.968792+00:00 [queued]>
[2023-05-02 11:42:57,003] {taskinstance.py:1159} INFO - Dependencies all met for <TaskInstance: dag_etl.dim_payment manual__2023-05-02T11:41:45.968792+00:00 [queued]>
[2023-05-02 11:42:57,010] {taskinstance.py:1356} INFO - 
--------------------------------------------------------------------------------
[2023-05-02 11:42:57,018] {taskinstance.py:1357} INFO - Starting attempt 1 of 6
[2023-05-02 11:42:57,021] {taskinstance.py:1358} INFO - 
--------------------------------------------------------------------------------
[2023-05-02 11:42:57,574] {taskinstance.py:1377} INFO - Executing <Task(_PythonDecoratedOperator): dim_payment> on 2023-05-02 11:41:45.968792+00:00
[2023-05-02 11:42:57,604] {standard_task_runner.py:52} INFO - Started process 742 to run task
[2023-05-02 11:42:57,649] {standard_task_runner.py:79} INFO - Running: ['***', 'tasks', 'run', 'dag_etl', 'dim_payment', 'manual__2023-05-02T11:41:45.968792+00:00', '--job-id', '494', '--raw', '--subdir', 'DAGS_FOLDER/dag_etl_taskflow.py', '--cfg-path', '/tmp/tmp_758nygx', '--error-file', '/tmp/tmpb_0k3r3y']
[2023-05-02 11:42:57,667] {standard_task_runner.py:80} INFO - Job 494: Subtask dim_payment
[2023-05-02 11:42:59,127] {task_command.py:370} INFO - Running <TaskInstance: dag_etl.dim_payment manual__2023-05-02T11:41:45.968792+00:00 [running]> on host 295d97741f96
[2023-05-02 11:43:04,016] {taskinstance.py:1571} INFO - Exporting the following env vars:
AIRFLOW_CTX_DAG_OWNER=Victor
AIRFLOW_CTX_DAG_ID=dag_etl
AIRFLOW_CTX_TASK_ID=dim_payment
AIRFLOW_CTX_EXECUTION_DATE=2023-05-02T11:41:45.968792+00:00
AIRFLOW_CTX_TRY_NUMBER=1
AIRFLOW_CTX_DAG_RUN_ID=manual__2023-05-02T11:41:45.968792+00:00
[2023-05-02 11:43:04,912] {base.py:68} INFO - Using connection ID 'postgres_conn' for task execution.
[2023-05-02 11:43:05,601] {python.py:173} INFO - Done. Returned value was: None
[2023-05-02 11:43:06,059] {taskinstance.py:1400} INFO - Marking task as SUCCESS. dag_id=dag_etl, task_id=dim_payment, execution_date=20230502T114145, start_date=20230502T114256, end_date=20230502T114306
[2023-05-02 11:43:06,371] {local_task_job.py:156} INFO - Task exited with return code 0
[2023-05-02 11:43:07,900] {local_task_job.py:273} INFO - 0 downstream tasks scheduled from follow-on schedule check
