[2023-05-04 04:56:12,132] {taskinstance.py:1159} INFO - Dependencies all met for <TaskInstance: dag_etl.dim_branch manual__2023-05-04T04:55:27.686156+00:00 [queued]>
[2023-05-04 04:56:12,301] {taskinstance.py:1159} INFO - Dependencies all met for <TaskInstance: dag_etl.dim_branch manual__2023-05-04T04:55:27.686156+00:00 [queued]>
[2023-05-04 04:56:12,303] {taskinstance.py:1356} INFO - 
--------------------------------------------------------------------------------
[2023-05-04 04:56:12,304] {taskinstance.py:1357} INFO - Starting attempt 1 of 6
[2023-05-04 04:56:12,304] {taskinstance.py:1358} INFO - 
--------------------------------------------------------------------------------
[2023-05-04 04:56:12,429] {taskinstance.py:1377} INFO - Executing <Task(_PythonDecoratedOperator): dim_branch> on 2023-05-04 04:55:27.686156+00:00
[2023-05-04 04:56:12,449] {standard_task_runner.py:52} INFO - Started process 571 to run task
[2023-05-04 04:56:12,469] {standard_task_runner.py:79} INFO - Running: ['***', 'tasks', 'run', 'dag_etl', 'dim_branch', 'manual__2023-05-04T04:55:27.686156+00:00', '--job-id', '891', '--raw', '--subdir', 'DAGS_FOLDER/dag_etl_taskflow.py', '--cfg-path', '/tmp/tmpjtzwuct6', '--error-file', '/tmp/tmpfxgxydw1']
[2023-05-04 04:56:12,473] {standard_task_runner.py:80} INFO - Job 891: Subtask dim_branch
[2023-05-04 04:56:12,964] {task_command.py:370} INFO - Running <TaskInstance: dag_etl.dim_branch manual__2023-05-04T04:55:27.686156+00:00 [running]> on host 295d97741f96
[2023-05-04 04:56:14,807] {taskinstance.py:1571} INFO - Exporting the following env vars:
AIRFLOW_CTX_DAG_OWNER=Victor
AIRFLOW_CTX_DAG_ID=dag_etl
AIRFLOW_CTX_TASK_ID=dim_branch
AIRFLOW_CTX_EXECUTION_DATE=2023-05-04T04:55:27.686156+00:00
AIRFLOW_CTX_TRY_NUMBER=1
AIRFLOW_CTX_DAG_RUN_ID=manual__2023-05-04T04:55:27.686156+00:00
[2023-05-04 04:56:15,600] {base.py:68} INFO - Using connection ID 'postgres_conn' for task execution.
[2023-05-04 04:56:16,588] {python.py:173} INFO - Done. Returned value was: None
[2023-05-04 04:56:16,921] {taskinstance.py:1400} INFO - Marking task as SUCCESS. dag_id=dag_etl, task_id=dim_branch, execution_date=20230504T045527, start_date=20230504T045612, end_date=20230504T045616
[2023-05-04 04:56:17,154] {local_task_job.py:156} INFO - Task exited with return code 0
[2023-05-04 04:56:18,846] {local_task_job.py:273} INFO - 0 downstream tasks scheduled from follow-on schedule check
