[2023-05-02 15:35:51,694] {taskinstance.py:1159} INFO - Dependencies all met for <TaskInstance: dag_etl_date.fact_nds manual__2023-05-02T15:34:57.018665+00:00 [queued]>
[2023-05-02 15:35:51,755] {taskinstance.py:1159} INFO - Dependencies all met for <TaskInstance: dag_etl_date.fact_nds manual__2023-05-02T15:34:57.018665+00:00 [queued]>
[2023-05-02 15:35:51,757] {taskinstance.py:1356} INFO - 
--------------------------------------------------------------------------------
[2023-05-02 15:35:51,757] {taskinstance.py:1357} INFO - Starting attempt 1 of 6
[2023-05-02 15:35:51,758] {taskinstance.py:1358} INFO - 
--------------------------------------------------------------------------------
[2023-05-02 15:35:51,848] {taskinstance.py:1377} INFO - Executing <Task(_PythonDecoratedOperator): fact_nds> on 2023-05-02 15:34:57.018665+00:00
[2023-05-02 15:35:51,858] {standard_task_runner.py:52} INFO - Started process 976 to run task
[2023-05-02 15:35:51,866] {standard_task_runner.py:79} INFO - Running: ['***', 'tasks', 'run', 'dag_etl_date', 'fact_nds', 'manual__2023-05-02T15:34:57.018665+00:00', '--job-id', '744', '--raw', '--subdir', 'DAGS_FOLDER/dag_etl_taskflow_date.py', '--cfg-path', '/tmp/tmpip80n44r', '--error-file', '/tmp/tmpx6t71f4x']
[2023-05-02 15:35:51,869] {standard_task_runner.py:80} INFO - Job 744: Subtask fact_nds
[2023-05-02 15:35:52,243] {task_command.py:370} INFO - Running <TaskInstance: dag_etl_date.fact_nds manual__2023-05-02T15:34:57.018665+00:00 [running]> on host 295d97741f96
[2023-05-02 15:35:52,977] {taskinstance.py:1571} INFO - Exporting the following env vars:
AIRFLOW_CTX_DAG_OWNER=Victor
AIRFLOW_CTX_DAG_ID=dag_etl_date
AIRFLOW_CTX_TASK_ID=fact_nds
AIRFLOW_CTX_EXECUTION_DATE=2023-05-02T15:34:57.018665+00:00
AIRFLOW_CTX_TRY_NUMBER=1
AIRFLOW_CTX_DAG_RUN_ID=manual__2023-05-02T15:34:57.018665+00:00
[2023-05-02 15:35:53,061] {base.py:68} INFO - Using connection ID 'postgres_conn' for task execution.
[2023-05-02 15:35:53,396] {base.py:68} INFO - Using connection ID 'postgres_conn' for task execution.
[2023-05-02 15:35:54,505] {python.py:173} INFO - Done. Returned value was: None
[2023-05-02 15:35:54,676] {taskinstance.py:1400} INFO - Marking task as SUCCESS. dag_id=dag_etl_date, task_id=fact_nds, execution_date=20230502T153457, start_date=20230502T153551, end_date=20230502T153554
[2023-05-02 15:35:54,763] {local_task_job.py:156} INFO - Task exited with return code 0
[2023-05-02 15:35:55,133] {local_task_job.py:273} INFO - 1 downstream tasks scheduled from follow-on schedule check
