[2023-05-04 05:14:28,652] {taskinstance.py:1159} INFO - Dependencies all met for <TaskInstance: dag_etl.sensor_s3_obj manual__2023-05-04T05:14:23.870311+00:00 [queued]>
[2023-05-04 05:14:28,732] {taskinstance.py:1159} INFO - Dependencies all met for <TaskInstance: dag_etl.sensor_s3_obj manual__2023-05-04T05:14:23.870311+00:00 [queued]>
[2023-05-04 05:14:28,733] {taskinstance.py:1356} INFO - 
--------------------------------------------------------------------------------
[2023-05-04 05:14:28,734] {taskinstance.py:1357} INFO - Starting attempt 1 of 6
[2023-05-04 05:14:28,735] {taskinstance.py:1358} INFO - 
--------------------------------------------------------------------------------
[2023-05-04 05:14:28,852] {taskinstance.py:1377} INFO - Executing <Task(S3KeySensor): sensor_s3_obj> on 2023-05-04 05:14:23.870311+00:00
[2023-05-04 05:14:28,864] {standard_task_runner.py:52} INFO - Started process 1097 to run task
[2023-05-04 05:14:28,891] {standard_task_runner.py:79} INFO - Running: ['***', 'tasks', 'run', 'dag_etl', 'sensor_s3_obj', 'manual__2023-05-04T05:14:23.870311+00:00', '--job-id', '956', '--raw', '--subdir', 'DAGS_FOLDER/dag_etl_taskflow.py', '--cfg-path', '/tmp/tmpp00a2ai4', '--error-file', '/tmp/tmpwo8jg21r']
[2023-05-04 05:14:28,894] {standard_task_runner.py:80} INFO - Job 956: Subtask sensor_s3_obj
[2023-05-04 05:14:29,348] {task_command.py:370} INFO - Running <TaskInstance: dag_etl.sensor_s3_obj manual__2023-05-04T05:14:23.870311+00:00 [running]> on host 295d97741f96
[2023-05-04 05:14:29,980] {taskinstance.py:1571} INFO - Exporting the following env vars:
AIRFLOW_CTX_DAG_OWNER=Victor
AIRFLOW_CTX_DAG_ID=dag_etl
AIRFLOW_CTX_TASK_ID=sensor_s3_obj
AIRFLOW_CTX_EXECUTION_DATE=2023-05-04T05:14:23.870311+00:00
AIRFLOW_CTX_TRY_NUMBER=1
AIRFLOW_CTX_DAG_RUN_ID=manual__2023-05-04T05:14:23.870311+00:00
[2023-05-04 05:14:29,985] {s3.py:104} INFO - Poking for key : s3://raw/supermarket_sales.csv
[2023-05-04 05:14:30,079] {base.py:68} INFO - Using connection ID 'minio_conn' for task execution.
[2023-05-04 05:14:30,088] {base_aws.py:206} INFO - Credentials retrieved from login
[2023-05-04 05:14:30,457] {base.py:301} INFO - Success criteria met. Exiting.
[2023-05-04 05:14:30,582] {taskinstance.py:1400} INFO - Marking task as SUCCESS. dag_id=dag_etl, task_id=sensor_s3_obj, execution_date=20230504T051423, start_date=20230504T051428, end_date=20230504T051430
[2023-05-04 05:14:30,907] {local_task_job.py:156} INFO - Task exited with return code 0
[2023-05-04 05:14:31,524] {local_task_job.py:273} INFO - 0 downstream tasks scheduled from follow-on schedule check
