[2023-05-02 11:56:59,995] {taskinstance.py:1159} INFO - Dependencies all met for <TaskInstance: dag_etl.clear_data_directory manual__2023-05-02T11:55:27.901699+00:00 [queued]>
[2023-05-02 11:57:00,059] {taskinstance.py:1159} INFO - Dependencies all met for <TaskInstance: dag_etl.clear_data_directory manual__2023-05-02T11:55:27.901699+00:00 [queued]>
[2023-05-02 11:57:00,060] {taskinstance.py:1356} INFO - 
--------------------------------------------------------------------------------
[2023-05-02 11:57:00,061] {taskinstance.py:1357} INFO - Starting attempt 1 of 6
[2023-05-02 11:57:00,062] {taskinstance.py:1358} INFO - 
--------------------------------------------------------------------------------
[2023-05-02 11:57:00,172] {taskinstance.py:1377} INFO - Executing <Task(BashOperator): clear_data_directory> on 2023-05-02 11:55:27.901699+00:00
[2023-05-02 11:57:00,184] {standard_task_runner.py:52} INFO - Started process 1910 to run task
[2023-05-02 11:57:00,202] {standard_task_runner.py:79} INFO - Running: ['***', 'tasks', 'run', 'dag_etl', 'clear_data_directory', 'manual__2023-05-02T11:55:27.901699+00:00', '--job-id', '538', '--raw', '--subdir', 'DAGS_FOLDER/dag_etl_taskflow.py', '--cfg-path', '/tmp/tmppxelt6f0', '--error-file', '/tmp/tmplhd05xip']
[2023-05-02 11:57:00,212] {standard_task_runner.py:80} INFO - Job 538: Subtask clear_data_directory
[2023-05-02 11:57:00,591] {task_command.py:370} INFO - Running <TaskInstance: dag_etl.clear_data_directory manual__2023-05-02T11:55:27.901699+00:00 [running]> on host 295d97741f96
[2023-05-02 11:57:01,221] {taskinstance.py:1571} INFO - Exporting the following env vars:
AIRFLOW_CTX_DAG_OWNER=Victor
AIRFLOW_CTX_DAG_ID=dag_etl
AIRFLOW_CTX_TASK_ID=clear_data_directory
AIRFLOW_CTX_EXECUTION_DATE=2023-05-02T11:55:27.901699+00:00
AIRFLOW_CTX_TRY_NUMBER=1
AIRFLOW_CTX_DAG_RUN_ID=manual__2023-05-02T11:55:27.901699+00:00
[2023-05-02 11:57:01,225] {subprocess.py:62} INFO - Tmp dir root location: 
 /tmp
[2023-05-02 11:57:01,227] {subprocess.py:74} INFO - Running command: ['bash', '-c', 'rm -rf ${pwd}data/* | echo "приехали"']
[2023-05-02 11:57:01,250] {subprocess.py:85} INFO - Output:
[2023-05-02 11:57:01,298] {subprocess.py:92} INFO - приехали
[2023-05-02 11:57:01,327] {subprocess.py:96} INFO - Command exited with return code 0
[2023-05-02 11:57:01,583] {taskinstance.py:1400} INFO - Marking task as SUCCESS. dag_id=dag_etl, task_id=clear_data_directory, execution_date=20230502T115527, start_date=20230502T115659, end_date=20230502T115701
[2023-05-02 11:57:01,668] {local_task_job.py:156} INFO - Task exited with return code 0
[2023-05-02 11:57:01,924] {local_task_job.py:273} INFO - 0 downstream tasks scheduled from follow-on schedule check
