[2023-05-02 13:55:36,978] {taskinstance.py:1159} INFO - Dependencies all met for <TaskInstance: dag_etl.dim_date manual__2023-05-02T13:55:16.904018+00:00 [queued]>
[2023-05-02 13:55:37,036] {taskinstance.py:1159} INFO - Dependencies all met for <TaskInstance: dag_etl.dim_date manual__2023-05-02T13:55:16.904018+00:00 [queued]>
[2023-05-02 13:55:37,041] {taskinstance.py:1356} INFO - 
--------------------------------------------------------------------------------
[2023-05-02 13:55:37,043] {taskinstance.py:1357} INFO - Starting attempt 1 of 6
[2023-05-02 13:55:37,044] {taskinstance.py:1358} INFO - 
--------------------------------------------------------------------------------
[2023-05-02 13:55:37,192] {taskinstance.py:1377} INFO - Executing <Task(_PythonDecoratedOperator): dim_date> on 2023-05-02 13:55:16.904018+00:00
[2023-05-02 13:55:37,211] {standard_task_runner.py:52} INFO - Started process 1547 to run task
[2023-05-02 13:55:37,231] {standard_task_runner.py:79} INFO - Running: ['***', 'tasks', 'run', 'dag_etl', 'dim_date', 'manual__2023-05-02T13:55:16.904018+00:00', '--job-id', '599', '--raw', '--subdir', 'DAGS_FOLDER/dag_etl_taskflow.py', '--cfg-path', '/tmp/tmpzg_skk70', '--error-file', '/tmp/tmpqxu8g_zu']
[2023-05-02 13:55:37,246] {standard_task_runner.py:80} INFO - Job 599: Subtask dim_date
[2023-05-02 13:55:37,974] {task_command.py:370} INFO - Running <TaskInstance: dag_etl.dim_date manual__2023-05-02T13:55:16.904018+00:00 [running]> on host 295d97741f96
[2023-05-02 13:55:39,396] {taskinstance.py:1571} INFO - Exporting the following env vars:
AIRFLOW_CTX_DAG_OWNER=Victor
AIRFLOW_CTX_DAG_ID=dag_etl
AIRFLOW_CTX_TASK_ID=dim_date
AIRFLOW_CTX_EXECUTION_DATE=2023-05-02T13:55:16.904018+00:00
AIRFLOW_CTX_TRY_NUMBER=1
AIRFLOW_CTX_DAG_RUN_ID=manual__2023-05-02T13:55:16.904018+00:00
[2023-05-02 13:55:47,592] {base.py:68} INFO - Using connection ID 'postgres_conn' for task execution.
[2023-05-02 13:55:48,224] {taskinstance.py:1889} ERROR - Task failed with exception
Traceback (most recent call last):
  File "/home/airflow/.local/lib/python3.7/site-packages/airflow/decorators/base.py", line 179, in execute
    return_value = super().execute(context)
  File "/home/airflow/.local/lib/python3.7/site-packages/airflow/operators/python.py", line 171, in execute
    return_value = self.execute_callable()
  File "/home/airflow/.local/lib/python3.7/site-packages/airflow/operators/python.py", line 189, in execute_callable
    return self.python_callable(*self.op_args, **self.op_kwargs)
  File "/opt/airflow/dags/dag_etl_taskflow.py", line 278, in dim_date
    'week_start': sqlalchemy.types.DATE()})
  File "/home/airflow/.local/lib/python3.7/site-packages/pandas/core/generic.py", line 2882, in to_sql
    method=method,
  File "/home/airflow/.local/lib/python3.7/site-packages/pandas/io/sql.py", line 728, in to_sql
    **engine_kwargs,
  File "/home/airflow/.local/lib/python3.7/site-packages/pandas/io/sql.py", line 1758, in to_sql
    dtype=dtype,
  File "/home/airflow/.local/lib/python3.7/site-packages/pandas/io/sql.py", line 1650, in prep_table
    table.create()
  File "/home/airflow/.local/lib/python3.7/site-packages/pandas/io/sql.py", line 858, in create
    raise ValueError(f"Table '{self.name}' already exists.")
ValueError: Table 'dim_date' already exists.
[2023-05-02 13:55:48,583] {taskinstance.py:1400} INFO - Marking task as UP_FOR_RETRY. dag_id=dag_etl, task_id=dim_date, execution_date=20230502T135516, start_date=20230502T135536, end_date=20230502T135548
[2023-05-02 13:55:48,762] {standard_task_runner.py:97} ERROR - Failed to execute job 599 for task dim_date (Table 'dim_date' already exists.; 1547)
[2023-05-02 13:55:48,852] {local_task_job.py:156} INFO - Task exited with return code 1
[2023-05-02 13:55:49,361] {local_task_job.py:273} INFO - 0 downstream tasks scheduled from follow-on schedule check
