[2023-05-04 05:14:58,225] {taskinstance.py:1159} INFO - Dependencies all met for <TaskInstance: dag_etl.delete_s3_obj manual__2023-05-04T05:14:23.870311+00:00 [queued]>
[2023-05-04 05:14:58,386] {taskinstance.py:1159} INFO - Dependencies all met for <TaskInstance: dag_etl.delete_s3_obj manual__2023-05-04T05:14:23.870311+00:00 [queued]>
[2023-05-04 05:14:58,387] {taskinstance.py:1356} INFO - 
--------------------------------------------------------------------------------
[2023-05-04 05:14:58,389] {taskinstance.py:1357} INFO - Starting attempt 1 of 6
[2023-05-04 05:14:58,390] {taskinstance.py:1358} INFO - 
--------------------------------------------------------------------------------
[2023-05-04 05:14:58,723] {taskinstance.py:1377} INFO - Executing <Task(S3DeleteObjectsOperator): delete_s3_obj> on 2023-05-04 05:14:23.870311+00:00
[2023-05-04 05:14:58,750] {standard_task_runner.py:52} INFO - Started process 1166 to run task
[2023-05-04 05:14:58,792] {standard_task_runner.py:79} INFO - Running: ['***', 'tasks', 'run', 'dag_etl', 'delete_s3_obj', 'manual__2023-05-04T05:14:23.870311+00:00', '--job-id', '962', '--raw', '--subdir', 'DAGS_FOLDER/dag_etl_taskflow.py', '--cfg-path', '/tmp/tmpwsx6tfvg', '--error-file', '/tmp/tmpdp5y6irg']
[2023-05-04 05:14:58,798] {standard_task_runner.py:80} INFO - Job 962: Subtask delete_s3_obj
[2023-05-04 05:14:59,900] {task_command.py:370} INFO - Running <TaskInstance: dag_etl.delete_s3_obj manual__2023-05-04T05:14:23.870311+00:00 [running]> on host 295d97741f96
[2023-05-04 05:15:03,972] {taskinstance.py:1571} INFO - Exporting the following env vars:
AIRFLOW_CTX_DAG_OWNER=Victor
AIRFLOW_CTX_DAG_ID=dag_etl
AIRFLOW_CTX_TASK_ID=delete_s3_obj
AIRFLOW_CTX_EXECUTION_DATE=2023-05-04T05:14:23.870311+00:00
AIRFLOW_CTX_TRY_NUMBER=1
AIRFLOW_CTX_DAG_RUN_ID=manual__2023-05-04T05:14:23.870311+00:00
[2023-05-04 05:15:04,661] {base.py:68} INFO - Using connection ID 'minio_conn' for task execution.
[2023-05-04 05:15:04,677] {base_aws.py:206} INFO - Credentials retrieved from login
[2023-05-04 05:15:07,041] {s3.py:841} INFO - Deleted: ['supermarket_sales.csv']
[2023-05-04 05:15:08,104] {taskinstance.py:1400} INFO - Marking task as SUCCESS. dag_id=dag_etl, task_id=delete_s3_obj, execution_date=20230504T051423, start_date=20230504T051458, end_date=20230504T051508
[2023-05-04 05:15:09,006] {local_task_job.py:156} INFO - Task exited with return code 0
[2023-05-04 05:15:10,019] {local_task_job.py:273} INFO - 0 downstream tasks scheduled from follow-on schedule check
