[2023-05-02 17:10:09,932] {taskinstance.py:1159} INFO - Dependencies all met for <TaskInstance: dag_etl.dim_gender manual__2023-05-02T17:09:34.429844+00:00 [queued]>
[2023-05-02 17:10:10,106] {taskinstance.py:1159} INFO - Dependencies all met for <TaskInstance: dag_etl.dim_gender manual__2023-05-02T17:09:34.429844+00:00 [queued]>
[2023-05-02 17:10:10,107] {taskinstance.py:1356} INFO - 
--------------------------------------------------------------------------------
[2023-05-02 17:10:10,111] {taskinstance.py:1357} INFO - Starting attempt 1 of 6
[2023-05-02 17:10:10,112] {taskinstance.py:1358} INFO - 
--------------------------------------------------------------------------------
[2023-05-02 17:10:10,526] {taskinstance.py:1377} INFO - Executing <Task(_PythonDecoratedOperator): dim_gender> on 2023-05-02 17:09:34.429844+00:00
[2023-05-02 17:10:10,585] {standard_task_runner.py:52} INFO - Started process 2232 to run task
[2023-05-02 17:10:10,638] {standard_task_runner.py:79} INFO - Running: ['***', 'tasks', 'run', 'dag_etl', 'dim_gender', 'manual__2023-05-02T17:09:34.429844+00:00', '--job-id', '843', '--raw', '--subdir', 'DAGS_FOLDER/dag_etl_taskflow.py', '--cfg-path', '/tmp/tmpx4naqdfl', '--error-file', '/tmp/tmp14qg8p4_']
[2023-05-02 17:10:10,658] {standard_task_runner.py:80} INFO - Job 843: Subtask dim_gender
[2023-05-02 17:10:12,091] {task_command.py:370} INFO - Running <TaskInstance: dag_etl.dim_gender manual__2023-05-02T17:09:34.429844+00:00 [running]> on host 295d97741f96
[2023-05-02 17:10:15,458] {taskinstance.py:1571} INFO - Exporting the following env vars:
AIRFLOW_CTX_DAG_OWNER=Victor
AIRFLOW_CTX_DAG_ID=dag_etl
AIRFLOW_CTX_TASK_ID=dim_gender
AIRFLOW_CTX_EXECUTION_DATE=2023-05-02T17:09:34.429844+00:00
AIRFLOW_CTX_TRY_NUMBER=1
AIRFLOW_CTX_DAG_RUN_ID=manual__2023-05-02T17:09:34.429844+00:00
[2023-05-02 17:10:16,416] {base.py:68} INFO - Using connection ID 'postgres_conn' for task execution.
[2023-05-02 17:10:17,168] {python.py:173} INFO - Done. Returned value was: None
[2023-05-02 17:10:17,883] {taskinstance.py:1400} INFO - Marking task as SUCCESS. dag_id=dag_etl, task_id=dim_gender, execution_date=20230502T170934, start_date=20230502T171009, end_date=20230502T171017
[2023-05-02 17:10:18,213] {local_task_job.py:156} INFO - Task exited with return code 0
[2023-05-02 17:10:19,451] {local_task_job.py:273} INFO - 1 downstream tasks scheduled from follow-on schedule check
