[2023-08-17 16:39:10,362] {taskinstance.py:1179} INFO - Dependencies all met for <TaskInstance: dag_etl.dim_payment manual__2023-08-17T16:39:02.613613+00:00 [queued]>
[2023-08-17 16:39:10,400] {taskinstance.py:1179} INFO - Dependencies all met for <TaskInstance: dag_etl.dim_payment manual__2023-08-17T16:39:02.613613+00:00 [queued]>
[2023-08-17 16:39:10,401] {taskinstance.py:1376} INFO - 
--------------------------------------------------------------------------------
[2023-08-17 16:39:10,401] {taskinstance.py:1377} INFO - Starting attempt 1 of 6
[2023-08-17 16:39:10,402] {taskinstance.py:1378} INFO - 
--------------------------------------------------------------------------------
[2023-08-17 16:39:10,449] {taskinstance.py:1397} INFO - Executing <Task(_PythonDecoratedOperator): dim_payment> on 2023-08-17 16:39:02.613613+00:00
[2023-08-17 16:39:10,477] {standard_task_runner.py:52} INFO - Started process 1967 to run task
[2023-08-17 16:39:10,487] {standard_task_runner.py:79} INFO - Running: ['***', 'tasks', 'run', 'dag_etl', 'dim_payment', 'manual__2023-08-17T16:39:02.613613+00:00', '--job-id', '38', '--raw', '--subdir', 'DAGS_FOLDER/dag_etl_taskflow.py', '--cfg-path', '/tmp/tmpbg_l35h6', '--error-file', '/tmp/tmp1zo0bw09']
[2023-08-17 16:39:10,489] {standard_task_runner.py:80} INFO - Job 38: Subtask dim_payment
[2023-08-17 16:39:10,706] {task_command.py:371} INFO - Running <TaskInstance: dag_etl.dim_payment manual__2023-08-17T16:39:02.613613+00:00 [running]> on host 1ea22a5e1d7f
[2023-08-17 16:39:10,975] {taskinstance.py:1591} INFO - Exporting the following env vars:
AIRFLOW_CTX_DAG_OWNER=Victor
AIRFLOW_CTX_DAG_ID=dag_etl
AIRFLOW_CTX_TASK_ID=dim_payment
AIRFLOW_CTX_EXECUTION_DATE=2023-08-17T16:39:02.613613+00:00
AIRFLOW_CTX_TRY_NUMBER=1
AIRFLOW_CTX_DAG_RUN_ID=manual__2023-08-17T16:39:02.613613+00:00
[2023-08-17 16:39:11,059] {base.py:68} INFO - Using connection ID '***_conn' for task execution.
[2023-08-17 16:39:11,149] {python.py:173} INFO - Done. Returned value was: None
[2023-08-17 16:39:11,196] {taskinstance.py:1420} INFO - Marking task as SUCCESS. dag_id=dag_etl, task_id=dim_payment, execution_date=20230817T163902, start_date=20230817T163910, end_date=20230817T163911
[2023-08-17 16:39:11,280] {local_task_job.py:156} INFO - Task exited with return code 0
[2023-08-17 16:39:11,416] {local_task_job.py:273} INFO - 0 downstream tasks scheduled from follow-on schedule check
