[2023-05-04 20:03:26,746] {taskinstance.py:1159} INFO - Dependencies all met for <TaskInstance: dag_etl.dim_payment manual__2023-05-04T20:02:47.981671+00:00 [queued]>
[2023-05-04 20:03:26,892] {taskinstance.py:1159} INFO - Dependencies all met for <TaskInstance: dag_etl.dim_payment manual__2023-05-04T20:02:47.981671+00:00 [queued]>
[2023-05-04 20:03:26,893] {taskinstance.py:1356} INFO - 
--------------------------------------------------------------------------------
[2023-05-04 20:03:26,895] {taskinstance.py:1357} INFO - Starting attempt 1 of 6
[2023-05-04 20:03:26,896] {taskinstance.py:1358} INFO - 
--------------------------------------------------------------------------------
[2023-05-04 20:03:27,122] {taskinstance.py:1377} INFO - Executing <Task(_PythonDecoratedOperator): dim_payment> on 2023-05-04 20:02:47.981671+00:00
[2023-05-04 20:03:27,196] {standard_task_runner.py:79} INFO - Running: ['***', 'tasks', 'run', 'dag_etl', 'dim_payment', 'manual__2023-05-04T20:02:47.981671+00:00', '--job-id', '981', '--raw', '--subdir', 'DAGS_FOLDER/dag_etl_taskflow.py', '--cfg-path', '/tmp/tmpc05c3lr5', '--error-file', '/tmp/tmpftpp8dvp']
[2023-05-04 20:03:27,204] {standard_task_runner.py:80} INFO - Job 981: Subtask dim_payment
[2023-05-04 20:03:27,184] {standard_task_runner.py:52} INFO - Started process 630 to run task
[2023-05-04 20:03:28,589] {task_command.py:370} INFO - Running <TaskInstance: dag_etl.dim_payment manual__2023-05-04T20:02:47.981671+00:00 [running]> on host 295d97741f96
[2023-05-04 20:03:30,933] {taskinstance.py:1571} INFO - Exporting the following env vars:
AIRFLOW_CTX_DAG_OWNER=Victor
AIRFLOW_CTX_DAG_ID=dag_etl
AIRFLOW_CTX_TASK_ID=dim_payment
AIRFLOW_CTX_EXECUTION_DATE=2023-05-04T20:02:47.981671+00:00
AIRFLOW_CTX_TRY_NUMBER=1
AIRFLOW_CTX_DAG_RUN_ID=manual__2023-05-04T20:02:47.981671+00:00
[2023-05-04 20:03:31,602] {base.py:68} INFO - Using connection ID 'postgres_conn' for task execution.
[2023-05-04 20:03:32,287] {python.py:173} INFO - Done. Returned value was: None
[2023-05-04 20:03:33,117] {taskinstance.py:1400} INFO - Marking task as SUCCESS. dag_id=dag_etl, task_id=dim_payment, execution_date=20230504T200247, start_date=20230504T200326, end_date=20230504T200333
[2023-05-04 20:03:33,292] {local_task_job.py:156} INFO - Task exited with return code 0
[2023-05-04 20:03:34,220] {local_task_job.py:273} INFO - 0 downstream tasks scheduled from follow-on schedule check
