[2023-05-02 11:56:23,450] {taskinstance.py:1159} INFO - Dependencies all met for <TaskInstance: dag_etl.dim_city manual__2023-05-02T11:55:27.901699+00:00 [queued]>
[2023-05-02 11:56:23,835] {taskinstance.py:1159} INFO - Dependencies all met for <TaskInstance: dag_etl.dim_city manual__2023-05-02T11:55:27.901699+00:00 [queued]>
[2023-05-02 11:56:23,843] {taskinstance.py:1356} INFO - 
--------------------------------------------------------------------------------
[2023-05-02 11:56:23,851] {taskinstance.py:1357} INFO - Starting attempt 1 of 6
[2023-05-02 11:56:23,852] {taskinstance.py:1358} INFO - 
--------------------------------------------------------------------------------
[2023-05-02 11:56:24,614] {taskinstance.py:1377} INFO - Executing <Task(_PythonDecoratedOperator): dim_city> on 2023-05-02 11:55:27.901699+00:00
[2023-05-02 11:56:24,668] {standard_task_runner.py:52} INFO - Started process 1854 to run task
[2023-05-02 11:56:24,716] {standard_task_runner.py:79} INFO - Running: ['***', 'tasks', 'run', 'dag_etl', 'dim_city', 'manual__2023-05-02T11:55:27.901699+00:00', '--job-id', '534', '--raw', '--subdir', 'DAGS_FOLDER/dag_etl_taskflow.py', '--cfg-path', '/tmp/tmp0bfd5zab', '--error-file', '/tmp/tmpqhd_jo0s']
[2023-05-02 11:56:24,740] {standard_task_runner.py:80} INFO - Job 534: Subtask dim_city
[2023-05-02 11:56:26,630] {task_command.py:370} INFO - Running <TaskInstance: dag_etl.dim_city manual__2023-05-02T11:55:27.901699+00:00 [running]> on host 295d97741f96
[2023-05-02 11:56:30,210] {taskinstance.py:1571} INFO - Exporting the following env vars:
AIRFLOW_CTX_DAG_OWNER=Victor
AIRFLOW_CTX_DAG_ID=dag_etl
AIRFLOW_CTX_TASK_ID=dim_city
AIRFLOW_CTX_EXECUTION_DATE=2023-05-02T11:55:27.901699+00:00
AIRFLOW_CTX_TRY_NUMBER=1
AIRFLOW_CTX_DAG_RUN_ID=manual__2023-05-02T11:55:27.901699+00:00
[2023-05-02 11:56:30,875] {base.py:68} INFO - Using connection ID 'postgres_conn' for task execution.
[2023-05-02 11:56:31,848] {python.py:173} INFO - Done. Returned value was: None
[2023-05-02 11:56:32,993] {taskinstance.py:1400} INFO - Marking task as SUCCESS. dag_id=dag_etl, task_id=dim_city, execution_date=20230502T115527, start_date=20230502T115623, end_date=20230502T115632
[2023-05-02 11:56:33,167] {local_task_job.py:156} INFO - Task exited with return code 0
[2023-05-02 11:56:33,782] {local_task_job.py:273} INFO - 1 downstream tasks scheduled from follow-on schedule check
