[2023-05-02 15:04:10,151] {taskinstance.py:1159} INFO - Dependencies all met for <TaskInstance: dag_etl_date.extract_from_s3 scheduled__2023-05-01T00:00:00+00:00 [queued]>
[2023-05-02 15:04:10,473] {taskinstance.py:1159} INFO - Dependencies all met for <TaskInstance: dag_etl_date.extract_from_s3 scheduled__2023-05-01T00:00:00+00:00 [queued]>
[2023-05-02 15:04:10,491] {taskinstance.py:1356} INFO - 
--------------------------------------------------------------------------------
[2023-05-02 15:04:10,495] {taskinstance.py:1357} INFO - Starting attempt 1 of 6
[2023-05-02 15:04:10,496] {taskinstance.py:1358} INFO - 
--------------------------------------------------------------------------------
[2023-05-02 15:04:10,856] {taskinstance.py:1377} INFO - Executing <Task(_PythonDecoratedOperator): extract_from_s3> on 2023-05-01 00:00:00+00:00
[2023-05-02 15:04:10,881] {standard_task_runner.py:52} INFO - Started process 529 to run task
[2023-05-02 15:04:10,923] {standard_task_runner.py:79} INFO - Running: ['***', 'tasks', 'run', 'dag_etl_date', 'extract_from_s3', 'scheduled__2023-05-01T00:00:00+00:00', '--job-id', '632', '--raw', '--subdir', 'DAGS_FOLDER/dag_etl_taskflow_date.py', '--cfg-path', '/tmp/tmpz74rk1nj', '--error-file', '/tmp/tmpgu71hv6m']
[2023-05-02 15:04:10,931] {standard_task_runner.py:80} INFO - Job 632: Subtask extract_from_s3
[2023-05-02 15:04:12,213] {task_command.py:370} INFO - Running <TaskInstance: dag_etl_date.extract_from_s3 scheduled__2023-05-01T00:00:00+00:00 [running]> on host 295d97741f96
[2023-05-02 15:04:14,008] {taskinstance.py:1571} INFO - Exporting the following env vars:
AIRFLOW_CTX_DAG_OWNER=Victor
AIRFLOW_CTX_DAG_ID=dag_etl_date
AIRFLOW_CTX_TASK_ID=extract_from_s3
AIRFLOW_CTX_EXECUTION_DATE=2023-05-01T00:00:00+00:00
AIRFLOW_CTX_TRY_NUMBER=1
AIRFLOW_CTX_DAG_RUN_ID=scheduled__2023-05-01T00:00:00+00:00
[2023-05-02 15:04:14,020] {s3.py:861} INFO - Downloading source S3 file from Bucket raw with path supermarket_sales.csv
[2023-05-02 15:04:14,223] {base.py:68} INFO - Using connection ID 'minio_conn' for task execution.
[2023-05-02 15:04:14,235] {base_aws.py:206} INFO - Credentials retrieved from login
[2023-05-02 15:04:17,589] {python.py:173} INFO - Done. Returned value was: /opt/***/data/***_tmp_8sm15tst
[2023-05-02 15:04:19,207] {taskinstance.py:1400} INFO - Marking task as SUCCESS. dag_id=dag_etl_date, task_id=extract_from_s3, execution_date=20230501T000000, start_date=20230502T150410, end_date=20230502T150419
[2023-05-02 15:04:19,761] {local_task_job.py:156} INFO - Task exited with return code 0
[2023-05-02 15:04:22,674] {local_task_job.py:273} INFO - 0 downstream tasks scheduled from follow-on schedule check
