[2023-05-02 15:04:25,127] {taskinstance.py:1159} INFO - Dependencies all met for <TaskInstance: dag_etl_date.rename_extracted_file scheduled__2023-04-27T00:00:00+00:00 [queued]>
[2023-05-02 15:04:25,456] {taskinstance.py:1159} INFO - Dependencies all met for <TaskInstance: dag_etl_date.rename_extracted_file scheduled__2023-04-27T00:00:00+00:00 [queued]>
[2023-05-02 15:04:25,461] {taskinstance.py:1356} INFO - 
--------------------------------------------------------------------------------
[2023-05-02 15:04:25,467] {taskinstance.py:1357} INFO - Starting attempt 1 of 6
[2023-05-02 15:04:25,478] {taskinstance.py:1358} INFO - 
--------------------------------------------------------------------------------
[2023-05-02 15:04:25,912] {taskinstance.py:1377} INFO - Executing <Task(_PythonDecoratedOperator): rename_extracted_file> on 2023-04-27 00:00:00+00:00
[2023-05-02 15:04:25,984] {standard_task_runner.py:52} INFO - Started process 584 to run task
[2023-05-02 15:04:26,049] {standard_task_runner.py:79} INFO - Running: ['***', 'tasks', 'run', 'dag_etl_date', 'rename_extracted_file', 'scheduled__2023-04-27T00:00:00+00:00', '--job-id', '633', '--raw', '--subdir', 'DAGS_FOLDER/dag_etl_taskflow_date.py', '--cfg-path', '/tmp/tmpd345iobe', '--error-file', '/tmp/tmpf9l5jteh']
[2023-05-02 15:04:26,055] {standard_task_runner.py:80} INFO - Job 633: Subtask rename_extracted_file
[2023-05-02 15:04:27,379] {task_command.py:370} INFO - Running <TaskInstance: dag_etl_date.rename_extracted_file scheduled__2023-04-27T00:00:00+00:00 [running]> on host 295d97741f96
[2023-05-02 15:04:29,448] {taskinstance.py:1571} INFO - Exporting the following env vars:
AIRFLOW_CTX_DAG_OWNER=Victor
AIRFLOW_CTX_DAG_ID=dag_etl_date
AIRFLOW_CTX_TASK_ID=rename_extracted_file
AIRFLOW_CTX_EXECUTION_DATE=2023-04-27T00:00:00+00:00
AIRFLOW_CTX_TRY_NUMBER=1
AIRFLOW_CTX_DAG_RUN_ID=scheduled__2023-04-27T00:00:00+00:00
[2023-05-02 15:04:29,455] {python.py:173} INFO - Done. Returned value was: /opt/***/data
[2023-05-02 15:04:31,500] {taskinstance.py:1400} INFO - Marking task as SUCCESS. dag_id=dag_etl_date, task_id=rename_extracted_file, execution_date=20230427T000000, start_date=20230502T150425, end_date=20230502T150431
[2023-05-02 15:04:31,718] {local_task_job.py:221} WARNING - State of this instance has been externally set to success. Terminating instance.
[2023-05-02 15:04:31,757] {process_utils.py:129} INFO - Sending Signals.SIGTERM to group 584. PIDs of all processes in the group: [584]
[2023-05-02 15:04:31,758] {process_utils.py:80} INFO - Sending the signal Signals.SIGTERM to group 584
[2023-05-02 15:04:31,759] {process_utils.py:75} INFO - Process psutil.Process(pid=584, status='terminated', exitcode=0, started='15:04:25') (584) terminated with exit code 0
