[2023-05-02 16:30:44,404] {taskinstance.py:1159} INFO - Dependencies all met for <TaskInstance: dag_etl.dim_city manual__2023-05-02T16:29:52.493494+00:00 [queued]>
[2023-05-02 16:30:44,572] {taskinstance.py:1159} INFO - Dependencies all met for <TaskInstance: dag_etl.dim_city manual__2023-05-02T16:29:52.493494+00:00 [queued]>
[2023-05-02 16:30:44,576] {taskinstance.py:1356} INFO - 
--------------------------------------------------------------------------------
[2023-05-02 16:30:44,579] {taskinstance.py:1357} INFO - Starting attempt 1 of 6
[2023-05-02 16:30:44,581] {taskinstance.py:1358} INFO - 
--------------------------------------------------------------------------------
[2023-05-02 16:30:44,903] {taskinstance.py:1377} INFO - Executing <Task(_PythonDecoratedOperator): dim_city> on 2023-05-02 16:29:52.493494+00:00
[2023-05-02 16:30:44,977] {standard_task_runner.py:52} INFO - Started process 659 to run task
[2023-05-02 16:30:44,995] {standard_task_runner.py:79} INFO - Running: ['***', 'tasks', 'run', 'dag_etl', 'dim_city', 'manual__2023-05-02T16:29:52.493494+00:00', '--job-id', '773', '--raw', '--subdir', 'DAGS_FOLDER/dag_etl_taskflow.py', '--cfg-path', '/tmp/tmpwj8s5048', '--error-file', '/tmp/tmpggm0varv']
[2023-05-02 16:30:45,003] {standard_task_runner.py:80} INFO - Job 773: Subtask dim_city
[2023-05-02 16:30:46,485] {task_command.py:370} INFO - Running <TaskInstance: dag_etl.dim_city manual__2023-05-02T16:29:52.493494+00:00 [running]> on host 295d97741f96
[2023-05-02 16:30:49,133] {taskinstance.py:1571} INFO - Exporting the following env vars:
AIRFLOW_CTX_DAG_OWNER=Victor
AIRFLOW_CTX_DAG_ID=dag_etl
AIRFLOW_CTX_TASK_ID=dim_city
AIRFLOW_CTX_EXECUTION_DATE=2023-05-02T16:29:52.493494+00:00
AIRFLOW_CTX_TRY_NUMBER=1
AIRFLOW_CTX_DAG_RUN_ID=manual__2023-05-02T16:29:52.493494+00:00
[2023-05-02 16:30:50,080] {base.py:68} INFO - Using connection ID 'postgres_conn' for task execution.
[2023-05-02 16:30:50,640] {python.py:173} INFO - Done. Returned value was: None
[2023-05-02 16:30:51,189] {taskinstance.py:1400} INFO - Marking task as SUCCESS. dag_id=dag_etl, task_id=dim_city, execution_date=20230502T162952, start_date=20230502T163044, end_date=20230502T163051
[2023-05-02 16:30:51,464] {local_task_job.py:156} INFO - Task exited with return code 0
[2023-05-02 16:30:51,942] {local_task_job.py:273} INFO - 0 downstream tasks scheduled from follow-on schedule check
