[2023-05-02 10:40:12,033] {taskinstance.py:1159} INFO - Dependencies all met for <TaskInstance: dag_etl.dim_time manual__2023-05-02T10:39:49.817893+00:00 [queued]>
[2023-05-02 10:40:12,159] {taskinstance.py:1159} INFO - Dependencies all met for <TaskInstance: dag_etl.dim_time manual__2023-05-02T10:39:49.817893+00:00 [queued]>
[2023-05-02 10:40:12,167] {taskinstance.py:1356} INFO - 
--------------------------------------------------------------------------------
[2023-05-02 10:40:12,169] {taskinstance.py:1357} INFO - Starting attempt 1 of 6
[2023-05-02 10:40:12,169] {taskinstance.py:1358} INFO - 
--------------------------------------------------------------------------------
[2023-05-02 10:40:12,375] {taskinstance.py:1377} INFO - Executing <Task(_PythonDecoratedOperator): dim_time> on 2023-05-02 10:39:49.817893+00:00
[2023-05-02 10:40:12,407] {standard_task_runner.py:52} INFO - Started process 1281 to run task
[2023-05-02 10:40:12,431] {standard_task_runner.py:79} INFO - Running: ['***', 'tasks', 'run', 'dag_etl', 'dim_time', 'manual__2023-05-02T10:39:49.817893+00:00', '--job-id', '454', '--raw', '--subdir', 'DAGS_FOLDER/dag_etl_taskflow.py', '--cfg-path', '/tmp/tmp8chlk0fi', '--error-file', '/tmp/tmppm92lnl0']
[2023-05-02 10:40:12,434] {standard_task_runner.py:80} INFO - Job 454: Subtask dim_time
[2023-05-02 10:40:13,258] {task_command.py:370} INFO - Running <TaskInstance: dag_etl.dim_time manual__2023-05-02T10:39:49.817893+00:00 [running]> on host 295d97741f96
[2023-05-02 10:40:14,870] {taskinstance.py:1571} INFO - Exporting the following env vars:
AIRFLOW_CTX_DAG_OWNER=Victor
AIRFLOW_CTX_DAG_ID=dag_etl
AIRFLOW_CTX_TASK_ID=dim_time
AIRFLOW_CTX_EXECUTION_DATE=2023-05-02T10:39:49.817893+00:00
AIRFLOW_CTX_TRY_NUMBER=1
AIRFLOW_CTX_DAG_RUN_ID=manual__2023-05-02T10:39:49.817893+00:00
[2023-05-02 10:40:15,710] {base.py:68} INFO - Using connection ID 'postgres_conn' for task execution.
[2023-05-02 10:40:16,377] {python.py:173} INFO - Done. Returned value was: None
[2023-05-02 10:40:16,887] {taskinstance.py:1400} INFO - Marking task as SUCCESS. dag_id=dag_etl, task_id=dim_time, execution_date=20230502T103949, start_date=20230502T104012, end_date=20230502T104016
[2023-05-02 10:40:17,242] {local_task_job.py:156} INFO - Task exited with return code 0
[2023-05-02 10:40:17,952] {local_task_job.py:273} INFO - 0 downstream tasks scheduled from follow-on schedule check
