[2023-05-02 13:52:10,434] {taskinstance.py:1159} INFO - Dependencies all met for <TaskInstance: dag_etl.dim_date manual__2023-05-02T13:51:38.744363+00:00 [queued]>
[2023-05-02 13:52:10,509] {taskinstance.py:1159} INFO - Dependencies all met for <TaskInstance: dag_etl.dim_date manual__2023-05-02T13:51:38.744363+00:00 [queued]>
[2023-05-02 13:52:10,510] {taskinstance.py:1356} INFO - 
--------------------------------------------------------------------------------
[2023-05-02 13:52:10,512] {taskinstance.py:1357} INFO - Starting attempt 1 of 6
[2023-05-02 13:52:10,513] {taskinstance.py:1358} INFO - 
--------------------------------------------------------------------------------
[2023-05-02 13:52:10,604] {taskinstance.py:1377} INFO - Executing <Task(_PythonDecoratedOperator): dim_date> on 2023-05-02 13:51:38.744363+00:00
[2023-05-02 13:52:10,623] {standard_task_runner.py:52} INFO - Started process 1238 to run task
[2023-05-02 13:52:10,653] {standard_task_runner.py:79} INFO - Running: ['***', 'tasks', 'run', 'dag_etl', 'dim_date', 'manual__2023-05-02T13:51:38.744363+00:00', '--job-id', '583', '--raw', '--subdir', 'DAGS_FOLDER/dag_etl_taskflow.py', '--cfg-path', '/tmp/tmp2jdgferg', '--error-file', '/tmp/tmpjruz06bg']
[2023-05-02 13:52:10,660] {standard_task_runner.py:80} INFO - Job 583: Subtask dim_date
[2023-05-02 13:52:11,548] {task_command.py:370} INFO - Running <TaskInstance: dag_etl.dim_date manual__2023-05-02T13:51:38.744363+00:00 [running]> on host 295d97741f96
[2023-05-02 13:52:12,702] {taskinstance.py:1571} INFO - Exporting the following env vars:
AIRFLOW_CTX_DAG_OWNER=Victor
AIRFLOW_CTX_DAG_ID=dag_etl
AIRFLOW_CTX_TASK_ID=dim_date
AIRFLOW_CTX_EXECUTION_DATE=2023-05-02T13:51:38.744363+00:00
AIRFLOW_CTX_TRY_NUMBER=1
AIRFLOW_CTX_DAG_RUN_ID=manual__2023-05-02T13:51:38.744363+00:00
[2023-05-02 13:52:29,088] {base.py:68} INFO - Using connection ID 'postgres_conn' for task execution.
[2023-05-02 13:52:55,787] {python.py:173} INFO - Done. Returned value was: None
[2023-05-02 13:52:56,021] {taskinstance.py:1400} INFO - Marking task as SUCCESS. dag_id=dag_etl, task_id=dim_date, execution_date=20230502T135138, start_date=20230502T135210, end_date=20230502T135256
[2023-05-02 13:52:56,263] {local_task_job.py:156} INFO - Task exited with return code 0
[2023-05-02 13:52:56,905] {local_task_job.py:273} INFO - 0 downstream tasks scheduled from follow-on schedule check
