[2023-05-02 11:56:02,462] {taskinstance.py:1159} INFO - Dependencies all met for <TaskInstance: dag_etl.dim_date manual__2023-05-02T11:55:27.901699+00:00 [queued]>
[2023-05-02 11:56:02,521] {taskinstance.py:1159} INFO - Dependencies all met for <TaskInstance: dag_etl.dim_date manual__2023-05-02T11:55:27.901699+00:00 [queued]>
[2023-05-02 11:56:02,522] {taskinstance.py:1356} INFO - 
--------------------------------------------------------------------------------
[2023-05-02 11:56:02,523] {taskinstance.py:1357} INFO - Starting attempt 1 of 6
[2023-05-02 11:56:02,524] {taskinstance.py:1358} INFO - 
--------------------------------------------------------------------------------
[2023-05-02 11:56:02,715] {taskinstance.py:1377} INFO - Executing <Task(_PythonDecoratedOperator): dim_date> on 2023-05-02 11:55:27.901699+00:00
[2023-05-02 11:56:02,726] {standard_task_runner.py:52} INFO - Started process 1797 to run task
[2023-05-02 11:56:02,759] {standard_task_runner.py:79} INFO - Running: ['***', 'tasks', 'run', 'dag_etl', 'dim_date', 'manual__2023-05-02T11:55:27.901699+00:00', '--job-id', '526', '--raw', '--subdir', 'DAGS_FOLDER/dag_etl_taskflow.py', '--cfg-path', '/tmp/tmp74_1smq0', '--error-file', '/tmp/tmpn6u7l4_y']
[2023-05-02 11:56:02,776] {standard_task_runner.py:80} INFO - Job 526: Subtask dim_date
[2023-05-02 11:56:03,580] {task_command.py:370} INFO - Running <TaskInstance: dag_etl.dim_date manual__2023-05-02T11:55:27.901699+00:00 [running]> on host 295d97741f96
[2023-05-02 11:56:04,581] {taskinstance.py:1571} INFO - Exporting the following env vars:
AIRFLOW_CTX_DAG_OWNER=Victor
AIRFLOW_CTX_DAG_ID=dag_etl
AIRFLOW_CTX_TASK_ID=dim_date
AIRFLOW_CTX_EXECUTION_DATE=2023-05-02T11:55:27.901699+00:00
AIRFLOW_CTX_TRY_NUMBER=1
AIRFLOW_CTX_DAG_RUN_ID=manual__2023-05-02T11:55:27.901699+00:00
[2023-05-02 11:56:10,715] {base.py:68} INFO - Using connection ID 'postgres_conn' for task execution.
[2023-05-02 11:56:41,517] {python.py:173} INFO - Done. Returned value was: None
[2023-05-02 11:56:42,057] {taskinstance.py:1400} INFO - Marking task as SUCCESS. dag_id=dag_etl, task_id=dim_date, execution_date=20230502T115527, start_date=20230502T115602, end_date=20230502T115642
[2023-05-02 11:56:42,556] {local_task_job.py:156} INFO - Task exited with return code 0
[2023-05-02 11:56:43,086] {local_task_job.py:273} INFO - 0 downstream tasks scheduled from follow-on schedule check
