[2023-04-30 09:00:18,748] {taskinstance.py:1159} INFO - Dependencies all met for <TaskInstance: dag_etl.dim_gender manual__2023-04-30T08:59:26.372167+00:00 [queued]>
[2023-04-30 09:00:18,909] {taskinstance.py:1159} INFO - Dependencies all met for <TaskInstance: dag_etl.dim_gender manual__2023-04-30T08:59:26.372167+00:00 [queued]>
[2023-04-30 09:00:18,912] {taskinstance.py:1356} INFO - 
--------------------------------------------------------------------------------
[2023-04-30 09:00:18,915] {taskinstance.py:1357} INFO - Starting attempt 1 of 6
[2023-04-30 09:00:18,918] {taskinstance.py:1358} INFO - 
--------------------------------------------------------------------------------
[2023-04-30 09:00:19,608] {taskinstance.py:1377} INFO - Executing <Task(_PythonDecoratedOperator): dim_gender> on 2023-04-30 08:59:26.372167+00:00
[2023-04-30 09:00:19,668] {standard_task_runner.py:52} INFO - Started process 503 to run task
[2023-04-30 09:00:19,833] {standard_task_runner.py:79} INFO - Running: ['***', 'tasks', 'run', 'dag_etl', 'dim_gender', 'manual__2023-04-30T08:59:26.372167+00:00', '--job-id', '176', '--raw', '--subdir', 'DAGS_FOLDER/dag_etl_taskflow.py', '--cfg-path', '/tmp/tmpg2duqe4_', '--error-file', '/tmp/tmpddk4ncyl']
[2023-04-30 09:00:19,879] {standard_task_runner.py:80} INFO - Job 176: Subtask dim_gender
[2023-04-30 09:00:21,963] {task_command.py:370} INFO - Running <TaskInstance: dag_etl.dim_gender manual__2023-04-30T08:59:26.372167+00:00 [running]> on host 295d97741f96
[2023-04-30 09:00:26,525] {taskinstance.py:1571} INFO - Exporting the following env vars:
AIRFLOW_CTX_DAG_OWNER=Victor
AIRFLOW_CTX_DAG_ID=dag_etl
AIRFLOW_CTX_TASK_ID=dim_gender
AIRFLOW_CTX_EXECUTION_DATE=2023-04-30T08:59:26.372167+00:00
AIRFLOW_CTX_TRY_NUMBER=1
AIRFLOW_CTX_DAG_RUN_ID=manual__2023-04-30T08:59:26.372167+00:00
[2023-04-30 09:00:27,565] {base.py:68} INFO - Using connection ID 'postgres_conn' for task execution.
[2023-04-30 09:00:28,107] {python.py:173} INFO - Done. Returned value was: None
[2023-04-30 09:00:29,712] {taskinstance.py:1400} INFO - Marking task as SUCCESS. dag_id=dag_etl, task_id=dim_gender, execution_date=20230430T085926, start_date=20230430T090018, end_date=20230430T090029
[2023-04-30 09:00:30,190] {local_task_job.py:156} INFO - Task exited with return code 0
[2023-04-30 09:00:32,892] {local_task_job.py:273} INFO - 0 downstream tasks scheduled from follow-on schedule check
