[2023-05-02 13:52:58,996] {taskinstance.py:1159} INFO - Dependencies all met for <TaskInstance: dag_etl.fact_nds manual__2023-05-02T13:51:38.744363+00:00 [queued]>
[2023-05-02 13:52:59,068] {taskinstance.py:1159} INFO - Dependencies all met for <TaskInstance: dag_etl.fact_nds manual__2023-05-02T13:51:38.744363+00:00 [queued]>
[2023-05-02 13:52:59,070] {taskinstance.py:1356} INFO - 
--------------------------------------------------------------------------------
[2023-05-02 13:52:59,070] {taskinstance.py:1357} INFO - Starting attempt 1 of 6
[2023-05-02 13:52:59,071] {taskinstance.py:1358} INFO - 
--------------------------------------------------------------------------------
[2023-05-02 13:52:59,177] {taskinstance.py:1377} INFO - Executing <Task(_PythonDecoratedOperator): fact_nds> on 2023-05-02 13:51:38.744363+00:00
[2023-05-02 13:52:59,198] {standard_task_runner.py:52} INFO - Started process 1324 to run task
[2023-05-02 13:52:59,207] {standard_task_runner.py:79} INFO - Running: ['***', 'tasks', 'run', 'dag_etl', 'fact_nds', 'manual__2023-05-02T13:51:38.744363+00:00', '--job-id', '593', '--raw', '--subdir', 'DAGS_FOLDER/dag_etl_taskflow.py', '--cfg-path', '/tmp/tmpfx_gd4y7', '--error-file', '/tmp/tmp8a_h97ij']
[2023-05-02 13:52:59,210] {standard_task_runner.py:80} INFO - Job 593: Subtask fact_nds
[2023-05-02 13:52:59,618] {task_command.py:370} INFO - Running <TaskInstance: dag_etl.fact_nds manual__2023-05-02T13:51:38.744363+00:00 [running]> on host 295d97741f96
[2023-05-02 13:53:00,461] {taskinstance.py:1571} INFO - Exporting the following env vars:
AIRFLOW_CTX_DAG_OWNER=Victor
AIRFLOW_CTX_DAG_ID=dag_etl
AIRFLOW_CTX_TASK_ID=fact_nds
AIRFLOW_CTX_EXECUTION_DATE=2023-05-02T13:51:38.744363+00:00
AIRFLOW_CTX_TRY_NUMBER=1
AIRFLOW_CTX_DAG_RUN_ID=manual__2023-05-02T13:51:38.744363+00:00
[2023-05-02 13:53:00,559] {base.py:68} INFO - Using connection ID 'postgres_conn' for task execution.
[2023-05-02 13:53:00,882] {base.py:68} INFO - Using connection ID 'postgres_conn' for task execution.
[2023-05-02 13:53:01,794] {python.py:173} INFO - Done. Returned value was: None
[2023-05-02 13:53:01,909] {taskinstance.py:1400} INFO - Marking task as SUCCESS. dag_id=dag_etl, task_id=fact_nds, execution_date=20230502T135138, start_date=20230502T135258, end_date=20230502T135301
[2023-05-02 13:53:02,012] {local_task_job.py:156} INFO - Task exited with return code 0
[2023-05-02 13:53:02,327] {local_task_job.py:273} INFO - 1 downstream tasks scheduled from follow-on schedule check
