[2023-05-02 10:40:31,398] {taskinstance.py:1159} INFO - Dependencies all met for <TaskInstance: dag_etl.dim_payment manual__2023-05-02T10:39:49.817893+00:00 [queued]>
[2023-05-02 10:40:31,588] {taskinstance.py:1159} INFO - Dependencies all met for <TaskInstance: dag_etl.dim_payment manual__2023-05-02T10:39:49.817893+00:00 [queued]>
[2023-05-02 10:40:31,589] {taskinstance.py:1356} INFO - 
--------------------------------------------------------------------------------
[2023-05-02 10:40:31,590] {taskinstance.py:1357} INFO - Starting attempt 1 of 6
[2023-05-02 10:40:31,617] {taskinstance.py:1358} INFO - 
--------------------------------------------------------------------------------
[2023-05-02 10:40:32,085] {taskinstance.py:1377} INFO - Executing <Task(_PythonDecoratedOperator): dim_payment> on 2023-05-02 10:39:49.817893+00:00
[2023-05-02 10:40:32,119] {standard_task_runner.py:52} INFO - Started process 1329 to run task
[2023-05-02 10:40:32,151] {standard_task_runner.py:79} INFO - Running: ['***', 'tasks', 'run', 'dag_etl', 'dim_payment', 'manual__2023-05-02T10:39:49.817893+00:00', '--job-id', '460', '--raw', '--subdir', 'DAGS_FOLDER/dag_etl_taskflow.py', '--cfg-path', '/tmp/tmpp2la9p_9', '--error-file', '/tmp/tmpv99bkr37']
[2023-05-02 10:40:32,154] {standard_task_runner.py:80} INFO - Job 460: Subtask dim_payment
[2023-05-02 10:40:34,346] {task_command.py:370} INFO - Running <TaskInstance: dag_etl.dim_payment manual__2023-05-02T10:39:49.817893+00:00 [running]> on host 295d97741f96
[2023-05-02 10:40:38,232] {taskinstance.py:1571} INFO - Exporting the following env vars:
AIRFLOW_CTX_DAG_OWNER=Victor
AIRFLOW_CTX_DAG_ID=dag_etl
AIRFLOW_CTX_TASK_ID=dim_payment
AIRFLOW_CTX_EXECUTION_DATE=2023-05-02T10:39:49.817893+00:00
AIRFLOW_CTX_TRY_NUMBER=1
AIRFLOW_CTX_DAG_RUN_ID=manual__2023-05-02T10:39:49.817893+00:00
[2023-05-02 10:40:38,920] {base.py:68} INFO - Using connection ID 'postgres_conn' for task execution.
[2023-05-02 10:40:39,755] {python.py:173} INFO - Done. Returned value was: None
[2023-05-02 10:40:40,864] {taskinstance.py:1400} INFO - Marking task as SUCCESS. dag_id=dag_etl, task_id=dim_payment, execution_date=20230502T103949, start_date=20230502T104031, end_date=20230502T104040
[2023-05-02 10:40:41,148] {local_task_job.py:156} INFO - Task exited with return code 0
[2023-05-02 10:40:42,103] {local_task_job.py:273} INFO - 0 downstream tasks scheduled from follow-on schedule check
