[2023-05-02 17:02:29,887] {taskinstance.py:1159} INFO - Dependencies all met for <TaskInstance: dag_etl.fact_nds manual__2023-05-02T17:01:11.067259+00:00 [queued]>
[2023-05-02 17:02:29,950] {taskinstance.py:1159} INFO - Dependencies all met for <TaskInstance: dag_etl.fact_nds manual__2023-05-02T17:01:11.067259+00:00 [queued]>
[2023-05-02 17:02:29,951] {taskinstance.py:1356} INFO - 
--------------------------------------------------------------------------------
[2023-05-02 17:02:29,952] {taskinstance.py:1357} INFO - Starting attempt 1 of 6
[2023-05-02 17:02:29,953] {taskinstance.py:1358} INFO - 
--------------------------------------------------------------------------------
[2023-05-02 17:02:30,041] {taskinstance.py:1377} INFO - Executing <Task(_PythonDecoratedOperator): fact_nds> on 2023-05-02 17:01:11.067259+00:00
[2023-05-02 17:02:30,051] {standard_task_runner.py:52} INFO - Started process 1557 to run task
[2023-05-02 17:02:30,058] {standard_task_runner.py:79} INFO - Running: ['***', 'tasks', 'run', 'dag_etl', 'fact_nds', 'manual__2023-05-02T17:01:11.067259+00:00', '--job-id', '815', '--raw', '--subdir', 'DAGS_FOLDER/dag_etl_taskflow.py', '--cfg-path', '/tmp/tmp507lrmz4', '--error-file', '/tmp/tmppjxbutf5']
[2023-05-02 17:02:30,061] {standard_task_runner.py:80} INFO - Job 815: Subtask fact_nds
[2023-05-02 17:02:30,435] {task_command.py:370} INFO - Running <TaskInstance: dag_etl.fact_nds manual__2023-05-02T17:01:11.067259+00:00 [running]> on host 295d97741f96
[2023-05-02 17:02:31,159] {taskinstance.py:1571} INFO - Exporting the following env vars:
AIRFLOW_CTX_DAG_OWNER=Victor
AIRFLOW_CTX_DAG_ID=dag_etl
AIRFLOW_CTX_TASK_ID=fact_nds
AIRFLOW_CTX_EXECUTION_DATE=2023-05-02T17:01:11.067259+00:00
AIRFLOW_CTX_TRY_NUMBER=1
AIRFLOW_CTX_DAG_RUN_ID=manual__2023-05-02T17:01:11.067259+00:00
[2023-05-02 17:02:31,242] {base.py:68} INFO - Using connection ID 'postgres_conn' for task execution.
[2023-05-02 17:02:31,535] {base.py:68} INFO - Using connection ID 'postgres_conn' for task execution.
[2023-05-02 17:02:32,643] {python.py:173} INFO - Done. Returned value was: None
[2023-05-02 17:02:32,871] {taskinstance.py:1400} INFO - Marking task as SUCCESS. dag_id=dag_etl, task_id=fact_nds, execution_date=20230502T170111, start_date=20230502T170229, end_date=20230502T170232
[2023-05-02 17:02:32,979] {local_task_job.py:156} INFO - Task exited with return code 0
[2023-05-02 17:02:33,376] {local_task_job.py:273} INFO - 0 downstream tasks scheduled from follow-on schedule check
