[2023-04-30 07:10:32,238] {taskinstance.py:1159} INFO - Dependencies all met for <TaskInstance: dag_etl.dim_branch manual__2023-04-30T07:09:50.351284+00:00 [queued]>
[2023-04-30 07:10:32,363] {taskinstance.py:1159} INFO - Dependencies all met for <TaskInstance: dag_etl.dim_branch manual__2023-04-30T07:09:50.351284+00:00 [queued]>
[2023-04-30 07:10:32,365] {taskinstance.py:1356} INFO - 
--------------------------------------------------------------------------------
[2023-04-30 07:10:32,366] {taskinstance.py:1357} INFO - Starting attempt 1 of 6
[2023-04-30 07:10:32,367] {taskinstance.py:1358} INFO - 
--------------------------------------------------------------------------------
[2023-04-30 07:10:32,616] {taskinstance.py:1377} INFO - Executing <Task(_PythonDecoratedOperator): dim_branch> on 2023-04-30 07:09:50.351284+00:00
[2023-04-30 07:10:32,648] {standard_task_runner.py:52} INFO - Started process 1598 to run task
[2023-04-30 07:10:32,699] {standard_task_runner.py:79} INFO - Running: ['***', 'tasks', 'run', 'dag_etl', 'dim_branch', 'manual__2023-04-30T07:09:50.351284+00:00', '--job-id', '98', '--raw', '--subdir', 'DAGS_FOLDER/dag_etl_taskflow.py', '--cfg-path', '/tmp/tmpw66nav0p', '--error-file', '/tmp/tmpu149wthn']
[2023-04-30 07:10:32,721] {standard_task_runner.py:80} INFO - Job 98: Subtask dim_branch
[2023-04-30 07:10:33,924] {task_command.py:370} INFO - Running <TaskInstance: dag_etl.dim_branch manual__2023-04-30T07:09:50.351284+00:00 [running]> on host 295d97741f96
[2023-04-30 07:10:37,784] {taskinstance.py:1571} INFO - Exporting the following env vars:
AIRFLOW_CTX_DAG_OWNER=Victor
AIRFLOW_CTX_DAG_ID=dag_etl
AIRFLOW_CTX_TASK_ID=dim_branch
AIRFLOW_CTX_EXECUTION_DATE=2023-04-30T07:09:50.351284+00:00
AIRFLOW_CTX_TRY_NUMBER=1
AIRFLOW_CTX_DAG_RUN_ID=manual__2023-04-30T07:09:50.351284+00:00
[2023-04-30 07:10:39,189] {base.py:68} INFO - Using connection ID 'postgres_conn' for task execution.
[2023-04-30 07:10:40,889] {python.py:173} INFO - Done. Returned value was: None
[2023-04-30 07:10:42,572] {taskinstance.py:1400} INFO - Marking task as SUCCESS. dag_id=dag_etl, task_id=dim_branch, execution_date=20230430T070950, start_date=20230430T071032, end_date=20230430T071042
[2023-04-30 07:10:43,214] {local_task_job.py:156} INFO - Task exited with return code 0
[2023-04-30 07:10:47,669] {local_task_job.py:273} INFO - 0 downstream tasks scheduled from follow-on schedule check
