[2023-05-02 11:56:22,413] {taskinstance.py:1159} INFO - Dependencies all met for <TaskInstance: dag_etl.dim_branch manual__2023-05-02T11:55:27.901699+00:00 [queued]>
[2023-05-02 11:56:22,569] {taskinstance.py:1159} INFO - Dependencies all met for <TaskInstance: dag_etl.dim_branch manual__2023-05-02T11:55:27.901699+00:00 [queued]>
[2023-05-02 11:56:22,583] {taskinstance.py:1356} INFO - 
--------------------------------------------------------------------------------
[2023-05-02 11:56:22,586] {taskinstance.py:1357} INFO - Starting attempt 1 of 6
[2023-05-02 11:56:22,588] {taskinstance.py:1358} INFO - 
--------------------------------------------------------------------------------
[2023-05-02 11:56:22,976] {taskinstance.py:1377} INFO - Executing <Task(_PythonDecoratedOperator): dim_branch> on 2023-05-02 11:55:27.901699+00:00
[2023-05-02 11:56:23,024] {standard_task_runner.py:52} INFO - Started process 1852 to run task
[2023-05-02 11:56:23,126] {standard_task_runner.py:79} INFO - Running: ['***', 'tasks', 'run', 'dag_etl', 'dim_branch', 'manual__2023-05-02T11:55:27.901699+00:00', '--job-id', '533', '--raw', '--subdir', 'DAGS_FOLDER/dag_etl_taskflow.py', '--cfg-path', '/tmp/tmppp8rv979', '--error-file', '/tmp/tmp2nfid5zn']
[2023-05-02 11:56:23,134] {standard_task_runner.py:80} INFO - Job 533: Subtask dim_branch
[2023-05-02 11:56:25,413] {task_command.py:370} INFO - Running <TaskInstance: dag_etl.dim_branch manual__2023-05-02T11:55:27.901699+00:00 [running]> on host 295d97741f96
[2023-05-02 11:56:28,959] {taskinstance.py:1571} INFO - Exporting the following env vars:
AIRFLOW_CTX_DAG_OWNER=Victor
AIRFLOW_CTX_DAG_ID=dag_etl
AIRFLOW_CTX_TASK_ID=dim_branch
AIRFLOW_CTX_EXECUTION_DATE=2023-05-02T11:55:27.901699+00:00
AIRFLOW_CTX_TRY_NUMBER=1
AIRFLOW_CTX_DAG_RUN_ID=manual__2023-05-02T11:55:27.901699+00:00
[2023-05-02 11:56:29,585] {base.py:68} INFO - Using connection ID 'postgres_conn' for task execution.
[2023-05-02 11:56:30,417] {python.py:173} INFO - Done. Returned value was: None
[2023-05-02 11:56:31,474] {taskinstance.py:1400} INFO - Marking task as SUCCESS. dag_id=dag_etl, task_id=dim_branch, execution_date=20230502T115527, start_date=20230502T115622, end_date=20230502T115631
[2023-05-02 11:56:31,737] {local_task_job.py:156} INFO - Task exited with return code 0
[2023-05-02 11:56:33,011] {local_task_job.py:273} INFO - 0 downstream tasks scheduled from follow-on schedule check
