[2023-04-30 08:18:10,523] {taskinstance.py:1159} INFO - Dependencies all met for <TaskInstance: dag_etl.dim_customer_type manual__2023-04-30T08:17:21.945533+00:00 [queued]>
[2023-04-30 08:18:10,723] {taskinstance.py:1159} INFO - Dependencies all met for <TaskInstance: dag_etl.dim_customer_type manual__2023-04-30T08:17:21.945533+00:00 [queued]>
[2023-04-30 08:18:10,726] {taskinstance.py:1356} INFO - 
--------------------------------------------------------------------------------
[2023-04-30 08:18:10,749] {taskinstance.py:1357} INFO - Starting attempt 1 of 6
[2023-04-30 08:18:10,752] {taskinstance.py:1358} INFO - 
--------------------------------------------------------------------------------
[2023-04-30 08:18:11,495] {taskinstance.py:1377} INFO - Executing <Task(_PythonDecoratedOperator): dim_customer_type> on 2023-04-30 08:17:21.945533+00:00
[2023-04-30 08:18:11,553] {standard_task_runner.py:52} INFO - Started process 730 to run task
[2023-04-30 08:18:11,638] {standard_task_runner.py:79} INFO - Running: ['***', 'tasks', 'run', 'dag_etl', 'dim_customer_type', 'manual__2023-04-30T08:17:21.945533+00:00', '--job-id', '147', '--raw', '--subdir', 'DAGS_FOLDER/dag_etl_taskflow.py', '--cfg-path', '/tmp/tmpp3qrlpmt', '--error-file', '/tmp/tmplqwxejr8']
[2023-04-30 08:18:11,647] {standard_task_runner.py:80} INFO - Job 147: Subtask dim_customer_type
[2023-04-30 08:18:14,250] {task_command.py:370} INFO - Running <TaskInstance: dag_etl.dim_customer_type manual__2023-04-30T08:17:21.945533+00:00 [running]> on host 295d97741f96
[2023-04-30 08:18:18,586] {taskinstance.py:1571} INFO - Exporting the following env vars:
AIRFLOW_CTX_DAG_OWNER=Victor
AIRFLOW_CTX_DAG_ID=dag_etl
AIRFLOW_CTX_TASK_ID=dim_customer_type
AIRFLOW_CTX_EXECUTION_DATE=2023-04-30T08:17:21.945533+00:00
AIRFLOW_CTX_TRY_NUMBER=1
AIRFLOW_CTX_DAG_RUN_ID=manual__2023-04-30T08:17:21.945533+00:00
[2023-04-30 08:18:19,219] {base.py:68} INFO - Using connection ID 'postgres_conn' for task execution.
[2023-04-30 08:18:19,841] {python.py:173} INFO - Done. Returned value was: None
[2023-04-30 08:18:20,270] {taskinstance.py:1400} INFO - Marking task as SUCCESS. dag_id=dag_etl, task_id=dim_customer_type, execution_date=20230430T081721, start_date=20230430T081810, end_date=20230430T081820
[2023-04-30 08:18:20,531] {local_task_job.py:156} INFO - Task exited with return code 0
[2023-04-30 08:18:21,320] {local_task_job.py:273} INFO - 0 downstream tasks scheduled from follow-on schedule check
