[2023-05-05 07:25:27,769] {taskinstance.py:1159} INFO - Dependencies all met for <TaskInstance: dag_etl.dim_branch manual__2023-05-05T07:24:48.889079+00:00 [queued]>
[2023-05-05 07:25:28,021] {taskinstance.py:1159} INFO - Dependencies all met for <TaskInstance: dag_etl.dim_branch manual__2023-05-05T07:24:48.889079+00:00 [queued]>
[2023-05-05 07:25:28,030] {taskinstance.py:1356} INFO - 
--------------------------------------------------------------------------------
[2023-05-05 07:25:28,037] {taskinstance.py:1357} INFO - Starting attempt 1 of 6
[2023-05-05 07:25:28,041] {taskinstance.py:1358} INFO - 
--------------------------------------------------------------------------------
[2023-05-05 07:25:28,472] {taskinstance.py:1377} INFO - Executing <Task(_PythonDecoratedOperator): dim_branch> on 2023-05-05 07:24:48.889079+00:00
[2023-05-05 07:25:28,511] {standard_task_runner.py:52} INFO - Started process 711 to run task
[2023-05-05 07:25:28,545] {standard_task_runner.py:79} INFO - Running: ['***', 'tasks', 'run', 'dag_etl', 'dim_branch', 'manual__2023-05-05T07:24:48.889079+00:00', '--job-id', '1047', '--raw', '--subdir', 'DAGS_FOLDER/dag_etl_taskflow.py', '--cfg-path', '/tmp/tmpl7rkks_9', '--error-file', '/tmp/tmp9u01jw_n']
[2023-05-05 07:25:28,558] {standard_task_runner.py:80} INFO - Job 1047: Subtask dim_branch
[2023-05-05 07:25:30,728] {task_command.py:370} INFO - Running <TaskInstance: dag_etl.dim_branch manual__2023-05-05T07:24:48.889079+00:00 [running]> on host 295d97741f96
[2023-05-05 07:25:33,881] {taskinstance.py:1571} INFO - Exporting the following env vars:
AIRFLOW_CTX_DAG_OWNER=Victor
AIRFLOW_CTX_DAG_ID=dag_etl
AIRFLOW_CTX_TASK_ID=dim_branch
AIRFLOW_CTX_EXECUTION_DATE=2023-05-05T07:24:48.889079+00:00
AIRFLOW_CTX_TRY_NUMBER=1
AIRFLOW_CTX_DAG_RUN_ID=manual__2023-05-05T07:24:48.889079+00:00
[2023-05-05 07:25:34,495] {base.py:68} INFO - Using connection ID 'postgres_conn' for task execution.
[2023-05-05 07:25:35,448] {python.py:173} INFO - Done. Returned value was: None
[2023-05-05 07:25:35,986] {taskinstance.py:1400} INFO - Marking task as SUCCESS. dag_id=dag_etl, task_id=dim_branch, execution_date=20230505T072448, start_date=20230505T072527, end_date=20230505T072535
[2023-05-05 07:25:36,350] {local_task_job.py:156} INFO - Task exited with return code 0
[2023-05-05 07:25:37,379] {local_task_job.py:273} INFO - 0 downstream tasks scheduled from follow-on schedule check
