[2023-04-30 08:18:05,543] {taskinstance.py:1159} INFO - Dependencies all met for <TaskInstance: dag_etl.dim_time manual__2023-04-30T08:17:21.945533+00:00 [queued]>
[2023-04-30 08:18:05,726] {taskinstance.py:1159} INFO - Dependencies all met for <TaskInstance: dag_etl.dim_time manual__2023-04-30T08:17:21.945533+00:00 [queued]>
[2023-04-30 08:18:05,731] {taskinstance.py:1356} INFO - 
--------------------------------------------------------------------------------
[2023-04-30 08:18:05,734] {taskinstance.py:1357} INFO - Starting attempt 1 of 6
[2023-04-30 08:18:05,735] {taskinstance.py:1358} INFO - 
--------------------------------------------------------------------------------
[2023-04-30 08:18:05,952] {taskinstance.py:1377} INFO - Executing <Task(_PythonDecoratedOperator): dim_time> on 2023-04-30 08:17:21.945533+00:00
[2023-04-30 08:18:05,995] {standard_task_runner.py:52} INFO - Started process 718 to run task
[2023-04-30 08:18:06,046] {standard_task_runner.py:79} INFO - Running: ['***', 'tasks', 'run', 'dag_etl', 'dim_time', 'manual__2023-04-30T08:17:21.945533+00:00', '--job-id', '141', '--raw', '--subdir', 'DAGS_FOLDER/dag_etl_taskflow.py', '--cfg-path', '/tmp/tmp7nrchizn', '--error-file', '/tmp/tmpm1uy1_l1']
[2023-04-30 08:18:06,078] {standard_task_runner.py:80} INFO - Job 141: Subtask dim_time
[2023-04-30 08:18:07,297] {task_command.py:370} INFO - Running <TaskInstance: dag_etl.dim_time manual__2023-04-30T08:17:21.945533+00:00 [running]> on host 295d97741f96
[2023-04-30 08:18:09,928] {taskinstance.py:1571} INFO - Exporting the following env vars:
AIRFLOW_CTX_DAG_OWNER=Victor
AIRFLOW_CTX_DAG_ID=dag_etl
AIRFLOW_CTX_TASK_ID=dim_time
AIRFLOW_CTX_EXECUTION_DATE=2023-04-30T08:17:21.945533+00:00
AIRFLOW_CTX_TRY_NUMBER=1
AIRFLOW_CTX_DAG_RUN_ID=manual__2023-04-30T08:17:21.945533+00:00
[2023-04-30 08:18:11,761] {base.py:68} INFO - Using connection ID 'postgres_conn' for task execution.
[2023-04-30 08:18:13,795] {python.py:173} INFO - Done. Returned value was: None
[2023-04-30 08:18:14,961] {taskinstance.py:1400} INFO - Marking task as SUCCESS. dag_id=dag_etl, task_id=dim_time, execution_date=20230430T081721, start_date=20230430T081805, end_date=20230430T081814
[2023-04-30 08:18:15,276] {local_task_job.py:156} INFO - Task exited with return code 0
[2023-04-30 08:18:17,239] {local_task_job.py:273} INFO - 0 downstream tasks scheduled from follow-on schedule check
