[2023-04-30 07:02:58,556] {taskinstance.py:1159} INFO - Dependencies all met for <TaskInstance: dag_etl.rename_extracted_file scheduled__2023-04-28T00:00:00+00:00 [queued]>
[2023-04-30 07:02:58,724] {taskinstance.py:1159} INFO - Dependencies all met for <TaskInstance: dag_etl.rename_extracted_file scheduled__2023-04-28T00:00:00+00:00 [queued]>
[2023-04-30 07:02:58,726] {taskinstance.py:1356} INFO - 
--------------------------------------------------------------------------------
[2023-04-30 07:02:58,728] {taskinstance.py:1357} INFO - Starting attempt 1 of 6
[2023-04-30 07:02:58,729] {taskinstance.py:1358} INFO - 
--------------------------------------------------------------------------------
[2023-04-30 07:02:58,928] {taskinstance.py:1377} INFO - Executing <Task(_PythonDecoratedOperator): rename_extracted_file> on 2023-04-28 00:00:00+00:00
[2023-04-30 07:02:58,944] {standard_task_runner.py:52} INFO - Started process 897 to run task
[2023-04-30 07:02:58,973] {standard_task_runner.py:79} INFO - Running: ['***', 'tasks', 'run', 'dag_etl', 'rename_extracted_file', 'scheduled__2023-04-28T00:00:00+00:00', '--job-id', '56', '--raw', '--subdir', 'DAGS_FOLDER/dag_etl_taskflow.py', '--cfg-path', '/tmp/tmpvl1idzp3', '--error-file', '/tmp/tmp5bgx8tee']
[2023-04-30 07:02:58,978] {standard_task_runner.py:80} INFO - Job 56: Subtask rename_extracted_file
[2023-04-30 07:03:00,829] {task_command.py:370} INFO - Running <TaskInstance: dag_etl.rename_extracted_file scheduled__2023-04-28T00:00:00+00:00 [running]> on host 295d97741f96
[2023-04-30 07:03:04,253] {taskinstance.py:1571} INFO - Exporting the following env vars:
AIRFLOW_CTX_DAG_OWNER=Victor
AIRFLOW_CTX_DAG_ID=dag_etl
AIRFLOW_CTX_TASK_ID=rename_extracted_file
AIRFLOW_CTX_EXECUTION_DATE=2023-04-28T00:00:00+00:00
AIRFLOW_CTX_TRY_NUMBER=1
AIRFLOW_CTX_DAG_RUN_ID=scheduled__2023-04-28T00:00:00+00:00
[2023-04-30 07:03:04,268] {python.py:173} INFO - Done. Returned value was: /opt/***/data
[2023-04-30 07:03:05,470] {taskinstance.py:1400} INFO - Marking task as SUCCESS. dag_id=dag_etl, task_id=rename_extracted_file, execution_date=20230428T000000, start_date=20230430T070258, end_date=20230430T070305
[2023-04-30 07:03:05,909] {local_task_job.py:156} INFO - Task exited with return code 0
[2023-04-30 07:03:07,400] {local_task_job.py:273} INFO - 9 downstream tasks scheduled from follow-on schedule check
[2023-04-30 11:59:57,127] {taskinstance.py:1159} INFO - Dependencies all met for <TaskInstance: dag_etl.rename_extracted_file scheduled__2023-04-28T00:00:00+00:00 [queued]>
[2023-04-30 11:59:57,936] {taskinstance.py:1159} INFO - Dependencies all met for <TaskInstance: dag_etl.rename_extracted_file scheduled__2023-04-28T00:00:00+00:00 [queued]>
[2023-04-30 11:59:57,952] {taskinstance.py:1356} INFO - 
--------------------------------------------------------------------------------
[2023-04-30 11:59:57,968] {taskinstance.py:1357} INFO - Starting attempt 1 of 6
[2023-04-30 11:59:57,972] {taskinstance.py:1358} INFO - 
--------------------------------------------------------------------------------
[2023-04-30 11:59:58,837] {taskinstance.py:1377} INFO - Executing <Task(_PythonDecoratedOperator): rename_extracted_file> on 2023-04-28 00:00:00+00:00
[2023-04-30 11:59:58,865] {standard_task_runner.py:52} INFO - Started process 627 to run task
[2023-04-30 11:59:59,050] {standard_task_runner.py:79} INFO - Running: ['***', 'tasks', 'run', 'dag_etl', 'rename_extracted_file', 'scheduled__2023-04-28T00:00:00+00:00', '--job-id', '254', '--raw', '--subdir', 'DAGS_FOLDER/dag_etl_taskflow.py', '--cfg-path', '/tmp/tmp5mx5z2yu', '--error-file', '/tmp/tmpcenubxgx']
[2023-04-30 11:59:59,104] {standard_task_runner.py:80} INFO - Job 254: Subtask rename_extracted_file
[2023-04-30 12:00:01,134] {task_command.py:370} INFO - Running <TaskInstance: dag_etl.rename_extracted_file scheduled__2023-04-28T00:00:00+00:00 [running]> on host 295d97741f96
[2023-04-30 12:00:04,998] {taskinstance.py:1571} INFO - Exporting the following env vars:
AIRFLOW_CTX_DAG_OWNER=Victor
AIRFLOW_CTX_DAG_ID=dag_etl
AIRFLOW_CTX_TASK_ID=rename_extracted_file
AIRFLOW_CTX_EXECUTION_DATE=2023-04-28T00:00:00+00:00
AIRFLOW_CTX_TRY_NUMBER=1
AIRFLOW_CTX_DAG_RUN_ID=scheduled__2023-04-28T00:00:00+00:00
[2023-04-30 12:00:05,027] {python.py:173} INFO - Done. Returned value was: /opt/***/data
[2023-04-30 12:00:06,445] {taskinstance.py:1400} INFO - Marking task as SUCCESS. dag_id=dag_etl, task_id=rename_extracted_file, execution_date=20230428T000000, start_date=20230430T115957, end_date=20230430T120006
[2023-04-30 12:00:06,959] {local_task_job.py:156} INFO - Task exited with return code 0
[2023-04-30 12:00:10,959] {local_task_job.py:273} INFO - 7 downstream tasks scheduled from follow-on schedule check
