[2023-05-04 20:03:01,902] {taskinstance.py:1159} INFO - Dependencies all met for <TaskInstance: dag_etl.extract_from_s3 manual__2023-05-04T20:02:47.981671+00:00 [queued]>
[2023-05-04 20:03:02,014] {taskinstance.py:1159} INFO - Dependencies all met for <TaskInstance: dag_etl.extract_from_s3 manual__2023-05-04T20:02:47.981671+00:00 [queued]>
[2023-05-04 20:03:02,019] {taskinstance.py:1356} INFO - 
--------------------------------------------------------------------------------
[2023-05-04 20:03:02,023] {taskinstance.py:1357} INFO - Starting attempt 1 of 6
[2023-05-04 20:03:02,026] {taskinstance.py:1358} INFO - 
--------------------------------------------------------------------------------
[2023-05-04 20:03:02,215] {taskinstance.py:1377} INFO - Executing <Task(_PythonDecoratedOperator): extract_from_s3> on 2023-05-04 20:02:47.981671+00:00
[2023-05-04 20:03:02,226] {standard_task_runner.py:52} INFO - Started process 569 to run task
[2023-05-04 20:03:02,243] {standard_task_runner.py:79} INFO - Running: ['***', 'tasks', 'run', 'dag_etl', 'extract_from_s3', 'manual__2023-05-04T20:02:47.981671+00:00', '--job-id', '975', '--raw', '--subdir', 'DAGS_FOLDER/dag_etl_taskflow.py', '--cfg-path', '/tmp/tmpiomt8odt', '--error-file', '/tmp/tmpwwjqw7ic']
[2023-05-04 20:03:02,246] {standard_task_runner.py:80} INFO - Job 975: Subtask extract_from_s3
[2023-05-04 20:03:03,227] {task_command.py:370} INFO - Running <TaskInstance: dag_etl.extract_from_s3 manual__2023-05-04T20:02:47.981671+00:00 [running]> on host 295d97741f96
[2023-05-04 20:03:04,248] {taskinstance.py:1571} INFO - Exporting the following env vars:
AIRFLOW_CTX_DAG_OWNER=Victor
AIRFLOW_CTX_DAG_ID=dag_etl
AIRFLOW_CTX_TASK_ID=extract_from_s3
AIRFLOW_CTX_EXECUTION_DATE=2023-05-04T20:02:47.981671+00:00
AIRFLOW_CTX_TRY_NUMBER=1
AIRFLOW_CTX_DAG_RUN_ID=manual__2023-05-04T20:02:47.981671+00:00
[2023-05-04 20:03:04,253] {s3.py:861} INFO - Downloading source S3 file from Bucket raw with path supermarket_sales.csv
[2023-05-04 20:03:04,366] {base.py:68} INFO - Using connection ID 'minio_conn' for task execution.
[2023-05-04 20:03:04,376] {base_aws.py:206} INFO - Credentials retrieved from login
[2023-05-04 20:03:05,120] {python.py:173} INFO - Done. Returned value was: /opt/***/data/***_tmp_2eaqrm3v
[2023-05-04 20:03:05,380] {taskinstance.py:1400} INFO - Marking task as SUCCESS. dag_id=dag_etl, task_id=extract_from_s3, execution_date=20230504T200247, start_date=20230504T200301, end_date=20230504T200305
[2023-05-04 20:03:05,490] {local_task_job.py:156} INFO - Task exited with return code 0
[2023-05-04 20:03:05,864] {local_task_job.py:273} INFO - 1 downstream tasks scheduled from follow-on schedule check
