[2023-05-02 15:35:31,219] {taskinstance.py:1159} INFO - Dependencies all met for <TaskInstance: dag_etl_date.dim_product_line manual__2023-05-02T15:34:57.018665+00:00 [queued]>
[2023-05-02 15:35:31,312] {taskinstance.py:1159} INFO - Dependencies all met for <TaskInstance: dag_etl_date.dim_product_line manual__2023-05-02T15:34:57.018665+00:00 [queued]>
[2023-05-02 15:35:31,333] {taskinstance.py:1356} INFO - 
--------------------------------------------------------------------------------
[2023-05-02 15:35:31,338] {taskinstance.py:1357} INFO - Starting attempt 1 of 6
[2023-05-02 15:35:31,342] {taskinstance.py:1358} INFO - 
--------------------------------------------------------------------------------
[2023-05-02 15:35:31,544] {taskinstance.py:1377} INFO - Executing <Task(_PythonDecoratedOperator): dim_product_line> on 2023-05-02 15:34:57.018665+00:00
[2023-05-02 15:35:31,590] {standard_task_runner.py:52} INFO - Started process 926 to run task
[2023-05-02 15:35:31,611] {standard_task_runner.py:79} INFO - Running: ['***', 'tasks', 'run', 'dag_etl_date', 'dim_product_line', 'manual__2023-05-02T15:34:57.018665+00:00', '--job-id', '740', '--raw', '--subdir', 'DAGS_FOLDER/dag_etl_taskflow_date.py', '--cfg-path', '/tmp/tmp63c8kvpq', '--error-file', '/tmp/tmph015vh5i']
[2023-05-02 15:35:31,620] {standard_task_runner.py:80} INFO - Job 740: Subtask dim_product_line
[2023-05-02 15:35:32,869] {task_command.py:370} INFO - Running <TaskInstance: dag_etl_date.dim_product_line manual__2023-05-02T15:34:57.018665+00:00 [running]> on host 295d97741f96
[2023-05-02 15:35:35,558] {taskinstance.py:1571} INFO - Exporting the following env vars:
AIRFLOW_CTX_DAG_OWNER=Victor
AIRFLOW_CTX_DAG_ID=dag_etl_date
AIRFLOW_CTX_TASK_ID=dim_product_line
AIRFLOW_CTX_EXECUTION_DATE=2023-05-02T15:34:57.018665+00:00
AIRFLOW_CTX_TRY_NUMBER=1
AIRFLOW_CTX_DAG_RUN_ID=manual__2023-05-02T15:34:57.018665+00:00
[2023-05-02 15:35:36,148] {base.py:68} INFO - Using connection ID 'postgres_conn' for task execution.
[2023-05-02 15:35:37,136] {python.py:173} INFO - Done. Returned value was: None
[2023-05-02 15:35:37,844] {taskinstance.py:1400} INFO - Marking task as SUCCESS. dag_id=dag_etl_date, task_id=dim_product_line, execution_date=20230502T153457, start_date=20230502T153531, end_date=20230502T153537
[2023-05-02 15:35:38,253] {local_task_job.py:156} INFO - Task exited with return code 0
[2023-05-02 15:35:39,732] {local_task_job.py:273} INFO - 1 downstream tasks scheduled from follow-on schedule check
