[2023-04-30 07:36:14,274] {taskinstance.py:1159} INFO - Dependencies all met for <TaskInstance: dag_etl.sensor_s3_obj manual__2023-04-30T07:36:08.295748+00:00 [queued]>
[2023-04-30 07:36:14,333] {taskinstance.py:1159} INFO - Dependencies all met for <TaskInstance: dag_etl.sensor_s3_obj manual__2023-04-30T07:36:08.295748+00:00 [queued]>
[2023-04-30 07:36:14,334] {taskinstance.py:1356} INFO - 
--------------------------------------------------------------------------------
[2023-04-30 07:36:14,335] {taskinstance.py:1357} INFO - Starting attempt 1 of 6
[2023-04-30 07:36:14,336] {taskinstance.py:1358} INFO - 
--------------------------------------------------------------------------------
[2023-04-30 07:36:14,440] {taskinstance.py:1377} INFO - Executing <Task(S3KeySensor): sensor_s3_obj> on 2023-04-30 07:36:08.295748+00:00
[2023-04-30 07:36:14,451] {standard_task_runner.py:52} INFO - Started process 387 to run task
[2023-04-30 07:36:14,468] {standard_task_runner.py:79} INFO - Running: ['***', 'tasks', 'run', 'dag_etl', 'sensor_s3_obj', 'manual__2023-04-30T07:36:08.295748+00:00', '--job-id', '106', '--raw', '--subdir', 'DAGS_FOLDER/dag_etl_taskflow.py', '--cfg-path', '/tmp/tmp9id9u3dm', '--error-file', '/tmp/tmpol5tctf7']
[2023-04-30 07:36:14,471] {standard_task_runner.py:80} INFO - Job 106: Subtask sensor_s3_obj
[2023-04-30 07:36:14,918] {task_command.py:370} INFO - Running <TaskInstance: dag_etl.sensor_s3_obj manual__2023-04-30T07:36:08.295748+00:00 [running]> on host 295d97741f96
[2023-04-30 07:36:15,717] {taskinstance.py:1571} INFO - Exporting the following env vars:
AIRFLOW_CTX_DAG_OWNER=Victor
AIRFLOW_CTX_DAG_ID=dag_etl
AIRFLOW_CTX_TASK_ID=sensor_s3_obj
AIRFLOW_CTX_EXECUTION_DATE=2023-04-30T07:36:08.295748+00:00
AIRFLOW_CTX_TRY_NUMBER=1
AIRFLOW_CTX_DAG_RUN_ID=manual__2023-04-30T07:36:08.295748+00:00
[2023-04-30 07:36:15,722] {s3.py:104} INFO - Poking for key : s3://raw/supermarket_sales.csv
[2023-04-30 07:36:15,860] {base.py:68} INFO - Using connection ID 'minio_conn' for task execution.
[2023-04-30 07:36:15,869] {base_aws.py:206} INFO - Credentials retrieved from login
[2023-04-30 07:36:16,459] {base.py:301} INFO - Success criteria met. Exiting.
[2023-04-30 07:36:16,911] {taskinstance.py:1400} INFO - Marking task as SUCCESS. dag_id=dag_etl, task_id=sensor_s3_obj, execution_date=20230430T073608, start_date=20230430T073614, end_date=20230430T073616
[2023-04-30 07:36:17,098] {local_task_job.py:156} INFO - Task exited with return code 0
[2023-04-30 07:36:17,709] {local_task_job.py:273} INFO - 2 downstream tasks scheduled from follow-on schedule check
