[2023-04-30 06:57:42,000] {taskinstance.py:1159} INFO - Dependencies all met for <TaskInstance: dag_etl.dim_date scheduled__2023-04-28T00:00:00+00:00 [queued]>
[2023-04-30 06:57:42,503] {taskinstance.py:1159} INFO - Dependencies all met for <TaskInstance: dag_etl.dim_date scheduled__2023-04-28T00:00:00+00:00 [queued]>
[2023-04-30 06:57:42,519] {taskinstance.py:1356} INFO - 
--------------------------------------------------------------------------------
[2023-04-30 06:57:42,521] {taskinstance.py:1357} INFO - Starting attempt 2 of 6
[2023-04-30 06:57:42,521] {taskinstance.py:1358} INFO - 
--------------------------------------------------------------------------------
[2023-04-30 06:57:43,132] {taskinstance.py:1377} INFO - Executing <Task(_PythonDecoratedOperator): dim_date> on 2023-04-28 00:00:00+00:00
[2023-04-30 06:57:43,151] {standard_task_runner.py:52} INFO - Started process 392 to run task
[2023-04-30 06:57:43,259] {standard_task_runner.py:79} INFO - Running: ['***', 'tasks', 'run', 'dag_etl', 'dim_date', 'scheduled__2023-04-28T00:00:00+00:00', '--job-id', '22', '--raw', '--subdir', 'DAGS_FOLDER/dag_etl_taskflow.py', '--cfg-path', '/tmp/tmppsojzv_r', '--error-file', '/tmp/tmpi21xl8nf']
[2023-04-30 06:57:43,281] {standard_task_runner.py:80} INFO - Job 22: Subtask dim_date
[2023-04-30 06:57:45,821] {task_command.py:370} INFO - Running <TaskInstance: dag_etl.dim_date scheduled__2023-04-28T00:00:00+00:00 [running]> on host 295d97741f96
[2023-04-30 06:57:52,067] {taskinstance.py:1571} INFO - Exporting the following env vars:
AIRFLOW_CTX_DAG_OWNER=Victor
AIRFLOW_CTX_DAG_ID=dag_etl
AIRFLOW_CTX_TASK_ID=dim_date
AIRFLOW_CTX_EXECUTION_DATE=2023-04-28T00:00:00+00:00
AIRFLOW_CTX_TRY_NUMBER=2
AIRFLOW_CTX_DAG_RUN_ID=scheduled__2023-04-28T00:00:00+00:00
[2023-04-30 06:58:13,789] {base.py:68} INFO - Using connection ID 'postgres_conn' for task execution.
[2023-04-30 06:58:44,204] {python.py:173} INFO - Done. Returned value was: None
[2023-04-30 06:58:44,618] {taskinstance.py:1400} INFO - Marking task as SUCCESS. dag_id=dag_etl, task_id=dim_date, execution_date=20230428T000000, start_date=20230430T065742, end_date=20230430T065844
[2023-04-30 06:58:45,084] {local_task_job.py:156} INFO - Task exited with return code 0
[2023-04-30 06:58:46,504] {local_task_job.py:273} INFO - 0 downstream tasks scheduled from follow-on schedule check
