[2023-05-02 10:34:57,257] {taskinstance.py:1159} INFO - Dependencies all met for <TaskInstance: dag_etl.delete_s3_obj scheduled__2023-04-30T00:00:00+00:00 [queued]>
[2023-05-02 10:34:57,664] {taskinstance.py:1159} INFO - Dependencies all met for <TaskInstance: dag_etl.delete_s3_obj scheduled__2023-04-30T00:00:00+00:00 [queued]>
[2023-05-02 10:34:57,690] {taskinstance.py:1356} INFO - 
--------------------------------------------------------------------------------
[2023-05-02 10:34:57,697] {taskinstance.py:1357} INFO - Starting attempt 1 of 6
[2023-05-02 10:34:57,698] {taskinstance.py:1358} INFO - 
--------------------------------------------------------------------------------
[2023-05-02 10:34:58,576] {taskinstance.py:1377} INFO - Executing <Task(S3DeleteObjectsOperator): delete_s3_obj> on 2023-04-30 00:00:00+00:00
[2023-05-02 10:34:58,708] {standard_task_runner.py:52} INFO - Started process 717 to run task
[2023-05-02 10:34:58,884] {standard_task_runner.py:79} INFO - Running: ['***', 'tasks', 'run', 'dag_etl', 'delete_s3_obj', 'scheduled__2023-04-30T00:00:00+00:00', '--job-id', '411', '--raw', '--subdir', 'DAGS_FOLDER/dag_etl_taskflow.py', '--cfg-path', '/tmp/tmpwttiwdjv', '--error-file', '/tmp/tmp843k8ihq']
[2023-05-02 10:34:58,904] {standard_task_runner.py:80} INFO - Job 411: Subtask delete_s3_obj
[2023-05-02 10:35:00,904] {task_command.py:370} INFO - Running <TaskInstance: dag_etl.delete_s3_obj scheduled__2023-04-30T00:00:00+00:00 [running]> on host 295d97741f96
[2023-05-02 10:35:05,164] {taskinstance.py:1571} INFO - Exporting the following env vars:
AIRFLOW_CTX_DAG_OWNER=Victor
AIRFLOW_CTX_DAG_ID=dag_etl
AIRFLOW_CTX_TASK_ID=delete_s3_obj
AIRFLOW_CTX_EXECUTION_DATE=2023-04-30T00:00:00+00:00
AIRFLOW_CTX_TRY_NUMBER=1
AIRFLOW_CTX_DAG_RUN_ID=scheduled__2023-04-30T00:00:00+00:00
[2023-05-02 10:35:05,650] {base.py:68} INFO - Using connection ID 'minio_conn' for task execution.
[2023-05-02 10:35:05,726] {base_aws.py:206} INFO - Credentials retrieved from login
[2023-05-02 10:35:09,106] {s3.py:841} INFO - Deleted: ['supermarket_sales.csv']
[2023-05-02 10:35:09,896] {taskinstance.py:1400} INFO - Marking task as SUCCESS. dag_id=dag_etl, task_id=delete_s3_obj, execution_date=20230430T000000, start_date=20230502T103457, end_date=20230502T103509
[2023-05-02 10:35:11,267] {local_task_job.py:156} INFO - Task exited with return code 0
[2023-05-02 10:35:12,909] {local_task_job.py:273} INFO - 0 downstream tasks scheduled from follow-on schedule check
[2023-05-02 10:39:32,056] {taskinstance.py:1153} INFO - Dependencies not met for <TaskInstance: dag_etl.delete_s3_obj scheduled__2023-04-30T00:00:00+00:00 [success]>, dependency 'Task Instance State' FAILED: Task is in the 'success' state.
[2023-05-02 10:39:32,332] {local_task_job.py:101} INFO - Task is not able to be run
