[2023-05-02 10:40:58,130] {taskinstance.py:1159} INFO - Dependencies all met for <TaskInstance: dag_etl.fact_stage manual__2023-05-02T10:39:49.817893+00:00 [queued]>
[2023-05-02 10:40:58,193] {taskinstance.py:1159} INFO - Dependencies all met for <TaskInstance: dag_etl.fact_stage manual__2023-05-02T10:39:49.817893+00:00 [queued]>
[2023-05-02 10:40:58,194] {taskinstance.py:1356} INFO - 
--------------------------------------------------------------------------------
[2023-05-02 10:40:58,195] {taskinstance.py:1357} INFO - Starting attempt 1 of 6
[2023-05-02 10:40:58,196] {taskinstance.py:1358} INFO - 
--------------------------------------------------------------------------------
[2023-05-02 10:40:58,293] {taskinstance.py:1377} INFO - Executing <Task(_PythonDecoratedOperator): fact_stage> on 2023-05-02 10:39:49.817893+00:00
[2023-05-02 10:40:58,302] {standard_task_runner.py:52} INFO - Started process 1382 to run task
[2023-05-02 10:40:58,312] {standard_task_runner.py:79} INFO - Running: ['***', 'tasks', 'run', 'dag_etl', 'fact_stage', 'manual__2023-05-02T10:39:49.817893+00:00', '--job-id', '464', '--raw', '--subdir', 'DAGS_FOLDER/dag_etl_taskflow.py', '--cfg-path', '/tmp/tmptyvsw6f_', '--error-file', '/tmp/tmp2c4_3tny']
[2023-05-02 10:40:58,314] {standard_task_runner.py:80} INFO - Job 464: Subtask fact_stage
[2023-05-02 10:40:58,708] {task_command.py:370} INFO - Running <TaskInstance: dag_etl.fact_stage manual__2023-05-02T10:39:49.817893+00:00 [running]> on host 295d97741f96
[2023-05-02 10:40:59,470] {taskinstance.py:1571} INFO - Exporting the following env vars:
AIRFLOW_CTX_DAG_OWNER=Victor
AIRFLOW_CTX_DAG_ID=dag_etl
AIRFLOW_CTX_TASK_ID=fact_stage
AIRFLOW_CTX_EXECUTION_DATE=2023-05-02T10:39:49.817893+00:00
AIRFLOW_CTX_TRY_NUMBER=1
AIRFLOW_CTX_DAG_RUN_ID=manual__2023-05-02T10:39:49.817893+00:00
[2023-05-02 10:40:59,566] {base.py:68} INFO - Using connection ID 'postgres_conn' for task execution.
[2023-05-02 10:40:59,888] {base.py:68} INFO - Using connection ID 'postgres_conn' for task execution.
[2023-05-02 10:41:00,856] {python.py:173} INFO - Done. Returned value was: None
[2023-05-02 10:41:00,976] {taskinstance.py:1400} INFO - Marking task as SUCCESS. dag_id=dag_etl, task_id=fact_stage, execution_date=20230502T103949, start_date=20230502T104058, end_date=20230502T104100
[2023-05-02 10:41:01,075] {local_task_job.py:156} INFO - Task exited with return code 0
[2023-05-02 10:41:01,491] {local_task_job.py:273} INFO - 0 downstream tasks scheduled from follow-on schedule check
