[2023-05-02 17:09:38,875] {taskinstance.py:1159} INFO - Dependencies all met for <TaskInstance: dag_etl.sensor_s3_obj manual__2023-05-02T17:09:34.429844+00:00 [queued]>
[2023-05-02 17:09:38,926] {taskinstance.py:1159} INFO - Dependencies all met for <TaskInstance: dag_etl.sensor_s3_obj manual__2023-05-02T17:09:34.429844+00:00 [queued]>
[2023-05-02 17:09:38,928] {taskinstance.py:1356} INFO - 
--------------------------------------------------------------------------------
[2023-05-02 17:09:38,929] {taskinstance.py:1357} INFO - Starting attempt 1 of 6
[2023-05-02 17:09:38,929] {taskinstance.py:1358} INFO - 
--------------------------------------------------------------------------------
[2023-05-02 17:09:39,015] {taskinstance.py:1377} INFO - Executing <Task(S3KeySensor): sensor_s3_obj> on 2023-05-02 17:09:34.429844+00:00
[2023-05-02 17:09:39,024] {standard_task_runner.py:52} INFO - Started process 2149 to run task
[2023-05-02 17:09:39,032] {standard_task_runner.py:79} INFO - Running: ['***', 'tasks', 'run', 'dag_etl', 'sensor_s3_obj', 'manual__2023-05-02T17:09:34.429844+00:00', '--job-id', '834', '--raw', '--subdir', 'DAGS_FOLDER/dag_etl_taskflow.py', '--cfg-path', '/tmp/tmpt4v2frm3', '--error-file', '/tmp/tmp1n88ls0r']
[2023-05-02 17:09:39,034] {standard_task_runner.py:80} INFO - Job 834: Subtask sensor_s3_obj
[2023-05-02 17:09:39,403] {task_command.py:370} INFO - Running <TaskInstance: dag_etl.sensor_s3_obj manual__2023-05-02T17:09:34.429844+00:00 [running]> on host 295d97741f96
[2023-05-02 17:09:39,994] {taskinstance.py:1571} INFO - Exporting the following env vars:
AIRFLOW_CTX_DAG_OWNER=Victor
AIRFLOW_CTX_DAG_ID=dag_etl
AIRFLOW_CTX_TASK_ID=sensor_s3_obj
AIRFLOW_CTX_EXECUTION_DATE=2023-05-02T17:09:34.429844+00:00
AIRFLOW_CTX_TRY_NUMBER=1
AIRFLOW_CTX_DAG_RUN_ID=manual__2023-05-02T17:09:34.429844+00:00
[2023-05-02 17:09:39,997] {s3.py:104} INFO - Poking for key : s3://raw/supermarket_sales.csv
[2023-05-02 17:09:40,074] {base.py:68} INFO - Using connection ID 'minio_conn' for task execution.
[2023-05-02 17:09:40,079] {base_aws.py:206} INFO - Credentials retrieved from login
[2023-05-02 17:09:40,413] {base.py:301} INFO - Success criteria met. Exiting.
[2023-05-02 17:09:40,718] {taskinstance.py:1400} INFO - Marking task as SUCCESS. dag_id=dag_etl, task_id=sensor_s3_obj, execution_date=20230502T170934, start_date=20230502T170938, end_date=20230502T170940
[2023-05-02 17:09:40,822] {local_task_job.py:156} INFO - Task exited with return code 0
[2023-05-02 17:09:41,279] {local_task_job.py:273} INFO - 0 downstream tasks scheduled from follow-on schedule check
