[2023-04-30 09:00:17,776] {taskinstance.py:1159} INFO - Dependencies all met for <TaskInstance: dag_etl.dim_product_line manual__2023-04-30T08:59:26.372167+00:00 [queued]>
[2023-04-30 09:00:18,060] {taskinstance.py:1159} INFO - Dependencies all met for <TaskInstance: dag_etl.dim_product_line manual__2023-04-30T08:59:26.372167+00:00 [queued]>
[2023-04-30 09:00:18,062] {taskinstance.py:1356} INFO - 
--------------------------------------------------------------------------------
[2023-04-30 09:00:18,064] {taskinstance.py:1357} INFO - Starting attempt 1 of 6
[2023-04-30 09:00:18,066] {taskinstance.py:1358} INFO - 
--------------------------------------------------------------------------------
[2023-04-30 09:00:18,391] {taskinstance.py:1377} INFO - Executing <Task(_PythonDecoratedOperator): dim_product_line> on 2023-04-30 08:59:26.372167+00:00
[2023-04-30 09:00:18,422] {standard_task_runner.py:52} INFO - Started process 501 to run task
[2023-04-30 09:00:18,475] {standard_task_runner.py:79} INFO - Running: ['***', 'tasks', 'run', 'dag_etl', 'dim_product_line', 'manual__2023-04-30T08:59:26.372167+00:00', '--job-id', '174', '--raw', '--subdir', 'DAGS_FOLDER/dag_etl_taskflow.py', '--cfg-path', '/tmp/tmpmi08_kun', '--error-file', '/tmp/tmpzobqc2s0']
[2023-04-30 09:00:18,503] {standard_task_runner.py:80} INFO - Job 174: Subtask dim_product_line
[2023-04-30 09:00:20,010] {task_command.py:370} INFO - Running <TaskInstance: dag_etl.dim_product_line manual__2023-04-30T08:59:26.372167+00:00 [running]> on host 295d97741f96
[2023-04-30 09:00:24,186] {taskinstance.py:1571} INFO - Exporting the following env vars:
AIRFLOW_CTX_DAG_OWNER=Victor
AIRFLOW_CTX_DAG_ID=dag_etl
AIRFLOW_CTX_TASK_ID=dim_product_line
AIRFLOW_CTX_EXECUTION_DATE=2023-04-30T08:59:26.372167+00:00
AIRFLOW_CTX_TRY_NUMBER=1
AIRFLOW_CTX_DAG_RUN_ID=manual__2023-04-30T08:59:26.372167+00:00
[2023-04-30 09:00:25,641] {base.py:68} INFO - Using connection ID 'postgres_conn' for task execution.
[2023-04-30 09:00:26,186] {python.py:173} INFO - Done. Returned value was: None
[2023-04-30 09:00:29,302] {taskinstance.py:1400} INFO - Marking task as SUCCESS. dag_id=dag_etl, task_id=dim_product_line, execution_date=20230430T085926, start_date=20230430T090017, end_date=20230430T090029
[2023-04-30 09:00:29,889] {local_task_job.py:156} INFO - Task exited with return code 0
[2023-04-30 09:00:31,060] {local_task_job.py:273} INFO - 0 downstream tasks scheduled from follow-on schedule check
