[2023-04-30 09:03:54,639] {taskinstance.py:1159} INFO - Dependencies all met for <TaskInstance: dag_etl.dim_customer_type manual__2023-04-30T09:03:00.358280+00:00 [queued]>
[2023-04-30 09:03:54,754] {taskinstance.py:1159} INFO - Dependencies all met for <TaskInstance: dag_etl.dim_customer_type manual__2023-04-30T09:03:00.358280+00:00 [queued]>
[2023-04-30 09:03:54,763] {taskinstance.py:1356} INFO - 
--------------------------------------------------------------------------------
[2023-04-30 09:03:54,764] {taskinstance.py:1357} INFO - Starting attempt 1 of 6
[2023-04-30 09:03:54,765] {taskinstance.py:1358} INFO - 
--------------------------------------------------------------------------------
[2023-04-30 09:03:54,946] {taskinstance.py:1377} INFO - Executing <Task(_PythonDecoratedOperator): dim_customer_type> on 2023-04-30 09:03:00.358280+00:00
[2023-04-30 09:03:54,963] {standard_task_runner.py:52} INFO - Started process 876 to run task
[2023-04-30 09:03:54,985] {standard_task_runner.py:79} INFO - Running: ['***', 'tasks', 'run', 'dag_etl', 'dim_customer_type', 'manual__2023-04-30T09:03:00.358280+00:00', '--job-id', '207', '--raw', '--subdir', 'DAGS_FOLDER/dag_etl_taskflow.py', '--cfg-path', '/tmp/tmpj5z57pju', '--error-file', '/tmp/tmpnfozktmx']
[2023-04-30 09:03:54,988] {standard_task_runner.py:80} INFO - Job 207: Subtask dim_customer_type
[2023-04-30 09:03:55,815] {task_command.py:370} INFO - Running <TaskInstance: dag_etl.dim_customer_type manual__2023-04-30T09:03:00.358280+00:00 [running]> on host 295d97741f96
[2023-04-30 09:03:57,925] {taskinstance.py:1571} INFO - Exporting the following env vars:
AIRFLOW_CTX_DAG_OWNER=Victor
AIRFLOW_CTX_DAG_ID=dag_etl
AIRFLOW_CTX_TASK_ID=dim_customer_type
AIRFLOW_CTX_EXECUTION_DATE=2023-04-30T09:03:00.358280+00:00
AIRFLOW_CTX_TRY_NUMBER=1
AIRFLOW_CTX_DAG_RUN_ID=manual__2023-04-30T09:03:00.358280+00:00
[2023-04-30 09:03:58,873] {base.py:68} INFO - Using connection ID 'postgres_conn' for task execution.
[2023-04-30 09:03:59,853] {python.py:173} INFO - Done. Returned value was: None
[2023-04-30 09:04:00,390] {taskinstance.py:1400} INFO - Marking task as SUCCESS. dag_id=dag_etl, task_id=dim_customer_type, execution_date=20230430T090300, start_date=20230430T090354, end_date=20230430T090400
[2023-04-30 09:04:02,143] {local_task_job.py:156} INFO - Task exited with return code 0
[2023-04-30 09:04:03,890] {local_task_job.py:273} INFO - 0 downstream tasks scheduled from follow-on schedule check
