[2023-08-17 17:37:49,419] {taskinstance.py:1179} INFO - Dependencies all met for <TaskInstance: dag_etl.extract_from_s3 manual__2023-08-17T17:37:47.265781+00:00 [queued]>
[2023-08-17 17:37:49,450] {taskinstance.py:1179} INFO - Dependencies all met for <TaskInstance: dag_etl.extract_from_s3 manual__2023-08-17T17:37:47.265781+00:00 [queued]>
[2023-08-17 17:37:49,451] {taskinstance.py:1376} INFO - 
--------------------------------------------------------------------------------
[2023-08-17 17:37:49,451] {taskinstance.py:1377} INFO - Starting attempt 1 of 6
[2023-08-17 17:37:49,451] {taskinstance.py:1378} INFO - 
--------------------------------------------------------------------------------
[2023-08-17 17:37:49,488] {taskinstance.py:1397} INFO - Executing <Task(_PythonDecoratedOperator): extract_from_s3> on 2023-08-17 17:37:47.265781+00:00
[2023-08-17 17:37:49,492] {standard_task_runner.py:52} INFO - Started process 307 to run task
[2023-08-17 17:37:49,502] {standard_task_runner.py:79} INFO - Running: ['***', 'tasks', 'run', 'dag_etl', 'extract_from_s3', 'manual__2023-08-17T17:37:47.265781+00:00', '--job-id', '52', '--raw', '--subdir', 'DAGS_FOLDER/dag_etl_taskflow.py', '--cfg-path', '/tmp/tmpj1bkf_wh', '--error-file', '/tmp/tmp3eakxyen']
[2023-08-17 17:37:49,504] {standard_task_runner.py:80} INFO - Job 52: Subtask extract_from_s3
[2023-08-17 17:37:49,589] {task_command.py:371} INFO - Running <TaskInstance: dag_etl.extract_from_s3 manual__2023-08-17T17:37:47.265781+00:00 [running]> on host 1ea22a5e1d7f
[2023-08-17 17:37:49,714] {taskinstance.py:1591} INFO - Exporting the following env vars:
AIRFLOW_CTX_DAG_OWNER=Victor
AIRFLOW_CTX_DAG_ID=dag_etl
AIRFLOW_CTX_TASK_ID=extract_from_s3
AIRFLOW_CTX_EXECUTION_DATE=2023-08-17T17:37:47.265781+00:00
AIRFLOW_CTX_TRY_NUMBER=1
AIRFLOW_CTX_DAG_RUN_ID=manual__2023-08-17T17:37:47.265781+00:00
[2023-08-17 17:37:49,717] {s3.py:857} INFO - Downloading source S3 file from Bucket raw with path raw.csv
[2023-08-17 17:37:49,740] {base.py:68} INFO - Using connection ID 'minio_conn' for task execution.
[2023-08-17 17:37:49,742] {base_aws.py:210} INFO - Credentials retrieved from extra_config
[2023-08-17 17:37:49,955] {python.py:173} INFO - Done. Returned value was: /home/***/***_tmp_ept0y6n1
[2023-08-17 17:37:49,985] {taskinstance.py:1420} INFO - Marking task as SUCCESS. dag_id=dag_etl, task_id=extract_from_s3, execution_date=20230817T173747, start_date=20230817T173749, end_date=20230817T173749
[2023-08-17 17:37:50,030] {local_task_job.py:156} INFO - Task exited with return code 0
[2023-08-17 17:37:50,105] {local_task_job.py:273} INFO - 0 downstream tasks scheduled from follow-on schedule check
