[2023-05-03 18:35:54,515] {taskinstance.py:1159} INFO - Dependencies all met for <TaskInstance: dag_etl.fact_nds manual__2023-05-03T18:34:59.697678+00:00 [queued]>
[2023-05-03 18:35:54,575] {taskinstance.py:1159} INFO - Dependencies all met for <TaskInstance: dag_etl.fact_nds manual__2023-05-03T18:34:59.697678+00:00 [queued]>
[2023-05-03 18:35:54,576] {taskinstance.py:1356} INFO - 
--------------------------------------------------------------------------------
[2023-05-03 18:35:54,577] {taskinstance.py:1357} INFO - Starting attempt 1 of 6
[2023-05-03 18:35:54,577] {taskinstance.py:1358} INFO - 
--------------------------------------------------------------------------------
[2023-05-03 18:35:54,667] {taskinstance.py:1377} INFO - Executing <Task(_PythonDecoratedOperator): fact_nds> on 2023-05-03 18:34:59.697678+00:00
[2023-05-03 18:35:54,677] {standard_task_runner.py:52} INFO - Started process 565 to run task
[2023-05-03 18:35:54,686] {standard_task_runner.py:79} INFO - Running: ['***', 'tasks', 'run', 'dag_etl', 'fact_nds', 'manual__2023-05-03T18:34:59.697678+00:00', '--job-id', '864', '--raw', '--subdir', 'DAGS_FOLDER/dag_etl_taskflow.py', '--cfg-path', '/tmp/tmpito8lzlk', '--error-file', '/tmp/tmpcp1wvse1']
[2023-05-03 18:35:54,689] {standard_task_runner.py:80} INFO - Job 864: Subtask fact_nds
[2023-05-03 18:35:55,065] {task_command.py:370} INFO - Running <TaskInstance: dag_etl.fact_nds manual__2023-05-03T18:34:59.697678+00:00 [running]> on host 295d97741f96
[2023-05-03 18:35:55,785] {taskinstance.py:1571} INFO - Exporting the following env vars:
AIRFLOW_CTX_DAG_OWNER=Victor
AIRFLOW_CTX_DAG_ID=dag_etl
AIRFLOW_CTX_TASK_ID=fact_nds
AIRFLOW_CTX_EXECUTION_DATE=2023-05-03T18:34:59.697678+00:00
AIRFLOW_CTX_TRY_NUMBER=1
AIRFLOW_CTX_DAG_RUN_ID=manual__2023-05-03T18:34:59.697678+00:00
[2023-05-03 18:35:55,868] {base.py:68} INFO - Using connection ID 'postgres_conn' for task execution.
[2023-05-03 18:35:56,172] {base.py:68} INFO - Using connection ID 'postgres_conn' for task execution.
[2023-05-03 18:35:57,237] {python.py:173} INFO - Done. Returned value was: None
[2023-05-03 18:35:57,356] {taskinstance.py:1400} INFO - Marking task as SUCCESS. dag_id=dag_etl, task_id=fact_nds, execution_date=20230503T183459, start_date=20230503T183554, end_date=20230503T183557
[2023-05-03 18:35:57,478] {local_task_job.py:156} INFO - Task exited with return code 0
[2023-05-03 18:35:57,821] {local_task_job.py:273} INFO - 1 downstream tasks scheduled from follow-on schedule check
