[2023-05-02 15:32:40,222] {taskinstance.py:1159} INFO - Dependencies all met for <TaskInstance: dag_etl_date.dim_payment manual__2023-05-02T15:32:12.652181+00:00 [queued]>
[2023-05-02 15:32:40,350] {taskinstance.py:1159} INFO - Dependencies all met for <TaskInstance: dag_etl_date.dim_payment manual__2023-05-02T15:32:12.652181+00:00 [queued]>
[2023-05-02 15:32:40,351] {taskinstance.py:1356} INFO - 
--------------------------------------------------------------------------------
[2023-05-02 15:32:40,352] {taskinstance.py:1357} INFO - Starting attempt 1 of 6
[2023-05-02 15:32:40,353] {taskinstance.py:1358} INFO - 
--------------------------------------------------------------------------------
[2023-05-02 15:32:40,571] {taskinstance.py:1377} INFO - Executing <Task(_PythonDecoratedOperator): dim_payment> on 2023-05-02 15:32:12.652181+00:00
[2023-05-02 15:32:40,593] {standard_task_runner.py:52} INFO - Started process 610 to run task
[2023-05-02 15:32:40,626] {standard_task_runner.py:79} INFO - Running: ['***', 'tasks', 'run', 'dag_etl_date', 'dim_payment', 'manual__2023-05-02T15:32:12.652181+00:00', '--job-id', '724', '--raw', '--subdir', 'DAGS_FOLDER/dag_etl_taskflow_date.py', '--cfg-path', '/tmp/tmp9822nom3', '--error-file', '/tmp/tmpwf3c0p4j']
[2023-05-02 15:32:40,630] {standard_task_runner.py:80} INFO - Job 724: Subtask dim_payment
[2023-05-02 15:32:41,533] {task_command.py:370} INFO - Running <TaskInstance: dag_etl_date.dim_payment manual__2023-05-02T15:32:12.652181+00:00 [running]> on host 295d97741f96
[2023-05-02 15:32:47,300] {taskinstance.py:1571} INFO - Exporting the following env vars:
AIRFLOW_CTX_DAG_OWNER=Victor
AIRFLOW_CTX_DAG_ID=dag_etl_date
AIRFLOW_CTX_TASK_ID=dim_payment
AIRFLOW_CTX_EXECUTION_DATE=2023-05-02T15:32:12.652181+00:00
AIRFLOW_CTX_TRY_NUMBER=1
AIRFLOW_CTX_DAG_RUN_ID=manual__2023-05-02T15:32:12.652181+00:00
[2023-05-02 15:32:49,125] {base.py:68} INFO - Using connection ID 'postgres_conn' for task execution.
[2023-05-02 15:32:50,072] {python.py:173} INFO - Done. Returned value was: None
[2023-05-02 15:32:51,312] {taskinstance.py:1400} INFO - Marking task as SUCCESS. dag_id=dag_etl_date, task_id=dim_payment, execution_date=20230502T153212, start_date=20230502T153240, end_date=20230502T153251
[2023-05-02 15:32:51,534] {local_task_job.py:156} INFO - Task exited with return code 0
[2023-05-02 15:32:53,121] {local_task_job.py:273} INFO - 0 downstream tasks scheduled from follow-on schedule check
