[2023-05-02 15:01:37,571] {processor.py:153} INFO - Started process (PID=263) to work on /opt/airflow/dags/dag_etl_taskflow_date.py
[2023-05-02 15:01:37,575] {processor.py:641} INFO - Processing file /opt/airflow/dags/dag_etl_taskflow_date.py for tasks to queue
[2023-05-02 15:01:37,579] {logging_mixin.py:115} INFO - [2023-05-02 15:01:37,578] {dagbag.py:507} INFO - Filling up the DagBag from /opt/airflow/dags/dag_etl_taskflow_date.py
[2023-05-02 15:01:40,610] {processor.py:651} INFO - DAG(s) dict_keys(['dag_etl_date']) retrieved from /opt/airflow/dags/dag_etl_taskflow_date.py
[2023-05-02 15:01:41,391] {logging_mixin.py:115} INFO - [2023-05-02 15:01:41,391] {manager.py:508} INFO - Created Permission View: can read on DAG:dag_etl_date
[2023-05-02 15:01:41,450] {logging_mixin.py:115} INFO - [2023-05-02 15:01:41,449] {manager.py:508} INFO - Created Permission View: can delete on DAG:dag_etl_date
[2023-05-02 15:01:41,487] {logging_mixin.py:115} INFO - [2023-05-02 15:01:41,486] {manager.py:508} INFO - Created Permission View: can edit on DAG:dag_etl_date
[2023-05-02 15:01:41,489] {logging_mixin.py:115} INFO - [2023-05-02 15:01:41,488] {dag.py:2379} INFO - Sync 1 DAGs
[2023-05-02 15:01:41,585] {logging_mixin.py:115} INFO - [2023-05-02 15:01:41,584] {dag.py:2398} INFO - Creating ORM DAG for dag_etl_date
[2023-05-02 15:01:41,686] {logging_mixin.py:115} INFO - [2023-05-02 15:01:41,685] {dag.py:2931} INFO - Setting next_dagrun for dag_etl_date to 2023-04-27T00:00:00+00:00, run_after=2023-04-28T00:00:00+00:00
[2023-05-02 15:01:41,749] {processor.py:161} INFO - Processing /opt/airflow/dags/dag_etl_taskflow_date.py took 4.189 seconds
[2023-05-02 15:02:11,904] {processor.py:153} INFO - Started process (PID=308) to work on /opt/airflow/dags/dag_etl_taskflow_date.py
[2023-05-02 15:02:11,908] {processor.py:641} INFO - Processing file /opt/airflow/dags/dag_etl_taskflow_date.py for tasks to queue
[2023-05-02 15:02:11,920] {logging_mixin.py:115} INFO - [2023-05-02 15:02:11,920] {dagbag.py:507} INFO - Filling up the DagBag from /opt/airflow/dags/dag_etl_taskflow_date.py
[2023-05-02 15:02:18,886] {processor.py:651} INFO - DAG(s) dict_keys(['dag_etl_date']) retrieved from /opt/airflow/dags/dag_etl_taskflow_date.py
[2023-05-02 15:02:19,736] {logging_mixin.py:115} INFO - [2023-05-02 15:02:19,734] {dag.py:2379} INFO - Sync 1 DAGs
[2023-05-02 15:02:19,912] {logging_mixin.py:115} INFO - [2023-05-02 15:02:19,912] {dag.py:2931} INFO - Setting next_dagrun for dag_etl_date to 2023-04-27T00:00:00+00:00, run_after=2023-04-28T00:00:00+00:00
[2023-05-02 15:02:20,027] {processor.py:161} INFO - Processing /opt/airflow/dags/dag_etl_taskflow_date.py took 8.141 seconds
[2023-05-02 15:02:50,334] {processor.py:153} INFO - Started process (PID=354) to work on /opt/airflow/dags/dag_etl_taskflow_date.py
[2023-05-02 15:02:50,339] {processor.py:641} INFO - Processing file /opt/airflow/dags/dag_etl_taskflow_date.py for tasks to queue
[2023-05-02 15:02:50,343] {logging_mixin.py:115} INFO - [2023-05-02 15:02:50,343] {dagbag.py:507} INFO - Filling up the DagBag from /opt/airflow/dags/dag_etl_taskflow_date.py
[2023-05-02 15:02:53,415] {processor.py:651} INFO - DAG(s) dict_keys(['dag_etl_date']) retrieved from /opt/airflow/dags/dag_etl_taskflow_date.py
[2023-05-02 15:02:54,072] {logging_mixin.py:115} INFO - [2023-05-02 15:02:54,071] {dag.py:2379} INFO - Sync 1 DAGs
[2023-05-02 15:02:54,190] {logging_mixin.py:115} INFO - [2023-05-02 15:02:54,189] {dag.py:2931} INFO - Setting next_dagrun for dag_etl_date to 2023-04-27T00:00:00+00:00, run_after=2023-04-28T00:00:00+00:00
[2023-05-02 15:02:54,263] {processor.py:161} INFO - Processing /opt/airflow/dags/dag_etl_taskflow_date.py took 3.951 seconds
[2023-05-02 15:03:24,948] {processor.py:153} INFO - Started process (PID=431) to work on /opt/airflow/dags/dag_etl_taskflow_date.py
[2023-05-02 15:03:24,960] {processor.py:641} INFO - Processing file /opt/airflow/dags/dag_etl_taskflow_date.py for tasks to queue
[2023-05-02 15:03:25,003] {logging_mixin.py:115} INFO - [2023-05-02 15:03:24,980] {dagbag.py:507} INFO - Filling up the DagBag from /opt/airflow/dags/dag_etl_taskflow_date.py
[2023-05-02 15:03:48,529] {processor.py:651} INFO - DAG(s) dict_keys(['dag_etl_date']) retrieved from /opt/airflow/dags/dag_etl_taskflow_date.py
[2023-05-02 15:03:51,392] {logging_mixin.py:115} INFO - [2023-05-02 15:03:51,390] {dag.py:2379} INFO - Sync 1 DAGs
[2023-05-02 15:03:51,970] {logging_mixin.py:115} INFO - [2023-05-02 15:03:51,961] {dag.py:2931} INFO - Setting next_dagrun for dag_etl_date to 2023-05-02T00:00:00+00:00, run_after=2023-05-03T00:00:00+00:00
[2023-05-02 15:03:52,110] {processor.py:161} INFO - Processing /opt/airflow/dags/dag_etl_taskflow_date.py took 27.264 seconds
[2023-05-02 15:04:22,812] {processor.py:153} INFO - Started process (PID=572) to work on /opt/airflow/dags/dag_etl_taskflow_date.py
[2023-05-02 15:04:22,849] {processor.py:641} INFO - Processing file /opt/airflow/dags/dag_etl_taskflow_date.py for tasks to queue
[2023-05-02 15:04:22,910] {logging_mixin.py:115} INFO - [2023-05-02 15:04:22,886] {dagbag.py:507} INFO - Filling up the DagBag from /opt/airflow/dags/dag_etl_taskflow_date.py
[2023-05-02 15:04:34,915] {processor.py:651} INFO - DAG(s) dict_keys(['dag_etl_date']) retrieved from /opt/airflow/dags/dag_etl_taskflow_date.py
[2023-05-02 15:04:37,608] {logging_mixin.py:115} INFO - [2023-05-02 15:04:37,606] {dag.py:2379} INFO - Sync 1 DAGs
[2023-05-02 15:04:39,432] {logging_mixin.py:115} INFO - [2023-05-02 15:04:39,431] {dag.py:2931} INFO - Setting next_dagrun for dag_etl_date to 2023-05-02T00:00:00+00:00, run_after=2023-05-03T00:00:00+00:00
[2023-05-02 15:04:40,020] {processor.py:161} INFO - Processing /opt/airflow/dags/dag_etl_taskflow_date.py took 17.262 seconds
[2023-05-02 15:05:11,692] {processor.py:153} INFO - Started process (PID=713) to work on /opt/airflow/dags/dag_etl_taskflow_date.py
[2023-05-02 15:05:11,699] {processor.py:641} INFO - Processing file /opt/airflow/dags/dag_etl_taskflow_date.py for tasks to queue
[2023-05-02 15:05:11,732] {logging_mixin.py:115} INFO - [2023-05-02 15:05:11,716] {dagbag.py:507} INFO - Filling up the DagBag from /opt/airflow/dags/dag_etl_taskflow_date.py
[2023-05-02 15:05:40,285] {processor.py:651} INFO - DAG(s) dict_keys(['dag_etl_date']) retrieved from /opt/airflow/dags/dag_etl_taskflow_date.py
[2023-05-02 15:05:45,844] {logging_mixin.py:115} INFO - [2023-05-02 15:05:45,792] {dag.py:2379} INFO - Sync 1 DAGs
[2023-05-02 15:05:46,749] {logging_mixin.py:115} INFO - [2023-05-02 15:05:46,748] {dag.py:2931} INFO - Setting next_dagrun for dag_etl_date to 2023-05-02T00:00:00+00:00, run_after=2023-05-03T00:00:00+00:00
[2023-05-02 15:05:47,096] {processor.py:161} INFO - Processing /opt/airflow/dags/dag_etl_taskflow_date.py took 35.505 seconds
[2023-05-02 15:06:17,611] {processor.py:153} INFO - Started process (PID=829) to work on /opt/airflow/dags/dag_etl_taskflow_date.py
[2023-05-02 15:06:17,614] {processor.py:641} INFO - Processing file /opt/airflow/dags/dag_etl_taskflow_date.py for tasks to queue
[2023-05-02 15:06:17,617] {logging_mixin.py:115} INFO - [2023-05-02 15:06:17,616] {dagbag.py:507} INFO - Filling up the DagBag from /opt/airflow/dags/dag_etl_taskflow_date.py
[2023-05-02 15:06:27,445] {processor.py:651} INFO - DAG(s) dict_keys(['dag_etl_date']) retrieved from /opt/airflow/dags/dag_etl_taskflow_date.py
[2023-05-02 15:06:29,172] {logging_mixin.py:115} INFO - [2023-05-02 15:06:29,160] {dag.py:2379} INFO - Sync 1 DAGs
[2023-05-02 15:06:29,826] {logging_mixin.py:115} INFO - [2023-05-02 15:06:29,811] {dag.py:2931} INFO - Setting next_dagrun for dag_etl_date to 2023-05-02T00:00:00+00:00, run_after=2023-05-03T00:00:00+00:00
[2023-05-02 15:06:30,046] {processor.py:161} INFO - Processing /opt/airflow/dags/dag_etl_taskflow_date.py took 12.448 seconds
[2023-05-02 15:07:00,598] {processor.py:153} INFO - Started process (PID=910) to work on /opt/airflow/dags/dag_etl_taskflow_date.py
[2023-05-02 15:07:00,601] {processor.py:641} INFO - Processing file /opt/airflow/dags/dag_etl_taskflow_date.py for tasks to queue
[2023-05-02 15:07:00,603] {logging_mixin.py:115} INFO - [2023-05-02 15:07:00,603] {dagbag.py:507} INFO - Filling up the DagBag from /opt/airflow/dags/dag_etl_taskflow_date.py
[2023-05-02 15:07:03,226] {processor.py:651} INFO - DAG(s) dict_keys(['dag_etl_date']) retrieved from /opt/airflow/dags/dag_etl_taskflow_date.py
[2023-05-02 15:07:04,315] {logging_mixin.py:115} INFO - [2023-05-02 15:07:04,313] {dag.py:2379} INFO - Sync 1 DAGs
[2023-05-02 15:07:04,463] {logging_mixin.py:115} INFO - [2023-05-02 15:07:04,462] {dag.py:2931} INFO - Setting next_dagrun for dag_etl_date to 2023-05-02T00:00:00+00:00, run_after=2023-05-03T00:00:00+00:00
[2023-05-02 15:07:04,588] {processor.py:161} INFO - Processing /opt/airflow/dags/dag_etl_taskflow_date.py took 4.001 seconds
[2023-05-02 15:07:34,797] {processor.py:153} INFO - Started process (PID=961) to work on /opt/airflow/dags/dag_etl_taskflow_date.py
[2023-05-02 15:07:34,798] {processor.py:641} INFO - Processing file /opt/airflow/dags/dag_etl_taskflow_date.py for tasks to queue
[2023-05-02 15:07:34,800] {logging_mixin.py:115} INFO - [2023-05-02 15:07:34,800] {dagbag.py:507} INFO - Filling up the DagBag from /opt/airflow/dags/dag_etl_taskflow_date.py
[2023-05-02 15:07:37,208] {processor.py:651} INFO - DAG(s) dict_keys(['dag_etl_date']) retrieved from /opt/airflow/dags/dag_etl_taskflow_date.py
[2023-05-02 15:07:37,845] {logging_mixin.py:115} INFO - [2023-05-02 15:07:37,844] {dag.py:2379} INFO - Sync 1 DAGs
[2023-05-02 15:07:38,089] {logging_mixin.py:115} INFO - [2023-05-02 15:07:38,088] {dag.py:2931} INFO - Setting next_dagrun for dag_etl_date to 2023-05-02T00:00:00+00:00, run_after=2023-05-03T00:00:00+00:00
[2023-05-02 15:07:38,343] {processor.py:161} INFO - Processing /opt/airflow/dags/dag_etl_taskflow_date.py took 3.556 seconds
[2023-05-02 15:08:08,687] {processor.py:153} INFO - Started process (PID=1015) to work on /opt/airflow/dags/dag_etl_taskflow_date.py
[2023-05-02 15:08:08,690] {processor.py:641} INFO - Processing file /opt/airflow/dags/dag_etl_taskflow_date.py for tasks to queue
[2023-05-02 15:08:08,701] {logging_mixin.py:115} INFO - [2023-05-02 15:08:08,701] {dagbag.py:507} INFO - Filling up the DagBag from /opt/airflow/dags/dag_etl_taskflow_date.py
[2023-05-02 15:08:13,379] {processor.py:651} INFO - DAG(s) dict_keys(['dag_etl_date']) retrieved from /opt/airflow/dags/dag_etl_taskflow_date.py
[2023-05-02 15:08:14,196] {logging_mixin.py:115} INFO - [2023-05-02 15:08:14,195] {dag.py:2379} INFO - Sync 1 DAGs
[2023-05-02 15:08:14,534] {logging_mixin.py:115} INFO - [2023-05-02 15:08:14,527] {dag.py:2931} INFO - Setting next_dagrun for dag_etl_date to 2023-05-02T00:00:00+00:00, run_after=2023-05-03T00:00:00+00:00
[2023-05-02 15:08:14,679] {processor.py:161} INFO - Processing /opt/airflow/dags/dag_etl_taskflow_date.py took 6.004 seconds
[2023-05-02 15:08:45,092] {processor.py:153} INFO - Started process (PID=1108) to work on /opt/airflow/dags/dag_etl_taskflow_date.py
[2023-05-02 15:08:45,096] {processor.py:641} INFO - Processing file /opt/airflow/dags/dag_etl_taskflow_date.py for tasks to queue
[2023-05-02 15:08:45,103] {logging_mixin.py:115} INFO - [2023-05-02 15:08:45,103] {dagbag.py:507} INFO - Filling up the DagBag from /opt/airflow/dags/dag_etl_taskflow_date.py
[2023-05-02 15:08:48,707] {processor.py:651} INFO - DAG(s) dict_keys(['dag_etl_date']) retrieved from /opt/airflow/dags/dag_etl_taskflow_date.py
[2023-05-02 15:08:49,663] {logging_mixin.py:115} INFO - [2023-05-02 15:08:49,661] {dag.py:2379} INFO - Sync 1 DAGs
[2023-05-02 15:08:49,920] {logging_mixin.py:115} INFO - [2023-05-02 15:08:49,919] {dag.py:2931} INFO - Setting next_dagrun for dag_etl_date to 2023-05-02T00:00:00+00:00, run_after=2023-05-03T00:00:00+00:00
[2023-05-02 15:08:50,060] {processor.py:161} INFO - Processing /opt/airflow/dags/dag_etl_taskflow_date.py took 4.982 seconds
[2023-05-02 15:09:20,349] {processor.py:153} INFO - Started process (PID=1153) to work on /opt/airflow/dags/dag_etl_taskflow_date.py
[2023-05-02 15:09:20,351] {processor.py:641} INFO - Processing file /opt/airflow/dags/dag_etl_taskflow_date.py for tasks to queue
[2023-05-02 15:09:20,353] {logging_mixin.py:115} INFO - [2023-05-02 15:09:20,353] {dagbag.py:507} INFO - Filling up the DagBag from /opt/airflow/dags/dag_etl_taskflow_date.py
[2023-05-02 15:09:22,680] {processor.py:651} INFO - DAG(s) dict_keys(['dag_etl_date']) retrieved from /opt/airflow/dags/dag_etl_taskflow_date.py
[2023-05-02 15:09:23,171] {logging_mixin.py:115} INFO - [2023-05-02 15:09:23,169] {dag.py:2379} INFO - Sync 1 DAGs
[2023-05-02 15:09:23,328] {logging_mixin.py:115} INFO - [2023-05-02 15:09:23,328] {dag.py:2931} INFO - Setting next_dagrun for dag_etl_date to 2023-05-02T00:00:00+00:00, run_after=2023-05-03T00:00:00+00:00
[2023-05-02 15:09:23,422] {processor.py:161} INFO - Processing /opt/airflow/dags/dag_etl_taskflow_date.py took 3.081 seconds
[2023-05-02 15:09:53,673] {processor.py:153} INFO - Started process (PID=1199) to work on /opt/airflow/dags/dag_etl_taskflow_date.py
[2023-05-02 15:09:53,675] {processor.py:641} INFO - Processing file /opt/airflow/dags/dag_etl_taskflow_date.py for tasks to queue
[2023-05-02 15:09:53,677] {logging_mixin.py:115} INFO - [2023-05-02 15:09:53,677] {dagbag.py:507} INFO - Filling up the DagBag from /opt/airflow/dags/dag_etl_taskflow_date.py
[2023-05-02 15:09:56,205] {processor.py:651} INFO - DAG(s) dict_keys(['dag_etl_date']) retrieved from /opt/airflow/dags/dag_etl_taskflow_date.py
[2023-05-02 15:09:57,032] {logging_mixin.py:115} INFO - [2023-05-02 15:09:57,031] {dag.py:2379} INFO - Sync 1 DAGs
[2023-05-02 15:09:57,532] {logging_mixin.py:115} INFO - [2023-05-02 15:09:57,531] {dag.py:2931} INFO - Setting next_dagrun for dag_etl_date to 2023-05-02T00:00:00+00:00, run_after=2023-05-03T00:00:00+00:00
[2023-05-02 15:09:57,710] {processor.py:161} INFO - Processing /opt/airflow/dags/dag_etl_taskflow_date.py took 4.047 seconds
[2023-05-02 15:10:28,130] {processor.py:153} INFO - Started process (PID=1245) to work on /opt/airflow/dags/dag_etl_taskflow_date.py
[2023-05-02 15:10:28,133] {processor.py:641} INFO - Processing file /opt/airflow/dags/dag_etl_taskflow_date.py for tasks to queue
[2023-05-02 15:10:28,135] {logging_mixin.py:115} INFO - [2023-05-02 15:10:28,135] {dagbag.py:507} INFO - Filling up the DagBag from /opt/airflow/dags/dag_etl_taskflow_date.py
[2023-05-02 15:10:30,280] {processor.py:651} INFO - DAG(s) dict_keys(['dag_etl_date']) retrieved from /opt/airflow/dags/dag_etl_taskflow_date.py
[2023-05-02 15:10:31,192] {logging_mixin.py:115} INFO - [2023-05-02 15:10:31,191] {dag.py:2379} INFO - Sync 1 DAGs
[2023-05-02 15:10:31,324] {logging_mixin.py:115} INFO - [2023-05-02 15:10:31,323] {dag.py:2931} INFO - Setting next_dagrun for dag_etl_date to 2023-05-02T00:00:00+00:00, run_after=2023-05-03T00:00:00+00:00
[2023-05-02 15:10:31,401] {processor.py:161} INFO - Processing /opt/airflow/dags/dag_etl_taskflow_date.py took 3.280 seconds
[2023-05-02 15:10:53,606] {processor.py:153} INFO - Started process (PID=1284) to work on /opt/airflow/dags/dag_etl_taskflow_date.py
[2023-05-02 15:10:53,608] {processor.py:641} INFO - Processing file /opt/airflow/dags/dag_etl_taskflow_date.py for tasks to queue
[2023-05-02 15:10:53,611] {logging_mixin.py:115} INFO - [2023-05-02 15:10:53,610] {dagbag.py:507} INFO - Filling up the DagBag from /opt/airflow/dags/dag_etl_taskflow_date.py
[2023-05-02 15:10:55,850] {processor.py:651} INFO - DAG(s) dict_keys(['dag_etl_date']) retrieved from /opt/airflow/dags/dag_etl_taskflow_date.py
[2023-05-02 15:10:55,951] {logging_mixin.py:115} INFO - [2023-05-02 15:10:55,950] {dag.py:2379} INFO - Sync 1 DAGs
[2023-05-02 15:10:56,079] {logging_mixin.py:115} INFO - [2023-05-02 15:10:56,079] {dag.py:2931} INFO - Setting next_dagrun for dag_etl_date to 2023-05-02T00:00:00+00:00, run_after=2023-05-03T00:00:00+00:00
[2023-05-02 15:10:56,147] {processor.py:161} INFO - Processing /opt/airflow/dags/dag_etl_taskflow_date.py took 2.548 seconds
[2023-05-02 15:11:26,811] {processor.py:153} INFO - Started process (PID=1322) to work on /opt/airflow/dags/dag_etl_taskflow_date.py
[2023-05-02 15:11:26,817] {processor.py:641} INFO - Processing file /opt/airflow/dags/dag_etl_taskflow_date.py for tasks to queue
[2023-05-02 15:11:26,820] {logging_mixin.py:115} INFO - [2023-05-02 15:11:26,819] {dagbag.py:507} INFO - Filling up the DagBag from /opt/airflow/dags/dag_etl_taskflow_date.py
[2023-05-02 15:11:30,137] {processor.py:651} INFO - DAG(s) dict_keys(['dag_etl_date']) retrieved from /opt/airflow/dags/dag_etl_taskflow_date.py
[2023-05-02 15:11:30,797] {logging_mixin.py:115} INFO - [2023-05-02 15:11:30,796] {dag.py:2379} INFO - Sync 1 DAGs
[2023-05-02 15:11:30,925] {logging_mixin.py:115} INFO - [2023-05-02 15:11:30,924] {dag.py:2931} INFO - Setting next_dagrun for dag_etl_date to 2023-05-02T00:00:00+00:00, run_after=2023-05-03T00:00:00+00:00
[2023-05-02 15:11:31,001] {processor.py:161} INFO - Processing /opt/airflow/dags/dag_etl_taskflow_date.py took 4.198 seconds
[2023-05-02 15:12:01,544] {processor.py:153} INFO - Started process (PID=1421) to work on /opt/airflow/dags/dag_etl_taskflow_date.py
[2023-05-02 15:12:01,619] {processor.py:641} INFO - Processing file /opt/airflow/dags/dag_etl_taskflow_date.py for tasks to queue
[2023-05-02 15:12:01,632] {logging_mixin.py:115} INFO - [2023-05-02 15:12:01,626] {dagbag.py:507} INFO - Filling up the DagBag from /opt/airflow/dags/dag_etl_taskflow_date.py
[2023-05-02 15:12:07,914] {processor.py:651} INFO - DAG(s) dict_keys(['dag_etl_date']) retrieved from /opt/airflow/dags/dag_etl_taskflow_date.py
[2023-05-02 15:12:08,756] {logging_mixin.py:115} INFO - [2023-05-02 15:12:08,754] {dag.py:2379} INFO - Sync 1 DAGs
[2023-05-02 15:12:08,890] {logging_mixin.py:115} INFO - [2023-05-02 15:12:08,890] {dag.py:2931} INFO - Setting next_dagrun for dag_etl_date to 2023-05-02T00:00:00+00:00, run_after=2023-05-03T00:00:00+00:00
[2023-05-02 15:12:08,998] {processor.py:161} INFO - Processing /opt/airflow/dags/dag_etl_taskflow_date.py took 7.500 seconds
[2023-05-02 15:12:39,278] {processor.py:153} INFO - Started process (PID=1494) to work on /opt/airflow/dags/dag_etl_taskflow_date.py
[2023-05-02 15:12:39,280] {processor.py:641} INFO - Processing file /opt/airflow/dags/dag_etl_taskflow_date.py for tasks to queue
[2023-05-02 15:12:39,282] {logging_mixin.py:115} INFO - [2023-05-02 15:12:39,282] {dagbag.py:507} INFO - Filling up the DagBag from /opt/airflow/dags/dag_etl_taskflow_date.py
[2023-05-02 15:12:41,379] {processor.py:651} INFO - DAG(s) dict_keys(['dag_etl_date']) retrieved from /opt/airflow/dags/dag_etl_taskflow_date.py
[2023-05-02 15:12:41,871] {logging_mixin.py:115} INFO - [2023-05-02 15:12:41,870] {dag.py:2379} INFO - Sync 1 DAGs
[2023-05-02 15:12:42,005] {logging_mixin.py:115} INFO - [2023-05-02 15:12:42,004] {dag.py:2931} INFO - Setting next_dagrun for dag_etl_date to 2023-05-02T00:00:00+00:00, run_after=2023-05-03T00:00:00+00:00
[2023-05-02 15:12:42,089] {processor.py:161} INFO - Processing /opt/airflow/dags/dag_etl_taskflow_date.py took 2.820 seconds
[2023-05-02 15:13:12,300] {processor.py:153} INFO - Started process (PID=1539) to work on /opt/airflow/dags/dag_etl_taskflow_date.py
[2023-05-02 15:13:12,303] {processor.py:641} INFO - Processing file /opt/airflow/dags/dag_etl_taskflow_date.py for tasks to queue
[2023-05-02 15:13:12,307] {logging_mixin.py:115} INFO - [2023-05-02 15:13:12,306] {dagbag.py:507} INFO - Filling up the DagBag from /opt/airflow/dags/dag_etl_taskflow_date.py
[2023-05-02 15:13:14,522] {processor.py:651} INFO - DAG(s) dict_keys(['dag_etl_date']) retrieved from /opt/airflow/dags/dag_etl_taskflow_date.py
[2023-05-02 15:13:14,981] {logging_mixin.py:115} INFO - [2023-05-02 15:13:14,980] {dag.py:2379} INFO - Sync 1 DAGs
[2023-05-02 15:13:15,099] {logging_mixin.py:115} INFO - [2023-05-02 15:13:15,098] {dag.py:2931} INFO - Setting next_dagrun for dag_etl_date to 2023-05-02T00:00:00+00:00, run_after=2023-05-03T00:00:00+00:00
[2023-05-02 15:13:15,164] {processor.py:161} INFO - Processing /opt/airflow/dags/dag_etl_taskflow_date.py took 2.874 seconds
[2023-05-02 15:13:44,400] {processor.py:153} INFO - Started process (PID=1586) to work on /opt/airflow/dags/dag_etl_taskflow_date.py
[2023-05-02 15:13:44,402] {processor.py:641} INFO - Processing file /opt/airflow/dags/dag_etl_taskflow_date.py for tasks to queue
[2023-05-02 15:13:44,404] {logging_mixin.py:115} INFO - [2023-05-02 15:13:44,404] {dagbag.py:507} INFO - Filling up the DagBag from /opt/airflow/dags/dag_etl_taskflow_date.py
[2023-05-02 15:13:46,591] {processor.py:651} INFO - DAG(s) dict_keys(['dag_etl_date']) retrieved from /opt/airflow/dags/dag_etl_taskflow_date.py
[2023-05-02 15:13:47,137] {logging_mixin.py:115} INFO - [2023-05-02 15:13:47,136] {dag.py:2379} INFO - Sync 1 DAGs
[2023-05-02 15:13:47,262] {logging_mixin.py:115} INFO - [2023-05-02 15:13:47,261] {dag.py:2931} INFO - Setting next_dagrun for dag_etl_date to 2023-05-02T00:00:00+00:00, run_after=2023-05-03T00:00:00+00:00
[2023-05-02 15:13:47,356] {processor.py:161} INFO - Processing /opt/airflow/dags/dag_etl_taskflow_date.py took 2.965 seconds
[2023-05-02 15:14:17,565] {processor.py:153} INFO - Started process (PID=1674) to work on /opt/airflow/dags/dag_etl_taskflow_date.py
[2023-05-02 15:14:17,571] {processor.py:641} INFO - Processing file /opt/airflow/dags/dag_etl_taskflow_date.py for tasks to queue
[2023-05-02 15:14:17,577] {logging_mixin.py:115} INFO - [2023-05-02 15:14:17,577] {dagbag.py:507} INFO - Filling up the DagBag from /opt/airflow/dags/dag_etl_taskflow_date.py
[2023-05-02 15:14:26,799] {processor.py:651} INFO - DAG(s) dict_keys(['dag_etl_date']) retrieved from /opt/airflow/dags/dag_etl_taskflow_date.py
[2023-05-02 15:14:29,978] {logging_mixin.py:115} INFO - [2023-05-02 15:14:29,975] {dag.py:2379} INFO - Sync 1 DAGs
[2023-05-02 15:14:30,402] {logging_mixin.py:115} INFO - [2023-05-02 15:14:30,401] {dag.py:2931} INFO - Setting next_dagrun for dag_etl_date to 2023-05-02T00:00:00+00:00, run_after=2023-05-03T00:00:00+00:00
[2023-05-02 15:14:30,760] {processor.py:161} INFO - Processing /opt/airflow/dags/dag_etl_taskflow_date.py took 13.234 seconds
[2023-05-02 15:15:01,822] {processor.py:153} INFO - Started process (PID=1762) to work on /opt/airflow/dags/dag_etl_taskflow_date.py
[2023-05-02 15:15:01,825] {processor.py:641} INFO - Processing file /opt/airflow/dags/dag_etl_taskflow_date.py for tasks to queue
[2023-05-02 15:15:01,827] {logging_mixin.py:115} INFO - [2023-05-02 15:15:01,826] {dagbag.py:507} INFO - Filling up the DagBag from /opt/airflow/dags/dag_etl_taskflow_date.py
[2023-05-02 15:15:03,976] {processor.py:651} INFO - DAG(s) dict_keys(['dag_etl_date']) retrieved from /opt/airflow/dags/dag_etl_taskflow_date.py
[2023-05-02 15:15:04,486] {logging_mixin.py:115} INFO - [2023-05-02 15:15:04,484] {dag.py:2379} INFO - Sync 1 DAGs
[2023-05-02 15:15:04,663] {logging_mixin.py:115} INFO - [2023-05-02 15:15:04,662] {dag.py:2931} INFO - Setting next_dagrun for dag_etl_date to 2023-05-02T00:00:00+00:00, run_after=2023-05-03T00:00:00+00:00
[2023-05-02 15:15:04,749] {processor.py:161} INFO - Processing /opt/airflow/dags/dag_etl_taskflow_date.py took 2.935 seconds
[2023-05-02 15:29:49,193] {processor.py:153} INFO - Started process (PID=262) to work on /opt/airflow/dags/dag_etl_taskflow_date.py
[2023-05-02 15:29:49,195] {processor.py:641} INFO - Processing file /opt/airflow/dags/dag_etl_taskflow_date.py for tasks to queue
[2023-05-02 15:29:49,198] {logging_mixin.py:115} INFO - [2023-05-02 15:29:49,197] {dagbag.py:507} INFO - Filling up the DagBag from /opt/airflow/dags/dag_etl_taskflow_date.py
[2023-05-02 15:29:53,594] {processor.py:651} INFO - DAG(s) dict_keys(['dag_etl_date']) retrieved from /opt/airflow/dags/dag_etl_taskflow_date.py
[2023-05-02 15:29:54,731] {logging_mixin.py:115} INFO - [2023-05-02 15:29:54,729] {dag.py:2379} INFO - Sync 1 DAGs
[2023-05-02 15:29:55,020] {logging_mixin.py:115} INFO - [2023-05-02 15:29:55,019] {dag.py:2931} INFO - Setting next_dagrun for dag_etl_date to 2023-05-02T00:00:00+00:00, run_after=2023-05-03T00:00:00+00:00
[2023-05-02 15:29:55,192] {processor.py:161} INFO - Processing /opt/airflow/dags/dag_etl_taskflow_date.py took 6.012 seconds
[2023-05-02 15:30:25,505] {processor.py:153} INFO - Started process (PID=314) to work on /opt/airflow/dags/dag_etl_taskflow_date.py
[2023-05-02 15:30:25,512] {processor.py:641} INFO - Processing file /opt/airflow/dags/dag_etl_taskflow_date.py for tasks to queue
[2023-05-02 15:30:25,523] {logging_mixin.py:115} INFO - [2023-05-02 15:30:25,522] {dagbag.py:507} INFO - Filling up the DagBag from /opt/airflow/dags/dag_etl_taskflow_date.py
[2023-05-02 15:30:29,407] {processor.py:651} INFO - DAG(s) dict_keys(['dag_etl_date']) retrieved from /opt/airflow/dags/dag_etl_taskflow_date.py
[2023-05-02 15:30:30,364] {logging_mixin.py:115} INFO - [2023-05-02 15:30:30,362] {dag.py:2379} INFO - Sync 1 DAGs
[2023-05-02 15:30:30,683] {logging_mixin.py:115} INFO - [2023-05-02 15:30:30,682] {dag.py:2931} INFO - Setting next_dagrun for dag_etl_date to 2023-05-02T00:00:00+00:00, run_after=2023-05-03T00:00:00+00:00
[2023-05-02 15:30:30,814] {processor.py:161} INFO - Processing /opt/airflow/dags/dag_etl_taskflow_date.py took 5.324 seconds
[2023-05-02 15:31:01,020] {processor.py:153} INFO - Started process (PID=381) to work on /opt/airflow/dags/dag_etl_taskflow_date.py
[2023-05-02 15:31:01,023] {processor.py:641} INFO - Processing file /opt/airflow/dags/dag_etl_taskflow_date.py for tasks to queue
[2023-05-02 15:31:01,026] {logging_mixin.py:115} INFO - [2023-05-02 15:31:01,026] {dagbag.py:507} INFO - Filling up the DagBag from /opt/airflow/dags/dag_etl_taskflow_date.py
[2023-05-02 15:31:03,373] {processor.py:651} INFO - DAG(s) dict_keys(['dag_etl_date']) retrieved from /opt/airflow/dags/dag_etl_taskflow_date.py
[2023-05-02 15:31:04,226] {logging_mixin.py:115} INFO - [2023-05-02 15:31:04,225] {dag.py:2379} INFO - Sync 1 DAGs
[2023-05-02 15:31:04,385] {logging_mixin.py:115} INFO - [2023-05-02 15:31:04,384] {dag.py:2931} INFO - Setting next_dagrun for dag_etl_date to 2023-05-02T00:00:00+00:00, run_after=2023-05-03T00:00:00+00:00
[2023-05-02 15:31:04,501] {processor.py:161} INFO - Processing /opt/airflow/dags/dag_etl_taskflow_date.py took 3.489 seconds
[2023-05-02 15:31:35,302] {processor.py:153} INFO - Started process (PID=461) to work on /opt/airflow/dags/dag_etl_taskflow_date.py
[2023-05-02 15:31:35,307] {processor.py:641} INFO - Processing file /opt/airflow/dags/dag_etl_taskflow_date.py for tasks to queue
[2023-05-02 15:31:35,312] {logging_mixin.py:115} INFO - [2023-05-02 15:31:35,311] {dagbag.py:507} INFO - Filling up the DagBag from /opt/airflow/dags/dag_etl_taskflow_date.py
[2023-05-02 15:31:38,798] {processor.py:651} INFO - DAG(s) dict_keys(['dag_etl_date']) retrieved from /opt/airflow/dags/dag_etl_taskflow_date.py
[2023-05-02 15:31:39,428] {logging_mixin.py:115} INFO - [2023-05-02 15:31:39,426] {dag.py:2379} INFO - Sync 1 DAGs
[2023-05-02 15:31:39,723] {logging_mixin.py:115} INFO - [2023-05-02 15:31:39,710] {dag.py:2931} INFO - Setting next_dagrun for dag_etl_date to 2023-05-02T00:00:00+00:00, run_after=2023-05-03T00:00:00+00:00
[2023-05-02 15:31:39,811] {processor.py:161} INFO - Processing /opt/airflow/dags/dag_etl_taskflow_date.py took 4.549 seconds
[2023-05-02 15:32:10,445] {processor.py:153} INFO - Started process (PID=520) to work on /opt/airflow/dags/dag_etl_taskflow_date.py
[2023-05-02 15:32:10,450] {processor.py:641} INFO - Processing file /opt/airflow/dags/dag_etl_taskflow_date.py for tasks to queue
[2023-05-02 15:32:10,453] {logging_mixin.py:115} INFO - [2023-05-02 15:32:10,452] {dagbag.py:507} INFO - Filling up the DagBag from /opt/airflow/dags/dag_etl_taskflow_date.py
[2023-05-02 15:32:13,248] {processor.py:651} INFO - DAG(s) dict_keys(['dag_etl_date']) retrieved from /opt/airflow/dags/dag_etl_taskflow_date.py
[2023-05-02 15:32:14,229] {logging_mixin.py:115} INFO - [2023-05-02 15:32:14,227] {dag.py:2379} INFO - Sync 1 DAGs
[2023-05-02 15:32:14,426] {logging_mixin.py:115} INFO - [2023-05-02 15:32:14,425] {dag.py:2931} INFO - Setting next_dagrun for dag_etl_date to 2023-05-02T00:00:00+00:00, run_after=2023-05-03T00:00:00+00:00
[2023-05-02 15:32:14,515] {processor.py:161} INFO - Processing /opt/airflow/dags/dag_etl_taskflow_date.py took 4.084 seconds
[2023-05-02 15:32:44,921] {processor.py:153} INFO - Started process (PID=626) to work on /opt/airflow/dags/dag_etl_taskflow_date.py
[2023-05-02 15:32:44,934] {processor.py:641} INFO - Processing file /opt/airflow/dags/dag_etl_taskflow_date.py for tasks to queue
[2023-05-02 15:32:44,947] {logging_mixin.py:115} INFO - [2023-05-02 15:32:44,946] {dagbag.py:507} INFO - Filling up the DagBag from /opt/airflow/dags/dag_etl_taskflow_date.py
[2023-05-02 15:32:54,556] {processor.py:651} INFO - DAG(s) dict_keys(['dag_etl_date']) retrieved from /opt/airflow/dags/dag_etl_taskflow_date.py
[2023-05-02 15:32:55,642] {logging_mixin.py:115} INFO - [2023-05-02 15:32:55,636] {dag.py:2379} INFO - Sync 1 DAGs
[2023-05-02 15:32:55,877] {logging_mixin.py:115} INFO - [2023-05-02 15:32:55,866] {dag.py:2931} INFO - Setting next_dagrun for dag_etl_date to 2023-05-02T00:00:00+00:00, run_after=2023-05-03T00:00:00+00:00
[2023-05-02 15:32:55,997] {processor.py:161} INFO - Processing /opt/airflow/dags/dag_etl_taskflow_date.py took 11.104 seconds
[2023-05-02 15:33:26,315] {processor.py:153} INFO - Started process (PID=697) to work on /opt/airflow/dags/dag_etl_taskflow_date.py
[2023-05-02 15:33:26,317] {processor.py:641} INFO - Processing file /opt/airflow/dags/dag_etl_taskflow_date.py for tasks to queue
[2023-05-02 15:33:26,321] {logging_mixin.py:115} INFO - [2023-05-02 15:33:26,320] {dagbag.py:507} INFO - Filling up the DagBag from /opt/airflow/dags/dag_etl_taskflow_date.py
[2023-05-02 15:33:28,879] {processor.py:651} INFO - DAG(s) dict_keys(['dag_etl_date']) retrieved from /opt/airflow/dags/dag_etl_taskflow_date.py
[2023-05-02 15:33:29,383] {logging_mixin.py:115} INFO - [2023-05-02 15:33:29,382] {dag.py:2379} INFO - Sync 1 DAGs
[2023-05-02 15:33:29,517] {logging_mixin.py:115} INFO - [2023-05-02 15:33:29,508] {dag.py:2931} INFO - Setting next_dagrun for dag_etl_date to 2023-05-02T00:00:00+00:00, run_after=2023-05-03T00:00:00+00:00
[2023-05-02 15:33:29,609] {processor.py:161} INFO - Processing /opt/airflow/dags/dag_etl_taskflow_date.py took 3.304 seconds
[2023-05-02 15:33:59,847] {processor.py:153} INFO - Started process (PID=743) to work on /opt/airflow/dags/dag_etl_taskflow_date.py
[2023-05-02 15:33:59,850] {processor.py:641} INFO - Processing file /opt/airflow/dags/dag_etl_taskflow_date.py for tasks to queue
[2023-05-02 15:33:59,852] {logging_mixin.py:115} INFO - [2023-05-02 15:33:59,851] {dagbag.py:507} INFO - Filling up the DagBag from /opt/airflow/dags/dag_etl_taskflow_date.py
[2023-05-02 15:34:01,971] {processor.py:651} INFO - DAG(s) dict_keys(['dag_etl_date']) retrieved from /opt/airflow/dags/dag_etl_taskflow_date.py
[2023-05-02 15:34:02,511] {logging_mixin.py:115} INFO - [2023-05-02 15:34:02,509] {dag.py:2379} INFO - Sync 1 DAGs
[2023-05-02 15:34:02,631] {logging_mixin.py:115} INFO - [2023-05-02 15:34:02,631] {dag.py:2931} INFO - Setting next_dagrun for dag_etl_date to 2023-05-02T00:00:00+00:00, run_after=2023-05-03T00:00:00+00:00
[2023-05-02 15:34:02,697] {processor.py:161} INFO - Processing /opt/airflow/dags/dag_etl_taskflow_date.py took 2.857 seconds
[2023-05-02 15:34:33,134] {processor.py:153} INFO - Started process (PID=789) to work on /opt/airflow/dags/dag_etl_taskflow_date.py
[2023-05-02 15:34:33,137] {processor.py:641} INFO - Processing file /opt/airflow/dags/dag_etl_taskflow_date.py for tasks to queue
[2023-05-02 15:34:33,139] {logging_mixin.py:115} INFO - [2023-05-02 15:34:33,139] {dagbag.py:507} INFO - Filling up the DagBag from /opt/airflow/dags/dag_etl_taskflow_date.py
[2023-05-02 15:34:35,270] {processor.py:651} INFO - DAG(s) dict_keys(['dag_etl_date']) retrieved from /opt/airflow/dags/dag_etl_taskflow_date.py
[2023-05-02 15:34:35,777] {logging_mixin.py:115} INFO - [2023-05-02 15:34:35,776] {dag.py:2379} INFO - Sync 1 DAGs
[2023-05-02 15:34:35,911] {logging_mixin.py:115} INFO - [2023-05-02 15:34:35,910] {dag.py:2931} INFO - Setting next_dagrun for dag_etl_date to 2023-05-02T00:00:00+00:00, run_after=2023-05-03T00:00:00+00:00
[2023-05-02 15:34:35,990] {processor.py:161} INFO - Processing /opt/airflow/dags/dag_etl_taskflow_date.py took 2.865 seconds
[2023-05-02 15:35:06,377] {processor.py:153} INFO - Started process (PID=846) to work on /opt/airflow/dags/dag_etl_taskflow_date.py
[2023-05-02 15:35:06,382] {processor.py:641} INFO - Processing file /opt/airflow/dags/dag_etl_taskflow_date.py for tasks to queue
[2023-05-02 15:35:06,385] {logging_mixin.py:115} INFO - [2023-05-02 15:35:06,384] {dagbag.py:507} INFO - Filling up the DagBag from /opt/airflow/dags/dag_etl_taskflow_date.py
[2023-05-02 15:35:10,124] {processor.py:651} INFO - DAG(s) dict_keys(['dag_etl_date']) retrieved from /opt/airflow/dags/dag_etl_taskflow_date.py
[2023-05-02 15:35:10,798] {logging_mixin.py:115} INFO - [2023-05-02 15:35:10,796] {dag.py:2379} INFO - Sync 1 DAGs
[2023-05-02 15:35:10,954] {logging_mixin.py:115} INFO - [2023-05-02 15:35:10,953] {dag.py:2931} INFO - Setting next_dagrun for dag_etl_date to 2023-05-02T00:00:00+00:00, run_after=2023-05-03T00:00:00+00:00
[2023-05-02 15:35:11,112] {processor.py:161} INFO - Processing /opt/airflow/dags/dag_etl_taskflow_date.py took 4.780 seconds
[2023-05-02 15:35:41,419] {processor.py:153} INFO - Started process (PID=945) to work on /opt/airflow/dags/dag_etl_taskflow_date.py
[2023-05-02 15:35:41,423] {processor.py:641} INFO - Processing file /opt/airflow/dags/dag_etl_taskflow_date.py for tasks to queue
[2023-05-02 15:35:41,425] {logging_mixin.py:115} INFO - [2023-05-02 15:35:41,425] {dagbag.py:507} INFO - Filling up the DagBag from /opt/airflow/dags/dag_etl_taskflow_date.py
[2023-05-02 15:35:46,129] {processor.py:651} INFO - DAG(s) dict_keys(['dag_etl_date']) retrieved from /opt/airflow/dags/dag_etl_taskflow_date.py
[2023-05-02 15:35:46,787] {logging_mixin.py:115} INFO - [2023-05-02 15:35:46,786] {dag.py:2379} INFO - Sync 1 DAGs
[2023-05-02 15:35:47,049] {logging_mixin.py:115} INFO - [2023-05-02 15:35:47,048] {dag.py:2931} INFO - Setting next_dagrun for dag_etl_date to 2023-05-02T00:00:00+00:00, run_after=2023-05-03T00:00:00+00:00
[2023-05-02 15:35:47,281] {processor.py:161} INFO - Processing /opt/airflow/dags/dag_etl_taskflow_date.py took 5.870 seconds
